
   Program  MARK  - Survival Rate Estimation with Capture-Recapture Data
   gfortran(Win64) Vers. 8.0 Jun 2014   31-Jan-2015 13:37:53    Page  001
 - - - - - - - - - - - - - - - - - - - - - - - - - - - - - - - - - - - - - -
 
   This version was compiled by GCC version 4.8.1 using the options 
   -m64 -mtune=generic -march=x86-64 -mthreads -O2 -fimplicit-none -fbounds-check -funroll-loops -ftree-vectorize -fopenmp.
   This problem will use 7 of 8 possible threads.


  INPUT --- proc title ;

     CPU Time in seconds for last procedure was 0.00


  INPUT --- proc chmatrix occasions= 7 groups= 6 etype= Both ICMeans 
  INPUT --- NoHist hist= 51 ;

  INPUT ---    time  interval 1 1 1 1 1 1 1 ;

  INPUT ---    glabel(1)=sex4.age1;

  INPUT ---    glabel(2)=sex5.age1;

  INPUT ---    glabel(3)=sex4.age2;

  INPUT ---    glabel(4)=sex5.age2;

  INPUT ---    glabel(5)=sex4.age4;

  INPUT ---    glabel(6)=sex5.age4;

   * *  WARNING  * *   At least a pair of the encounter histories are duplicates. 

      Number of unique encounter histories read was 17.

      Number of individual covariates read was 0.
      Time interval lengths are all equal to 1.

      Data type number is 3
      Data type is Joint Live and Dead Encounters (Burnham)                                                            

     CPU Time in seconds for last procedure was 0.02

  Program  MARK  - Survival Rate Estimation with Capture-Recapture Data
   gfortran(Win64) Vers. 8.0 Jun 2014   31-Jan-2015 13:37:53    Page  002
 - - - - - - - - - - - - - - - - - - - - - - - - - - - - - - - - - - - - - -
 


  INPUT --- proc estimate link=Logit NOLOOP varest=2ndPart    ;


  INPUT --- model={ S(~time)p(~sex)r(~1)F(~age) };

  INPUT ---    group=1 S    rows=7 cols=7 Triang ;
  INPUT ---        1 2 3 4 5 6 7 ;
  INPUT ---        2 3 4 5 6 7 ;
  INPUT ---        3 4 5 6 7 ;
  INPUT ---        4 5 6 7 ;
  INPUT ---        5 6 7 ;
  INPUT ---        6 7 ;
  INPUT ---        7 ;

  INPUT ---    group=2 S    rows=7 cols=7 Triang ;
  INPUT ---        1 2 3 4 5 6 7 ;
  INPUT ---        2 3 4 5 6 7 ;
  INPUT ---        3 4 5 6 7 ;
  INPUT ---        4 5 6 7 ;
  INPUT ---        5 6 7 ;
  INPUT ---        6 7 ;
  INPUT ---        7 ;

  INPUT ---    group=3 S    rows=7 cols=7 Triang ;
  INPUT ---        1 2 3 4 5 6 7 ;
  INPUT ---        2 3 4 5 6 7 ;
  INPUT ---        3 4 5 6 7 ;
  INPUT ---        4 5 6 7 ;
  INPUT ---        5 6 7 ;
  INPUT ---        6 7 ;
  INPUT ---        7 ;

  INPUT ---    group=4 S    rows=7 cols=7 Triang ;
  INPUT ---        1 2 3 4 5 6 7 ;
  INPUT ---        2 3 4 5 6 7 ;
  INPUT ---        3 4 5 6 7 ;
  INPUT ---        4 5 6 7 ;
  INPUT ---        5 6 7 ;
  INPUT ---        6 7 ;
  INPUT ---        7 ;

  INPUT ---    group=5 S    rows=7 cols=7 Triang ;
  INPUT ---        1 2 3 4 5 6 7 ;
  INPUT ---        2 3 4 5 6 7 ;

  Program  MARK  - Survival Rate Estimation with Capture-Recapture Data
   gfortran(Win64) Vers. 8.0 Jun 2014   31-Jan-2015 13:37:53    Page  003
 - - - - - - - - - - - - - - - - - - - - - - - - - - - - - - - - - - - - - -
 
  INPUT ---        3 4 5 6 7 ;
  INPUT ---        4 5 6 7 ;
  INPUT ---        5 6 7 ;
  INPUT ---        6 7 ;
  INPUT ---        7 ;

  INPUT ---    group=6 S    rows=7 cols=7 Triang ;
  INPUT ---        1 2 3 4 5 6 7 ;
  INPUT ---        2 3 4 5 6 7 ;
  INPUT ---        3 4 5 6 7 ;
  INPUT ---        4 5 6 7 ;
  INPUT ---        5 6 7 ;
  INPUT ---        6 7 ;
  INPUT ---        7 ;

  INPUT ---    group=1 p    rows=6 cols=6 Triang ;
  INPUT ---        8 8 8 8 8 8 ;
  INPUT ---        8 8 8 8 8 ;
  INPUT ---        8 8 8 8 ;
  INPUT ---        8 8 8 ;
  INPUT ---        8 8 ;
  INPUT ---        8 ;

  INPUT ---    group=2 p    rows=6 cols=6 Triang ;
  INPUT ---        9 9 9 9 9 9 ;
  INPUT ---        9 9 9 9 9 ;
  INPUT ---        9 9 9 9 ;
  INPUT ---        9 9 9 ;
  INPUT ---        9 9 ;
  INPUT ---        9 ;

  INPUT ---    group=3 p    rows=6 cols=6 Triang ;
  INPUT ---        8 8 8 8 8 8 ;
  INPUT ---        8 8 8 8 8 ;
  INPUT ---        8 8 8 8 ;
  INPUT ---        8 8 8 ;
  INPUT ---        8 8 ;
  INPUT ---        8 ;

  INPUT ---    group=4 p    rows=6 cols=6 Triang ;
  INPUT ---        9 9 9 9 9 9 ;
  INPUT ---        9 9 9 9 9 ;
  INPUT ---        9 9 9 9 ;
  INPUT ---        9 9 9 ;
  INPUT ---        9 9 ;
  INPUT ---        9 ;

  Program  MARK  - Survival Rate Estimation with Capture-Recapture Data
   gfortran(Win64) Vers. 8.0 Jun 2014   31-Jan-2015 13:37:53    Page  004
 - - - - - - - - - - - - - - - - - - - - - - - - - - - - - - - - - - - - - -
 

  INPUT ---    group=5 p    rows=6 cols=6 Triang ;
  INPUT ---        8 8 8 8 8 8 ;
  INPUT ---        8 8 8 8 8 ;
  INPUT ---        8 8 8 8 ;
  INPUT ---        8 8 8 ;
  INPUT ---        8 8 ;
  INPUT ---        8 ;

  INPUT ---    group=6 p    rows=6 cols=6 Triang ;
  INPUT ---        9 9 9 9 9 9 ;
  INPUT ---        9 9 9 9 9 ;
  INPUT ---        9 9 9 9 ;
  INPUT ---        9 9 9 ;
  INPUT ---        9 9 ;
  INPUT ---        9 ;

  INPUT ---    group=1 r    rows=7 cols=7 Triang ;
  INPUT ---        10 10 10 10 10 10 10 ;
  INPUT ---        10 10 10 10 10 10 ;
  INPUT ---        10 10 10 10 10 ;
  INPUT ---        10 10 10 10 ;
  INPUT ---        10 10 10 ;
  INPUT ---        10 10 ;
  INPUT ---        10 ;

  INPUT ---    group=2 r    rows=7 cols=7 Triang ;
  INPUT ---        10 10 10 10 10 10 10 ;
  INPUT ---        10 10 10 10 10 10 ;
  INPUT ---        10 10 10 10 10 ;
  INPUT ---        10 10 10 10 ;
  INPUT ---        10 10 10 ;
  INPUT ---        10 10 ;
  INPUT ---        10 ;

  INPUT ---    group=3 r    rows=7 cols=7 Triang ;
  INPUT ---        10 10 10 10 10 10 10 ;
  INPUT ---        10 10 10 10 10 10 ;
  INPUT ---        10 10 10 10 10 ;
  INPUT ---        10 10 10 10 ;
  INPUT ---        10 10 10 ;
  INPUT ---        10 10 ;
  INPUT ---        10 ;

  INPUT ---    group=4 r    rows=7 cols=7 Triang ;
  INPUT ---        10 10 10 10 10 10 10 ;

  Program  MARK  - Survival Rate Estimation with Capture-Recapture Data
   gfortran(Win64) Vers. 8.0 Jun 2014   31-Jan-2015 13:37:53    Page  005
 - - - - - - - - - - - - - - - - - - - - - - - - - - - - - - - - - - - - - -
 
  INPUT ---        10 10 10 10 10 10 ;
  INPUT ---        10 10 10 10 10 ;
  INPUT ---        10 10 10 10 ;
  INPUT ---        10 10 10 ;
  INPUT ---        10 10 ;
  INPUT ---        10 ;

  INPUT ---    group=5 r    rows=7 cols=7 Triang ;
  INPUT ---        10 10 10 10 10 10 10 ;
  INPUT ---        10 10 10 10 10 10 ;
  INPUT ---        10 10 10 10 10 ;
  INPUT ---        10 10 10 10 ;
  INPUT ---        10 10 10 ;
  INPUT ---        10 10 ;
  INPUT ---        10 ;

  INPUT ---    group=6 r    rows=7 cols=7 Triang ;
  INPUT ---        10 10 10 10 10 10 10 ;
  INPUT ---        10 10 10 10 10 10 ;
  INPUT ---        10 10 10 10 10 ;
  INPUT ---        10 10 10 10 ;
  INPUT ---        10 10 10 ;
  INPUT ---        10 10 ;
  INPUT ---        10 ;

  INPUT ---    group=1 F    rows=6 cols=6 Triang ;
  INPUT ---        11 12 13 14 15 16 ;
  INPUT ---        11 12 13 14 15 ;
  INPUT ---        11 12 13 14 ;
  INPUT ---        11 12 13 ;
  INPUT ---        11 12 ;
  INPUT ---        11 ;

  INPUT ---    group=2 F    rows=6 cols=6 Triang ;
  INPUT ---        11 12 13 14 15 16 ;
  INPUT ---        11 12 13 14 15 ;
  INPUT ---        11 12 13 14 ;
  INPUT ---        11 12 13 ;
  INPUT ---        11 12 ;
  INPUT ---        11 ;

  INPUT ---    group=3 F    rows=6 cols=6 Triang ;
  INPUT ---        11 12 13 14 15 16 ;
  INPUT ---        11 12 13 14 15 ;
  INPUT ---        11 12 13 14 ;
  INPUT ---        11 12 13 ;

  Program  MARK  - Survival Rate Estimation with Capture-Recapture Data
   gfortran(Win64) Vers. 8.0 Jun 2014   31-Jan-2015 13:37:53    Page  006
 - - - - - - - - - - - - - - - - - - - - - - - - - - - - - - - - - - - - - -
 
  INPUT ---        11 12 ;
  INPUT ---        11 ;

  INPUT ---    group=4 F    rows=6 cols=6 Triang ;
  INPUT ---        11 12 13 14 15 16 ;
  INPUT ---        11 12 13 14 15 ;
  INPUT ---        11 12 13 14 ;
  INPUT ---        11 12 13 ;
  INPUT ---        11 12 ;
  INPUT ---        11 ;

  INPUT ---    group=5 F    rows=6 cols=6 Triang ;
  INPUT ---        11 12 13 14 15 16 ;
  INPUT ---        11 12 13 14 15 ;
  INPUT ---        11 12 13 14 ;
  INPUT ---        11 12 13 ;
  INPUT ---        11 12 ;
  INPUT ---        11 ;

  INPUT ---    group=6 F    rows=6 cols=6 Triang ;
  INPUT ---        11 12 13 14 15 16 ;
  INPUT ---        11 12 13 14 15 ;
  INPUT ---        11 12 13 14 ;
  INPUT ---        11 12 13 ;
  INPUT ---        11 12 ;
  INPUT ---        11 ;

  INPUT ---    design matrix constraints=16 covariates=16;
  INPUT ---        1 0 0 0 0 0 0 0 0 0 0 0 0 0 0 0;
  INPUT ---        1 1 0 0 0 0 0 0 0 0 0 0 0 0 0 0;
  INPUT ---        1 0 1 0 0 0 0 0 0 0 0 0 0 0 0 0;
  INPUT ---        1 0 0 1 0 0 0 0 0 0 0 0 0 0 0 0;
  INPUT ---        1 0 0 0 1 0 0 0 0 0 0 0 0 0 0 0;
  INPUT ---        1 0 0 0 0 1 0 0 0 0 0 0 0 0 0 0;
  INPUT ---        1 0 0 0 0 0 1 0 0 0 0 0 0 0 0 0;
  INPUT ---        0 0 0 0 0 0 0 1 0 0 0 0 0 0 0 0;
  INPUT ---        0 0 0 0 0 0 0 1 1 0 0 0 0 0 0 0;
  INPUT ---        0 0 0 0 0 0 0 0 0 1 0 0 0 0 0 0;
  INPUT ---        0 0 0 0 0 0 0 0 0 0 1 0 0 0 0 0;
  INPUT ---        0 0 0 0 0 0 0 0 0 0 1 1 0 0 0 0;
  INPUT ---        0 0 0 0 0 0 0 0 0 0 1 0 1 0 0 0;
  INPUT ---        0 0 0 0 0 0 0 0 0 0 1 0 0 1 0 0;
  INPUT ---        0 0 0 0 0 0 0 0 0 0 1 0 0 0 1 0;
  INPUT ---        0 0 0 0 0 0 0 0 0 0 1 0 0 0 0 1;

  INPUT ---    blabel(1)=S:(Intercept);

  Program  MARK  - Survival Rate Estimation with Capture-Recapture Data
   gfortran(Win64) Vers. 8.0 Jun 2014   31-Jan-2015 13:37:53    Page  007
 - - - - - - - - - - - - - - - - - - - - - - - - - - - - - - - - - - - - - -
 

  INPUT ---    blabel(2)=S:time2006;

  INPUT ---    blabel(3)=S:time2007;

  INPUT ---    blabel(4)=S:time2008;

  INPUT ---    blabel(5)=S:time2009;

  INPUT ---    blabel(6)=S:time2010;

  INPUT ---    blabel(7)=S:time2011;

  INPUT ---    blabel(8)=p:(Intercept);

  INPUT ---    blabel(9)=p:sex5;

  INPUT ---    blabel(10)=r:(Intercept);

  INPUT ---    blabel(11)=F:(Intercept);

  INPUT ---    blabel(12)=F:age1;

  INPUT ---    blabel(13)=F:age2;

  INPUT ---    blabel(14)=F:age3;

  INPUT ---    blabel(15)=F:age4;

  INPUT ---    blabel(16)=F:age5;

  INPUT ---    rlabel(1)=S g41 c2005 c1 a0 t2005;

  INPUT ---    rlabel(2)=S g41 c2005 c1 a1 t2006;

  INPUT ---    rlabel(3)=S g41 c2005 c1 a2 t2007;

  INPUT ---    rlabel(4)=S g41 c2005 c1 a3 t2008;

  INPUT ---    rlabel(5)=S g41 c2005 c1 a4 t2009;

  INPUT ---    rlabel(6)=S g41 c2005 c1 a5 t2010;

  INPUT ---    rlabel(7)=S g41 c2005 c1 a6 t2011;

  INPUT ---    rlabel(8)=p g41 c2005 c1 a1 t2006;

  Program  MARK  - Survival Rate Estimation with Capture-Recapture Data
   gfortran(Win64) Vers. 8.0 Jun 2014   31-Jan-2015 13:37:53    Page  008
 - - - - - - - - - - - - - - - - - - - - - - - - - - - - - - - - - - - - - -
 

  INPUT ---    rlabel(9)=p g51 c2005 c1 a1 t2006;

  INPUT ---    rlabel(10)=r g41 c2005 c1 a0 t2005;

  INPUT ---    rlabel(11)=F g41 c2005 c1 a0 t2005;

  INPUT ---    rlabel(12)=F g41 c2005 c1 a1 t2006;

  INPUT ---    rlabel(13)=F g41 c2005 c1 a2 t2007;

  INPUT ---    rlabel(14)=F g41 c2005 c1 a3 t2008;

  INPUT ---    rlabel(15)=F g41 c2005 c1 a4 t2009;

  INPUT ---    rlabel(16)=F g41 c2005 c1 a5 t2010;

 Link Function Used is LOGIT        

 Variance Estimation Procedure Used is 2ndPart 

 M(t+1):



 -2logL(saturated) = 1739.8188     
 Effective Sample Size = 7075

 Number of function evaluations was 58 for 16 parameters.
 Time for numerical optimization was 1.44 seconds.
 -2logL { S(~time)p(~sex)r(~1)F(~age) } = 2667.9576     
 Penalty { S(~time)p(~sex)r(~1)F(~age) } = -0.0000000    
 Gradient { S(~time)p(~sex)r(~1)F(~age) }:
 -0.1129993E-02-0.4715113E-03 0.3618152E-06-0.6594526E-03  0.000000    
   0.000000      0.000000    -0.3570644E-02-0.1168985E-02 0.1932078E-02
 -0.1095796E-04  0.000000      0.000000      0.000000      0.000000    
   0.000000    
 S Vector { S(~time)p(~sex)r(~1)F(~age) }:
   286.3432      15.85507      2.894695      2.133897     0.7950261    
  0.1187898E-03 0.1463820E-04 0.1039961E-06 0.5648732E-08 0.2840849E-08
  0.2838257E-08 0.1783943E-08 0.9076441E-09 0.7001281E-09 0.3955784E-09
  0.2875845E-09
 Time to compute number of parameters was 0.48 seconds.
   Threshold =  0.3400000E-06     Condition index =  0.1004335E-11     New Threshold =  0.1150338E-08
 New Guessimate of Estimated Parameters { S(~time)p(~sex)r(~1)F(~age) } = 7          
 Conditioned S Vector { S(~time)p(~sex)r(~1)F(~age) }:
   1.000000     0.5537084E-01 0.1010918E-01 0.7452236E-02 0.2776480E-02
  0.4148511E-06 0.5112117E-07 0.3631869E-09 0.1972714E-10 0.9921132E-11
  0.9912079E-11 0.6230085E-11 0.3169777E-11 0.2445066E-11 0.1381483E-11
  0.1004335E-11
 Number of Estimated Parameters { S(~time)p(~sex)r(~1)F(~age) } = 6          
 DEVIANCE { S(~time)p(~sex)r(~1)F(~age) } = 928.13887                     
 DEVIANCE Degrees of Freedom { S(~time)p(~sex)r(~1)F(~age) } = 9            
 c-hat { S(~time)p(~sex)r(~1)F(~age) } = 103.12654                     
 AIC { S(~time)p(~sex)r(~1)F(~age) } = 2679.9576                  
 AICc { S(~time)p(~sex)r(~1)F(~age) } = 2679.9695                    
 BIC { S(~time)p(~sex)r(~1)F(~age) } = 2721.1436                    
 Pearson Chisquare { S(~time)p(~sex)r(~1)F(~age) } = Not a Number               
 Possible Encounter Histories { S(~time)p(~sex)r(~1)F(~age) } = 896             
 Pearson Chisquare df { S(~time)p(~sex)r(~1)F(~age) } = 854        
 Pearson chat { S(~time)p(~sex)r(~1)F(~age) } = Not a Number               
 Sum(Observed/Expected) { S(~time)p(~sex)r(~1)F(~age) } = Not a Number               
 Fletcher chat { S(~time)p(~sex)r(~1)F(~age) } = Not a Number               

  Program  MARK  - Survival Rate Estimation with Capture-Recapture Data
   gfortran(Win64) Vers. 8.0 Jun 2014   31-Jan-2015 13:37:54    Page  009
 - - - - - - - - - - - - - - - - - - - - - - - - - - - - - - - - - - - - - -
 


               LOGIT Link Function Parameters of { S(~time)p(~sex)r(~1)F(~age) }
                                                              95% Confidence Interval
 Parameter                    Beta         Standard Error      Lower           Upper
 -------------------------  --------------  --------------  --------------  --------------
    1:S:(Intercept)         144.56023       52.973257       40.732646       248.38782     
    2:S:time2006            -144.72783      52.982694       -248.57392      -40.881751    
    3:S:time2007            -124.68498      0.1944440       -125.06609      -124.30387    
    4:S:time2008            -145.60535      52.976200       -249.43871      -41.772000    
    5:S:time2009            -115.73025      0.7308689E-006  -115.73025      -115.73024    
    6:S:time2010            -7.5369139      3100.9262       -6085.3525      6070.2787     
    7:S:time2011            -172.30067      0.2116686       -172.71554      -171.88580    
    8:p:(Intercept)         -6.2211545      0.4588231       -7.1204478      -5.3218612    
    9:p:sex5                -0.7116459      0.6132243       -1.9135655      0.4902737     
   10:r:(Intercept)         -3.1189228      0.0590958       -3.2347505      -3.0030950    
   11:F:(Intercept)         7.2998573       261.37003       -504.98541      519.58512     
   12:F:age1                94.172835       0.2060353E-003  94.172431       94.173239     
   13:F:age2                57.390851       0.8123996E-005  57.390835       57.390867     
   14:F:age3                88.025850       0.2079747E-003  88.025443       88.026258     
   15:F:age4                128.02216       0.1793620E-006  128.02216       128.02216     
   16:F:age5                152.34034       0.6500962E-004  152.34021       152.34047     


               Real Function Parameters of { S(~time)p(~sex)r(~1)F(~age) }
                                                               95% Confidence Interval
  Parameter                  Estimate       Standard Error      Lower           Upper
 --------------------------  --------------  --------------  --------------  --------------
     1:S g41 c2005 c1 a0 t2  1.0000000       0.0000000       1.0000000       1.0000000                           
     2:S g41 c2005 c1 a1 t2  0.4581976       0.3053006       0.0705674       0.9040280                           
     3:S g41 c2005 c1 a2 t2  1.0000000       0.1236937E-006  0.9999998       1.0000002                           
     4:S g41 c2005 c1 a3 t2  0.2601631       0.1734136       0.0567334       0.6727708                           
     5:S g41 c2005 c1 a4 t2  1.0000000       0.1597337E-010  1.0000000       1.0000000                           
     6:S g41 c2005 c1 a5 t2  1.0000000       0.0000000       1.0000000       1.0000000                           
     7:S g41 c2005 c1 a6 t2  0.8963577E-012  0.4748354E-010  -.9217139E-010  0.9396410E-010                      
     8:p g41 c2005 c1 a1 t2  0.0019830       0.9080464E-003  0.8077516E-003  0.0048599                           
     9:p g51 c2005 c1 a1 t2  0.9743157E-003  0.5625146E-003  0.3140963E-003  0.0030181                           
    10:r g41 c2005 c1 a0 t2  0.0423334       0.0023958       0.0378787       0.0472862                           
    11:F g41 c2005 c1 a0 t2  0.9993248       0.1763524       0.4871057E-219  1.0000000                           
    12:F g41 c2005 c1 a1 t2  1.0000000       0.0000000       1.0000000       1.0000000                           
    13:F g41 c2005 c1 a2 t2  1.0000000       0.0000000       1.0000000       1.0000000                           
    14:F g41 c2005 c1 a3 t2  1.0000000       0.0000000       1.0000000       1.0000000                           
    15:F g41 c2005 c1 a4 t2  1.0000000       0.0000000       1.0000000       1.0000000                           
    16:F g41 c2005 c1 a5 t2  1.0000000       0.0000000       1.0000000       1.0000000                           

 Attempted ordering of parameters by estimatibility:
  10  8  9  1  4  2 11  6  3  5  7 13 14 12 15 16
 Beta number 16 is a singular value.

     CPU Time in seconds for last procedure was 1.92

  Program  MARK  - Survival Rate Estimation with Capture-Recapture Data
   gfortran(Win64) Vers. 8.0 Jun 2014   31-Jan-2015 13:37:54    Page  010
 - - - - - - - - - - - - - - - - - - - - - - - - - - - - - - - - - - - - - -
 


  INPUT --- proc stop;

     CPU Time in minutes for this job was 0.03

     Time Start = 13:37:53.644   Time End = 13:37:54.066

     Wall Clock Time in minutes for this job was 0.01


          E X E C U T I O N   S U C C E S S F U L 
