
   Program  MARK  - Survival Rate Estimation with Capture-Recapture Data
   gfortran(Win32) Vers. 8.0 Jun 2014   15-Dec-2014 23:54:28    Page  001
 - - - - - - - - - - - - - - - - - - - - - - - - - - - - - - - - - - - - - -
 
   This version was compiled by GCC version 4.8.1 using the options 
   -m32 -mtune=generic -march=x86-64 -mthreads -O2 -fimplicit-none -fbounds-check -funroll-loops -ftree-vectorize -fopenmp.
   This problem will use 1 of 1 possible threads.


  INPUT --- proc title ;

     CPU Time in seconds for last procedure was 0.00


  INPUT --- proc chmatrix occasions= 11 groups= 1 etype= Live ICMeans 
  INPUT --- NoHist hist= 23 ;

  INPUT ---    time  interval 1 1 1 1 1 1 1 1 1 1 ;

  INPUT ---    glabel(1)=Group 1;

      Number of unique encounter histories read was 23.

      Number of individual covariates read was 0.
      Time interval lengths are all equal to 1.

      Data type number is 1
      Data type is Live Recaptures (CJS)                                                                               

     CPU Time in seconds for last procedure was 0.00

  Program  MARK  - Survival Rate Estimation with Capture-Recapture Data
   gfortran(Win32) Vers. 8.0 Jun 2014   15-Dec-2014 23:54:28    Page  002
 - - - - - - - - - - - - - - - - - - - - - - - - - - - - - - - - - - - - - -
 


  INPUT --- proc estimate link=Logit NOLOOP varest=2ndPart    ;


  INPUT --- model={ Phi(~1)p(~1) };

  INPUT ---    group=1 Phi    rows=10 cols=10 Triang ;
  INPUT ---        1 1 1 1 1 1 1 1 1 1 ;
  INPUT ---        1 1 1 1 1 1 1 1 1 ;
  INPUT ---        1 1 1 1 1 1 1 1 ;
  INPUT ---        1 1 1 1 1 1 1 ;
  INPUT ---        1 1 1 1 1 1 ;
  INPUT ---        1 1 1 1 1 ;
  INPUT ---        1 1 1 1 ;
  INPUT ---        1 1 1 ;
  INPUT ---        1 1 ;
  INPUT ---        1 ;

  INPUT ---    group=1 p    rows=10 cols=10 Triang ;
  INPUT ---        2 2 2 2 2 2 2 2 2 2 ;
  INPUT ---        2 2 2 2 2 2 2 2 2 ;
  INPUT ---        2 2 2 2 2 2 2 2 ;
  INPUT ---        2 2 2 2 2 2 2 ;
  INPUT ---        2 2 2 2 2 2 ;
  INPUT ---        2 2 2 2 2 ;
  INPUT ---        2 2 2 2 ;
  INPUT ---        2 2 2 ;
  INPUT ---        2 2 ;
  INPUT ---        2 ;

  INPUT ---    design matrix constraints=2 covariates=2;
  INPUT ---        1 0;
  INPUT ---        0 1;

  INPUT ---    blabel(1)=Phi:(Intercept);

  INPUT ---    blabel(2)=p:(Intercept);

  INPUT ---    rlabel(1)=Phi g1 c1 c1 a0 t1;

  INPUT ---    rlabel(2)=p g1 c1 c1 a1 t2;

 Link Function Used is LOGIT        

 Variance Estimation Procedure Used is 2ndPart 

  Program  MARK  - Survival Rate Estimation with Capture-Recapture Data
   gfortran(Win32) Vers. 8.0 Jun 2014   15-Dec-2014 23:54:28    Page  003
 - - - - - - - - - - - - - - - - - - - - - - - - - - - - - - - - - - - - - -
 
 -2logL(saturated) = 1002.0899     
 Effective Sample Size = 1220

 Number of function evaluations was 12 for 2 parameters.
 Time for numerical optimization was 0.01 seconds.
 -2logL { Phi(~1)p(~1) } = 2498.1070     
 Penalty { Phi(~1)p(~1) } = -0.0000000    
 Gradient { Phi(~1)p(~1) }:
  0.5969749E-04 0.5787348E-04
 S Vector { Phi(~1)p(~1) }:
   339.0634      59.83669    
 Time to compute number of parameters was 0.01 seconds.
   Threshold =  0.6000000E-07     Condition index =  0.1764764         New Threshold =   84.62186    
 New Guessimate of Estimated Parameters { Phi(~1)p(~1) } = 1          
 Conditioned S Vector { Phi(~1)p(~1) }:
   1.000000     0.1764764    
 Number of Estimated Parameters { Phi(~1)p(~1) } = 2          
 DEVIANCE { Phi(~1)p(~1) } = 1496.0171                     
 DEVIANCE Degrees of Freedom { Phi(~1)p(~1) } = 11            
 c-hat { Phi(~1)p(~1) } = 136.00156                     
 AIC { Phi(~1)p(~1) } = 2502.1070                  
 AICc { Phi(~1)p(~1) } = 2502.1169                    
 BIC { Phi(~1)p(~1) } = 2512.3202                    
 Pearson Chisquare { Phi(~1)p(~1) } = 3071.6110                  
 Possible Encounter Histories { Phi(~1)p(~1) } = 2046             
 Pearson Chisquare df { Phi(~1)p(~1) } = 2034        
 Pearson chat { Phi(~1)p(~1) } = 1.5101333                  
 Sum(Observed/Expected) { Phi(~1)p(~1) } = 83.550469                  
 Fletcher chat { Phi(~1)p(~1) } = 36.980435                  


                       LOGIT Link Function Parameters of { Phi(~1)p(~1) }
                                                              95% Confidence Interval
 Parameter                    Beta         Standard Error      Lower           Upper
 -------------------------  --------------  --------------  --------------  --------------
    1:Phi:(Intercept)       1.2852585       0.1099928       1.0696726       1.5008444     
    2:p:(Intercept)         -1.3572838      0.0869657       -1.5277366      -1.1868310    


                       Real Function Parameters of { Phi(~1)p(~1) }
                                                               95% Confidence Interval
  Parameter                  Estimate       Standard Error      Lower           Upper
 --------------------------  --------------  --------------  --------------  --------------
     1:Phi g1 c1 c1 a0 t1    0.7833436       0.0186676       0.7445346       0.8177004                           
     2:p g1 c1 c1 a1 t2      0.2046821       0.0141569       0.1783251       0.2338262                           

     CPU Time in seconds for last procedure was 0.00

  Program  MARK  - Survival Rate Estimation with Capture-Recapture Data
   gfortran(Win32) Vers. 8.0 Jun 2014   15-Dec-2014 23:54:28    Page  004
 - - - - - - - - - - - - - - - - - - - - - - - - - - - - - - - - - - - - - -
 


  INPUT --- proc stop;

     CPU Time in minutes for this job was 0.00

     Time Start = 23:54:28.593   Time End = 23:54:28.640

     Wall Clock Time in minutes for this job was 0.00


          E X E C U T I O N   S U C C E S S F U L 
