
   Program  MARK  - Survival Rate Estimation with Capture-Recapture Data
   gfortran(Win64) Vers. 8.0 Jun 2014   31-Jan-2015 14:07:45    Page  001
 - - - - - - - - - - - - - - - - - - - - - - - - - - - - - - - - - - - - - -
 
   This version was compiled by GCC version 4.8.1 using the options 
   -m64 -mtune=generic -march=x86-64 -mthreads -O2 -fimplicit-none -fbounds-check -funroll-loops -ftree-vectorize -fopenmp.
   This problem will use 7 of 8 possible threads.


  INPUT --- proc title ;

     CPU Time in seconds for last procedure was 0.00


  INPUT --- proc chmatrix occasions= 7 groups= 6 etype= Both ICMeans 
  INPUT --- NoHist hist= 51 ;

  INPUT ---    time  interval 1 1 1 1 1 1 1 ;

  INPUT ---    glabel(1)=sex4.age1;

  INPUT ---    glabel(2)=sex5.age1;

  INPUT ---    glabel(3)=sex4.age2;

  INPUT ---    glabel(4)=sex5.age2;

  INPUT ---    glabel(5)=sex4.age4;

  INPUT ---    glabel(6)=sex5.age4;

   * *  WARNING  * *   At least a pair of the encounter histories are duplicates. 

      Number of unique encounter histories read was 17.

      Number of individual covariates read was 0.
      Time interval lengths are all equal to 1.

      Data type number is 3
      Data type is Joint Live and Dead Encounters (Burnham)                                                            

     CPU Time in seconds for last procedure was 0.00

  Program  MARK  - Survival Rate Estimation with Capture-Recapture Data
   gfortran(Win64) Vers. 8.0 Jun 2014   31-Jan-2015 14:07:45    Page  002
 - - - - - - - - - - - - - - - - - - - - - - - - - - - - - - - - - - - - - -
 


  INPUT --- proc estimate link=Logit NOLOOP varest=2ndPart    ;


  INPUT --- model={ S(~sex + time)p(~time)r(~1)F(~age) };

  INPUT ---    group=1 S    rows=7 cols=7 Triang ;
  INPUT ---        1 2 3 4 5 6 7 ;
  INPUT ---        2 3 4 5 6 7 ;
  INPUT ---        3 4 5 6 7 ;
  INPUT ---        4 5 6 7 ;
  INPUT ---        5 6 7 ;
  INPUT ---        6 7 ;
  INPUT ---        7 ;

  INPUT ---    group=2 S    rows=7 cols=7 Triang ;
  INPUT ---        8 9 10 11 12 13 14 ;
  INPUT ---        9 10 11 12 13 14 ;
  INPUT ---        10 11 12 13 14 ;
  INPUT ---        11 12 13 14 ;
  INPUT ---        12 13 14 ;
  INPUT ---        13 14 ;
  INPUT ---        14 ;

  INPUT ---    group=3 S    rows=7 cols=7 Triang ;
  INPUT ---        1 2 3 4 5 6 7 ;
  INPUT ---        2 3 4 5 6 7 ;
  INPUT ---        3 4 5 6 7 ;
  INPUT ---        4 5 6 7 ;
  INPUT ---        5 6 7 ;
  INPUT ---        6 7 ;
  INPUT ---        7 ;

  INPUT ---    group=4 S    rows=7 cols=7 Triang ;
  INPUT ---        8 9 10 11 12 13 14 ;
  INPUT ---        9 10 11 12 13 14 ;
  INPUT ---        10 11 12 13 14 ;
  INPUT ---        11 12 13 14 ;
  INPUT ---        12 13 14 ;
  INPUT ---        13 14 ;
  INPUT ---        14 ;

  INPUT ---    group=5 S    rows=7 cols=7 Triang ;
  INPUT ---        1 2 3 4 5 6 7 ;
  INPUT ---        2 3 4 5 6 7 ;

  Program  MARK  - Survival Rate Estimation with Capture-Recapture Data
   gfortran(Win64) Vers. 8.0 Jun 2014   31-Jan-2015 14:07:45    Page  003
 - - - - - - - - - - - - - - - - - - - - - - - - - - - - - - - - - - - - - -
 
  INPUT ---        3 4 5 6 7 ;
  INPUT ---        4 5 6 7 ;
  INPUT ---        5 6 7 ;
  INPUT ---        6 7 ;
  INPUT ---        7 ;

  INPUT ---    group=6 S    rows=7 cols=7 Triang ;
  INPUT ---        8 9 10 11 12 13 14 ;
  INPUT ---        9 10 11 12 13 14 ;
  INPUT ---        10 11 12 13 14 ;
  INPUT ---        11 12 13 14 ;
  INPUT ---        12 13 14 ;
  INPUT ---        13 14 ;
  INPUT ---        14 ;

  INPUT ---    group=1 p    rows=6 cols=6 Triang ;
  INPUT ---        15 16 17 18 19 20 ;
  INPUT ---        16 17 18 19 20 ;
  INPUT ---        17 18 19 20 ;
  INPUT ---        18 19 20 ;
  INPUT ---        19 20 ;
  INPUT ---        20 ;

  INPUT ---    group=2 p    rows=6 cols=6 Triang ;
  INPUT ---        15 16 17 18 19 20 ;
  INPUT ---        16 17 18 19 20 ;
  INPUT ---        17 18 19 20 ;
  INPUT ---        18 19 20 ;
  INPUT ---        19 20 ;
  INPUT ---        20 ;

  INPUT ---    group=3 p    rows=6 cols=6 Triang ;
  INPUT ---        15 16 17 18 19 20 ;
  INPUT ---        16 17 18 19 20 ;
  INPUT ---        17 18 19 20 ;
  INPUT ---        18 19 20 ;
  INPUT ---        19 20 ;
  INPUT ---        20 ;

  INPUT ---    group=4 p    rows=6 cols=6 Triang ;
  INPUT ---        15 16 17 18 19 20 ;
  INPUT ---        16 17 18 19 20 ;
  INPUT ---        17 18 19 20 ;
  INPUT ---        18 19 20 ;
  INPUT ---        19 20 ;
  INPUT ---        20 ;

  Program  MARK  - Survival Rate Estimation with Capture-Recapture Data
   gfortran(Win64) Vers. 8.0 Jun 2014   31-Jan-2015 14:07:45    Page  004
 - - - - - - - - - - - - - - - - - - - - - - - - - - - - - - - - - - - - - -
 

  INPUT ---    group=5 p    rows=6 cols=6 Triang ;
  INPUT ---        15 16 17 18 19 20 ;
  INPUT ---        16 17 18 19 20 ;
  INPUT ---        17 18 19 20 ;
  INPUT ---        18 19 20 ;
  INPUT ---        19 20 ;
  INPUT ---        20 ;

  INPUT ---    group=6 p    rows=6 cols=6 Triang ;
  INPUT ---        15 16 17 18 19 20 ;
  INPUT ---        16 17 18 19 20 ;
  INPUT ---        17 18 19 20 ;
  INPUT ---        18 19 20 ;
  INPUT ---        19 20 ;
  INPUT ---        20 ;

  INPUT ---    group=1 r    rows=7 cols=7 Triang ;
  INPUT ---        21 21 21 21 21 21 21 ;
  INPUT ---        21 21 21 21 21 21 ;
  INPUT ---        21 21 21 21 21 ;
  INPUT ---        21 21 21 21 ;
  INPUT ---        21 21 21 ;
  INPUT ---        21 21 ;
  INPUT ---        21 ;

  INPUT ---    group=2 r    rows=7 cols=7 Triang ;
  INPUT ---        21 21 21 21 21 21 21 ;
  INPUT ---        21 21 21 21 21 21 ;
  INPUT ---        21 21 21 21 21 ;
  INPUT ---        21 21 21 21 ;
  INPUT ---        21 21 21 ;
  INPUT ---        21 21 ;
  INPUT ---        21 ;

  INPUT ---    group=3 r    rows=7 cols=7 Triang ;
  INPUT ---        21 21 21 21 21 21 21 ;
  INPUT ---        21 21 21 21 21 21 ;
  INPUT ---        21 21 21 21 21 ;
  INPUT ---        21 21 21 21 ;
  INPUT ---        21 21 21 ;
  INPUT ---        21 21 ;
  INPUT ---        21 ;

  INPUT ---    group=4 r    rows=7 cols=7 Triang ;
  INPUT ---        21 21 21 21 21 21 21 ;

  Program  MARK  - Survival Rate Estimation with Capture-Recapture Data
   gfortran(Win64) Vers. 8.0 Jun 2014   31-Jan-2015 14:07:45    Page  005
 - - - - - - - - - - - - - - - - - - - - - - - - - - - - - - - - - - - - - -
 
  INPUT ---        21 21 21 21 21 21 ;
  INPUT ---        21 21 21 21 21 ;
  INPUT ---        21 21 21 21 ;
  INPUT ---        21 21 21 ;
  INPUT ---        21 21 ;
  INPUT ---        21 ;

  INPUT ---    group=5 r    rows=7 cols=7 Triang ;
  INPUT ---        21 21 21 21 21 21 21 ;
  INPUT ---        21 21 21 21 21 21 ;
  INPUT ---        21 21 21 21 21 ;
  INPUT ---        21 21 21 21 ;
  INPUT ---        21 21 21 ;
  INPUT ---        21 21 ;
  INPUT ---        21 ;

  INPUT ---    group=6 r    rows=7 cols=7 Triang ;
  INPUT ---        21 21 21 21 21 21 21 ;
  INPUT ---        21 21 21 21 21 21 ;
  INPUT ---        21 21 21 21 21 ;
  INPUT ---        21 21 21 21 ;
  INPUT ---        21 21 21 ;
  INPUT ---        21 21 ;
  INPUT ---        21 ;

  INPUT ---    group=1 F    rows=6 cols=6 Triang ;
  INPUT ---        22 23 24 25 26 27 ;
  INPUT ---        22 23 24 25 26 ;
  INPUT ---        22 23 24 25 ;
  INPUT ---        22 23 24 ;
  INPUT ---        22 23 ;
  INPUT ---        22 ;

  INPUT ---    group=2 F    rows=6 cols=6 Triang ;
  INPUT ---        22 23 24 25 26 27 ;
  INPUT ---        22 23 24 25 26 ;
  INPUT ---        22 23 24 25 ;
  INPUT ---        22 23 24 ;
  INPUT ---        22 23 ;
  INPUT ---        22 ;

  INPUT ---    group=3 F    rows=6 cols=6 Triang ;
  INPUT ---        22 23 24 25 26 27 ;
  INPUT ---        22 23 24 25 26 ;
  INPUT ---        22 23 24 25 ;
  INPUT ---        22 23 24 ;

  Program  MARK  - Survival Rate Estimation with Capture-Recapture Data
   gfortran(Win64) Vers. 8.0 Jun 2014   31-Jan-2015 14:07:45    Page  006
 - - - - - - - - - - - - - - - - - - - - - - - - - - - - - - - - - - - - - -
 
  INPUT ---        22 23 ;
  INPUT ---        22 ;

  INPUT ---    group=4 F    rows=6 cols=6 Triang ;
  INPUT ---        22 23 24 25 26 27 ;
  INPUT ---        22 23 24 25 26 ;
  INPUT ---        22 23 24 25 ;
  INPUT ---        22 23 24 ;
  INPUT ---        22 23 ;
  INPUT ---        22 ;

  INPUT ---    group=5 F    rows=6 cols=6 Triang ;
  INPUT ---        22 23 24 25 26 27 ;
  INPUT ---        22 23 24 25 26 ;
  INPUT ---        22 23 24 25 ;
  INPUT ---        22 23 24 ;
  INPUT ---        22 23 ;
  INPUT ---        22 ;

  INPUT ---    group=6 F    rows=6 cols=6 Triang ;
  INPUT ---        22 23 24 25 26 27 ;
  INPUT ---        22 23 24 25 26 ;
  INPUT ---        22 23 24 25 ;
  INPUT ---        22 23 24 ;
  INPUT ---        22 23 ;
  INPUT ---        22 ;

  INPUT ---    design matrix constraints=27 covariates=21;
  INPUT ---        1 0 0 0 0 0 0 0 0 0 0 0 0 0 0 0 0 0 0 0 0;
  INPUT ---        1 0 1 0 0 0 0 0 0 0 0 0 0 0 0 0 0 0 0 0 0;
  INPUT ---        1 0 0 1 0 0 0 0 0 0 0 0 0 0 0 0 0 0 0 0 0;
  INPUT ---        1 0 0 0 1 0 0 0 0 0 0 0 0 0 0 0 0 0 0 0 0;
  INPUT ---        1 0 0 0 0 1 0 0 0 0 0 0 0 0 0 0 0 0 0 0 0;
  INPUT ---        1 0 0 0 0 0 1 0 0 0 0 0 0 0 0 0 0 0 0 0 0;
  INPUT ---        1 0 0 0 0 0 0 1 0 0 0 0 0 0 0 0 0 0 0 0 0;
  INPUT ---        1 1 0 0 0 0 0 0 0 0 0 0 0 0 0 0 0 0 0 0 0;
  INPUT ---        1 1 1 0 0 0 0 0 0 0 0 0 0 0 0 0 0 0 0 0 0;
  INPUT ---        1 1 0 1 0 0 0 0 0 0 0 0 0 0 0 0 0 0 0 0 0;
  INPUT ---        1 1 0 0 1 0 0 0 0 0 0 0 0 0 0 0 0 0 0 0 0;
  INPUT ---        1 1 0 0 0 1 0 0 0 0 0 0 0 0 0 0 0 0 0 0 0;
  INPUT ---        1 1 0 0 0 0 1 0 0 0 0 0 0 0 0 0 0 0 0 0 0;
  INPUT ---        1 1 0 0 0 0 0 1 0 0 0 0 0 0 0 0 0 0 0 0 0;
  INPUT ---        0 0 0 0 0 0 0 0 1 0 0 0 0 0 0 0 0 0 0 0 0;
  INPUT ---        0 0 0 0 0 0 0 0 1 1 0 0 0 0 0 0 0 0 0 0 0;
  INPUT ---        0 0 0 0 0 0 0 0 1 0 1 0 0 0 0 0 0 0 0 0 0;
  INPUT ---        0 0 0 0 0 0 0 0 1 0 0 1 0 0 0 0 0 0 0 0 0;

  Program  MARK  - Survival Rate Estimation with Capture-Recapture Data
   gfortran(Win64) Vers. 8.0 Jun 2014   31-Jan-2015 14:07:45    Page  007
 - - - - - - - - - - - - - - - - - - - - - - - - - - - - - - - - - - - - - -
 
  INPUT ---        0 0 0 0 0 0 0 0 1 0 0 0 1 0 0 0 0 0 0 0 0;
  INPUT ---        0 0 0 0 0 0 0 0 1 0 0 0 0 1 0 0 0 0 0 0 0;
  INPUT ---        0 0 0 0 0 0 0 0 0 0 0 0 0 0 1 0 0 0 0 0 0;
  INPUT ---        0 0 0 0 0 0 0 0 0 0 0 0 0 0 0 1 0 0 0 0 0;
  INPUT ---        0 0 0 0 0 0 0 0 0 0 0 0 0 0 0 1 1 0 0 0 0;
  INPUT ---        0 0 0 0 0 0 0 0 0 0 0 0 0 0 0 1 0 1 0 0 0;
  INPUT ---        0 0 0 0 0 0 0 0 0 0 0 0 0 0 0 1 0 0 1 0 0;
  INPUT ---        0 0 0 0 0 0 0 0 0 0 0 0 0 0 0 1 0 0 0 1 0;
  INPUT ---        0 0 0 0 0 0 0 0 0 0 0 0 0 0 0 1 0 0 0 0 1;

  INPUT ---    blabel(1)=S:(Intercept);

  INPUT ---    blabel(2)=S:sex5;

  INPUT ---    blabel(3)=S:time2006;

  INPUT ---    blabel(4)=S:time2007;

  INPUT ---    blabel(5)=S:time2008;

  INPUT ---    blabel(6)=S:time2009;

  INPUT ---    blabel(7)=S:time2010;

  INPUT ---    blabel(8)=S:time2011;

  INPUT ---    blabel(9)=p:(Intercept);

  INPUT ---    blabel(10)=p:time2007;

  INPUT ---    blabel(11)=p:time2008;

  INPUT ---    blabel(12)=p:time2009;

  INPUT ---    blabel(13)=p:time2010;

  INPUT ---    blabel(14)=p:time2011;

  INPUT ---    blabel(15)=r:(Intercept);

  INPUT ---    blabel(16)=F:(Intercept);

  INPUT ---    blabel(17)=F:age1;

  INPUT ---    blabel(18)=F:age2;


  Program  MARK  - Survival Rate Estimation with Capture-Recapture Data
   gfortran(Win64) Vers. 8.0 Jun 2014   31-Jan-2015 14:07:45    Page  008
 - - - - - - - - - - - - - - - - - - - - - - - - - - - - - - - - - - - - - -
 
  INPUT ---    blabel(19)=F:age3;

  INPUT ---    blabel(20)=F:age4;

  INPUT ---    blabel(21)=F:age5;

  INPUT ---    rlabel(1)=S g41 c2005 c1 a0 t2005;

  INPUT ---    rlabel(2)=S g41 c2005 c1 a1 t2006;

  INPUT ---    rlabel(3)=S g41 c2005 c1 a2 t2007;

  INPUT ---    rlabel(4)=S g41 c2005 c1 a3 t2008;

  INPUT ---    rlabel(5)=S g41 c2005 c1 a4 t2009;

  INPUT ---    rlabel(6)=S g41 c2005 c1 a5 t2010;

  INPUT ---    rlabel(7)=S g41 c2005 c1 a6 t2011;

  INPUT ---    rlabel(8)=S g51 c2005 c1 a0 t2005;

  INPUT ---    rlabel(9)=S g51 c2005 c1 a1 t2006;

  INPUT ---    rlabel(10)=S g51 c2005 c1 a2 t2007;

  INPUT ---    rlabel(11)=S g51 c2005 c1 a3 t2008;

  INPUT ---    rlabel(12)=S g51 c2005 c1 a4 t2009;

  INPUT ---    rlabel(13)=S g51 c2005 c1 a5 t2010;

  INPUT ---    rlabel(14)=S g51 c2005 c1 a6 t2011;

  INPUT ---    rlabel(15)=p g41 c2005 c1 a1 t2006;

  INPUT ---    rlabel(16)=p g41 c2005 c1 a2 t2007;

  INPUT ---    rlabel(17)=p g41 c2005 c1 a3 t2008;

  INPUT ---    rlabel(18)=p g41 c2005 c1 a4 t2009;

  INPUT ---    rlabel(19)=p g41 c2005 c1 a5 t2010;

  INPUT ---    rlabel(20)=p g41 c2005 c1 a6 t2011;


  Program  MARK  - Survival Rate Estimation with Capture-Recapture Data
   gfortran(Win64) Vers. 8.0 Jun 2014   31-Jan-2015 14:07:45    Page  009
 - - - - - - - - - - - - - - - - - - - - - - - - - - - - - - - - - - - - - -
 
  INPUT ---    rlabel(21)=r g41 c2005 c1 a0 t2005;

  INPUT ---    rlabel(22)=F g41 c2005 c1 a0 t2005;

  INPUT ---    rlabel(23)=F g41 c2005 c1 a1 t2006;

  INPUT ---    rlabel(24)=F g41 c2005 c1 a2 t2007;

  INPUT ---    rlabel(25)=F g41 c2005 c1 a3 t2008;

  INPUT ---    rlabel(26)=F g41 c2005 c1 a4 t2009;

  INPUT ---    rlabel(27)=F g41 c2005 c1 a5 t2010;

 Link Function Used is LOGIT        

 Variance Estimation Procedure Used is 2ndPart 

 M(t+1):



 -2logL(saturated) = 1739.8188     
 Effective Sample Size = 7075

 Number of function evaluations was 111 for 21 parameters.
 Time for numerical optimization was 2.81 seconds.
 -2logL { S(~sex + time)p(~time)r(~1)F(~age) } = 2663.3917     
 Penalty { S(~sex + time)p(~time)r(~1)F(~age) } = -0.0000000    
 Gradient { S(~sex + time)p(~time)r(~1)F(~age) }:
  0.1550742E-05 0.4753668E-04  0.000000      0.000000     0.1528974E-05
  0.4637058E-06 0.1427723E-05 0.5915229E-06-0.4197243E-06-0.4498901E-06
 -0.1795667E-05 0.3165620E-06 0.3997435E-05-0.1779828E-05-0.4416174E-04
   0.000000      0.000000     0.4705672E-06 0.4433807E-06 0.5276985E-06
  0.4019197E-06
 S Vector { S(~sex + time)p(~time)r(~1)F(~age) }:
   286.3423      17.52432      4.553505      3.164110      1.875383    
   1.140309     0.3408009     0.1667644     0.1737244E-03 0.5775538E-04
  0.7711816E-06 0.5555937E-08 0.4016263E-08 0.3744883E-08 0.2609556E-08
  0.1769678E-08 0.1531999E-08 0.1287094E-08 0.1149108E-08 0.1030561E-08
  0.8995355E-09
 Time to compute number of parameters was 0.61 seconds.
   Threshold =  0.4400000E-06     Condition index =  0.3141469E-11     New Threshold =  0.4122189E-08
 New Guessimate of Estimated Parameters { S(~sex + time)p(~time)r(~1)F(~age) } = 10          
 Conditioned S Vector { S(~sex + time)p(~time)r(~1)F(~age) }:
   1.000000     0.6120061E-01 0.1590231E-01 0.1105010E-01 0.6549443E-02
  0.3982329E-02 0.1190187E-02 0.5823953E-03 0.6067018E-06 0.2017005E-06
  0.2693215E-08 0.1940313E-10 0.1402609E-10 0.1307834E-10 0.9113413E-11
  0.6180288E-11 0.5350237E-11 0.4494949E-11 0.4013057E-11 0.3599053E-11
  0.3141469E-11
 Number of Estimated Parameters { S(~sex + time)p(~time)r(~1)F(~age) } = 9          
 DEVIANCE { S(~sex + time)p(~time)r(~1)F(~age) } = 923.57297                     
 DEVIANCE Degrees of Freedom { S(~sex + time)p(~time)r(~1)F(~age) } = 6            
 c-hat { S(~sex + time)p(~time)r(~1)F(~age) } = 153.92883                     
 AIC { S(~sex + time)p(~time)r(~1)F(~age) } = 2681.3917                  
 AICc { S(~sex + time)p(~time)r(~1)F(~age) } = 2681.4172                    
 BIC { S(~sex + time)p(~time)r(~1)F(~age) } = 2743.1706                    
 Pearson Chisquare { S(~sex + time)p(~time)r(~1)F(~age) } = Not a Number               
 Possible Encounter Histories { S(~sex + time)p(~time)r(~1)F(~age) } = 896             
 Pearson Chisquare df { S(~sex + time)p(~time)r(~1)F(~age) } = 851        
 Pearson chat { S(~sex + time)p(~time)r(~1)F(~age) } = Not a Number               
 Sum(Observed/Expected) { S(~sex + time)p(~time)r(~1)F(~age) } = Not a Number               
 Fletcher chat { S(~sex + time)p(~time)r(~1)F(~age) } = Not a Number               

  Program  MARK  - Survival Rate Estimation with Capture-Recapture Data
   gfortran(Win64) Vers. 8.0 Jun 2014   31-Jan-2015 14:07:46    Page  010
 - - - - - - - - - - - - - - - - - - - - - - - - - - - - - - - - - - - - - -
 


            LOGIT Link Function Parameters of { S(~sex + time)p(~time)r(~1)F(~age) }
                                                              95% Confidence Interval
 Parameter                    Beta         Standard Error      Lower           Upper
 -------------------------  --------------  --------------  --------------  --------------
    1:S:(Intercept)         116.29799       93.047002       -66.074143      298.67011     
    2:S:sex5                0.9132484       1.5913122       -2.2057236      4.0322203     
    3:S:time2006            -64.277316      0.0000000       -64.277316      -64.277316    
    4:S:time2007            -60.257650      0.0000000       -60.257650      -60.257650    
    5:S:time2008            -117.96796      93.046928       -300.33994      64.404026     
    6:S:time2009            -97.068074      0.0000000       -97.068074      -97.068074    
    7:S:time2010            -30.851228      0.0000000       -30.851228      -30.851228    
    8:S:time2011            -152.75477      0.0000000       -152.75477      -152.75477    
    9:p:(Intercept)         -107.34429      0.0000000       -107.34429      -107.34429    
   10:p:time2007            100.07966       0.0000000       100.07966       100.07966     
   11:p:time2008            100.29882       0.0000000       100.29882       100.29882     
   12:p:time2009            -142.65189      0.0000000       -142.65189      -142.65189    
   13:p:time2010            101.38381       0.0000000       101.38381       101.38381     
   14:p:time2011            101.20027       0.0000000       101.20027       101.20027     
   15:r:(Intercept)         -3.1189263      0.0590959       -3.2347542      -3.0030983    
   16:F:(Intercept)         16.885113       0.0000000       16.885113       16.885113     
   17:F:age1                -15.672560      0.0000000       -15.672560      -15.672560    
   18:F:age2                95.638130       0.0000000       95.638130       95.638130     
   19:F:age3                101.56362       0.0000000       101.56362       101.56362     
   20:F:age4                85.175605       0.0000000       85.175605       85.175605     
   21:F:age5                112.14383       0.0000000       112.14383       112.14383     


            Real Function Parameters of { S(~sex + time)p(~time)r(~1)F(~age) }
                                                               95% Confidence Interval
  Parameter                  Estimate       Standard Error      Lower           Upper
 --------------------------  --------------  --------------  --------------  --------------
     1:S g41 c2005 c1 a0 t2  1.0000000       0.0000000       1.0000000       1.0000000                           
     2:S g41 c2005 c1 a1 t2  1.0000000       0.0000000       1.0000000       1.0000000                           
     3:S g41 c2005 c1 a2 t2  1.0000000       0.0000000       1.0000000       1.0000000                           
     4:S g41 c2005 c1 a3 t2  0.1584281       0.1965294       0.0103634       0.7719075                           
     5:S g41 c2005 c1 a4 t2  1.0000000       0.4132189E-006  0.9999992       1.0000008                           
     6:S g41 c2005 c1 a5 t2  1.0000000       0.0000000       1.0000000       1.0000000                           
     7:S g41 c2005 c1 a6 t2  0.1468993E-015  0.1366847E-013  -.2664330E-013  0.2693710E-013                      
     8:S g51 c2005 c1 a0 t2  1.0000000       0.0000000       1.0000000       1.0000000                           
     9:S g51 c2005 c1 a1 t2  1.0000000       0.0000000       1.0000000       1.0000000                           
    10:S g51 c2005 c1 a2 t2  1.0000000       0.0000000       1.0000000       1.0000000                           
    11:S g51 c2005 c1 a3 t2  0.3193584       0.3257206       0.0242752       0.8984648                           
    12:S g51 c2005 c1 a4 t2  1.0000000       0.1658034E-006  0.9999997       1.0000003                           
    13:S g51 c2005 c1 a5 t2  1.0000000       0.0000000       1.0000000       1.0000000                           

  Program  MARK  - Survival Rate Estimation with Capture-Recapture Data
   gfortran(Win64) Vers. 8.0 Jun 2014   31-Jan-2015 14:07:46    Page  011
 - - - - - - - - - - - - - - - - - - - - - - - - - - - - - - - - - - - - - -
 
    14:S g51 c2005 c1 a6 t2  0.3661327E-015  0.3406988E-013  -.6641084E-013  0.6714311E-013                      
    15:p g41 c2005 c1 a1 t2  0.2404172E-046  0.0000000       0.2404172E-046  0.2404172E-046                      
    16:p g41 c2005 c1 a2 t2  0.6993652E-003  0.7325798E-003  0.8968115E-004  0.0054314                           
    17:p g41 c2005 c1 a3 t2  0.8705821E-003  0.7119040E-003  0.1751607E-003  0.0043150                           
    18:p g41 c2005 c1 a4 t2  0.2679392E-108  0.0000000       0.2679392E-108  0.2679392E-108                      
    19:p g41 c2005 c1 a5 t2  0.0025720       0.0014976       0.8206062E-003  0.0080315                           
    20:p g41 c2005 c1 a6 t2  0.0021417       0.0011990       0.7141637E-003  0.0064043                           
    21:r g41 c2005 c1 a0 t2  0.0423333       0.0023958       0.0378786       0.0472861                           
    22:F g41 c2005 c1 a0 t2  1.0000000       0.0000000       1.0000000       1.0000000                           
    23:F g41 c2005 c1 a1 t2  0.7707505       0.5890306       0.0048625       0.9995679                           
    24:F g41 c2005 c1 a2 t2  1.0000000       0.0000000       1.0000000       1.0000000                           
    25:F g41 c2005 c1 a3 t2  1.0000000       0.0000000       1.0000000       1.0000000                           
    26:F g41 c2005 c1 a4 t2  1.0000000       0.0000000       1.0000000       1.0000000                           
    27:F g41 c2005 c1 a5 t2  1.0000000       0.0000000       1.0000000       1.0000000                           

 Attempted ordering of parameters by estimatibility:
  15  9 14 13  1 10  2 17 11  5 16  6  7 19  8 12 20  4 18  3 21
 Beta number 21 is a singular value.

     CPU Time in seconds for last procedure was 3.43


  INPUT --- proc stop;

     CPU Time in minutes for this job was 0.06

     Time Start = 14:07:45.448   Time End = 14:07:46.145

     Wall Clock Time in minutes for this job was 0.01


          E X E C U T I O N   S U C C E S S F U L 
