
   Program  MARK  - Survival Rate Estimation with Capture-Recapture Data
   gfortran(Win64) Vers. 8.0 Jun 2014   25-Jan-2015 15:09:51    Page  001
 - - - - - - - - - - - - - - - - - - - - - - - - - - - - - - - - - - - - - -
 
   This version was compiled by GCC version 4.8.1 using the options 
   -m64 -mtune=generic -march=x86-64 -mthreads -O2 -fimplicit-none -fbounds-check -funroll-loops -ftree-vectorize -fopenmp.
   This problem will use 7 of 8 possible threads.


  INPUT --- proc title ;

     CPU Time in seconds for last procedure was 0.00


  INPUT --- proc chmatrix occasions= 7 groups= 6 etype= Both ICMeans 
  INPUT --- NoHist hist= 51 ;

  INPUT ---    time  interval 1 1 1 1 1 1 1 ;

  INPUT ---    glabel(1)=sex4.age1;

  INPUT ---    glabel(2)=sex5.age1;

  INPUT ---    glabel(3)=sex4.age2;

  INPUT ---    glabel(4)=sex5.age2;

  INPUT ---    glabel(5)=sex4.age4;

  INPUT ---    glabel(6)=sex5.age4;

   * *  WARNING  * *   At least a pair of the encounter histories are duplicates. 

      Number of unique encounter histories read was 17.

      Number of individual covariates read was 0.
      Time interval lengths are all equal to 1.

      Data type number is 3
      Data type is Joint Live and Dead Encounters (Burnham)                                                            

     CPU Time in seconds for last procedure was 0.00

  Program  MARK  - Survival Rate Estimation with Capture-Recapture Data
   gfortran(Win64) Vers. 8.0 Jun 2014   25-Jan-2015 15:09:51    Page  002
 - - - - - - - - - - - - - - - - - - - - - - - - - - - - - - - - - - - - - -
 


  INPUT --- proc estimate link=Logit NOLOOP varest=2ndPart    ;


  INPUT --- model={ S(~age + sex)p(~1)r(~age)F(~1) };

  INPUT ---    group=1 S    rows=7 cols=7 Triang ;
  INPUT ---        1 2 3 4 5 6 7 ;
  INPUT ---        1 2 3 4 5 6 ;
  INPUT ---        1 2 3 4 5 ;
  INPUT ---        1 2 3 4 ;
  INPUT ---        1 2 3 ;
  INPUT ---        1 2 ;
  INPUT ---        1 ;

  INPUT ---    group=2 S    rows=7 cols=7 Triang ;
  INPUT ---        8 9 10 11 12 13 14 ;
  INPUT ---        8 9 10 11 12 13 ;
  INPUT ---        8 9 10 11 12 ;
  INPUT ---        8 9 10 11 ;
  INPUT ---        8 9 10 ;
  INPUT ---        8 9 ;
  INPUT ---        8 ;

  INPUT ---    group=3 S    rows=7 cols=7 Triang ;
  INPUT ---        1 2 3 4 5 6 7 ;
  INPUT ---        1 2 3 4 5 6 ;
  INPUT ---        1 2 3 4 5 ;
  INPUT ---        1 2 3 4 ;
  INPUT ---        1 2 3 ;
  INPUT ---        1 2 ;
  INPUT ---        1 ;

  INPUT ---    group=4 S    rows=7 cols=7 Triang ;
  INPUT ---        8 9 10 11 12 13 14 ;
  INPUT ---        8 9 10 11 12 13 ;
  INPUT ---        8 9 10 11 12 ;
  INPUT ---        8 9 10 11 ;
  INPUT ---        8 9 10 ;
  INPUT ---        8 9 ;
  INPUT ---        8 ;

  INPUT ---    group=5 S    rows=7 cols=7 Triang ;
  INPUT ---        1 2 3 4 5 6 7 ;
  INPUT ---        1 2 3 4 5 6 ;

  Program  MARK  - Survival Rate Estimation with Capture-Recapture Data
   gfortran(Win64) Vers. 8.0 Jun 2014   25-Jan-2015 15:09:51    Page  003
 - - - - - - - - - - - - - - - - - - - - - - - - - - - - - - - - - - - - - -
 
  INPUT ---        1 2 3 4 5 ;
  INPUT ---        1 2 3 4 ;
  INPUT ---        1 2 3 ;
  INPUT ---        1 2 ;
  INPUT ---        1 ;

  INPUT ---    group=6 S    rows=7 cols=7 Triang ;
  INPUT ---        8 9 10 11 12 13 14 ;
  INPUT ---        8 9 10 11 12 13 ;
  INPUT ---        8 9 10 11 12 ;
  INPUT ---        8 9 10 11 ;
  INPUT ---        8 9 10 ;
  INPUT ---        8 9 ;
  INPUT ---        8 ;

  INPUT ---    group=1 p    rows=6 cols=6 Triang ;
  INPUT ---        15 15 15 15 15 15 ;
  INPUT ---        15 15 15 15 15 ;
  INPUT ---        15 15 15 15 ;
  INPUT ---        15 15 15 ;
  INPUT ---        15 15 ;
  INPUT ---        15 ;

  INPUT ---    group=2 p    rows=6 cols=6 Triang ;
  INPUT ---        15 15 15 15 15 15 ;
  INPUT ---        15 15 15 15 15 ;
  INPUT ---        15 15 15 15 ;
  INPUT ---        15 15 15 ;
  INPUT ---        15 15 ;
  INPUT ---        15 ;

  INPUT ---    group=3 p    rows=6 cols=6 Triang ;
  INPUT ---        15 15 15 15 15 15 ;
  INPUT ---        15 15 15 15 15 ;
  INPUT ---        15 15 15 15 ;
  INPUT ---        15 15 15 ;
  INPUT ---        15 15 ;
  INPUT ---        15 ;

  INPUT ---    group=4 p    rows=6 cols=6 Triang ;
  INPUT ---        15 15 15 15 15 15 ;
  INPUT ---        15 15 15 15 15 ;
  INPUT ---        15 15 15 15 ;
  INPUT ---        15 15 15 ;
  INPUT ---        15 15 ;
  INPUT ---        15 ;

  Program  MARK  - Survival Rate Estimation with Capture-Recapture Data
   gfortran(Win64) Vers. 8.0 Jun 2014   25-Jan-2015 15:09:51    Page  004
 - - - - - - - - - - - - - - - - - - - - - - - - - - - - - - - - - - - - - -
 

  INPUT ---    group=5 p    rows=6 cols=6 Triang ;
  INPUT ---        15 15 15 15 15 15 ;
  INPUT ---        15 15 15 15 15 ;
  INPUT ---        15 15 15 15 ;
  INPUT ---        15 15 15 ;
  INPUT ---        15 15 ;
  INPUT ---        15 ;

  INPUT ---    group=6 p    rows=6 cols=6 Triang ;
  INPUT ---        15 15 15 15 15 15 ;
  INPUT ---        15 15 15 15 15 ;
  INPUT ---        15 15 15 15 ;
  INPUT ---        15 15 15 ;
  INPUT ---        15 15 ;
  INPUT ---        15 ;

  INPUT ---    group=1 r    rows=7 cols=7 Triang ;
  INPUT ---        16 17 18 19 20 21 22 ;
  INPUT ---        16 17 18 19 20 21 ;
  INPUT ---        16 17 18 19 20 ;
  INPUT ---        16 17 18 19 ;
  INPUT ---        16 17 18 ;
  INPUT ---        16 17 ;
  INPUT ---        16 ;

  INPUT ---    group=2 r    rows=7 cols=7 Triang ;
  INPUT ---        16 17 18 19 20 21 22 ;
  INPUT ---        16 17 18 19 20 21 ;
  INPUT ---        16 17 18 19 20 ;
  INPUT ---        16 17 18 19 ;
  INPUT ---        16 17 18 ;
  INPUT ---        16 17 ;
  INPUT ---        16 ;

  INPUT ---    group=3 r    rows=7 cols=7 Triang ;
  INPUT ---        16 17 18 19 20 21 22 ;
  INPUT ---        16 17 18 19 20 21 ;
  INPUT ---        16 17 18 19 20 ;
  INPUT ---        16 17 18 19 ;
  INPUT ---        16 17 18 ;
  INPUT ---        16 17 ;
  INPUT ---        16 ;

  INPUT ---    group=4 r    rows=7 cols=7 Triang ;
  INPUT ---        16 17 18 19 20 21 22 ;

  Program  MARK  - Survival Rate Estimation with Capture-Recapture Data
   gfortran(Win64) Vers. 8.0 Jun 2014   25-Jan-2015 15:09:51    Page  005
 - - - - - - - - - - - - - - - - - - - - - - - - - - - - - - - - - - - - - -
 
  INPUT ---        16 17 18 19 20 21 ;
  INPUT ---        16 17 18 19 20 ;
  INPUT ---        16 17 18 19 ;
  INPUT ---        16 17 18 ;
  INPUT ---        16 17 ;
  INPUT ---        16 ;

  INPUT ---    group=5 r    rows=7 cols=7 Triang ;
  INPUT ---        16 17 18 19 20 21 22 ;
  INPUT ---        16 17 18 19 20 21 ;
  INPUT ---        16 17 18 19 20 ;
  INPUT ---        16 17 18 19 ;
  INPUT ---        16 17 18 ;
  INPUT ---        16 17 ;
  INPUT ---        16 ;

  INPUT ---    group=6 r    rows=7 cols=7 Triang ;
  INPUT ---        16 17 18 19 20 21 22 ;
  INPUT ---        16 17 18 19 20 21 ;
  INPUT ---        16 17 18 19 20 ;
  INPUT ---        16 17 18 19 ;
  INPUT ---        16 17 18 ;
  INPUT ---        16 17 ;
  INPUT ---        16 ;

  INPUT ---    group=1 F    rows=6 cols=6 Triang ;
  INPUT ---        23 23 23 23 23 23 ;
  INPUT ---        23 23 23 23 23 ;
  INPUT ---        23 23 23 23 ;
  INPUT ---        23 23 23 ;
  INPUT ---        23 23 ;
  INPUT ---        23 ;

  INPUT ---    group=2 F    rows=6 cols=6 Triang ;
  INPUT ---        23 23 23 23 23 23 ;
  INPUT ---        23 23 23 23 23 ;
  INPUT ---        23 23 23 23 ;
  INPUT ---        23 23 23 ;
  INPUT ---        23 23 ;
  INPUT ---        23 ;

  INPUT ---    group=3 F    rows=6 cols=6 Triang ;
  INPUT ---        23 23 23 23 23 23 ;
  INPUT ---        23 23 23 23 23 ;
  INPUT ---        23 23 23 23 ;
  INPUT ---        23 23 23 ;

  Program  MARK  - Survival Rate Estimation with Capture-Recapture Data
   gfortran(Win64) Vers. 8.0 Jun 2014   25-Jan-2015 15:09:51    Page  006
 - - - - - - - - - - - - - - - - - - - - - - - - - - - - - - - - - - - - - -
 
  INPUT ---        23 23 ;
  INPUT ---        23 ;

  INPUT ---    group=4 F    rows=6 cols=6 Triang ;
  INPUT ---        23 23 23 23 23 23 ;
  INPUT ---        23 23 23 23 23 ;
  INPUT ---        23 23 23 23 ;
  INPUT ---        23 23 23 ;
  INPUT ---        23 23 ;
  INPUT ---        23 ;

  INPUT ---    group=5 F    rows=6 cols=6 Triang ;
  INPUT ---        23 23 23 23 23 23 ;
  INPUT ---        23 23 23 23 23 ;
  INPUT ---        23 23 23 23 ;
  INPUT ---        23 23 23 ;
  INPUT ---        23 23 ;
  INPUT ---        23 ;

  INPUT ---    group=6 F    rows=6 cols=6 Triang ;
  INPUT ---        23 23 23 23 23 23 ;
  INPUT ---        23 23 23 23 23 ;
  INPUT ---        23 23 23 23 ;
  INPUT ---        23 23 23 ;
  INPUT ---        23 23 ;
  INPUT ---        23 ;

  INPUT ---    design matrix constraints=23 covariates=17;
  INPUT ---        1 0 0 0 0 0 0 0 0 0 0 0 0 0 0 0 0;
  INPUT ---        1 1 0 0 0 0 0 0 0 0 0 0 0 0 0 0 0;
  INPUT ---        1 0 1 0 0 0 0 0 0 0 0 0 0 0 0 0 0;
  INPUT ---        1 0 0 1 0 0 0 0 0 0 0 0 0 0 0 0 0;
  INPUT ---        1 0 0 0 1 0 0 0 0 0 0 0 0 0 0 0 0;
  INPUT ---        1 0 0 0 0 1 0 0 0 0 0 0 0 0 0 0 0;
  INPUT ---        1 0 0 0 0 0 1 0 0 0 0 0 0 0 0 0 0;
  INPUT ---        1 0 0 0 0 0 0 1 0 0 0 0 0 0 0 0 0;
  INPUT ---        1 1 0 0 0 0 0 1 0 0 0 0 0 0 0 0 0;
  INPUT ---        1 0 1 0 0 0 0 1 0 0 0 0 0 0 0 0 0;
  INPUT ---        1 0 0 1 0 0 0 1 0 0 0 0 0 0 0 0 0;
  INPUT ---        1 0 0 0 1 0 0 1 0 0 0 0 0 0 0 0 0;
  INPUT ---        1 0 0 0 0 1 0 1 0 0 0 0 0 0 0 0 0;
  INPUT ---        1 0 0 0 0 0 1 1 0 0 0 0 0 0 0 0 0;
  INPUT ---        0 0 0 0 0 0 0 0 1 0 0 0 0 0 0 0 0;
  INPUT ---        0 0 0 0 0 0 0 0 0 1 0 0 0 0 0 0 0;
  INPUT ---        0 0 0 0 0 0 0 0 0 1 1 0 0 0 0 0 0;
  INPUT ---        0 0 0 0 0 0 0 0 0 1 0 1 0 0 0 0 0;

  Program  MARK  - Survival Rate Estimation with Capture-Recapture Data
   gfortran(Win64) Vers. 8.0 Jun 2014   25-Jan-2015 15:09:51    Page  007
 - - - - - - - - - - - - - - - - - - - - - - - - - - - - - - - - - - - - - -
 
  INPUT ---        0 0 0 0 0 0 0 0 0 1 0 0 1 0 0 0 0;
  INPUT ---        0 0 0 0 0 0 0 0 0 1 0 0 0 1 0 0 0;
  INPUT ---        0 0 0 0 0 0 0 0 0 1 0 0 0 0 1 0 0;
  INPUT ---        0 0 0 0 0 0 0 0 0 1 0 0 0 0 0 1 0;
  INPUT ---        0 0 0 0 0 0 0 0 0 0 0 0 0 0 0 0 1;

  INPUT ---    blabel(1)=S:(Intercept);

  INPUT ---    blabel(2)=S:age1;

  INPUT ---    blabel(3)=S:age2;

  INPUT ---    blabel(4)=S:age3;

  INPUT ---    blabel(5)=S:age4;

  INPUT ---    blabel(6)=S:age5;

  INPUT ---    blabel(7)=S:age6;

  INPUT ---    blabel(8)=S:sex5;

  INPUT ---    blabel(9)=p:(Intercept);

  INPUT ---    blabel(10)=r:(Intercept);

  INPUT ---    blabel(11)=r:age1;

  INPUT ---    blabel(12)=r:age2;

  INPUT ---    blabel(13)=r:age3;

  INPUT ---    blabel(14)=r:age4;

  INPUT ---    blabel(15)=r:age5;

  INPUT ---    blabel(16)=r:age6;

  INPUT ---    blabel(17)=F:(Intercept);

  INPUT ---    rlabel(1)=S g41 c2005 c1 a0 t2005;

  INPUT ---    rlabel(2)=S g41 c2005 c1 a1 t2006;

  INPUT ---    rlabel(3)=S g41 c2005 c1 a2 t2007;


  Program  MARK  - Survival Rate Estimation with Capture-Recapture Data
   gfortran(Win64) Vers. 8.0 Jun 2014   25-Jan-2015 15:09:51    Page  008
 - - - - - - - - - - - - - - - - - - - - - - - - - - - - - - - - - - - - - -
 
  INPUT ---    rlabel(4)=S g41 c2005 c1 a3 t2008;

  INPUT ---    rlabel(5)=S g41 c2005 c1 a4 t2009;

  INPUT ---    rlabel(6)=S g41 c2005 c1 a5 t2010;

  INPUT ---    rlabel(7)=S g41 c2005 c1 a6 t2011;

  INPUT ---    rlabel(8)=S g51 c2005 c1 a0 t2005;

  INPUT ---    rlabel(9)=S g51 c2005 c1 a1 t2006;

  INPUT ---    rlabel(10)=S g51 c2005 c1 a2 t2007;

  INPUT ---    rlabel(11)=S g51 c2005 c1 a3 t2008;

  INPUT ---    rlabel(12)=S g51 c2005 c1 a4 t2009;

  INPUT ---    rlabel(13)=S g51 c2005 c1 a5 t2010;

  INPUT ---    rlabel(14)=S g51 c2005 c1 a6 t2011;

  INPUT ---    rlabel(15)=p g41 c2005 c1 a1 t2006;

  INPUT ---    rlabel(16)=r g41 c2005 c1 a0 t2005;

  INPUT ---    rlabel(17)=r g41 c2005 c1 a1 t2006;

  INPUT ---    rlabel(18)=r g41 c2005 c1 a2 t2007;

  INPUT ---    rlabel(19)=r g41 c2005 c1 a3 t2008;

  INPUT ---    rlabel(20)=r g41 c2005 c1 a4 t2009;

  INPUT ---    rlabel(21)=r g41 c2005 c1 a5 t2010;

  INPUT ---    rlabel(22)=r g41 c2005 c1 a6 t2011;

  INPUT ---    rlabel(23)=F g41 c2005 c1 a0 t2005;

 Link Function Used is LOGIT        

 Variance Estimation Procedure Used is 2ndPart 

 M(t+1):

  Program  MARK  - Survival Rate Estimation with Capture-Recapture Data
   gfortran(Win64) Vers. 8.0 Jun 2014   25-Jan-2015 15:09:51    Page  009
 - - - - - - - - - - - - - - - - - - - - - - - - - - - - - - - - - - - - - -
 



 -2logL(saturated) = 1739.8188     
 Effective Sample Size = 7075

 Number of function evaluations was 78 for 17 parameters.
 Time for numerical optimization was 1.70 seconds.
 -2logL { S(~age + sex)p(~1)r(~age)F(~1) } = 2687.0429     
 Penalty { S(~age + sex)p(~1)r(~age)F(~1) } = -0.0000000    
 Gradient { S(~age + sex)p(~1)r(~age)F(~1) }:
  0.1432079E-04  0.000000     0.2745277E-05  0.000000      0.000000    
   0.000000      0.000000      0.000000    -0.8454733E-05 0.3378412E-04
   0.000000      0.000000      0.000000      0.000000      0.000000    
   0.000000      0.000000    
 S Vector { S(~age + sex)p(~1)r(~age)F(~1) }:
   285.4447      24.27974      2.456865     0.9989218     0.5176814    
  0.2115547     0.6306574E-06 0.5551030E-06 0.1774281E-06 0.1537128E-06
  0.1406735E-06 0.1268805E-06 0.6211565E-07 0.4846701E-07 0.3178831E-07
  0.1010558E-07 0.6135189E-09
 Time to compute number of parameters was 0.41 seconds.
   Threshold =  0.3600000E-06     Condition index =  0.2149344E-11     New Threshold =  0.2529603E-08
 New Guessimate of Estimated Parameters { S(~age + sex)p(~1)r(~age)F(~1) } = 6          
 Conditioned S Vector { S(~age + sex)p(~1)r(~age)F(~1) }:
   1.000000     0.8505934E-01 0.8607150E-02 0.3499528E-02 0.1813596E-02
  0.7411407E-03 0.2209385E-08 0.1944695E-08 0.6215847E-09 0.5385029E-09
  0.4928221E-09 0.4445013E-09 0.2176101E-09 0.1697947E-09 0.1113642E-09
  0.3540294E-10 0.2149344E-11
 Number of Estimated Parameters { S(~age + sex)p(~1)r(~age)F(~1) } = 6          
 DEVIANCE { S(~age + sex)p(~1)r(~age)F(~1) } = 947.22411                     
 DEVIANCE Degrees of Freedom { S(~age + sex)p(~1)r(~age)F(~1) } = 9            
 c-hat { S(~age + sex)p(~1)r(~age)F(~1) } = 105.24712                     
 AIC { S(~age + sex)p(~1)r(~age)F(~1) } = 2699.0429                  
 AICc { S(~age + sex)p(~1)r(~age)F(~1) } = 2699.0547                    
 BIC { S(~age + sex)p(~1)r(~age)F(~1) } = 2740.2288                    
 Pearson Chisquare { S(~age + sex)p(~1)r(~age)F(~1) } = Not a Number               
 Possible Encounter Histories { S(~age + sex)p(~1)r(~age)F(~1) } = 896             
 Pearson Chisquare df { S(~age + sex)p(~1)r(~age)F(~1) } = 854        
 Pearson chat { S(~age + sex)p(~1)r(~age)F(~1) } = Not a Number               
 Sum(Observed/Expected) { S(~age + sex)p(~1)r(~age)F(~1) } = Not a Number               
 Fletcher chat { S(~age + sex)p(~1)r(~age)F(~1) } = Not a Number               


              LOGIT Link Function Parameters of { S(~age + sex)p(~1)r(~age)F(~1) }
                                                              95% Confidence Interval
 Parameter                    Beta         Standard Error      Lower           Upper
 -------------------------  --------------  --------------  --------------  --------------
    1:S:(Intercept)         -2.1754371      1.5608983       -5.2347979      0.8839236     
    2:S:age1                8.5477408       1.0097146       6.5687002       10.526781     
    3:S:age2                15.564715       1281.5268       -2496.2279      2527.3573     
    4:S:age3                22.584920       3629.9781       -7092.1723      7137.3421     
    5:S:age4                19.773114       3019.4893       -5898.4260      5937.9722     
    6:S:age5                21.124219       2436.7366       -4754.8796      4797.1281     
    7:S:age6                17.342243       0.0000000       17.342243       17.342243     
    8:S:sex5                -0.6842856      0.6368563       -1.9325239      0.5639528     
    9:p:(Intercept)         -4.3786101      1.5554996       -7.4273894      -1.3298308    
   10:r:(Intercept)         -3.0381167      0.1428686       -3.3181392      -2.7580943    
   11:r:age1                20.169530       0.0000000       20.169530       20.169530     
   12:r:age2                -20.965208      9848.2737       -19323.582      19281.652     
   13:r:age3                -12.828946      5241.7933       -10286.744      10261.086     
   14:r:age4                -7.6274169      1397.6102       -2746.9435      2731.6887     

  Program  MARK  - Survival Rate Estimation with Capture-Recapture Data
   gfortran(Win64) Vers. 8.0 Jun 2014   25-Jan-2015 15:09:51    Page  010
 - - - - - - - - - - - - - - - - - - - - - - - - - - - - - - - - - - - - - -
 
   15:r:age5                -2.3559421      0.0000000       -2.3559421      -2.3559421    
   16:r:age6                -284.09896      253.21064       -780.39182      212.19390     
   17:F:(Intercept)         1.6696452       1.3453236       -0.9671891      4.3064795     


              Real Function Parameters of { S(~age + sex)p(~1)r(~age)F(~1) }
                                                               95% Confidence Interval
  Parameter                  Estimate       Standard Error      Lower           Upper
 --------------------------  --------------  --------------  --------------  --------------
     1:S g41 c2005 c1 a0 t2  0.1019780       0.1429447       0.0052997       0.7076346                           
     2:S g41 c2005 c1 a1 t2  0.9982947       0.0029894       0.9493360       0.9999453                           
     3:S g41 c2005 c1 a2 t2  0.9999985       0.0019626       0.6438016E-298  1.0000000                           
     4:S g41 c2005 c1 a3 t2  1.0000000       0.4967964E-005  0.9999903       1.0000097                           
     5:S g41 c2005 c1 a4 t2  1.0000000       0.6876374E-004  0.4329487E-296  1.0000000                           
     6:S g41 c2005 c1 a5 t2  1.0000000       0.1437004E-004  0.9999718       1.0000282                           
     7:S g41 c2005 c1 a6 t2  0.9999997       0.0000000       0.9999997       0.9999997                           
     8:S g51 c2005 c1 a0 t2  0.0541809       0.0910414       0.0017580       0.6507583                           
     9:S g51 c2005 c1 a1 t2  0.9966251       0.0065192       0.8686481       0.9999242                           
    10:S g51 c2005 c1 a2 t2  0.9999970       0.0038906       0.3247660E-298  1.0000000                           
    11:S g51 c2005 c1 a3 t2  1.0000000       0.9848271E-005  0.9999807       1.0000193                           
    12:S g51 c2005 c1 a4 t2  1.0000000       0.1363141E-003  0.2184012E-296  1.0000000                           
    13:S g51 c2005 c1 a5 t2  1.0000000       0.2848652E-004  0.8433983E-296  1.0000000                           
    14:S g51 c2005 c1 a6 t2  0.9999995       0.0000000       0.9999995       0.9999995                           
    15:p g41 c2005 c1 a1 t2  0.0123874       0.0190299       0.5943846E-003  0.2091874                           
    16:r g41 c2005 c1 a0 t2  0.0457333       0.0062350       0.0349541       0.0596311                           
    17:r g41 c2005 c1 a1 t2  1.0000000       0.0000000       1.0000000       1.0000000                           
    18:r g41 c2005 c1 a2 t2  0.3762605E-010  0.3705516E-006  -.7262435E-006  0.7263188E-006                      
    19:r g41 c2005 c1 a3 t2  0.1285352E-006  0.6737547E-003  0.1267315E-310  1.0000000                           
    20:r g41 c2005 c1 a4 t2  0.2333498E-004  0.0326124       0.2300807E-308  1.0000000                           
    21:r g41 c2005 c1 a5 t2  0.0045229       0.0000000       0.0045229       0.0045229                           
    22:r g41 c2005 c1 a6 t2  0.1985878E-124  0.5028449E-122  -.9835902E-122  0.9875620E-122                      
    23:F g41 c2005 c1 a0 t2  0.8415285       0.1794100       0.2754411       0.9866984                           

 Attempted ordering of parameters by estimatibility:
  10  9  8  2 17  1  3 14  7 15  6  5  4 11 13 12 16
 Beta number 16 is a singular value.

     CPU Time in seconds for last procedure was 2.12

  Program  MARK  - Survival Rate Estimation with Capture-Recapture Data
   gfortran(Win64) Vers. 8.0 Jun 2014   25-Jan-2015 15:09:51    Page  011
 - - - - - - - - - - - - - - - - - - - - - - - - - - - - - - - - - - - - - -
 


  INPUT --- proc stop;

     CPU Time in minutes for this job was 0.04

     Time Start = 15:09:51.134   Time End = 15:09:51.632

     Wall Clock Time in minutes for this job was 0.01


          E X E C U T I O N   S U C C E S S F U L 
