
   Program  MARK  - Survival Rate Estimation with Capture-Recapture Data
   gfortran(Win64) Vers. 8.0 Jun 2014   21-Jan-2015 17:31:39    Page  001
 - - - - - - - - - - - - - - - - - - - - - - - - - - - - - - - - - - - - - -
 
   This version was compiled by GCC version 4.8.1 using the options 
   -m64 -mtune=generic -march=x86-64 -mthreads -O2 -fimplicit-none -fbounds-check -funroll-loops -ftree-vectorize -fopenmp.
   This problem will use 3 of 4 possible threads.


  INPUT --- proc title ;

     CPU Time in seconds for last procedure was 0.00


  INPUT --- proc chmatrix occasions= 7 groups= 2 etype= Live ICMeans 
  INPUT --- NoHist hist= 55 ;

  INPUT ---    time  interval 1 1 1 1 1 1 ;

  INPUT ---    glabel(1)=sexFemale;

  INPUT ---    glabel(2)=sexMale;

   * *  WARNING  * *   At least a pair of the encounter histories are duplicates. 

      Number of unique encounter histories read was 32.

      Number of individual covariates read was 0.
      Time interval lengths are all equal to 1.

      Data type number is 1
      Data type is Live Recaptures (CJS)                                                                               

     CPU Time in seconds for last procedure was 0.00

  Program  MARK  - Survival Rate Estimation with Capture-Recapture Data
   gfortran(Win64) Vers. 8.0 Jun 2014   21-Jan-2015 17:31:39    Page  002
 - - - - - - - - - - - - - - - - - - - - - - - - - - - - - - - - - - - - - -
 


  INPUT --- proc estimate link=Logit NOLOOP varest=2ndPart    ;


  INPUT --- model={ Phi(~time)p(~sex * time) };

  INPUT ---    group=1 Phi    rows=6 cols=6 Triang ;
  INPUT ---        1 2 3 4 5 6 ;
  INPUT ---        2 3 4 5 6 ;
  INPUT ---        3 4 5 6 ;
  INPUT ---        4 5 6 ;
  INPUT ---        5 6 ;
  INPUT ---        6 ;

  INPUT ---    group=2 Phi    rows=6 cols=6 Triang ;
  INPUT ---        1 2 3 4 5 6 ;
  INPUT ---        2 3 4 5 6 ;
  INPUT ---        3 4 5 6 ;
  INPUT ---        4 5 6 ;
  INPUT ---        5 6 ;
  INPUT ---        6 ;

  INPUT ---    group=1 p    rows=6 cols=6 Triang ;
  INPUT ---        7 8 9 10 11 12 ;
  INPUT ---        8 9 10 11 12 ;
  INPUT ---        9 10 11 12 ;
  INPUT ---        10 11 12 ;
  INPUT ---        11 12 ;
  INPUT ---        12 ;

  INPUT ---    group=2 p    rows=6 cols=6 Triang ;
  INPUT ---        13 14 15 16 17 18 ;
  INPUT ---        14 15 16 17 18 ;
  INPUT ---        15 16 17 18 ;
  INPUT ---        16 17 18 ;
  INPUT ---        17 18 ;
  INPUT ---        18 ;

  INPUT ---    design matrix constraints=18 covariates=18;
  INPUT ---        1 0 0 0 0 0 0 0 0 0 0 0 0 0 0 0 0 0;
  INPUT ---        1 1 0 0 0 0 0 0 0 0 0 0 0 0 0 0 0 0;
  INPUT ---        1 0 1 0 0 0 0 0 0 0 0 0 0 0 0 0 0 0;
  INPUT ---        1 0 0 1 0 0 0 0 0 0 0 0 0 0 0 0 0 0;
  INPUT ---        1 0 0 0 1 0 0 0 0 0 0 0 0 0 0 0 0 0;
  INPUT ---        1 0 0 0 0 1 0 0 0 0 0 0 0 0 0 0 0 0;

  Program  MARK  - Survival Rate Estimation with Capture-Recapture Data
   gfortran(Win64) Vers. 8.0 Jun 2014   21-Jan-2015 17:31:39    Page  003
 - - - - - - - - - - - - - - - - - - - - - - - - - - - - - - - - - - - - - -
 
  INPUT ---        0 0 0 0 0 0 1 0 0 0 0 0 0 0 0 0 0 0;
  INPUT ---        0 0 0 0 0 0 1 0 1 0 0 0 0 0 0 0 0 0;
  INPUT ---        0 0 0 0 0 0 1 0 0 1 0 0 0 0 0 0 0 0;
  INPUT ---        0 0 0 0 0 0 1 0 0 0 1 0 0 0 0 0 0 0;
  INPUT ---        0 0 0 0 0 0 1 0 0 0 0 1 0 0 0 0 0 0;
  INPUT ---        0 0 0 0 0 0 1 0 0 0 0 0 1 0 0 0 0 0;
  INPUT ---        0 0 0 0 0 0 1 1 0 0 0 0 0 0 0 0 0 0;
  INPUT ---        0 0 0 0 0 0 1 1 1 0 0 0 0 1 0 0 0 0;
  INPUT ---        0 0 0 0 0 0 1 1 0 1 0 0 0 0 1 0 0 0;
  INPUT ---        0 0 0 0 0 0 1 1 0 0 1 0 0 0 0 1 0 0;
  INPUT ---        0 0 0 0 0 0 1 1 0 0 0 1 0 0 0 0 1 0;
  INPUT ---        0 0 0 0 0 0 1 1 0 0 0 0 1 0 0 0 0 1;

  INPUT ---    blabel(1)=Phi:(Intercept);

  INPUT ---    blabel(2)=Phi:time2;

  INPUT ---    blabel(3)=Phi:time3;

  INPUT ---    blabel(4)=Phi:time4;

  INPUT ---    blabel(5)=Phi:time5;

  INPUT ---    blabel(6)=Phi:time6;

  INPUT ---    blabel(7)=p:(Intercept);

  INPUT ---    blabel(8)=p:sexMale;

  INPUT ---    blabel(9)=p:time3;

  INPUT ---    blabel(10)=p:time4;

  INPUT ---    blabel(11)=p:time5;

  INPUT ---    blabel(12)=p:time6;

  INPUT ---    blabel(13)=p:time7;

  INPUT ---    blabel(14)=p:sexMale:time3;

  INPUT ---    blabel(15)=p:sexMale:time4;

  INPUT ---    blabel(16)=p:sexMale:time5;

  INPUT ---    blabel(17)=p:sexMale:time6;

  Program  MARK  - Survival Rate Estimation with Capture-Recapture Data
   gfortran(Win64) Vers. 8.0 Jun 2014   21-Jan-2015 17:31:39    Page  004
 - - - - - - - - - - - - - - - - - - - - - - - - - - - - - - - - - - - - - -
 

  INPUT ---    blabel(18)=p:sexMale:time7;

  INPUT ---    rlabel(1)=Phi gFemale c1 c1 a0 t1;

  INPUT ---    rlabel(2)=Phi gFemale c1 c1 a1 t2;

  INPUT ---    rlabel(3)=Phi gFemale c1 c1 a2 t3;

  INPUT ---    rlabel(4)=Phi gFemale c1 c1 a3 t4;

  INPUT ---    rlabel(5)=Phi gFemale c1 c1 a4 t5;

  INPUT ---    rlabel(6)=Phi gFemale c1 c1 a5 t6;

  INPUT ---    rlabel(7)=p gFemale c1 c1 a1 t2;

  INPUT ---    rlabel(8)=p gFemale c1 c1 a2 t3;

  INPUT ---    rlabel(9)=p gFemale c1 c1 a3 t4;

  INPUT ---    rlabel(10)=p gFemale c1 c1 a4 t5;

  INPUT ---    rlabel(11)=p gFemale c1 c1 a5 t6;

  INPUT ---    rlabel(12)=p gFemale c1 c1 a6 t7;

  INPUT ---    rlabel(13)=p gMale c1 c1 a1 t2;

  INPUT ---    rlabel(14)=p gMale c1 c1 a2 t3;

  INPUT ---    rlabel(15)=p gMale c1 c1 a3 t4;

  INPUT ---    rlabel(16)=p gMale c1 c1 a4 t5;

  INPUT ---    rlabel(17)=p gMale c1 c1 a5 t6;

  INPUT ---    rlabel(18)=p gMale c1 c1 a6 t7;

 Link Function Used is LOGIT        

 Variance Estimation Procedure Used is 2ndPart 
 -2logL(saturated) = 582.47711     
 Effective Sample Size = 426

 Number of function evaluations was 65 for 18 parameters.
 Time for numerical optimization was 0.11 seconds.

  Program  MARK  - Survival Rate Estimation with Capture-Recapture Data
   gfortran(Win64) Vers. 8.0 Jun 2014   21-Jan-2015 17:31:39    Page  005
 - - - - - - - - - - - - - - - - - - - - - - - - - - - - - - - - - - - - - -
 
 -2logL { Phi(~time)p(~sex * time) } = 654.53351     
 Penalty { Phi(~time)p(~sex * time) } = -0.0000000    
 Gradient { Phi(~time)p(~sex * time) }:
 -0.5908320E-05-0.1037610E-04-0.5659620E-05  0.000000      0.000000    
 -0.7535194E-05-0.6368821E-05-0.2061733E-04-0.5353673E-05  0.000000    
 -0.1037338E-04-0.3944625E-05-0.1632946E-04-0.6915855E-06-0.1108536E-04
 -0.7743944E-05-0.1938746E-04-0.7835714E-05
 S Vector { Phi(~time)p(~sex * time) }:
   105.6712      37.41478      19.54332      17.00250      15.46219    
   7.925252      6.180046      2.819029      2.436928      1.312140    
  0.9763719     0.6282680     0.5058591     0.3790705     0.2345699    
  0.7322211E-01 0.1462333E-05 0.1192007E-06
 Time to compute number of parameters was 0.05 seconds.
   Threshold =  0.3800000E-06     Condition index =  0.1128033E-08     New Threshold =  0.5057256E-06
 New Guessimate of Estimated Parameters { Phi(~time)p(~sex * time) } = 16          
 Conditioned S Vector { Phi(~time)p(~sex * time) }:
   1.000000     0.3540678     0.1849446     0.1609000     0.1463236    
  0.7499914E-01 0.5848371E-01 0.2667735E-01 0.2306141E-01 0.1241719E-01
  0.9239713E-02 0.5945497E-02 0.4787103E-02 0.3587263E-02 0.2219808E-02
  0.6929238E-03 0.1383851E-07 0.1128033E-08
 Number of Estimated Parameters { Phi(~time)p(~sex * time) } = 16          
 DEVIANCE { Phi(~time)p(~sex * time) } = 72.056401                     
 DEVIANCE Degrees of Freedom { Phi(~time)p(~sex * time) } = 25            
 c-hat { Phi(~time)p(~sex * time) } = 2.8822560                     
 AIC { Phi(~time)p(~sex * time) } = 686.53351                  
 AICc { Phi(~time)p(~sex * time) } = 687.86359                    
 BIC { Phi(~time)p(~sex * time) } = 751.40454                    
 Pearson Chisquare { Phi(~time)p(~sex * time) } = 178.07349                  
 Possible Encounter Histories { Phi(~time)p(~sex * time) } = 252             
 Pearson Chisquare df { Phi(~time)p(~sex * time) } = 224        
 Pearson chat { Phi(~time)p(~sex * time) } = 0.7949709                  
 Sum(Observed/Expected) { Phi(~time)p(~sex * time) } = 211.65643                  
 Fletcher chat { Phi(~time)p(~sex * time) } = 0.9464994                  


                 LOGIT Link Function Parameters of { Phi(~time)p(~sex * time) }
                                                              95% Confidence Interval
 Parameter                    Beta         Standard Error      Lower           Upper
 -------------------------  --------------  --------------  --------------  --------------
    1:Phi:(Intercept)       0.9241820       0.7592884       -0.5640232      2.4123872     
    2:Phi:time2             -1.1913216      0.8610679       -2.8790147      0.4963716     
    3:Phi:time3             -1.0087363      0.7955043       -2.5679248      0.5504522     
    4:Phi:time4             -0.4117148      0.8000890       -1.9798893      1.1564597     
    5:Phi:time5             -0.5248344      0.7941403       -2.0813494      1.0316806     
    6:Phi:time6             0.5087446       0.0000000       0.5087446       0.5087446     
    7:p:(Intercept)         0.7850531       1.0156776       -1.2056751      2.7757812     
    8:p:sexMale             0.1028280       1.2979790       -2.4412108      2.6468669     
    9:p:time3               1.1235297       1.4320230       -1.6832354      3.9302947     
   10:p:time4               1.5256401       1.4402495       -1.2972489      4.3485292     
   11:p:time5               1.1918957       1.2498748       -1.2578590      3.6416504     
   12:p:time6               1.8820697       1.4321562       -0.9249565      4.6890958     
   13:p:time7               -0.3924136      0.0000000       -0.3924136      -0.3924136    
   14:p:sexMale:time3       15.438581       2896.4141       -5661.5331      5692.4102     
   15:p:sexMale:time4       -0.0255588      1.9286229       -3.8056597      3.7545421     
   16:p:sexMale:time5       0.4680741       1.7839216       -3.0284124      3.9645605     
   17:p:sexMale:time6       -0.1727876      1.9174640       -3.9310172      3.5854420     
   18:p:sexMale:time7       0.4508804       0.0000000       0.4508804       0.4508804     

  Program  MARK  - Survival Rate Estimation with Capture-Recapture Data
   gfortran(Win64) Vers. 8.0 Jun 2014   21-Jan-2015 17:31:39    Page  006
 - - - - - - - - - - - - - - - - - - - - - - - - - - - - - - - - - - - - - -
 


                 Real Function Parameters of { Phi(~time)p(~sex * time) }
                                                               95% Confidence Interval
  Parameter                  Estimate       Standard Error      Lower           Upper
 --------------------------  --------------  --------------  --------------  --------------
     1:Phi gFemale c1 c1 a0  0.7158935       0.1544317       0.3626171       0.9177670                           
     2:Phi gFemale c1 c1 a1  0.4336095       0.0679647       0.3079873       0.5683854                           
     3:Phi gFemale c1 c1 a2  0.4788740       0.0596495       0.3651588       0.5948216                           
     4:Phi gFemale c1 c1 a3  0.6253847       0.0590955       0.5045168       0.7324065                           
     5:Phi gFemale c1 c1 a4  0.5985309       0.0559115       0.4858266       0.7016995                           
     6:Phi gFemale c1 c1 a5  0.8073569       0.0000000       0.8073569       0.8073569                           
     7:p gFemale c1 c1 a1 t  0.6867681       0.2184902       0.2304672       0.9413530                           
     8:p gFemale c1 c1 a2 t  0.8708598       0.1142938       0.4791807       0.9801692                           
     9:p gFemale c1 c1 a3 t  0.9097588       0.0838474       0.5766219       0.9867767                           
    10:p gFemale c1 c1 a4 t  0.8783555       0.0778292       0.6339620       0.9678494                           
    11:p gFemale c1 c1 a5 t  0.9350585       0.0613119       0.6655550       0.9904923                           
    12:p gFemale c1 c1 a6 t  0.5969179       0.0000000       0.5969179       0.5969179                           
    13:p gMale c1 c1 a1 t2   0.7084527       0.2105560       0.2478415       0.9471460                           
    14:p gMale c1 c1 a2 t3   1.0000000       0.7645840E-004  0.3735064E-296  1.0000000                           
    15:p gMale c1 c1 a3 t4   0.9159048       0.0789016       0.5939124       0.9878207                           
    16:p gMale c1 c1 a4 t5   0.9274290       0.0682113       0.6367858       0.9893792                           
    17:p gMale c1 c1 a5 t6   0.9306788       0.0655622       0.6468845       0.9899388                           
    18:p gMale c1 c1 a6 t7   0.7203801       0.0000000       0.7203801       0.7203801                           

 Attempted ordering of parameters by estimatibility:
   1  7  5  3  4 13  8 11 12 18 10  2 16  9 17 15  6 14
 Beta number 14 is a singular value.

     CPU Time in seconds for last procedure was 0.17

  Program  MARK  - Survival Rate Estimation with Capture-Recapture Data
   gfortran(Win64) Vers. 8.0 Jun 2014   21-Jan-2015 17:31:39    Page  007
 - - - - - - - - - - - - - - - - - - - - - - - - - - - - - - - - - - - - - -
 


  INPUT --- proc stop;

     CPU Time in minutes for this job was 0.00

     Time Start = 17:31:39.568   Time End = 17:31:39.710

     Wall Clock Time in minutes for this job was 0.00


          E X E C U T I O N   S U C C E S S F U L 
