
   Program  MARK  - Survival Rate Estimation with Capture-Recapture Data
   gfortran(Win64) Vers. 8.0 Jun 2014   21-Jan-2015 17:31:53    Page  001
 - - - - - - - - - - - - - - - - - - - - - - - - - - - - - - - - - - - - - -
 
   This version was compiled by GCC version 4.8.1 using the options 
   -m64 -mtune=generic -march=x86-64 -mthreads -O2 -fimplicit-none -fbounds-check -funroll-loops -ftree-vectorize -fopenmp.
   This problem will use 3 of 4 possible threads.


  INPUT --- proc title ;

     CPU Time in seconds for last procedure was 0.00


  INPUT --- proc chmatrix occasions= 7 groups= 2 etype= Live ICMeans 
  INPUT --- NoHist hist= 55 ;

  INPUT ---    time  interval 1 1 1 1 1 1 ;

  INPUT ---    glabel(1)=sexFemale;

  INPUT ---    glabel(2)=sexMale;

   * *  WARNING  * *   At least a pair of the encounter histories are duplicates. 

      Number of unique encounter histories read was 32.

      Number of individual covariates read was 0.
      Time interval lengths are all equal to 1.

      Data type number is 1
      Data type is Live Recaptures (CJS)                                                                               

     CPU Time in seconds for last procedure was 0.02

  Program  MARK  - Survival Rate Estimation with Capture-Recapture Data
   gfortran(Win64) Vers. 8.0 Jun 2014   21-Jan-2015 17:31:53    Page  002
 - - - - - - - - - - - - - - - - - - - - - - - - - - - - - - - - - - - - - -
 


  INPUT --- proc estimate link=Logit NOLOOP varest=2ndPart    ;


  INPUT --- model={ Phi(~sex * time)p(~time) };

  INPUT ---    group=1 Phi    rows=6 cols=6 Triang ;
  INPUT ---        1 2 3 4 5 6 ;
  INPUT ---        2 3 4 5 6 ;
  INPUT ---        3 4 5 6 ;
  INPUT ---        4 5 6 ;
  INPUT ---        5 6 ;
  INPUT ---        6 ;

  INPUT ---    group=2 Phi    rows=6 cols=6 Triang ;
  INPUT ---        7 8 9 10 11 12 ;
  INPUT ---        8 9 10 11 12 ;
  INPUT ---        9 10 11 12 ;
  INPUT ---        10 11 12 ;
  INPUT ---        11 12 ;
  INPUT ---        12 ;

  INPUT ---    group=1 p    rows=6 cols=6 Triang ;
  INPUT ---        13 14 15 16 17 18 ;
  INPUT ---        14 15 16 17 18 ;
  INPUT ---        15 16 17 18 ;
  INPUT ---        16 17 18 ;
  INPUT ---        17 18 ;
  INPUT ---        18 ;

  INPUT ---    group=2 p    rows=6 cols=6 Triang ;
  INPUT ---        13 14 15 16 17 18 ;
  INPUT ---        14 15 16 17 18 ;
  INPUT ---        15 16 17 18 ;
  INPUT ---        16 17 18 ;
  INPUT ---        17 18 ;
  INPUT ---        18 ;

  INPUT ---    design matrix constraints=18 covariates=18;
  INPUT ---        1 0 0 0 0 0 0 0 0 0 0 0 0 0 0 0 0 0;
  INPUT ---        1 0 1 0 0 0 0 0 0 0 0 0 0 0 0 0 0 0;
  INPUT ---        1 0 0 1 0 0 0 0 0 0 0 0 0 0 0 0 0 0;
  INPUT ---        1 0 0 0 1 0 0 0 0 0 0 0 0 0 0 0 0 0;
  INPUT ---        1 0 0 0 0 1 0 0 0 0 0 0 0 0 0 0 0 0;
  INPUT ---        1 0 0 0 0 0 1 0 0 0 0 0 0 0 0 0 0 0;

  Program  MARK  - Survival Rate Estimation with Capture-Recapture Data
   gfortran(Win64) Vers. 8.0 Jun 2014   21-Jan-2015 17:31:53    Page  003
 - - - - - - - - - - - - - - - - - - - - - - - - - - - - - - - - - - - - - -
 
  INPUT ---        1 1 0 0 0 0 0 0 0 0 0 0 0 0 0 0 0 0;
  INPUT ---        1 1 1 0 0 0 0 1 0 0 0 0 0 0 0 0 0 0;
  INPUT ---        1 1 0 1 0 0 0 0 1 0 0 0 0 0 0 0 0 0;
  INPUT ---        1 1 0 0 1 0 0 0 0 1 0 0 0 0 0 0 0 0;
  INPUT ---        1 1 0 0 0 1 0 0 0 0 1 0 0 0 0 0 0 0;
  INPUT ---        1 1 0 0 0 0 1 0 0 0 0 1 0 0 0 0 0 0;
  INPUT ---        0 0 0 0 0 0 0 0 0 0 0 0 1 0 0 0 0 0;
  INPUT ---        0 0 0 0 0 0 0 0 0 0 0 0 1 1 0 0 0 0;
  INPUT ---        0 0 0 0 0 0 0 0 0 0 0 0 1 0 1 0 0 0;
  INPUT ---        0 0 0 0 0 0 0 0 0 0 0 0 1 0 0 1 0 0;
  INPUT ---        0 0 0 0 0 0 0 0 0 0 0 0 1 0 0 0 1 0;
  INPUT ---        0 0 0 0 0 0 0 0 0 0 0 0 1 0 0 0 0 1;

  INPUT ---    blabel(1)=Phi:(Intercept);

  INPUT ---    blabel(2)=Phi:sexMale;

  INPUT ---    blabel(3)=Phi:time2;

  INPUT ---    blabel(4)=Phi:time3;

  INPUT ---    blabel(5)=Phi:time4;

  INPUT ---    blabel(6)=Phi:time5;

  INPUT ---    blabel(7)=Phi:time6;

  INPUT ---    blabel(8)=Phi:sexMale:time2;

  INPUT ---    blabel(9)=Phi:sexMale:time3;

  INPUT ---    blabel(10)=Phi:sexMale:time4;

  INPUT ---    blabel(11)=Phi:sexMale:time5;

  INPUT ---    blabel(12)=Phi:sexMale:time6;

  INPUT ---    blabel(13)=p:(Intercept);

  INPUT ---    blabel(14)=p:time3;

  INPUT ---    blabel(15)=p:time4;

  INPUT ---    blabel(16)=p:time5;

  INPUT ---    blabel(17)=p:time6;

  Program  MARK  - Survival Rate Estimation with Capture-Recapture Data
   gfortran(Win64) Vers. 8.0 Jun 2014   21-Jan-2015 17:31:53    Page  004
 - - - - - - - - - - - - - - - - - - - - - - - - - - - - - - - - - - - - - -
 

  INPUT ---    blabel(18)=p:time7;

  INPUT ---    rlabel(1)=Phi gFemale c1 c1 a0 t1;

  INPUT ---    rlabel(2)=Phi gFemale c1 c1 a1 t2;

  INPUT ---    rlabel(3)=Phi gFemale c1 c1 a2 t3;

  INPUT ---    rlabel(4)=Phi gFemale c1 c1 a3 t4;

  INPUT ---    rlabel(5)=Phi gFemale c1 c1 a4 t5;

  INPUT ---    rlabel(6)=Phi gFemale c1 c1 a5 t6;

  INPUT ---    rlabel(7)=Phi gMale c1 c1 a0 t1;

  INPUT ---    rlabel(8)=Phi gMale c1 c1 a1 t2;

  INPUT ---    rlabel(9)=Phi gMale c1 c1 a2 t3;

  INPUT ---    rlabel(10)=Phi gMale c1 c1 a3 t4;

  INPUT ---    rlabel(11)=Phi gMale c1 c1 a4 t5;

  INPUT ---    rlabel(12)=Phi gMale c1 c1 a5 t6;

  INPUT ---    rlabel(13)=p gFemale c1 c1 a1 t2;

  INPUT ---    rlabel(14)=p gFemale c1 c1 a2 t3;

  INPUT ---    rlabel(15)=p gFemale c1 c1 a3 t4;

  INPUT ---    rlabel(16)=p gFemale c1 c1 a4 t5;

  INPUT ---    rlabel(17)=p gFemale c1 c1 a5 t6;

  INPUT ---    rlabel(18)=p gFemale c1 c1 a6 t7;

 Link Function Used is LOGIT        

 Variance Estimation Procedure Used is 2ndPart 
 -2logL(saturated) = 582.47711     
 Effective Sample Size = 426

 Number of function evaluations was 32 for 18 parameters.
 Time for numerical optimization was 0.14 seconds.

  Program  MARK  - Survival Rate Estimation with Capture-Recapture Data
   gfortran(Win64) Vers. 8.0 Jun 2014   21-Jan-2015 17:31:53    Page  005
 - - - - - - - - - - - - - - - - - - - - - - - - - - - - - - - - - - - - - -
 
 -2logL { Phi(~sex * time)p(~time) } = 655.47328     
 Penalty { Phi(~sex * time)p(~time) } = -0.0000000    
 Gradient { Phi(~sex * time)p(~time) }:
 -0.1140123E-04-0.2047246E-04  0.000000      0.000000    -0.7867145E-05
 -0.7780352E-05-0.1770206E-04-0.9977296E-05-0.1807277E-04  0.000000    
   0.000000    -0.1215538E-04  0.000000      0.000000      0.000000    
   0.000000    -0.8145982E-05-0.2071188E-04
 S Vector { Phi(~sex * time)p(~time) }:
   137.1043      29.17942      25.51831      21.74238      20.06041    
   18.87866      7.588082      3.702463      3.230637      3.020536    
   2.321140      1.860781      1.647239      1.101420     0.6765639    
  0.2294836     0.6728142E-01 0.6000108E-05
 Time to compute number of parameters was 0.06 seconds.
   Threshold =  0.3800000E-06     Condition index =  0.4376307E-07     New Threshold =  0.2545630E-04
 New Guessimate of Estimated Parameters { Phi(~sex * time)p(~time) } = 17          
 Conditioned S Vector { Phi(~sex * time)p(~time) }:
   1.000000     0.2128264     0.1861232     0.1585827     0.1463149    
  0.1376955     0.5534530E-01 0.2700471E-01 0.2356335E-01 0.2203093E-01
  0.1692974E-01 0.1357200E-01 0.1201449E-01 0.8033442E-02 0.4934664E-02
  0.1673788E-02 0.4907315E-03 0.4376307E-07
 Number of Estimated Parameters { Phi(~sex * time)p(~time) } = 17          
 DEVIANCE { Phi(~sex * time)p(~time) } = 72.996173                     
 DEVIANCE Degrees of Freedom { Phi(~sex * time)p(~time) } = 24            
 c-hat { Phi(~sex * time)p(~time) } = 3.0415072                     
 AIC { Phi(~sex * time)p(~time) } = 689.47328                  
 AICc { Phi(~sex * time)p(~time) } = 690.97328                    
 BIC { Phi(~sex * time)p(~time) } = 758.39875                    
 Pearson Chisquare { Phi(~sex * time)p(~time) } = 201.66639                  
 Possible Encounter Histories { Phi(~sex * time)p(~time) } = 252             
 Pearson Chisquare df { Phi(~sex * time)p(~time) } = 223        
 Pearson chat { Phi(~sex * time)p(~time) } = 0.9043336                  
 Sum(Observed/Expected) { Phi(~sex * time)p(~time) } = 235.13628                  
 Fletcher chat { Phi(~sex * time)p(~time) } = 0.9691914                  


                 LOGIT Link Function Parameters of { Phi(~sex * time)p(~time) }
                                                              95% Confidence Interval
 Parameter                    Beta         Standard Error      Lower           Upper
 -------------------------  --------------  --------------  --------------  --------------
    1:Phi:(Intercept)       0.9942908       1.0636214       -1.0904072      3.0789888     
    2:Phi:sexMale           -0.1106318      1.2800757       -2.6195802      2.3983165     
    3:Phi:time2             -1.2692808      1.1760792       -3.5743960      1.0358344     
    4:Phi:time3             -1.1508611      1.1118092       -3.3300071      1.0282849     
    5:Phi:time4             -0.4450837      1.1187251       -2.6377849      1.7476175     
    6:Phi:time5             -0.4612042      1.1152061       -2.6470082      1.7245998     
    7:Phi:time6             -0.2844472      0.0000000       -0.2844472      -0.2844472    
    8:Phi:sexMale:time2     0.1394554       1.4488162       -2.7002245      2.9791353     
    9:Phi:sexMale:time3     0.2581007       1.3626473       -2.4126881      2.9288894     
   10:Phi:sexMale:time4     0.0407281       1.3690098       -2.6425312      2.7239873     
   11:Phi:sexMale:time5     -0.1492060      1.3567891       -2.8085128      2.5101007     
   12:Phi:sexMale:time6     0.8705600       0.0000000       0.8705600       0.8705600     
   13:p:(Intercept)         0.8312973       0.7843394       -0.7060079      2.3686026     
   14:p:time3               1.6517538       1.2917907       -0.8801561      4.1836636     
   15:p:time4               1.5201138       1.0733575       -0.5836669      3.6238945     
   16:p:time5               1.3772155       0.9889535       -0.5611334      3.3155644     
   17:p:time6               1.7912371       1.0693787       -0.3047451      3.8872194     
   18:p:time7               0.0977934       0.0000000       0.0977934       0.0977934     

  Program  MARK  - Survival Rate Estimation with Capture-Recapture Data
   gfortran(Win64) Vers. 8.0 Jun 2014   21-Jan-2015 17:31:53    Page  006
 - - - - - - - - - - - - - - - - - - - - - - - - - - - - - - - - - - - - - -
 


                 Real Function Parameters of { Phi(~sex * time)p(~time) }
                                                               95% Confidence Interval
  Parameter                  Estimate       Standard Error      Lower           Upper
 --------------------------  --------------  --------------  --------------  --------------
     1:Phi gFemale c1 c1 a0  0.7299346       0.2096718       0.2515416       0.9560177                           
     2:Phi gFemale c1 c1 a1  0.4316825       0.0893422       0.2711573       0.6079680                           
     3:Phi gFemale c1 c1 a2  0.4609372       0.0804489       0.3119190       0.6172808                           
     4:Phi gFemale c1 c1 a3  0.6339516       0.0804710       0.4674294       0.7736227                           
     5:Phi gFemale c1 c1 a4  0.6302027       0.0781284       0.4690404       0.7667715                           
     6:Phi gFemale c1 c1 a5  0.6703666       0.0000000       0.6703666       0.6703666                           
     7:Phi gMale c1 c1 a0 t  0.7075799       0.1945886       0.2769545       0.9385975                           
     8:Phi gMale c1 c1 a1 t  0.4387673       0.1015259       0.2584100       0.6368958                           
     9:Phi gMale c1 c1 a2 t  0.4977247       0.0864029       0.3348090       0.6611249                           
    10:Phi gMale c1 c1 a3 t  0.6175834       0.0837088       0.4463591       0.7638671                           
    11:Phi gMale c1 c1 a4 t  0.5678903       0.0770318       0.4153178       0.7085850                           
    12:Phi gMale c1 c1 a5 t  0.8130227       0.0000000       0.8130227       0.8130227                           
    13:p gFemale c1 c1 a1 t  0.6966292       0.1657599       0.3304815       0.9144015                           
    14:p gFemale c1 c1 a2 t  0.9229451       0.0729964       0.6156837       0.9889568                           
    15:p gFemale c1 c1 a3 t  0.9130463       0.0581743       0.7140713       0.9778514                           
    16:p gFemale c1 c1 a4 t  0.9010114       0.0537246       0.7365051       0.9673635                           
    17:p gFemale c1 c1 a5 t  0.9322979       0.0458808       0.7681355       0.9828297                           
    18:p gFemale c1 c1 a6 t  0.7168908       0.0000000       0.7168908       0.7168908                           

 Attempted ordering of parameters by estimatibility:
   1  2 13  6  5  4 18 11  9 10 16 17  3  8 15 14 12  7
 Beta number 7 is a singular value.

     CPU Time in seconds for last procedure was 0.20

  Program  MARK  - Survival Rate Estimation with Capture-Recapture Data
   gfortran(Win64) Vers. 8.0 Jun 2014   21-Jan-2015 17:31:53    Page  007
 - - - - - - - - - - - - - - - - - - - - - - - - - - - - - - - - - - - - - -
 


  INPUT --- proc stop;

     CPU Time in minutes for this job was 0.00

     Time Start = 17:31:53.564   Time End = 17:31:53.696

     Wall Clock Time in minutes for this job was 0.00


          E X E C U T I O N   S U C C E S S F U L 
