
   Program  MARK  - Survival Rate Estimation with Capture-Recapture Data
   gfortran(Win64) Vers. 8.0 Jun 2014   25-Jan-2015 15:10:31    Page  001
 - - - - - - - - - - - - - - - - - - - - - - - - - - - - - - - - - - - - - -
 
   This version was compiled by GCC version 4.8.1 using the options 
   -m64 -mtune=generic -march=x86-64 -mthreads -O2 -fimplicit-none -fbounds-check -funroll-loops -ftree-vectorize -fopenmp.
   This problem will use 7 of 8 possible threads.


  INPUT --- proc title ;

     CPU Time in seconds for last procedure was 0.00


  INPUT --- proc chmatrix occasions= 7 groups= 6 etype= Both ICMeans 
  INPUT --- NoHist hist= 51 ;

  INPUT ---    time  interval 1 1 1 1 1 1 1 ;

  INPUT ---    glabel(1)=sex4.age1;

  INPUT ---    glabel(2)=sex5.age1;

  INPUT ---    glabel(3)=sex4.age2;

  INPUT ---    glabel(4)=sex5.age2;

  INPUT ---    glabel(5)=sex4.age4;

  INPUT ---    glabel(6)=sex5.age4;

   * *  WARNING  * *   At least a pair of the encounter histories are duplicates. 

      Number of unique encounter histories read was 17.

      Number of individual covariates read was 0.
      Time interval lengths are all equal to 1.

      Data type number is 3
      Data type is Joint Live and Dead Encounters (Burnham)                                                            

     CPU Time in seconds for last procedure was 0.02

  Program  MARK  - Survival Rate Estimation with Capture-Recapture Data
   gfortran(Win64) Vers. 8.0 Jun 2014   25-Jan-2015 15:10:31    Page  002
 - - - - - - - - - - - - - - - - - - - - - - - - - - - - - - - - - - - - - -
 


  INPUT --- proc estimate link=Logit NOLOOP varest=2ndPart    ;


  INPUT --- model={ S(~age)p(~1)r(~1)F(~1) };

  INPUT ---    group=1 S    rows=7 cols=7 Triang ;
  INPUT ---        1 2 3 4 5 6 7 ;
  INPUT ---        1 2 3 4 5 6 ;
  INPUT ---        1 2 3 4 5 ;
  INPUT ---        1 2 3 4 ;
  INPUT ---        1 2 3 ;
  INPUT ---        1 2 ;
  INPUT ---        1 ;

  INPUT ---    group=2 S    rows=7 cols=7 Triang ;
  INPUT ---        1 2 3 4 5 6 7 ;
  INPUT ---        1 2 3 4 5 6 ;
  INPUT ---        1 2 3 4 5 ;
  INPUT ---        1 2 3 4 ;
  INPUT ---        1 2 3 ;
  INPUT ---        1 2 ;
  INPUT ---        1 ;

  INPUT ---    group=3 S    rows=7 cols=7 Triang ;
  INPUT ---        1 2 3 4 5 6 7 ;
  INPUT ---        1 2 3 4 5 6 ;
  INPUT ---        1 2 3 4 5 ;
  INPUT ---        1 2 3 4 ;
  INPUT ---        1 2 3 ;
  INPUT ---        1 2 ;
  INPUT ---        1 ;

  INPUT ---    group=4 S    rows=7 cols=7 Triang ;
  INPUT ---        1 2 3 4 5 6 7 ;
  INPUT ---        1 2 3 4 5 6 ;
  INPUT ---        1 2 3 4 5 ;
  INPUT ---        1 2 3 4 ;
  INPUT ---        1 2 3 ;
  INPUT ---        1 2 ;
  INPUT ---        1 ;

  INPUT ---    group=5 S    rows=7 cols=7 Triang ;
  INPUT ---        1 2 3 4 5 6 7 ;
  INPUT ---        1 2 3 4 5 6 ;

  Program  MARK  - Survival Rate Estimation with Capture-Recapture Data
   gfortran(Win64) Vers. 8.0 Jun 2014   25-Jan-2015 15:10:31    Page  003
 - - - - - - - - - - - - - - - - - - - - - - - - - - - - - - - - - - - - - -
 
  INPUT ---        1 2 3 4 5 ;
  INPUT ---        1 2 3 4 ;
  INPUT ---        1 2 3 ;
  INPUT ---        1 2 ;
  INPUT ---        1 ;

  INPUT ---    group=6 S    rows=7 cols=7 Triang ;
  INPUT ---        1 2 3 4 5 6 7 ;
  INPUT ---        1 2 3 4 5 6 ;
  INPUT ---        1 2 3 4 5 ;
  INPUT ---        1 2 3 4 ;
  INPUT ---        1 2 3 ;
  INPUT ---        1 2 ;
  INPUT ---        1 ;

  INPUT ---    group=1 p    rows=6 cols=6 Triang ;
  INPUT ---        8 8 8 8 8 8 ;
  INPUT ---        8 8 8 8 8 ;
  INPUT ---        8 8 8 8 ;
  INPUT ---        8 8 8 ;
  INPUT ---        8 8 ;
  INPUT ---        8 ;

  INPUT ---    group=2 p    rows=6 cols=6 Triang ;
  INPUT ---        8 8 8 8 8 8 ;
  INPUT ---        8 8 8 8 8 ;
  INPUT ---        8 8 8 8 ;
  INPUT ---        8 8 8 ;
  INPUT ---        8 8 ;
  INPUT ---        8 ;

  INPUT ---    group=3 p    rows=6 cols=6 Triang ;
  INPUT ---        8 8 8 8 8 8 ;
  INPUT ---        8 8 8 8 8 ;
  INPUT ---        8 8 8 8 ;
  INPUT ---        8 8 8 ;
  INPUT ---        8 8 ;
  INPUT ---        8 ;

  INPUT ---    group=4 p    rows=6 cols=6 Triang ;
  INPUT ---        8 8 8 8 8 8 ;
  INPUT ---        8 8 8 8 8 ;
  INPUT ---        8 8 8 8 ;
  INPUT ---        8 8 8 ;
  INPUT ---        8 8 ;
  INPUT ---        8 ;

  Program  MARK  - Survival Rate Estimation with Capture-Recapture Data
   gfortran(Win64) Vers. 8.0 Jun 2014   25-Jan-2015 15:10:31    Page  004
 - - - - - - - - - - - - - - - - - - - - - - - - - - - - - - - - - - - - - -
 

  INPUT ---    group=5 p    rows=6 cols=6 Triang ;
  INPUT ---        8 8 8 8 8 8 ;
  INPUT ---        8 8 8 8 8 ;
  INPUT ---        8 8 8 8 ;
  INPUT ---        8 8 8 ;
  INPUT ---        8 8 ;
  INPUT ---        8 ;

  INPUT ---    group=6 p    rows=6 cols=6 Triang ;
  INPUT ---        8 8 8 8 8 8 ;
  INPUT ---        8 8 8 8 8 ;
  INPUT ---        8 8 8 8 ;
  INPUT ---        8 8 8 ;
  INPUT ---        8 8 ;
  INPUT ---        8 ;

  INPUT ---    group=1 r    rows=7 cols=7 Triang ;
  INPUT ---        9 9 9 9 9 9 9 ;
  INPUT ---        9 9 9 9 9 9 ;
  INPUT ---        9 9 9 9 9 ;
  INPUT ---        9 9 9 9 ;
  INPUT ---        9 9 9 ;
  INPUT ---        9 9 ;
  INPUT ---        9 ;

  INPUT ---    group=2 r    rows=7 cols=7 Triang ;
  INPUT ---        9 9 9 9 9 9 9 ;
  INPUT ---        9 9 9 9 9 9 ;
  INPUT ---        9 9 9 9 9 ;
  INPUT ---        9 9 9 9 ;
  INPUT ---        9 9 9 ;
  INPUT ---        9 9 ;
  INPUT ---        9 ;

  INPUT ---    group=3 r    rows=7 cols=7 Triang ;
  INPUT ---        9 9 9 9 9 9 9 ;
  INPUT ---        9 9 9 9 9 9 ;
  INPUT ---        9 9 9 9 9 ;
  INPUT ---        9 9 9 9 ;
  INPUT ---        9 9 9 ;
  INPUT ---        9 9 ;
  INPUT ---        9 ;

  INPUT ---    group=4 r    rows=7 cols=7 Triang ;
  INPUT ---        9 9 9 9 9 9 9 ;

  Program  MARK  - Survival Rate Estimation with Capture-Recapture Data
   gfortran(Win64) Vers. 8.0 Jun 2014   25-Jan-2015 15:10:31    Page  005
 - - - - - - - - - - - - - - - - - - - - - - - - - - - - - - - - - - - - - -
 
  INPUT ---        9 9 9 9 9 9 ;
  INPUT ---        9 9 9 9 9 ;
  INPUT ---        9 9 9 9 ;
  INPUT ---        9 9 9 ;
  INPUT ---        9 9 ;
  INPUT ---        9 ;

  INPUT ---    group=5 r    rows=7 cols=7 Triang ;
  INPUT ---        9 9 9 9 9 9 9 ;
  INPUT ---        9 9 9 9 9 9 ;
  INPUT ---        9 9 9 9 9 ;
  INPUT ---        9 9 9 9 ;
  INPUT ---        9 9 9 ;
  INPUT ---        9 9 ;
  INPUT ---        9 ;

  INPUT ---    group=6 r    rows=7 cols=7 Triang ;
  INPUT ---        9 9 9 9 9 9 9 ;
  INPUT ---        9 9 9 9 9 9 ;
  INPUT ---        9 9 9 9 9 ;
  INPUT ---        9 9 9 9 ;
  INPUT ---        9 9 9 ;
  INPUT ---        9 9 ;
  INPUT ---        9 ;

  INPUT ---    group=1 F    rows=6 cols=6 Triang ;
  INPUT ---        10 10 10 10 10 10 ;
  INPUT ---        10 10 10 10 10 ;
  INPUT ---        10 10 10 10 ;
  INPUT ---        10 10 10 ;
  INPUT ---        10 10 ;
  INPUT ---        10 ;

  INPUT ---    group=2 F    rows=6 cols=6 Triang ;
  INPUT ---        10 10 10 10 10 10 ;
  INPUT ---        10 10 10 10 10 ;
  INPUT ---        10 10 10 10 ;
  INPUT ---        10 10 10 ;
  INPUT ---        10 10 ;
  INPUT ---        10 ;

  INPUT ---    group=3 F    rows=6 cols=6 Triang ;
  INPUT ---        10 10 10 10 10 10 ;
  INPUT ---        10 10 10 10 10 ;
  INPUT ---        10 10 10 10 ;
  INPUT ---        10 10 10 ;

  Program  MARK  - Survival Rate Estimation with Capture-Recapture Data
   gfortran(Win64) Vers. 8.0 Jun 2014   25-Jan-2015 15:10:31    Page  006
 - - - - - - - - - - - - - - - - - - - - - - - - - - - - - - - - - - - - - -
 
  INPUT ---        10 10 ;
  INPUT ---        10 ;

  INPUT ---    group=4 F    rows=6 cols=6 Triang ;
  INPUT ---        10 10 10 10 10 10 ;
  INPUT ---        10 10 10 10 10 ;
  INPUT ---        10 10 10 10 ;
  INPUT ---        10 10 10 ;
  INPUT ---        10 10 ;
  INPUT ---        10 ;

  INPUT ---    group=5 F    rows=6 cols=6 Triang ;
  INPUT ---        10 10 10 10 10 10 ;
  INPUT ---        10 10 10 10 10 ;
  INPUT ---        10 10 10 10 ;
  INPUT ---        10 10 10 ;
  INPUT ---        10 10 ;
  INPUT ---        10 ;

  INPUT ---    group=6 F    rows=6 cols=6 Triang ;
  INPUT ---        10 10 10 10 10 10 ;
  INPUT ---        10 10 10 10 10 ;
  INPUT ---        10 10 10 10 ;
  INPUT ---        10 10 10 ;
  INPUT ---        10 10 ;
  INPUT ---        10 ;

  INPUT ---    design matrix constraints=10 covariates=10;
  INPUT ---        1 0 0 0 0 0 0 0 0 0;
  INPUT ---        1 1 0 0 0 0 0 0 0 0;
  INPUT ---        1 0 1 0 0 0 0 0 0 0;
  INPUT ---        1 0 0 1 0 0 0 0 0 0;
  INPUT ---        1 0 0 0 1 0 0 0 0 0;
  INPUT ---        1 0 0 0 0 1 0 0 0 0;
  INPUT ---        1 0 0 0 0 0 1 0 0 0;
  INPUT ---        0 0 0 0 0 0 0 1 0 0;
  INPUT ---        0 0 0 0 0 0 0 0 1 0;
  INPUT ---        0 0 0 0 0 0 0 0 0 1;

  INPUT ---    blabel(1)=S:(Intercept);

  INPUT ---    blabel(2)=S:age1;

  INPUT ---    blabel(3)=S:age2;

  INPUT ---    blabel(4)=S:age3;

  Program  MARK  - Survival Rate Estimation with Capture-Recapture Data
   gfortran(Win64) Vers. 8.0 Jun 2014   25-Jan-2015 15:10:31    Page  007
 - - - - - - - - - - - - - - - - - - - - - - - - - - - - - - - - - - - - - -
 

  INPUT ---    blabel(5)=S:age4;

  INPUT ---    blabel(6)=S:age5;

  INPUT ---    blabel(7)=S:age6;

  INPUT ---    blabel(8)=p:(Intercept);

  INPUT ---    blabel(9)=r:(Intercept);

  INPUT ---    blabel(10)=F:(Intercept);

  INPUT ---    rlabel(1)=S g41 c2005 c1 a0 t2005;

  INPUT ---    rlabel(2)=S g41 c2005 c1 a1 t2006;

  INPUT ---    rlabel(3)=S g41 c2005 c1 a2 t2007;

  INPUT ---    rlabel(4)=S g41 c2005 c1 a3 t2008;

  INPUT ---    rlabel(5)=S g41 c2005 c1 a4 t2009;

  INPUT ---    rlabel(6)=S g41 c2005 c1 a5 t2010;

  INPUT ---    rlabel(7)=S g41 c2005 c1 a6 t2011;

  INPUT ---    rlabel(8)=p g41 c2005 c1 a1 t2006;

  INPUT ---    rlabel(9)=r g41 c2005 c1 a0 t2005;

  INPUT ---    rlabel(10)=F g41 c2005 c1 a0 t2005;

 Link Function Used is LOGIT        

 Variance Estimation Procedure Used is 2ndPart 

 M(t+1):



 -2logL(saturated) = 1739.8188     
 Effective Sample Size = 7075

 Number of function evaluations was 54 for 10 parameters.
 Time for numerical optimization was 1.06 seconds.

  Program  MARK  - Survival Rate Estimation with Capture-Recapture Data
   gfortran(Win64) Vers. 8.0 Jun 2014   25-Jan-2015 15:10:31    Page  008
 - - - - - - - - - - - - - - - - - - - - - - - - - - - - - - - - - - - - - -
 
 -2logL { S(~age)p(~1)r(~1)F(~1) } = 2689.4271     
 Penalty { S(~age)p(~1)r(~1)F(~1) } = -0.0000000    
 Gradient { S(~age)p(~1)r(~1)F(~1) }:
  0.3529032E-04 0.8215351E-05  0.000000      0.000000      0.000000    
   0.000000      0.000000     0.1202656E-04-0.4426727E-04  0.000000    
 S Vector { S(~age)p(~1)r(~1)F(~1) }:
   286.1530      26.50900     0.9508915     0.7638099     0.6643895E-06
  0.2188032E-08 0.1735784E-09 0.2856344E-10 0.2648013E-10 0.2442123E-11
 Time to compute number of parameters was 0.11 seconds.
   Threshold =  0.2200000E-06     Condition index =  0.8534325E-14     New Threshold =  0.7722670E-11
 New Guessimate of Estimated Parameters { S(~age)p(~1)r(~1)F(~1) } = 5          
 Conditioned S Vector { S(~age)p(~1)r(~1)F(~1) }:
   1.000000     0.9263927E-01 0.3323018E-02 0.2669236E-02 0.2321798E-08
  0.7646372E-11 0.6065929E-12 0.9981878E-13 0.9253837E-13 0.8534325E-14
 Number of Estimated Parameters { S(~age)p(~1)r(~1)F(~1) } = 4          
 DEVIANCE { S(~age)p(~1)r(~1)F(~1) } = 949.60838                     
 DEVIANCE Degrees of Freedom { S(~age)p(~1)r(~1)F(~1) } = 11            
 c-hat { S(~age)p(~1)r(~1)F(~1) } = 86.328035                     
 AIC { S(~age)p(~1)r(~1)F(~1) } = 2697.4271                  
 AICc { S(~age)p(~1)r(~1)F(~1) } = 2697.4328                    
 BIC { S(~age)p(~1)r(~1)F(~1) } = 2724.8844                    
 Pearson Chisquare { S(~age)p(~1)r(~1)F(~1) } = Not a Number               
 Possible Encounter Histories { S(~age)p(~1)r(~1)F(~1) } = 896             
 Pearson Chisquare df { S(~age)p(~1)r(~1)F(~1) } = 856        
 Pearson chat { S(~age)p(~1)r(~1)F(~1) } = Not a Number               
 Sum(Observed/Expected) { S(~age)p(~1)r(~1)F(~1) } = Not a Number               
 Fletcher chat { S(~age)p(~1)r(~1)F(~1) } = Not a Number               


                  LOGIT Link Function Parameters of { S(~age)p(~1)r(~1)F(~1) }
                                                              95% Confidence Interval
 Parameter                    Beta         Standard Error      Lower           Upper
 -------------------------  --------------  --------------  --------------  --------------
    1:S:(Intercept)         -4.1543573      0.6313364       -5.3917766      -2.9169380    
    2:S:age1                4.5353369       1.1313773       2.3178373       6.7528365     
    3:S:age2                1760.6769       0.3143718E-006  1760.6769       1760.6769     
    4:S:age3                18.621622       1226.8420       -2385.9887      2423.2319     
    5:S:age4                533.99460       0.1041755E-007  533.99460       533.99460     
    6:S:age5                514.11498       0.1081977E-007  514.11498       514.11498     
    7:S:age6                -57.854896      0.9500653E-007  -57.854896      -57.854895    
    8:p:(Intercept)         -2.7811929      0.8484889       -4.4442311      -1.1181547    
    9:r:(Intercept)         -3.1091070      0.0596243       -3.2259706      -2.9922433    
   10:F:(Intercept)         207.95926       0.1617784E-005  207.95926       207.95926     


                  Real Function Parameters of { S(~age)p(~1)r(~1)F(~1) }
                                                               95% Confidence Interval
  Parameter                  Estimate       Standard Error      Lower           Upper
 --------------------------  --------------  --------------  --------------  --------------
     1:S g41 c2005 c1 a0 t2  0.0154533       0.0096055       0.0045332       0.0513226                           
     2:S g41 c2005 c1 a1 t2  0.5941094       0.2808492       0.1299110       0.9348507                           
     3:S g41 c2005 c1 a2 t2  1.0000000       0.0000000       1.0000000       1.0000000                           
     4:S g41 c2005 c1 a3 t2  0.9999995       0.6393445E-003  0.1891978E-297  1.0000000                           
     5:S g41 c2005 c1 a4 t2  1.0000000       0.0000000       1.0000000       1.0000000                           
     6:S g41 c2005 c1 a5 t2  1.0000000       0.0000000       1.0000000       1.0000000                           
     7:S g41 c2005 c1 a6 t2  0.1174150E-026  0.7412837E-027  -.2787659E-027  0.2627066E-026                      
     8:p g41 c2005 c1 a1 t2  0.0583490       0.0466197       0.0116098       0.2463537                           
     9:r g41 c2005 c1 a0 t2  0.0427332       0.0024391       0.0382000       0.0477775                           

  Program  MARK  - Survival Rate Estimation with Capture-Recapture Data
   gfortran(Win64) Vers. 8.0 Jun 2014   25-Jan-2015 15:10:32    Page  009
 - - - - - - - - - - - - - - - - - - - - - - - - - - - - - - - - - - - - - -
 
    10:F g41 c2005 c1 a0 t2  1.0000000       0.0000000       1.0000000       1.0000000                           

 Attempted ordering of parameters by estimatibility:
   9  1  8  2  4  7 10  6  5  3
 Beta number 3 is a singular value.

     CPU Time in seconds for last procedure was 1.17


  INPUT --- proc stop;

     CPU Time in minutes for this job was 0.02

     Time Start = 15:10:31.728   Time End = 15:10:32.034

     Wall Clock Time in minutes for this job was 0.01


          E X E C U T I O N   S U C C E S S F U L 
