
   Program  MARK  - Survival Rate Estimation with Capture-Recapture Data
   gfortran(Win64) Vers. 8.0 Jun 2014   25-Jan-2015 15:10:05    Page  001
 - - - - - - - - - - - - - - - - - - - - - - - - - - - - - - - - - - - - - -
 
   This version was compiled by GCC version 4.8.1 using the options 
   -m64 -mtune=generic -march=x86-64 -mthreads -O2 -fimplicit-none -fbounds-check -funroll-loops -ftree-vectorize -fopenmp.
   This problem will use 7 of 8 possible threads.


  INPUT --- proc title ;

     CPU Time in seconds for last procedure was 0.00


  INPUT --- proc chmatrix occasions= 7 groups= 6 etype= Both ICMeans 
  INPUT --- NoHist hist= 51 ;

  INPUT ---    time  interval 1 1 1 1 1 1 1 ;

  INPUT ---    glabel(1)=sex4.age1;

  INPUT ---    glabel(2)=sex5.age1;

  INPUT ---    glabel(3)=sex4.age2;

  INPUT ---    glabel(4)=sex5.age2;

  INPUT ---    glabel(5)=sex4.age4;

  INPUT ---    glabel(6)=sex5.age4;

   * *  WARNING  * *   At least a pair of the encounter histories are duplicates. 

      Number of unique encounter histories read was 17.

      Number of individual covariates read was 0.
      Time interval lengths are all equal to 1.

      Data type number is 3
      Data type is Joint Live and Dead Encounters (Burnham)                                                            

     CPU Time in seconds for last procedure was 0.00

  Program  MARK  - Survival Rate Estimation with Capture-Recapture Data
   gfortran(Win64) Vers. 8.0 Jun 2014   25-Jan-2015 15:10:05    Page  002
 - - - - - - - - - - - - - - - - - - - - - - - - - - - - - - - - - - - - - -
 


  INPUT --- proc estimate link=Logit NOLOOP varest=2ndPart    ;


  INPUT --- model={ S(~age + time)p(~age + sex)r(~age)F(~1) };

  INPUT ---    group=1 S    rows=7 cols=7 Triang ;
  INPUT ---        1 2 3 4 5 6 7 ;
  INPUT ---        8 9 10 11 12 13 ;
  INPUT ---        14 15 16 17 18 ;
  INPUT ---        19 20 21 22 ;
  INPUT ---        23 24 25 ;
  INPUT ---        26 27 ;
  INPUT ---        28 ;

  INPUT ---    group=2 S    rows=7 cols=7 Triang ;
  INPUT ---        1 2 3 4 5 6 7 ;
  INPUT ---        8 9 10 11 12 13 ;
  INPUT ---        14 15 16 17 18 ;
  INPUT ---        19 20 21 22 ;
  INPUT ---        23 24 25 ;
  INPUT ---        26 27 ;
  INPUT ---        28 ;

  INPUT ---    group=3 S    rows=7 cols=7 Triang ;
  INPUT ---        1 2 3 4 5 6 7 ;
  INPUT ---        8 9 10 11 12 13 ;
  INPUT ---        14 15 16 17 18 ;
  INPUT ---        19 20 21 22 ;
  INPUT ---        23 24 25 ;
  INPUT ---        26 27 ;
  INPUT ---        28 ;

  INPUT ---    group=4 S    rows=7 cols=7 Triang ;
  INPUT ---        1 2 3 4 5 6 7 ;
  INPUT ---        8 9 10 11 12 13 ;
  INPUT ---        14 15 16 17 18 ;
  INPUT ---        19 20 21 22 ;
  INPUT ---        23 24 25 ;
  INPUT ---        26 27 ;
  INPUT ---        28 ;

  INPUT ---    group=5 S    rows=7 cols=7 Triang ;
  INPUT ---        1 2 3 4 5 6 7 ;
  INPUT ---        8 9 10 11 12 13 ;

  Program  MARK  - Survival Rate Estimation with Capture-Recapture Data
   gfortran(Win64) Vers. 8.0 Jun 2014   25-Jan-2015 15:10:05    Page  003
 - - - - - - - - - - - - - - - - - - - - - - - - - - - - - - - - - - - - - -
 
  INPUT ---        14 15 16 17 18 ;
  INPUT ---        19 20 21 22 ;
  INPUT ---        23 24 25 ;
  INPUT ---        26 27 ;
  INPUT ---        28 ;

  INPUT ---    group=6 S    rows=7 cols=7 Triang ;
  INPUT ---        1 2 3 4 5 6 7 ;
  INPUT ---        8 9 10 11 12 13 ;
  INPUT ---        14 15 16 17 18 ;
  INPUT ---        19 20 21 22 ;
  INPUT ---        23 24 25 ;
  INPUT ---        26 27 ;
  INPUT ---        28 ;

  INPUT ---    group=1 p    rows=6 cols=6 Triang ;
  INPUT ---        29 30 31 32 33 34 ;
  INPUT ---        29 30 31 32 33 ;
  INPUT ---        29 30 31 32 ;
  INPUT ---        29 30 31 ;
  INPUT ---        29 30 ;
  INPUT ---        29 ;

  INPUT ---    group=2 p    rows=6 cols=6 Triang ;
  INPUT ---        35 36 37 38 39 40 ;
  INPUT ---        35 36 37 38 39 ;
  INPUT ---        35 36 37 38 ;
  INPUT ---        35 36 37 ;
  INPUT ---        35 36 ;
  INPUT ---        35 ;

  INPUT ---    group=3 p    rows=6 cols=6 Triang ;
  INPUT ---        29 30 31 32 33 34 ;
  INPUT ---        29 30 31 32 33 ;
  INPUT ---        29 30 31 32 ;
  INPUT ---        29 30 31 ;
  INPUT ---        29 30 ;
  INPUT ---        29 ;

  INPUT ---    group=4 p    rows=6 cols=6 Triang ;
  INPUT ---        35 36 37 38 39 40 ;
  INPUT ---        35 36 37 38 39 ;
  INPUT ---        35 36 37 38 ;
  INPUT ---        35 36 37 ;
  INPUT ---        35 36 ;
  INPUT ---        35 ;

  Program  MARK  - Survival Rate Estimation with Capture-Recapture Data
   gfortran(Win64) Vers. 8.0 Jun 2014   25-Jan-2015 15:10:05    Page  004
 - - - - - - - - - - - - - - - - - - - - - - - - - - - - - - - - - - - - - -
 

  INPUT ---    group=5 p    rows=6 cols=6 Triang ;
  INPUT ---        29 30 31 32 33 34 ;
  INPUT ---        29 30 31 32 33 ;
  INPUT ---        29 30 31 32 ;
  INPUT ---        29 30 31 ;
  INPUT ---        29 30 ;
  INPUT ---        29 ;

  INPUT ---    group=6 p    rows=6 cols=6 Triang ;
  INPUT ---        35 36 37 38 39 40 ;
  INPUT ---        35 36 37 38 39 ;
  INPUT ---        35 36 37 38 ;
  INPUT ---        35 36 37 ;
  INPUT ---        35 36 ;
  INPUT ---        35 ;

  INPUT ---    group=1 r    rows=7 cols=7 Triang ;
  INPUT ---        41 42 43 44 45 46 47 ;
  INPUT ---        41 42 43 44 45 46 ;
  INPUT ---        41 42 43 44 45 ;
  INPUT ---        41 42 43 44 ;
  INPUT ---        41 42 43 ;
  INPUT ---        41 42 ;
  INPUT ---        41 ;

  INPUT ---    group=2 r    rows=7 cols=7 Triang ;
  INPUT ---        41 42 43 44 45 46 47 ;
  INPUT ---        41 42 43 44 45 46 ;
  INPUT ---        41 42 43 44 45 ;
  INPUT ---        41 42 43 44 ;
  INPUT ---        41 42 43 ;
  INPUT ---        41 42 ;
  INPUT ---        41 ;

  INPUT ---    group=3 r    rows=7 cols=7 Triang ;
  INPUT ---        41 42 43 44 45 46 47 ;
  INPUT ---        41 42 43 44 45 46 ;
  INPUT ---        41 42 43 44 45 ;
  INPUT ---        41 42 43 44 ;
  INPUT ---        41 42 43 ;
  INPUT ---        41 42 ;
  INPUT ---        41 ;

  INPUT ---    group=4 r    rows=7 cols=7 Triang ;
  INPUT ---        41 42 43 44 45 46 47 ;

  Program  MARK  - Survival Rate Estimation with Capture-Recapture Data
   gfortran(Win64) Vers. 8.0 Jun 2014   25-Jan-2015 15:10:05    Page  005
 - - - - - - - - - - - - - - - - - - - - - - - - - - - - - - - - - - - - - -
 
  INPUT ---        41 42 43 44 45 46 ;
  INPUT ---        41 42 43 44 45 ;
  INPUT ---        41 42 43 44 ;
  INPUT ---        41 42 43 ;
  INPUT ---        41 42 ;
  INPUT ---        41 ;

  INPUT ---    group=5 r    rows=7 cols=7 Triang ;
  INPUT ---        41 42 43 44 45 46 47 ;
  INPUT ---        41 42 43 44 45 46 ;
  INPUT ---        41 42 43 44 45 ;
  INPUT ---        41 42 43 44 ;
  INPUT ---        41 42 43 ;
  INPUT ---        41 42 ;
  INPUT ---        41 ;

  INPUT ---    group=6 r    rows=7 cols=7 Triang ;
  INPUT ---        41 42 43 44 45 46 47 ;
  INPUT ---        41 42 43 44 45 46 ;
  INPUT ---        41 42 43 44 45 ;
  INPUT ---        41 42 43 44 ;
  INPUT ---        41 42 43 ;
  INPUT ---        41 42 ;
  INPUT ---        41 ;

  INPUT ---    group=1 F    rows=6 cols=6 Triang ;
  INPUT ---        48 48 48 48 48 48 ;
  INPUT ---        48 48 48 48 48 ;
  INPUT ---        48 48 48 48 ;
  INPUT ---        48 48 48 ;
  INPUT ---        48 48 ;
  INPUT ---        48 ;

  INPUT ---    group=2 F    rows=6 cols=6 Triang ;
  INPUT ---        48 48 48 48 48 48 ;
  INPUT ---        48 48 48 48 48 ;
  INPUT ---        48 48 48 48 ;
  INPUT ---        48 48 48 ;
  INPUT ---        48 48 ;
  INPUT ---        48 ;

  INPUT ---    group=3 F    rows=6 cols=6 Triang ;
  INPUT ---        48 48 48 48 48 48 ;
  INPUT ---        48 48 48 48 48 ;
  INPUT ---        48 48 48 48 ;
  INPUT ---        48 48 48 ;

  Program  MARK  - Survival Rate Estimation with Capture-Recapture Data
   gfortran(Win64) Vers. 8.0 Jun 2014   25-Jan-2015 15:10:05    Page  006
 - - - - - - - - - - - - - - - - - - - - - - - - - - - - - - - - - - - - - -
 
  INPUT ---        48 48 ;
  INPUT ---        48 ;

  INPUT ---    group=4 F    rows=6 cols=6 Triang ;
  INPUT ---        48 48 48 48 48 48 ;
  INPUT ---        48 48 48 48 48 ;
  INPUT ---        48 48 48 48 ;
  INPUT ---        48 48 48 ;
  INPUT ---        48 48 ;
  INPUT ---        48 ;

  INPUT ---    group=5 F    rows=6 cols=6 Triang ;
  INPUT ---        48 48 48 48 48 48 ;
  INPUT ---        48 48 48 48 48 ;
  INPUT ---        48 48 48 48 ;
  INPUT ---        48 48 48 ;
  INPUT ---        48 48 ;
  INPUT ---        48 ;

  INPUT ---    group=6 F    rows=6 cols=6 Triang ;
  INPUT ---        48 48 48 48 48 48 ;
  INPUT ---        48 48 48 48 48 ;
  INPUT ---        48 48 48 48 ;
  INPUT ---        48 48 48 ;
  INPUT ---        48 48 ;
  INPUT ---        48 ;

  INPUT ---    design matrix constraints=48 covariates=28;
  INPUT ---        1 0 0 0 0 0 0 0 0 0 0 0 0 0 0 0 0 0 0 0 0 0 0 0 0 0 0 0;
  INPUT ---        1 1 0 0 0 0 0 1 0 0 0 0 0 0 0 0 0 0 0 0 0 0 0 0 0 0 0 0;
  INPUT ---        1 0 1 0 0 0 0 0 1 0 0 0 0 0 0 0 0 0 0 0 0 0 0 0 0 0 0 0;
  INPUT ---        1 0 0 1 0 0 0 0 0 1 0 0 0 0 0 0 0 0 0 0 0 0 0 0 0 0 0 0;
  INPUT ---        1 0 0 0 1 0 0 0 0 0 1 0 0 0 0 0 0 0 0 0 0 0 0 0 0 0 0 0;
  INPUT ---        1 0 0 0 0 1 0 0 0 0 0 1 0 0 0 0 0 0 0 0 0 0 0 0 0 0 0 0;
  INPUT ---        1 0 0 0 0 0 1 0 0 0 0 0 1 0 0 0 0 0 0 0 0 0 0 0 0 0 0 0;
  INPUT ---        1 0 0 0 0 0 0 1 0 0 0 0 0 0 0 0 0 0 0 0 0 0 0 0 0 0 0 0;
  INPUT ---        1 1 0 0 0 0 0 0 1 0 0 0 0 0 0 0 0 0 0 0 0 0 0 0 0 0 0 0;
  INPUT ---        1 0 1 0 0 0 0 0 0 1 0 0 0 0 0 0 0 0 0 0 0 0 0 0 0 0 0 0;
  INPUT ---        1 0 0 1 0 0 0 0 0 0 1 0 0 0 0 0 0 0 0 0 0 0 0 0 0 0 0 0;
  INPUT ---        1 0 0 0 1 0 0 0 0 0 0 1 0 0 0 0 0 0 0 0 0 0 0 0 0 0 0 0;
  INPUT ---        1 0 0 0 0 1 0 0 0 0 0 0 1 0 0 0 0 0 0 0 0 0 0 0 0 0 0 0;
  INPUT ---        1 0 0 0 0 0 0 0 1 0 0 0 0 0 0 0 0 0 0 0 0 0 0 0 0 0 0 0;
  INPUT ---        1 1 0 0 0 0 0 0 0 1 0 0 0 0 0 0 0 0 0 0 0 0 0 0 0 0 0 0;
  INPUT ---        1 0 1 0 0 0 0 0 0 0 1 0 0 0 0 0 0 0 0 0 0 0 0 0 0 0 0 0;
  INPUT ---        1 0 0 1 0 0 0 0 0 0 0 1 0 0 0 0 0 0 0 0 0 0 0 0 0 0 0 0;
  INPUT ---        1 0 0 0 1 0 0 0 0 0 0 0 1 0 0 0 0 0 0 0 0 0 0 0 0 0 0 0;

  Program  MARK  - Survival Rate Estimation with Capture-Recapture Data
   gfortran(Win64) Vers. 8.0 Jun 2014   25-Jan-2015 15:10:05    Page  007
 - - - - - - - - - - - - - - - - - - - - - - - - - - - - - - - - - - - - - -
 
  INPUT ---        1 0 0 0 0 0 0 0 0 1 0 0 0 0 0 0 0 0 0 0 0 0 0 0 0 0 0 0;
  INPUT ---        1 1 0 0 0 0 0 0 0 0 1 0 0 0 0 0 0 0 0 0 0 0 0 0 0 0 0 0;
  INPUT ---        1 0 1 0 0 0 0 0 0 0 0 1 0 0 0 0 0 0 0 0 0 0 0 0 0 0 0 0;
  INPUT ---        1 0 0 1 0 0 0 0 0 0 0 0 1 0 0 0 0 0 0 0 0 0 0 0 0 0 0 0;
  INPUT ---        1 0 0 0 0 0 0 0 0 0 1 0 0 0 0 0 0 0 0 0 0 0 0 0 0 0 0 0;
  INPUT ---        1 1 0 0 0 0 0 0 0 0 0 1 0 0 0 0 0 0 0 0 0 0 0 0 0 0 0 0;
  INPUT ---        1 0 1 0 0 0 0 0 0 0 0 0 1 0 0 0 0 0 0 0 0 0 0 0 0 0 0 0;
  INPUT ---        1 0 0 0 0 0 0 0 0 0 0 1 0 0 0 0 0 0 0 0 0 0 0 0 0 0 0 0;
  INPUT ---        1 1 0 0 0 0 0 0 0 0 0 0 1 0 0 0 0 0 0 0 0 0 0 0 0 0 0 0;
  INPUT ---        1 0 0 0 0 0 0 0 0 0 0 0 1 0 0 0 0 0 0 0 0 0 0 0 0 0 0 0;
  INPUT ---        0 0 0 0 0 0 0 0 0 0 0 0 0 1 0 0 0 0 0 0 0 0 0 0 0 0 0 0;
  INPUT ---        0 0 0 0 0 0 0 0 0 0 0 0 0 1 1 0 0 0 0 0 0 0 0 0 0 0 0 0;
  INPUT ---        0 0 0 0 0 0 0 0 0 0 0 0 0 1 0 1 0 0 0 0 0 0 0 0 0 0 0 0;
  INPUT ---        0 0 0 0 0 0 0 0 0 0 0 0 0 1 0 0 1 0 0 0 0 0 0 0 0 0 0 0;
  INPUT ---        0 0 0 0 0 0 0 0 0 0 0 0 0 1 0 0 0 1 0 0 0 0 0 0 0 0 0 0;
  INPUT ---        0 0 0 0 0 0 0 0 0 0 0 0 0 1 0 0 0 0 1 0 0 0 0 0 0 0 0 0;
  INPUT ---        0 0 0 0 0 0 0 0 0 0 0 0 0 1 0 0 0 0 0 1 0 0 0 0 0 0 0 0;
  INPUT ---        0 0 0 0 0 0 0 0 0 0 0 0 0 1 1 0 0 0 0 1 0 0 0 0 0 0 0 0;
  INPUT ---        0 0 0 0 0 0 0 0 0 0 0 0 0 1 0 1 0 0 0 1 0 0 0 0 0 0 0 0;
  INPUT ---        0 0 0 0 0 0 0 0 0 0 0 0 0 1 0 0 1 0 0 1 0 0 0 0 0 0 0 0;
  INPUT ---        0 0 0 0 0 0 0 0 0 0 0 0 0 1 0 0 0 1 0 1 0 0 0 0 0 0 0 0;
  INPUT ---        0 0 0 0 0 0 0 0 0 0 0 0 0 1 0 0 0 0 1 1 0 0 0 0 0 0 0 0;
  INPUT ---        0 0 0 0 0 0 0 0 0 0 0 0 0 0 0 0 0 0 0 0 1 0 0 0 0 0 0 0;
  INPUT ---        0 0 0 0 0 0 0 0 0 0 0 0 0 0 0 0 0 0 0 0 1 1 0 0 0 0 0 0;
  INPUT ---        0 0 0 0 0 0 0 0 0 0 0 0 0 0 0 0 0 0 0 0 1 0 1 0 0 0 0 0;
  INPUT ---        0 0 0 0 0 0 0 0 0 0 0 0 0 0 0 0 0 0 0 0 1 0 0 1 0 0 0 0;
  INPUT ---        0 0 0 0 0 0 0 0 0 0 0 0 0 0 0 0 0 0 0 0 1 0 0 0 1 0 0 0;
  INPUT ---        0 0 0 0 0 0 0 0 0 0 0 0 0 0 0 0 0 0 0 0 1 0 0 0 0 1 0 0;
  INPUT ---        0 0 0 0 0 0 0 0 0 0 0 0 0 0 0 0 0 0 0 0 1 0 0 0 0 0 1 0;
  INPUT ---        0 0 0 0 0 0 0 0 0 0 0 0 0 0 0 0 0 0 0 0 0 0 0 0 0 0 0 1;

  INPUT ---    blabel(1)=S:(Intercept);

  INPUT ---    blabel(2)=S:age1;

  INPUT ---    blabel(3)=S:age2;

  INPUT ---    blabel(4)=S:age3;

  INPUT ---    blabel(5)=S:age4;

  INPUT ---    blabel(6)=S:age5;

  INPUT ---    blabel(7)=S:age6;

  INPUT ---    blabel(8)=S:time2006;

  Program  MARK  - Survival Rate Estimation with Capture-Recapture Data
   gfortran(Win64) Vers. 8.0 Jun 2014   25-Jan-2015 15:10:05    Page  008
 - - - - - - - - - - - - - - - - - - - - - - - - - - - - - - - - - - - - - -
 

  INPUT ---    blabel(9)=S:time2007;

  INPUT ---    blabel(10)=S:time2008;

  INPUT ---    blabel(11)=S:time2009;

  INPUT ---    blabel(12)=S:time2010;

  INPUT ---    blabel(13)=S:time2011;

  INPUT ---    blabel(14)=p:(Intercept);

  INPUT ---    blabel(15)=p:age2;

  INPUT ---    blabel(16)=p:age3;

  INPUT ---    blabel(17)=p:age4;

  INPUT ---    blabel(18)=p:age5;

  INPUT ---    blabel(19)=p:age6;

  INPUT ---    blabel(20)=p:sex5;

  INPUT ---    blabel(21)=r:(Intercept);

  INPUT ---    blabel(22)=r:age1;

  INPUT ---    blabel(23)=r:age2;

  INPUT ---    blabel(24)=r:age3;

  INPUT ---    blabel(25)=r:age4;

  INPUT ---    blabel(26)=r:age5;

  INPUT ---    blabel(27)=r:age6;

  INPUT ---    blabel(28)=F:(Intercept);

  INPUT ---    rlabel(1)=S g41 c2005 c1 a0 t2005;

  INPUT ---    rlabel(2)=S g41 c2005 c1 a1 t2006;

  INPUT ---    rlabel(3)=S g41 c2005 c1 a2 t2007;

  Program  MARK  - Survival Rate Estimation with Capture-Recapture Data
   gfortran(Win64) Vers. 8.0 Jun 2014   25-Jan-2015 15:10:05    Page  009
 - - - - - - - - - - - - - - - - - - - - - - - - - - - - - - - - - - - - - -
 

  INPUT ---    rlabel(4)=S g41 c2005 c1 a3 t2008;

  INPUT ---    rlabel(5)=S g41 c2005 c1 a4 t2009;

  INPUT ---    rlabel(6)=S g41 c2005 c1 a5 t2010;

  INPUT ---    rlabel(7)=S g41 c2005 c1 a6 t2011;

  INPUT ---    rlabel(8)=S g41 c2006 c2 a0 t2006;

  INPUT ---    rlabel(9)=S g41 c2006 c2 a1 t2007;

  INPUT ---    rlabel(10)=S g41 c2006 c2 a2 t2008;

  INPUT ---    rlabel(11)=S g41 c2006 c2 a3 t2009;

  INPUT ---    rlabel(12)=S g41 c2006 c2 a4 t2010;

  INPUT ---    rlabel(13)=S g41 c2006 c2 a5 t2011;

  INPUT ---    rlabel(14)=S g41 c2007 c3 a0 t2007;

  INPUT ---    rlabel(15)=S g41 c2007 c3 a1 t2008;

  INPUT ---    rlabel(16)=S g41 c2007 c3 a2 t2009;

  INPUT ---    rlabel(17)=S g41 c2007 c3 a3 t2010;

  INPUT ---    rlabel(18)=S g41 c2007 c3 a4 t2011;

  INPUT ---    rlabel(19)=S g41 c2008 c4 a0 t2008;

  INPUT ---    rlabel(20)=S g41 c2008 c4 a1 t2009;

  INPUT ---    rlabel(21)=S g41 c2008 c4 a2 t2010;

  INPUT ---    rlabel(22)=S g41 c2008 c4 a3 t2011;

  INPUT ---    rlabel(23)=S g41 c2009 c5 a0 t2009;

  INPUT ---    rlabel(24)=S g41 c2009 c5 a1 t2010;

  INPUT ---    rlabel(25)=S g41 c2009 c5 a2 t2011;

  INPUT ---    rlabel(26)=S g41 c2010 c6 a0 t2010;

  Program  MARK  - Survival Rate Estimation with Capture-Recapture Data
   gfortran(Win64) Vers. 8.0 Jun 2014   25-Jan-2015 15:10:05    Page  010
 - - - - - - - - - - - - - - - - - - - - - - - - - - - - - - - - - - - - - -
 

  INPUT ---    rlabel(27)=S g41 c2010 c6 a1 t2011;

  INPUT ---    rlabel(28)=S g41 c2011 c7 a0 t2011;

  INPUT ---    rlabel(29)=p g41 c2005 c1 a1 t2006;

  INPUT ---    rlabel(30)=p g41 c2005 c1 a2 t2007;

  INPUT ---    rlabel(31)=p g41 c2005 c1 a3 t2008;

  INPUT ---    rlabel(32)=p g41 c2005 c1 a4 t2009;

  INPUT ---    rlabel(33)=p g41 c2005 c1 a5 t2010;

  INPUT ---    rlabel(34)=p g41 c2005 c1 a6 t2011;

  INPUT ---    rlabel(35)=p g51 c2005 c1 a1 t2006;

  INPUT ---    rlabel(36)=p g51 c2005 c1 a2 t2007;

  INPUT ---    rlabel(37)=p g51 c2005 c1 a3 t2008;

  INPUT ---    rlabel(38)=p g51 c2005 c1 a4 t2009;

  INPUT ---    rlabel(39)=p g51 c2005 c1 a5 t2010;

  INPUT ---    rlabel(40)=p g51 c2005 c1 a6 t2011;

  INPUT ---    rlabel(41)=r g41 c2005 c1 a0 t2005;

  INPUT ---    rlabel(42)=r g41 c2005 c1 a1 t2006;

  INPUT ---    rlabel(43)=r g41 c2005 c1 a2 t2007;

  INPUT ---    rlabel(44)=r g41 c2005 c1 a3 t2008;

  INPUT ---    rlabel(45)=r g41 c2005 c1 a4 t2009;

  INPUT ---    rlabel(46)=r g41 c2005 c1 a5 t2010;

  INPUT ---    rlabel(47)=r g41 c2005 c1 a6 t2011;

  INPUT ---    rlabel(48)=F g41 c2005 c1 a0 t2005;

 Link Function Used is LOGIT        

  Program  MARK  - Survival Rate Estimation with Capture-Recapture Data
   gfortran(Win64) Vers. 8.0 Jun 2014   25-Jan-2015 15:10:05    Page  011
 - - - - - - - - - - - - - - - - - - - - - - - - - - - - - - - - - - - - - -
 

 Variance Estimation Procedure Used is 2ndPart 

 M(t+1):



 -2logL(saturated) = 1739.8188     
 Effective Sample Size = 7075

 Number of function evaluations was 104 for 28 parameters.
 Time for numerical optimization was 2.42 seconds.
 -2logL { S(~age + time)p(~age + sex)r(~age)F(~1) } = 1775.8111     
 Penalty { S(~age + time)p(~age + sex)r(~age)F(~1) } = -0.0000000    
 Gradient { S(~age + time)p(~age + sex)r(~age)F(~1) }:
  0.6273763E-03  0.000000     0.5909050E-03 0.3571070E-04-0.1707237E-05
   0.000000      0.000000      0.000000      0.000000     0.3684896E-04
  0.5871931E-03  0.000000      0.000000    -0.3625862E-03-0.4312250E-03
  0.3182507E-03 0.3500977E-03  0.000000      0.000000     0.3667738E-03
  0.7640593E-02 0.5008796E-04  0.000000      0.000000      0.000000    
   0.000000      0.000000    -0.1370151E-03
 S Vector { S(~age + time)p(~age + sex)r(~age)F(~1) }:
   246.4588      13.84979      6.003498      2.562436      1.977550    
   1.519068     0.9949484     0.7898461     0.3199665E-01 0.2407860E-03
  0.7373148E-04 0.7026704E-04 0.4962591E-04 0.8640977E-06 0.1269124E-11
  0.3718808E-12 0.1567595E-13 0.4333458E-14 0.1071639E-14 0.9911412E-15
  0.9595422E-16 0.2869447E-16 0.6193829E-17 0.6598622E-18 0.2789434E-18
  0.3262182E-19 0.3010844E-20 0.4442850E-23
 Time to compute number of parameters was 1.03 seconds.
   Threshold =  0.5800000E-06     Condition index =  0.1802675E-25     New Threshold =  0.2350935E-22
 New Guessimate of Estimated Parameters { S(~age + time)p(~age + sex)r(~age)F(~1) } = 26          
 Conditioned S Vector { S(~age + time)p(~age + sex)r(~age)F(~1) }:
   1.000000     0.5619516E-01 0.2435903E-01 0.1039702E-01 0.8023857E-02
  0.6163577E-02 0.4036977E-02 0.3204779E-02 0.1298256E-03 0.9769826E-06
  0.2991635E-06 0.2851066E-06 0.2013558E-06 0.3506053E-08 0.5149436E-14
  0.1508896E-14 0.6360476E-16 0.1758289E-16 0.4348148E-17 0.4021529E-17
  0.3893317E-18 0.1164271E-18 0.2513130E-19 0.2677373E-20 0.1131805E-20
  0.1323622E-21 0.1221642E-22 0.1802675E-25
 Number of Estimated Parameters { S(~age + time)p(~age + sex)r(~age)F(~1) } = 10          
 DEVIANCE { S(~age + time)p(~age + sex)r(~age)F(~1) } = 35.992385                     
 DEVIANCE Degrees of Freedom { S(~age + time)p(~age + sex)r(~age)F(~1) } = 5            
 c-hat { S(~age + time)p(~age + sex)r(~age)F(~1) } = 7.1984769                     
 AIC { S(~age + time)p(~age + sex)r(~age)F(~1) } = 1795.8111                  
 AICc { S(~age + time)p(~age + sex)r(~age)F(~1) } = 1795.8423                    
 BIC { S(~age + time)p(~age + sex)r(~age)F(~1) } = 1864.4544                    
 Pearson Chisquare { S(~age + time)p(~age + sex)r(~age)F(~1) } = Not a Number               
 Possible Encounter Histories { S(~age + time)p(~age + sex)r(~age)F(~1) } = 896             
 Pearson Chisquare df { S(~age + time)p(~age + sex)r(~age)F(~1) } = 850        
 Pearson chat { S(~age + time)p(~age + sex)r(~age)F(~1) } = Not a Number               
 Sum(Observed/Expected) { S(~age + time)p(~age + sex)r(~age)F(~1) } = Not a Number               
 Fletcher chat { S(~age + time)p(~age + sex)r(~age)F(~1) } = Not a Number               


         LOGIT Link Function Parameters of { S(~age + time)p(~age + sex)r(~age)F(~1) }
                                                              95% Confidence Interval
 Parameter                    Beta         Standard Error      Lower           Upper
 -------------------------  --------------  --------------  --------------  --------------
    1:S:(Intercept)         213.84252       0.0000000       213.84252       213.84252     
    2:S:age1                29.241801       0.1103990E-003  29.241585       29.242018     
    3:S:age2                -161.41938      0.0000000       -161.41938      -161.41938    
    4:S:age3                -49.936823      0.0000000       -49.936823      -49.936823    
    5:S:age4                -145.50050      1075.7374       -2253.9458      1962.9448     
    6:S:age5                86.945830       0.0057928       86.934477       86.957184     

  Program  MARK  - Survival Rate Estimation with Capture-Recapture Data
   gfortran(Win64) Vers. 8.0 Jun 2014   25-Jan-2015 15:10:06    Page  012
 - - - - - - - - - - - - - - - - - - - - - - - - - - - - - - - - - - - - - -
 
    7:S:age6                -2.8673812      0.0814283       -3.0269806      -2.7077817    
    8:S:time2006            -99.833400      0.0000000       -99.833400      -99.833400    
    9:S:time2007            75.910484       0.3576714E-005  75.910477       75.910491     
   10:S:time2008            -170.53777      0.0000000       -170.53777      -170.53777    
   11:S:time2009            -56.541083      0.0000000       -56.541083      -56.541083    
   12:S:time2010            -116.95860      0.2820863E-004  -116.95866      -116.95855    
   13:S:time2011            -381.64071      0.0013318       -381.64332      -381.63810    
   14:p:(Intercept)         -6.3996462      0.4535884       -7.2886795      -5.5106129    
   15:p:age2                -0.8981860      0.8172364       -2.4999694      0.7035974     
   16:p:age3                0.1431174       1.0860597       -1.9855597      2.2717945     
   17:p:age4                4.7801737       4.9346943       -4.8918273      14.452175     
   18:p:age5                -18.895315      0.0000000       -18.895315      -18.895315    
   19:p:age6                100.05061       0.0011230       100.04841       100.05281     
   20:p:sex5                -1.0457655      0.7412877       -2.4986894      0.4071583     
   21:r:(Intercept)         -1.5413879      0.0638283       -1.6664914      -1.4162844    
   22:r:age1                -5.3552822      1.0025272       -7.3202355      -3.3903289    
   23:r:age2                -396.61968      0.0012827       -396.62220      -396.61717    
   24:r:age3                -81.406516      0.0061914       -81.418651      -81.394381    
   25:r:age4                -27.161192      0.0112018       -27.183148      -27.139237    
   26:r:age5                -29.240913      0.0000000       -29.240913      -29.240913    
   27:r:age6                -110.08089      0.0010840       -110.08302      -110.07877    
   28:F:(Intercept)         8.4590319       119.29535       -225.35986      242.27792     


         Real Function Parameters of { S(~age + time)p(~age + sex)r(~age)F(~1) }
                                                               95% Confidence Interval
  Parameter                  Estimate       Standard Error      Lower           Upper
 --------------------------  --------------  --------------  --------------  --------------
     1:S g41 c2005 c1 a0 t2  1.0000000       0.0000000       1.0000000       1.0000000                           
     2:S g41 c2005 c1 a1 t2  1.0000000       0.0000000       1.0000000       1.0000000                           
     3:S g41 c2005 c1 a2 t2  1.0000000       0.0000000       1.0000000       1.0000000                           
     4:S g41 c2005 c1 a3 t2  0.0013157       0.0013288       0.1814874E-003  0.0094711                           
     5:S g41 c2005 c1 a4 t2  0.9999925       0.0080871       0.1315069E-298  1.0000000                           
     6:S g41 c2005 c1 a5 t2  1.0000000       0.0000000       1.0000000       1.0000000                           
     7:S g41 c2005 c1 a6 t2  0.7601305E-074  0.0000000       0.7601305E-074  0.7601305E-074                      
     8:S g41 c2006 c2 a0 t2  1.0000000       0.0000000       1.0000000       1.0000000                           
     9:S g41 c2006 c2 a1 t2  1.0000000       0.0000000       1.0000000       1.0000000                           
    10:S g41 c2006 c2 a2 t2  0.5052090E-051  0.0000000       0.5052090E-051  0.5052090E-051                      
    11:S g41 c2006 c2 a3 t2  1.0000000       0.0000000       1.0000000       1.0000000                           
    12:S g41 c2006 c2 a4 t2  0.7692886E-021  0.8268944E-018  -.1619944E-017  0.1621482E-017                      
    13:S g41 c2006 c2 a5 t2  0.7696094E-035  0.0000000       0.7696094E-035  0.7696094E-035                      
    14:S g41 c2007 c3 a0 t2  1.0000000       0.0000000       1.0000000       1.0000000                           
    15:S g41 c2007 c3 a1 t2  1.0000000       0.0000000       1.0000000       1.0000000                           
    16:S g41 c2007 c3 a2 t2  0.0160174       0.0680177       0.3452022E-005  0.9871399                           
    17:S g41 c2007 c3 a3 t2  1.0000000       0.0000000       1.0000000       1.0000000                           
    18:S g41 c2007 c3 a4 t2  0.8632041E-136  0.9278425E-133  -.1817708E-132  0.1819435E-132                      

  Program  MARK  - Survival Rate Estimation with Capture-Recapture Data
   gfortran(Win64) Vers. 8.0 Jun 2014   25-Jan-2015 15:10:06    Page  013
 - - - - - - - - - - - - - - - - - - - - - - - - - - - - - - - - - - - - - -
 
    19:S g41 c2008 c4 a0 t2  1.0000000       0.0000000       1.0000000       1.0000000                           
    20:S g41 c2008 c4 a1 t2  1.0000000       0.0000000       1.0000000       1.0000000                           
    21:S g41 c2008 c4 a2 t2  0.9388744E-028  0.0000000       0.9388744E-028  0.9388744E-028                      
    22:S g41 c2008 c4 a3 t2  0.2747194E-094  0.0000000       0.2747194E-094  0.2747194E-094                      
    23:S g41 c2009 c5 a0 t2  1.0000000       0.0000000       1.0000000       1.0000000                           
    24:S g41 c2009 c5 a1 t2  1.0000000       0.0000000       1.0000000       1.0000000                           
    25:S g41 c2009 c5 a2 t2  0.1053493E-142  0.0000000       0.1053493E-142  0.1053493E-142                      
    26:S g41 c2010 c6 a0 t2  1.0000000       0.0000000       1.0000000       1.0000000                           
    27:S g41 c2010 c6 a1 t2  0.6694667E-060  0.0000000       0.6694667E-060  0.6694667E-060                      
    28:S g41 c2011 c7 a0 t2  0.1337137E-072  0.0000000       0.1337137E-072  0.1337137E-072                      
    29:p g41 c2005 c1 a1 t2  0.0016594       0.7514297E-003  0.6827632E-003  0.0040273                           
    30:p g41 c2005 c1 a2 t2  0.6765468E-003  0.4969921E-003  0.1602483E-003  0.0028515                           
    31:p g41 c2005 c1 a3 t2  0.0019142       0.0019741       0.2530334E-003  0.0143250                           
    32:p g41 c2005 c1 a4 t2  0.1652776       0.6888639       0.1112719E-004  0.9997163                           
    33:p g41 c2005 c1 a5 t2  0.1034041E-010  0.4690264E-011  0.1147493E-011  0.1953333E-010                      
    34:p g41 c2005 c1 a6 t2  1.0000000       0.0000000       1.0000000       1.0000000                           
    35:p g51 c2005 c1 a1 t2  0.5837745E-003  0.3980602E-003  0.1533455E-003  0.0022197                           
    36:p g51 c2005 c1 a2 t2  0.2378582E-003  0.2130769E-003  0.4108559E-004  0.0013757                           
    37:p g51 c2005 c1 a3 t2  0.6735366E-003  0.7600400E-003  0.7369433E-004  0.0061259                           
    38:p g51 c2005 c1 a4 t2  0.0650560       0.2884234       0.6398314E-005  0.9986803                           
    39:p g51 c2005 c1 a5 t2  0.3633855E-011  0.2479297E-011  -.1225567E-011  0.8493277E-011                      
    40:p g51 c2005 c1 a6 t2  1.0000000       0.0000000       1.0000000       1.0000000                           
    41:r g41 c2005 c1 a0 t2  0.1763336       0.0092704       0.1588925       0.1952447                           
    42:r g41 c2005 c1 a1 t2  0.0010101       0.0010096       0.1422707E-003  0.0071341                           
    43:r g41 c2005 c1 a2 t2  0.1204602E-172  0.0000000       0.1204602E-172  0.1204602E-172                      
    44:r g41 c2005 c1 a3 t2  0.9466361E-036  0.6070580E-037  0.8276527E-036  0.1065619E-035                      
    45:r g41 c2005 c1 a4 t2  0.3424742E-012  0.2219363E-013  0.2989746E-012  0.3859737E-012                      
    46:r g41 c2005 c1 a5 t2  0.4279733E-013  0.2731678E-014  0.3744324E-013  0.4815142E-013                      
    47:r g41 c2005 c1 a6 t2  0.3334715E-048  0.2128799E-049  0.2917470E-048  0.3751959E-048                      
    48:F g41 c2005 c1 a0 t2  0.9997881       0.0252772       0.1341089E-097  1.0000000                           

 Attempted ordering of parameters by estimatibility:
  21 14  1 20 15 10 22 16 17  3 11 28  4  5  7 24 18  2 25 26  6  9 19 27 13
   8 23 12
 Beta number 12 is a singular value.

     CPU Time in seconds for last procedure was 3.48

  Program  MARK  - Survival Rate Estimation with Capture-Recapture Data
   gfortran(Win64) Vers. 8.0 Jun 2014   25-Jan-2015 15:10:06    Page  014
 - - - - - - - - - - - - - - - - - - - - - - - - - - - - - - - - - - - - - -
 


  INPUT --- proc stop;

     CPU Time in minutes for this job was 0.06

     Time Start = 15:10:05.206   Time End = 15:10:06.075

     Wall Clock Time in minutes for this job was 0.01


          E X E C U T I O N   S U C C E S S F U L 
