
   Program  MARK  - Survival Rate Estimation with Capture-Recapture Data
   gfortran(Win64) Vers. 8.0 Jun 2014   31-Jan-2015 13:37:52    Page  001
 - - - - - - - - - - - - - - - - - - - - - - - - - - - - - - - - - - - - - -
 
   This version was compiled by GCC version 4.8.1 using the options 
   -m64 -mtune=generic -march=x86-64 -mthreads -O2 -fimplicit-none -fbounds-check -funroll-loops -ftree-vectorize -fopenmp.
   This problem will use 7 of 8 possible threads.


  INPUT --- proc title ;

     CPU Time in seconds for last procedure was 0.00


  INPUT --- proc chmatrix occasions= 7 groups= 6 etype= Both ICMeans 
  INPUT --- NoHist hist= 51 ;

  INPUT ---    time  interval 1 1 1 1 1 1 1 ;

  INPUT ---    glabel(1)=sex4.age1;

  INPUT ---    glabel(2)=sex5.age1;

  INPUT ---    glabel(3)=sex4.age2;

  INPUT ---    glabel(4)=sex5.age2;

  INPUT ---    glabel(5)=sex4.age4;

  INPUT ---    glabel(6)=sex5.age4;

   * *  WARNING  * *   At least a pair of the encounter histories are duplicates. 

      Number of unique encounter histories read was 17.

      Number of individual covariates read was 0.
      Time interval lengths are all equal to 1.

      Data type number is 3
      Data type is Joint Live and Dead Encounters (Burnham)                                                            

     CPU Time in seconds for last procedure was 0.00

  Program  MARK  - Survival Rate Estimation with Capture-Recapture Data
   gfortran(Win64) Vers. 8.0 Jun 2014   31-Jan-2015 13:37:52    Page  002
 - - - - - - - - - - - - - - - - - - - - - - - - - - - - - - - - - - - - - -
 


  INPUT --- proc estimate link=Logit NOLOOP varest=2ndPart    ;


  INPUT --- model={ S(~sex + time)p(~sex)r(~1)F(~age) };

  INPUT ---    group=1 S    rows=7 cols=7 Triang ;
  INPUT ---        1 2 3 4 5 6 7 ;
  INPUT ---        2 3 4 5 6 7 ;
  INPUT ---        3 4 5 6 7 ;
  INPUT ---        4 5 6 7 ;
  INPUT ---        5 6 7 ;
  INPUT ---        6 7 ;
  INPUT ---        7 ;

  INPUT ---    group=2 S    rows=7 cols=7 Triang ;
  INPUT ---        8 9 10 11 12 13 14 ;
  INPUT ---        9 10 11 12 13 14 ;
  INPUT ---        10 11 12 13 14 ;
  INPUT ---        11 12 13 14 ;
  INPUT ---        12 13 14 ;
  INPUT ---        13 14 ;
  INPUT ---        14 ;

  INPUT ---    group=3 S    rows=7 cols=7 Triang ;
  INPUT ---        1 2 3 4 5 6 7 ;
  INPUT ---        2 3 4 5 6 7 ;
  INPUT ---        3 4 5 6 7 ;
  INPUT ---        4 5 6 7 ;
  INPUT ---        5 6 7 ;
  INPUT ---        6 7 ;
  INPUT ---        7 ;

  INPUT ---    group=4 S    rows=7 cols=7 Triang ;
  INPUT ---        8 9 10 11 12 13 14 ;
  INPUT ---        9 10 11 12 13 14 ;
  INPUT ---        10 11 12 13 14 ;
  INPUT ---        11 12 13 14 ;
  INPUT ---        12 13 14 ;
  INPUT ---        13 14 ;
  INPUT ---        14 ;

  INPUT ---    group=5 S    rows=7 cols=7 Triang ;
  INPUT ---        1 2 3 4 5 6 7 ;
  INPUT ---        2 3 4 5 6 7 ;

  Program  MARK  - Survival Rate Estimation with Capture-Recapture Data
   gfortran(Win64) Vers. 8.0 Jun 2014   31-Jan-2015 13:37:52    Page  003
 - - - - - - - - - - - - - - - - - - - - - - - - - - - - - - - - - - - - - -
 
  INPUT ---        3 4 5 6 7 ;
  INPUT ---        4 5 6 7 ;
  INPUT ---        5 6 7 ;
  INPUT ---        6 7 ;
  INPUT ---        7 ;

  INPUT ---    group=6 S    rows=7 cols=7 Triang ;
  INPUT ---        8 9 10 11 12 13 14 ;
  INPUT ---        9 10 11 12 13 14 ;
  INPUT ---        10 11 12 13 14 ;
  INPUT ---        11 12 13 14 ;
  INPUT ---        12 13 14 ;
  INPUT ---        13 14 ;
  INPUT ---        14 ;

  INPUT ---    group=1 p    rows=6 cols=6 Triang ;
  INPUT ---        15 15 15 15 15 15 ;
  INPUT ---        15 15 15 15 15 ;
  INPUT ---        15 15 15 15 ;
  INPUT ---        15 15 15 ;
  INPUT ---        15 15 ;
  INPUT ---        15 ;

  INPUT ---    group=2 p    rows=6 cols=6 Triang ;
  INPUT ---        16 16 16 16 16 16 ;
  INPUT ---        16 16 16 16 16 ;
  INPUT ---        16 16 16 16 ;
  INPUT ---        16 16 16 ;
  INPUT ---        16 16 ;
  INPUT ---        16 ;

  INPUT ---    group=3 p    rows=6 cols=6 Triang ;
  INPUT ---        15 15 15 15 15 15 ;
  INPUT ---        15 15 15 15 15 ;
  INPUT ---        15 15 15 15 ;
  INPUT ---        15 15 15 ;
  INPUT ---        15 15 ;
  INPUT ---        15 ;

  INPUT ---    group=4 p    rows=6 cols=6 Triang ;
  INPUT ---        16 16 16 16 16 16 ;
  INPUT ---        16 16 16 16 16 ;
  INPUT ---        16 16 16 16 ;
  INPUT ---        16 16 16 ;
  INPUT ---        16 16 ;
  INPUT ---        16 ;

  Program  MARK  - Survival Rate Estimation with Capture-Recapture Data
   gfortran(Win64) Vers. 8.0 Jun 2014   31-Jan-2015 13:37:52    Page  004
 - - - - - - - - - - - - - - - - - - - - - - - - - - - - - - - - - - - - - -
 

  INPUT ---    group=5 p    rows=6 cols=6 Triang ;
  INPUT ---        15 15 15 15 15 15 ;
  INPUT ---        15 15 15 15 15 ;
  INPUT ---        15 15 15 15 ;
  INPUT ---        15 15 15 ;
  INPUT ---        15 15 ;
  INPUT ---        15 ;

  INPUT ---    group=6 p    rows=6 cols=6 Triang ;
  INPUT ---        16 16 16 16 16 16 ;
  INPUT ---        16 16 16 16 16 ;
  INPUT ---        16 16 16 16 ;
  INPUT ---        16 16 16 ;
  INPUT ---        16 16 ;
  INPUT ---        16 ;

  INPUT ---    group=1 r    rows=7 cols=7 Triang ;
  INPUT ---        17 17 17 17 17 17 17 ;
  INPUT ---        17 17 17 17 17 17 ;
  INPUT ---        17 17 17 17 17 ;
  INPUT ---        17 17 17 17 ;
  INPUT ---        17 17 17 ;
  INPUT ---        17 17 ;
  INPUT ---        17 ;

  INPUT ---    group=2 r    rows=7 cols=7 Triang ;
  INPUT ---        17 17 17 17 17 17 17 ;
  INPUT ---        17 17 17 17 17 17 ;
  INPUT ---        17 17 17 17 17 ;
  INPUT ---        17 17 17 17 ;
  INPUT ---        17 17 17 ;
  INPUT ---        17 17 ;
  INPUT ---        17 ;

  INPUT ---    group=3 r    rows=7 cols=7 Triang ;
  INPUT ---        17 17 17 17 17 17 17 ;
  INPUT ---        17 17 17 17 17 17 ;
  INPUT ---        17 17 17 17 17 ;
  INPUT ---        17 17 17 17 ;
  INPUT ---        17 17 17 ;
  INPUT ---        17 17 ;
  INPUT ---        17 ;

  INPUT ---    group=4 r    rows=7 cols=7 Triang ;
  INPUT ---        17 17 17 17 17 17 17 ;

  Program  MARK  - Survival Rate Estimation with Capture-Recapture Data
   gfortran(Win64) Vers. 8.0 Jun 2014   31-Jan-2015 13:37:52    Page  005
 - - - - - - - - - - - - - - - - - - - - - - - - - - - - - - - - - - - - - -
 
  INPUT ---        17 17 17 17 17 17 ;
  INPUT ---        17 17 17 17 17 ;
  INPUT ---        17 17 17 17 ;
  INPUT ---        17 17 17 ;
  INPUT ---        17 17 ;
  INPUT ---        17 ;

  INPUT ---    group=5 r    rows=7 cols=7 Triang ;
  INPUT ---        17 17 17 17 17 17 17 ;
  INPUT ---        17 17 17 17 17 17 ;
  INPUT ---        17 17 17 17 17 ;
  INPUT ---        17 17 17 17 ;
  INPUT ---        17 17 17 ;
  INPUT ---        17 17 ;
  INPUT ---        17 ;

  INPUT ---    group=6 r    rows=7 cols=7 Triang ;
  INPUT ---        17 17 17 17 17 17 17 ;
  INPUT ---        17 17 17 17 17 17 ;
  INPUT ---        17 17 17 17 17 ;
  INPUT ---        17 17 17 17 ;
  INPUT ---        17 17 17 ;
  INPUT ---        17 17 ;
  INPUT ---        17 ;

  INPUT ---    group=1 F    rows=6 cols=6 Triang ;
  INPUT ---        18 19 20 21 22 23 ;
  INPUT ---        18 19 20 21 22 ;
  INPUT ---        18 19 20 21 ;
  INPUT ---        18 19 20 ;
  INPUT ---        18 19 ;
  INPUT ---        18 ;

  INPUT ---    group=2 F    rows=6 cols=6 Triang ;
  INPUT ---        18 19 20 21 22 23 ;
  INPUT ---        18 19 20 21 22 ;
  INPUT ---        18 19 20 21 ;
  INPUT ---        18 19 20 ;
  INPUT ---        18 19 ;
  INPUT ---        18 ;

  INPUT ---    group=3 F    rows=6 cols=6 Triang ;
  INPUT ---        18 19 20 21 22 23 ;
  INPUT ---        18 19 20 21 22 ;
  INPUT ---        18 19 20 21 ;
  INPUT ---        18 19 20 ;

  Program  MARK  - Survival Rate Estimation with Capture-Recapture Data
   gfortran(Win64) Vers. 8.0 Jun 2014   31-Jan-2015 13:37:52    Page  006
 - - - - - - - - - - - - - - - - - - - - - - - - - - - - - - - - - - - - - -
 
  INPUT ---        18 19 ;
  INPUT ---        18 ;

  INPUT ---    group=4 F    rows=6 cols=6 Triang ;
  INPUT ---        18 19 20 21 22 23 ;
  INPUT ---        18 19 20 21 22 ;
  INPUT ---        18 19 20 21 ;
  INPUT ---        18 19 20 ;
  INPUT ---        18 19 ;
  INPUT ---        18 ;

  INPUT ---    group=5 F    rows=6 cols=6 Triang ;
  INPUT ---        18 19 20 21 22 23 ;
  INPUT ---        18 19 20 21 22 ;
  INPUT ---        18 19 20 21 ;
  INPUT ---        18 19 20 ;
  INPUT ---        18 19 ;
  INPUT ---        18 ;

  INPUT ---    group=6 F    rows=6 cols=6 Triang ;
  INPUT ---        18 19 20 21 22 23 ;
  INPUT ---        18 19 20 21 22 ;
  INPUT ---        18 19 20 21 ;
  INPUT ---        18 19 20 ;
  INPUT ---        18 19 ;
  INPUT ---        18 ;

  INPUT ---    design matrix constraints=23 covariates=17;
  INPUT ---        1 0 0 0 0 0 0 0 0 0 0 0 0 0 0 0 0;
  INPUT ---        1 0 1 0 0 0 0 0 0 0 0 0 0 0 0 0 0;
  INPUT ---        1 0 0 1 0 0 0 0 0 0 0 0 0 0 0 0 0;
  INPUT ---        1 0 0 0 1 0 0 0 0 0 0 0 0 0 0 0 0;
  INPUT ---        1 0 0 0 0 1 0 0 0 0 0 0 0 0 0 0 0;
  INPUT ---        1 0 0 0 0 0 1 0 0 0 0 0 0 0 0 0 0;
  INPUT ---        1 0 0 0 0 0 0 1 0 0 0 0 0 0 0 0 0;
  INPUT ---        1 1 0 0 0 0 0 0 0 0 0 0 0 0 0 0 0;
  INPUT ---        1 1 1 0 0 0 0 0 0 0 0 0 0 0 0 0 0;
  INPUT ---        1 1 0 1 0 0 0 0 0 0 0 0 0 0 0 0 0;
  INPUT ---        1 1 0 0 1 0 0 0 0 0 0 0 0 0 0 0 0;
  INPUT ---        1 1 0 0 0 1 0 0 0 0 0 0 0 0 0 0 0;
  INPUT ---        1 1 0 0 0 0 1 0 0 0 0 0 0 0 0 0 0;
  INPUT ---        1 1 0 0 0 0 0 1 0 0 0 0 0 0 0 0 0;
  INPUT ---        0 0 0 0 0 0 0 0 1 0 0 0 0 0 0 0 0;
  INPUT ---        0 0 0 0 0 0 0 0 1 1 0 0 0 0 0 0 0;
  INPUT ---        0 0 0 0 0 0 0 0 0 0 1 0 0 0 0 0 0;
  INPUT ---        0 0 0 0 0 0 0 0 0 0 0 1 0 0 0 0 0;

  Program  MARK  - Survival Rate Estimation with Capture-Recapture Data
   gfortran(Win64) Vers. 8.0 Jun 2014   31-Jan-2015 13:37:52    Page  007
 - - - - - - - - - - - - - - - - - - - - - - - - - - - - - - - - - - - - - -
 
  INPUT ---        0 0 0 0 0 0 0 0 0 0 0 1 1 0 0 0 0;
  INPUT ---        0 0 0 0 0 0 0 0 0 0 0 1 0 1 0 0 0;
  INPUT ---        0 0 0 0 0 0 0 0 0 0 0 1 0 0 1 0 0;
  INPUT ---        0 0 0 0 0 0 0 0 0 0 0 1 0 0 0 1 0;
  INPUT ---        0 0 0 0 0 0 0 0 0 0 0 1 0 0 0 0 1;

  INPUT ---    blabel(1)=S:(Intercept);

  INPUT ---    blabel(2)=S:sex5;

  INPUT ---    blabel(3)=S:time2006;

  INPUT ---    blabel(4)=S:time2007;

  INPUT ---    blabel(5)=S:time2008;

  INPUT ---    blabel(6)=S:time2009;

  INPUT ---    blabel(7)=S:time2010;

  INPUT ---    blabel(8)=S:time2011;

  INPUT ---    blabel(9)=p:(Intercept);

  INPUT ---    blabel(10)=p:sex5;

  INPUT ---    blabel(11)=r:(Intercept);

  INPUT ---    blabel(12)=F:(Intercept);

  INPUT ---    blabel(13)=F:age1;

  INPUT ---    blabel(14)=F:age2;

  INPUT ---    blabel(15)=F:age3;

  INPUT ---    blabel(16)=F:age4;

  INPUT ---    blabel(17)=F:age5;

  INPUT ---    rlabel(1)=S g41 c2005 c1 a0 t2005;

  INPUT ---    rlabel(2)=S g41 c2005 c1 a1 t2006;

  INPUT ---    rlabel(3)=S g41 c2005 c1 a2 t2007;


  Program  MARK  - Survival Rate Estimation with Capture-Recapture Data
   gfortran(Win64) Vers. 8.0 Jun 2014   31-Jan-2015 13:37:52    Page  008
 - - - - - - - - - - - - - - - - - - - - - - - - - - - - - - - - - - - - - -
 
  INPUT ---    rlabel(4)=S g41 c2005 c1 a3 t2008;

  INPUT ---    rlabel(5)=S g41 c2005 c1 a4 t2009;

  INPUT ---    rlabel(6)=S g41 c2005 c1 a5 t2010;

  INPUT ---    rlabel(7)=S g41 c2005 c1 a6 t2011;

  INPUT ---    rlabel(8)=S g51 c2005 c1 a0 t2005;

  INPUT ---    rlabel(9)=S g51 c2005 c1 a1 t2006;

  INPUT ---    rlabel(10)=S g51 c2005 c1 a2 t2007;

  INPUT ---    rlabel(11)=S g51 c2005 c1 a3 t2008;

  INPUT ---    rlabel(12)=S g51 c2005 c1 a4 t2009;

  INPUT ---    rlabel(13)=S g51 c2005 c1 a5 t2010;

  INPUT ---    rlabel(14)=S g51 c2005 c1 a6 t2011;

  INPUT ---    rlabel(15)=p g41 c2005 c1 a1 t2006;

  INPUT ---    rlabel(16)=p g51 c2005 c1 a1 t2006;

  INPUT ---    rlabel(17)=r g41 c2005 c1 a0 t2005;

  INPUT ---    rlabel(18)=F g41 c2005 c1 a0 t2005;

  INPUT ---    rlabel(19)=F g41 c2005 c1 a1 t2006;

  INPUT ---    rlabel(20)=F g41 c2005 c1 a2 t2007;

  INPUT ---    rlabel(21)=F g41 c2005 c1 a3 t2008;

  INPUT ---    rlabel(22)=F g41 c2005 c1 a4 t2009;

  INPUT ---    rlabel(23)=F g41 c2005 c1 a5 t2010;

 Link Function Used is LOGIT        

 Variance Estimation Procedure Used is 2ndPart 

 M(t+1):

  Program  MARK  - Survival Rate Estimation with Capture-Recapture Data
   gfortran(Win64) Vers. 8.0 Jun 2014   31-Jan-2015 13:37:52    Page  009
 - - - - - - - - - - - - - - - - - - - - - - - - - - - - - - - - - - - - - -
 



 -2logL(saturated) = 1739.8188     
 Effective Sample Size = 7075

 Number of function evaluations was 67 for 17 parameters.
 Time for numerical optimization was 1.23 seconds.
 -2logL { S(~sex + time)p(~sex)r(~1)F(~age) } = 2666.4702     
 Penalty { S(~sex + time)p(~sex)r(~1)F(~age) } = -0.0000000    
 Gradient { S(~sex + time)p(~sex)r(~1)F(~age) }:
 -0.5090754E-03-0.3577641E-03-0.3280409E-03 0.2507384E-06-0.2045466E-03
  0.2906773E-06 0.4746978E-06 0.2383527E-04-0.3379957E-02-0.1350432E-02
  0.1658285E-01-0.1621958E-04 0.9929460E-05 0.2846998E-06 0.3174391E-06
  0.3058364E-06 0.2896889E-06
 S Vector { S(~sex + time)p(~sex)r(~1)F(~age) }:
   286.3499      14.73884      2.649153      1.831004     0.5351716    
  0.7334984E-01 0.4274521E-04 0.1225161E-04 0.1020251E-04 0.9039730E-06
  0.1450833E-08 0.1385868E-08 0.3964775E-09 0.3576057E-09 0.3096598E-09
  0.1491815E-09 0.3534776E-10
 Time to compute number of parameters was 0.34 seconds.
   Threshold =  0.3600000E-06     Condition index =  0.1234425E-12     New Threshold =  0.1457425E-09
 New Guessimate of Estimated Parameters { S(~sex + time)p(~sex)r(~1)F(~age) } = 10          
 Conditioned S Vector { S(~sex + time)p(~sex)r(~1)F(~age) }:
   1.000000     0.5147142E-01 0.9251454E-02 0.6394290E-02 0.1868943E-02
  0.2561546E-03 0.1492761E-06 0.4278544E-07 0.3562950E-07 0.3156882E-08
  0.5066643E-11 0.4839772E-11 0.1384591E-11 0.1248841E-11 0.1081403E-11
  0.5209762E-12 0.1234425E-12
 Number of Estimated Parameters { S(~sex + time)p(~sex)r(~1)F(~age) } = 6          
 DEVIANCE { S(~sex + time)p(~sex)r(~1)F(~age) } = 926.65140                     
 DEVIANCE Degrees of Freedom { S(~sex + time)p(~sex)r(~1)F(~age) } = 9            
 c-hat { S(~sex + time)p(~sex)r(~1)F(~age) } = 102.96127                     
 AIC { S(~sex + time)p(~sex)r(~1)F(~age) } = 2678.4702                  
 AICc { S(~sex + time)p(~sex)r(~1)F(~age) } = 2678.4820                    
 BIC { S(~sex + time)p(~sex)r(~1)F(~age) } = 2719.6561                    
 Pearson Chisquare { S(~sex + time)p(~sex)r(~1)F(~age) } = Not a Number               
 Possible Encounter Histories { S(~sex + time)p(~sex)r(~1)F(~age) } = 896             
 Pearson Chisquare df { S(~sex + time)p(~sex)r(~1)F(~age) } = 854        
 Pearson chat { S(~sex + time)p(~sex)r(~1)F(~age) } = Not a Number               
 Sum(Observed/Expected) { S(~sex + time)p(~sex)r(~1)F(~age) } = Not a Number               
 Fletcher chat { S(~sex + time)p(~sex)r(~1)F(~age) } = Not a Number               


            LOGIT Link Function Parameters of { S(~sex + time)p(~sex)r(~1)F(~age) }
                                                              95% Confidence Interval
 Parameter                    Beta         Standard Error      Lower           Upper
 -------------------------  --------------  --------------  --------------  --------------
    1:S:(Intercept)         214.19136       94.410637       29.146506       399.23621     
    2:S:sex5                2.6861368       3.5614964       -4.2943963      9.6666699     
    3:S:time2006            -214.42353      94.404733       -399.45681      -29.390251    
    4:S:time2007            -180.36329      0.0829002       -180.52578      -180.20081    
    5:S:time2008            -216.20631      94.423077       -401.27555      -31.137076    
    6:S:time2009            -155.44404      0.0972796       -155.63471      -155.25338    
    7:S:time2010            -94.797225      0.0000000       -94.797225      -94.797225    
    8:S:time2011            -231.76086      307.68611       -834.82565      371.30392     
    9:p:(Intercept)         -6.0634743      0.4595845       -6.9642600      -5.1626886    
   10:p:sex5                -1.4245436      0.8809259       -3.1511585      0.3020713     
   11:r:(Intercept)         -3.1188971      0.0590951       -3.2347235      -3.0030707    
   12:F:(Intercept)         7.4110809       285.62904       -552.42185      567.24401     
   13:F:age1                8.1595586       0.0000000       8.1595586       8.1595586     
   14:F:age2                158.72873       0.0000000       158.72873       158.72873     

  Program  MARK  - Survival Rate Estimation with Capture-Recapture Data
   gfortran(Win64) Vers. 8.0 Jun 2014   31-Jan-2015 13:37:53    Page  010
 - - - - - - - - - - - - - - - - - - - - - - - - - - - - - - - - - - - - - -
 
   15:F:age3                142.25498       0.0000000       142.25498       142.25498     
   16:F:age4                147.68974       0.0000000       147.68974       147.68974     
   17:F:age5                155.97783       0.0000000       155.97783       155.97783     


            Real Function Parameters of { S(~sex + time)p(~sex)r(~1)F(~age) }
                                                               95% Confidence Interval
  Parameter                  Estimate       Standard Error      Lower           Upper
 --------------------------  --------------  --------------  --------------  --------------
     1:S g41 c2005 c1 a0 t2  1.0000000       0.0000000       1.0000000       1.0000000                           
     2:S g41 c2005 c1 a1 t2  0.4422162       0.3851707       0.0358194       0.9441936                           
     3:S g41 c2005 c1 a2 t2  1.0000000       0.1886655E-012  1.0000000       1.0000000                           
     4:S g41 c2005 c1 a3 t2  0.1176419       0.1297709       0.0113705       0.6071594                           
     5:S g41 c2005 c1 a4 t2  1.0000000       0.0000000       1.0000000       1.0000000                           
     6:S g41 c2005 c1 a5 t2  1.0000000       0.0000000       1.0000000       1.0000000                           
     7:S g41 c2005 c1 a6 t2  0.2342402E-007  0.6859556E-005  0.1249849E-256  1.0000000                           
     8:S g51 c2005 c1 a0 t2  1.0000000       0.0000000       1.0000000       1.0000000                           
     9:S g51 c2005 c1 a1 t2  0.9208509       0.3066507       0.0030413       0.9999775                           
    10:S g51 c2005 c1 a2 t2  1.0000000       0.2097966E-013  1.0000000       1.0000000                           
    11:S g51 c2005 c1 a3 t2  0.6617682       0.6988658       0.0042843       0.9988773                           
    12:S g51 c2005 c1 a4 t2  1.0000000       0.0000000       1.0000000       1.0000000                           
    13:S g51 c2005 c1 a5 t2  1.0000000       0.0000000       1.0000000       1.0000000                           
    14:S g51 c2005 c1 a6 t2  0.3437445E-006  0.1006644E-003  0.1820221E-255  1.0000000                           
    15:p g41 c2005 c1 a1 t2  0.0023209       0.0010642       0.9441697E-003  0.0056937                           
    16:p g51 c2005 c1 a1 t2  0.5594382E-003  0.4523690E-003  0.1146185E-003  0.0027258                           
    17:r g41 c2005 c1 a0 t2  0.0423345       0.0023958       0.0378797       0.0472873                           
    18:F g41 c2005 c1 a0 t2  0.9993958       0.1724590       0.1219657E-239  1.0000000                           
    19:F g41 c2005 c1 a1 t2  0.9999998       0.0000000       0.9999998       0.9999998                           
    20:F g41 c2005 c1 a2 t2  1.0000000       0.0000000       1.0000000       1.0000000                           
    21:F g41 c2005 c1 a3 t2  1.0000000       0.0000000       1.0000000       1.0000000                           
    22:F g41 c2005 c1 a4 t2  1.0000000       0.0000000       1.0000000       1.0000000                           
    23:F g41 c2005 c1 a5 t2  1.0000000       0.0000000       1.0000000       1.0000000                           

 Attempted ordering of parameters by estimatibility:
  11  9 10  1  3  2  5 12  8 13 16 14 15  7 17  4  6
 Beta number 6 is a singular value.

     CPU Time in seconds for last procedure was 1.61

  Program  MARK  - Survival Rate Estimation with Capture-Recapture Data
   gfortran(Win64) Vers. 8.0 Jun 2014   31-Jan-2015 13:37:53    Page  011
 - - - - - - - - - - - - - - - - - - - - - - - - - - - - - - - - - - - - - -
 


  INPUT --- proc stop;

     CPU Time in minutes for this job was 0.03

     Time Start = 13:37:52.557   Time End = 13:37:53.006

     Wall Clock Time in minutes for this job was 0.01


          E X E C U T I O N   S U C C E S S F U L 
