
   Program  MARK  - Survival Rate Estimation with Capture-Recapture Data
   gfortran(Win64) Vers. 8.0 Jun 2014   25-Jan-2015 15:11:32    Page  001
 - - - - - - - - - - - - - - - - - - - - - - - - - - - - - - - - - - - - - -
 
   This version was compiled by GCC version 4.8.1 using the options 
   -m64 -mtune=generic -march=x86-64 -mthreads -O2 -fimplicit-none -fbounds-check -funroll-loops -ftree-vectorize -fopenmp.
   This problem will use 7 of 8 possible threads.


  INPUT --- proc title ;

     CPU Time in seconds for last procedure was 0.02


  INPUT --- proc chmatrix occasions= 7 groups= 6 etype= Both ICMeans 
  INPUT --- NoHist hist= 51 ;

  INPUT ---    time  interval 1 1 1 1 1 1 1 ;

  INPUT ---    glabel(1)=sex4.age1;

  INPUT ---    glabel(2)=sex5.age1;

  INPUT ---    glabel(3)=sex4.age2;

  INPUT ---    glabel(4)=sex5.age2;

  INPUT ---    glabel(5)=sex4.age4;

  INPUT ---    glabel(6)=sex5.age4;

   * *  WARNING  * *   At least a pair of the encounter histories are duplicates. 

      Number of unique encounter histories read was 17.

      Number of individual covariates read was 0.
      Time interval lengths are all equal to 1.

      Data type number is 3
      Data type is Joint Live and Dead Encounters (Burnham)                                                            

     CPU Time in seconds for last procedure was 0.00

  Program  MARK  - Survival Rate Estimation with Capture-Recapture Data
   gfortran(Win64) Vers. 8.0 Jun 2014   25-Jan-2015 15:11:32    Page  002
 - - - - - - - - - - - - - - - - - - - - - - - - - - - - - - - - - - - - - -
 


  INPUT --- proc estimate link=Logit NOLOOP varest=2ndPart    ;


  INPUT --- model={ S(~age + time)p(~1)r(~age + sex)F(~1) };

  INPUT ---    group=1 S    rows=7 cols=7 Triang ;
  INPUT ---        1 2 3 4 5 6 7 ;
  INPUT ---        8 9 10 11 12 13 ;
  INPUT ---        14 15 16 17 18 ;
  INPUT ---        19 20 21 22 ;
  INPUT ---        23 24 25 ;
  INPUT ---        26 27 ;
  INPUT ---        28 ;

  INPUT ---    group=2 S    rows=7 cols=7 Triang ;
  INPUT ---        1 2 3 4 5 6 7 ;
  INPUT ---        8 9 10 11 12 13 ;
  INPUT ---        14 15 16 17 18 ;
  INPUT ---        19 20 21 22 ;
  INPUT ---        23 24 25 ;
  INPUT ---        26 27 ;
  INPUT ---        28 ;

  INPUT ---    group=3 S    rows=7 cols=7 Triang ;
  INPUT ---        1 2 3 4 5 6 7 ;
  INPUT ---        8 9 10 11 12 13 ;
  INPUT ---        14 15 16 17 18 ;
  INPUT ---        19 20 21 22 ;
  INPUT ---        23 24 25 ;
  INPUT ---        26 27 ;
  INPUT ---        28 ;

  INPUT ---    group=4 S    rows=7 cols=7 Triang ;
  INPUT ---        1 2 3 4 5 6 7 ;
  INPUT ---        8 9 10 11 12 13 ;
  INPUT ---        14 15 16 17 18 ;
  INPUT ---        19 20 21 22 ;
  INPUT ---        23 24 25 ;
  INPUT ---        26 27 ;
  INPUT ---        28 ;

  INPUT ---    group=5 S    rows=7 cols=7 Triang ;
  INPUT ---        1 2 3 4 5 6 7 ;
  INPUT ---        8 9 10 11 12 13 ;

  Program  MARK  - Survival Rate Estimation with Capture-Recapture Data
   gfortran(Win64) Vers. 8.0 Jun 2014   25-Jan-2015 15:11:32    Page  003
 - - - - - - - - - - - - - - - - - - - - - - - - - - - - - - - - - - - - - -
 
  INPUT ---        14 15 16 17 18 ;
  INPUT ---        19 20 21 22 ;
  INPUT ---        23 24 25 ;
  INPUT ---        26 27 ;
  INPUT ---        28 ;

  INPUT ---    group=6 S    rows=7 cols=7 Triang ;
  INPUT ---        1 2 3 4 5 6 7 ;
  INPUT ---        8 9 10 11 12 13 ;
  INPUT ---        14 15 16 17 18 ;
  INPUT ---        19 20 21 22 ;
  INPUT ---        23 24 25 ;
  INPUT ---        26 27 ;
  INPUT ---        28 ;

  INPUT ---    group=1 p    rows=6 cols=6 Triang ;
  INPUT ---        29 29 29 29 29 29 ;
  INPUT ---        29 29 29 29 29 ;
  INPUT ---        29 29 29 29 ;
  INPUT ---        29 29 29 ;
  INPUT ---        29 29 ;
  INPUT ---        29 ;

  INPUT ---    group=2 p    rows=6 cols=6 Triang ;
  INPUT ---        29 29 29 29 29 29 ;
  INPUT ---        29 29 29 29 29 ;
  INPUT ---        29 29 29 29 ;
  INPUT ---        29 29 29 ;
  INPUT ---        29 29 ;
  INPUT ---        29 ;

  INPUT ---    group=3 p    rows=6 cols=6 Triang ;
  INPUT ---        29 29 29 29 29 29 ;
  INPUT ---        29 29 29 29 29 ;
  INPUT ---        29 29 29 29 ;
  INPUT ---        29 29 29 ;
  INPUT ---        29 29 ;
  INPUT ---        29 ;

  INPUT ---    group=4 p    rows=6 cols=6 Triang ;
  INPUT ---        29 29 29 29 29 29 ;
  INPUT ---        29 29 29 29 29 ;
  INPUT ---        29 29 29 29 ;
  INPUT ---        29 29 29 ;
  INPUT ---        29 29 ;
  INPUT ---        29 ;

  Program  MARK  - Survival Rate Estimation with Capture-Recapture Data
   gfortran(Win64) Vers. 8.0 Jun 2014   25-Jan-2015 15:11:32    Page  004
 - - - - - - - - - - - - - - - - - - - - - - - - - - - - - - - - - - - - - -
 

  INPUT ---    group=5 p    rows=6 cols=6 Triang ;
  INPUT ---        29 29 29 29 29 29 ;
  INPUT ---        29 29 29 29 29 ;
  INPUT ---        29 29 29 29 ;
  INPUT ---        29 29 29 ;
  INPUT ---        29 29 ;
  INPUT ---        29 ;

  INPUT ---    group=6 p    rows=6 cols=6 Triang ;
  INPUT ---        29 29 29 29 29 29 ;
  INPUT ---        29 29 29 29 29 ;
  INPUT ---        29 29 29 29 ;
  INPUT ---        29 29 29 ;
  INPUT ---        29 29 ;
  INPUT ---        29 ;

  INPUT ---    group=1 r    rows=7 cols=7 Triang ;
  INPUT ---        30 31 32 33 34 35 36 ;
  INPUT ---        30 31 32 33 34 35 ;
  INPUT ---        30 31 32 33 34 ;
  INPUT ---        30 31 32 33 ;
  INPUT ---        30 31 32 ;
  INPUT ---        30 31 ;
  INPUT ---        30 ;

  INPUT ---    group=2 r    rows=7 cols=7 Triang ;
  INPUT ---        37 38 39 40 41 42 43 ;
  INPUT ---        37 38 39 40 41 42 ;
  INPUT ---        37 38 39 40 41 ;
  INPUT ---        37 38 39 40 ;
  INPUT ---        37 38 39 ;
  INPUT ---        37 38 ;
  INPUT ---        37 ;

  INPUT ---    group=3 r    rows=7 cols=7 Triang ;
  INPUT ---        30 31 32 33 34 35 36 ;
  INPUT ---        30 31 32 33 34 35 ;
  INPUT ---        30 31 32 33 34 ;
  INPUT ---        30 31 32 33 ;
  INPUT ---        30 31 32 ;
  INPUT ---        30 31 ;
  INPUT ---        30 ;

  INPUT ---    group=4 r    rows=7 cols=7 Triang ;
  INPUT ---        37 38 39 40 41 42 43 ;

  Program  MARK  - Survival Rate Estimation with Capture-Recapture Data
   gfortran(Win64) Vers. 8.0 Jun 2014   25-Jan-2015 15:11:32    Page  005
 - - - - - - - - - - - - - - - - - - - - - - - - - - - - - - - - - - - - - -
 
  INPUT ---        37 38 39 40 41 42 ;
  INPUT ---        37 38 39 40 41 ;
  INPUT ---        37 38 39 40 ;
  INPUT ---        37 38 39 ;
  INPUT ---        37 38 ;
  INPUT ---        37 ;

  INPUT ---    group=5 r    rows=7 cols=7 Triang ;
  INPUT ---        30 31 32 33 34 35 36 ;
  INPUT ---        30 31 32 33 34 35 ;
  INPUT ---        30 31 32 33 34 ;
  INPUT ---        30 31 32 33 ;
  INPUT ---        30 31 32 ;
  INPUT ---        30 31 ;
  INPUT ---        30 ;

  INPUT ---    group=6 r    rows=7 cols=7 Triang ;
  INPUT ---        37 38 39 40 41 42 43 ;
  INPUT ---        37 38 39 40 41 42 ;
  INPUT ---        37 38 39 40 41 ;
  INPUT ---        37 38 39 40 ;
  INPUT ---        37 38 39 ;
  INPUT ---        37 38 ;
  INPUT ---        37 ;

  INPUT ---    group=1 F    rows=6 cols=6 Triang ;
  INPUT ---        44 44 44 44 44 44 ;
  INPUT ---        44 44 44 44 44 ;
  INPUT ---        44 44 44 44 ;
  INPUT ---        44 44 44 ;
  INPUT ---        44 44 ;
  INPUT ---        44 ;

  INPUT ---    group=2 F    rows=6 cols=6 Triang ;
  INPUT ---        44 44 44 44 44 44 ;
  INPUT ---        44 44 44 44 44 ;
  INPUT ---        44 44 44 44 ;
  INPUT ---        44 44 44 ;
  INPUT ---        44 44 ;
  INPUT ---        44 ;

  INPUT ---    group=3 F    rows=6 cols=6 Triang ;
  INPUT ---        44 44 44 44 44 44 ;
  INPUT ---        44 44 44 44 44 ;
  INPUT ---        44 44 44 44 ;
  INPUT ---        44 44 44 ;

  Program  MARK  - Survival Rate Estimation with Capture-Recapture Data
   gfortran(Win64) Vers. 8.0 Jun 2014   25-Jan-2015 15:11:32    Page  006
 - - - - - - - - - - - - - - - - - - - - - - - - - - - - - - - - - - - - - -
 
  INPUT ---        44 44 ;
  INPUT ---        44 ;

  INPUT ---    group=4 F    rows=6 cols=6 Triang ;
  INPUT ---        44 44 44 44 44 44 ;
  INPUT ---        44 44 44 44 44 ;
  INPUT ---        44 44 44 44 ;
  INPUT ---        44 44 44 ;
  INPUT ---        44 44 ;
  INPUT ---        44 ;

  INPUT ---    group=5 F    rows=6 cols=6 Triang ;
  INPUT ---        44 44 44 44 44 44 ;
  INPUT ---        44 44 44 44 44 ;
  INPUT ---        44 44 44 44 ;
  INPUT ---        44 44 44 ;
  INPUT ---        44 44 ;
  INPUT ---        44 ;

  INPUT ---    group=6 F    rows=6 cols=6 Triang ;
  INPUT ---        44 44 44 44 44 44 ;
  INPUT ---        44 44 44 44 44 ;
  INPUT ---        44 44 44 44 ;
  INPUT ---        44 44 44 ;
  INPUT ---        44 44 ;
  INPUT ---        44 ;

  INPUT ---    design matrix constraints=44 covariates=23;
  INPUT ---        1 0 0 0 0 0 0 0 0 0 0 0 0 0 0 0 0 0 0 0 0 0 0;
  INPUT ---        1 1 0 0 0 0 0 1 0 0 0 0 0 0 0 0 0 0 0 0 0 0 0;
  INPUT ---        1 0 1 0 0 0 0 0 1 0 0 0 0 0 0 0 0 0 0 0 0 0 0;
  INPUT ---        1 0 0 1 0 0 0 0 0 1 0 0 0 0 0 0 0 0 0 0 0 0 0;
  INPUT ---        1 0 0 0 1 0 0 0 0 0 1 0 0 0 0 0 0 0 0 0 0 0 0;
  INPUT ---        1 0 0 0 0 1 0 0 0 0 0 1 0 0 0 0 0 0 0 0 0 0 0;
  INPUT ---        1 0 0 0 0 0 1 0 0 0 0 0 1 0 0 0 0 0 0 0 0 0 0;
  INPUT ---        1 0 0 0 0 0 0 1 0 0 0 0 0 0 0 0 0 0 0 0 0 0 0;
  INPUT ---        1 1 0 0 0 0 0 0 1 0 0 0 0 0 0 0 0 0 0 0 0 0 0;
  INPUT ---        1 0 1 0 0 0 0 0 0 1 0 0 0 0 0 0 0 0 0 0 0 0 0;
  INPUT ---        1 0 0 1 0 0 0 0 0 0 1 0 0 0 0 0 0 0 0 0 0 0 0;
  INPUT ---        1 0 0 0 1 0 0 0 0 0 0 1 0 0 0 0 0 0 0 0 0 0 0;
  INPUT ---        1 0 0 0 0 1 0 0 0 0 0 0 1 0 0 0 0 0 0 0 0 0 0;
  INPUT ---        1 0 0 0 0 0 0 0 1 0 0 0 0 0 0 0 0 0 0 0 0 0 0;
  INPUT ---        1 1 0 0 0 0 0 0 0 1 0 0 0 0 0 0 0 0 0 0 0 0 0;
  INPUT ---        1 0 1 0 0 0 0 0 0 0 1 0 0 0 0 0 0 0 0 0 0 0 0;
  INPUT ---        1 0 0 1 0 0 0 0 0 0 0 1 0 0 0 0 0 0 0 0 0 0 0;
  INPUT ---        1 0 0 0 1 0 0 0 0 0 0 0 1 0 0 0 0 0 0 0 0 0 0;

  Program  MARK  - Survival Rate Estimation with Capture-Recapture Data
   gfortran(Win64) Vers. 8.0 Jun 2014   25-Jan-2015 15:11:32    Page  007
 - - - - - - - - - - - - - - - - - - - - - - - - - - - - - - - - - - - - - -
 
  INPUT ---        1 0 0 0 0 0 0 0 0 1 0 0 0 0 0 0 0 0 0 0 0 0 0;
  INPUT ---        1 1 0 0 0 0 0 0 0 0 1 0 0 0 0 0 0 0 0 0 0 0 0;
  INPUT ---        1 0 1 0 0 0 0 0 0 0 0 1 0 0 0 0 0 0 0 0 0 0 0;
  INPUT ---        1 0 0 1 0 0 0 0 0 0 0 0 1 0 0 0 0 0 0 0 0 0 0;
  INPUT ---        1 0 0 0 0 0 0 0 0 0 1 0 0 0 0 0 0 0 0 0 0 0 0;
  INPUT ---        1 1 0 0 0 0 0 0 0 0 0 1 0 0 0 0 0 0 0 0 0 0 0;
  INPUT ---        1 0 1 0 0 0 0 0 0 0 0 0 1 0 0 0 0 0 0 0 0 0 0;
  INPUT ---        1 0 0 0 0 0 0 0 0 0 0 1 0 0 0 0 0 0 0 0 0 0 0;
  INPUT ---        1 1 0 0 0 0 0 0 0 0 0 0 1 0 0 0 0 0 0 0 0 0 0;
  INPUT ---        1 0 0 0 0 0 0 0 0 0 0 0 1 0 0 0 0 0 0 0 0 0 0;
  INPUT ---        0 0 0 0 0 0 0 0 0 0 0 0 0 1 0 0 0 0 0 0 0 0 0;
  INPUT ---        0 0 0 0 0 0 0 0 0 0 0 0 0 0 1 0 0 0 0 0 0 0 0;
  INPUT ---        0 0 0 0 0 0 0 0 0 0 0 0 0 0 1 1 0 0 0 0 0 0 0;
  INPUT ---        0 0 0 0 0 0 0 0 0 0 0 0 0 0 1 0 1 0 0 0 0 0 0;
  INPUT ---        0 0 0 0 0 0 0 0 0 0 0 0 0 0 1 0 0 1 0 0 0 0 0;
  INPUT ---        0 0 0 0 0 0 0 0 0 0 0 0 0 0 1 0 0 0 1 0 0 0 0;
  INPUT ---        0 0 0 0 0 0 0 0 0 0 0 0 0 0 1 0 0 0 0 1 0 0 0;
  INPUT ---        0 0 0 0 0 0 0 0 0 0 0 0 0 0 1 0 0 0 0 0 1 0 0;
  INPUT ---        0 0 0 0 0 0 0 0 0 0 0 0 0 0 1 0 0 0 0 0 0 1 0;
  INPUT ---        0 0 0 0 0 0 0 0 0 0 0 0 0 0 1 1 0 0 0 0 0 1 0;
  INPUT ---        0 0 0 0 0 0 0 0 0 0 0 0 0 0 1 0 1 0 0 0 0 1 0;
  INPUT ---        0 0 0 0 0 0 0 0 0 0 0 0 0 0 1 0 0 1 0 0 0 1 0;
  INPUT ---        0 0 0 0 0 0 0 0 0 0 0 0 0 0 1 0 0 0 1 0 0 1 0;
  INPUT ---        0 0 0 0 0 0 0 0 0 0 0 0 0 0 1 0 0 0 0 1 0 1 0;
  INPUT ---        0 0 0 0 0 0 0 0 0 0 0 0 0 0 1 0 0 0 0 0 1 1 0;
  INPUT ---        0 0 0 0 0 0 0 0 0 0 0 0 0 0 0 0 0 0 0 0 0 0 1;

  INPUT ---    blabel(1)=S:(Intercept);

  INPUT ---    blabel(2)=S:age1;

  INPUT ---    blabel(3)=S:age2;

  INPUT ---    blabel(4)=S:age3;

  INPUT ---    blabel(5)=S:age4;

  INPUT ---    blabel(6)=S:age5;

  INPUT ---    blabel(7)=S:age6;

  INPUT ---    blabel(8)=S:time2006;

  INPUT ---    blabel(9)=S:time2007;

  INPUT ---    blabel(10)=S:time2008;

  Program  MARK  - Survival Rate Estimation with Capture-Recapture Data
   gfortran(Win64) Vers. 8.0 Jun 2014   25-Jan-2015 15:11:32    Page  008
 - - - - - - - - - - - - - - - - - - - - - - - - - - - - - - - - - - - - - -
 

  INPUT ---    blabel(11)=S:time2009;

  INPUT ---    blabel(12)=S:time2010;

  INPUT ---    blabel(13)=S:time2011;

  INPUT ---    blabel(14)=p:(Intercept);

  INPUT ---    blabel(15)=r:(Intercept);

  INPUT ---    blabel(16)=r:age1;

  INPUT ---    blabel(17)=r:age2;

  INPUT ---    blabel(18)=r:age3;

  INPUT ---    blabel(19)=r:age4;

  INPUT ---    blabel(20)=r:age5;

  INPUT ---    blabel(21)=r:age6;

  INPUT ---    blabel(22)=r:sex5;

  INPUT ---    blabel(23)=F:(Intercept);

  INPUT ---    rlabel(1)=S g41 c2005 c1 a0 t2005;

  INPUT ---    rlabel(2)=S g41 c2005 c1 a1 t2006;

  INPUT ---    rlabel(3)=S g41 c2005 c1 a2 t2007;

  INPUT ---    rlabel(4)=S g41 c2005 c1 a3 t2008;

  INPUT ---    rlabel(5)=S g41 c2005 c1 a4 t2009;

  INPUT ---    rlabel(6)=S g41 c2005 c1 a5 t2010;

  INPUT ---    rlabel(7)=S g41 c2005 c1 a6 t2011;

  INPUT ---    rlabel(8)=S g41 c2006 c2 a0 t2006;

  INPUT ---    rlabel(9)=S g41 c2006 c2 a1 t2007;

  INPUT ---    rlabel(10)=S g41 c2006 c2 a2 t2008;

  Program  MARK  - Survival Rate Estimation with Capture-Recapture Data
   gfortran(Win64) Vers. 8.0 Jun 2014   25-Jan-2015 15:11:32    Page  009
 - - - - - - - - - - - - - - - - - - - - - - - - - - - - - - - - - - - - - -
 

  INPUT ---    rlabel(11)=S g41 c2006 c2 a3 t2009;

  INPUT ---    rlabel(12)=S g41 c2006 c2 a4 t2010;

  INPUT ---    rlabel(13)=S g41 c2006 c2 a5 t2011;

  INPUT ---    rlabel(14)=S g41 c2007 c3 a0 t2007;

  INPUT ---    rlabel(15)=S g41 c2007 c3 a1 t2008;

  INPUT ---    rlabel(16)=S g41 c2007 c3 a2 t2009;

  INPUT ---    rlabel(17)=S g41 c2007 c3 a3 t2010;

  INPUT ---    rlabel(18)=S g41 c2007 c3 a4 t2011;

  INPUT ---    rlabel(19)=S g41 c2008 c4 a0 t2008;

  INPUT ---    rlabel(20)=S g41 c2008 c4 a1 t2009;

  INPUT ---    rlabel(21)=S g41 c2008 c4 a2 t2010;

  INPUT ---    rlabel(22)=S g41 c2008 c4 a3 t2011;

  INPUT ---    rlabel(23)=S g41 c2009 c5 a0 t2009;

  INPUT ---    rlabel(24)=S g41 c2009 c5 a1 t2010;

  INPUT ---    rlabel(25)=S g41 c2009 c5 a2 t2011;

  INPUT ---    rlabel(26)=S g41 c2010 c6 a0 t2010;

  INPUT ---    rlabel(27)=S g41 c2010 c6 a1 t2011;

  INPUT ---    rlabel(28)=S g41 c2011 c7 a0 t2011;

  INPUT ---    rlabel(29)=p g41 c2005 c1 a1 t2006;

  INPUT ---    rlabel(30)=r g41 c2005 c1 a0 t2005;

  INPUT ---    rlabel(31)=r g41 c2005 c1 a1 t2006;

  INPUT ---    rlabel(32)=r g41 c2005 c1 a2 t2007;

  INPUT ---    rlabel(33)=r g41 c2005 c1 a3 t2008;

  Program  MARK  - Survival Rate Estimation with Capture-Recapture Data
   gfortran(Win64) Vers. 8.0 Jun 2014   25-Jan-2015 15:11:32    Page  010
 - - - - - - - - - - - - - - - - - - - - - - - - - - - - - - - - - - - - - -
 

  INPUT ---    rlabel(34)=r g41 c2005 c1 a4 t2009;

  INPUT ---    rlabel(35)=r g41 c2005 c1 a5 t2010;

  INPUT ---    rlabel(36)=r g41 c2005 c1 a6 t2011;

  INPUT ---    rlabel(37)=r g51 c2005 c1 a0 t2005;

  INPUT ---    rlabel(38)=r g51 c2005 c1 a1 t2006;

  INPUT ---    rlabel(39)=r g51 c2005 c1 a2 t2007;

  INPUT ---    rlabel(40)=r g51 c2005 c1 a3 t2008;

  INPUT ---    rlabel(41)=r g51 c2005 c1 a4 t2009;

  INPUT ---    rlabel(42)=r g51 c2005 c1 a5 t2010;

  INPUT ---    rlabel(43)=r g51 c2005 c1 a6 t2011;

  INPUT ---    rlabel(44)=F g41 c2005 c1 a0 t2005;

 Link Function Used is LOGIT        

 Variance Estimation Procedure Used is 2ndPart 

 M(t+1):



 -2logL(saturated) = 1739.8188     
 Effective Sample Size = 7075

 Number of function evaluations was 160 for 23 parameters.
 Time for numerical optimization was 4.02 seconds.
 -2logL { S(~age + time)p(~1)r(~age + sex)F(~1) } = 1784.2369     
 Penalty { S(~age + time)p(~1)r(~age + sex)F(~1) } = -0.0000000    
 Gradient { S(~age + time)p(~1)r(~age + sex)F(~1) }:
 -0.3747871E-06  0.000000      0.000000      0.000000      0.000000    
   0.000000      0.000000      0.000000      0.000000    -0.5675195E-06
 -0.4329512E-05  0.000000      0.000000    -0.3669108E-04-0.4125256E-03
 -0.1072712E-04  0.000000      0.000000      0.000000      0.000000    
   0.000000    -0.1223850E-03-0.2974289E-04

  Program  MARK  - Survival Rate Estimation with Capture-Recapture Data
   gfortran(Win64) Vers. 8.0 Jun 2014   25-Jan-2015 15:11:33    Page  011
 - - - - - - - - - - - - - - - - - - - - - - - - - - - - - - - - - - - - - -
 
 S Vector { S(~age + time)p(~1)r(~age + sex)F(~1) }:
   329.3084      45.96680      12.03456     0.9948890     0.1843704    
  0.1789811E-02 0.3246095E-05 0.2829969E-05 0.2784194E-05 0.7668430E-06
  0.1565511E-06 0.1821397E-07 0.9718122E-08 0.7831715E-08 0.5418509E-08
  0.3868317E-08 0.1975444E-08 0.1860091E-08 0.1002356E-08 0.5754642E-09
  0.3422400E-09 0.3012378E-09 0.1567176E-09
 Time to compute number of parameters was 0.66 seconds.
   Threshold =  0.4800000E-06     Condition index =  0.4758992E-12     New Threshold =  0.7515911E-09
 New Guessimate of Estimated Parameters { S(~age + time)p(~1)r(~age + sex)F(~1) } = 10          
 Conditioned S Vector { S(~age + time)p(~1)r(~age + sex)F(~1) }:
   1.000000     0.1395859     0.3654495E-01 0.3021147E-02 0.5598715E-03
  0.5435061E-05 0.9857312E-08 0.8593675E-08 0.8454671E-08 0.2328647E-08
  0.4753935E-09 0.5530978E-10 0.2951070E-10 0.2378231E-10 0.1645421E-10
  0.1174679E-10 0.5998765E-11 0.5648478E-11 0.3043823E-11 0.1747493E-11
  0.1039269E-11 0.9147591E-12 0.4758992E-12
 Number of Estimated Parameters { S(~age + time)p(~1)r(~age + sex)F(~1) } = 6          
 DEVIANCE { S(~age + time)p(~1)r(~age + sex)F(~1) } = 44.418180                     
 DEVIANCE Degrees of Freedom { S(~age + time)p(~1)r(~age + sex)F(~1) } = 9            
 c-hat { S(~age + time)p(~1)r(~age + sex)F(~1) } = 4.9353534                     
 AIC { S(~age + time)p(~1)r(~age + sex)F(~1) } = 1796.2369                  
 AICc { S(~age + time)p(~1)r(~age + sex)F(~1) } = 1796.2488                    
 BIC { S(~age + time)p(~1)r(~age + sex)F(~1) } = 1837.4229                    
 Pearson Chisquare { S(~age + time)p(~1)r(~age + sex)F(~1) } = Not a Number               
 Possible Encounter Histories { S(~age + time)p(~1)r(~age + sex)F(~1) } = 896             
 Pearson Chisquare df { S(~age + time)p(~1)r(~age + sex)F(~1) } = 854        
 Pearson chat { S(~age + time)p(~1)r(~age + sex)F(~1) } = Not a Number               
 Sum(Observed/Expected) { S(~age + time)p(~1)r(~age + sex)F(~1) } = Not a Number               
 Fletcher chat { S(~age + time)p(~1)r(~age + sex)F(~1) } = Not a Number               


          LOGIT Link Function Parameters of { S(~age + time)p(~1)r(~age + sex)F(~1) }
                                                              95% Confidence Interval
 Parameter                    Beta         Standard Error      Lower           Upper
 -------------------------  --------------  --------------  --------------  --------------
    1:S:(Intercept)         59.667416       0.0000000       59.667416       59.667416     
    2:S:age1                34.767187       0.0000000       34.767187       34.767187     
    3:S:age2                -62.738241      0.0000000       -62.738241      -62.738241    
    4:S:age3                30.110297       0.0000000       30.110297       30.110297     
    5:S:age4                36.840895       0.0000000       36.840895       36.840895     
    6:S:age5                130.13565       0.0000000       130.13565       130.13565     
    7:S:age6                0.5433477       0.0000000       0.5433477       0.5433477     
    8:S:time2006            18.786604       0.0000000       18.786604       18.786604     
    9:S:time2007            4.5139356       0.0000000       4.5139356       4.5139356     
   10:S:time2008            -39.064472      2513.9176       -4966.3431      4888.2142     
   11:S:time2009            14.755149       0.0000000       14.755149       14.755149     
   12:S:time2010            -23.306836      0.0000000       -23.306836      -23.306836    
   13:S:time2011            -143.02735      0.0000000       -143.02735      -143.02735    
   14:p:(Intercept)         -7.0560658      0.6261079       -8.2832373      -5.8288942    
   15:r:(Intercept)         -1.4802861      0.0923963       -1.6613828      -1.2991893    
   16:r:age1                -5.3588444      1.0025555       -7.3238533      -3.3938356    
   17:r:age2                -80.339667      0.0000000       -80.339667      -80.339667    
   18:r:age3                -122.21733      10.232884       -142.27378      -102.16087    
   19:r:age4                -106.35183      0.3954423E-003  -106.35260      -106.35105    
   20:r:age5                -56.239841      0.0000000       -56.239841      -56.239841    
   21:r:age6                -50.768095      0.0000000       -50.768095      -50.768095    
   22:r:sex5                -0.1147134      0.1275699       -0.3647505      0.1353237     
   23:F:(Intercept)         4.3512469       23.505239       -41.719022      50.421516     

  Program  MARK  - Survival Rate Estimation with Capture-Recapture Data
   gfortran(Win64) Vers. 8.0 Jun 2014   25-Jan-2015 15:11:33    Page  012
 - - - - - - - - - - - - - - - - - - - - - - - - - - - - - - - - - - - - - -
 


          Real Function Parameters of { S(~age + time)p(~1)r(~age + sex)F(~1) }
                                                               95% Confidence Interval
  Parameter                  Estimate       Standard Error      Lower           Upper
 --------------------------  --------------  --------------  --------------  --------------
     1:S g41 c2005 c1 a0 t2  1.0000000       0.0000000       1.0000000       1.0000000                           
     2:S g41 c2005 c1 a1 t2  1.0000000       0.0000000       1.0000000       1.0000000                           
     3:S g41 c2005 c1 a2 t2  0.8089358       0.9012777       0.4602703E-004  0.9999974                           
     4:S g41 c2005 c1 a3 t2  1.0000000       0.0000000       1.0000000       1.0000000                           
     5:S g41 c2005 c1 a4 t2  1.0000000       0.0000000       1.0000000       1.0000000                           
     6:S g41 c2005 c1 a5 t2  1.0000000       0.0000000       1.0000000       1.0000000                           
     7:S g41 c2005 c1 a6 t2  0.1079479E-035  0.0000000       0.1079479E-035  0.1079479E-035                      
     8:S g41 c2006 c2 a0 t2  1.0000000       0.0000000       1.0000000       1.0000000                           
     9:S g41 c2006 c2 a1 t2  1.0000000       0.0000000       1.0000000       1.0000000                           
    10:S g41 c2006 c2 a2 t2  0.5021955E-018  0.1288640E-014  -.2525233E-014  0.2526237E-014                      
    11:S g41 c2006 c2 a3 t2  1.0000000       0.0000000       1.0000000       1.0000000                           
    12:S g41 c2006 c2 a4 t2  1.0000000       0.0000000       1.0000000       1.0000000                           
    13:S g41 c2006 c2 a5 t2  1.0000000       0.0000000       1.0000000       1.0000000                           
    14:S g41 c2007 c3 a0 t2  1.0000000       0.0000000       1.0000000       1.0000000                           
    15:S g41 c2007 c3 a1 t2  1.0000000       0.0000000       1.0000000       1.0000000                           
    16:S g41 c2007 c3 a2 t2  0.9999916       0.0057017       0.1170308E-298  1.0000000                           
    17:S g41 c2007 c3 a3 t2  1.0000000       0.0000000       1.0000000       1.0000000                           
    18:S g41 c2007 c3 a4 t2  0.6266695E-020  0.0000000       0.6266695E-020  0.6266695E-020                      
    19:S g41 c2008 c4 a0 t2  1.0000000       0.2941539E-005  0.9999942       1.0000058                           
    20:S g41 c2008 c4 a1 t2  1.0000000       0.0000000       1.0000000       1.0000000                           
    21:S g41 c2008 c4 a2 t2  0.3502090E-011  0.0000000       0.3502090E-011  0.3502090E-011                      
    22:S g41 c2008 c4 a3 t2  0.7481297E-023  0.0000000       0.7481297E-023  0.7481297E-023                      
    23:S g41 c2009 c5 a0 t2  1.0000000       0.0000000       1.0000000       1.0000000                           
    24:S g41 c2009 c5 a1 t2  1.0000000       0.0000000       1.0000000       1.0000000                           
    25:S g41 c2009 c5 a2 t2  0.3551153E-063  0.0000000       0.3551153E-063  0.3551153E-063                      
    26:S g41 c2010 c6 a0 t2  1.0000000       0.0000000       1.0000000       1.0000000                           
    27:S g41 c2010 c6 a1 t2  0.7878416E-021  0.0000000       0.7878416E-021  0.7878416E-021                      
    28:S g41 c2011 c7 a0 t2  0.6269620E-036  0.0000000       0.6269620E-036  0.6269620E-036                      
    29:p g41 c2005 c1 a1 t2  0.8614207E-003  0.5388777E-003  0.2526539E-003  0.0029327                           
    30:r g41 c2005 c1 a0 t2  0.1853842       0.0139534       0.1595765       0.2143015                           
    31:r g41 c2005 c1 a1 t2  0.0010699       0.0010714       0.1501215E-003  0.0075822                           
    32:r g41 c2005 c1 a2 t2  0.2924461E-035  0.2702093E-036  0.2394851E-035  0.3454072E-035                      
    33:r g41 c2005 c1 a3 t2  0.1900242E-053  0.1944573E-052  -.3621340E-052  0.4001388E-052                      
    34:r g41 c2005 c1 a4 t2  0.1476075E-046  0.1363853E-047  0.1208760E-046  0.1743390E-046                      
    35:r g41 c2005 c1 a5 t2  0.8559870E-025  0.0000000       0.8559870E-025  0.8559870E-025                      
    36:r g41 c2005 c1 a6 t2  0.2036182E-022  0.0000000       0.2036182E-022  0.2036182E-022                      
    37:r g51 c2005 c1 a0 t2  0.1686817       0.0123609       0.1458198       0.1943124                           
    38:r g51 c2005 c1 a1 t2  0.9540462E-003  0.9556557E-003  0.1338007E-003  0.0067686                           
    39:r g51 c2005 c1 a2 t2  0.2607513E-035  0.2298478E-036  0.2157011E-035  0.3058015E-035                      
    40:r g51 c2005 c1 a3 t2  0.1694297E-053  0.1733820E-052  -.3228858E-052  0.3567718E-052                      

  Program  MARK  - Survival Rate Estimation with Capture-Recapture Data
   gfortran(Win64) Vers. 8.0 Jun 2014   25-Jan-2015 15:11:33    Page  013
 - - - - - - - - - - - - - - - - - - - - - - - - - - - - - - - - - - - - - -
 
    41:r g51 c2005 c1 a4 t2  0.1316100E-046  0.1160131E-047  0.1088715E-046  0.1543486E-046                      
    42:r g51 c2005 c1 a5 t2  0.7632165E-025  0.0000000       0.7632165E-025  0.7632165E-025                      
    43:r g51 c2005 c1 a6 t2  0.1815504E-022  0.0000000       0.1815504E-022  0.1815504E-022                      
    44:F g41 c2005 c1 a0 t2  0.9872733       0.2953364       0.7614805E-018  1.0000000                           

 Attempted ordering of parameters by estimatibility:
  15 22 14 16  1 23  3 11  7  9 10  8 12  4  5  2 21 20 17 19 18  6 13
 Beta number 13 is a singular value.

     CPU Time in seconds for last procedure was 4.71


  INPUT --- proc stop;

     CPU Time in minutes for this job was 0.08

     Time Start = 15:11:32.290   Time End = 15:11:33.362

     Wall Clock Time in minutes for this job was 0.02


          E X E C U T I O N   S U C C E S S F U L 
