
   Program  MARK  - Survival Rate Estimation with Capture-Recapture Data
   gfortran(Win64) Vers. 8.0 Jun 2014   25-Jan-2015 15:11:08    Page  001
 - - - - - - - - - - - - - - - - - - - - - - - - - - - - - - - - - - - - - -
 
   This version was compiled by GCC version 4.8.1 using the options 
   -m64 -mtune=generic -march=x86-64 -mthreads -O2 -fimplicit-none -fbounds-check -funroll-loops -ftree-vectorize -fopenmp.
   This problem will use 7 of 8 possible threads.


  INPUT --- proc title ;

     CPU Time in seconds for last procedure was 0.00


  INPUT --- proc chmatrix occasions= 7 groups= 6 etype= Both ICMeans 
  INPUT --- NoHist hist= 51 ;

  INPUT ---    time  interval 1 1 1 1 1 1 1 ;

  INPUT ---    glabel(1)=sex4.age1;

  INPUT ---    glabel(2)=sex5.age1;

  INPUT ---    glabel(3)=sex4.age2;

  INPUT ---    glabel(4)=sex5.age2;

  INPUT ---    glabel(5)=sex4.age4;

  INPUT ---    glabel(6)=sex5.age4;

   * *  WARNING  * *   At least a pair of the encounter histories are duplicates. 

      Number of unique encounter histories read was 17.

      Number of individual covariates read was 0.
      Time interval lengths are all equal to 1.

      Data type number is 3
      Data type is Joint Live and Dead Encounters (Burnham)                                                            

     CPU Time in seconds for last procedure was 0.00

  Program  MARK  - Survival Rate Estimation with Capture-Recapture Data
   gfortran(Win64) Vers. 8.0 Jun 2014   25-Jan-2015 15:11:08    Page  002
 - - - - - - - - - - - - - - - - - - - - - - - - - - - - - - - - - - - - - -
 


  INPUT --- proc estimate link=Logit NOLOOP varest=2ndPart    ;


  INPUT --- model={ S(~sex)p(~sex)r(~sex)F(~1) };

  INPUT ---    group=1 S    rows=7 cols=7 Triang ;
  INPUT ---        1 1 1 1 1 1 1 ;
  INPUT ---        1 1 1 1 1 1 ;
  INPUT ---        1 1 1 1 1 ;
  INPUT ---        1 1 1 1 ;
  INPUT ---        1 1 1 ;
  INPUT ---        1 1 ;
  INPUT ---        1 ;

  INPUT ---    group=2 S    rows=7 cols=7 Triang ;
  INPUT ---        2 2 2 2 2 2 2 ;
  INPUT ---        2 2 2 2 2 2 ;
  INPUT ---        2 2 2 2 2 ;
  INPUT ---        2 2 2 2 ;
  INPUT ---        2 2 2 ;
  INPUT ---        2 2 ;
  INPUT ---        2 ;

  INPUT ---    group=3 S    rows=7 cols=7 Triang ;
  INPUT ---        1 1 1 1 1 1 1 ;
  INPUT ---        1 1 1 1 1 1 ;
  INPUT ---        1 1 1 1 1 ;
  INPUT ---        1 1 1 1 ;
  INPUT ---        1 1 1 ;
  INPUT ---        1 1 ;
  INPUT ---        1 ;

  INPUT ---    group=4 S    rows=7 cols=7 Triang ;
  INPUT ---        2 2 2 2 2 2 2 ;
  INPUT ---        2 2 2 2 2 2 ;
  INPUT ---        2 2 2 2 2 ;
  INPUT ---        2 2 2 2 ;
  INPUT ---        2 2 2 ;
  INPUT ---        2 2 ;
  INPUT ---        2 ;

  INPUT ---    group=5 S    rows=7 cols=7 Triang ;
  INPUT ---        1 1 1 1 1 1 1 ;
  INPUT ---        1 1 1 1 1 1 ;

  Program  MARK  - Survival Rate Estimation with Capture-Recapture Data
   gfortran(Win64) Vers. 8.0 Jun 2014   25-Jan-2015 15:11:08    Page  003
 - - - - - - - - - - - - - - - - - - - - - - - - - - - - - - - - - - - - - -
 
  INPUT ---        1 1 1 1 1 ;
  INPUT ---        1 1 1 1 ;
  INPUT ---        1 1 1 ;
  INPUT ---        1 1 ;
  INPUT ---        1 ;

  INPUT ---    group=6 S    rows=7 cols=7 Triang ;
  INPUT ---        2 2 2 2 2 2 2 ;
  INPUT ---        2 2 2 2 2 2 ;
  INPUT ---        2 2 2 2 2 ;
  INPUT ---        2 2 2 2 ;
  INPUT ---        2 2 2 ;
  INPUT ---        2 2 ;
  INPUT ---        2 ;

  INPUT ---    group=1 p    rows=6 cols=6 Triang ;
  INPUT ---        3 3 3 3 3 3 ;
  INPUT ---        3 3 3 3 3 ;
  INPUT ---        3 3 3 3 ;
  INPUT ---        3 3 3 ;
  INPUT ---        3 3 ;
  INPUT ---        3 ;

  INPUT ---    group=2 p    rows=6 cols=6 Triang ;
  INPUT ---        4 4 4 4 4 4 ;
  INPUT ---        4 4 4 4 4 ;
  INPUT ---        4 4 4 4 ;
  INPUT ---        4 4 4 ;
  INPUT ---        4 4 ;
  INPUT ---        4 ;

  INPUT ---    group=3 p    rows=6 cols=6 Triang ;
  INPUT ---        3 3 3 3 3 3 ;
  INPUT ---        3 3 3 3 3 ;
  INPUT ---        3 3 3 3 ;
  INPUT ---        3 3 3 ;
  INPUT ---        3 3 ;
  INPUT ---        3 ;

  INPUT ---    group=4 p    rows=6 cols=6 Triang ;
  INPUT ---        4 4 4 4 4 4 ;
  INPUT ---        4 4 4 4 4 ;
  INPUT ---        4 4 4 4 ;
  INPUT ---        4 4 4 ;
  INPUT ---        4 4 ;
  INPUT ---        4 ;

  Program  MARK  - Survival Rate Estimation with Capture-Recapture Data
   gfortran(Win64) Vers. 8.0 Jun 2014   25-Jan-2015 15:11:08    Page  004
 - - - - - - - - - - - - - - - - - - - - - - - - - - - - - - - - - - - - - -
 

  INPUT ---    group=5 p    rows=6 cols=6 Triang ;
  INPUT ---        3 3 3 3 3 3 ;
  INPUT ---        3 3 3 3 3 ;
  INPUT ---        3 3 3 3 ;
  INPUT ---        3 3 3 ;
  INPUT ---        3 3 ;
  INPUT ---        3 ;

  INPUT ---    group=6 p    rows=6 cols=6 Triang ;
  INPUT ---        4 4 4 4 4 4 ;
  INPUT ---        4 4 4 4 4 ;
  INPUT ---        4 4 4 4 ;
  INPUT ---        4 4 4 ;
  INPUT ---        4 4 ;
  INPUT ---        4 ;

  INPUT ---    group=1 r    rows=7 cols=7 Triang ;
  INPUT ---        5 5 5 5 5 5 5 ;
  INPUT ---        5 5 5 5 5 5 ;
  INPUT ---        5 5 5 5 5 ;
  INPUT ---        5 5 5 5 ;
  INPUT ---        5 5 5 ;
  INPUT ---        5 5 ;
  INPUT ---        5 ;

  INPUT ---    group=2 r    rows=7 cols=7 Triang ;
  INPUT ---        6 6 6 6 6 6 6 ;
  INPUT ---        6 6 6 6 6 6 ;
  INPUT ---        6 6 6 6 6 ;
  INPUT ---        6 6 6 6 ;
  INPUT ---        6 6 6 ;
  INPUT ---        6 6 ;
  INPUT ---        6 ;

  INPUT ---    group=3 r    rows=7 cols=7 Triang ;
  INPUT ---        5 5 5 5 5 5 5 ;
  INPUT ---        5 5 5 5 5 5 ;
  INPUT ---        5 5 5 5 5 ;
  INPUT ---        5 5 5 5 ;
  INPUT ---        5 5 5 ;
  INPUT ---        5 5 ;
  INPUT ---        5 ;

  INPUT ---    group=4 r    rows=7 cols=7 Triang ;
  INPUT ---        6 6 6 6 6 6 6 ;

  Program  MARK  - Survival Rate Estimation with Capture-Recapture Data
   gfortran(Win64) Vers. 8.0 Jun 2014   25-Jan-2015 15:11:08    Page  005
 - - - - - - - - - - - - - - - - - - - - - - - - - - - - - - - - - - - - - -
 
  INPUT ---        6 6 6 6 6 6 ;
  INPUT ---        6 6 6 6 6 ;
  INPUT ---        6 6 6 6 ;
  INPUT ---        6 6 6 ;
  INPUT ---        6 6 ;
  INPUT ---        6 ;

  INPUT ---    group=5 r    rows=7 cols=7 Triang ;
  INPUT ---        5 5 5 5 5 5 5 ;
  INPUT ---        5 5 5 5 5 5 ;
  INPUT ---        5 5 5 5 5 ;
  INPUT ---        5 5 5 5 ;
  INPUT ---        5 5 5 ;
  INPUT ---        5 5 ;
  INPUT ---        5 ;

  INPUT ---    group=6 r    rows=7 cols=7 Triang ;
  INPUT ---        6 6 6 6 6 6 6 ;
  INPUT ---        6 6 6 6 6 6 ;
  INPUT ---        6 6 6 6 6 ;
  INPUT ---        6 6 6 6 ;
  INPUT ---        6 6 6 ;
  INPUT ---        6 6 ;
  INPUT ---        6 ;

  INPUT ---    group=1 F    rows=6 cols=6 Triang ;
  INPUT ---        7 7 7 7 7 7 ;
  INPUT ---        7 7 7 7 7 ;
  INPUT ---        7 7 7 7 ;
  INPUT ---        7 7 7 ;
  INPUT ---        7 7 ;
  INPUT ---        7 ;

  INPUT ---    group=2 F    rows=6 cols=6 Triang ;
  INPUT ---        7 7 7 7 7 7 ;
  INPUT ---        7 7 7 7 7 ;
  INPUT ---        7 7 7 7 ;
  INPUT ---        7 7 7 ;
  INPUT ---        7 7 ;
  INPUT ---        7 ;

  INPUT ---    group=3 F    rows=6 cols=6 Triang ;
  INPUT ---        7 7 7 7 7 7 ;
  INPUT ---        7 7 7 7 7 ;
  INPUT ---        7 7 7 7 ;
  INPUT ---        7 7 7 ;

  Program  MARK  - Survival Rate Estimation with Capture-Recapture Data
   gfortran(Win64) Vers. 8.0 Jun 2014   25-Jan-2015 15:11:08    Page  006
 - - - - - - - - - - - - - - - - - - - - - - - - - - - - - - - - - - - - - -
 
  INPUT ---        7 7 ;
  INPUT ---        7 ;

  INPUT ---    group=4 F    rows=6 cols=6 Triang ;
  INPUT ---        7 7 7 7 7 7 ;
  INPUT ---        7 7 7 7 7 ;
  INPUT ---        7 7 7 7 ;
  INPUT ---        7 7 7 ;
  INPUT ---        7 7 ;
  INPUT ---        7 ;

  INPUT ---    group=5 F    rows=6 cols=6 Triang ;
  INPUT ---        7 7 7 7 7 7 ;
  INPUT ---        7 7 7 7 7 ;
  INPUT ---        7 7 7 7 ;
  INPUT ---        7 7 7 ;
  INPUT ---        7 7 ;
  INPUT ---        7 ;

  INPUT ---    group=6 F    rows=6 cols=6 Triang ;
  INPUT ---        7 7 7 7 7 7 ;
  INPUT ---        7 7 7 7 7 ;
  INPUT ---        7 7 7 7 ;
  INPUT ---        7 7 7 ;
  INPUT ---        7 7 ;
  INPUT ---        7 ;

  INPUT ---    design matrix constraints=7 covariates=7;
  INPUT ---        1 0 0 0 0 0 0;
  INPUT ---        1 1 0 0 0 0 0;
  INPUT ---        0 0 1 0 0 0 0;
  INPUT ---        0 0 1 1 0 0 0;
  INPUT ---        0 0 0 0 1 0 0;
  INPUT ---        0 0 0 0 1 1 0;
  INPUT ---        0 0 0 0 0 0 1;

  INPUT ---    blabel(1)=S:(Intercept);

  INPUT ---    blabel(2)=S:sex5;

  INPUT ---    blabel(3)=p:(Intercept);

  INPUT ---    blabel(4)=p:sex5;

  INPUT ---    blabel(5)=r:(Intercept);


  Program  MARK  - Survival Rate Estimation with Capture-Recapture Data
   gfortran(Win64) Vers. 8.0 Jun 2014   25-Jan-2015 15:11:08    Page  007
 - - - - - - - - - - - - - - - - - - - - - - - - - - - - - - - - - - - - - -
 
  INPUT ---    blabel(6)=r:sex5;

  INPUT ---    blabel(7)=F:(Intercept);

  INPUT ---    rlabel(1)=S g41 c2005 c1 a0 t2005;

  INPUT ---    rlabel(2)=S g51 c2005 c1 a0 t2005;

  INPUT ---    rlabel(3)=p g41 c2005 c1 a1 t2006;

  INPUT ---    rlabel(4)=p g51 c2005 c1 a1 t2006;

  INPUT ---    rlabel(5)=r g41 c2005 c1 a0 t2005;

  INPUT ---    rlabel(6)=r g51 c2005 c1 a0 t2005;

  INPUT ---    rlabel(7)=F g41 c2005 c1 a0 t2005;

 Link Function Used is LOGIT        

 Variance Estimation Procedure Used is 2ndPart 

 M(t+1):



 -2logL(saturated) = 1739.8188     
 Effective Sample Size = 7075

 Number of function evaluations was 52 for 7 parameters.
 Time for numerical optimization was 0.28 seconds.
 -2logL { S(~sex)p(~sex)r(~sex)F(~1) } = 2766.4481     
 Penalty { S(~sex)p(~sex)r(~sex)F(~1) } = -0.0000000    
 Gradient { S(~sex)p(~sex)r(~sex)F(~1) }:
 -0.1195439E-04 0.7504686E-04-0.2281581E-04-0.2331940E-04 0.2208725E-04
  0.4432820E-04  0.000000    
 S Vector { S(~sex)p(~sex)r(~sex)F(~1) }:
   380.5856      53.68671      39.20499      7.926508      5.414469    
   1.027748     0.2281534E-06
 Time to compute number of parameters was 0.16 seconds.
   Threshold =  0.1600000E-06     Condition index =  0.5994800E-09     New Threshold =  0.6036373E-06
 New Guessimate of Estimated Parameters { S(~sex)p(~sex)r(~sex)F(~1) } = 6          
 Conditioned S Vector { S(~sex)p(~sex)r(~sex)F(~1) }:
   1.000000     0.1410635     0.1030123     0.2082714E-01 0.1422668E-01
  0.2700439E-02 0.5994800E-09
 Number of Estimated Parameters { S(~sex)p(~sex)r(~sex)F(~1) } = 6          
 DEVIANCE { S(~sex)p(~sex)r(~sex)F(~1) } = 1026.6294                     
 DEVIANCE Degrees of Freedom { S(~sex)p(~sex)r(~sex)F(~1) } = 9            
 c-hat { S(~sex)p(~sex)r(~sex)F(~1) } = 114.06993                     
 AIC { S(~sex)p(~sex)r(~sex)F(~1) } = 2778.4481                  
 AICc { S(~sex)p(~sex)r(~sex)F(~1) } = 2778.4600                    
 BIC { S(~sex)p(~sex)r(~sex)F(~1) } = 2819.6340                    
 Pearson Chisquare { S(~sex)p(~sex)r(~sex)F(~1) } = Not a Number               
 Possible Encounter Histories { S(~sex)p(~sex)r(~sex)F(~1) } = 896             
 Pearson Chisquare df { S(~sex)p(~sex)r(~sex)F(~1) } = 854        
 Pearson chat { S(~sex)p(~sex)r(~sex)F(~1) } = Not a Number               
 Sum(Observed/Expected) { S(~sex)p(~sex)r(~sex)F(~1) } = Not a Number               
 Fletcher chat { S(~sex)p(~sex)r(~sex)F(~1) } = Not a Number               

  Program  MARK  - Survival Rate Estimation with Capture-Recapture Data
   gfortran(Win64) Vers. 8.0 Jun 2014   25-Jan-2015 15:11:08    Page  008
 - - - - - - - - - - - - - - - - - - - - - - - - - - - - - - - - - - - - - -
 


                LOGIT Link Function Parameters of { S(~sex)p(~sex)r(~sex)F(~1) }
                                                              95% Confidence Interval
 Parameter                    Beta         Standard Error      Lower           Upper
 -------------------------  --------------  --------------  --------------  --------------
    1:S:(Intercept)         -2.8040201      0.3724655       -3.5340525      -2.0739876    
    2:S:sex5                0.2119024       0.5049941       -0.7778860      1.2016908     
    3:p:(Intercept)         -2.9862477      0.5236270       -4.0125566      -1.9599387    
    4:p:sex5                -0.9500814      0.8008406       -2.5197289      0.6195661     
    5:r:(Intercept)         -3.1177360      0.0852931       -3.2849105      -2.9505616    
    6:r:sex5                0.0258647       0.1185594       -0.2065118      0.2582411     
    7:F:(Intercept)         18.115791       2093.5652       -4085.2721      4121.5037     


                Real Function Parameters of { S(~sex)p(~sex)r(~sex)F(~1) }
                                                               95% Confidence Interval
  Parameter                  Estimate       Standard Error      Lower           Upper
 --------------------------  --------------  --------------  --------------  --------------
     1:S g41 c2005 c1 a0 t2  0.0571073       0.0200558       0.0283587       0.1116509                           
     2:S g51 c2005 c1 a0 t2  0.0696474       0.0220965       0.0369513       0.1274459                           
     3:p g41 c2005 c1 a1 t2  0.0480510       0.0239518       0.0177658       0.1234737                           
     4:p g51 c2005 c1 a1 t2  0.0191460       0.0113792       0.0059171       0.0601607                           
     5:r g41 c2005 c1 a0 t2  0.0423816       0.0034617       0.0360925       0.0497100                           
     6:r g51 c2005 c1 a0 t2  0.0434438       0.0034221       0.0372093       0.0506679                           
     7:F g41 c2005 c1 a0 t2  1.0000000       0.2839871E-004  0.7268597E-296  1.0000000                           

 Attempted ordering of parameters by estimatibility:
  5 6 1 3 2 4 7
 Beta number 7 is a singular value.

     CPU Time in seconds for last procedure was 0.45

  Program  MARK  - Survival Rate Estimation with Capture-Recapture Data
   gfortran(Win64) Vers. 8.0 Jun 2014   25-Jan-2015 15:11:08    Page  009
 - - - - - - - - - - - - - - - - - - - - - - - - - - - - - - - - - - - - - -
 


  INPUT --- proc stop;

     CPU Time in minutes for this job was 0.01

     Time Start = 15:11:08.368   Time End = 15:11:08.522

     Wall Clock Time in minutes for this job was 0.00


          E X E C U T I O N   S U C C E S S F U L 
