
   Program  MARK  - Survival Rate Estimation with Capture-Recapture Data
   gfortran(Win64) Vers. 8.0 Jun 2014   25-Jan-2015 15:08:12    Page  001
 - - - - - - - - - - - - - - - - - - - - - - - - - - - - - - - - - - - - - -
 
   This version was compiled by GCC version 4.8.1 using the options 
   -m64 -mtune=generic -march=x86-64 -mthreads -O2 -fimplicit-none -fbounds-check -funroll-loops -ftree-vectorize -fopenmp.
   This problem will use 7 of 8 possible threads.


  INPUT --- proc title ;

     CPU Time in seconds for last procedure was 0.00


  INPUT --- proc chmatrix occasions= 7 groups= 6 etype= Both ICMeans 
  INPUT --- NoHist hist= 51 ;

  INPUT ---    time  interval 1 1 1 1 1 1 1 ;

  INPUT ---    glabel(1)=sex4.age1;

  INPUT ---    glabel(2)=sex5.age1;

  INPUT ---    glabel(3)=sex4.age2;

  INPUT ---    glabel(4)=sex5.age2;

  INPUT ---    glabel(5)=sex4.age4;

  INPUT ---    glabel(6)=sex5.age4;

   * *  WARNING  * *   At least a pair of the encounter histories are duplicates. 

      Number of unique encounter histories read was 17.

      Number of individual covariates read was 0.
      Time interval lengths are all equal to 1.

      Data type number is 3
      Data type is Joint Live and Dead Encounters (Burnham)                                                            

     CPU Time in seconds for last procedure was 0.00

  Program  MARK  - Survival Rate Estimation with Capture-Recapture Data
   gfortran(Win64) Vers. 8.0 Jun 2014   25-Jan-2015 15:08:12    Page  002
 - - - - - - - - - - - - - - - - - - - - - - - - - - - - - - - - - - - - - -
 


  INPUT --- proc estimate link=Logit NOLOOP varest=2ndPart    ;


  INPUT --- model={ S(~sex + time)p(~age + sex)r(~1)F(~1) };

  INPUT ---    group=1 S    rows=7 cols=7 Triang ;
  INPUT ---        1 2 3 4 5 6 7 ;
  INPUT ---        2 3 4 5 6 7 ;
  INPUT ---        3 4 5 6 7 ;
  INPUT ---        4 5 6 7 ;
  INPUT ---        5 6 7 ;
  INPUT ---        6 7 ;
  INPUT ---        7 ;

  INPUT ---    group=2 S    rows=7 cols=7 Triang ;
  INPUT ---        8 9 10 11 12 13 14 ;
  INPUT ---        9 10 11 12 13 14 ;
  INPUT ---        10 11 12 13 14 ;
  INPUT ---        11 12 13 14 ;
  INPUT ---        12 13 14 ;
  INPUT ---        13 14 ;
  INPUT ---        14 ;

  INPUT ---    group=3 S    rows=7 cols=7 Triang ;
  INPUT ---        1 2 3 4 5 6 7 ;
  INPUT ---        2 3 4 5 6 7 ;
  INPUT ---        3 4 5 6 7 ;
  INPUT ---        4 5 6 7 ;
  INPUT ---        5 6 7 ;
  INPUT ---        6 7 ;
  INPUT ---        7 ;

  INPUT ---    group=4 S    rows=7 cols=7 Triang ;
  INPUT ---        8 9 10 11 12 13 14 ;
  INPUT ---        9 10 11 12 13 14 ;
  INPUT ---        10 11 12 13 14 ;
  INPUT ---        11 12 13 14 ;
  INPUT ---        12 13 14 ;
  INPUT ---        13 14 ;
  INPUT ---        14 ;

  INPUT ---    group=5 S    rows=7 cols=7 Triang ;
  INPUT ---        1 2 3 4 5 6 7 ;
  INPUT ---        2 3 4 5 6 7 ;

  Program  MARK  - Survival Rate Estimation with Capture-Recapture Data
   gfortran(Win64) Vers. 8.0 Jun 2014   25-Jan-2015 15:08:12    Page  003
 - - - - - - - - - - - - - - - - - - - - - - - - - - - - - - - - - - - - - -
 
  INPUT ---        3 4 5 6 7 ;
  INPUT ---        4 5 6 7 ;
  INPUT ---        5 6 7 ;
  INPUT ---        6 7 ;
  INPUT ---        7 ;

  INPUT ---    group=6 S    rows=7 cols=7 Triang ;
  INPUT ---        8 9 10 11 12 13 14 ;
  INPUT ---        9 10 11 12 13 14 ;
  INPUT ---        10 11 12 13 14 ;
  INPUT ---        11 12 13 14 ;
  INPUT ---        12 13 14 ;
  INPUT ---        13 14 ;
  INPUT ---        14 ;

  INPUT ---    group=1 p    rows=6 cols=6 Triang ;
  INPUT ---        15 16 17 18 19 20 ;
  INPUT ---        15 16 17 18 19 ;
  INPUT ---        15 16 17 18 ;
  INPUT ---        15 16 17 ;
  INPUT ---        15 16 ;
  INPUT ---        15 ;

  INPUT ---    group=2 p    rows=6 cols=6 Triang ;
  INPUT ---        21 22 23 24 25 26 ;
  INPUT ---        21 22 23 24 25 ;
  INPUT ---        21 22 23 24 ;
  INPUT ---        21 22 23 ;
  INPUT ---        21 22 ;
  INPUT ---        21 ;

  INPUT ---    group=3 p    rows=6 cols=6 Triang ;
  INPUT ---        15 16 17 18 19 20 ;
  INPUT ---        15 16 17 18 19 ;
  INPUT ---        15 16 17 18 ;
  INPUT ---        15 16 17 ;
  INPUT ---        15 16 ;
  INPUT ---        15 ;

  INPUT ---    group=4 p    rows=6 cols=6 Triang ;
  INPUT ---        21 22 23 24 25 26 ;
  INPUT ---        21 22 23 24 25 ;
  INPUT ---        21 22 23 24 ;
  INPUT ---        21 22 23 ;
  INPUT ---        21 22 ;
  INPUT ---        21 ;

  Program  MARK  - Survival Rate Estimation with Capture-Recapture Data
   gfortran(Win64) Vers. 8.0 Jun 2014   25-Jan-2015 15:08:12    Page  004
 - - - - - - - - - - - - - - - - - - - - - - - - - - - - - - - - - - - - - -
 

  INPUT ---    group=5 p    rows=6 cols=6 Triang ;
  INPUT ---        15 16 17 18 19 20 ;
  INPUT ---        15 16 17 18 19 ;
  INPUT ---        15 16 17 18 ;
  INPUT ---        15 16 17 ;
  INPUT ---        15 16 ;
  INPUT ---        15 ;

  INPUT ---    group=6 p    rows=6 cols=6 Triang ;
  INPUT ---        21 22 23 24 25 26 ;
  INPUT ---        21 22 23 24 25 ;
  INPUT ---        21 22 23 24 ;
  INPUT ---        21 22 23 ;
  INPUT ---        21 22 ;
  INPUT ---        21 ;

  INPUT ---    group=1 r    rows=7 cols=7 Triang ;
  INPUT ---        27 27 27 27 27 27 27 ;
  INPUT ---        27 27 27 27 27 27 ;
  INPUT ---        27 27 27 27 27 ;
  INPUT ---        27 27 27 27 ;
  INPUT ---        27 27 27 ;
  INPUT ---        27 27 ;
  INPUT ---        27 ;

  INPUT ---    group=2 r    rows=7 cols=7 Triang ;
  INPUT ---        27 27 27 27 27 27 27 ;
  INPUT ---        27 27 27 27 27 27 ;
  INPUT ---        27 27 27 27 27 ;
  INPUT ---        27 27 27 27 ;
  INPUT ---        27 27 27 ;
  INPUT ---        27 27 ;
  INPUT ---        27 ;

  INPUT ---    group=3 r    rows=7 cols=7 Triang ;
  INPUT ---        27 27 27 27 27 27 27 ;
  INPUT ---        27 27 27 27 27 27 ;
  INPUT ---        27 27 27 27 27 ;
  INPUT ---        27 27 27 27 ;
  INPUT ---        27 27 27 ;
  INPUT ---        27 27 ;
  INPUT ---        27 ;

  INPUT ---    group=4 r    rows=7 cols=7 Triang ;
  INPUT ---        27 27 27 27 27 27 27 ;

  Program  MARK  - Survival Rate Estimation with Capture-Recapture Data
   gfortran(Win64) Vers. 8.0 Jun 2014   25-Jan-2015 15:08:12    Page  005
 - - - - - - - - - - - - - - - - - - - - - - - - - - - - - - - - - - - - - -
 
  INPUT ---        27 27 27 27 27 27 ;
  INPUT ---        27 27 27 27 27 ;
  INPUT ---        27 27 27 27 ;
  INPUT ---        27 27 27 ;
  INPUT ---        27 27 ;
  INPUT ---        27 ;

  INPUT ---    group=5 r    rows=7 cols=7 Triang ;
  INPUT ---        27 27 27 27 27 27 27 ;
  INPUT ---        27 27 27 27 27 27 ;
  INPUT ---        27 27 27 27 27 ;
  INPUT ---        27 27 27 27 ;
  INPUT ---        27 27 27 ;
  INPUT ---        27 27 ;
  INPUT ---        27 ;

  INPUT ---    group=6 r    rows=7 cols=7 Triang ;
  INPUT ---        27 27 27 27 27 27 27 ;
  INPUT ---        27 27 27 27 27 27 ;
  INPUT ---        27 27 27 27 27 ;
  INPUT ---        27 27 27 27 ;
  INPUT ---        27 27 27 ;
  INPUT ---        27 27 ;
  INPUT ---        27 ;

  INPUT ---    group=1 F    rows=6 cols=6 Triang ;
  INPUT ---        28 28 28 28 28 28 ;
  INPUT ---        28 28 28 28 28 ;
  INPUT ---        28 28 28 28 ;
  INPUT ---        28 28 28 ;
  INPUT ---        28 28 ;
  INPUT ---        28 ;

  INPUT ---    group=2 F    rows=6 cols=6 Triang ;
  INPUT ---        28 28 28 28 28 28 ;
  INPUT ---        28 28 28 28 28 ;
  INPUT ---        28 28 28 28 ;
  INPUT ---        28 28 28 ;
  INPUT ---        28 28 ;
  INPUT ---        28 ;

  INPUT ---    group=3 F    rows=6 cols=6 Triang ;
  INPUT ---        28 28 28 28 28 28 ;
  INPUT ---        28 28 28 28 28 ;
  INPUT ---        28 28 28 28 ;
  INPUT ---        28 28 28 ;

  Program  MARK  - Survival Rate Estimation with Capture-Recapture Data
   gfortran(Win64) Vers. 8.0 Jun 2014   25-Jan-2015 15:08:12    Page  006
 - - - - - - - - - - - - - - - - - - - - - - - - - - - - - - - - - - - - - -
 
  INPUT ---        28 28 ;
  INPUT ---        28 ;

  INPUT ---    group=4 F    rows=6 cols=6 Triang ;
  INPUT ---        28 28 28 28 28 28 ;
  INPUT ---        28 28 28 28 28 ;
  INPUT ---        28 28 28 28 ;
  INPUT ---        28 28 28 ;
  INPUT ---        28 28 ;
  INPUT ---        28 ;

  INPUT ---    group=5 F    rows=6 cols=6 Triang ;
  INPUT ---        28 28 28 28 28 28 ;
  INPUT ---        28 28 28 28 28 ;
  INPUT ---        28 28 28 28 ;
  INPUT ---        28 28 28 ;
  INPUT ---        28 28 ;
  INPUT ---        28 ;

  INPUT ---    group=6 F    rows=6 cols=6 Triang ;
  INPUT ---        28 28 28 28 28 28 ;
  INPUT ---        28 28 28 28 28 ;
  INPUT ---        28 28 28 28 ;
  INPUT ---        28 28 28 ;
  INPUT ---        28 28 ;
  INPUT ---        28 ;

  INPUT ---    design matrix constraints=28 covariates=17;
  INPUT ---        1 0 0 0 0 0 0 0 0 0 0 0 0 0 0 0 0;
  INPUT ---        1 0 1 0 0 0 0 0 0 0 0 0 0 0 0 0 0;
  INPUT ---        1 0 0 1 0 0 0 0 0 0 0 0 0 0 0 0 0;
  INPUT ---        1 0 0 0 1 0 0 0 0 0 0 0 0 0 0 0 0;
  INPUT ---        1 0 0 0 0 1 0 0 0 0 0 0 0 0 0 0 0;
  INPUT ---        1 0 0 0 0 0 1 0 0 0 0 0 0 0 0 0 0;
  INPUT ---        1 0 0 0 0 0 0 1 0 0 0 0 0 0 0 0 0;
  INPUT ---        1 1 0 0 0 0 0 0 0 0 0 0 0 0 0 0 0;
  INPUT ---        1 1 1 0 0 0 0 0 0 0 0 0 0 0 0 0 0;
  INPUT ---        1 1 0 1 0 0 0 0 0 0 0 0 0 0 0 0 0;
  INPUT ---        1 1 0 0 1 0 0 0 0 0 0 0 0 0 0 0 0;
  INPUT ---        1 1 0 0 0 1 0 0 0 0 0 0 0 0 0 0 0;
  INPUT ---        1 1 0 0 0 0 1 0 0 0 0 0 0 0 0 0 0;
  INPUT ---        1 1 0 0 0 0 0 1 0 0 0 0 0 0 0 0 0;
  INPUT ---        0 0 0 0 0 0 0 0 1 0 0 0 0 0 0 0 0;
  INPUT ---        0 0 0 0 0 0 0 0 1 1 0 0 0 0 0 0 0;
  INPUT ---        0 0 0 0 0 0 0 0 1 0 1 0 0 0 0 0 0;
  INPUT ---        0 0 0 0 0 0 0 0 1 0 0 1 0 0 0 0 0;

  Program  MARK  - Survival Rate Estimation with Capture-Recapture Data
   gfortran(Win64) Vers. 8.0 Jun 2014   25-Jan-2015 15:08:12    Page  007
 - - - - - - - - - - - - - - - - - - - - - - - - - - - - - - - - - - - - - -
 
  INPUT ---        0 0 0 0 0 0 0 0 1 0 0 0 1 0 0 0 0;
  INPUT ---        0 0 0 0 0 0 0 0 1 0 0 0 0 1 0 0 0;
  INPUT ---        0 0 0 0 0 0 0 0 1 0 0 0 0 0 1 0 0;
  INPUT ---        0 0 0 0 0 0 0 0 1 1 0 0 0 0 1 0 0;
  INPUT ---        0 0 0 0 0 0 0 0 1 0 1 0 0 0 1 0 0;
  INPUT ---        0 0 0 0 0 0 0 0 1 0 0 1 0 0 1 0 0;
  INPUT ---        0 0 0 0 0 0 0 0 1 0 0 0 1 0 1 0 0;
  INPUT ---        0 0 0 0 0 0 0 0 1 0 0 0 0 1 1 0 0;
  INPUT ---        0 0 0 0 0 0 0 0 0 0 0 0 0 0 0 1 0;
  INPUT ---        0 0 0 0 0 0 0 0 0 0 0 0 0 0 0 0 1;

  INPUT ---    blabel(1)=S:(Intercept);

  INPUT ---    blabel(2)=S:sex5;

  INPUT ---    blabel(3)=S:time2006;

  INPUT ---    blabel(4)=S:time2007;

  INPUT ---    blabel(5)=S:time2008;

  INPUT ---    blabel(6)=S:time2009;

  INPUT ---    blabel(7)=S:time2010;

  INPUT ---    blabel(8)=S:time2011;

  INPUT ---    blabel(9)=p:(Intercept);

  INPUT ---    blabel(10)=p:age2;

  INPUT ---    blabel(11)=p:age3;

  INPUT ---    blabel(12)=p:age4;

  INPUT ---    blabel(13)=p:age5;

  INPUT ---    blabel(14)=p:age6;

  INPUT ---    blabel(15)=p:sex5;

  INPUT ---    blabel(16)=r:(Intercept);

  INPUT ---    blabel(17)=F:(Intercept);

  INPUT ---    rlabel(1)=S g41 c2005 c1 a0 t2005;

  Program  MARK  - Survival Rate Estimation with Capture-Recapture Data
   gfortran(Win64) Vers. 8.0 Jun 2014   25-Jan-2015 15:08:12    Page  008
 - - - - - - - - - - - - - - - - - - - - - - - - - - - - - - - - - - - - - -
 

  INPUT ---    rlabel(2)=S g41 c2005 c1 a1 t2006;

  INPUT ---    rlabel(3)=S g41 c2005 c1 a2 t2007;

  INPUT ---    rlabel(4)=S g41 c2005 c1 a3 t2008;

  INPUT ---    rlabel(5)=S g41 c2005 c1 a4 t2009;

  INPUT ---    rlabel(6)=S g41 c2005 c1 a5 t2010;

  INPUT ---    rlabel(7)=S g41 c2005 c1 a6 t2011;

  INPUT ---    rlabel(8)=S g51 c2005 c1 a0 t2005;

  INPUT ---    rlabel(9)=S g51 c2005 c1 a1 t2006;

  INPUT ---    rlabel(10)=S g51 c2005 c1 a2 t2007;

  INPUT ---    rlabel(11)=S g51 c2005 c1 a3 t2008;

  INPUT ---    rlabel(12)=S g51 c2005 c1 a4 t2009;

  INPUT ---    rlabel(13)=S g51 c2005 c1 a5 t2010;

  INPUT ---    rlabel(14)=S g51 c2005 c1 a6 t2011;

  INPUT ---    rlabel(15)=p g41 c2005 c1 a1 t2006;

  INPUT ---    rlabel(16)=p g41 c2005 c1 a2 t2007;

  INPUT ---    rlabel(17)=p g41 c2005 c1 a3 t2008;

  INPUT ---    rlabel(18)=p g41 c2005 c1 a4 t2009;

  INPUT ---    rlabel(19)=p g41 c2005 c1 a5 t2010;

  INPUT ---    rlabel(20)=p g41 c2005 c1 a6 t2011;

  INPUT ---    rlabel(21)=p g51 c2005 c1 a1 t2006;

  INPUT ---    rlabel(22)=p g51 c2005 c1 a2 t2007;

  INPUT ---    rlabel(23)=p g51 c2005 c1 a3 t2008;

  INPUT ---    rlabel(24)=p g51 c2005 c1 a4 t2009;

  Program  MARK  - Survival Rate Estimation with Capture-Recapture Data
   gfortran(Win64) Vers. 8.0 Jun 2014   25-Jan-2015 15:08:12    Page  009
 - - - - - - - - - - - - - - - - - - - - - - - - - - - - - - - - - - - - - -
 

  INPUT ---    rlabel(25)=p g51 c2005 c1 a5 t2010;

  INPUT ---    rlabel(26)=p g51 c2005 c1 a6 t2011;

  INPUT ---    rlabel(27)=r g41 c2005 c1 a0 t2005;

  INPUT ---    rlabel(28)=F g41 c2005 c1 a0 t2005;

 Link Function Used is LOGIT        

 Variance Estimation Procedure Used is 2ndPart 

 M(t+1):



 -2logL(saturated) = 1739.8188     
 Effective Sample Size = 7075

 Number of function evaluations was 75 for 17 parameters.
 Time for numerical optimization was 0.76 seconds.
 -2logL { S(~sex + time)p(~age + sex)r(~1)F(~1) } = 2655.8854     
 Penalty { S(~sex + time)p(~age + sex)r(~1)F(~1) } = -0.0000000    
 Gradient { S(~sex + time)p(~age + sex)r(~1)F(~1) }:
  0.4236004E-03-0.2733503E-03 0.5059448E-03-0.3306944E-03 0.2436256E-03
   0.000000      0.000000     0.1205981E-05 0.1324669E-04-0.4798075E-03
 -0.7317475E-03-0.7691604E-03  0.000000      0.000000    -0.2627565E-03
 -0.1371214E-01-0.7029267E-05
 S Vector { S(~sex + time)p(~age + sex)r(~1)F(~1) }:
   286.3361      21.84328      8.626933      2.925934      1.812286    
   1.604865      1.196915     0.4633302     0.2751518     0.1863396    
  0.3625226E-04 0.6618959E-05 0.1000970E-05 0.6372637E-06 0.1643010E-06
  0.8332145E-07 0.3176977E-09
 Time to compute number of parameters was 0.44 seconds.
   Threshold =  0.3600000E-06     Condition index =  0.1109527E-11     New Threshold =  0.1309901E-08
 New Guessimate of Estimated Parameters { S(~sex + time)p(~age + sex)r(~1)F(~1) } = 14          
 Conditioned S Vector { S(~sex + time)p(~age + sex)r(~1)F(~1) }:
   1.000000     0.7628546E-01 0.3012870E-01 0.1021853E-01 0.6329226E-02
  0.5604829E-02 0.4180107E-02 0.1618134E-02 0.9609401E-03 0.6507724E-03
  0.1266074E-06 0.2311605E-07 0.3495786E-08 0.2225580E-08 0.5738048E-09
  0.2909918E-09 0.1109527E-11
 Number of Estimated Parameters { S(~sex + time)p(~age + sex)r(~1)F(~1) } = 10          
 DEVIANCE { S(~sex + time)p(~age + sex)r(~1)F(~1) } = 916.06667                     
 DEVIANCE Degrees of Freedom { S(~sex + time)p(~age + sex)r(~1)F(~1) } = 5            
 c-hat { S(~sex + time)p(~age + sex)r(~1)F(~1) } = 183.21333                     
 AIC { S(~sex + time)p(~age + sex)r(~1)F(~1) } = 2675.8854                  
 AICc { S(~sex + time)p(~age + sex)r(~1)F(~1) } = 2675.9166                    
 BIC { S(~sex + time)p(~age + sex)r(~1)F(~1) } = 2744.5287                    
 Pearson Chisquare { S(~sex + time)p(~age + sex)r(~1)F(~1) } = Not a Number               
 Possible Encounter Histories { S(~sex + time)p(~age + sex)r(~1)F(~1) } = 896             
 Pearson Chisquare df { S(~sex + time)p(~age + sex)r(~1)F(~1) } = 850        
 Pearson chat { S(~sex + time)p(~age + sex)r(~1)F(~1) } = Not a Number               
 Sum(Observed/Expected) { S(~sex + time)p(~age + sex)r(~1)F(~1) } = Not a Number               
 Fletcher chat { S(~sex + time)p(~age + sex)r(~1)F(~1) } = Not a Number               


          LOGIT Link Function Parameters of { S(~sex + time)p(~age + sex)r(~1)F(~1) }
                                                              95% Confidence Interval
 Parameter                    Beta         Standard Error      Lower           Upper
 -------------------------  --------------  --------------  --------------  --------------
    1:S:(Intercept)         54.823512       0.0000000       54.823512       54.823512     
    2:S:sex5                0.4972459       0.7056257       -0.8857804      1.8802722     

  Program  MARK  - Survival Rate Estimation with Capture-Recapture Data
   gfortran(Win64) Vers. 8.0 Jun 2014   25-Jan-2015 15:08:12    Page  010
 - - - - - - - - - - - - - - - - - - - - - - - - - - - - - - - - - - - - - -
 
    3:S:time2006            -56.164208      0.0000000       -56.164208      -56.164208    
    4:S:time2007            -54.692716      0.0000000       -54.692716      -54.692716    
    5:S:time2008            -59.850586      0.0000000       -59.850586      -59.850586    
    6:S:time2009            -3.7313514      3464.0033       -6793.1780      6785.7153     
    7:S:time2010            -0.3758418      999.51558       -1959.4264      1958.6747     
    8:S:time2011            -74.415337      1252.6356       -2529.5812      2380.7505     
    9:p:(Intercept)         -5.8658242      0.4743428       -6.7955362      -4.9361123    
   10:p:age2                -0.0425475      0.8406199       -1.6901625      1.6050675     
   11:p:age3                1.6722519       1.3723964       -1.0176450      4.3621488     
   12:p:age4                5.7399726       1.6499605       2.5060499       8.9738953     
   13:p:age5                -9.7388886      2467.0610       -4845.1786      4825.7008     
   14:p:age6                76.227580       0.8755130E-014  76.227580       76.227580     
   15:p:sex5                -1.4229514      0.8426067       -3.0744605      0.2285577     
   16:r:(Intercept)         -3.1189501      0.0590965       -3.2347793      -3.0031209    
   17:F:(Intercept)         11.938685       391.75777       -755.90655      779.78392     


          Real Function Parameters of { S(~sex + time)p(~age + sex)r(~1)F(~1) }
                                                               95% Confidence Interval
  Parameter                  Estimate       Standard Error      Lower           Upper
 --------------------------  --------------  --------------  --------------  --------------
     1:S g41 c2005 c1 a0 t2  1.0000000       0.0000000       1.0000000       1.0000000                           
     2:S g41 c2005 c1 a1 t2  0.2073956       0.2019592       0.0230058       0.7440914                           
     3:S g41 c2005 c1 a2 t2  0.5326525       0.5167890       0.0191112       0.9852227                           
     4:S g41 c2005 c1 a3 t2  0.0065152       0.0088293       0.4523286E-003  0.0867880                           
     5:S g41 c2005 c1 a4 t2  1.0000000       0.0000000       1.0000000       1.0000000                           
     6:S g41 c2005 c1 a5 t2  1.0000000       0.0000000       1.0000000       1.0000000                           
     7:S g41 c2005 c1 a6 t2  0.3100120E-008  0.3891445E-005  -.7624131E-005  0.7630332E-005                      
     8:S g51 c2005 c1 a0 t2  1.0000000       0.0000000       1.0000000       1.0000000                           
     9:S g51 c2005 c1 a1 t2  0.3008086       0.2550733       0.0384022       0.8225295                           
    10:S g51 c2005 c1 a2 t2  0.6520454       0.5213997       0.0203075       0.9941319                           
    11:S g51 c2005 c1 a3 t2  0.0106675       0.0121529       0.0011273       0.0933987                           
    12:S g51 c2005 c1 a4 t2  1.0000000       0.0000000       1.0000000       1.0000000                           
    13:S g51 c2005 c1 a5 t2  1.0000000       0.0000000       1.0000000       1.0000000                           
    14:S g51 c2005 c1 a6 t2  0.5097177E-008  0.6398261E-005  -.1253549E-004  0.1254569E-004                      
    15:p g41 c2005 c1 a1 t2  0.0028267       0.0013370       0.0011175       0.0071312                           
    16:p g41 c2005 c1 a2 t2  0.0027092       0.0020541       0.6118391E-003  0.0119110                           
    17:p g41 c2005 c1 a3 t2  0.0148679       0.0207843       0.9342115E-003  0.1958760                           
    18:p g41 c2005 c1 a4 t2  0.4685786       0.4173706       0.0319531       0.9592739                           
    19:p g41 c2005 c1 a5 t2  0.1670934E-006  0.4122295E-003  0.1647487E-310  1.0000000                           
    20:p g41 c2005 c1 a6 t2  1.0000000       0.0000000       1.0000000       1.0000000                           
    21:p g51 c2005 c1 a1 t2  0.6826976E-003  0.5399926E-003  0.1447824E-003  0.0032127                           
    22:p g51 c2005 c1 a2 t2  0.6542784E-003  0.6440191E-003  0.9497017E-004  0.0044927                           
    23:p g51 c2005 c1 a3 t2  0.0036241       0.0053944       0.1945611E-003  0.0636567                           
    24:p g51 c2005 c1 a4 t2  0.1752592       0.2130653       0.0116820       0.7925475                           
    25:p g51 c2005 c1 a5 t2  0.4026979E-007  0.9934802E-004  0.3970471E-311  1.0000000                           

  Program  MARK  - Survival Rate Estimation with Capture-Recapture Data
   gfortran(Win64) Vers. 8.0 Jun 2014   25-Jan-2015 15:08:12    Page  011
 - - - - - - - - - - - - - - - - - - - - - - - - - - - - - - - - - - - - - -
 
    26:p g51 c2005 c1 a6 t2  1.0000000       0.0000000       1.0000000       1.0000000                           
    27:r g41 c2005 c1 a0 t2  0.0423323       0.0023958       0.0378777       0.0472851                           
    28:F g41 c2005 c1 a0 t2  0.9999935       0.0025592       0.1509272E-298  1.0000000                           

 Attempted ordering of parameters by estimatibility:
  16  1  9  2 10 15 11  3 12  4  5 17  7  8 13  6 14
 Beta number 14 is a singular value.

     CPU Time in seconds for last procedure was 1.23


  INPUT --- proc stop;

     CPU Time in minutes for this job was 0.02

     Time Start = 15:08:12.201   Time End = 15:08:12.615

     Wall Clock Time in minutes for this job was 0.01


          E X E C U T I O N   S U C C E S S F U L 
