
   Program  MARK  - Survival Rate Estimation with Capture-Recapture Data
   gfortran(Win64) Vers. 8.0 Jun 2014   25-Jan-2015 14:03:56    Page  001
 - - - - - - - - - - - - - - - - - - - - - - - - - - - - - - - - - - - - - -
 
   This version was compiled by GCC version 4.8.1 using the options 
   -m64 -mtune=generic -march=x86-64 -mthreads -O2 -fimplicit-none -fbounds-check -funroll-loops -ftree-vectorize -fopenmp.
   This problem will use 7 of 8 possible threads.


  INPUT --- proc title ;

     CPU Time in seconds for last procedure was 0.00


  INPUT --- proc chmatrix occasions= 7 groups= 6 etype= Both ICMeans 
  INPUT --- NoHist hist= 51 ;

  INPUT ---    time  interval 1 1 1 1 1 1 1 ;

  INPUT ---    glabel(1)=sex4.age1;

  INPUT ---    glabel(2)=sex5.age1;

  INPUT ---    glabel(3)=sex4.age2;

  INPUT ---    glabel(4)=sex5.age2;

  INPUT ---    glabel(5)=sex4.age4;

  INPUT ---    glabel(6)=sex5.age4;

   * *  WARNING  * *   At least a pair of the encounter histories are duplicates. 

      Number of unique encounter histories read was 17.

      Number of individual covariates read was 0.
      Time interval lengths are all equal to 1.

      Data type number is 3
      Data type is Joint Live and Dead Encounters (Burnham)                                                            

     CPU Time in seconds for last procedure was 0.00

  Program  MARK  - Survival Rate Estimation with Capture-Recapture Data
   gfortran(Win64) Vers. 8.0 Jun 2014   25-Jan-2015 14:03:56    Page  002
 - - - - - - - - - - - - - - - - - - - - - - - - - - - - - - - - - - - - - -
 


  INPUT --- proc estimate link=Logit NOLOOP varest=2ndPart    ;


  INPUT --- model={ S(~sex + time)p(~1)r(~1)F(~1) };

  INPUT ---    group=1 S    rows=7 cols=7 Triang ;
  INPUT ---        1 2 3 4 5 6 7 ;
  INPUT ---        2 3 4 5 6 7 ;
  INPUT ---        3 4 5 6 7 ;
  INPUT ---        4 5 6 7 ;
  INPUT ---        5 6 7 ;
  INPUT ---        6 7 ;
  INPUT ---        7 ;

  INPUT ---    group=2 S    rows=7 cols=7 Triang ;
  INPUT ---        8 9 10 11 12 13 14 ;
  INPUT ---        9 10 11 12 13 14 ;
  INPUT ---        10 11 12 13 14 ;
  INPUT ---        11 12 13 14 ;
  INPUT ---        12 13 14 ;
  INPUT ---        13 14 ;
  INPUT ---        14 ;

  INPUT ---    group=3 S    rows=7 cols=7 Triang ;
  INPUT ---        1 2 3 4 5 6 7 ;
  INPUT ---        2 3 4 5 6 7 ;
  INPUT ---        3 4 5 6 7 ;
  INPUT ---        4 5 6 7 ;
  INPUT ---        5 6 7 ;
  INPUT ---        6 7 ;
  INPUT ---        7 ;

  INPUT ---    group=4 S    rows=7 cols=7 Triang ;
  INPUT ---        8 9 10 11 12 13 14 ;
  INPUT ---        9 10 11 12 13 14 ;
  INPUT ---        10 11 12 13 14 ;
  INPUT ---        11 12 13 14 ;
  INPUT ---        12 13 14 ;
  INPUT ---        13 14 ;
  INPUT ---        14 ;

  INPUT ---    group=5 S    rows=7 cols=7 Triang ;
  INPUT ---        1 2 3 4 5 6 7 ;
  INPUT ---        2 3 4 5 6 7 ;

  Program  MARK  - Survival Rate Estimation with Capture-Recapture Data
   gfortran(Win64) Vers. 8.0 Jun 2014   25-Jan-2015 14:03:56    Page  003
 - - - - - - - - - - - - - - - - - - - - - - - - - - - - - - - - - - - - - -
 
  INPUT ---        3 4 5 6 7 ;
  INPUT ---        4 5 6 7 ;
  INPUT ---        5 6 7 ;
  INPUT ---        6 7 ;
  INPUT ---        7 ;

  INPUT ---    group=6 S    rows=7 cols=7 Triang ;
  INPUT ---        8 9 10 11 12 13 14 ;
  INPUT ---        9 10 11 12 13 14 ;
  INPUT ---        10 11 12 13 14 ;
  INPUT ---        11 12 13 14 ;
  INPUT ---        12 13 14 ;
  INPUT ---        13 14 ;
  INPUT ---        14 ;

  INPUT ---    group=1 p    rows=6 cols=6 Triang ;
  INPUT ---        15 15 15 15 15 15 ;
  INPUT ---        15 15 15 15 15 ;
  INPUT ---        15 15 15 15 ;
  INPUT ---        15 15 15 ;
  INPUT ---        15 15 ;
  INPUT ---        15 ;

  INPUT ---    group=2 p    rows=6 cols=6 Triang ;
  INPUT ---        15 15 15 15 15 15 ;
  INPUT ---        15 15 15 15 15 ;
  INPUT ---        15 15 15 15 ;
  INPUT ---        15 15 15 ;
  INPUT ---        15 15 ;
  INPUT ---        15 ;

  INPUT ---    group=3 p    rows=6 cols=6 Triang ;
  INPUT ---        15 15 15 15 15 15 ;
  INPUT ---        15 15 15 15 15 ;
  INPUT ---        15 15 15 15 ;
  INPUT ---        15 15 15 ;
  INPUT ---        15 15 ;
  INPUT ---        15 ;

  INPUT ---    group=4 p    rows=6 cols=6 Triang ;
  INPUT ---        15 15 15 15 15 15 ;
  INPUT ---        15 15 15 15 15 ;
  INPUT ---        15 15 15 15 ;
  INPUT ---        15 15 15 ;
  INPUT ---        15 15 ;
  INPUT ---        15 ;

  Program  MARK  - Survival Rate Estimation with Capture-Recapture Data
   gfortran(Win64) Vers. 8.0 Jun 2014   25-Jan-2015 14:03:56    Page  004
 - - - - - - - - - - - - - - - - - - - - - - - - - - - - - - - - - - - - - -
 

  INPUT ---    group=5 p    rows=6 cols=6 Triang ;
  INPUT ---        15 15 15 15 15 15 ;
  INPUT ---        15 15 15 15 15 ;
  INPUT ---        15 15 15 15 ;
  INPUT ---        15 15 15 ;
  INPUT ---        15 15 ;
  INPUT ---        15 ;

  INPUT ---    group=6 p    rows=6 cols=6 Triang ;
  INPUT ---        15 15 15 15 15 15 ;
  INPUT ---        15 15 15 15 15 ;
  INPUT ---        15 15 15 15 ;
  INPUT ---        15 15 15 ;
  INPUT ---        15 15 ;
  INPUT ---        15 ;

  INPUT ---    group=1 r    rows=7 cols=7 Triang ;
  INPUT ---        16 16 16 16 16 16 16 ;
  INPUT ---        16 16 16 16 16 16 ;
  INPUT ---        16 16 16 16 16 ;
  INPUT ---        16 16 16 16 ;
  INPUT ---        16 16 16 ;
  INPUT ---        16 16 ;
  INPUT ---        16 ;

  INPUT ---    group=2 r    rows=7 cols=7 Triang ;
  INPUT ---        16 16 16 16 16 16 16 ;
  INPUT ---        16 16 16 16 16 16 ;
  INPUT ---        16 16 16 16 16 ;
  INPUT ---        16 16 16 16 ;
  INPUT ---        16 16 16 ;
  INPUT ---        16 16 ;
  INPUT ---        16 ;

  INPUT ---    group=3 r    rows=7 cols=7 Triang ;
  INPUT ---        16 16 16 16 16 16 16 ;
  INPUT ---        16 16 16 16 16 16 ;
  INPUT ---        16 16 16 16 16 ;
  INPUT ---        16 16 16 16 ;
  INPUT ---        16 16 16 ;
  INPUT ---        16 16 ;
  INPUT ---        16 ;

  INPUT ---    group=4 r    rows=7 cols=7 Triang ;
  INPUT ---        16 16 16 16 16 16 16 ;

  Program  MARK  - Survival Rate Estimation with Capture-Recapture Data
   gfortran(Win64) Vers. 8.0 Jun 2014   25-Jan-2015 14:03:56    Page  005
 - - - - - - - - - - - - - - - - - - - - - - - - - - - - - - - - - - - - - -
 
  INPUT ---        16 16 16 16 16 16 ;
  INPUT ---        16 16 16 16 16 ;
  INPUT ---        16 16 16 16 ;
  INPUT ---        16 16 16 ;
  INPUT ---        16 16 ;
  INPUT ---        16 ;

  INPUT ---    group=5 r    rows=7 cols=7 Triang ;
  INPUT ---        16 16 16 16 16 16 16 ;
  INPUT ---        16 16 16 16 16 16 ;
  INPUT ---        16 16 16 16 16 ;
  INPUT ---        16 16 16 16 ;
  INPUT ---        16 16 16 ;
  INPUT ---        16 16 ;
  INPUT ---        16 ;

  INPUT ---    group=6 r    rows=7 cols=7 Triang ;
  INPUT ---        16 16 16 16 16 16 16 ;
  INPUT ---        16 16 16 16 16 16 ;
  INPUT ---        16 16 16 16 16 ;
  INPUT ---        16 16 16 16 ;
  INPUT ---        16 16 16 ;
  INPUT ---        16 16 ;
  INPUT ---        16 ;

  INPUT ---    group=1 F    rows=6 cols=6 Triang ;
  INPUT ---        17 17 17 17 17 17 ;
  INPUT ---        17 17 17 17 17 ;
  INPUT ---        17 17 17 17 ;
  INPUT ---        17 17 17 ;
  INPUT ---        17 17 ;
  INPUT ---        17 ;

  INPUT ---    group=2 F    rows=6 cols=6 Triang ;
  INPUT ---        17 17 17 17 17 17 ;
  INPUT ---        17 17 17 17 17 ;
  INPUT ---        17 17 17 17 ;
  INPUT ---        17 17 17 ;
  INPUT ---        17 17 ;
  INPUT ---        17 ;

  INPUT ---    group=3 F    rows=6 cols=6 Triang ;
  INPUT ---        17 17 17 17 17 17 ;
  INPUT ---        17 17 17 17 17 ;
  INPUT ---        17 17 17 17 ;
  INPUT ---        17 17 17 ;

  Program  MARK  - Survival Rate Estimation with Capture-Recapture Data
   gfortran(Win64) Vers. 8.0 Jun 2014   25-Jan-2015 14:03:56    Page  006
 - - - - - - - - - - - - - - - - - - - - - - - - - - - - - - - - - - - - - -
 
  INPUT ---        17 17 ;
  INPUT ---        17 ;

  INPUT ---    group=4 F    rows=6 cols=6 Triang ;
  INPUT ---        17 17 17 17 17 17 ;
  INPUT ---        17 17 17 17 17 ;
  INPUT ---        17 17 17 17 ;
  INPUT ---        17 17 17 ;
  INPUT ---        17 17 ;
  INPUT ---        17 ;

  INPUT ---    group=5 F    rows=6 cols=6 Triang ;
  INPUT ---        17 17 17 17 17 17 ;
  INPUT ---        17 17 17 17 17 ;
  INPUT ---        17 17 17 17 ;
  INPUT ---        17 17 17 ;
  INPUT ---        17 17 ;
  INPUT ---        17 ;

  INPUT ---    group=6 F    rows=6 cols=6 Triang ;
  INPUT ---        17 17 17 17 17 17 ;
  INPUT ---        17 17 17 17 17 ;
  INPUT ---        17 17 17 17 ;
  INPUT ---        17 17 17 ;
  INPUT ---        17 17 ;
  INPUT ---        17 ;

  INPUT ---    design matrix constraints=17 covariates=11;
  INPUT ---        1 0 0 0 0 0 0 0 0 0 0;
  INPUT ---        1 0 1 0 0 0 0 0 0 0 0;
  INPUT ---        1 0 0 1 0 0 0 0 0 0 0;
  INPUT ---        1 0 0 0 1 0 0 0 0 0 0;
  INPUT ---        1 0 0 0 0 1 0 0 0 0 0;
  INPUT ---        1 0 0 0 0 0 1 0 0 0 0;
  INPUT ---        1 0 0 0 0 0 0 1 0 0 0;
  INPUT ---        1 1 0 0 0 0 0 0 0 0 0;
  INPUT ---        1 1 1 0 0 0 0 0 0 0 0;
  INPUT ---        1 1 0 1 0 0 0 0 0 0 0;
  INPUT ---        1 1 0 0 1 0 0 0 0 0 0;
  INPUT ---        1 1 0 0 0 1 0 0 0 0 0;
  INPUT ---        1 1 0 0 0 0 1 0 0 0 0;
  INPUT ---        1 1 0 0 0 0 0 1 0 0 0;
  INPUT ---        0 0 0 0 0 0 0 0 1 0 0;
  INPUT ---        0 0 0 0 0 0 0 0 0 1 0;
  INPUT ---        0 0 0 0 0 0 0 0 0 0 1;


  Program  MARK  - Survival Rate Estimation with Capture-Recapture Data
   gfortran(Win64) Vers. 8.0 Jun 2014   25-Jan-2015 14:03:56    Page  007
 - - - - - - - - - - - - - - - - - - - - - - - - - - - - - - - - - - - - - -
 
  INPUT ---    blabel(1)=S:(Intercept);

  INPUT ---    blabel(2)=S:sex5;

  INPUT ---    blabel(3)=S:time2006;

  INPUT ---    blabel(4)=S:time2007;

  INPUT ---    blabel(5)=S:time2008;

  INPUT ---    blabel(6)=S:time2009;

  INPUT ---    blabel(7)=S:time2010;

  INPUT ---    blabel(8)=S:time2011;

  INPUT ---    blabel(9)=p:(Intercept);

  INPUT ---    blabel(10)=r:(Intercept);

  INPUT ---    blabel(11)=F:(Intercept);

  INPUT ---    rlabel(1)=S g41 c2005 c1 a0 t2005;

  INPUT ---    rlabel(2)=S g41 c2005 c1 a1 t2006;

  INPUT ---    rlabel(3)=S g41 c2005 c1 a2 t2007;

  INPUT ---    rlabel(4)=S g41 c2005 c1 a3 t2008;

  INPUT ---    rlabel(5)=S g41 c2005 c1 a4 t2009;

  INPUT ---    rlabel(6)=S g41 c2005 c1 a5 t2010;

  INPUT ---    rlabel(7)=S g41 c2005 c1 a6 t2011;

  INPUT ---    rlabel(8)=S g51 c2005 c1 a0 t2005;

  INPUT ---    rlabel(9)=S g51 c2005 c1 a1 t2006;

  INPUT ---    rlabel(10)=S g51 c2005 c1 a2 t2007;

  INPUT ---    rlabel(11)=S g51 c2005 c1 a3 t2008;

  INPUT ---    rlabel(12)=S g51 c2005 c1 a4 t2009;


  Program  MARK  - Survival Rate Estimation with Capture-Recapture Data
   gfortran(Win64) Vers. 8.0 Jun 2014   25-Jan-2015 14:03:56    Page  008
 - - - - - - - - - - - - - - - - - - - - - - - - - - - - - - - - - - - - - -
 
  INPUT ---    rlabel(13)=S g51 c2005 c1 a5 t2010;

  INPUT ---    rlabel(14)=S g51 c2005 c1 a6 t2011;

  INPUT ---    rlabel(15)=p g41 c2005 c1 a1 t2006;

  INPUT ---    rlabel(16)=r g41 c2005 c1 a0 t2005;

  INPUT ---    rlabel(17)=F g41 c2005 c1 a0 t2005;

 Link Function Used is LOGIT        

 Variance Estimation Procedure Used is 2ndPart 

 M(t+1):



 -2logL(saturated) = 1739.8188     
 Effective Sample Size = 7075

 Number of function evaluations was 52 for 11 parameters.
 Time for numerical optimization was 0.69 seconds.
 -2logL { S(~sex + time)p(~1)r(~1)F(~1) } = 2669.3754     
 Penalty { S(~sex + time)p(~1)r(~1)F(~1) } = -0.0000000    
 Gradient { S(~sex + time)p(~1)r(~1)F(~1) }:
  0.3690934E-05 0.8068656E-04 0.9467913E-05  0.000000    -0.6767684E-05
   0.000000      0.000000     0.8592341E-06 0.1209102E-03-0.1104043E-04
 -0.5782731E-05
 S Vector { S(~sex + time)p(~1)r(~1)F(~1) }:
   286.3424      14.82909      2.953161     0.8215969     0.5948327    
  0.4139297E-04 0.1984034E-05 0.3964474E-06 0.2324074E-06 0.1706789E-08
  0.6935333E-09
 Time to compute number of parameters was 0.17 seconds.
   Threshold =  0.2400000E-06     Condition index =  0.2422042E-11     New Threshold =  0.2300190E-08
 New Guessimate of Estimated Parameters { S(~sex + time)p(~1)r(~1)F(~1) } = 7          
 Conditioned S Vector { S(~sex + time)p(~1)r(~1)F(~1) }:
   1.000000     0.5178797E-01 0.1031339E-01 0.2869281E-02 0.2077348E-02
  0.1445576E-06 0.6928886E-08 0.1384522E-08 0.8116418E-09 0.5960657E-11
  0.2422042E-11
 Number of Estimated Parameters { S(~sex + time)p(~1)r(~1)F(~1) } = 5          
 DEVIANCE { S(~sex + time)p(~1)r(~1)F(~1) } = 929.55665                     
 DEVIANCE Degrees of Freedom { S(~sex + time)p(~1)r(~1)F(~1) } = 10            
 c-hat { S(~sex + time)p(~1)r(~1)F(~1) } = 92.955665                     
 AIC { S(~sex + time)p(~1)r(~1)F(~1) } = 2679.3754                  
 AICc { S(~sex + time)p(~1)r(~1)F(~1) } = 2679.3839                    
 BIC { S(~sex + time)p(~1)r(~1)F(~1) } = 2713.6970                    
 Pearson Chisquare { S(~sex + time)p(~1)r(~1)F(~1) } = Not a Number               
 Possible Encounter Histories { S(~sex + time)p(~1)r(~1)F(~1) } = 896             
 Pearson Chisquare df { S(~sex + time)p(~1)r(~1)F(~1) } = 855        
 Pearson chat { S(~sex + time)p(~1)r(~1)F(~1) } = Not a Number               
 Sum(Observed/Expected) { S(~sex + time)p(~1)r(~1)F(~1) } = Not a Number               
 Fletcher chat { S(~sex + time)p(~1)r(~1)F(~1) } = Not a Number               


              LOGIT Link Function Parameters of { S(~sex + time)p(~1)r(~1)F(~1) }
                                                              95% Confidence Interval
 Parameter                    Beta         Standard Error      Lower           Upper
 -------------------------  --------------  --------------  --------------  --------------
    1:S:(Intercept)         85.242863       89.887563       -90.936764      261.42249     
    2:S:sex5                0.1271688       1.1526514       -2.1320281      2.3863656     
    3:S:time2006            -85.452913      89.893170       -261.64353      90.737704     
    4:S:time2007            -48.099155      0.0000000       -48.099155      -48.099155    

  Program  MARK  - Survival Rate Estimation with Capture-Recapture Data
   gfortran(Win64) Vers. 8.0 Jun 2014   25-Jan-2015 14:03:56    Page  009
 - - - - - - - - - - - - - - - - - - - - - - - - - - - - - - - - - - - - - -
 
    5:S:time2008            -86.350346      89.890110       -262.53496      89.834272     
    6:S:time2009            -50.621213      0.0000000       -50.621213      -50.621213    
    7:S:time2010            9.7056540       0.0000000       9.7056540       9.7056540     
    8:S:time2011            -104.84755      1588.1792       -3217.6789      3007.9838     
    9:p:(Intercept)         -6.5220773      0.3713023       -7.2498297      -5.7943248    
   10:r:(Intercept)         -3.1189259      0.0590959       -3.2347538      -3.0030980    
   11:F:(Intercept)         14.727525       709.94341       -1376.7616      1406.2166     


              Real Function Parameters of { S(~sex + time)p(~1)r(~1)F(~1) }
                                                               95% Confidence Interval
  Parameter                  Estimate       Standard Error      Lower           Upper
 --------------------------  --------------  --------------  --------------  --------------
     1:S g41 c2005 c1 a0 t2  1.0000000       0.0000000       1.0000000       1.0000000                           
     2:S g41 c2005 c1 a1 t2  0.4476799       0.3180556       0.0611566       0.9097932                           
     3:S g41 c2005 c1 a2 t2  1.0000000       0.0000000       1.0000000       1.0000000                           
     4:S g41 c2005 c1 a3 t2  0.2483404       0.2095554       0.0353044       0.7489159                           
     5:S g41 c2005 c1 a4 t2  1.0000000       0.0000000       1.0000000       1.0000000                           
     6:S g41 c2005 c1 a5 t2  1.0000000       0.0000000       1.0000000       1.0000000                           
     7:S g41 c2005 c1 a6 t2  0.3060493E-008  0.4852633E-005  -.9508101E-005  0.9514222E-005                      
     8:S g51 c2005 c1 a0 t2  1.0000000       0.0000000       1.0000000       1.0000000                           
     9:S g51 c2005 c1 a1 t2  0.4792917       0.3760934       0.0458031       0.9463818                           
    10:S g51 c2005 c1 a2 t2  1.0000000       0.0000000       1.0000000       1.0000000                           
    11:S g51 c2005 c1 a3 t2  0.2728294       0.2027270       0.0481940       0.7354587                           
    12:S g51 c2005 c1 a4 t2  1.0000000       0.0000000       1.0000000       1.0000000                           
    13:S g51 c2005 c1 a5 t2  1.0000000       0.0000000       1.0000000       1.0000000                           
    14:S g51 c2005 c1 a6 t2  0.3475522E-008  0.5510691E-005  -.1079748E-004  0.1080443E-004                      
    15:p g41 c2005 c1 a1 t2  0.0014685       0.5444387E-003  0.7097912E-003  0.0030355                           
    16:r g41 c2005 c1 a0 t2  0.0423333       0.0023958       0.0378786       0.0472861                           
    17:F g41 c2005 c1 a0 t2  0.9999996       0.2851941E-003  0.2454401E-297  1.0000000                           

 Attempted ordering of parameters by estimatibility:
  10  9  1  2  5  3 11  8  7  4  6
 Beta number 6 is a singular value.

     CPU Time in seconds for last procedure was 0.87

  Program  MARK  - Survival Rate Estimation with Capture-Recapture Data
   gfortran(Win64) Vers. 8.0 Jun 2014   25-Jan-2015 14:03:56    Page  010
 - - - - - - - - - - - - - - - - - - - - - - - - - - - - - - - - - - - - - -
 


  INPUT --- proc stop;

     CPU Time in minutes for this job was 0.01

     Time Start = 14:03:56.532   Time End = 14:03:56.758

     Wall Clock Time in minutes for this job was 0.00


          E X E C U T I O N   S U C C E S S F U L 
