
   Program  MARK  - Survival Rate Estimation with Capture-Recapture Data
   gfortran(Win64) Vers. 8.0 Jun 2014   25-Jan-2015 15:02:09    Page  001
 - - - - - - - - - - - - - - - - - - - - - - - - - - - - - - - - - - - - - -
 
   This version was compiled by GCC version 4.8.1 using the options 
   -m64 -mtune=generic -march=x86-64 -mthreads -O2 -fimplicit-none -fbounds-check -funroll-loops -ftree-vectorize -fopenmp.
   This problem will use 7 of 8 possible threads.


  INPUT --- proc title ;

     CPU Time in seconds for last procedure was 0.00


  INPUT --- proc chmatrix occasions= 7 groups= 6 etype= Both ICMeans 
  INPUT --- NoHist hist= 51 ;

  INPUT ---    time  interval 1 1 1 1 1 1 1 ;

  INPUT ---    glabel(1)=sex4.age1;

  INPUT ---    glabel(2)=sex5.age1;

  INPUT ---    glabel(3)=sex4.age2;

  INPUT ---    glabel(4)=sex5.age2;

  INPUT ---    glabel(5)=sex4.age4;

  INPUT ---    glabel(6)=sex5.age4;

   * *  WARNING  * *   At least a pair of the encounter histories are duplicates. 

      Number of unique encounter histories read was 17.

      Number of individual covariates read was 0.
      Time interval lengths are all equal to 1.

      Data type number is 3
      Data type is Joint Live and Dead Encounters (Burnham)                                                            

     CPU Time in seconds for last procedure was 0.00

  Program  MARK  - Survival Rate Estimation with Capture-Recapture Data
   gfortran(Win64) Vers. 8.0 Jun 2014   25-Jan-2015 15:02:09    Page  002
 - - - - - - - - - - - - - - - - - - - - - - - - - - - - - - - - - - - - - -
 


  INPUT --- proc estimate link=Logit NOLOOP varest=2ndPart    ;


  INPUT --- model={ S(~age)p(~1)r(~1)F(~1) };

  INPUT ---    group=1 S    rows=7 cols=7 Triang ;
  INPUT ---        1 2 3 4 5 6 7 ;
  INPUT ---        1 2 3 4 5 6 ;
  INPUT ---        1 2 3 4 5 ;
  INPUT ---        1 2 3 4 ;
  INPUT ---        1 2 3 ;
  INPUT ---        1 2 ;
  INPUT ---        1 ;

  INPUT ---    group=2 S    rows=7 cols=7 Triang ;
  INPUT ---        1 2 3 4 5 6 7 ;
  INPUT ---        1 2 3 4 5 6 ;
  INPUT ---        1 2 3 4 5 ;
  INPUT ---        1 2 3 4 ;
  INPUT ---        1 2 3 ;
  INPUT ---        1 2 ;
  INPUT ---        1 ;

  INPUT ---    group=3 S    rows=7 cols=7 Triang ;
  INPUT ---        1 2 3 4 5 6 7 ;
  INPUT ---        1 2 3 4 5 6 ;
  INPUT ---        1 2 3 4 5 ;
  INPUT ---        1 2 3 4 ;
  INPUT ---        1 2 3 ;
  INPUT ---        1 2 ;
  INPUT ---        1 ;

  INPUT ---    group=4 S    rows=7 cols=7 Triang ;
  INPUT ---        1 2 3 4 5 6 7 ;
  INPUT ---        1 2 3 4 5 6 ;
  INPUT ---        1 2 3 4 5 ;
  INPUT ---        1 2 3 4 ;
  INPUT ---        1 2 3 ;
  INPUT ---        1 2 ;
  INPUT ---        1 ;

  INPUT ---    group=5 S    rows=7 cols=7 Triang ;
  INPUT ---        1 2 3 4 5 6 7 ;
  INPUT ---        1 2 3 4 5 6 ;

  Program  MARK  - Survival Rate Estimation with Capture-Recapture Data
   gfortran(Win64) Vers. 8.0 Jun 2014   25-Jan-2015 15:02:09    Page  003
 - - - - - - - - - - - - - - - - - - - - - - - - - - - - - - - - - - - - - -
 
  INPUT ---        1 2 3 4 5 ;
  INPUT ---        1 2 3 4 ;
  INPUT ---        1 2 3 ;
  INPUT ---        1 2 ;
  INPUT ---        1 ;

  INPUT ---    group=6 S    rows=7 cols=7 Triang ;
  INPUT ---        1 2 3 4 5 6 7 ;
  INPUT ---        1 2 3 4 5 6 ;
  INPUT ---        1 2 3 4 5 ;
  INPUT ---        1 2 3 4 ;
  INPUT ---        1 2 3 ;
  INPUT ---        1 2 ;
  INPUT ---        1 ;

  INPUT ---    group=1 p    rows=6 cols=6 Triang ;
  INPUT ---        8 8 8 8 8 8 ;
  INPUT ---        8 8 8 8 8 ;
  INPUT ---        8 8 8 8 ;
  INPUT ---        8 8 8 ;
  INPUT ---        8 8 ;
  INPUT ---        8 ;

  INPUT ---    group=2 p    rows=6 cols=6 Triang ;
  INPUT ---        8 8 8 8 8 8 ;
  INPUT ---        8 8 8 8 8 ;
  INPUT ---        8 8 8 8 ;
  INPUT ---        8 8 8 ;
  INPUT ---        8 8 ;
  INPUT ---        8 ;

  INPUT ---    group=3 p    rows=6 cols=6 Triang ;
  INPUT ---        8 8 8 8 8 8 ;
  INPUT ---        8 8 8 8 8 ;
  INPUT ---        8 8 8 8 ;
  INPUT ---        8 8 8 ;
  INPUT ---        8 8 ;
  INPUT ---        8 ;

  INPUT ---    group=4 p    rows=6 cols=6 Triang ;
  INPUT ---        8 8 8 8 8 8 ;
  INPUT ---        8 8 8 8 8 ;
  INPUT ---        8 8 8 8 ;
  INPUT ---        8 8 8 ;
  INPUT ---        8 8 ;
  INPUT ---        8 ;

  Program  MARK  - Survival Rate Estimation with Capture-Recapture Data
   gfortran(Win64) Vers. 8.0 Jun 2014   25-Jan-2015 15:02:09    Page  004
 - - - - - - - - - - - - - - - - - - - - - - - - - - - - - - - - - - - - - -
 

  INPUT ---    group=5 p    rows=6 cols=6 Triang ;
  INPUT ---        8 8 8 8 8 8 ;
  INPUT ---        8 8 8 8 8 ;
  INPUT ---        8 8 8 8 ;
  INPUT ---        8 8 8 ;
  INPUT ---        8 8 ;
  INPUT ---        8 ;

  INPUT ---    group=6 p    rows=6 cols=6 Triang ;
  INPUT ---        8 8 8 8 8 8 ;
  INPUT ---        8 8 8 8 8 ;
  INPUT ---        8 8 8 8 ;
  INPUT ---        8 8 8 ;
  INPUT ---        8 8 ;
  INPUT ---        8 ;

  INPUT ---    group=1 r    rows=7 cols=7 Triang ;
  INPUT ---        9 9 9 9 9 9 9 ;
  INPUT ---        9 9 9 9 9 9 ;
  INPUT ---        9 9 9 9 9 ;
  INPUT ---        9 9 9 9 ;
  INPUT ---        9 9 9 ;
  INPUT ---        9 9 ;
  INPUT ---        9 ;

  INPUT ---    group=2 r    rows=7 cols=7 Triang ;
  INPUT ---        9 9 9 9 9 9 9 ;
  INPUT ---        9 9 9 9 9 9 ;
  INPUT ---        9 9 9 9 9 ;
  INPUT ---        9 9 9 9 ;
  INPUT ---        9 9 9 ;
  INPUT ---        9 9 ;
  INPUT ---        9 ;

  INPUT ---    group=3 r    rows=7 cols=7 Triang ;
  INPUT ---        9 9 9 9 9 9 9 ;
  INPUT ---        9 9 9 9 9 9 ;
  INPUT ---        9 9 9 9 9 ;
  INPUT ---        9 9 9 9 ;
  INPUT ---        9 9 9 ;
  INPUT ---        9 9 ;
  INPUT ---        9 ;

  INPUT ---    group=4 r    rows=7 cols=7 Triang ;
  INPUT ---        9 9 9 9 9 9 9 ;

  Program  MARK  - Survival Rate Estimation with Capture-Recapture Data
   gfortran(Win64) Vers. 8.0 Jun 2014   25-Jan-2015 15:02:09    Page  005
 - - - - - - - - - - - - - - - - - - - - - - - - - - - - - - - - - - - - - -
 
  INPUT ---        9 9 9 9 9 9 ;
  INPUT ---        9 9 9 9 9 ;
  INPUT ---        9 9 9 9 ;
  INPUT ---        9 9 9 ;
  INPUT ---        9 9 ;
  INPUT ---        9 ;

  INPUT ---    group=5 r    rows=7 cols=7 Triang ;
  INPUT ---        9 9 9 9 9 9 9 ;
  INPUT ---        9 9 9 9 9 9 ;
  INPUT ---        9 9 9 9 9 ;
  INPUT ---        9 9 9 9 ;
  INPUT ---        9 9 9 ;
  INPUT ---        9 9 ;
  INPUT ---        9 ;

  INPUT ---    group=6 r    rows=7 cols=7 Triang ;
  INPUT ---        9 9 9 9 9 9 9 ;
  INPUT ---        9 9 9 9 9 9 ;
  INPUT ---        9 9 9 9 9 ;
  INPUT ---        9 9 9 9 ;
  INPUT ---        9 9 9 ;
  INPUT ---        9 9 ;
  INPUT ---        9 ;

  INPUT ---    group=1 F    rows=6 cols=6 Triang ;
  INPUT ---        10 10 10 10 10 10 ;
  INPUT ---        10 10 10 10 10 ;
  INPUT ---        10 10 10 10 ;
  INPUT ---        10 10 10 ;
  INPUT ---        10 10 ;
  INPUT ---        10 ;

  INPUT ---    group=2 F    rows=6 cols=6 Triang ;
  INPUT ---        10 10 10 10 10 10 ;
  INPUT ---        10 10 10 10 10 ;
  INPUT ---        10 10 10 10 ;
  INPUT ---        10 10 10 ;
  INPUT ---        10 10 ;
  INPUT ---        10 ;

  INPUT ---    group=3 F    rows=6 cols=6 Triang ;
  INPUT ---        10 10 10 10 10 10 ;
  INPUT ---        10 10 10 10 10 ;
  INPUT ---        10 10 10 10 ;
  INPUT ---        10 10 10 ;

  Program  MARK  - Survival Rate Estimation with Capture-Recapture Data
   gfortran(Win64) Vers. 8.0 Jun 2014   25-Jan-2015 15:02:09    Page  006
 - - - - - - - - - - - - - - - - - - - - - - - - - - - - - - - - - - - - - -
 
  INPUT ---        10 10 ;
  INPUT ---        10 ;

  INPUT ---    group=4 F    rows=6 cols=6 Triang ;
  INPUT ---        10 10 10 10 10 10 ;
  INPUT ---        10 10 10 10 10 ;
  INPUT ---        10 10 10 10 ;
  INPUT ---        10 10 10 ;
  INPUT ---        10 10 ;
  INPUT ---        10 ;

  INPUT ---    group=5 F    rows=6 cols=6 Triang ;
  INPUT ---        10 10 10 10 10 10 ;
  INPUT ---        10 10 10 10 10 ;
  INPUT ---        10 10 10 10 ;
  INPUT ---        10 10 10 ;
  INPUT ---        10 10 ;
  INPUT ---        10 ;

  INPUT ---    group=6 F    rows=6 cols=6 Triang ;
  INPUT ---        10 10 10 10 10 10 ;
  INPUT ---        10 10 10 10 10 ;
  INPUT ---        10 10 10 10 ;
  INPUT ---        10 10 10 ;
  INPUT ---        10 10 ;
  INPUT ---        10 ;

  INPUT ---    design matrix constraints=10 covariates=10;
  INPUT ---        1 0 0 0 0 0 0 0 0 0;
  INPUT ---        1 1 0 0 0 0 0 0 0 0;
  INPUT ---        1 0 1 0 0 0 0 0 0 0;
  INPUT ---        1 0 0 1 0 0 0 0 0 0;
  INPUT ---        1 0 0 0 1 0 0 0 0 0;
  INPUT ---        1 0 0 0 0 1 0 0 0 0;
  INPUT ---        1 0 0 0 0 0 1 0 0 0;
  INPUT ---        0 0 0 0 0 0 0 1 0 0;
  INPUT ---        0 0 0 0 0 0 0 0 1 0;
  INPUT ---        0 0 0 0 0 0 0 0 0 1;

  INPUT ---    blabel(1)=S:(Intercept);

  INPUT ---    blabel(2)=S:age1;

  INPUT ---    blabel(3)=S:age2;

  INPUT ---    blabel(4)=S:age3;

  Program  MARK  - Survival Rate Estimation with Capture-Recapture Data
   gfortran(Win64) Vers. 8.0 Jun 2014   25-Jan-2015 15:02:09    Page  007
 - - - - - - - - - - - - - - - - - - - - - - - - - - - - - - - - - - - - - -
 

  INPUT ---    blabel(5)=S:age4;

  INPUT ---    blabel(6)=S:age5;

  INPUT ---    blabel(7)=S:age6;

  INPUT ---    blabel(8)=p:(Intercept);

  INPUT ---    blabel(9)=r:(Intercept);

  INPUT ---    blabel(10)=F:(Intercept);

  INPUT ---    rlabel(1)=S g41 c2005 c1 a0 t2005;

  INPUT ---    rlabel(2)=S g41 c2005 c1 a1 t2006;

  INPUT ---    rlabel(3)=S g41 c2005 c1 a2 t2007;

  INPUT ---    rlabel(4)=S g41 c2005 c1 a3 t2008;

  INPUT ---    rlabel(5)=S g41 c2005 c1 a4 t2009;

  INPUT ---    rlabel(6)=S g41 c2005 c1 a5 t2010;

  INPUT ---    rlabel(7)=S g41 c2005 c1 a6 t2011;

  INPUT ---    rlabel(8)=p g41 c2005 c1 a1 t2006;

  INPUT ---    rlabel(9)=r g41 c2005 c1 a0 t2005;

  INPUT ---    rlabel(10)=F g41 c2005 c1 a0 t2005;

 Link Function Used is LOGIT        

 Variance Estimation Procedure Used is 2ndPart 

 M(t+1):



 -2logL(saturated) = 1739.8188     
 Effective Sample Size = 7075

 Number of function evaluations was 54 for 10 parameters.
 Time for numerical optimization was 0.45 seconds.

  Program  MARK  - Survival Rate Estimation with Capture-Recapture Data
   gfortran(Win64) Vers. 8.0 Jun 2014   25-Jan-2015 15:02:09    Page  008
 - - - - - - - - - - - - - - - - - - - - - - - - - - - - - - - - - - - - - -
 
 -2logL { S(~age)p(~1)r(~1)F(~1) } = 2689.4271     
 Penalty { S(~age)p(~1)r(~1)F(~1) } = -0.0000000    
 Gradient { S(~age)p(~1)r(~1)F(~1) }:
 -0.8822577E-05  0.000000      0.000000      0.000000      0.000000    
   0.000000      0.000000      0.000000    -0.4426727E-04  0.000000    
 S Vector { S(~age)p(~1)r(~1)F(~1) }:
   286.1530      26.50900     0.9508939     0.7638142     0.7179607E-07
  0.7424128E-08 0.9820306E-09 0.8631218E-10 0.1599850E-10 0.2538105E-11
 Time to compute number of parameters was 0.09 seconds.
   Threshold =  0.2200000E-06     Condition index =  0.8869747E-14     New Threshold =  0.8026192E-11
 New Guessimate of Estimated Parameters { S(~age)p(~1)r(~1)F(~1) } = 6          
 Conditioned S Vector { S(~age)p(~1)r(~1)F(~1) }:
   1.000000     0.9263924E-01 0.3323026E-02 0.2669251E-02 0.2509010E-09
  0.2594461E-10 0.3431838E-11 0.3016295E-12 0.5590889E-13 0.8869747E-14
 Number of Estimated Parameters { S(~age)p(~1)r(~1)F(~1) } = 4          
 DEVIANCE { S(~age)p(~1)r(~1)F(~1) } = 949.60838                     
 DEVIANCE Degrees of Freedom { S(~age)p(~1)r(~1)F(~1) } = 11            
 c-hat { S(~age)p(~1)r(~1)F(~1) } = 86.328035                     
 AIC { S(~age)p(~1)r(~1)F(~1) } = 2697.4271                  
 AICc { S(~age)p(~1)r(~1)F(~1) } = 2697.4328                    
 BIC { S(~age)p(~1)r(~1)F(~1) } = 2724.8844                    
 Pearson Chisquare { S(~age)p(~1)r(~1)F(~1) } = Not a Number               
 Possible Encounter Histories { S(~age)p(~1)r(~1)F(~1) } = 896             
 Pearson Chisquare df { S(~age)p(~1)r(~1)F(~1) } = 856        
 Pearson chat { S(~age)p(~1)r(~1)F(~1) } = Not a Number               
 Sum(Observed/Expected) { S(~age)p(~1)r(~1)F(~1) } = Not a Number               
 Fletcher chat { S(~age)p(~1)r(~1)F(~1) } = Not a Number               


                  LOGIT Link Function Parameters of { S(~age)p(~1)r(~1)F(~1) }
                                                              95% Confidence Interval
 Parameter                    Beta         Standard Error      Lower           Upper
 -------------------------  --------------  --------------  --------------  --------------
    1:S:(Intercept)         -4.1543597      0.6313359       -5.3917782      -2.9169413    
    2:S:age1                4.5353374       1.1313740       2.3178442       6.7528305     
    3:S:age2                2220.1709       11.883644       2196.8790       2243.4629     
    4:S:age3                21.396219       3731.4729       -7292.2908      7335.0833     
    5:S:age4                667.22134       0.0307616       667.16105       667.28163     
    6:S:age5                639.15779       41.225033       558.35672       719.95885     
    7:S:age6                -72.209322      0.1018001E-004  -72.209342      -72.209302    
    8:p:(Intercept)         -2.7811901      0.8484878       -4.4442261      -1.1181541    
    9:r:(Intercept)         -3.1091070      0.0596243       -3.2259706      -2.9922433    
   10:F:(Intercept)         260.96710       51.063064       160.88349       361.05070     


                  Real Function Parameters of { S(~age)p(~1)r(~1)F(~1) }
                                                               95% Confidence Interval
  Parameter                  Estimate       Standard Error      Lower           Upper
 --------------------------  --------------  --------------  --------------  --------------
     1:S g41 c2005 c1 a0 t2  0.0154533       0.0096054       0.0045332       0.0513224                           
     2:S g41 c2005 c1 a1 t2  0.5941089       0.2808482       0.1299117       0.9348501                           
     3:S g41 c2005 c1 a2 t2  1.0000000       0.0000000       1.0000000       1.0000000                           
     4:S g41 c2005 c1 a3 t2  1.0000000       0.1212931E-003  0.3033240E-296  1.0000000                           
     5:S g41 c2005 c1 a4 t2  1.0000000       0.0000000       1.0000000       1.0000000                           
     6:S g41 c2005 c1 a5 t2  1.0000000       0.0000000       1.0000000       1.0000000                           
     7:S g41 c2005 c1 a6 t2  0.6849743E-033  0.4324489E-033  -.1626255E-033  0.1532574E-032                      
     8:p g41 c2005 c1 a1 t2  0.0583491       0.0466197       0.0116098       0.2463538                           
     9:r g41 c2005 c1 a0 t2  0.0427332       0.0024391       0.0382000       0.0477775                           

  Program  MARK  - Survival Rate Estimation with Capture-Recapture Data
   gfortran(Win64) Vers. 8.0 Jun 2014   25-Jan-2015 15:02:09    Page  009
 - - - - - - - - - - - - - - - - - - - - - - - - - - - - - - - - - - - - - -
 
    10:F g41 c2005 c1 a0 t2  1.0000000       0.0000000       1.0000000       1.0000000                           

 Attempted ordering of parameters by estimatibility:
   9  1  8  2  4  7 10  5  6  3
 Beta number 3 is a singular value.

     CPU Time in seconds for last procedure was 0.56


  INPUT --- proc stop;

     CPU Time in minutes for this job was 0.01

     Time Start = 15:02:09.083   Time End = 15:02:09.266

     Wall Clock Time in minutes for this job was 0.00


          E X E C U T I O N   S U C C E S S F U L 
