
   Program  MARK  - Survival Rate Estimation with Capture-Recapture Data
   gfortran(Win64) Vers. 8.0 Jun 2014   31-Jan-2015 13:37:22    Page  001
 - - - - - - - - - - - - - - - - - - - - - - - - - - - - - - - - - - - - - -
 
   This version was compiled by GCC version 4.8.1 using the options 
   -m64 -mtune=generic -march=x86-64 -mthreads -O2 -fimplicit-none -fbounds-check -funroll-loops -ftree-vectorize -fopenmp.
   This problem will use 7 of 8 possible threads.


  INPUT --- proc title ;

     CPU Time in seconds for last procedure was 0.00


  INPUT --- proc chmatrix occasions= 7 groups= 6 etype= Both ICMeans 
  INPUT --- NoHist hist= 51 ;

  INPUT ---    time  interval 1 1 1 1 1 1 1 ;

  INPUT ---    glabel(1)=sex4.age1;

  INPUT ---    glabel(2)=sex5.age1;

  INPUT ---    glabel(3)=sex4.age2;

  INPUT ---    glabel(4)=sex5.age2;

  INPUT ---    glabel(5)=sex4.age4;

  INPUT ---    glabel(6)=sex5.age4;

   * *  WARNING  * *   At least a pair of the encounter histories are duplicates. 

      Number of unique encounter histories read was 17.

      Number of individual covariates read was 0.
      Time interval lengths are all equal to 1.

      Data type number is 3
      Data type is Joint Live and Dead Encounters (Burnham)                                                            

     CPU Time in seconds for last procedure was 0.02

  Program  MARK  - Survival Rate Estimation with Capture-Recapture Data
   gfortran(Win64) Vers. 8.0 Jun 2014   31-Jan-2015 13:37:22    Page  002
 - - - - - - - - - - - - - - - - - - - - - - - - - - - - - - - - - - - - - -
 


  INPUT --- proc estimate link=Logit NOLOOP varest=2ndPart    ;


  INPUT --- model={ S(~age + time)p(~time)r(~1)F(~1) };

  INPUT ---    group=1 S    rows=7 cols=7 Triang ;
  INPUT ---        1 2 3 4 5 6 7 ;
  INPUT ---        8 9 10 11 12 13 ;
  INPUT ---        14 15 16 17 18 ;
  INPUT ---        19 20 21 22 ;
  INPUT ---        23 24 25 ;
  INPUT ---        26 27 ;
  INPUT ---        28 ;

  INPUT ---    group=2 S    rows=7 cols=7 Triang ;
  INPUT ---        1 2 3 4 5 6 7 ;
  INPUT ---        8 9 10 11 12 13 ;
  INPUT ---        14 15 16 17 18 ;
  INPUT ---        19 20 21 22 ;
  INPUT ---        23 24 25 ;
  INPUT ---        26 27 ;
  INPUT ---        28 ;

  INPUT ---    group=3 S    rows=7 cols=7 Triang ;
  INPUT ---        1 2 3 4 5 6 7 ;
  INPUT ---        8 9 10 11 12 13 ;
  INPUT ---        14 15 16 17 18 ;
  INPUT ---        19 20 21 22 ;
  INPUT ---        23 24 25 ;
  INPUT ---        26 27 ;
  INPUT ---        28 ;

  INPUT ---    group=4 S    rows=7 cols=7 Triang ;
  INPUT ---        1 2 3 4 5 6 7 ;
  INPUT ---        8 9 10 11 12 13 ;
  INPUT ---        14 15 16 17 18 ;
  INPUT ---        19 20 21 22 ;
  INPUT ---        23 24 25 ;
  INPUT ---        26 27 ;
  INPUT ---        28 ;

  INPUT ---    group=5 S    rows=7 cols=7 Triang ;
  INPUT ---        1 2 3 4 5 6 7 ;
  INPUT ---        8 9 10 11 12 13 ;

  Program  MARK  - Survival Rate Estimation with Capture-Recapture Data
   gfortran(Win64) Vers. 8.0 Jun 2014   31-Jan-2015 13:37:22    Page  003
 - - - - - - - - - - - - - - - - - - - - - - - - - - - - - - - - - - - - - -
 
  INPUT ---        14 15 16 17 18 ;
  INPUT ---        19 20 21 22 ;
  INPUT ---        23 24 25 ;
  INPUT ---        26 27 ;
  INPUT ---        28 ;

  INPUT ---    group=6 S    rows=7 cols=7 Triang ;
  INPUT ---        1 2 3 4 5 6 7 ;
  INPUT ---        8 9 10 11 12 13 ;
  INPUT ---        14 15 16 17 18 ;
  INPUT ---        19 20 21 22 ;
  INPUT ---        23 24 25 ;
  INPUT ---        26 27 ;
  INPUT ---        28 ;

  INPUT ---    group=1 p    rows=6 cols=6 Triang ;
  INPUT ---        29 30 31 32 33 34 ;
  INPUT ---        30 31 32 33 34 ;
  INPUT ---        31 32 33 34 ;
  INPUT ---        32 33 34 ;
  INPUT ---        33 34 ;
  INPUT ---        34 ;

  INPUT ---    group=2 p    rows=6 cols=6 Triang ;
  INPUT ---        29 30 31 32 33 34 ;
  INPUT ---        30 31 32 33 34 ;
  INPUT ---        31 32 33 34 ;
  INPUT ---        32 33 34 ;
  INPUT ---        33 34 ;
  INPUT ---        34 ;

  INPUT ---    group=3 p    rows=6 cols=6 Triang ;
  INPUT ---        29 30 31 32 33 34 ;
  INPUT ---        30 31 32 33 34 ;
  INPUT ---        31 32 33 34 ;
  INPUT ---        32 33 34 ;
  INPUT ---        33 34 ;
  INPUT ---        34 ;

  INPUT ---    group=4 p    rows=6 cols=6 Triang ;
  INPUT ---        29 30 31 32 33 34 ;
  INPUT ---        30 31 32 33 34 ;
  INPUT ---        31 32 33 34 ;
  INPUT ---        32 33 34 ;
  INPUT ---        33 34 ;
  INPUT ---        34 ;

  Program  MARK  - Survival Rate Estimation with Capture-Recapture Data
   gfortran(Win64) Vers. 8.0 Jun 2014   31-Jan-2015 13:37:22    Page  004
 - - - - - - - - - - - - - - - - - - - - - - - - - - - - - - - - - - - - - -
 

  INPUT ---    group=5 p    rows=6 cols=6 Triang ;
  INPUT ---        29 30 31 32 33 34 ;
  INPUT ---        30 31 32 33 34 ;
  INPUT ---        31 32 33 34 ;
  INPUT ---        32 33 34 ;
  INPUT ---        33 34 ;
  INPUT ---        34 ;

  INPUT ---    group=6 p    rows=6 cols=6 Triang ;
  INPUT ---        29 30 31 32 33 34 ;
  INPUT ---        30 31 32 33 34 ;
  INPUT ---        31 32 33 34 ;
  INPUT ---        32 33 34 ;
  INPUT ---        33 34 ;
  INPUT ---        34 ;

  INPUT ---    group=1 r    rows=7 cols=7 Triang ;
  INPUT ---        35 35 35 35 35 35 35 ;
  INPUT ---        35 35 35 35 35 35 ;
  INPUT ---        35 35 35 35 35 ;
  INPUT ---        35 35 35 35 ;
  INPUT ---        35 35 35 ;
  INPUT ---        35 35 ;
  INPUT ---        35 ;

  INPUT ---    group=2 r    rows=7 cols=7 Triang ;
  INPUT ---        35 35 35 35 35 35 35 ;
  INPUT ---        35 35 35 35 35 35 ;
  INPUT ---        35 35 35 35 35 ;
  INPUT ---        35 35 35 35 ;
  INPUT ---        35 35 35 ;
  INPUT ---        35 35 ;
  INPUT ---        35 ;

  INPUT ---    group=3 r    rows=7 cols=7 Triang ;
  INPUT ---        35 35 35 35 35 35 35 ;
  INPUT ---        35 35 35 35 35 35 ;
  INPUT ---        35 35 35 35 35 ;
  INPUT ---        35 35 35 35 ;
  INPUT ---        35 35 35 ;
  INPUT ---        35 35 ;
  INPUT ---        35 ;

  INPUT ---    group=4 r    rows=7 cols=7 Triang ;
  INPUT ---        35 35 35 35 35 35 35 ;

  Program  MARK  - Survival Rate Estimation with Capture-Recapture Data
   gfortran(Win64) Vers. 8.0 Jun 2014   31-Jan-2015 13:37:22    Page  005
 - - - - - - - - - - - - - - - - - - - - - - - - - - - - - - - - - - - - - -
 
  INPUT ---        35 35 35 35 35 35 ;
  INPUT ---        35 35 35 35 35 ;
  INPUT ---        35 35 35 35 ;
  INPUT ---        35 35 35 ;
  INPUT ---        35 35 ;
  INPUT ---        35 ;

  INPUT ---    group=5 r    rows=7 cols=7 Triang ;
  INPUT ---        35 35 35 35 35 35 35 ;
  INPUT ---        35 35 35 35 35 35 ;
  INPUT ---        35 35 35 35 35 ;
  INPUT ---        35 35 35 35 ;
  INPUT ---        35 35 35 ;
  INPUT ---        35 35 ;
  INPUT ---        35 ;

  INPUT ---    group=6 r    rows=7 cols=7 Triang ;
  INPUT ---        35 35 35 35 35 35 35 ;
  INPUT ---        35 35 35 35 35 35 ;
  INPUT ---        35 35 35 35 35 ;
  INPUT ---        35 35 35 35 ;
  INPUT ---        35 35 35 ;
  INPUT ---        35 35 ;
  INPUT ---        35 ;

  INPUT ---    group=1 F    rows=6 cols=6 Triang ;
  INPUT ---        36 36 36 36 36 36 ;
  INPUT ---        36 36 36 36 36 ;
  INPUT ---        36 36 36 36 ;
  INPUT ---        36 36 36 ;
  INPUT ---        36 36 ;
  INPUT ---        36 ;

  INPUT ---    group=2 F    rows=6 cols=6 Triang ;
  INPUT ---        36 36 36 36 36 36 ;
  INPUT ---        36 36 36 36 36 ;
  INPUT ---        36 36 36 36 ;
  INPUT ---        36 36 36 ;
  INPUT ---        36 36 ;
  INPUT ---        36 ;

  INPUT ---    group=3 F    rows=6 cols=6 Triang ;
  INPUT ---        36 36 36 36 36 36 ;
  INPUT ---        36 36 36 36 36 ;
  INPUT ---        36 36 36 36 ;
  INPUT ---        36 36 36 ;

  Program  MARK  - Survival Rate Estimation with Capture-Recapture Data
   gfortran(Win64) Vers. 8.0 Jun 2014   31-Jan-2015 13:37:22    Page  006
 - - - - - - - - - - - - - - - - - - - - - - - - - - - - - - - - - - - - - -
 
  INPUT ---        36 36 ;
  INPUT ---        36 ;

  INPUT ---    group=4 F    rows=6 cols=6 Triang ;
  INPUT ---        36 36 36 36 36 36 ;
  INPUT ---        36 36 36 36 36 ;
  INPUT ---        36 36 36 36 ;
  INPUT ---        36 36 36 ;
  INPUT ---        36 36 ;
  INPUT ---        36 ;

  INPUT ---    group=5 F    rows=6 cols=6 Triang ;
  INPUT ---        36 36 36 36 36 36 ;
  INPUT ---        36 36 36 36 36 ;
  INPUT ---        36 36 36 36 ;
  INPUT ---        36 36 36 ;
  INPUT ---        36 36 ;
  INPUT ---        36 ;

  INPUT ---    group=6 F    rows=6 cols=6 Triang ;
  INPUT ---        36 36 36 36 36 36 ;
  INPUT ---        36 36 36 36 36 ;
  INPUT ---        36 36 36 36 ;
  INPUT ---        36 36 36 ;
  INPUT ---        36 36 ;
  INPUT ---        36 ;

  INPUT ---    design matrix constraints=36 covariates=21;
  INPUT ---        1 0 0 0 0 0 0 0 0 0 0 0 0 0 0 0 0 0 0 0 0;
  INPUT ---        1 1 0 0 0 0 0 1 0 0 0 0 0 0 0 0 0 0 0 0 0;
  INPUT ---        1 0 1 0 0 0 0 0 1 0 0 0 0 0 0 0 0 0 0 0 0;
  INPUT ---        1 0 0 1 0 0 0 0 0 1 0 0 0 0 0 0 0 0 0 0 0;
  INPUT ---        1 0 0 0 1 0 0 0 0 0 1 0 0 0 0 0 0 0 0 0 0;
  INPUT ---        1 0 0 0 0 1 0 0 0 0 0 1 0 0 0 0 0 0 0 0 0;
  INPUT ---        1 0 0 0 0 0 1 0 0 0 0 0 1 0 0 0 0 0 0 0 0;
  INPUT ---        1 0 0 0 0 0 0 1 0 0 0 0 0 0 0 0 0 0 0 0 0;
  INPUT ---        1 1 0 0 0 0 0 0 1 0 0 0 0 0 0 0 0 0 0 0 0;
  INPUT ---        1 0 1 0 0 0 0 0 0 1 0 0 0 0 0 0 0 0 0 0 0;
  INPUT ---        1 0 0 1 0 0 0 0 0 0 1 0 0 0 0 0 0 0 0 0 0;
  INPUT ---        1 0 0 0 1 0 0 0 0 0 0 1 0 0 0 0 0 0 0 0 0;
  INPUT ---        1 0 0 0 0 1 0 0 0 0 0 0 1 0 0 0 0 0 0 0 0;
  INPUT ---        1 0 0 0 0 0 0 0 1 0 0 0 0 0 0 0 0 0 0 0 0;
  INPUT ---        1 1 0 0 0 0 0 0 0 1 0 0 0 0 0 0 0 0 0 0 0;
  INPUT ---        1 0 1 0 0 0 0 0 0 0 1 0 0 0 0 0 0 0 0 0 0;
  INPUT ---        1 0 0 1 0 0 0 0 0 0 0 1 0 0 0 0 0 0 0 0 0;
  INPUT ---        1 0 0 0 1 0 0 0 0 0 0 0 1 0 0 0 0 0 0 0 0;

  Program  MARK  - Survival Rate Estimation with Capture-Recapture Data
   gfortran(Win64) Vers. 8.0 Jun 2014   31-Jan-2015 13:37:22    Page  007
 - - - - - - - - - - - - - - - - - - - - - - - - - - - - - - - - - - - - - -
 
  INPUT ---        1 0 0 0 0 0 0 0 0 1 0 0 0 0 0 0 0 0 0 0 0;
  INPUT ---        1 1 0 0 0 0 0 0 0 0 1 0 0 0 0 0 0 0 0 0 0;
  INPUT ---        1 0 1 0 0 0 0 0 0 0 0 1 0 0 0 0 0 0 0 0 0;
  INPUT ---        1 0 0 1 0 0 0 0 0 0 0 0 1 0 0 0 0 0 0 0 0;
  INPUT ---        1 0 0 0 0 0 0 0 0 0 1 0 0 0 0 0 0 0 0 0 0;
  INPUT ---        1 1 0 0 0 0 0 0 0 0 0 1 0 0 0 0 0 0 0 0 0;
  INPUT ---        1 0 1 0 0 0 0 0 0 0 0 0 1 0 0 0 0 0 0 0 0;
  INPUT ---        1 0 0 0 0 0 0 0 0 0 0 1 0 0 0 0 0 0 0 0 0;
  INPUT ---        1 1 0 0 0 0 0 0 0 0 0 0 1 0 0 0 0 0 0 0 0;
  INPUT ---        1 0 0 0 0 0 0 0 0 0 0 0 1 0 0 0 0 0 0 0 0;
  INPUT ---        0 0 0 0 0 0 0 0 0 0 0 0 0 1 0 0 0 0 0 0 0;
  INPUT ---        0 0 0 0 0 0 0 0 0 0 0 0 0 1 1 0 0 0 0 0 0;
  INPUT ---        0 0 0 0 0 0 0 0 0 0 0 0 0 1 0 1 0 0 0 0 0;
  INPUT ---        0 0 0 0 0 0 0 0 0 0 0 0 0 1 0 0 1 0 0 0 0;
  INPUT ---        0 0 0 0 0 0 0 0 0 0 0 0 0 1 0 0 0 1 0 0 0;
  INPUT ---        0 0 0 0 0 0 0 0 0 0 0 0 0 1 0 0 0 0 1 0 0;
  INPUT ---        0 0 0 0 0 0 0 0 0 0 0 0 0 0 0 0 0 0 0 1 0;
  INPUT ---        0 0 0 0 0 0 0 0 0 0 0 0 0 0 0 0 0 0 0 0 1;

  INPUT ---    blabel(1)=S:(Intercept);

  INPUT ---    blabel(2)=S:age1;

  INPUT ---    blabel(3)=S:age2;

  INPUT ---    blabel(4)=S:age3;

  INPUT ---    blabel(5)=S:age4;

  INPUT ---    blabel(6)=S:age5;

  INPUT ---    blabel(7)=S:age6;

  INPUT ---    blabel(8)=S:time2006;

  INPUT ---    blabel(9)=S:time2007;

  INPUT ---    blabel(10)=S:time2008;

  INPUT ---    blabel(11)=S:time2009;

  INPUT ---    blabel(12)=S:time2010;

  INPUT ---    blabel(13)=S:time2011;

  INPUT ---    blabel(14)=p:(Intercept);

  Program  MARK  - Survival Rate Estimation with Capture-Recapture Data
   gfortran(Win64) Vers. 8.0 Jun 2014   31-Jan-2015 13:37:22    Page  008
 - - - - - - - - - - - - - - - - - - - - - - - - - - - - - - - - - - - - - -
 

  INPUT ---    blabel(15)=p:time2007;

  INPUT ---    blabel(16)=p:time2008;

  INPUT ---    blabel(17)=p:time2009;

  INPUT ---    blabel(18)=p:time2010;

  INPUT ---    blabel(19)=p:time2011;

  INPUT ---    blabel(20)=r:(Intercept);

  INPUT ---    blabel(21)=F:(Intercept);

  INPUT ---    rlabel(1)=S g41 c2005 c1 a0 t2005;

  INPUT ---    rlabel(2)=S g41 c2005 c1 a1 t2006;

  INPUT ---    rlabel(3)=S g41 c2005 c1 a2 t2007;

  INPUT ---    rlabel(4)=S g41 c2005 c1 a3 t2008;

  INPUT ---    rlabel(5)=S g41 c2005 c1 a4 t2009;

  INPUT ---    rlabel(6)=S g41 c2005 c1 a5 t2010;

  INPUT ---    rlabel(7)=S g41 c2005 c1 a6 t2011;

  INPUT ---    rlabel(8)=S g41 c2006 c2 a0 t2006;

  INPUT ---    rlabel(9)=S g41 c2006 c2 a1 t2007;

  INPUT ---    rlabel(10)=S g41 c2006 c2 a2 t2008;

  INPUT ---    rlabel(11)=S g41 c2006 c2 a3 t2009;

  INPUT ---    rlabel(12)=S g41 c2006 c2 a4 t2010;

  INPUT ---    rlabel(13)=S g41 c2006 c2 a5 t2011;

  INPUT ---    rlabel(14)=S g41 c2007 c3 a0 t2007;

  INPUT ---    rlabel(15)=S g41 c2007 c3 a1 t2008;

  INPUT ---    rlabel(16)=S g41 c2007 c3 a2 t2009;

  Program  MARK  - Survival Rate Estimation with Capture-Recapture Data
   gfortran(Win64) Vers. 8.0 Jun 2014   31-Jan-2015 13:37:22    Page  009
 - - - - - - - - - - - - - - - - - - - - - - - - - - - - - - - - - - - - - -
 

  INPUT ---    rlabel(17)=S g41 c2007 c3 a3 t2010;

  INPUT ---    rlabel(18)=S g41 c2007 c3 a4 t2011;

  INPUT ---    rlabel(19)=S g41 c2008 c4 a0 t2008;

  INPUT ---    rlabel(20)=S g41 c2008 c4 a1 t2009;

  INPUT ---    rlabel(21)=S g41 c2008 c4 a2 t2010;

  INPUT ---    rlabel(22)=S g41 c2008 c4 a3 t2011;

  INPUT ---    rlabel(23)=S g41 c2009 c5 a0 t2009;

  INPUT ---    rlabel(24)=S g41 c2009 c5 a1 t2010;

  INPUT ---    rlabel(25)=S g41 c2009 c5 a2 t2011;

  INPUT ---    rlabel(26)=S g41 c2010 c6 a0 t2010;

  INPUT ---    rlabel(27)=S g41 c2010 c6 a1 t2011;

  INPUT ---    rlabel(28)=S g41 c2011 c7 a0 t2011;

  INPUT ---    rlabel(29)=p g41 c2005 c1 a1 t2006;

  INPUT ---    rlabel(30)=p g41 c2005 c1 a2 t2007;

  INPUT ---    rlabel(31)=p g41 c2005 c1 a3 t2008;

  INPUT ---    rlabel(32)=p g41 c2005 c1 a4 t2009;

  INPUT ---    rlabel(33)=p g41 c2005 c1 a5 t2010;

  INPUT ---    rlabel(34)=p g41 c2005 c1 a6 t2011;

  INPUT ---    rlabel(35)=r g41 c2005 c1 a0 t2005;

  INPUT ---    rlabel(36)=F g41 c2005 c1 a0 t2005;

 Link Function Used is LOGIT        

 Variance Estimation Procedure Used is 2ndPart 

 M(t+1):

  Program  MARK  - Survival Rate Estimation with Capture-Recapture Data
   gfortran(Win64) Vers. 8.0 Jun 2014   31-Jan-2015 13:37:22    Page  010
 - - - - - - - - - - - - - - - - - - - - - - - - - - - - - - - - - - - - - -
 



 -2logL(saturated) = 1739.8188     
 Effective Sample Size = 7075

 Number of function evaluations was 68 for 21 parameters.
 Time for numerical optimization was 2.18 seconds.
 -2logL { S(~age + time)p(~time)r(~1)F(~1) } = 2574.3268     
 Penalty { S(~age + time)p(~time)r(~1)F(~1) } = -0.0000000    
 Gradient { S(~age + time)p(~time)r(~1)F(~1) }:
  0.1161209E-04 0.2045026E-05 0.1249264E-04 0.9320488E-05  0.000000    
   0.000000      0.000000      0.000000     0.3475271E-05-0.3027330E-05
  0.7809093E-05  0.000000     0.1474364E-04-0.2794783E-04  0.000000    
 -0.1409397E-04  0.000000    -0.2629290E-04 0.1134983E-04-0.2294270E-04
 -0.1392731E-04
 S Vector { S(~age + time)p(~time)r(~1)F(~1) }:
   284.2917      16.89379      4.671187      3.802653      2.345416    
   1.201954     0.9904719     0.3869200     0.3881075E-04 0.2426196E-04
  0.7555045E-05 0.5825725E-05 0.3063025E-05 0.2415814E-05 0.1068046E-05
  0.9518609E-06 0.2842202E-06 0.1926479E-06 0.1477280E-06 0.7525216E-07
  0.2747669E-07
 Time to compute number of parameters was 0.37 seconds.
   Threshold =  0.4400000E-06     Condition index =  0.9664964E-10     New Threshold =  0.1259140E-06
 New Guessimate of Estimated Parameters { S(~age + time)p(~time)r(~1)F(~1) } = 9          
 Conditioned S Vector { S(~age + time)p(~time)r(~1)F(~1) }:
   1.000000     0.5942413E-01 0.1643097E-01 0.1337588E-01 0.8250032E-02
  0.4227891E-02 0.3483998E-02 0.1360996E-02 0.1365173E-06 0.8534177E-07
  0.2657498E-07 0.2049207E-07 0.1077423E-07 0.8497658E-08 0.3756868E-08
  0.3348184E-08 0.9997485E-09 0.6776415E-09 0.5196352E-09 0.2647005E-09
  0.9664964E-10
 Number of Estimated Parameters { S(~age + time)p(~time)r(~1)F(~1) } = 8          
 DEVIANCE { S(~age + time)p(~time)r(~1)F(~1) } = 834.50806                     
 DEVIANCE Degrees of Freedom { S(~age + time)p(~time)r(~1)F(~1) } = 7            
 c-hat { S(~age + time)p(~time)r(~1)F(~1) } = 119.21544                     
 AIC { S(~age + time)p(~time)r(~1)F(~1) } = 2590.3268                  
 AICc { S(~age + time)p(~time)r(~1)F(~1) } = 2590.3472                    
 BIC { S(~age + time)p(~time)r(~1)F(~1) } = 2645.2414                    
 Pearson Chisquare { S(~age + time)p(~time)r(~1)F(~1) } = Not a Number               
 Possible Encounter Histories { S(~age + time)p(~time)r(~1)F(~1) } = 896             
 Pearson Chisquare df { S(~age + time)p(~time)r(~1)F(~1) } = 852        
 Pearson chat { S(~age + time)p(~time)r(~1)F(~1) } = Not a Number               
 Sum(Observed/Expected) { S(~age + time)p(~time)r(~1)F(~1) } = Not a Number               
 Fletcher chat { S(~age + time)p(~time)r(~1)F(~1) } = Not a Number               


             LOGIT Link Function Parameters of { S(~age + time)p(~time)r(~1)F(~1) }
                                                              95% Confidence Interval
 Parameter                    Beta         Standard Error      Lower           Upper
 -------------------------  --------------  --------------  --------------  --------------
    1:S:(Intercept)         30.329232       624.68778       -1194.0588      1254.7173     
    2:S:age1                43.473509       590.72259       -1114.3428      1201.2898     
    3:S:age2                2.6401217       0.0000000       2.6401217       2.6401217     
    4:S:age3                42.911069       590.71680       -1114.8939      1200.7160     
    5:S:age4                1.3599962       320.20596       -626.24370      628.96370     
    6:S:age5                2.1887626       0.0000000       2.1887626       2.1887626     
    7:S:age6                -0.2719709      133.83614       -262.59081      262.04687     
    8:S:time2006            -46.627852      2572.4413       -5088.6129      4995.3572     
    9:S:time2007            -12.085233      0.0000000       -12.085233      -12.085233    
   10:S:time2008            -74.107012      351.72569       -763.48938      615.27536     
   11:S:time2009            4.8233056       1094.3592       -2140.1207      2149.7673     

  Program  MARK  - Survival Rate Estimation with Capture-Recapture Data
   gfortran(Win64) Vers. 8.0 Jun 2014   31-Jan-2015 13:37:23    Page  011
 - - - - - - - - - - - - - - - - - - - - - - - - - - - - - - - - - - - - - -
 
   12:S:time2010            -7.3926023      1796.3694       -3528.2766      3513.4914     
   13:S:time2011            -69.940343      351.73903       -759.34886      619.46817     
   14:p:(Intercept)         -41.305371      0.0000000       -41.305371      -41.305371    
   15:p:time2007            34.672064       0.0000000       34.672064       34.672064     
   16:p:time2008            34.491933       0.0000000       34.491933       34.491933     
   17:p:time2009            -12.261301      4883.4341       -9583.7924      9559.2698     
   18:p:time2010            35.320424       0.0000000       35.320424       35.320424     
   19:p:time2011            35.059814       0.0000000       35.059814       35.059814     
   20:r:(Intercept)         -2.9642001      0.0594043       -3.0806325      -2.8477678    
   21:F:(Intercept)         12.060590       364.14143       -701.65663      725.77782     


             Real Function Parameters of { S(~age + time)p(~time)r(~1)F(~1) }
                                                               95% Confidence Interval
  Parameter                  Estimate       Standard Error      Lower           Upper
 --------------------------  --------------  --------------  --------------  --------------
     1:S g41 c2005 c1 a0 t2  1.0000000       0.4202869E-010  1.0000000       1.0000000                           
     2:S g41 c2005 c1 a1 t2  1.0000000       0.4045130E-008  1.0000000       1.0000000                           
     3:S g41 c2005 c1 a2 t2  1.0000000       0.0000000       1.0000000       1.0000000                           
     4:S g41 c2005 c1 a3 t2  0.2959393       0.3214341       0.0200281       0.8963180                           
     5:S g41 c2005 c1 a4 t2  1.0000000       0.2506655E-012  1.0000000       1.0000000                           
     6:S g41 c2005 c1 a5 t2  1.0000000       0.0000000       1.0000000       1.0000000                           
     7:S g41 c2005 c1 a6 t2  0.4775267E-017  0.2924237E-014  -.5726729E-014  0.5736280E-014                      
     8:S g41 c2006 c2 a0 t2  0.8348323E-007  0.2073963E-003  0.8231177E-311  1.0000000                           
     9:S g41 c2006 c2 a1 t2  1.0000000       0.0000000       1.0000000       1.0000000                           
    10:S g41 c2006 c2 a2 t2  0.1361890E-017  0.6447443E-015  -.1262337E-014  0.1265061E-014                      
    11:S g41 c2006 c2 a3 t2  1.0000000       0.0000000       1.0000000       1.0000000                           
    12:S g41 c2006 c2 a4 t2  1.0000000       0.5369517E-007  0.9999999       1.0000001                           
    13:S g41 c2006 c2 a5 t2  0.5593461E-016  0.0000000       0.5593461E-016  0.5593461E-016                      
    14:S g41 c2007 c3 a0 t2  1.0000000       0.0000000       1.0000000       1.0000000                           
    15:S g41 c2007 c3 a1 t2  0.4245138       0.3500796       0.0425778       0.9244476                           
    16:S g41 c2007 c3 a2 t2  1.0000000       0.0000000       1.0000000       1.0000000                           
    17:S g41 c2007 c3 a3 t2  1.0000000       0.0000000       1.0000000       1.0000000                           
    18:S g41 c2007 c3 a4 t2  0.2442035E-016  0.1609539E-013  -.3152254E-013  0.3157138E-013                      
    19:S g41 c2008 c4 a0 t2  0.9717440E-019  0.5740267E-016  -.1124121E-015  0.1126064E-015                      
    20:S g41 c2008 c4 a1 t2  1.0000000       0.0000000       1.0000000       1.0000000                           
    21:S g41 c2008 c4 a2 t2  1.0000000       0.1319868E-007  1.0000000       1.0000000                           
    22:S g41 c2008 c4 a3 t2  0.9644274       0.0734590       0.2897047       0.9994454                           
    23:S g41 c2009 c5 a0 t2  1.0000000       0.5650213E-012  1.0000000       1.0000000                           
    24:S g41 c2009 c5 a1 t2  1.0000000       0.0000000       1.0000000       1.0000000                           
    25:S g41 c2009 c5 a2 t2  0.8784223E-016  0.4158689E-013  -.8142247E-013  0.8159816E-013                      
    26:S g41 c2010 c6 a0 t2  1.0000000       0.2069282E-006  0.9999996       1.0000004                           
    27:S g41 c2010 c6 a1 t2  0.9794151       0.0206075       0.8651811       0.9971732                           
    28:S g41 c2011 c7 a0 t2  0.6267770E-017  0.3702527E-014  -.7250686E-014  0.7263221E-014                      
    29:p g41 c2005 c1 a1 t2  0.1151610E-017  0.0000000       0.1151610E-017  0.1151610E-017                      
    30:p g41 c2005 c1 a2 t2  0.0013141       0.0013132       0.1850659E-003  0.0092669                           

  Program  MARK  - Survival Rate Estimation with Capture-Recapture Data
   gfortran(Win64) Vers. 8.0 Jun 2014   31-Jan-2015 13:37:23    Page  012
 - - - - - - - - - - - - - - - - - - - - - - - - - - - - - - - - - - - - - -
 
    31:p g41 c2005 c1 a3 t2  0.0010977       0.7757795E-003  0.2745366E-003  0.0043782                           
    32:p g41 c2005 c1 a4 t2  0.5448663E-023  0.2660874E-019  -.5214769E-019  0.5215859E-019                      
    33:p g41 c2005 c1 a5 t2  0.0025100       0.0014669       0.7974507E-003  0.0078715                           
    34:p g41 c2005 c1 a6 t2  0.0019353       0.9375518E-003  0.7483307E-003  0.0049956                           
    35:r g41 c2005 c1 a0 t2  0.0490696       0.0027719       0.0439133       0.0547968                           
    36:F g41 c2005 c1 a0 t2  0.9999942       0.0021058       0.1704945E-298  1.0000000                           

 Attempted ordering of parameters by estimatibility:
  20 14 19  1 18 15 10  4 16  7 21  5 13  3  2 11 12  9  8  6 17
 Beta number 17 is a singular value.

     CPU Time in seconds for last procedure was 2.57


  INPUT --- proc stop;

     CPU Time in minutes for this job was 0.04

     Time Start = 13:37:22.616   Time End = 13:37:23.223

     Wall Clock Time in minutes for this job was 0.01


          E X E C U T I O N   S U C C E S S F U L 
