
   Program  MARK  - Survival Rate Estimation with Capture-Recapture Data
   gfortran(Win64) Vers. 8.0 Jun 2014   25-Jan-2015 15:10:07    Page  001
 - - - - - - - - - - - - - - - - - - - - - - - - - - - - - - - - - - - - - -
 
   This version was compiled by GCC version 4.8.1 using the options 
   -m64 -mtune=generic -march=x86-64 -mthreads -O2 -fimplicit-none -fbounds-check -funroll-loops -ftree-vectorize -fopenmp.
   This problem will use 7 of 8 possible threads.


  INPUT --- proc title ;

     CPU Time in seconds for last procedure was 0.00


  INPUT --- proc chmatrix occasions= 7 groups= 6 etype= Both ICMeans 
  INPUT --- NoHist hist= 51 ;

  INPUT ---    time  interval 1 1 1 1 1 1 1 ;

  INPUT ---    glabel(1)=sex4.age1;

  INPUT ---    glabel(2)=sex5.age1;

  INPUT ---    glabel(3)=sex4.age2;

  INPUT ---    glabel(4)=sex5.age2;

  INPUT ---    glabel(5)=sex4.age4;

  INPUT ---    glabel(6)=sex5.age4;

   * *  WARNING  * *   At least a pair of the encounter histories are duplicates. 

      Number of unique encounter histories read was 17.

      Number of individual covariates read was 0.
      Time interval lengths are all equal to 1.

      Data type number is 3
      Data type is Joint Live and Dead Encounters (Burnham)                                                            

     CPU Time in seconds for last procedure was 0.02

  Program  MARK  - Survival Rate Estimation with Capture-Recapture Data
   gfortran(Win64) Vers. 8.0 Jun 2014   25-Jan-2015 15:10:07    Page  002
 - - - - - - - - - - - - - - - - - - - - - - - - - - - - - - - - - - - - - -
 


  INPUT --- proc estimate link=Logit NOLOOP varest=2ndPart    ;


  INPUT --- model={ S(~sex)p(~age + sex)r(~age)F(~1) };

  INPUT ---    group=1 S    rows=7 cols=7 Triang ;
  INPUT ---        1 1 1 1 1 1 1 ;
  INPUT ---        1 1 1 1 1 1 ;
  INPUT ---        1 1 1 1 1 ;
  INPUT ---        1 1 1 1 ;
  INPUT ---        1 1 1 ;
  INPUT ---        1 1 ;
  INPUT ---        1 ;

  INPUT ---    group=2 S    rows=7 cols=7 Triang ;
  INPUT ---        2 2 2 2 2 2 2 ;
  INPUT ---        2 2 2 2 2 2 ;
  INPUT ---        2 2 2 2 2 ;
  INPUT ---        2 2 2 2 ;
  INPUT ---        2 2 2 ;
  INPUT ---        2 2 ;
  INPUT ---        2 ;

  INPUT ---    group=3 S    rows=7 cols=7 Triang ;
  INPUT ---        1 1 1 1 1 1 1 ;
  INPUT ---        1 1 1 1 1 1 ;
  INPUT ---        1 1 1 1 1 ;
  INPUT ---        1 1 1 1 ;
  INPUT ---        1 1 1 ;
  INPUT ---        1 1 ;
  INPUT ---        1 ;

  INPUT ---    group=4 S    rows=7 cols=7 Triang ;
  INPUT ---        2 2 2 2 2 2 2 ;
  INPUT ---        2 2 2 2 2 2 ;
  INPUT ---        2 2 2 2 2 ;
  INPUT ---        2 2 2 2 ;
  INPUT ---        2 2 2 ;
  INPUT ---        2 2 ;
  INPUT ---        2 ;

  INPUT ---    group=5 S    rows=7 cols=7 Triang ;
  INPUT ---        1 1 1 1 1 1 1 ;
  INPUT ---        1 1 1 1 1 1 ;

  Program  MARK  - Survival Rate Estimation with Capture-Recapture Data
   gfortran(Win64) Vers. 8.0 Jun 2014   25-Jan-2015 15:10:07    Page  003
 - - - - - - - - - - - - - - - - - - - - - - - - - - - - - - - - - - - - - -
 
  INPUT ---        1 1 1 1 1 ;
  INPUT ---        1 1 1 1 ;
  INPUT ---        1 1 1 ;
  INPUT ---        1 1 ;
  INPUT ---        1 ;

  INPUT ---    group=6 S    rows=7 cols=7 Triang ;
  INPUT ---        2 2 2 2 2 2 2 ;
  INPUT ---        2 2 2 2 2 2 ;
  INPUT ---        2 2 2 2 2 ;
  INPUT ---        2 2 2 2 ;
  INPUT ---        2 2 2 ;
  INPUT ---        2 2 ;
  INPUT ---        2 ;

  INPUT ---    group=1 p    rows=6 cols=6 Triang ;
  INPUT ---        3 4 5 6 7 8 ;
  INPUT ---        3 4 5 6 7 ;
  INPUT ---        3 4 5 6 ;
  INPUT ---        3 4 5 ;
  INPUT ---        3 4 ;
  INPUT ---        3 ;

  INPUT ---    group=2 p    rows=6 cols=6 Triang ;
  INPUT ---        9 10 11 12 13 14 ;
  INPUT ---        9 10 11 12 13 ;
  INPUT ---        9 10 11 12 ;
  INPUT ---        9 10 11 ;
  INPUT ---        9 10 ;
  INPUT ---        9 ;

  INPUT ---    group=3 p    rows=6 cols=6 Triang ;
  INPUT ---        3 4 5 6 7 8 ;
  INPUT ---        3 4 5 6 7 ;
  INPUT ---        3 4 5 6 ;
  INPUT ---        3 4 5 ;
  INPUT ---        3 4 ;
  INPUT ---        3 ;

  INPUT ---    group=4 p    rows=6 cols=6 Triang ;
  INPUT ---        9 10 11 12 13 14 ;
  INPUT ---        9 10 11 12 13 ;
  INPUT ---        9 10 11 12 ;
  INPUT ---        9 10 11 ;
  INPUT ---        9 10 ;
  INPUT ---        9 ;

  Program  MARK  - Survival Rate Estimation with Capture-Recapture Data
   gfortran(Win64) Vers. 8.0 Jun 2014   25-Jan-2015 15:10:07    Page  004
 - - - - - - - - - - - - - - - - - - - - - - - - - - - - - - - - - - - - - -
 

  INPUT ---    group=5 p    rows=6 cols=6 Triang ;
  INPUT ---        3 4 5 6 7 8 ;
  INPUT ---        3 4 5 6 7 ;
  INPUT ---        3 4 5 6 ;
  INPUT ---        3 4 5 ;
  INPUT ---        3 4 ;
  INPUT ---        3 ;

  INPUT ---    group=6 p    rows=6 cols=6 Triang ;
  INPUT ---        9 10 11 12 13 14 ;
  INPUT ---        9 10 11 12 13 ;
  INPUT ---        9 10 11 12 ;
  INPUT ---        9 10 11 ;
  INPUT ---        9 10 ;
  INPUT ---        9 ;

  INPUT ---    group=1 r    rows=7 cols=7 Triang ;
  INPUT ---        15 16 17 18 19 20 21 ;
  INPUT ---        15 16 17 18 19 20 ;
  INPUT ---        15 16 17 18 19 ;
  INPUT ---        15 16 17 18 ;
  INPUT ---        15 16 17 ;
  INPUT ---        15 16 ;
  INPUT ---        15 ;

  INPUT ---    group=2 r    rows=7 cols=7 Triang ;
  INPUT ---        15 16 17 18 19 20 21 ;
  INPUT ---        15 16 17 18 19 20 ;
  INPUT ---        15 16 17 18 19 ;
  INPUT ---        15 16 17 18 ;
  INPUT ---        15 16 17 ;
  INPUT ---        15 16 ;
  INPUT ---        15 ;

  INPUT ---    group=3 r    rows=7 cols=7 Triang ;
  INPUT ---        15 16 17 18 19 20 21 ;
  INPUT ---        15 16 17 18 19 20 ;
  INPUT ---        15 16 17 18 19 ;
  INPUT ---        15 16 17 18 ;
  INPUT ---        15 16 17 ;
  INPUT ---        15 16 ;
  INPUT ---        15 ;

  INPUT ---    group=4 r    rows=7 cols=7 Triang ;
  INPUT ---        15 16 17 18 19 20 21 ;

  Program  MARK  - Survival Rate Estimation with Capture-Recapture Data
   gfortran(Win64) Vers. 8.0 Jun 2014   25-Jan-2015 15:10:07    Page  005
 - - - - - - - - - - - - - - - - - - - - - - - - - - - - - - - - - - - - - -
 
  INPUT ---        15 16 17 18 19 20 ;
  INPUT ---        15 16 17 18 19 ;
  INPUT ---        15 16 17 18 ;
  INPUT ---        15 16 17 ;
  INPUT ---        15 16 ;
  INPUT ---        15 ;

  INPUT ---    group=5 r    rows=7 cols=7 Triang ;
  INPUT ---        15 16 17 18 19 20 21 ;
  INPUT ---        15 16 17 18 19 20 ;
  INPUT ---        15 16 17 18 19 ;
  INPUT ---        15 16 17 18 ;
  INPUT ---        15 16 17 ;
  INPUT ---        15 16 ;
  INPUT ---        15 ;

  INPUT ---    group=6 r    rows=7 cols=7 Triang ;
  INPUT ---        15 16 17 18 19 20 21 ;
  INPUT ---        15 16 17 18 19 20 ;
  INPUT ---        15 16 17 18 19 ;
  INPUT ---        15 16 17 18 ;
  INPUT ---        15 16 17 ;
  INPUT ---        15 16 ;
  INPUT ---        15 ;

  INPUT ---    group=1 F    rows=6 cols=6 Triang ;
  INPUT ---        22 22 22 22 22 22 ;
  INPUT ---        22 22 22 22 22 ;
  INPUT ---        22 22 22 22 ;
  INPUT ---        22 22 22 ;
  INPUT ---        22 22 ;
  INPUT ---        22 ;

  INPUT ---    group=2 F    rows=6 cols=6 Triang ;
  INPUT ---        22 22 22 22 22 22 ;
  INPUT ---        22 22 22 22 22 ;
  INPUT ---        22 22 22 22 ;
  INPUT ---        22 22 22 ;
  INPUT ---        22 22 ;
  INPUT ---        22 ;

  INPUT ---    group=3 F    rows=6 cols=6 Triang ;
  INPUT ---        22 22 22 22 22 22 ;
  INPUT ---        22 22 22 22 22 ;
  INPUT ---        22 22 22 22 ;
  INPUT ---        22 22 22 ;

  Program  MARK  - Survival Rate Estimation with Capture-Recapture Data
   gfortran(Win64) Vers. 8.0 Jun 2014   25-Jan-2015 15:10:07    Page  006
 - - - - - - - - - - - - - - - - - - - - - - - - - - - - - - - - - - - - - -
 
  INPUT ---        22 22 ;
  INPUT ---        22 ;

  INPUT ---    group=4 F    rows=6 cols=6 Triang ;
  INPUT ---        22 22 22 22 22 22 ;
  INPUT ---        22 22 22 22 22 ;
  INPUT ---        22 22 22 22 ;
  INPUT ---        22 22 22 ;
  INPUT ---        22 22 ;
  INPUT ---        22 ;

  INPUT ---    group=5 F    rows=6 cols=6 Triang ;
  INPUT ---        22 22 22 22 22 22 ;
  INPUT ---        22 22 22 22 22 ;
  INPUT ---        22 22 22 22 ;
  INPUT ---        22 22 22 ;
  INPUT ---        22 22 ;
  INPUT ---        22 ;

  INPUT ---    group=6 F    rows=6 cols=6 Triang ;
  INPUT ---        22 22 22 22 22 22 ;
  INPUT ---        22 22 22 22 22 ;
  INPUT ---        22 22 22 22 ;
  INPUT ---        22 22 22 ;
  INPUT ---        22 22 ;
  INPUT ---        22 ;

  INPUT ---    design matrix constraints=22 covariates=17;
  INPUT ---        1 0 0 0 0 0 0 0 0 0 0 0 0 0 0 0 0;
  INPUT ---        1 1 0 0 0 0 0 0 0 0 0 0 0 0 0 0 0;
  INPUT ---        0 0 1 0 0 0 0 0 0 0 0 0 0 0 0 0 0;
  INPUT ---        0 0 1 1 0 0 0 0 0 0 0 0 0 0 0 0 0;
  INPUT ---        0 0 1 0 1 0 0 0 0 0 0 0 0 0 0 0 0;
  INPUT ---        0 0 1 0 0 1 0 0 0 0 0 0 0 0 0 0 0;
  INPUT ---        0 0 1 0 0 0 1 0 0 0 0 0 0 0 0 0 0;
  INPUT ---        0 0 1 0 0 0 0 1 0 0 0 0 0 0 0 0 0;
  INPUT ---        0 0 1 0 0 0 0 0 1 0 0 0 0 0 0 0 0;
  INPUT ---        0 0 1 1 0 0 0 0 1 0 0 0 0 0 0 0 0;
  INPUT ---        0 0 1 0 1 0 0 0 1 0 0 0 0 0 0 0 0;
  INPUT ---        0 0 1 0 0 1 0 0 1 0 0 0 0 0 0 0 0;
  INPUT ---        0 0 1 0 0 0 1 0 1 0 0 0 0 0 0 0 0;
  INPUT ---        0 0 1 0 0 0 0 1 1 0 0 0 0 0 0 0 0;
  INPUT ---        0 0 0 0 0 0 0 0 0 1 0 0 0 0 0 0 0;
  INPUT ---        0 0 0 0 0 0 0 0 0 1 1 0 0 0 0 0 0;
  INPUT ---        0 0 0 0 0 0 0 0 0 1 0 1 0 0 0 0 0;
  INPUT ---        0 0 0 0 0 0 0 0 0 1 0 0 1 0 0 0 0;

  Program  MARK  - Survival Rate Estimation with Capture-Recapture Data
   gfortran(Win64) Vers. 8.0 Jun 2014   25-Jan-2015 15:10:07    Page  007
 - - - - - - - - - - - - - - - - - - - - - - - - - - - - - - - - - - - - - -
 
  INPUT ---        0 0 0 0 0 0 0 0 0 1 0 0 0 1 0 0 0;
  INPUT ---        0 0 0 0 0 0 0 0 0 1 0 0 0 0 1 0 0;
  INPUT ---        0 0 0 0 0 0 0 0 0 1 0 0 0 0 0 1 0;
  INPUT ---        0 0 0 0 0 0 0 0 0 0 0 0 0 0 0 0 1;

  INPUT ---    blabel(1)=S:(Intercept);

  INPUT ---    blabel(2)=S:sex5;

  INPUT ---    blabel(3)=p:(Intercept);

  INPUT ---    blabel(4)=p:age2;

  INPUT ---    blabel(5)=p:age3;

  INPUT ---    blabel(6)=p:age4;

  INPUT ---    blabel(7)=p:age5;

  INPUT ---    blabel(8)=p:age6;

  INPUT ---    blabel(9)=p:sex5;

  INPUT ---    blabel(10)=r:(Intercept);

  INPUT ---    blabel(11)=r:age1;

  INPUT ---    blabel(12)=r:age2;

  INPUT ---    blabel(13)=r:age3;

  INPUT ---    blabel(14)=r:age4;

  INPUT ---    blabel(15)=r:age5;

  INPUT ---    blabel(16)=r:age6;

  INPUT ---    blabel(17)=F:(Intercept);

  INPUT ---    rlabel(1)=S g41 c2005 c1 a0 t2005;

  INPUT ---    rlabel(2)=S g51 c2005 c1 a0 t2005;

  INPUT ---    rlabel(3)=p g41 c2005 c1 a1 t2006;

  INPUT ---    rlabel(4)=p g41 c2005 c1 a2 t2007;

  Program  MARK  - Survival Rate Estimation with Capture-Recapture Data
   gfortran(Win64) Vers. 8.0 Jun 2014   25-Jan-2015 15:10:07    Page  008
 - - - - - - - - - - - - - - - - - - - - - - - - - - - - - - - - - - - - - -
 

  INPUT ---    rlabel(5)=p g41 c2005 c1 a3 t2008;

  INPUT ---    rlabel(6)=p g41 c2005 c1 a4 t2009;

  INPUT ---    rlabel(7)=p g41 c2005 c1 a5 t2010;

  INPUT ---    rlabel(8)=p g41 c2005 c1 a6 t2011;

  INPUT ---    rlabel(9)=p g51 c2005 c1 a1 t2006;

  INPUT ---    rlabel(10)=p g51 c2005 c1 a2 t2007;

  INPUT ---    rlabel(11)=p g51 c2005 c1 a3 t2008;

  INPUT ---    rlabel(12)=p g51 c2005 c1 a4 t2009;

  INPUT ---    rlabel(13)=p g51 c2005 c1 a5 t2010;

  INPUT ---    rlabel(14)=p g51 c2005 c1 a6 t2011;

  INPUT ---    rlabel(15)=r g41 c2005 c1 a0 t2005;

  INPUT ---    rlabel(16)=r g41 c2005 c1 a1 t2006;

  INPUT ---    rlabel(17)=r g41 c2005 c1 a2 t2007;

  INPUT ---    rlabel(18)=r g41 c2005 c1 a3 t2008;

  INPUT ---    rlabel(19)=r g41 c2005 c1 a4 t2009;

  INPUT ---    rlabel(20)=r g41 c2005 c1 a5 t2010;

  INPUT ---    rlabel(21)=r g41 c2005 c1 a6 t2011;

  INPUT ---    rlabel(22)=F g41 c2005 c1 a0 t2005;

 Link Function Used is LOGIT        

 Variance Estimation Procedure Used is 2ndPart 

 M(t+1):



 -2logL(saturated) = 1739.8188     
 Effective Sample Size = 7075

 Number of function evaluations was 69 for 17 parameters.

  Program  MARK  - Survival Rate Estimation with Capture-Recapture Data
   gfortran(Win64) Vers. 8.0 Jun 2014   25-Jan-2015 15:10:07    Page  009
 - - - - - - - - - - - - - - - - - - - - - - - - - - - - - - - - - - - - - -
 
 Time for numerical optimization was 1.12 seconds.
 -2logL { S(~sex)p(~age + sex)r(~age)F(~1) } = 2681.1209     
 Penalty { S(~sex)p(~age + sex)r(~age)F(~1) } = -0.0000000    
 Gradient { S(~sex)p(~age + sex)r(~age)F(~1) }:
 -0.2188552E-02-0.2213184E-02-0.5024444E-03 0.1086698E-03  0.000000    
 -0.2739590E-03 0.4963540E-05-0.4149989E-06-0.5114988E-03 0.3360824E-02
  0.9253487E-04-0.1655818E-05-0.7380409E-06-0.1345640E-05  0.000000    
   0.000000    -0.1271781E-05
 S Vector { S(~sex)p(~age + sex)r(~age)F(~1) }:
   323.8003      51.97242      16.15498      5.613743      1.864086    
   1.398096      1.139168     0.9665594     0.5156496     0.5373192E-05
  0.2255618E-05 0.1130161E-05 0.2140303E-07 0.2118349E-07 0.6653580E-08
  0.3401833E-08 0.1748098E-08
 Time to compute number of parameters was 0.45 seconds.
   Threshold =  0.3600000E-06     Condition index =  0.5398692E-11     New Threshold =  0.7207593E-08
 New Guessimate of Estimated Parameters { S(~sex)p(~age + sex)r(~age)F(~1) } = 10          
 Conditioned S Vector { S(~sex)p(~age + sex)r(~age)F(~1) }:
   1.000000     0.1605076     0.4989180E-01 0.1733706E-01 0.5756902E-02
  0.4317772E-02 0.3518120E-02 0.2985048E-02 0.1592493E-02 0.1659416E-07
  0.6966078E-08 0.3490302E-08 0.6609949E-10 0.6542146E-10 0.2054841E-10
  0.1050596E-10 0.5398692E-11
 Number of Estimated Parameters { S(~sex)p(~age + sex)r(~age)F(~1) } = 9          
 DEVIANCE { S(~sex)p(~age + sex)r(~age)F(~1) } = 941.30214                     
 DEVIANCE Degrees of Freedom { S(~sex)p(~age + sex)r(~age)F(~1) } = 6            
 c-hat { S(~sex)p(~age + sex)r(~age)F(~1) } = 156.88369                     
 AIC { S(~sex)p(~age + sex)r(~age)F(~1) } = 2699.1209                  
 AICc { S(~sex)p(~age + sex)r(~age)F(~1) } = 2699.1464                    
 BIC { S(~sex)p(~age + sex)r(~age)F(~1) } = 2760.8998                    
 Pearson Chisquare { S(~sex)p(~age + sex)r(~age)F(~1) } = Not a Number               
 Possible Encounter Histories { S(~sex)p(~age + sex)r(~age)F(~1) } = 896             
 Pearson Chisquare df { S(~sex)p(~age + sex)r(~age)F(~1) } = 851        
 Pearson chat { S(~sex)p(~age + sex)r(~age)F(~1) } = Not a Number               
 Sum(Observed/Expected) { S(~sex)p(~age + sex)r(~age)F(~1) } = Not a Number               
 Fletcher chat { S(~sex)p(~age + sex)r(~age)F(~1) } = Not a Number               


             LOGIT Link Function Parameters of { S(~sex)p(~age + sex)r(~age)F(~1) }
                                                              95% Confidence Interval
 Parameter                    Beta         Standard Error      Lower           Upper
 -------------------------  --------------  --------------  --------------  --------------
    1:S:(Intercept)         -0.8077255      0.3300826       -1.4546874      -0.1607636    
    2:S:sex5                0.1506432       0.2830264       -0.4040886      0.7053750     
    3:p:(Intercept)         -5.2449827      0.5193601       -6.2629286      -4.2270368    
    4:p:age2                0.2554008       0.8437795       -1.3984070      1.9092086     
    5:p:age3                0.9525972       1.1593644       -1.3197571      3.2249515     
    6:p:age4                3.1497754       1.0834428       1.0262275       5.2733233     
    7:p:age5                -8.1617548      432.19247       -855.25902      838.93551     
    8:p:age6                108.57796       348.74531       -574.96287      792.11879     
    9:p:sex5                -1.2226216      0.7921867       -2.7753076      0.3300643     
   10:r:(Intercept)         -2.7074475      0.1075697       -2.9182842      -2.4966108    
   11:r:age1                -4.4057686      1.0188011       -6.4026188      -2.4089184    
   12:r:age2                -26.463609      1848.6368       -3649.7917      3596.8645     
   13:r:age3                -60.615471      736.85597       -1504.8532      1383.6223     
   14:r:age4                -32.794141      6835.2703       -13429.924      13364.336     
   15:r:age5                -12.264994      940.60494       -1855.8507      1831.3207     
   16:r:age6                -10.036837      667.44127       -1318.2217      1298.1481     
   17:F:(Intercept)         34.756748       6566.8291       -12836.229      12905.742     

  Program  MARK  - Survival Rate Estimation with Capture-Recapture Data
   gfortran(Win64) Vers. 8.0 Jun 2014   25-Jan-2015 15:10:07    Page  010
 - - - - - - - - - - - - - - - - - - - - - - - - - - - - - - - - - - - - - -
 


             Real Function Parameters of { S(~sex)p(~age + sex)r(~age)F(~1) }
                                                               95% Confidence Interval
  Parameter                  Estimate       Standard Error      Lower           Upper
 --------------------------  --------------  --------------  --------------  --------------
     1:S g41 c2005 c1 a0 t2  0.3083754       0.0704000       0.1892812       0.4598954                           
     2:S g51 c2005 c1 a0 t2  0.3413953       0.0575170       0.2389462       0.4611537                           
     3:p g41 c2005 c1 a1 t2  0.0052462       0.0027104       0.0019020       0.0143856                           
     4:p g41 c2005 c1 a2 t2  0.0067625       0.0058330       0.0012396       0.0360037                           
     5:p g41 c2005 c1 a3 t2  0.0134879       0.0162494       0.0012467       0.1302444                           
     6:p g41 c2005 c1 a4 t2  0.1095635       0.1179973       0.0113647       0.5684177                           
     7:p g41 c2005 c1 a5 t2  0.1504968E-005  0.6504354E-003  0.1483852E-309  1.0000000                           
     8:p g41 c2005 c1 a6 t2  1.0000000       0.0000000       1.0000000       1.0000000                           
     9:p g51 c2005 c1 a1 t2  0.0015505       0.0010834       0.3938155E-003  0.0060841                           
    10:p g51 c2005 c1 a2 t2  0.0020008       0.0018520       0.3254279E-003  0.0121962                           
    11:p g51 c2005 c1 a3 t2  0.0040098       0.0048666       0.3693433E-003  0.0420233                           
    12:p g51 c2005 c1 a4 t2  0.0349646       0.0380597       0.0039557       0.2484256                           
    13:p g51 c2005 c1 a5 t2  0.4431491E-006  0.1915257E-003  0.4369309E-310  1.0000000                           
    14:p g51 c2005 c1 a6 t2  1.0000000       0.0000000       1.0000000       1.0000000                           
    15:r g41 c2005 c1 a0 t2  0.0625353       0.0063062       0.0512571       0.0760961                           
    16:r g41 c2005 c1 a1 t2  0.8136095E-003  0.8169217E-003  0.1135904E-003  0.0058026                           
    17:r g41 c2005 c1 a2 t2  0.2143736E-012  0.3962989E-009  -.7765315E-009  0.7769602E-009                      
    18:r g41 c2005 c1 a3 t2  0.3156501E-027  0.2325887E-024  -.4555581E-024  0.4561894E-024                      
    19:r g41 c2005 c1 a4 t2  0.3818175E-015  0.2609826E-011  -.5114877E-011  0.5115640E-011                      
    20:r g41 c2005 c1 a5 t2  0.3144496E-006  0.2957727E-003  0.3100372E-310  1.0000000                           
    21:r g41 c2005 c1 a6 t2  0.2918948E-005  0.0019482       0.2877997E-309  1.0000000                           
    22:F g41 c2005 c1 a0 t2  1.0000000       0.5832516E-011  1.0000000       1.0000000                           

 Attempted ordering of parameters by estimatibility:
  10  1  2  3  4  9  6 11  5  7 16 15 14 17  8 12 13
 Beta number 13 is a singular value.

     CPU Time in seconds for last procedure was 1.59

  Program  MARK  - Survival Rate Estimation with Capture-Recapture Data
   gfortran(Win64) Vers. 8.0 Jun 2014   25-Jan-2015 15:10:07    Page  011
 - - - - - - - - - - - - - - - - - - - - - - - - - - - - - - - - - - - - - -
 


  INPUT --- proc stop;

     CPU Time in minutes for this job was 0.03

     Time Start = 15:10:07.502   Time End = 15:10:07.890

     Wall Clock Time in minutes for this job was 0.01


          E X E C U T I O N   S U C C E S S F U L 
