
   Program  MARK  - Survival Rate Estimation with Capture-Recapture Data
   gfortran(Win64) Vers. 8.0 Jun 2014   31-Jan-2015 13:37:50    Page  001
 - - - - - - - - - - - - - - - - - - - - - - - - - - - - - - - - - - - - - -
 
   This version was compiled by GCC version 4.8.1 using the options 
   -m64 -mtune=generic -march=x86-64 -mthreads -O2 -fimplicit-none -fbounds-check -funroll-loops -ftree-vectorize -fopenmp.
   This problem will use 7 of 8 possible threads.


  INPUT --- proc title ;

     CPU Time in seconds for last procedure was 0.00


  INPUT --- proc chmatrix occasions= 7 groups= 6 etype= Both ICMeans 
  INPUT --- NoHist hist= 51 ;

  INPUT ---    time  interval 1 1 1 1 1 1 1 ;

  INPUT ---    glabel(1)=sex4.age1;

  INPUT ---    glabel(2)=sex5.age1;

  INPUT ---    glabel(3)=sex4.age2;

  INPUT ---    glabel(4)=sex5.age2;

  INPUT ---    glabel(5)=sex4.age4;

  INPUT ---    glabel(6)=sex5.age4;

   * *  WARNING  * *   At least a pair of the encounter histories are duplicates. 

      Number of unique encounter histories read was 17.

      Number of individual covariates read was 0.
      Time interval lengths are all equal to 1.

      Data type number is 3
      Data type is Joint Live and Dead Encounters (Burnham)                                                            

     CPU Time in seconds for last procedure was 0.00

  Program  MARK  - Survival Rate Estimation with Capture-Recapture Data
   gfortran(Win64) Vers. 8.0 Jun 2014   31-Jan-2015 13:37:50    Page  002
 - - - - - - - - - - - - - - - - - - - - - - - - - - - - - - - - - - - - - -
 


  INPUT --- proc estimate link=Logit NOLOOP varest=2ndPart    ;


  INPUT --- model={ S(~age + sex)p(~sex)r(~1)F(~age) };

  INPUT ---    group=1 S    rows=7 cols=7 Triang ;
  INPUT ---        1 2 3 4 5 6 7 ;
  INPUT ---        1 2 3 4 5 6 ;
  INPUT ---        1 2 3 4 5 ;
  INPUT ---        1 2 3 4 ;
  INPUT ---        1 2 3 ;
  INPUT ---        1 2 ;
  INPUT ---        1 ;

  INPUT ---    group=2 S    rows=7 cols=7 Triang ;
  INPUT ---        8 9 10 11 12 13 14 ;
  INPUT ---        8 9 10 11 12 13 ;
  INPUT ---        8 9 10 11 12 ;
  INPUT ---        8 9 10 11 ;
  INPUT ---        8 9 10 ;
  INPUT ---        8 9 ;
  INPUT ---        8 ;

  INPUT ---    group=3 S    rows=7 cols=7 Triang ;
  INPUT ---        1 2 3 4 5 6 7 ;
  INPUT ---        1 2 3 4 5 6 ;
  INPUT ---        1 2 3 4 5 ;
  INPUT ---        1 2 3 4 ;
  INPUT ---        1 2 3 ;
  INPUT ---        1 2 ;
  INPUT ---        1 ;

  INPUT ---    group=4 S    rows=7 cols=7 Triang ;
  INPUT ---        8 9 10 11 12 13 14 ;
  INPUT ---        8 9 10 11 12 13 ;
  INPUT ---        8 9 10 11 12 ;
  INPUT ---        8 9 10 11 ;
  INPUT ---        8 9 10 ;
  INPUT ---        8 9 ;
  INPUT ---        8 ;

  INPUT ---    group=5 S    rows=7 cols=7 Triang ;
  INPUT ---        1 2 3 4 5 6 7 ;
  INPUT ---        1 2 3 4 5 6 ;

  Program  MARK  - Survival Rate Estimation with Capture-Recapture Data
   gfortran(Win64) Vers. 8.0 Jun 2014   31-Jan-2015 13:37:50    Page  003
 - - - - - - - - - - - - - - - - - - - - - - - - - - - - - - - - - - - - - -
 
  INPUT ---        1 2 3 4 5 ;
  INPUT ---        1 2 3 4 ;
  INPUT ---        1 2 3 ;
  INPUT ---        1 2 ;
  INPUT ---        1 ;

  INPUT ---    group=6 S    rows=7 cols=7 Triang ;
  INPUT ---        8 9 10 11 12 13 14 ;
  INPUT ---        8 9 10 11 12 13 ;
  INPUT ---        8 9 10 11 12 ;
  INPUT ---        8 9 10 11 ;
  INPUT ---        8 9 10 ;
  INPUT ---        8 9 ;
  INPUT ---        8 ;

  INPUT ---    group=1 p    rows=6 cols=6 Triang ;
  INPUT ---        15 15 15 15 15 15 ;
  INPUT ---        15 15 15 15 15 ;
  INPUT ---        15 15 15 15 ;
  INPUT ---        15 15 15 ;
  INPUT ---        15 15 ;
  INPUT ---        15 ;

  INPUT ---    group=2 p    rows=6 cols=6 Triang ;
  INPUT ---        16 16 16 16 16 16 ;
  INPUT ---        16 16 16 16 16 ;
  INPUT ---        16 16 16 16 ;
  INPUT ---        16 16 16 ;
  INPUT ---        16 16 ;
  INPUT ---        16 ;

  INPUT ---    group=3 p    rows=6 cols=6 Triang ;
  INPUT ---        15 15 15 15 15 15 ;
  INPUT ---        15 15 15 15 15 ;
  INPUT ---        15 15 15 15 ;
  INPUT ---        15 15 15 ;
  INPUT ---        15 15 ;
  INPUT ---        15 ;

  INPUT ---    group=4 p    rows=6 cols=6 Triang ;
  INPUT ---        16 16 16 16 16 16 ;
  INPUT ---        16 16 16 16 16 ;
  INPUT ---        16 16 16 16 ;
  INPUT ---        16 16 16 ;
  INPUT ---        16 16 ;
  INPUT ---        16 ;

  Program  MARK  - Survival Rate Estimation with Capture-Recapture Data
   gfortran(Win64) Vers. 8.0 Jun 2014   31-Jan-2015 13:37:50    Page  004
 - - - - - - - - - - - - - - - - - - - - - - - - - - - - - - - - - - - - - -
 

  INPUT ---    group=5 p    rows=6 cols=6 Triang ;
  INPUT ---        15 15 15 15 15 15 ;
  INPUT ---        15 15 15 15 15 ;
  INPUT ---        15 15 15 15 ;
  INPUT ---        15 15 15 ;
  INPUT ---        15 15 ;
  INPUT ---        15 ;

  INPUT ---    group=6 p    rows=6 cols=6 Triang ;
  INPUT ---        16 16 16 16 16 16 ;
  INPUT ---        16 16 16 16 16 ;
  INPUT ---        16 16 16 16 ;
  INPUT ---        16 16 16 ;
  INPUT ---        16 16 ;
  INPUT ---        16 ;

  INPUT ---    group=1 r    rows=7 cols=7 Triang ;
  INPUT ---        17 17 17 17 17 17 17 ;
  INPUT ---        17 17 17 17 17 17 ;
  INPUT ---        17 17 17 17 17 ;
  INPUT ---        17 17 17 17 ;
  INPUT ---        17 17 17 ;
  INPUT ---        17 17 ;
  INPUT ---        17 ;

  INPUT ---    group=2 r    rows=7 cols=7 Triang ;
  INPUT ---        17 17 17 17 17 17 17 ;
  INPUT ---        17 17 17 17 17 17 ;
  INPUT ---        17 17 17 17 17 ;
  INPUT ---        17 17 17 17 ;
  INPUT ---        17 17 17 ;
  INPUT ---        17 17 ;
  INPUT ---        17 ;

  INPUT ---    group=3 r    rows=7 cols=7 Triang ;
  INPUT ---        17 17 17 17 17 17 17 ;
  INPUT ---        17 17 17 17 17 17 ;
  INPUT ---        17 17 17 17 17 ;
  INPUT ---        17 17 17 17 ;
  INPUT ---        17 17 17 ;
  INPUT ---        17 17 ;
  INPUT ---        17 ;

  INPUT ---    group=4 r    rows=7 cols=7 Triang ;
  INPUT ---        17 17 17 17 17 17 17 ;

  Program  MARK  - Survival Rate Estimation with Capture-Recapture Data
   gfortran(Win64) Vers. 8.0 Jun 2014   31-Jan-2015 13:37:50    Page  005
 - - - - - - - - - - - - - - - - - - - - - - - - - - - - - - - - - - - - - -
 
  INPUT ---        17 17 17 17 17 17 ;
  INPUT ---        17 17 17 17 17 ;
  INPUT ---        17 17 17 17 ;
  INPUT ---        17 17 17 ;
  INPUT ---        17 17 ;
  INPUT ---        17 ;

  INPUT ---    group=5 r    rows=7 cols=7 Triang ;
  INPUT ---        17 17 17 17 17 17 17 ;
  INPUT ---        17 17 17 17 17 17 ;
  INPUT ---        17 17 17 17 17 ;
  INPUT ---        17 17 17 17 ;
  INPUT ---        17 17 17 ;
  INPUT ---        17 17 ;
  INPUT ---        17 ;

  INPUT ---    group=6 r    rows=7 cols=7 Triang ;
  INPUT ---        17 17 17 17 17 17 17 ;
  INPUT ---        17 17 17 17 17 17 ;
  INPUT ---        17 17 17 17 17 ;
  INPUT ---        17 17 17 17 ;
  INPUT ---        17 17 17 ;
  INPUT ---        17 17 ;
  INPUT ---        17 ;

  INPUT ---    group=1 F    rows=6 cols=6 Triang ;
  INPUT ---        18 19 20 21 22 23 ;
  INPUT ---        18 19 20 21 22 ;
  INPUT ---        18 19 20 21 ;
  INPUT ---        18 19 20 ;
  INPUT ---        18 19 ;
  INPUT ---        18 ;

  INPUT ---    group=2 F    rows=6 cols=6 Triang ;
  INPUT ---        18 19 20 21 22 23 ;
  INPUT ---        18 19 20 21 22 ;
  INPUT ---        18 19 20 21 ;
  INPUT ---        18 19 20 ;
  INPUT ---        18 19 ;
  INPUT ---        18 ;

  INPUT ---    group=3 F    rows=6 cols=6 Triang ;
  INPUT ---        18 19 20 21 22 23 ;
  INPUT ---        18 19 20 21 22 ;
  INPUT ---        18 19 20 21 ;
  INPUT ---        18 19 20 ;

  Program  MARK  - Survival Rate Estimation with Capture-Recapture Data
   gfortran(Win64) Vers. 8.0 Jun 2014   31-Jan-2015 13:37:50    Page  006
 - - - - - - - - - - - - - - - - - - - - - - - - - - - - - - - - - - - - - -
 
  INPUT ---        18 19 ;
  INPUT ---        18 ;

  INPUT ---    group=4 F    rows=6 cols=6 Triang ;
  INPUT ---        18 19 20 21 22 23 ;
  INPUT ---        18 19 20 21 22 ;
  INPUT ---        18 19 20 21 ;
  INPUT ---        18 19 20 ;
  INPUT ---        18 19 ;
  INPUT ---        18 ;

  INPUT ---    group=5 F    rows=6 cols=6 Triang ;
  INPUT ---        18 19 20 21 22 23 ;
  INPUT ---        18 19 20 21 22 ;
  INPUT ---        18 19 20 21 ;
  INPUT ---        18 19 20 ;
  INPUT ---        18 19 ;
  INPUT ---        18 ;

  INPUT ---    group=6 F    rows=6 cols=6 Triang ;
  INPUT ---        18 19 20 21 22 23 ;
  INPUT ---        18 19 20 21 22 ;
  INPUT ---        18 19 20 21 ;
  INPUT ---        18 19 20 ;
  INPUT ---        18 19 ;
  INPUT ---        18 ;

  INPUT ---    design matrix constraints=23 covariates=17;
  INPUT ---        1 0 0 0 0 0 0 0 0 0 0 0 0 0 0 0 0;
  INPUT ---        1 1 0 0 0 0 0 0 0 0 0 0 0 0 0 0 0;
  INPUT ---        1 0 1 0 0 0 0 0 0 0 0 0 0 0 0 0 0;
  INPUT ---        1 0 0 1 0 0 0 0 0 0 0 0 0 0 0 0 0;
  INPUT ---        1 0 0 0 1 0 0 0 0 0 0 0 0 0 0 0 0;
  INPUT ---        1 0 0 0 0 1 0 0 0 0 0 0 0 0 0 0 0;
  INPUT ---        1 0 0 0 0 0 1 0 0 0 0 0 0 0 0 0 0;
  INPUT ---        1 0 0 0 0 0 0 1 0 0 0 0 0 0 0 0 0;
  INPUT ---        1 1 0 0 0 0 0 1 0 0 0 0 0 0 0 0 0;
  INPUT ---        1 0 1 0 0 0 0 1 0 0 0 0 0 0 0 0 0;
  INPUT ---        1 0 0 1 0 0 0 1 0 0 0 0 0 0 0 0 0;
  INPUT ---        1 0 0 0 1 0 0 1 0 0 0 0 0 0 0 0 0;
  INPUT ---        1 0 0 0 0 1 0 1 0 0 0 0 0 0 0 0 0;
  INPUT ---        1 0 0 0 0 0 1 1 0 0 0 0 0 0 0 0 0;
  INPUT ---        0 0 0 0 0 0 0 0 1 0 0 0 0 0 0 0 0;
  INPUT ---        0 0 0 0 0 0 0 0 1 1 0 0 0 0 0 0 0;
  INPUT ---        0 0 0 0 0 0 0 0 0 0 1 0 0 0 0 0 0;
  INPUT ---        0 0 0 0 0 0 0 0 0 0 0 1 0 0 0 0 0;

  Program  MARK  - Survival Rate Estimation with Capture-Recapture Data
   gfortran(Win64) Vers. 8.0 Jun 2014   31-Jan-2015 13:37:50    Page  007
 - - - - - - - - - - - - - - - - - - - - - - - - - - - - - - - - - - - - - -
 
  INPUT ---        0 0 0 0 0 0 0 0 0 0 0 1 1 0 0 0 0;
  INPUT ---        0 0 0 0 0 0 0 0 0 0 0 1 0 1 0 0 0;
  INPUT ---        0 0 0 0 0 0 0 0 0 0 0 1 0 0 1 0 0;
  INPUT ---        0 0 0 0 0 0 0 0 0 0 0 1 0 0 0 1 0;
  INPUT ---        0 0 0 0 0 0 0 0 0 0 0 1 0 0 0 0 1;

  INPUT ---    blabel(1)=S:(Intercept);

  INPUT ---    blabel(2)=S:age1;

  INPUT ---    blabel(3)=S:age2;

  INPUT ---    blabel(4)=S:age3;

  INPUT ---    blabel(5)=S:age4;

  INPUT ---    blabel(6)=S:age5;

  INPUT ---    blabel(7)=S:age6;

  INPUT ---    blabel(8)=S:sex5;

  INPUT ---    blabel(9)=p:(Intercept);

  INPUT ---    blabel(10)=p:sex5;

  INPUT ---    blabel(11)=r:(Intercept);

  INPUT ---    blabel(12)=F:(Intercept);

  INPUT ---    blabel(13)=F:age1;

  INPUT ---    blabel(14)=F:age2;

  INPUT ---    blabel(15)=F:age3;

  INPUT ---    blabel(16)=F:age4;

  INPUT ---    blabel(17)=F:age5;

  INPUT ---    rlabel(1)=S g41 c2005 c1 a0 t2005;

  INPUT ---    rlabel(2)=S g41 c2005 c1 a1 t2006;

  INPUT ---    rlabel(3)=S g41 c2005 c1 a2 t2007;


  Program  MARK  - Survival Rate Estimation with Capture-Recapture Data
   gfortran(Win64) Vers. 8.0 Jun 2014   31-Jan-2015 13:37:50    Page  008
 - - - - - - - - - - - - - - - - - - - - - - - - - - - - - - - - - - - - - -
 
  INPUT ---    rlabel(4)=S g41 c2005 c1 a3 t2008;

  INPUT ---    rlabel(5)=S g41 c2005 c1 a4 t2009;

  INPUT ---    rlabel(6)=S g41 c2005 c1 a5 t2010;

  INPUT ---    rlabel(7)=S g41 c2005 c1 a6 t2011;

  INPUT ---    rlabel(8)=S g51 c2005 c1 a0 t2005;

  INPUT ---    rlabel(9)=S g51 c2005 c1 a1 t2006;

  INPUT ---    rlabel(10)=S g51 c2005 c1 a2 t2007;

  INPUT ---    rlabel(11)=S g51 c2005 c1 a3 t2008;

  INPUT ---    rlabel(12)=S g51 c2005 c1 a4 t2009;

  INPUT ---    rlabel(13)=S g51 c2005 c1 a5 t2010;

  INPUT ---    rlabel(14)=S g51 c2005 c1 a6 t2011;

  INPUT ---    rlabel(15)=p g41 c2005 c1 a1 t2006;

  INPUT ---    rlabel(16)=p g51 c2005 c1 a1 t2006;

  INPUT ---    rlabel(17)=r g41 c2005 c1 a0 t2005;

  INPUT ---    rlabel(18)=F g41 c2005 c1 a0 t2005;

  INPUT ---    rlabel(19)=F g41 c2005 c1 a1 t2006;

  INPUT ---    rlabel(20)=F g41 c2005 c1 a2 t2007;

  INPUT ---    rlabel(21)=F g41 c2005 c1 a3 t2008;

  INPUT ---    rlabel(22)=F g41 c2005 c1 a4 t2009;

  INPUT ---    rlabel(23)=F g41 c2005 c1 a5 t2010;

 Link Function Used is LOGIT        

 Variance Estimation Procedure Used is 2ndPart 

 M(t+1):

  Program  MARK  - Survival Rate Estimation with Capture-Recapture Data
   gfortran(Win64) Vers. 8.0 Jun 2014   31-Jan-2015 13:37:50    Page  009
 - - - - - - - - - - - - - - - - - - - - - - - - - - - - - - - - - - - - - -
 



 -2logL(saturated) = 1739.8188     
 Effective Sample Size = 7075

 Number of function evaluations was 56 for 17 parameters.
 Time for numerical optimization was 1.47 seconds.
 -2logL { S(~age + sex)p(~sex)r(~1)F(~age) } = 2687.3152     
 Penalty { S(~age + sex)p(~sex)r(~1)F(~age) } = -0.0000000    
 Gradient { S(~age + sex)p(~sex)r(~1)F(~age) }:
 -0.9522777E-05-0.7902585E-05  0.000000      0.000000      0.000000    
   0.000000      0.000000      0.000000    -0.1138210E-04  0.000000    
  0.1552715E-03  0.000000      0.000000      0.000000      0.000000    
   0.000000      0.000000    
 S Vector { S(~age + sex)p(~sex)r(~1)F(~age) }:
   286.0696      28.97389      4.940549     0.8394159     0.2283727    
  0.6778024E-01 0.1133977E-07 0.4107777E-08 0.4101087E-08 0.2365726E-08
  0.2288776E-08 0.1143807E-08 0.1131223E-09 0.7485579E-10 0.4007792E-10
  0.1683812E-10 0.1803359E-11
 Time to compute number of parameters was 0.39 seconds.
   Threshold =  0.3600000E-06     Condition index =  0.6303918E-14     New Threshold =  0.7435440E-11
 New Guessimate of Estimated Parameters { S(~age + sex)p(~sex)r(~1)F(~age) } = 11          
 Conditioned S Vector { S(~age + sex)p(~sex)r(~1)F(~age) }:
   1.000000     0.1012827     0.1727045E-01 0.2934307E-02 0.7983116E-03
  0.2369362E-03 0.3963991E-10 0.1435936E-10 0.1433598E-10 0.8269757E-11
  0.8000767E-11 0.3998352E-11 0.3954362E-12 0.2616699E-12 0.1400985E-12
  0.5886023E-13 0.6303918E-14
 Number of Estimated Parameters { S(~age + sex)p(~sex)r(~1)F(~age) } = 6          
 DEVIANCE { S(~age + sex)p(~sex)r(~1)F(~age) } = 947.49643                     
 DEVIANCE Degrees of Freedom { S(~age + sex)p(~sex)r(~1)F(~age) } = 9            
 c-hat { S(~age + sex)p(~sex)r(~1)F(~age) } = 105.27738                     
 AIC { S(~age + sex)p(~sex)r(~1)F(~age) } = 2699.3152                  
 AICc { S(~age + sex)p(~sex)r(~1)F(~age) } = 2699.3271                    
 BIC { S(~age + sex)p(~sex)r(~1)F(~age) } = 2740.5011                    
 Pearson Chisquare { S(~age + sex)p(~sex)r(~1)F(~age) } = Not a Number               
 Possible Encounter Histories { S(~age + sex)p(~sex)r(~1)F(~age) } = 896             
 Pearson Chisquare df { S(~age + sex)p(~sex)r(~1)F(~age) } = 854        
 Pearson chat { S(~age + sex)p(~sex)r(~1)F(~age) } = Not a Number               
 Sum(Observed/Expected) { S(~age + sex)p(~sex)r(~1)F(~age) } = Not a Number               
 Fletcher chat { S(~age + sex)p(~sex)r(~1)F(~age) } = Not a Number               


             LOGIT Link Function Parameters of { S(~age + sex)p(~sex)r(~1)F(~age) }
                                                              95% Confidence Interval
 Parameter                    Beta         Standard Error      Lower           Upper
 -------------------------  --------------  --------------  --------------  --------------
    1:S:(Intercept)         -3.7753665      1.5527589       -6.8187740      -0.7319589    
    2:S:age1                4.7544146       1.4023320       2.0058438       7.5029854     
    3:S:age2                2049.0700       0.3035917E-003  2049.0694       2049.0706     
    4:S:age3                317.19738       0.0010494       317.19532       317.19943     
    5:S:age4                433.86744       0.1679882E-011  433.86744       433.86744     
    6:S:age5                669.90733       0.4139332E-003  669.90652       669.90814     
    7:S:age6                55.601402       0.0022839       55.596925       55.605878     
    8:S:sex5                0.0186668       2.1853487       -4.2646166      4.3019503     
    9:p:(Intercept)         -2.9952815      2.0445944       -7.0026867      1.0121236     
   10:p:sex5                -0.7587694      2.6880996       -6.0274448      4.5099060     
   11:r:(Intercept)         -3.1002141      0.0673099       -3.2321415      -2.9682868    
   12:F:(Intercept)         257.83826       0.0070174       257.82450       257.85201     
   13:F:age1                -56.544463      0.0213312       -56.586272      -56.502654    
   14:F:age2                41.954228       0.0101225       41.934388       41.974068     

  Program  MARK  - Survival Rate Estimation with Capture-Recapture Data
   gfortran(Win64) Vers. 8.0 Jun 2014   31-Jan-2015 13:37:50    Page  010
 - - - - - - - - - - - - - - - - - - - - - - - - - - - - - - - - - - - - - -
 
   15:F:age3                41.989102       0.0102306       41.969050       42.009154     
   16:F:age4                24.852745       9390.6971       -18380.914      18430.619     
   17:F:age5                80.401617       0.0013978       80.398877       80.404357     


             Real Function Parameters of { S(~age + sex)p(~sex)r(~1)F(~age) }
                                                               95% Confidence Interval
  Parameter                  Estimate       Standard Error      Lower           Upper
 --------------------------  --------------  --------------  --------------  --------------
     1:S g41 c2005 c1 a0 t2  0.0224147       0.0340246       0.0010919       0.3247650                           
     2:S g41 c2005 c1 a1 t2  0.7269193       0.4961129       0.0194663       0.9972061                           
     3:S g41 c2005 c1 a2 t2  1.0000000       0.0000000       1.0000000       1.0000000                           
     4:S g41 c2005 c1 a3 t2  1.0000000       0.0000000       1.0000000       1.0000000                           
     5:S g41 c2005 c1 a4 t2  1.0000000       0.0000000       1.0000000       1.0000000                           
     6:S g41 c2005 c1 a5 t2  1.0000000       0.0000000       1.0000000       1.0000000                           
     7:S g41 c2005 c1 a6 t2  1.0000000       0.0000000       1.0000000       1.0000000                           
     8:S g51 c2005 c1 a0 t2  0.0228274       0.0415423       0.6066738E-003  0.4734034                           
     9:S g51 c2005 c1 a1 t2  0.7306091       0.5142462       0.0159325       0.9978037                           
    10:S g51 c2005 c1 a2 t2  1.0000000       0.0000000       1.0000000       1.0000000                           
    11:S g51 c2005 c1 a3 t2  1.0000000       0.0000000       1.0000000       1.0000000                           
    12:S g51 c2005 c1 a4 t2  1.0000000       0.0000000       1.0000000       1.0000000                           
    13:S g51 c2005 c1 a5 t2  1.0000000       0.0000000       1.0000000       1.0000000                           
    14:S g51 c2005 c1 a6 t2  1.0000000       0.0000000       1.0000000       1.0000000                           
    15:p g41 c2005 c1 a1 t2  0.0476395       0.0927632       0.9086090E-003  0.7334355                           
    16:p g51 c2005 c1 a1 t2  0.0228866       0.0522011       0.2412954E-003  0.6944795                           
    17:r g41 c2005 c1 a0 t2  0.0430984       0.0027759       0.0379739       0.0488793                           
    18:F g41 c2005 c1 a0 t2  1.0000000       0.0000000       1.0000000       1.0000000                           
    19:F g41 c2005 c1 a1 t2  1.0000000       0.0000000       1.0000000       1.0000000                           
    20:F g41 c2005 c1 a2 t2  1.0000000       0.0000000       1.0000000       1.0000000                           
    21:F g41 c2005 c1 a3 t2  1.0000000       0.0000000       1.0000000       1.0000000                           
    22:F g41 c2005 c1 a4 t2  1.0000000       0.0000000       1.0000000       1.0000000                           
    23:F g41 c2005 c1 a5 t2  1.0000000       0.0000000       1.0000000       1.0000000                           

 Attempted ordering of parameters by estimatibility:
  11  1  8  2  9 10 16 14 15  7 13 17 12  4  5  6  3
 Beta number 3 is a singular value.

     CPU Time in seconds for last procedure was 1.87

  Program  MARK  - Survival Rate Estimation with Capture-Recapture Data
   gfortran(Win64) Vers. 8.0 Jun 2014   31-Jan-2015 13:37:50    Page  011
 - - - - - - - - - - - - - - - - - - - - - - - - - - - - - - - - - - - - - -
 


  INPUT --- proc stop;

     CPU Time in minutes for this job was 0.03

     Time Start = 13:37:50.308   Time End = 13:37:50.698

     Wall Clock Time in minutes for this job was 0.01


          E X E C U T I O N   S U C C E S S F U L 
