
   Program  MARK  - Survival Rate Estimation with Capture-Recapture Data
   gfortran(Win64) Vers. 8.0 Jun 2014   25-Jan-2015 15:11:13    Page  001
 - - - - - - - - - - - - - - - - - - - - - - - - - - - - - - - - - - - - - -
 
   This version was compiled by GCC version 4.8.1 using the options 
   -m64 -mtune=generic -march=x86-64 -mthreads -O2 -fimplicit-none -fbounds-check -funroll-loops -ftree-vectorize -fopenmp.
   This problem will use 7 of 8 possible threads.


  INPUT --- proc title ;

     CPU Time in seconds for last procedure was 0.00


  INPUT --- proc chmatrix occasions= 7 groups= 6 etype= Both ICMeans 
  INPUT --- NoHist hist= 51 ;

  INPUT ---    time  interval 1 1 1 1 1 1 1 ;

  INPUT ---    glabel(1)=sex4.age1;

  INPUT ---    glabel(2)=sex5.age1;

  INPUT ---    glabel(3)=sex4.age2;

  INPUT ---    glabel(4)=sex5.age2;

  INPUT ---    glabel(5)=sex4.age4;

  INPUT ---    glabel(6)=sex5.age4;

   * *  WARNING  * *   At least a pair of the encounter histories are duplicates. 

      Number of unique encounter histories read was 17.

      Number of individual covariates read was 0.
      Time interval lengths are all equal to 1.

      Data type number is 3
      Data type is Joint Live and Dead Encounters (Burnham)                                                            

     CPU Time in seconds for last procedure was 0.00

  Program  MARK  - Survival Rate Estimation with Capture-Recapture Data
   gfortran(Win64) Vers. 8.0 Jun 2014   25-Jan-2015 15:11:13    Page  002
 - - - - - - - - - - - - - - - - - - - - - - - - - - - - - - - - - - - - - -
 


  INPUT --- proc estimate link=Logit NOLOOP varest=2ndPart    ;


  INPUT --- model={ S(~1)p(~age + sex)r(~sex)F(~1) };

  INPUT ---    group=1 S    rows=7 cols=7 Triang ;
  INPUT ---        1 1 1 1 1 1 1 ;
  INPUT ---        1 1 1 1 1 1 ;
  INPUT ---        1 1 1 1 1 ;
  INPUT ---        1 1 1 1 ;
  INPUT ---        1 1 1 ;
  INPUT ---        1 1 ;
  INPUT ---        1 ;

  INPUT ---    group=2 S    rows=7 cols=7 Triang ;
  INPUT ---        1 1 1 1 1 1 1 ;
  INPUT ---        1 1 1 1 1 1 ;
  INPUT ---        1 1 1 1 1 ;
  INPUT ---        1 1 1 1 ;
  INPUT ---        1 1 1 ;
  INPUT ---        1 1 ;
  INPUT ---        1 ;

  INPUT ---    group=3 S    rows=7 cols=7 Triang ;
  INPUT ---        1 1 1 1 1 1 1 ;
  INPUT ---        1 1 1 1 1 1 ;
  INPUT ---        1 1 1 1 1 ;
  INPUT ---        1 1 1 1 ;
  INPUT ---        1 1 1 ;
  INPUT ---        1 1 ;
  INPUT ---        1 ;

  INPUT ---    group=4 S    rows=7 cols=7 Triang ;
  INPUT ---        1 1 1 1 1 1 1 ;
  INPUT ---        1 1 1 1 1 1 ;
  INPUT ---        1 1 1 1 1 ;
  INPUT ---        1 1 1 1 ;
  INPUT ---        1 1 1 ;
  INPUT ---        1 1 ;
  INPUT ---        1 ;

  INPUT ---    group=5 S    rows=7 cols=7 Triang ;
  INPUT ---        1 1 1 1 1 1 1 ;
  INPUT ---        1 1 1 1 1 1 ;

  Program  MARK  - Survival Rate Estimation with Capture-Recapture Data
   gfortran(Win64) Vers. 8.0 Jun 2014   25-Jan-2015 15:11:13    Page  003
 - - - - - - - - - - - - - - - - - - - - - - - - - - - - - - - - - - - - - -
 
  INPUT ---        1 1 1 1 1 ;
  INPUT ---        1 1 1 1 ;
  INPUT ---        1 1 1 ;
  INPUT ---        1 1 ;
  INPUT ---        1 ;

  INPUT ---    group=6 S    rows=7 cols=7 Triang ;
  INPUT ---        1 1 1 1 1 1 1 ;
  INPUT ---        1 1 1 1 1 1 ;
  INPUT ---        1 1 1 1 1 ;
  INPUT ---        1 1 1 1 ;
  INPUT ---        1 1 1 ;
  INPUT ---        1 1 ;
  INPUT ---        1 ;

  INPUT ---    group=1 p    rows=6 cols=6 Triang ;
  INPUT ---        2 3 4 5 6 7 ;
  INPUT ---        2 3 4 5 6 ;
  INPUT ---        2 3 4 5 ;
  INPUT ---        2 3 4 ;
  INPUT ---        2 3 ;
  INPUT ---        2 ;

  INPUT ---    group=2 p    rows=6 cols=6 Triang ;
  INPUT ---        8 9 10 11 12 13 ;
  INPUT ---        8 9 10 11 12 ;
  INPUT ---        8 9 10 11 ;
  INPUT ---        8 9 10 ;
  INPUT ---        8 9 ;
  INPUT ---        8 ;

  INPUT ---    group=3 p    rows=6 cols=6 Triang ;
  INPUT ---        2 3 4 5 6 7 ;
  INPUT ---        2 3 4 5 6 ;
  INPUT ---        2 3 4 5 ;
  INPUT ---        2 3 4 ;
  INPUT ---        2 3 ;
  INPUT ---        2 ;

  INPUT ---    group=4 p    rows=6 cols=6 Triang ;
  INPUT ---        8 9 10 11 12 13 ;
  INPUT ---        8 9 10 11 12 ;
  INPUT ---        8 9 10 11 ;
  INPUT ---        8 9 10 ;
  INPUT ---        8 9 ;
  INPUT ---        8 ;

  Program  MARK  - Survival Rate Estimation with Capture-Recapture Data
   gfortran(Win64) Vers. 8.0 Jun 2014   25-Jan-2015 15:11:13    Page  004
 - - - - - - - - - - - - - - - - - - - - - - - - - - - - - - - - - - - - - -
 

  INPUT ---    group=5 p    rows=6 cols=6 Triang ;
  INPUT ---        2 3 4 5 6 7 ;
  INPUT ---        2 3 4 5 6 ;
  INPUT ---        2 3 4 5 ;
  INPUT ---        2 3 4 ;
  INPUT ---        2 3 ;
  INPUT ---        2 ;

  INPUT ---    group=6 p    rows=6 cols=6 Triang ;
  INPUT ---        8 9 10 11 12 13 ;
  INPUT ---        8 9 10 11 12 ;
  INPUT ---        8 9 10 11 ;
  INPUT ---        8 9 10 ;
  INPUT ---        8 9 ;
  INPUT ---        8 ;

  INPUT ---    group=1 r    rows=7 cols=7 Triang ;
  INPUT ---        14 14 14 14 14 14 14 ;
  INPUT ---        14 14 14 14 14 14 ;
  INPUT ---        14 14 14 14 14 ;
  INPUT ---        14 14 14 14 ;
  INPUT ---        14 14 14 ;
  INPUT ---        14 14 ;
  INPUT ---        14 ;

  INPUT ---    group=2 r    rows=7 cols=7 Triang ;
  INPUT ---        15 15 15 15 15 15 15 ;
  INPUT ---        15 15 15 15 15 15 ;
  INPUT ---        15 15 15 15 15 ;
  INPUT ---        15 15 15 15 ;
  INPUT ---        15 15 15 ;
  INPUT ---        15 15 ;
  INPUT ---        15 ;

  INPUT ---    group=3 r    rows=7 cols=7 Triang ;
  INPUT ---        14 14 14 14 14 14 14 ;
  INPUT ---        14 14 14 14 14 14 ;
  INPUT ---        14 14 14 14 14 ;
  INPUT ---        14 14 14 14 ;
  INPUT ---        14 14 14 ;
  INPUT ---        14 14 ;
  INPUT ---        14 ;

  INPUT ---    group=4 r    rows=7 cols=7 Triang ;
  INPUT ---        15 15 15 15 15 15 15 ;

  Program  MARK  - Survival Rate Estimation with Capture-Recapture Data
   gfortran(Win64) Vers. 8.0 Jun 2014   25-Jan-2015 15:11:13    Page  005
 - - - - - - - - - - - - - - - - - - - - - - - - - - - - - - - - - - - - - -
 
  INPUT ---        15 15 15 15 15 15 ;
  INPUT ---        15 15 15 15 15 ;
  INPUT ---        15 15 15 15 ;
  INPUT ---        15 15 15 ;
  INPUT ---        15 15 ;
  INPUT ---        15 ;

  INPUT ---    group=5 r    rows=7 cols=7 Triang ;
  INPUT ---        14 14 14 14 14 14 14 ;
  INPUT ---        14 14 14 14 14 14 ;
  INPUT ---        14 14 14 14 14 ;
  INPUT ---        14 14 14 14 ;
  INPUT ---        14 14 14 ;
  INPUT ---        14 14 ;
  INPUT ---        14 ;

  INPUT ---    group=6 r    rows=7 cols=7 Triang ;
  INPUT ---        15 15 15 15 15 15 15 ;
  INPUT ---        15 15 15 15 15 15 ;
  INPUT ---        15 15 15 15 15 ;
  INPUT ---        15 15 15 15 ;
  INPUT ---        15 15 15 ;
  INPUT ---        15 15 ;
  INPUT ---        15 ;

  INPUT ---    group=1 F    rows=6 cols=6 Triang ;
  INPUT ---        16 16 16 16 16 16 ;
  INPUT ---        16 16 16 16 16 ;
  INPUT ---        16 16 16 16 ;
  INPUT ---        16 16 16 ;
  INPUT ---        16 16 ;
  INPUT ---        16 ;

  INPUT ---    group=2 F    rows=6 cols=6 Triang ;
  INPUT ---        16 16 16 16 16 16 ;
  INPUT ---        16 16 16 16 16 ;
  INPUT ---        16 16 16 16 ;
  INPUT ---        16 16 16 ;
  INPUT ---        16 16 ;
  INPUT ---        16 ;

  INPUT ---    group=3 F    rows=6 cols=6 Triang ;
  INPUT ---        16 16 16 16 16 16 ;
  INPUT ---        16 16 16 16 16 ;
  INPUT ---        16 16 16 16 ;
  INPUT ---        16 16 16 ;

  Program  MARK  - Survival Rate Estimation with Capture-Recapture Data
   gfortran(Win64) Vers. 8.0 Jun 2014   25-Jan-2015 15:11:13    Page  006
 - - - - - - - - - - - - - - - - - - - - - - - - - - - - - - - - - - - - - -
 
  INPUT ---        16 16 ;
  INPUT ---        16 ;

  INPUT ---    group=4 F    rows=6 cols=6 Triang ;
  INPUT ---        16 16 16 16 16 16 ;
  INPUT ---        16 16 16 16 16 ;
  INPUT ---        16 16 16 16 ;
  INPUT ---        16 16 16 ;
  INPUT ---        16 16 ;
  INPUT ---        16 ;

  INPUT ---    group=5 F    rows=6 cols=6 Triang ;
  INPUT ---        16 16 16 16 16 16 ;
  INPUT ---        16 16 16 16 16 ;
  INPUT ---        16 16 16 16 ;
  INPUT ---        16 16 16 ;
  INPUT ---        16 16 ;
  INPUT ---        16 ;

  INPUT ---    group=6 F    rows=6 cols=6 Triang ;
  INPUT ---        16 16 16 16 16 16 ;
  INPUT ---        16 16 16 16 16 ;
  INPUT ---        16 16 16 16 ;
  INPUT ---        16 16 16 ;
  INPUT ---        16 16 ;
  INPUT ---        16 ;

  INPUT ---    design matrix constraints=16 covariates=11;
  INPUT ---        1 0 0 0 0 0 0 0 0 0 0;
  INPUT ---        0 1 0 0 0 0 0 0 0 0 0;
  INPUT ---        0 1 1 0 0 0 0 0 0 0 0;
  INPUT ---        0 1 0 1 0 0 0 0 0 0 0;
  INPUT ---        0 1 0 0 1 0 0 0 0 0 0;
  INPUT ---        0 1 0 0 0 1 0 0 0 0 0;
  INPUT ---        0 1 0 0 0 0 1 0 0 0 0;
  INPUT ---        0 1 0 0 0 0 0 1 0 0 0;
  INPUT ---        0 1 1 0 0 0 0 1 0 0 0;
  INPUT ---        0 1 0 1 0 0 0 1 0 0 0;
  INPUT ---        0 1 0 0 1 0 0 1 0 0 0;
  INPUT ---        0 1 0 0 0 1 0 1 0 0 0;
  INPUT ---        0 1 0 0 0 0 1 1 0 0 0;
  INPUT ---        0 0 0 0 0 0 0 0 1 0 0;
  INPUT ---        0 0 0 0 0 0 0 0 1 1 0;
  INPUT ---        0 0 0 0 0 0 0 0 0 0 1;

  INPUT ---    blabel(1)=S:(Intercept);

  Program  MARK  - Survival Rate Estimation with Capture-Recapture Data
   gfortran(Win64) Vers. 8.0 Jun 2014   25-Jan-2015 15:11:13    Page  007
 - - - - - - - - - - - - - - - - - - - - - - - - - - - - - - - - - - - - - -
 

  INPUT ---    blabel(2)=p:(Intercept);

  INPUT ---    blabel(3)=p:age2;

  INPUT ---    blabel(4)=p:age3;

  INPUT ---    blabel(5)=p:age4;

  INPUT ---    blabel(6)=p:age5;

  INPUT ---    blabel(7)=p:age6;

  INPUT ---    blabel(8)=p:sex5;

  INPUT ---    blabel(9)=r:(Intercept);

  INPUT ---    blabel(10)=r:sex5;

  INPUT ---    blabel(11)=F:(Intercept);

  INPUT ---    rlabel(1)=S g41 c2005 c1 a0 t2005;

  INPUT ---    rlabel(2)=p g41 c2005 c1 a1 t2006;

  INPUT ---    rlabel(3)=p g41 c2005 c1 a2 t2007;

  INPUT ---    rlabel(4)=p g41 c2005 c1 a3 t2008;

  INPUT ---    rlabel(5)=p g41 c2005 c1 a4 t2009;

  INPUT ---    rlabel(6)=p g41 c2005 c1 a5 t2010;

  INPUT ---    rlabel(7)=p g41 c2005 c1 a6 t2011;

  INPUT ---    rlabel(8)=p g51 c2005 c1 a1 t2006;

  INPUT ---    rlabel(9)=p g51 c2005 c1 a2 t2007;

  INPUT ---    rlabel(10)=p g51 c2005 c1 a3 t2008;

  INPUT ---    rlabel(11)=p g51 c2005 c1 a4 t2009;

  INPUT ---    rlabel(12)=p g51 c2005 c1 a5 t2010;

  INPUT ---    rlabel(13)=p g51 c2005 c1 a6 t2011;

  Program  MARK  - Survival Rate Estimation with Capture-Recapture Data
   gfortran(Win64) Vers. 8.0 Jun 2014   25-Jan-2015 15:11:13    Page  008
 - - - - - - - - - - - - - - - - - - - - - - - - - - - - - - - - - - - - - -
 

  INPUT ---    rlabel(14)=r g41 c2005 c1 a0 t2005;

  INPUT ---    rlabel(15)=r g51 c2005 c1 a0 t2005;

  INPUT ---    rlabel(16)=F g41 c2005 c1 a0 t2005;

 Link Function Used is LOGIT        

 Variance Estimation Procedure Used is 2ndPart 

 M(t+1):



 -2logL(saturated) = 1739.8188     
 Effective Sample Size = 7075

 Number of function evaluations was 47 for 11 parameters.
 Time for numerical optimization was 0.33 seconds.
 -2logL { S(~1)p(~age + sex)r(~sex)F(~1) } = 2740.5341     
 Penalty { S(~1)p(~age + sex)r(~sex)F(~1) } = -0.0000000    
 Gradient { S(~1)p(~age + sex)r(~sex)F(~1) }:
  0.4573371E-03 0.6945907E-03 0.1338911E-03 0.1172933E-03 0.8571795E-04
 -0.2800166E-05-0.1679535E-05 0.2968651E-03 0.1989292E-02 0.4933630E-02
   0.000000    
 S Vector { S(~1)p(~age + sex)r(~sex)F(~1) }:
   380.5370      53.66712      33.20145      6.283956      1.572031    
   1.269253     0.6395717     0.4284971     0.9815268E-06 0.6004276E-07
  0.7591168E-08
 Time to compute number of parameters was 0.09 seconds.
   Threshold =  0.2400000E-06     Condition index =  0.1994857E-10     New Threshold =  0.2517706E-07
 New Guessimate of Estimated Parameters { S(~1)p(~age + sex)r(~sex)F(~1) } = 8          
 Conditioned S Vector { S(~1)p(~age + sex)r(~sex)F(~1) }:
   1.000000     0.1410300     0.8724893E-01 0.1651339E-01 0.4131085E-02
  0.3335426E-02 0.1680708E-02 0.1126033E-02 0.2579320E-08 0.1577843E-09
  0.1994857E-10
 Number of Estimated Parameters { S(~1)p(~age + sex)r(~sex)F(~1) } = 8          
 DEVIANCE { S(~1)p(~age + sex)r(~sex)F(~1) } = 1000.7153                     
 DEVIANCE Degrees of Freedom { S(~1)p(~age + sex)r(~sex)F(~1) } = 7            
 c-hat { S(~1)p(~age + sex)r(~sex)F(~1) } = 142.95933                     
 AIC { S(~1)p(~age + sex)r(~sex)F(~1) } = 2756.5341                  
 AICc { S(~1)p(~age + sex)r(~sex)F(~1) } = 2756.5545                    
 BIC { S(~1)p(~age + sex)r(~sex)F(~1) } = 2811.4487                    
 Pearson Chisquare { S(~1)p(~age + sex)r(~sex)F(~1) } = Not a Number               
 Possible Encounter Histories { S(~1)p(~age + sex)r(~sex)F(~1) } = 896             
 Pearson Chisquare df { S(~1)p(~age + sex)r(~sex)F(~1) } = 852        
 Pearson chat { S(~1)p(~age + sex)r(~sex)F(~1) } = Not a Number               
 Sum(Observed/Expected) { S(~1)p(~age + sex)r(~sex)F(~1) } = Not a Number               
 Fletcher chat { S(~1)p(~age + sex)r(~sex)F(~1) } = Not a Number               


              LOGIT Link Function Parameters of { S(~1)p(~age + sex)r(~sex)F(~1) }
                                                              95% Confidence Interval
 Parameter                    Beta         Standard Error      Lower           Upper
 -------------------------  --------------  --------------  --------------  --------------
    1:S:(Intercept)         -2.5796142      0.2262569       -3.0230778      -2.1361506    
    2:p:(Intercept)         -3.6483581      0.4976405       -4.6237336      -2.6729826    
    3:p:age2                1.7171171       0.9036993       -0.0541336      3.4883678     
    4:p:age3                2.8770094       1.2748157       0.3783706       5.3756482     
    5:p:age4                5.3661906       1.4455682       2.5328769       8.1995042     
    6:p:age5                -15.240013      0.0000000       -15.240013      -15.240013    
    7:p:age6                26.075783       0.0000000       26.075783       26.075783     

  Program  MARK  - Survival Rate Estimation with Capture-Recapture Data
   gfortran(Win64) Vers. 8.0 Jun 2014   25-Jan-2015 15:11:13    Page  009
 - - - - - - - - - - - - - - - - - - - - - - - - - - - - - - - - - - - - - -
 
    8:p:sex5                -1.4509304      0.8247283       -3.0673979      0.1655372     
    9:r:(Intercept)         -3.1147570      0.0852547       -3.2818561      -2.9476579    
   10:r:sex5                0.0231201       0.1183496       -0.2088451      0.2550853     
   11:F:(Intercept)         16.576027       1009.2498       -1961.5537      1994.7057     


              Real Function Parameters of { S(~1)p(~age + sex)r(~sex)F(~1) }
                                                               95% Confidence Interval
  Parameter                  Estimate       Standard Error      Lower           Upper
 --------------------------  --------------  --------------  --------------  --------------
     1:S g41 c2005 c1 a0 t2  0.0704620       0.0148192       0.0463941       0.1056325                           
     2:p g41 c2005 c1 a1 t2  0.0253733       0.0123064       0.0097207       0.0645865                           
     3:p g41 c2005 c1 a2 t2  0.1266133       0.0999309       0.0240694       0.4600775                           
     4:p g41 c2005 c1 a3 t2  0.3161874       0.2678665       0.0391810       0.8398212                           
     5:p g41 c2005 c1 a4 t2  0.8478494       0.1858893       0.2485211       0.9894621                           
     6:p g41 c2005 c1 a5 t2  0.6264476E-008  0.0000000       0.6264476E-008  0.6264476E-008                      
     7:p g41 c2005 c1 a6 t2  1.0000000       0.0000000       1.0000000       1.0000000                           
     8:p g51 c2005 c1 a1 t2  0.0060641       0.0048413       0.0012622       0.0286101                           
     9:p g51 c2005 c1 a2 t2  0.0328573       0.0337603       0.0042168       0.2141835                           
    10:p g51 c2005 c1 a3 t2  0.0977676       0.1176621       0.0078706       0.5968037                           
    11:p g51 c2005 c1 a4 t2  0.5663322       0.3168536       0.0943421       0.9424342                           
    12:p g51 c2005 c1 a5 t2  0.1468093E-008  0.0000000       0.1468093E-008  0.1468093E-008                      
    13:p g51 c2005 c1 a6 t2  1.0000000       0.0000000       1.0000000       1.0000000                           
    14:r g41 c2005 c1 a0 t2  0.0425026       0.0034695       0.0361989       0.0498473                           
    15:r g51 c2005 c1 a0 t2  0.0434535       0.0034184       0.0372253       0.0506691                           
    16:F g41 c2005 c1 a0 t2  0.9999999       0.6384424E-004  0.1558617E-296  1.0000000                           

 Attempted ordering of parameters by estimatibility:
   9 10  1  2  8  3  4  5 11  6  7
 Beta number 7 is a singular value.

     CPU Time in seconds for last procedure was 0.44

  Program  MARK  - Survival Rate Estimation with Capture-Recapture Data
   gfortran(Win64) Vers. 8.0 Jun 2014   25-Jan-2015 15:11:13    Page  010
 - - - - - - - - - - - - - - - - - - - - - - - - - - - - - - - - - - - - - -
 


  INPUT --- proc stop;

     CPU Time in minutes for this job was 0.01

     Time Start = 15:11:13.731   Time End = 15:11:13.901

     Wall Clock Time in minutes for this job was 0.00


          E X E C U T I O N   S U C C E S S F U L 
