
   Program  MARK  - Survival Rate Estimation with Capture-Recapture Data
   gfortran(Win64) Vers. 8.0 Jun 2014   13-Jan-2015 13:02:44    Page  001
 - - - - - - - - - - - - - - - - - - - - - - - - - - - - - - - - - - - - - -
 
   This version was compiled by GCC version 4.8.1 using the options 
   -m64 -mtune=generic -march=x86-64 -mthreads -O2 -fimplicit-none -fbounds-check -funroll-loops -ftree-vectorize -fopenmp.
   This problem will use 3 of 4 possible threads.


  INPUT --- proc title ;

     CPU Time in seconds for last procedure was 0.00


  INPUT --- proc chmatrix occasions= 7 groups= 2 etype= Live icovar = 1 
  INPUT --- ICMeans NoHist hist= 294  ;

  INPUT ---    time interval 1 1 1 1 1 1 ;

  INPUT ---     icovariates weight ;

  INPUT ---    glabel(1)=sexFemale;

  INPUT ---    glabel(2)=sexMale;

      Number of unique encounter histories read was 294.

      Number of individual covariates read was 1.
      Time interval lengths are all equal to 1.

      Data type number is 1
      Data type is Live Recaptures (CJS)                                                                               

     CPU Time in seconds for last procedure was 0.03

  Program  MARK  - Survival Rate Estimation with Capture-Recapture Data
   gfortran(Win64) Vers. 8.0 Jun 2014   13-Jan-2015 13:02:44    Page  002
 - - - - - - - - - - - - - - - - - - - - - - - - - - - - - - - - - - - - - -
 


  INPUT --- proc estimate link=Logit NOLOOP varest=2ndPart    ;


  INPUT --- model={ Phi(~sex + weight)p(~1) };

  INPUT ---    group=1 Phi    rows=6 cols=6 Triang ;
  INPUT ---        1 1 1 1 1 1 ;
  INPUT ---        1 1 1 1 1 ;
  INPUT ---        1 1 1 1 ;
  INPUT ---        1 1 1 ;
  INPUT ---        1 1 ;
  INPUT ---        1 ;

  INPUT ---    group=2 Phi    rows=6 cols=6 Triang ;
  INPUT ---        2 2 2 2 2 2 ;
  INPUT ---        2 2 2 2 2 ;
  INPUT ---        2 2 2 2 ;
  INPUT ---        2 2 2 ;
  INPUT ---        2 2 ;
  INPUT ---        2 ;

  INPUT ---    group=1 p    rows=6 cols=6 Triang ;
  INPUT ---        3 3 3 3 3 3 ;
  INPUT ---        3 3 3 3 3 ;
  INPUT ---        3 3 3 3 ;
  INPUT ---        3 3 3 ;
  INPUT ---        3 3 ;
  INPUT ---        3 ;

  INPUT ---    group=2 p    rows=6 cols=6 Triang ;
  INPUT ---        3 3 3 3 3 3 ;
  INPUT ---        3 3 3 3 3 ;
  INPUT ---        3 3 3 3 ;
  INPUT ---        3 3 3 ;
  INPUT ---        3 3 ;
  INPUT ---        3 ;

  INPUT ---    design matrix constraints=3 covariates=4;
  INPUT ---        1 0 weight 0;
  INPUT ---        1 1 weight 0;
  INPUT ---        0 0 0 1;

  INPUT ---    blabel(1)=Phi:(Intercept);


  Program  MARK  - Survival Rate Estimation with Capture-Recapture Data
   gfortran(Win64) Vers. 8.0 Jun 2014   13-Jan-2015 13:02:44    Page  003
 - - - - - - - - - - - - - - - - - - - - - - - - - - - - - - - - - - - - - -
 
  INPUT ---    blabel(2)=Phi:sexMale;

  INPUT ---    blabel(3)=Phi:weight;

  INPUT ---    blabel(4)=p:(Intercept);

  INPUT ---    rlabel(1)=Phi gFemale c1 c1 a0 t1;

  INPUT ---    rlabel(2)=Phi gMale c1 c1 a0 t1;

  INPUT ---    rlabel(3)=p gFemale c1 c1 a1 t2;

 Link Function Used is LOGIT        

 Variance Estimation Procedure Used is 2ndPart 
 -2logL(saturated) = -0.0000000    
 Effective Sample Size = 426

 Number of function evaluations was 13 for 4 parameters.
 Time for numerical optimization was 0.01 seconds.
 -2logL { Phi(~sex + weight)p(~1) } = 665.87058     
 Penalty { Phi(~sex + weight)p(~1) } = -0.0000000    
 Gradient { Phi(~sex + weight)p(~1) }:
  0.4789952E-04 0.1043478E-04 0.1808850E-04 0.1055640E-04
 S Vector { Phi(~sex + weight)p(~1) }:
   133.1225      20.18402      12.03969      9.362737    
 Time to compute number of parameters was 0.02 seconds.
   Threshold =  0.1000000E-06     Condition index =  0.7033172E-01     New Threshold =   18.72547    
 New Guessimate of Estimated Parameters { Phi(~sex + weight)p(~1) } = 1          
 Conditioned S Vector { Phi(~sex + weight)p(~1) }:
   1.000000     0.1516199     0.9044068E-01 0.7033172E-01
 Number of Estimated Parameters { Phi(~sex + weight)p(~1) } = 4          
 DEVIANCE { Phi(~sex + weight)p(~1) } = 665.87058                     
 DEVIANCE Degrees of Freedom { Phi(~sex + weight)p(~1) } = 239            
 c-hat { Phi(~sex + weight)p(~1) } = 2.7860694                     
 AIC { Phi(~sex + weight)p(~1) } = 673.87058                  
 AICc { Phi(~sex + weight)p(~1) } = 673.96559                    
 BIC { Phi(~sex + weight)p(~1) } = 690.08834                    
 Pearson Chisquare { Phi(~sex + weight)p(~1) } = 3493.4464                  
 Possible Encounter Histories { Phi(~sex + weight)p(~1) } = 252             
 Pearson Chisquare df { Phi(~sex + weight)p(~1) } = 236        
 Pearson chat { Phi(~sex + weight)p(~1) } = 14.802739                  
 Sum(Observed/Expected) { Phi(~sex + weight)p(~1) } = 3787.4464                  
 Fletcher chat { Phi(~sex + weight)p(~1) } = 0.9849090                  


                 LOGIT Link Function Parameters of { Phi(~sex + weight)p(~1) }
                                                              95% Confidence Interval
 Parameter                    Beta         Standard Error      Lower           Upper
 -------------------------  --------------  --------------  --------------  --------------
    1:Phi:(Intercept)       0.1867220       0.1408722       -0.0893875      0.4628315     
    2:Phi:sexMale           0.0894990       0.1978503       -0.2982875      0.4772856     
    3:Phi:weight            0.0861502       0.0960519       -0.1021115      0.2744119     
    4:p:(Intercept)         2.2308418       0.3253041       1.5932457       2.8684378     


                 Real Function Parameters of { Phi(~sex + weight)p(~1) }

  Program  MARK  - Survival Rate Estimation with Capture-Recapture Data
   gfortran(Win64) Vers. 8.0 Jun 2014   13-Jan-2015 13:02:44    Page  004
 - - - - - - - - - - - - - - - - - - - - - - - - - - - - - - - - - - - - - -
 

      Following estimates based on unstandardized individual covariate values:
          Variable   Value         
          ---------  ------------- 
          WEIGHT     0.0659303     
                                                               95% Confidence Interval
  Parameter                  Estimate       Standard Error      Lower           Upper
 --------------------------  --------------  --------------  --------------  --------------
     1:Phi gFemale c1 c1 a0  0.5479526       0.0347263       0.4794168       0.6147168                           
     2:Phi gMale c1 c1 a0 t  0.5700122       0.0353924       0.4997188       0.6375917                           
     3:p gFemale c1 c1 a1 t  0.9029851       0.0284976       0.8310723       0.9462640                           

     CPU Time in seconds for last procedure was 0.02


  INPUT --- proc stop;

     CPU Time in minutes for this job was 0.00

     Time Start = 13:02:44.472   Time End = 13:02:44.520

     Wall Clock Time in minutes for this job was 0.00


          E X E C U T I O N   S U C C E S S F U L 
