
   Program  MARK  - Survival Rate Estimation with Capture-Recapture Data
   gfortran(Win64) Vers. 8.0 Jun 2014   25-Jan-2015 15:10:00    Page  001
 - - - - - - - - - - - - - - - - - - - - - - - - - - - - - - - - - - - - - -
 
   This version was compiled by GCC version 4.8.1 using the options 
   -m64 -mtune=generic -march=x86-64 -mthreads -O2 -fimplicit-none -fbounds-check -funroll-loops -ftree-vectorize -fopenmp.
   This problem will use 7 of 8 possible threads.


  INPUT --- proc title ;

     CPU Time in seconds for last procedure was 0.00


  INPUT --- proc chmatrix occasions= 7 groups= 6 etype= Both ICMeans 
  INPUT --- NoHist hist= 51 ;

  INPUT ---    time  interval 1 1 1 1 1 1 1 ;

  INPUT ---    glabel(1)=sex4.age1;

  INPUT ---    glabel(2)=sex5.age1;

  INPUT ---    glabel(3)=sex4.age2;

  INPUT ---    glabel(4)=sex5.age2;

  INPUT ---    glabel(5)=sex4.age4;

  INPUT ---    glabel(6)=sex5.age4;

   * *  WARNING  * *   At least a pair of the encounter histories are duplicates. 

      Number of unique encounter histories read was 17.

      Number of individual covariates read was 0.
      Time interval lengths are all equal to 1.

      Data type number is 3
      Data type is Joint Live and Dead Encounters (Burnham)                                                            

     CPU Time in seconds for last procedure was 0.00

  Program  MARK  - Survival Rate Estimation with Capture-Recapture Data
   gfortran(Win64) Vers. 8.0 Jun 2014   25-Jan-2015 15:10:00    Page  002
 - - - - - - - - - - - - - - - - - - - - - - - - - - - - - - - - - - - - - -
 


  INPUT --- proc estimate link=Logit NOLOOP varest=2ndPart    ;


  INPUT --- model={ S(~sex + time)p(~sex)r(~age)F(~1) };

  INPUT ---    group=1 S    rows=7 cols=7 Triang ;
  INPUT ---        1 2 3 4 5 6 7 ;
  INPUT ---        2 3 4 5 6 7 ;
  INPUT ---        3 4 5 6 7 ;
  INPUT ---        4 5 6 7 ;
  INPUT ---        5 6 7 ;
  INPUT ---        6 7 ;
  INPUT ---        7 ;

  INPUT ---    group=2 S    rows=7 cols=7 Triang ;
  INPUT ---        8 9 10 11 12 13 14 ;
  INPUT ---        9 10 11 12 13 14 ;
  INPUT ---        10 11 12 13 14 ;
  INPUT ---        11 12 13 14 ;
  INPUT ---        12 13 14 ;
  INPUT ---        13 14 ;
  INPUT ---        14 ;

  INPUT ---    group=3 S    rows=7 cols=7 Triang ;
  INPUT ---        1 2 3 4 5 6 7 ;
  INPUT ---        2 3 4 5 6 7 ;
  INPUT ---        3 4 5 6 7 ;
  INPUT ---        4 5 6 7 ;
  INPUT ---        5 6 7 ;
  INPUT ---        6 7 ;
  INPUT ---        7 ;

  INPUT ---    group=4 S    rows=7 cols=7 Triang ;
  INPUT ---        8 9 10 11 12 13 14 ;
  INPUT ---        9 10 11 12 13 14 ;
  INPUT ---        10 11 12 13 14 ;
  INPUT ---        11 12 13 14 ;
  INPUT ---        12 13 14 ;
  INPUT ---        13 14 ;
  INPUT ---        14 ;

  INPUT ---    group=5 S    rows=7 cols=7 Triang ;
  INPUT ---        1 2 3 4 5 6 7 ;
  INPUT ---        2 3 4 5 6 7 ;

  Program  MARK  - Survival Rate Estimation with Capture-Recapture Data
   gfortran(Win64) Vers. 8.0 Jun 2014   25-Jan-2015 15:10:00    Page  003
 - - - - - - - - - - - - - - - - - - - - - - - - - - - - - - - - - - - - - -
 
  INPUT ---        3 4 5 6 7 ;
  INPUT ---        4 5 6 7 ;
  INPUT ---        5 6 7 ;
  INPUT ---        6 7 ;
  INPUT ---        7 ;

  INPUT ---    group=6 S    rows=7 cols=7 Triang ;
  INPUT ---        8 9 10 11 12 13 14 ;
  INPUT ---        9 10 11 12 13 14 ;
  INPUT ---        10 11 12 13 14 ;
  INPUT ---        11 12 13 14 ;
  INPUT ---        12 13 14 ;
  INPUT ---        13 14 ;
  INPUT ---        14 ;

  INPUT ---    group=1 p    rows=6 cols=6 Triang ;
  INPUT ---        15 15 15 15 15 15 ;
  INPUT ---        15 15 15 15 15 ;
  INPUT ---        15 15 15 15 ;
  INPUT ---        15 15 15 ;
  INPUT ---        15 15 ;
  INPUT ---        15 ;

  INPUT ---    group=2 p    rows=6 cols=6 Triang ;
  INPUT ---        16 16 16 16 16 16 ;
  INPUT ---        16 16 16 16 16 ;
  INPUT ---        16 16 16 16 ;
  INPUT ---        16 16 16 ;
  INPUT ---        16 16 ;
  INPUT ---        16 ;

  INPUT ---    group=3 p    rows=6 cols=6 Triang ;
  INPUT ---        15 15 15 15 15 15 ;
  INPUT ---        15 15 15 15 15 ;
  INPUT ---        15 15 15 15 ;
  INPUT ---        15 15 15 ;
  INPUT ---        15 15 ;
  INPUT ---        15 ;

  INPUT ---    group=4 p    rows=6 cols=6 Triang ;
  INPUT ---        16 16 16 16 16 16 ;
  INPUT ---        16 16 16 16 16 ;
  INPUT ---        16 16 16 16 ;
  INPUT ---        16 16 16 ;
  INPUT ---        16 16 ;
  INPUT ---        16 ;

  Program  MARK  - Survival Rate Estimation with Capture-Recapture Data
   gfortran(Win64) Vers. 8.0 Jun 2014   25-Jan-2015 15:10:00    Page  004
 - - - - - - - - - - - - - - - - - - - - - - - - - - - - - - - - - - - - - -
 

  INPUT ---    group=5 p    rows=6 cols=6 Triang ;
  INPUT ---        15 15 15 15 15 15 ;
  INPUT ---        15 15 15 15 15 ;
  INPUT ---        15 15 15 15 ;
  INPUT ---        15 15 15 ;
  INPUT ---        15 15 ;
  INPUT ---        15 ;

  INPUT ---    group=6 p    rows=6 cols=6 Triang ;
  INPUT ---        16 16 16 16 16 16 ;
  INPUT ---        16 16 16 16 16 ;
  INPUT ---        16 16 16 16 ;
  INPUT ---        16 16 16 ;
  INPUT ---        16 16 ;
  INPUT ---        16 ;

  INPUT ---    group=1 r    rows=7 cols=7 Triang ;
  INPUT ---        17 18 19 20 21 22 23 ;
  INPUT ---        17 18 19 20 21 22 ;
  INPUT ---        17 18 19 20 21 ;
  INPUT ---        17 18 19 20 ;
  INPUT ---        17 18 19 ;
  INPUT ---        17 18 ;
  INPUT ---        17 ;

  INPUT ---    group=2 r    rows=7 cols=7 Triang ;
  INPUT ---        17 18 19 20 21 22 23 ;
  INPUT ---        17 18 19 20 21 22 ;
  INPUT ---        17 18 19 20 21 ;
  INPUT ---        17 18 19 20 ;
  INPUT ---        17 18 19 ;
  INPUT ---        17 18 ;
  INPUT ---        17 ;

  INPUT ---    group=3 r    rows=7 cols=7 Triang ;
  INPUT ---        17 18 19 20 21 22 23 ;
  INPUT ---        17 18 19 20 21 22 ;
  INPUT ---        17 18 19 20 21 ;
  INPUT ---        17 18 19 20 ;
  INPUT ---        17 18 19 ;
  INPUT ---        17 18 ;
  INPUT ---        17 ;

  INPUT ---    group=4 r    rows=7 cols=7 Triang ;
  INPUT ---        17 18 19 20 21 22 23 ;

  Program  MARK  - Survival Rate Estimation with Capture-Recapture Data
   gfortran(Win64) Vers. 8.0 Jun 2014   25-Jan-2015 15:10:00    Page  005
 - - - - - - - - - - - - - - - - - - - - - - - - - - - - - - - - - - - - - -
 
  INPUT ---        17 18 19 20 21 22 ;
  INPUT ---        17 18 19 20 21 ;
  INPUT ---        17 18 19 20 ;
  INPUT ---        17 18 19 ;
  INPUT ---        17 18 ;
  INPUT ---        17 ;

  INPUT ---    group=5 r    rows=7 cols=7 Triang ;
  INPUT ---        17 18 19 20 21 22 23 ;
  INPUT ---        17 18 19 20 21 22 ;
  INPUT ---        17 18 19 20 21 ;
  INPUT ---        17 18 19 20 ;
  INPUT ---        17 18 19 ;
  INPUT ---        17 18 ;
  INPUT ---        17 ;

  INPUT ---    group=6 r    rows=7 cols=7 Triang ;
  INPUT ---        17 18 19 20 21 22 23 ;
  INPUT ---        17 18 19 20 21 22 ;
  INPUT ---        17 18 19 20 21 ;
  INPUT ---        17 18 19 20 ;
  INPUT ---        17 18 19 ;
  INPUT ---        17 18 ;
  INPUT ---        17 ;

  INPUT ---    group=1 F    rows=6 cols=6 Triang ;
  INPUT ---        24 24 24 24 24 24 ;
  INPUT ---        24 24 24 24 24 ;
  INPUT ---        24 24 24 24 ;
  INPUT ---        24 24 24 ;
  INPUT ---        24 24 ;
  INPUT ---        24 ;

  INPUT ---    group=2 F    rows=6 cols=6 Triang ;
  INPUT ---        24 24 24 24 24 24 ;
  INPUT ---        24 24 24 24 24 ;
  INPUT ---        24 24 24 24 ;
  INPUT ---        24 24 24 ;
  INPUT ---        24 24 ;
  INPUT ---        24 ;

  INPUT ---    group=3 F    rows=6 cols=6 Triang ;
  INPUT ---        24 24 24 24 24 24 ;
  INPUT ---        24 24 24 24 24 ;
  INPUT ---        24 24 24 24 ;
  INPUT ---        24 24 24 ;

  Program  MARK  - Survival Rate Estimation with Capture-Recapture Data
   gfortran(Win64) Vers. 8.0 Jun 2014   25-Jan-2015 15:10:00    Page  006
 - - - - - - - - - - - - - - - - - - - - - - - - - - - - - - - - - - - - - -
 
  INPUT ---        24 24 ;
  INPUT ---        24 ;

  INPUT ---    group=4 F    rows=6 cols=6 Triang ;
  INPUT ---        24 24 24 24 24 24 ;
  INPUT ---        24 24 24 24 24 ;
  INPUT ---        24 24 24 24 ;
  INPUT ---        24 24 24 ;
  INPUT ---        24 24 ;
  INPUT ---        24 ;

  INPUT ---    group=5 F    rows=6 cols=6 Triang ;
  INPUT ---        24 24 24 24 24 24 ;
  INPUT ---        24 24 24 24 24 ;
  INPUT ---        24 24 24 24 ;
  INPUT ---        24 24 24 ;
  INPUT ---        24 24 ;
  INPUT ---        24 ;

  INPUT ---    group=6 F    rows=6 cols=6 Triang ;
  INPUT ---        24 24 24 24 24 24 ;
  INPUT ---        24 24 24 24 24 ;
  INPUT ---        24 24 24 24 ;
  INPUT ---        24 24 24 ;
  INPUT ---        24 24 ;
  INPUT ---        24 ;

  INPUT ---    design matrix constraints=24 covariates=18;
  INPUT ---        1 0 0 0 0 0 0 0 0 0 0 0 0 0 0 0 0 0;
  INPUT ---        1 0 1 0 0 0 0 0 0 0 0 0 0 0 0 0 0 0;
  INPUT ---        1 0 0 1 0 0 0 0 0 0 0 0 0 0 0 0 0 0;
  INPUT ---        1 0 0 0 1 0 0 0 0 0 0 0 0 0 0 0 0 0;
  INPUT ---        1 0 0 0 0 1 0 0 0 0 0 0 0 0 0 0 0 0;
  INPUT ---        1 0 0 0 0 0 1 0 0 0 0 0 0 0 0 0 0 0;
  INPUT ---        1 0 0 0 0 0 0 1 0 0 0 0 0 0 0 0 0 0;
  INPUT ---        1 1 0 0 0 0 0 0 0 0 0 0 0 0 0 0 0 0;
  INPUT ---        1 1 1 0 0 0 0 0 0 0 0 0 0 0 0 0 0 0;
  INPUT ---        1 1 0 1 0 0 0 0 0 0 0 0 0 0 0 0 0 0;
  INPUT ---        1 1 0 0 1 0 0 0 0 0 0 0 0 0 0 0 0 0;
  INPUT ---        1 1 0 0 0 1 0 0 0 0 0 0 0 0 0 0 0 0;
  INPUT ---        1 1 0 0 0 0 1 0 0 0 0 0 0 0 0 0 0 0;
  INPUT ---        1 1 0 0 0 0 0 1 0 0 0 0 0 0 0 0 0 0;
  INPUT ---        0 0 0 0 0 0 0 0 1 0 0 0 0 0 0 0 0 0;
  INPUT ---        0 0 0 0 0 0 0 0 1 1 0 0 0 0 0 0 0 0;
  INPUT ---        0 0 0 0 0 0 0 0 0 0 1 0 0 0 0 0 0 0;
  INPUT ---        0 0 0 0 0 0 0 0 0 0 1 1 0 0 0 0 0 0;

  Program  MARK  - Survival Rate Estimation with Capture-Recapture Data
   gfortran(Win64) Vers. 8.0 Jun 2014   25-Jan-2015 15:10:00    Page  007
 - - - - - - - - - - - - - - - - - - - - - - - - - - - - - - - - - - - - - -
 
  INPUT ---        0 0 0 0 0 0 0 0 0 0 1 0 1 0 0 0 0 0;
  INPUT ---        0 0 0 0 0 0 0 0 0 0 1 0 0 1 0 0 0 0;
  INPUT ---        0 0 0 0 0 0 0 0 0 0 1 0 0 0 1 0 0 0;
  INPUT ---        0 0 0 0 0 0 0 0 0 0 1 0 0 0 0 1 0 0;
  INPUT ---        0 0 0 0 0 0 0 0 0 0 1 0 0 0 0 0 1 0;
  INPUT ---        0 0 0 0 0 0 0 0 0 0 0 0 0 0 0 0 0 1;

  INPUT ---    blabel(1)=S:(Intercept);

  INPUT ---    blabel(2)=S:sex5;

  INPUT ---    blabel(3)=S:time2006;

  INPUT ---    blabel(4)=S:time2007;

  INPUT ---    blabel(5)=S:time2008;

  INPUT ---    blabel(6)=S:time2009;

  INPUT ---    blabel(7)=S:time2010;

  INPUT ---    blabel(8)=S:time2011;

  INPUT ---    blabel(9)=p:(Intercept);

  INPUT ---    blabel(10)=p:sex5;

  INPUT ---    blabel(11)=r:(Intercept);

  INPUT ---    blabel(12)=r:age1;

  INPUT ---    blabel(13)=r:age2;

  INPUT ---    blabel(14)=r:age3;

  INPUT ---    blabel(15)=r:age4;

  INPUT ---    blabel(16)=r:age5;

  INPUT ---    blabel(17)=r:age6;

  INPUT ---    blabel(18)=F:(Intercept);

  INPUT ---    rlabel(1)=S g41 c2005 c1 a0 t2005;

  INPUT ---    rlabel(2)=S g41 c2005 c1 a1 t2006;

  Program  MARK  - Survival Rate Estimation with Capture-Recapture Data
   gfortran(Win64) Vers. 8.0 Jun 2014   25-Jan-2015 15:10:00    Page  008
 - - - - - - - - - - - - - - - - - - - - - - - - - - - - - - - - - - - - - -
 

  INPUT ---    rlabel(3)=S g41 c2005 c1 a2 t2007;

  INPUT ---    rlabel(4)=S g41 c2005 c1 a3 t2008;

  INPUT ---    rlabel(5)=S g41 c2005 c1 a4 t2009;

  INPUT ---    rlabel(6)=S g41 c2005 c1 a5 t2010;

  INPUT ---    rlabel(7)=S g41 c2005 c1 a6 t2011;

  INPUT ---    rlabel(8)=S g51 c2005 c1 a0 t2005;

  INPUT ---    rlabel(9)=S g51 c2005 c1 a1 t2006;

  INPUT ---    rlabel(10)=S g51 c2005 c1 a2 t2007;

  INPUT ---    rlabel(11)=S g51 c2005 c1 a3 t2008;

  INPUT ---    rlabel(12)=S g51 c2005 c1 a4 t2009;

  INPUT ---    rlabel(13)=S g51 c2005 c1 a5 t2010;

  INPUT ---    rlabel(14)=S g51 c2005 c1 a6 t2011;

  INPUT ---    rlabel(15)=p g41 c2005 c1 a1 t2006;

  INPUT ---    rlabel(16)=p g51 c2005 c1 a1 t2006;

  INPUT ---    rlabel(17)=r g41 c2005 c1 a0 t2005;

  INPUT ---    rlabel(18)=r g41 c2005 c1 a1 t2006;

  INPUT ---    rlabel(19)=r g41 c2005 c1 a2 t2007;

  INPUT ---    rlabel(20)=r g41 c2005 c1 a3 t2008;

  INPUT ---    rlabel(21)=r g41 c2005 c1 a4 t2009;

  INPUT ---    rlabel(22)=r g41 c2005 c1 a5 t2010;

  INPUT ---    rlabel(23)=r g41 c2005 c1 a6 t2011;

  INPUT ---    rlabel(24)=F g41 c2005 c1 a0 t2005;

 Link Function Used is LOGIT        

  Program  MARK  - Survival Rate Estimation with Capture-Recapture Data
   gfortran(Win64) Vers. 8.0 Jun 2014   25-Jan-2015 15:10:00    Page  009
 - - - - - - - - - - - - - - - - - - - - - - - - - - - - - - - - - - - - - -
 

 Variance Estimation Procedure Used is 2ndPart 

 M(t+1):



 -2logL(saturated) = 1739.8188     
 Effective Sample Size = 7075

 Number of function evaluations was 66 for 18 parameters.
 Time for numerical optimization was 1.54 seconds.
 -2logL { S(~sex + time)p(~sex)r(~age)F(~1) } = 1787.7953     
 Penalty { S(~sex + time)p(~sex)r(~age)F(~1) } = -0.0000000    
 Gradient { S(~sex + time)p(~sex)r(~age)F(~1) }:
 -0.9746274E-06  0.000000      0.000000      0.000000      0.000000    
   0.000000      0.000000      0.000000     0.6001646E-04 0.8011585E-04
 -0.1941448E-02-0.1860382E-03-0.7745672E-06  0.000000     0.1083564E-05
   0.000000      0.000000    -0.3530365E-03
 S Vector { S(~sex + time)p(~sex)r(~age)F(~1) }:
   246.4565      15.44071      2.396619     0.9949561     0.5336672    
  0.9699214E-05 0.7583870E-05 0.2591964E-05 0.2242203E-05 0.4621946E-06
  0.4397092E-06 0.2564763E-06 0.2827874E-07 0.1726206E-07 0.1376425E-07
  0.1081361E-07 0.8365474E-08 0.7251668E-09
 Time to compute number of parameters was 0.51 seconds.
   Threshold =  0.3800000E-06     Condition index =  0.2942372E-11     New Threshold =  0.3076622E-08
 New Guessimate of Estimated Parameters { S(~sex + time)p(~sex)r(~age)F(~1) } = 9          
 Conditioned S Vector { S(~sex + time)p(~sex)r(~age)F(~1) }:
   1.000000     0.6265083E-01 0.9724308E-02 0.4037045E-02 0.2165361E-02
  0.3935467E-07 0.3077164E-07 0.1051692E-07 0.9097765E-08 0.1875360E-08
  0.1784125E-08 0.1040655E-08 0.1147413E-09 0.7004102E-10 0.5584859E-10
  0.4387635E-10 0.3394300E-10 0.2942372E-11
 Number of Estimated Parameters { S(~sex + time)p(~sex)r(~age)F(~1) } = 5          
 DEVIANCE { S(~sex + time)p(~sex)r(~age)F(~1) } = 47.976510                     
 DEVIANCE Degrees of Freedom { S(~sex + time)p(~sex)r(~age)F(~1) } = 10            
 c-hat { S(~sex + time)p(~sex)r(~age)F(~1) } = 4.7976510                     
 AIC { S(~sex + time)p(~sex)r(~age)F(~1) } = 1797.7953                  
 AICc { S(~sex + time)p(~sex)r(~age)F(~1) } = 1797.8037                    
 BIC { S(~sex + time)p(~sex)r(~age)F(~1) } = 1832.1169                    
 Pearson Chisquare { S(~sex + time)p(~sex)r(~age)F(~1) } = Not a Number               
 Possible Encounter Histories { S(~sex + time)p(~sex)r(~age)F(~1) } = 896             
 Pearson Chisquare df { S(~sex + time)p(~sex)r(~age)F(~1) } = 855        
 Pearson chat { S(~sex + time)p(~sex)r(~age)F(~1) } = Not a Number               
 Sum(Observed/Expected) { S(~sex + time)p(~sex)r(~age)F(~1) } = Not a Number               
 Fletcher chat { S(~sex + time)p(~sex)r(~age)F(~1) } = Not a Number               


            LOGIT Link Function Parameters of { S(~sex + time)p(~sex)r(~age)F(~1) }
                                                              95% Confidence Interval
 Parameter                    Beta         Standard Error      Lower           Upper
 -------------------------  --------------  --------------  --------------  --------------
    1:S:(Intercept)         22.389151       1963.3299       -3825.7375      3870.5158     
    2:S:sex5                0.5844986       531.26778       -1040.7004      1041.8694     
    3:S:time2006            0.3708110       0.0000000       0.3708110       0.3708110     
    4:S:time2007            -1.0212868      360.96236       -708.50754      706.46496     
    5:S:time2008            2.9107713       0.0000000       2.9107713       2.9107713     
    6:S:time2009            9.4179267       0.0000000       9.4179267       9.4179267     
    7:S:time2010            -1.6254280      0.0000000       -1.6254280      -1.6254280    
    8:S:time2011            -55.576367      0.0000000       -55.576367      -55.576367    
    9:p:(Intercept)         -6.5771880      0.6054593       -7.7638883      -5.3904876    
   10:p:sex5                -0.7028535      0.6129483       -1.9042323      0.4985252     
   11:r:(Intercept)         -1.5414023      0.0638286       -1.6665064      -1.4162982    
   12:r:age1                -5.3552602      1.0025233       -7.3202058      -3.3903146    

  Program  MARK  - Survival Rate Estimation with Capture-Recapture Data
   gfortran(Win64) Vers. 8.0 Jun 2014   25-Jan-2015 15:10:01    Page  010
 - - - - - - - - - - - - - - - - - - - - - - - - - - - - - - - - - - - - - -
 
   13:r:age2                -28.407051      0.0000000       -28.407051      -28.407051    
   14:r:age3                -23.495382      4267.5347       -8387.8636      8340.8728     
   15:r:age4                -20.006067      1466.7788       -2894.8925      2854.8804     
   16:r:age5                -22.220364      0.0000000       -22.220364      -22.220364    
   17:r:age6                -25.219514      0.0000000       -25.219514      -25.219514    
   18:F:(Intercept)         1.5765874       1.2702590       -0.9131204      4.0662952     


            Real Function Parameters of { S(~sex + time)p(~sex)r(~age)F(~1) }
                                                               95% Confidence Interval
  Parameter                  Estimate       Standard Error      Lower           Upper
 --------------------------  --------------  --------------  --------------  --------------
     1:S g41 c2005 c1 a0 t2  1.0000000       0.3711150E-006  0.9999993       1.0000007                           
     2:S g41 c2005 c1 a1 t2  1.0000000       0.2541854E-006  0.9999995       1.0000005                           
     3:S g41 c2005 c1 a2 t2  1.0000000       0.1043516E-005  0.9999980       1.0000020                           
     4:S g41 c2005 c1 a3 t2  1.0000000       0.1528388E-007  1.0000000       1.0000000                           
     5:S g41 c2005 c1 a4 t2  1.0000000       0.0000000       1.0000000       1.0000000                           
     6:S g41 c2005 c1 a5 t2  1.0000000       0.1801466E-005  0.9999965       1.0000035                           
     7:S g41 c2005 c1 a6 t2  0.3863447E-014  0.0000000       0.3863447E-014  0.3863447E-014                      
     8:S g51 c2005 c1 a0 t2  1.0000000       0.2136108E-006  0.9999996       1.0000004                           
     9:S g51 c2005 c1 a1 t2  1.0000000       0.1468054E-006  0.9999997       1.0000003                           
    10:S g51 c2005 c1 a2 t2  1.0000000       0.5944431E-006  0.9999988       1.0000012                           
    11:S g51 c2005 c1 a3 t2  1.0000000       0.9026955E-008  1.0000000       1.0000000                           
    12:S g51 c2005 c1 a4 t2  1.0000000       0.0000000       1.0000000       1.0000000                           
    13:S g51 c2005 c1 a5 t2  1.0000000       0.1023812E-005  0.9999980       1.0000020                           
    14:S g51 c2005 c1 a6 t2  0.6931376E-014  0.0000000       0.6931376E-014  0.6931376E-014                      
    15:p g41 c2005 c1 a1 t2  0.0013898       0.8403119E-003  0.4246212E-003  0.0045391                           
    16:p g51 c2005 c1 a1 t2  0.6886824E-003  0.4815444E-003  0.1748393E-003  0.0027086                           
    17:r g41 c2005 c1 a0 t2  0.1763315       0.0092704       0.1588905       0.1952426                           
    18:r g41 c2005 c1 a1 t2  0.0010101       0.0010096       0.1422729E-003  0.0071341                           
    19:r g41 c2005 c1 a2 t2  0.9852629E-013  0.0000000       0.9852629E-013  0.9852629E-013                      
    20:r g41 c2005 c1 a3 t2  0.1338637E-010  0.5712679E-007  -.1119551E-006  0.1119819E-006                      
    21:r g41 c2005 c1 a4 t2  0.4385841E-009  0.6433059E-006  -.1260441E-005  0.1261318E-005                      
    22:r g41 c2005 c1 a5 t2  0.4790665E-010  0.0000000       0.4790665E-010  0.4790665E-010                      
    23:r g41 c2005 c1 a6 t2  0.2387160E-011  0.0000000       0.2387160E-011  0.2387160E-011                      
    24:F g41 c2005 c1 a0 t2  0.8287207       0.1803040       0.2863617       0.9831481                           

 Attempted ordering of parameters by estimatibility:
  11  9 10 12 18  3  4  2  7 15  5  1 14  6 13  8 16 17
 Beta number 17 is a singular value.

     CPU Time in seconds for last procedure was 2.07

  Program  MARK  - Survival Rate Estimation with Capture-Recapture Data
   gfortran(Win64) Vers. 8.0 Jun 2014   25-Jan-2015 15:10:01    Page  011
 - - - - - - - - - - - - - - - - - - - - - - - - - - - - - - - - - - - - - -
 


  INPUT --- proc stop;

     CPU Time in minutes for this job was 0.03

     Time Start = 15:10:00.897   Time End = 15:10:01.378

     Wall Clock Time in minutes for this job was 0.01


          E X E C U T I O N   S U C C E S S F U L 
