
   Program  MARK  - Survival Rate Estimation with Capture-Recapture Data
   gfortran(Win64) Vers. 8.0 Jun 2014   31-Jan-2015 13:38:08    Page  001
 - - - - - - - - - - - - - - - - - - - - - - - - - - - - - - - - - - - - - -
 
   This version was compiled by GCC version 4.8.1 using the options 
   -m64 -mtune=generic -march=x86-64 -mthreads -O2 -fimplicit-none -fbounds-check -funroll-loops -ftree-vectorize -fopenmp.
   This problem will use 7 of 8 possible threads.


  INPUT --- proc title ;

     CPU Time in seconds for last procedure was 0.00


  INPUT --- proc chmatrix occasions= 7 groups= 6 etype= Both ICMeans 
  INPUT --- NoHist hist= 51 ;

  INPUT ---    time  interval 1 1 1 1 1 1 1 ;

  INPUT ---    glabel(1)=sex4.age1;

  INPUT ---    glabel(2)=sex5.age1;

  INPUT ---    glabel(3)=sex4.age2;

  INPUT ---    glabel(4)=sex5.age2;

  INPUT ---    glabel(5)=sex4.age4;

  INPUT ---    glabel(6)=sex5.age4;

   * *  WARNING  * *   At least a pair of the encounter histories are duplicates. 

      Number of unique encounter histories read was 17.

      Number of individual covariates read was 0.
      Time interval lengths are all equal to 1.

      Data type number is 3
      Data type is Joint Live and Dead Encounters (Burnham)                                                            

     CPU Time in seconds for last procedure was 0.00

  Program  MARK  - Survival Rate Estimation with Capture-Recapture Data
   gfortran(Win64) Vers. 8.0 Jun 2014   31-Jan-2015 13:38:08    Page  002
 - - - - - - - - - - - - - - - - - - - - - - - - - - - - - - - - - - - - - -
 


  INPUT --- proc estimate link=Logit NOLOOP varest=2ndPart    ;


  INPUT --- model={ S(~1)p(~time)r(~1)F(~age) };

  INPUT ---    group=1 S    rows=7 cols=7 Triang ;
  INPUT ---        1 1 1 1 1 1 1 ;
  INPUT ---        1 1 1 1 1 1 ;
  INPUT ---        1 1 1 1 1 ;
  INPUT ---        1 1 1 1 ;
  INPUT ---        1 1 1 ;
  INPUT ---        1 1 ;
  INPUT ---        1 ;

  INPUT ---    group=2 S    rows=7 cols=7 Triang ;
  INPUT ---        1 1 1 1 1 1 1 ;
  INPUT ---        1 1 1 1 1 1 ;
  INPUT ---        1 1 1 1 1 ;
  INPUT ---        1 1 1 1 ;
  INPUT ---        1 1 1 ;
  INPUT ---        1 1 ;
  INPUT ---        1 ;

  INPUT ---    group=3 S    rows=7 cols=7 Triang ;
  INPUT ---        1 1 1 1 1 1 1 ;
  INPUT ---        1 1 1 1 1 1 ;
  INPUT ---        1 1 1 1 1 ;
  INPUT ---        1 1 1 1 ;
  INPUT ---        1 1 1 ;
  INPUT ---        1 1 ;
  INPUT ---        1 ;

  INPUT ---    group=4 S    rows=7 cols=7 Triang ;
  INPUT ---        1 1 1 1 1 1 1 ;
  INPUT ---        1 1 1 1 1 1 ;
  INPUT ---        1 1 1 1 1 ;
  INPUT ---        1 1 1 1 ;
  INPUT ---        1 1 1 ;
  INPUT ---        1 1 ;
  INPUT ---        1 ;

  INPUT ---    group=5 S    rows=7 cols=7 Triang ;
  INPUT ---        1 1 1 1 1 1 1 ;
  INPUT ---        1 1 1 1 1 1 ;

  Program  MARK  - Survival Rate Estimation with Capture-Recapture Data
   gfortran(Win64) Vers. 8.0 Jun 2014   31-Jan-2015 13:38:08    Page  003
 - - - - - - - - - - - - - - - - - - - - - - - - - - - - - - - - - - - - - -
 
  INPUT ---        1 1 1 1 1 ;
  INPUT ---        1 1 1 1 ;
  INPUT ---        1 1 1 ;
  INPUT ---        1 1 ;
  INPUT ---        1 ;

  INPUT ---    group=6 S    rows=7 cols=7 Triang ;
  INPUT ---        1 1 1 1 1 1 1 ;
  INPUT ---        1 1 1 1 1 1 ;
  INPUT ---        1 1 1 1 1 ;
  INPUT ---        1 1 1 1 ;
  INPUT ---        1 1 1 ;
  INPUT ---        1 1 ;
  INPUT ---        1 ;

  INPUT ---    group=1 p    rows=6 cols=6 Triang ;
  INPUT ---        2 3 4 5 6 7 ;
  INPUT ---        3 4 5 6 7 ;
  INPUT ---        4 5 6 7 ;
  INPUT ---        5 6 7 ;
  INPUT ---        6 7 ;
  INPUT ---        7 ;

  INPUT ---    group=2 p    rows=6 cols=6 Triang ;
  INPUT ---        2 3 4 5 6 7 ;
  INPUT ---        3 4 5 6 7 ;
  INPUT ---        4 5 6 7 ;
  INPUT ---        5 6 7 ;
  INPUT ---        6 7 ;
  INPUT ---        7 ;

  INPUT ---    group=3 p    rows=6 cols=6 Triang ;
  INPUT ---        2 3 4 5 6 7 ;
  INPUT ---        3 4 5 6 7 ;
  INPUT ---        4 5 6 7 ;
  INPUT ---        5 6 7 ;
  INPUT ---        6 7 ;
  INPUT ---        7 ;

  INPUT ---    group=4 p    rows=6 cols=6 Triang ;
  INPUT ---        2 3 4 5 6 7 ;
  INPUT ---        3 4 5 6 7 ;
  INPUT ---        4 5 6 7 ;
  INPUT ---        5 6 7 ;
  INPUT ---        6 7 ;
  INPUT ---        7 ;

  Program  MARK  - Survival Rate Estimation with Capture-Recapture Data
   gfortran(Win64) Vers. 8.0 Jun 2014   31-Jan-2015 13:38:08    Page  004
 - - - - - - - - - - - - - - - - - - - - - - - - - - - - - - - - - - - - - -
 

  INPUT ---    group=5 p    rows=6 cols=6 Triang ;
  INPUT ---        2 3 4 5 6 7 ;
  INPUT ---        3 4 5 6 7 ;
  INPUT ---        4 5 6 7 ;
  INPUT ---        5 6 7 ;
  INPUT ---        6 7 ;
  INPUT ---        7 ;

  INPUT ---    group=6 p    rows=6 cols=6 Triang ;
  INPUT ---        2 3 4 5 6 7 ;
  INPUT ---        3 4 5 6 7 ;
  INPUT ---        4 5 6 7 ;
  INPUT ---        5 6 7 ;
  INPUT ---        6 7 ;
  INPUT ---        7 ;

  INPUT ---    group=1 r    rows=7 cols=7 Triang ;
  INPUT ---        8 8 8 8 8 8 8 ;
  INPUT ---        8 8 8 8 8 8 ;
  INPUT ---        8 8 8 8 8 ;
  INPUT ---        8 8 8 8 ;
  INPUT ---        8 8 8 ;
  INPUT ---        8 8 ;
  INPUT ---        8 ;

  INPUT ---    group=2 r    rows=7 cols=7 Triang ;
  INPUT ---        8 8 8 8 8 8 8 ;
  INPUT ---        8 8 8 8 8 8 ;
  INPUT ---        8 8 8 8 8 ;
  INPUT ---        8 8 8 8 ;
  INPUT ---        8 8 8 ;
  INPUT ---        8 8 ;
  INPUT ---        8 ;

  INPUT ---    group=3 r    rows=7 cols=7 Triang ;
  INPUT ---        8 8 8 8 8 8 8 ;
  INPUT ---        8 8 8 8 8 8 ;
  INPUT ---        8 8 8 8 8 ;
  INPUT ---        8 8 8 8 ;
  INPUT ---        8 8 8 ;
  INPUT ---        8 8 ;
  INPUT ---        8 ;

  INPUT ---    group=4 r    rows=7 cols=7 Triang ;
  INPUT ---        8 8 8 8 8 8 8 ;

  Program  MARK  - Survival Rate Estimation with Capture-Recapture Data
   gfortran(Win64) Vers. 8.0 Jun 2014   31-Jan-2015 13:38:08    Page  005
 - - - - - - - - - - - - - - - - - - - - - - - - - - - - - - - - - - - - - -
 
  INPUT ---        8 8 8 8 8 8 ;
  INPUT ---        8 8 8 8 8 ;
  INPUT ---        8 8 8 8 ;
  INPUT ---        8 8 8 ;
  INPUT ---        8 8 ;
  INPUT ---        8 ;

  INPUT ---    group=5 r    rows=7 cols=7 Triang ;
  INPUT ---        8 8 8 8 8 8 8 ;
  INPUT ---        8 8 8 8 8 8 ;
  INPUT ---        8 8 8 8 8 ;
  INPUT ---        8 8 8 8 ;
  INPUT ---        8 8 8 ;
  INPUT ---        8 8 ;
  INPUT ---        8 ;

  INPUT ---    group=6 r    rows=7 cols=7 Triang ;
  INPUT ---        8 8 8 8 8 8 8 ;
  INPUT ---        8 8 8 8 8 8 ;
  INPUT ---        8 8 8 8 8 ;
  INPUT ---        8 8 8 8 ;
  INPUT ---        8 8 8 ;
  INPUT ---        8 8 ;
  INPUT ---        8 ;

  INPUT ---    group=1 F    rows=6 cols=6 Triang ;
  INPUT ---        9 10 11 12 13 14 ;
  INPUT ---        9 10 11 12 13 ;
  INPUT ---        9 10 11 12 ;
  INPUT ---        9 10 11 ;
  INPUT ---        9 10 ;
  INPUT ---        9 ;

  INPUT ---    group=2 F    rows=6 cols=6 Triang ;
  INPUT ---        9 10 11 12 13 14 ;
  INPUT ---        9 10 11 12 13 ;
  INPUT ---        9 10 11 12 ;
  INPUT ---        9 10 11 ;
  INPUT ---        9 10 ;
  INPUT ---        9 ;

  INPUT ---    group=3 F    rows=6 cols=6 Triang ;
  INPUT ---        9 10 11 12 13 14 ;
  INPUT ---        9 10 11 12 13 ;
  INPUT ---        9 10 11 12 ;
  INPUT ---        9 10 11 ;

  Program  MARK  - Survival Rate Estimation with Capture-Recapture Data
   gfortran(Win64) Vers. 8.0 Jun 2014   31-Jan-2015 13:38:08    Page  006
 - - - - - - - - - - - - - - - - - - - - - - - - - - - - - - - - - - - - - -
 
  INPUT ---        9 10 ;
  INPUT ---        9 ;

  INPUT ---    group=4 F    rows=6 cols=6 Triang ;
  INPUT ---        9 10 11 12 13 14 ;
  INPUT ---        9 10 11 12 13 ;
  INPUT ---        9 10 11 12 ;
  INPUT ---        9 10 11 ;
  INPUT ---        9 10 ;
  INPUT ---        9 ;

  INPUT ---    group=5 F    rows=6 cols=6 Triang ;
  INPUT ---        9 10 11 12 13 14 ;
  INPUT ---        9 10 11 12 13 ;
  INPUT ---        9 10 11 12 ;
  INPUT ---        9 10 11 ;
  INPUT ---        9 10 ;
  INPUT ---        9 ;

  INPUT ---    group=6 F    rows=6 cols=6 Triang ;
  INPUT ---        9 10 11 12 13 14 ;
  INPUT ---        9 10 11 12 13 ;
  INPUT ---        9 10 11 12 ;
  INPUT ---        9 10 11 ;
  INPUT ---        9 10 ;
  INPUT ---        9 ;

  INPUT ---    design matrix constraints=14 covariates=14;
  INPUT ---        1 0 0 0 0 0 0 0 0 0 0 0 0 0;
  INPUT ---        0 1 0 0 0 0 0 0 0 0 0 0 0 0;
  INPUT ---        0 1 1 0 0 0 0 0 0 0 0 0 0 0;
  INPUT ---        0 1 0 1 0 0 0 0 0 0 0 0 0 0;
  INPUT ---        0 1 0 0 1 0 0 0 0 0 0 0 0 0;
  INPUT ---        0 1 0 0 0 1 0 0 0 0 0 0 0 0;
  INPUT ---        0 1 0 0 0 0 1 0 0 0 0 0 0 0;
  INPUT ---        0 0 0 0 0 0 0 1 0 0 0 0 0 0;
  INPUT ---        0 0 0 0 0 0 0 0 1 0 0 0 0 0;
  INPUT ---        0 0 0 0 0 0 0 0 1 1 0 0 0 0;
  INPUT ---        0 0 0 0 0 0 0 0 1 0 1 0 0 0;
  INPUT ---        0 0 0 0 0 0 0 0 1 0 0 1 0 0;
  INPUT ---        0 0 0 0 0 0 0 0 1 0 0 0 1 0;
  INPUT ---        0 0 0 0 0 0 0 0 1 0 0 0 0 1;

  INPUT ---    blabel(1)=S:(Intercept);

  INPUT ---    blabel(2)=p:(Intercept);

  Program  MARK  - Survival Rate Estimation with Capture-Recapture Data
   gfortran(Win64) Vers. 8.0 Jun 2014   31-Jan-2015 13:38:08    Page  007
 - - - - - - - - - - - - - - - - - - - - - - - - - - - - - - - - - - - - - -
 

  INPUT ---    blabel(3)=p:time2007;

  INPUT ---    blabel(4)=p:time2008;

  INPUT ---    blabel(5)=p:time2009;

  INPUT ---    blabel(6)=p:time2010;

  INPUT ---    blabel(7)=p:time2011;

  INPUT ---    blabel(8)=r:(Intercept);

  INPUT ---    blabel(9)=F:(Intercept);

  INPUT ---    blabel(10)=F:age1;

  INPUT ---    blabel(11)=F:age2;

  INPUT ---    blabel(12)=F:age3;

  INPUT ---    blabel(13)=F:age4;

  INPUT ---    blabel(14)=F:age5;

  INPUT ---    rlabel(1)=S g41 c2005 c1 a0 t2005;

  INPUT ---    rlabel(2)=p g41 c2005 c1 a1 t2006;

  INPUT ---    rlabel(3)=p g41 c2005 c1 a2 t2007;

  INPUT ---    rlabel(4)=p g41 c2005 c1 a3 t2008;

  INPUT ---    rlabel(5)=p g41 c2005 c1 a4 t2009;

  INPUT ---    rlabel(6)=p g41 c2005 c1 a5 t2010;

  INPUT ---    rlabel(7)=p g41 c2005 c1 a6 t2011;

  INPUT ---    rlabel(8)=r g41 c2005 c1 a0 t2005;

  INPUT ---    rlabel(9)=F g41 c2005 c1 a0 t2005;

  INPUT ---    rlabel(10)=F g41 c2005 c1 a1 t2006;

  INPUT ---    rlabel(11)=F g41 c2005 c1 a2 t2007;

  Program  MARK  - Survival Rate Estimation with Capture-Recapture Data
   gfortran(Win64) Vers. 8.0 Jun 2014   31-Jan-2015 13:38:08    Page  008
 - - - - - - - - - - - - - - - - - - - - - - - - - - - - - - - - - - - - - -
 

  INPUT ---    rlabel(12)=F g41 c2005 c1 a3 t2008;

  INPUT ---    rlabel(13)=F g41 c2005 c1 a4 t2009;

  INPUT ---    rlabel(14)=F g41 c2005 c1 a5 t2010;

 Link Function Used is LOGIT        

 Variance Estimation Procedure Used is 2ndPart 

 M(t+1):



 -2logL(saturated) = 1739.8188     
 Effective Sample Size = 7075

 Number of function evaluations was 47 for 14 parameters.
 Time for numerical optimization was 1.08 seconds.
 -2logL { S(~1)p(~time)r(~1)F(~age) } = 2763.3000     
 Penalty { S(~1)p(~time)r(~1)F(~age) } = -0.0000000    
 Gradient { S(~1)p(~time)r(~1)F(~age) }:
 -0.4875209E-04-0.8962183E-05-0.9145295E-06 0.1365541E-05  0.000000    
 -0.9028880E-05  0.000000    -0.1218529E-03-0.1510926E-04  0.000000    
   0.000000    -0.7076041E-06-0.1413492E-06  0.000000    
 S Vector { S(~1)p(~time)r(~1)F(~age) }:
   286.0721      32.22355      6.523370      3.511617      1.745040    
  0.9525958     0.3059637E-04 0.1126015E-06 0.5054777E-07 0.1545530E-07
  0.1001363E-07 0.2248201E-08 0.6343274E-09 0.5441722E-09
 Time to compute number of parameters was 0.25 seconds.
   Threshold =  0.3000000E-06     Condition index =  0.1902221E-11     New Threshold =  0.2036106E-08
 New Guessimate of Estimated Parameters { S(~1)p(~time)r(~1)F(~age) } = 7          
 Conditioned S Vector { S(~1)p(~time)r(~1)F(~age) }:
   1.000000     0.1126414     0.2280324E-01 0.1227529E-01 0.6100001E-02
  0.3329916E-02 0.1069534E-06 0.3936123E-09 0.1766959E-09 0.5402591E-10
  0.3500387E-10 0.7858862E-11 0.2217369E-11 0.1902221E-11
 Number of Estimated Parameters { S(~1)p(~time)r(~1)F(~age) } = 6          
 DEVIANCE { S(~1)p(~time)r(~1)F(~age) } = 1023.4813                     
 DEVIANCE Degrees of Freedom { S(~1)p(~time)r(~1)F(~age) } = 9            
 c-hat { S(~1)p(~time)r(~1)F(~age) } = 113.72014                     
 AIC { S(~1)p(~time)r(~1)F(~age) } = 2775.3000                  
 AICc { S(~1)p(~time)r(~1)F(~age) } = 2775.3119                    
 BIC { S(~1)p(~time)r(~1)F(~age) } = 2816.4860                    
 Pearson Chisquare { S(~1)p(~time)r(~1)F(~age) } = Not a Number               
 Possible Encounter Histories { S(~1)p(~time)r(~1)F(~age) } = 896             
 Pearson Chisquare df { S(~1)p(~time)r(~1)F(~age) } = 854        
 Pearson chat { S(~1)p(~time)r(~1)F(~age) } = Not a Number               
 Sum(Observed/Expected) { S(~1)p(~time)r(~1)F(~age) } = Not a Number               
 Fletcher chat { S(~1)p(~time)r(~1)F(~age) } = Not a Number               


                LOGIT Link Function Parameters of { S(~1)p(~time)r(~1)F(~age) }
                                                              95% Confidence Interval
 Parameter                    Beta         Standard Error      Lower           Upper
 -------------------------  --------------  --------------  --------------  --------------
    1:S:(Intercept)         -2.7311002      0.2569828       -3.2347864      -2.2274140    
    2:p:(Intercept)         -100.49265      90.394016       -277.66492      76.679628     
    3:p:time2007            98.460731       90.400904       -78.725045      275.64651     
    4:p:time2008            98.916119       90.396954       -78.261915      276.09415     
    5:p:time2009            55.627700       9810.4106       -19172.777      19284.033     
    6:p:time2010            99.742999       90.394590       -77.430400      276.91640     
    7:p:time2011            165.16557       400.02394       -618.88136      949.21250     

  Program  MARK  - Survival Rate Estimation with Capture-Recapture Data
   gfortran(Win64) Vers. 8.0 Jun 2014   31-Jan-2015 13:38:09    Page  009
 - - - - - - - - - - - - - - - - - - - - - - - - - - - - - - - - - - - - - -
 
    8:r:(Intercept)         -3.1051319      0.0592334       -3.2212294      -2.9890345    
    9:F:(Intercept)         -2.0097260      0.4605951       -2.9124923      -1.1069597    
   10:F:age1                34.720774       4492.8478       -8771.2611      8840.7027     
   11:F:age2                27.721572       3063.0357       -5975.8285      6031.2717     
   12:F:age3                63.272259       8181.1038       -15971.692      16098.236     
   13:F:age4                320.75645       112.79815       99.672075       541.84083     
   14:F:age5                322.20976       561.71476       -778.75120      1423.1707     


                Real Function Parameters of { S(~1)p(~time)r(~1)F(~age) }
                                                               95% Confidence Interval
  Parameter                  Estimate       Standard Error      Lower           Upper
 --------------------------  --------------  --------------  --------------  --------------
     1:S g41 c2005 c1 a0 t2  0.0611630       0.0147565       0.0378774       0.0973156                           
     2:p g41 c2005 c1 a1 t2  0.2272991E-043  0.2054648E-041  -.4004380E-041  0.4049839E-041                      
     3:p g41 c2005 c1 a2 t2  0.1158924       0.1169993       0.0137888       0.5513635                           
     4:p g41 c2005 c1 a3 t2  0.1712877       0.1226125       0.0366309       0.5290890                           
     5:p g41 c2005 c1 a4 t2  0.3276429E-019  0.3214403E-015  -.6299902E-015  0.6300557E-015                      
     6:p g41 c2005 c1 a5 t2  0.3208979       0.1516428       0.1077889       0.6489054                           
     7:p g41 c2005 c1 a6 t2  1.0000000       0.0000000       1.0000000       1.0000000                           
     8:r g41 c2005 c1 a0 t2  0.0428961       0.0024319       0.0383746       0.0479237                           
     9:F g41 c2005 c1 a0 t2  0.1181855       0.0480022       0.0515395       0.2484381                           
    10:F g41 c2005 c1 a1 t2  1.0000000       0.2793315E-010  1.0000000       1.0000000                           
    11:F g41 c2005 c1 a2 t2  1.0000000       0.2087593E-007  1.0000000       1.0000000                           
    12:F g41 c2005 c1 a3 t2  1.0000000       0.0000000       1.0000000       1.0000000                           
    13:F g41 c2005 c1 a4 t2  1.0000000       0.0000000       1.0000000       1.0000000                           
    14:F g41 c2005 c1 a5 t2  1.0000000       0.0000000       1.0000000       1.0000000                           

 Attempted ordering of parameters by estimatibility:
   8  1  9  2  6  4  3 11 10 12  5  7 13 14
 Beta number 14 is a singular value.

     CPU Time in seconds for last procedure was 1.34

  Program  MARK  - Survival Rate Estimation with Capture-Recapture Data
   gfortran(Win64) Vers. 8.0 Jun 2014   31-Jan-2015 13:38:09    Page  010
 - - - - - - - - - - - - - - - - - - - - - - - - - - - - - - - - - - - - - -
 


  INPUT --- proc stop;

     CPU Time in minutes for this job was 0.02

     Time Start = 13:38:08.813   Time End = 13:38:09.146

     Wall Clock Time in minutes for this job was 0.01


          E X E C U T I O N   S U C C E S S F U L 
