
   Program  MARK  - Survival Rate Estimation with Capture-Recapture Data
   gfortran(Win64) Vers. 8.0 Jun 2014   25-Jan-2015 15:07:52    Page  001
 - - - - - - - - - - - - - - - - - - - - - - - - - - - - - - - - - - - - - -
 
   This version was compiled by GCC version 4.8.1 using the options 
   -m64 -mtune=generic -march=x86-64 -mthreads -O2 -fimplicit-none -fbounds-check -funroll-loops -ftree-vectorize -fopenmp.
   This problem will use 7 of 8 possible threads.


  INPUT --- proc title ;

     CPU Time in seconds for last procedure was 0.00


  INPUT --- proc chmatrix occasions= 7 groups= 6 etype= Both ICMeans 
  INPUT --- NoHist hist= 51 ;

  INPUT ---    time  interval 1 1 1 1 1 1 1 ;

  INPUT ---    glabel(1)=sex4.age1;

  INPUT ---    glabel(2)=sex5.age1;

  INPUT ---    glabel(3)=sex4.age2;

  INPUT ---    glabel(4)=sex5.age2;

  INPUT ---    glabel(5)=sex4.age4;

  INPUT ---    glabel(6)=sex5.age4;

   * *  WARNING  * *   At least a pair of the encounter histories are duplicates. 

      Number of unique encounter histories read was 17.

      Number of individual covariates read was 0.
      Time interval lengths are all equal to 1.

      Data type number is 3
      Data type is Joint Live and Dead Encounters (Burnham)                                                            

     CPU Time in seconds for last procedure was 0.02

  Program  MARK  - Survival Rate Estimation with Capture-Recapture Data
   gfortran(Win64) Vers. 8.0 Jun 2014   25-Jan-2015 15:07:52    Page  002
 - - - - - - - - - - - - - - - - - - - - - - - - - - - - - - - - - - - - - -
 


  INPUT --- proc estimate link=Logit NOLOOP varest=2ndPart    ;


  INPUT --- model={ S(~sex)p(~age)r(~1)F(~1) };

  INPUT ---    group=1 S    rows=7 cols=7 Triang ;
  INPUT ---        1 1 1 1 1 1 1 ;
  INPUT ---        1 1 1 1 1 1 ;
  INPUT ---        1 1 1 1 1 ;
  INPUT ---        1 1 1 1 ;
  INPUT ---        1 1 1 ;
  INPUT ---        1 1 ;
  INPUT ---        1 ;

  INPUT ---    group=2 S    rows=7 cols=7 Triang ;
  INPUT ---        2 2 2 2 2 2 2 ;
  INPUT ---        2 2 2 2 2 2 ;
  INPUT ---        2 2 2 2 2 ;
  INPUT ---        2 2 2 2 ;
  INPUT ---        2 2 2 ;
  INPUT ---        2 2 ;
  INPUT ---        2 ;

  INPUT ---    group=3 S    rows=7 cols=7 Triang ;
  INPUT ---        1 1 1 1 1 1 1 ;
  INPUT ---        1 1 1 1 1 1 ;
  INPUT ---        1 1 1 1 1 ;
  INPUT ---        1 1 1 1 ;
  INPUT ---        1 1 1 ;
  INPUT ---        1 1 ;
  INPUT ---        1 ;

  INPUT ---    group=4 S    rows=7 cols=7 Triang ;
  INPUT ---        2 2 2 2 2 2 2 ;
  INPUT ---        2 2 2 2 2 2 ;
  INPUT ---        2 2 2 2 2 ;
  INPUT ---        2 2 2 2 ;
  INPUT ---        2 2 2 ;
  INPUT ---        2 2 ;
  INPUT ---        2 ;

  INPUT ---    group=5 S    rows=7 cols=7 Triang ;
  INPUT ---        1 1 1 1 1 1 1 ;
  INPUT ---        1 1 1 1 1 1 ;

  Program  MARK  - Survival Rate Estimation with Capture-Recapture Data
   gfortran(Win64) Vers. 8.0 Jun 2014   25-Jan-2015 15:07:52    Page  003
 - - - - - - - - - - - - - - - - - - - - - - - - - - - - - - - - - - - - - -
 
  INPUT ---        1 1 1 1 1 ;
  INPUT ---        1 1 1 1 ;
  INPUT ---        1 1 1 ;
  INPUT ---        1 1 ;
  INPUT ---        1 ;

  INPUT ---    group=6 S    rows=7 cols=7 Triang ;
  INPUT ---        2 2 2 2 2 2 2 ;
  INPUT ---        2 2 2 2 2 2 ;
  INPUT ---        2 2 2 2 2 ;
  INPUT ---        2 2 2 2 ;
  INPUT ---        2 2 2 ;
  INPUT ---        2 2 ;
  INPUT ---        2 ;

  INPUT ---    group=1 p    rows=6 cols=6 Triang ;
  INPUT ---        3 4 5 6 7 8 ;
  INPUT ---        3 4 5 6 7 ;
  INPUT ---        3 4 5 6 ;
  INPUT ---        3 4 5 ;
  INPUT ---        3 4 ;
  INPUT ---        3 ;

  INPUT ---    group=2 p    rows=6 cols=6 Triang ;
  INPUT ---        3 4 5 6 7 8 ;
  INPUT ---        3 4 5 6 7 ;
  INPUT ---        3 4 5 6 ;
  INPUT ---        3 4 5 ;
  INPUT ---        3 4 ;
  INPUT ---        3 ;

  INPUT ---    group=3 p    rows=6 cols=6 Triang ;
  INPUT ---        3 4 5 6 7 8 ;
  INPUT ---        3 4 5 6 7 ;
  INPUT ---        3 4 5 6 ;
  INPUT ---        3 4 5 ;
  INPUT ---        3 4 ;
  INPUT ---        3 ;

  INPUT ---    group=4 p    rows=6 cols=6 Triang ;
  INPUT ---        3 4 5 6 7 8 ;
  INPUT ---        3 4 5 6 7 ;
  INPUT ---        3 4 5 6 ;
  INPUT ---        3 4 5 ;
  INPUT ---        3 4 ;
  INPUT ---        3 ;

  Program  MARK  - Survival Rate Estimation with Capture-Recapture Data
   gfortran(Win64) Vers. 8.0 Jun 2014   25-Jan-2015 15:07:52    Page  004
 - - - - - - - - - - - - - - - - - - - - - - - - - - - - - - - - - - - - - -
 

  INPUT ---    group=5 p    rows=6 cols=6 Triang ;
  INPUT ---        3 4 5 6 7 8 ;
  INPUT ---        3 4 5 6 7 ;
  INPUT ---        3 4 5 6 ;
  INPUT ---        3 4 5 ;
  INPUT ---        3 4 ;
  INPUT ---        3 ;

  INPUT ---    group=6 p    rows=6 cols=6 Triang ;
  INPUT ---        3 4 5 6 7 8 ;
  INPUT ---        3 4 5 6 7 ;
  INPUT ---        3 4 5 6 ;
  INPUT ---        3 4 5 ;
  INPUT ---        3 4 ;
  INPUT ---        3 ;

  INPUT ---    group=1 r    rows=7 cols=7 Triang ;
  INPUT ---        9 9 9 9 9 9 9 ;
  INPUT ---        9 9 9 9 9 9 ;
  INPUT ---        9 9 9 9 9 ;
  INPUT ---        9 9 9 9 ;
  INPUT ---        9 9 9 ;
  INPUT ---        9 9 ;
  INPUT ---        9 ;

  INPUT ---    group=2 r    rows=7 cols=7 Triang ;
  INPUT ---        9 9 9 9 9 9 9 ;
  INPUT ---        9 9 9 9 9 9 ;
  INPUT ---        9 9 9 9 9 ;
  INPUT ---        9 9 9 9 ;
  INPUT ---        9 9 9 ;
  INPUT ---        9 9 ;
  INPUT ---        9 ;

  INPUT ---    group=3 r    rows=7 cols=7 Triang ;
  INPUT ---        9 9 9 9 9 9 9 ;
  INPUT ---        9 9 9 9 9 9 ;
  INPUT ---        9 9 9 9 9 ;
  INPUT ---        9 9 9 9 ;
  INPUT ---        9 9 9 ;
  INPUT ---        9 9 ;
  INPUT ---        9 ;

  INPUT ---    group=4 r    rows=7 cols=7 Triang ;
  INPUT ---        9 9 9 9 9 9 9 ;

  Program  MARK  - Survival Rate Estimation with Capture-Recapture Data
   gfortran(Win64) Vers. 8.0 Jun 2014   25-Jan-2015 15:07:52    Page  005
 - - - - - - - - - - - - - - - - - - - - - - - - - - - - - - - - - - - - - -
 
  INPUT ---        9 9 9 9 9 9 ;
  INPUT ---        9 9 9 9 9 ;
  INPUT ---        9 9 9 9 ;
  INPUT ---        9 9 9 ;
  INPUT ---        9 9 ;
  INPUT ---        9 ;

  INPUT ---    group=5 r    rows=7 cols=7 Triang ;
  INPUT ---        9 9 9 9 9 9 9 ;
  INPUT ---        9 9 9 9 9 9 ;
  INPUT ---        9 9 9 9 9 ;
  INPUT ---        9 9 9 9 ;
  INPUT ---        9 9 9 ;
  INPUT ---        9 9 ;
  INPUT ---        9 ;

  INPUT ---    group=6 r    rows=7 cols=7 Triang ;
  INPUT ---        9 9 9 9 9 9 9 ;
  INPUT ---        9 9 9 9 9 9 ;
  INPUT ---        9 9 9 9 9 ;
  INPUT ---        9 9 9 9 ;
  INPUT ---        9 9 9 ;
  INPUT ---        9 9 ;
  INPUT ---        9 ;

  INPUT ---    group=1 F    rows=6 cols=6 Triang ;
  INPUT ---        10 10 10 10 10 10 ;
  INPUT ---        10 10 10 10 10 ;
  INPUT ---        10 10 10 10 ;
  INPUT ---        10 10 10 ;
  INPUT ---        10 10 ;
  INPUT ---        10 ;

  INPUT ---    group=2 F    rows=6 cols=6 Triang ;
  INPUT ---        10 10 10 10 10 10 ;
  INPUT ---        10 10 10 10 10 ;
  INPUT ---        10 10 10 10 ;
  INPUT ---        10 10 10 ;
  INPUT ---        10 10 ;
  INPUT ---        10 ;

  INPUT ---    group=3 F    rows=6 cols=6 Triang ;
  INPUT ---        10 10 10 10 10 10 ;
  INPUT ---        10 10 10 10 10 ;
  INPUT ---        10 10 10 10 ;
  INPUT ---        10 10 10 ;

  Program  MARK  - Survival Rate Estimation with Capture-Recapture Data
   gfortran(Win64) Vers. 8.0 Jun 2014   25-Jan-2015 15:07:52    Page  006
 - - - - - - - - - - - - - - - - - - - - - - - - - - - - - - - - - - - - - -
 
  INPUT ---        10 10 ;
  INPUT ---        10 ;

  INPUT ---    group=4 F    rows=6 cols=6 Triang ;
  INPUT ---        10 10 10 10 10 10 ;
  INPUT ---        10 10 10 10 10 ;
  INPUT ---        10 10 10 10 ;
  INPUT ---        10 10 10 ;
  INPUT ---        10 10 ;
  INPUT ---        10 ;

  INPUT ---    group=5 F    rows=6 cols=6 Triang ;
  INPUT ---        10 10 10 10 10 10 ;
  INPUT ---        10 10 10 10 10 ;
  INPUT ---        10 10 10 10 ;
  INPUT ---        10 10 10 ;
  INPUT ---        10 10 ;
  INPUT ---        10 ;

  INPUT ---    group=6 F    rows=6 cols=6 Triang ;
  INPUT ---        10 10 10 10 10 10 ;
  INPUT ---        10 10 10 10 10 ;
  INPUT ---        10 10 10 10 ;
  INPUT ---        10 10 10 ;
  INPUT ---        10 10 ;
  INPUT ---        10 ;

  INPUT ---    design matrix constraints=10 covariates=10;
  INPUT ---        1 0 0 0 0 0 0 0 0 0;
  INPUT ---        1 1 0 0 0 0 0 0 0 0;
  INPUT ---        0 0 1 0 0 0 0 0 0 0;
  INPUT ---        0 0 1 1 0 0 0 0 0 0;
  INPUT ---        0 0 1 0 1 0 0 0 0 0;
  INPUT ---        0 0 1 0 0 1 0 0 0 0;
  INPUT ---        0 0 1 0 0 0 1 0 0 0;
  INPUT ---        0 0 1 0 0 0 0 1 0 0;
  INPUT ---        0 0 0 0 0 0 0 0 1 0;
  INPUT ---        0 0 0 0 0 0 0 0 0 1;

  INPUT ---    blabel(1)=S:(Intercept);

  INPUT ---    blabel(2)=S:sex5;

  INPUT ---    blabel(3)=p:(Intercept);

  INPUT ---    blabel(4)=p:age2;

  Program  MARK  - Survival Rate Estimation with Capture-Recapture Data
   gfortran(Win64) Vers. 8.0 Jun 2014   25-Jan-2015 15:07:52    Page  007
 - - - - - - - - - - - - - - - - - - - - - - - - - - - - - - - - - - - - - -
 

  INPUT ---    blabel(5)=p:age3;

  INPUT ---    blabel(6)=p:age4;

  INPUT ---    blabel(7)=p:age5;

  INPUT ---    blabel(8)=p:age6;

  INPUT ---    blabel(9)=r:(Intercept);

  INPUT ---    blabel(10)=F:(Intercept);

  INPUT ---    rlabel(1)=S g41 c2005 c1 a0 t2005;

  INPUT ---    rlabel(2)=S g51 c2005 c1 a0 t2005;

  INPUT ---    rlabel(3)=p g41 c2005 c1 a1 t2006;

  INPUT ---    rlabel(4)=p g41 c2005 c1 a2 t2007;

  INPUT ---    rlabel(5)=p g41 c2005 c1 a3 t2008;

  INPUT ---    rlabel(6)=p g41 c2005 c1 a4 t2009;

  INPUT ---    rlabel(7)=p g41 c2005 c1 a5 t2010;

  INPUT ---    rlabel(8)=p g41 c2005 c1 a6 t2011;

  INPUT ---    rlabel(9)=r g41 c2005 c1 a0 t2005;

  INPUT ---    rlabel(10)=F g41 c2005 c1 a0 t2005;

 Link Function Used is LOGIT        

 Variance Estimation Procedure Used is 2ndPart 

 M(t+1):



 -2logL(saturated) = 1739.8188     
 Effective Sample Size = 7075

 Number of function evaluations was 63 for 10 parameters.
 Time for numerical optimization was 0.66 seconds.

  Program  MARK  - Survival Rate Estimation with Capture-Recapture Data
   gfortran(Win64) Vers. 8.0 Jun 2014   25-Jan-2015 15:07:52    Page  008
 - - - - - - - - - - - - - - - - - - - - - - - - - - - - - - - - - - - - - -
 
 -2logL { S(~sex)p(~age)r(~1)F(~1) } = 2744.1974     
 Penalty { S(~sex)p(~age)r(~1)F(~1) } = -0.0000000    
 Gradient { S(~sex)p(~age)r(~1)F(~1) }:
  0.1298425E-04 0.7908090E-04-0.2651179E-04 0.1712060E-04  0.000000    
  0.7848655E-05-0.4099570E-05  0.000000     0.4433458E-04  0.000000    
 S Vector { S(~sex)p(~age)r(~1)F(~1) }:
   286.0648      40.61416      6.953211      5.090907      1.358269    
  0.7172221     0.5244711     0.5543671E-06 0.1030732E-08 0.4503734E-13
 Time to compute number of parameters was 0.14 seconds.
   Threshold =  0.2200000E-06     Condition index =  0.1574376E-15     New Threshold =  0.1424206E-12
 New Guessimate of Estimated Parameters { S(~sex)p(~age)r(~1)F(~1) } = 9          
 Conditioned S Vector { S(~sex)p(~age)r(~1)F(~1) }:
   1.000000     0.1419754     0.2430642E-01 0.1779634E-01 0.4748116E-02
  0.2507202E-02 0.1833400E-02 0.1937908E-08 0.3603141E-11 0.1574376E-15
 Number of Estimated Parameters { S(~sex)p(~age)r(~1)F(~1) } = 7          
 DEVIANCE { S(~sex)p(~age)r(~1)F(~1) } = 1004.3786                     
 DEVIANCE Degrees of Freedom { S(~sex)p(~age)r(~1)F(~1) } = 8            
 c-hat { S(~sex)p(~age)r(~1)F(~1) } = 125.54733                     
 AIC { S(~sex)p(~age)r(~1)F(~1) } = 2758.1974                  
 AICc { S(~sex)p(~age)r(~1)F(~1) } = 2758.2132                    
 BIC { S(~sex)p(~age)r(~1)F(~1) } = 2806.2476                    
 Pearson Chisquare { S(~sex)p(~age)r(~1)F(~1) } = Not a Number               
 Possible Encounter Histories { S(~sex)p(~age)r(~1)F(~1) } = 896             
 Pearson Chisquare df { S(~sex)p(~age)r(~1)F(~1) } = 853        
 Pearson chat { S(~sex)p(~age)r(~1)F(~1) } = Not a Number               
 Sum(Observed/Expected) { S(~sex)p(~age)r(~1)F(~1) } = Not a Number               
 Fletcher chat { S(~sex)p(~age)r(~1)F(~1) } = Not a Number               


                 LOGIT Link Function Parameters of { S(~sex)p(~age)r(~1)F(~1) }
                                                              95% Confidence Interval
 Parameter                    Beta         Standard Error      Lower           Upper
 -------------------------  --------------  --------------  --------------  --------------
    1:S:(Intercept)         -2.5023002      0.2839849       -3.0589106      -1.9456898    
    2:S:sex5                -0.1500813      0.3686683       -0.8726712      0.5725086     
    3:p:(Intercept)         -4.1457938      0.4644996       -5.0562131      -3.2353745    
    4:p:age2                1.6561416       0.8789701       -0.0666398      3.3789231     
    5:p:age3                2.7761486       1.2212381       0.3825219       5.1697753     
    6:p:age4                4.7939523       1.3060257       2.2341419       7.3537628     
    7:p:age5                -10.092563      1343.0781       -2642.5257      2622.3406     
    8:p:age6                41.875073       0.7512142E-004  41.874926       41.875220     
    9:r:(Intercept)         -3.1028680      0.0592439       -3.2189861      -2.9867500    
   10:F:(Intercept)         20.142765       0.7091120E-004  20.142626       20.142904     


                 Real Function Parameters of { S(~sex)p(~age)r(~1)F(~1) }
                                                               95% Confidence Interval
  Parameter                  Estimate       Standard Error      Lower           Upper
 --------------------------  --------------  --------------  --------------  --------------
     1:S g41 c2005 c1 a0 t2  0.0756971       0.0198696       0.0448343       0.1250241                           
     2:S g51 c2005 c1 a0 t2  0.0658424       0.0184257       0.0377046       0.1125232                           
     3:p g41 c2005 c1 a1 t2  0.0155842       0.0071260       0.0063293       0.0378560                           
     4:p g41 c2005 c1 a2 t2  0.0765868       0.0598961       0.0155253       0.3037156                           
     5:p g41 c2005 c1 a3 t2  0.2026772       0.1872146       0.0255726       0.7111629                           
     6:p g41 c2005 c1 a4 t2  0.6565954       0.2760745       0.1478380       0.9546951                           
     7:p g41 c2005 c1 a5 t2  0.6551792E-006  0.8799561E-003  0.6459859E-310  1.0000000                           
     8:p g41 c2005 c1 a6 t2  1.0000000       0.0000000       1.0000000       1.0000000                           
     9:r g41 c2005 c1 a0 t2  0.0429891       0.0024374       0.0384575       0.0480281                           

  Program  MARK  - Survival Rate Estimation with Capture-Recapture Data
   gfortran(Win64) Vers. 8.0 Jun 2014   25-Jan-2015 15:07:52    Page  009
 - - - - - - - - - - - - - - - - - - - - - - - - - - - - - - - - - - - - - -
 
    10:F g41 c2005 c1 a0 t2  1.0000000       0.1267135E-012  1.0000000       1.0000000                           

 Attempted ordering of parameters by estimatibility:
   9  1  2  3  4  5  6  7  8 10
 Beta number 10 is a singular value.

     CPU Time in seconds for last procedure was 0.81


  INPUT --- proc stop;

     CPU Time in minutes for this job was 0.01

     Time Start = 15:07:52.015   Time End = 15:07:52.221

     Wall Clock Time in minutes for this job was 0.00


          E X E C U T I O N   S U C C E S S F U L 
