
   Program  MARK  - Survival Rate Estimation with Capture-Recapture Data
   gfortran(Win64) Vers. 8.0 Jun 2014   21-Jan-2015 17:41:42    Page  001
 - - - - - - - - - - - - - - - - - - - - - - - - - - - - - - - - - - - - - -
 
   This version was compiled by GCC version 4.8.1 using the options 
   -m64 -mtune=generic -march=x86-64 -mthreads -O2 -fimplicit-none -fbounds-check -funroll-loops -ftree-vectorize -fopenmp.
   This problem will use 3 of 4 possible threads.


  INPUT --- proc title ;

     CPU Time in seconds for last procedure was 0.02


  INPUT --- proc chmatrix occasions= 7 groups= 16 etype= Live ICMeans 
  INPUT --- NoHist hist= 341 ;

  INPUT ---    time  interval 1 1 1 1 1 1 ;

  INPUT ---    glabel(1)=sexM.age1.region1;

  INPUT ---    glabel(2)=sexF.age2.region1;

  INPUT ---    glabel(3)=sexM.age2.region1;

  INPUT ---    glabel(4)=sexF.age3.region1;

  INPUT ---    glabel(5)=sexM.age1.region2;

  INPUT ---    glabel(6)=sexF.age2.region2;

  INPUT ---    glabel(7)=sexM.age2.region2;

  INPUT ---    glabel(8)=sexF.age3.region2;

  INPUT ---    glabel(9)=sexM.age1.region3;

  INPUT ---    glabel(10)=sexF.age2.region3;

  INPUT ---    glabel(11)=sexM.age2.region3;

  INPUT ---    glabel(12)=sexF.age3.region3;

  INPUT ---    glabel(13)=sexM.age1.region4;

  INPUT ---    glabel(14)=sexF.age2.region4;

  INPUT ---    glabel(15)=sexM.age2.region4;


  Program  MARK  - Survival Rate Estimation with Capture-Recapture Data
   gfortran(Win64) Vers. 8.0 Jun 2014   21-Jan-2015 17:41:42    Page  002
 - - - - - - - - - - - - - - - - - - - - - - - - - - - - - - - - - - - - - -
 
  INPUT ---    glabel(16)=sexF.age3.region4;

   * *  WARNING  * *   At least a pair of the encounter histories are duplicates. 

      Number of unique encounter histories read was 108.

      Number of individual covariates read was 0.
      Time interval lengths are all equal to 1.

      Data type number is 1
      Data type is Live Recaptures (CJS)                                                                               

     CPU Time in seconds for last procedure was 0.02


  INPUT --- proc estimate link=Logit NOLOOP varest=2ndPart    ;


  INPUT --- model={ Phi(~1)p(~time) };

  INPUT ---    group=1 Phi    rows=6 cols=6 Triang ;
  INPUT ---        1 1 1 1 1 1 ;
  INPUT ---        1 1 1 1 1 ;
  INPUT ---        1 1 1 1 ;
  INPUT ---        1 1 1 ;
  INPUT ---        1 1 ;
  INPUT ---        1 ;

  INPUT ---    group=2 Phi    rows=6 cols=6 Triang ;
  INPUT ---        1 1 1 1 1 1 ;
  INPUT ---        1 1 1 1 1 ;
  INPUT ---        1 1 1 1 ;
  INPUT ---        1 1 1 ;
  INPUT ---        1 1 ;
  INPUT ---        1 ;

  INPUT ---    group=3 Phi    rows=6 cols=6 Triang ;
  INPUT ---        1 1 1 1 1 1 ;
  INPUT ---        1 1 1 1 1 ;
  INPUT ---        1 1 1 1 ;
  INPUT ---        1 1 1 ;
  INPUT ---        1 1 ;
  INPUT ---        1 ;

  INPUT ---    group=4 Phi    rows=6 cols=6 Triang ;
  INPUT ---        1 1 1 1 1 1 ;
  INPUT ---        1 1 1 1 1 ;

  Program  MARK  - Survival Rate Estimation with Capture-Recapture Data
   gfortran(Win64) Vers. 8.0 Jun 2014   21-Jan-2015 17:41:42    Page  003
 - - - - - - - - - - - - - - - - - - - - - - - - - - - - - - - - - - - - - -
 
  INPUT ---        1 1 1 1 ;
  INPUT ---        1 1 1 ;
  INPUT ---        1 1 ;
  INPUT ---        1 ;

  INPUT ---    group=5 Phi    rows=6 cols=6 Triang ;
  INPUT ---        1 1 1 1 1 1 ;
  INPUT ---        1 1 1 1 1 ;
  INPUT ---        1 1 1 1 ;
  INPUT ---        1 1 1 ;
  INPUT ---        1 1 ;
  INPUT ---        1 ;

  INPUT ---    group=6 Phi    rows=6 cols=6 Triang ;
  INPUT ---        1 1 1 1 1 1 ;
  INPUT ---        1 1 1 1 1 ;
  INPUT ---        1 1 1 1 ;
  INPUT ---        1 1 1 ;
  INPUT ---        1 1 ;
  INPUT ---        1 ;

  INPUT ---    group=7 Phi    rows=6 cols=6 Triang ;
  INPUT ---        1 1 1 1 1 1 ;
  INPUT ---        1 1 1 1 1 ;
  INPUT ---        1 1 1 1 ;
  INPUT ---        1 1 1 ;
  INPUT ---        1 1 ;
  INPUT ---        1 ;

  INPUT ---    group=8 Phi    rows=6 cols=6 Triang ;
  INPUT ---        1 1 1 1 1 1 ;
  INPUT ---        1 1 1 1 1 ;
  INPUT ---        1 1 1 1 ;
  INPUT ---        1 1 1 ;
  INPUT ---        1 1 ;
  INPUT ---        1 ;

  INPUT ---    group=9 Phi    rows=6 cols=6 Triang ;
  INPUT ---        1 1 1 1 1 1 ;
  INPUT ---        1 1 1 1 1 ;
  INPUT ---        1 1 1 1 ;
  INPUT ---        1 1 1 ;
  INPUT ---        1 1 ;
  INPUT ---        1 ;

  INPUT ---    group=10 Phi    rows=6 cols=6 Triang ;

  Program  MARK  - Survival Rate Estimation with Capture-Recapture Data
   gfortran(Win64) Vers. 8.0 Jun 2014   21-Jan-2015 17:41:42    Page  004
 - - - - - - - - - - - - - - - - - - - - - - - - - - - - - - - - - - - - - -
 
  INPUT ---        1 1 1 1 1 1 ;
  INPUT ---        1 1 1 1 1 ;
  INPUT ---        1 1 1 1 ;
  INPUT ---        1 1 1 ;
  INPUT ---        1 1 ;
  INPUT ---        1 ;

  INPUT ---    group=11 Phi    rows=6 cols=6 Triang ;
  INPUT ---        1 1 1 1 1 1 ;
  INPUT ---        1 1 1 1 1 ;
  INPUT ---        1 1 1 1 ;
  INPUT ---        1 1 1 ;
  INPUT ---        1 1 ;
  INPUT ---        1 ;

  INPUT ---    group=12 Phi    rows=6 cols=6 Triang ;
  INPUT ---        1 1 1 1 1 1 ;
  INPUT ---        1 1 1 1 1 ;
  INPUT ---        1 1 1 1 ;
  INPUT ---        1 1 1 ;
  INPUT ---        1 1 ;
  INPUT ---        1 ;

  INPUT ---    group=13 Phi    rows=6 cols=6 Triang ;
  INPUT ---        1 1 1 1 1 1 ;
  INPUT ---        1 1 1 1 1 ;
  INPUT ---        1 1 1 1 ;
  INPUT ---        1 1 1 ;
  INPUT ---        1 1 ;
  INPUT ---        1 ;

  INPUT ---    group=14 Phi    rows=6 cols=6 Triang ;
  INPUT ---        1 1 1 1 1 1 ;
  INPUT ---        1 1 1 1 1 ;
  INPUT ---        1 1 1 1 ;
  INPUT ---        1 1 1 ;
  INPUT ---        1 1 ;
  INPUT ---        1 ;

  INPUT ---    group=15 Phi    rows=6 cols=6 Triang ;
  INPUT ---        1 1 1 1 1 1 ;
  INPUT ---        1 1 1 1 1 ;
  INPUT ---        1 1 1 1 ;
  INPUT ---        1 1 1 ;
  INPUT ---        1 1 ;
  INPUT ---        1 ;

  Program  MARK  - Survival Rate Estimation with Capture-Recapture Data
   gfortran(Win64) Vers. 8.0 Jun 2014   21-Jan-2015 17:41:42    Page  005
 - - - - - - - - - - - - - - - - - - - - - - - - - - - - - - - - - - - - - -
 

  INPUT ---    group=16 Phi    rows=6 cols=6 Triang ;
  INPUT ---        1 1 1 1 1 1 ;
  INPUT ---        1 1 1 1 1 ;
  INPUT ---        1 1 1 1 ;
  INPUT ---        1 1 1 ;
  INPUT ---        1 1 ;
  INPUT ---        1 ;

  INPUT ---    group=1 p    rows=6 cols=6 Triang ;
  INPUT ---        2 3 4 5 6 7 ;
  INPUT ---        3 4 5 6 7 ;
  INPUT ---        4 5 6 7 ;
  INPUT ---        5 6 7 ;
  INPUT ---        6 7 ;
  INPUT ---        7 ;

  INPUT ---    group=2 p    rows=6 cols=6 Triang ;
  INPUT ---        2 3 4 5 6 7 ;
  INPUT ---        3 4 5 6 7 ;
  INPUT ---        4 5 6 7 ;
  INPUT ---        5 6 7 ;
  INPUT ---        6 7 ;
  INPUT ---        7 ;

  INPUT ---    group=3 p    rows=6 cols=6 Triang ;
  INPUT ---        2 3 4 5 6 7 ;
  INPUT ---        3 4 5 6 7 ;
  INPUT ---        4 5 6 7 ;
  INPUT ---        5 6 7 ;
  INPUT ---        6 7 ;
  INPUT ---        7 ;

  INPUT ---    group=4 p    rows=6 cols=6 Triang ;
  INPUT ---        2 3 4 5 6 7 ;
  INPUT ---        3 4 5 6 7 ;
  INPUT ---        4 5 6 7 ;
  INPUT ---        5 6 7 ;
  INPUT ---        6 7 ;
  INPUT ---        7 ;

  INPUT ---    group=5 p    rows=6 cols=6 Triang ;
  INPUT ---        2 3 4 5 6 7 ;
  INPUT ---        3 4 5 6 7 ;
  INPUT ---        4 5 6 7 ;
  INPUT ---        5 6 7 ;

  Program  MARK  - Survival Rate Estimation with Capture-Recapture Data
   gfortran(Win64) Vers. 8.0 Jun 2014   21-Jan-2015 17:41:42    Page  006
 - - - - - - - - - - - - - - - - - - - - - - - - - - - - - - - - - - - - - -
 
  INPUT ---        6 7 ;
  INPUT ---        7 ;

  INPUT ---    group=6 p    rows=6 cols=6 Triang ;
  INPUT ---        2 3 4 5 6 7 ;
  INPUT ---        3 4 5 6 7 ;
  INPUT ---        4 5 6 7 ;
  INPUT ---        5 6 7 ;
  INPUT ---        6 7 ;
  INPUT ---        7 ;

  INPUT ---    group=7 p    rows=6 cols=6 Triang ;
  INPUT ---        2 3 4 5 6 7 ;
  INPUT ---        3 4 5 6 7 ;
  INPUT ---        4 5 6 7 ;
  INPUT ---        5 6 7 ;
  INPUT ---        6 7 ;
  INPUT ---        7 ;

  INPUT ---    group=8 p    rows=6 cols=6 Triang ;
  INPUT ---        2 3 4 5 6 7 ;
  INPUT ---        3 4 5 6 7 ;
  INPUT ---        4 5 6 7 ;
  INPUT ---        5 6 7 ;
  INPUT ---        6 7 ;
  INPUT ---        7 ;

  INPUT ---    group=9 p    rows=6 cols=6 Triang ;
  INPUT ---        2 3 4 5 6 7 ;
  INPUT ---        3 4 5 6 7 ;
  INPUT ---        4 5 6 7 ;
  INPUT ---        5 6 7 ;
  INPUT ---        6 7 ;
  INPUT ---        7 ;

  INPUT ---    group=10 p    rows=6 cols=6 Triang ;
  INPUT ---        2 3 4 5 6 7 ;
  INPUT ---        3 4 5 6 7 ;
  INPUT ---        4 5 6 7 ;
  INPUT ---        5 6 7 ;
  INPUT ---        6 7 ;
  INPUT ---        7 ;

  INPUT ---    group=11 p    rows=6 cols=6 Triang ;
  INPUT ---        2 3 4 5 6 7 ;
  INPUT ---        3 4 5 6 7 ;

  Program  MARK  - Survival Rate Estimation with Capture-Recapture Data
   gfortran(Win64) Vers. 8.0 Jun 2014   21-Jan-2015 17:41:42    Page  007
 - - - - - - - - - - - - - - - - - - - - - - - - - - - - - - - - - - - - - -
 
  INPUT ---        4 5 6 7 ;
  INPUT ---        5 6 7 ;
  INPUT ---        6 7 ;
  INPUT ---        7 ;

  INPUT ---    group=12 p    rows=6 cols=6 Triang ;
  INPUT ---        2 3 4 5 6 7 ;
  INPUT ---        3 4 5 6 7 ;
  INPUT ---        4 5 6 7 ;
  INPUT ---        5 6 7 ;
  INPUT ---        6 7 ;
  INPUT ---        7 ;

  INPUT ---    group=13 p    rows=6 cols=6 Triang ;
  INPUT ---        2 3 4 5 6 7 ;
  INPUT ---        3 4 5 6 7 ;
  INPUT ---        4 5 6 7 ;
  INPUT ---        5 6 7 ;
  INPUT ---        6 7 ;
  INPUT ---        7 ;

  INPUT ---    group=14 p    rows=6 cols=6 Triang ;
  INPUT ---        2 3 4 5 6 7 ;
  INPUT ---        3 4 5 6 7 ;
  INPUT ---        4 5 6 7 ;
  INPUT ---        5 6 7 ;
  INPUT ---        6 7 ;
  INPUT ---        7 ;

  INPUT ---    group=15 p    rows=6 cols=6 Triang ;
  INPUT ---        2 3 4 5 6 7 ;
  INPUT ---        3 4 5 6 7 ;
  INPUT ---        4 5 6 7 ;
  INPUT ---        5 6 7 ;
  INPUT ---        6 7 ;
  INPUT ---        7 ;

  INPUT ---    group=16 p    rows=6 cols=6 Triang ;
  INPUT ---        2 3 4 5 6 7 ;
  INPUT ---        3 4 5 6 7 ;
  INPUT ---        4 5 6 7 ;
  INPUT ---        5 6 7 ;
  INPUT ---        6 7 ;
  INPUT ---        7 ;

  INPUT ---    design matrix constraints=7 covariates=7;

  Program  MARK  - Survival Rate Estimation with Capture-Recapture Data
   gfortran(Win64) Vers. 8.0 Jun 2014   21-Jan-2015 17:41:42    Page  008
 - - - - - - - - - - - - - - - - - - - - - - - - - - - - - - - - - - - - - -
 
  INPUT ---        1 0 0 0 0 0 0;
  INPUT ---        0 1 0 0 0 0 0;
  INPUT ---        0 1 1 0 0 0 0;
  INPUT ---        0 1 0 1 0 0 0;
  INPUT ---        0 1 0 0 1 0 0;
  INPUT ---        0 1 0 0 0 1 0;
  INPUT ---        0 1 0 0 0 0 1;

  INPUT ---    blabel(1)=Phi:(Intercept);

  INPUT ---    blabel(2)=p:(Intercept);

  INPUT ---    blabel(3)=p:time3;

  INPUT ---    blabel(4)=p:time4;

  INPUT ---    blabel(5)=p:time5;

  INPUT ---    blabel(6)=p:time6;

  INPUT ---    blabel(7)=p:time7;

  INPUT ---    rlabel(1)=Phi gM11 c1 c1 a0 t1;

  INPUT ---    rlabel(2)=p gM11 c1 c1 a1 t2;

  INPUT ---    rlabel(3)=p gM11 c1 c1 a2 t3;

  INPUT ---    rlabel(4)=p gM11 c1 c1 a3 t4;

  INPUT ---    rlabel(5)=p gM11 c1 c1 a4 t5;

  INPUT ---    rlabel(6)=p gM11 c1 c1 a5 t6;

  INPUT ---    rlabel(7)=p gM11 c1 c1 a6 t7;

 Link Function Used is LOGIT        

 Variance Estimation Procedure Used is 2ndPart 
 -2logL(saturated) = 18629.211     
 Effective Sample Size = 10204

 Number of function evaluations was 20 for 7 parameters.
 Time for numerical optimization was 0.08 seconds.

  Program  MARK  - Survival Rate Estimation with Capture-Recapture Data
   gfortran(Win64) Vers. 8.0 Jun 2014   21-Jan-2015 17:41:42    Page  009
 - - - - - - - - - - - - - - - - - - - - - - - - - - - - - - - - - - - - - -
 
 -2logL { Phi(~1)p(~time) } = 19474.486     
 Penalty { Phi(~1)p(~time) } = -0.0000000    
 Gradient { Phi(~1)p(~time) }:
 -0.2032132E-03 0.1047065E-02 0.2874941E-03 0.6926715E-03  0.000000    
   0.000000    -0.2526786E-03
 S Vector { Phi(~1)p(~time) }:
   2564.790      1074.950      362.5245      281.5337      109.6700    
   70.12750      18.41615    
 Time to compute number of parameters was 0.01 seconds.
   Threshold =  0.1600000E-06     Condition index =  0.7180371E-02     New Threshold =   48.72454    
 New Guessimate of Estimated Parameters { Phi(~1)p(~time) } = 1          
 Conditioned S Vector { Phi(~1)p(~time) }:
   1.000000     0.4191182     0.1413466     0.1097687     0.4275984E-01
  0.2734239E-01 0.7180371E-02
 Number of Estimated Parameters { Phi(~1)p(~time) } = 7          
 DEVIANCE { Phi(~1)p(~time) } = 845.27421                     
 DEVIANCE Degrees of Freedom { Phi(~1)p(~time) } = 310            
 c-hat { Phi(~1)p(~time) } = 2.7266910                     
 AIC { Phi(~1)p(~time) } = 19488.486                  
 AICc { Phi(~1)p(~time) } = 19488.497                    
 BIC { Phi(~1)p(~time) } = 19539.099                    
 Pearson Chisquare { Phi(~1)p(~time) } = Not a Number               
 Possible Encounter Histories { Phi(~1)p(~time) } = 504             
 Pearson Chisquare df { Phi(~1)p(~time) } = 473        
 Pearson chat { Phi(~1)p(~time) } = Not a Number               
 Sum(Observed/Expected) { Phi(~1)p(~time) } = Not a Number               
 Fletcher chat { Phi(~1)p(~time) } = Not a Number               


                     LOGIT Link Function Parameters of { Phi(~1)p(~time) }
                                                              95% Confidence Interval
 Parameter                    Beta         Standard Error      Lower           Upper
 -------------------------  --------------  --------------  --------------  --------------
    1:Phi:(Intercept)       0.7902275       0.0260058       0.7392562       0.8411988     
    2:p:(Intercept)         -0.3897816      0.0881038       -0.5624651      -0.2170981    
    3:p:time3               2.7962296       0.1449303       2.5121663       3.0802930     
    4:p:time4               0.0504197       0.1041861       -0.1537851      0.2546245     
    5:p:time5               1.4771005       0.1097899       1.2619123       1.6922886     
    6:p:time6               0.2540465       0.1028716       0.0524181       0.4556748     
    7:p:time7               1.8795304       0.1495803       1.5863529       2.1727078     


                     Real Function Parameters of { Phi(~1)p(~time) }
                                                               95% Confidence Interval
  Parameter                  Estimate       Standard Error      Lower           Upper
 --------------------------  --------------  --------------  --------------  --------------
     1:Phi gM11 c1 c1 a0 t1  0.6878802       0.0055835       0.6768332       0.6987176                           
     2:p gM11 c1 c1 a1 t2    0.4037699       0.0212101       0.3629773       0.4459376                           
     3:p gM11 c1 c1 a2 t3    0.9173177       0.0089860       0.8979117       0.9333088                           
     4:p gM11 c1 c1 a3 t4    0.4159645       0.0136658       0.3894520       0.4429724                           
     5:p gM11 c1 c1 a4 t5    0.7478765       0.0125134       0.7225701       0.7716042                           
     6:p gM11 c1 c1 a5 t6    0.4661182       0.0134685       0.4398391       0.4925867                           
     7:p gM11 c1 c1 a6 t7    0.8160406       0.0184657       0.7770666       0.8495204                           

     CPU Time in seconds for last procedure was 0.11

  Program  MARK  - Survival Rate Estimation with Capture-Recapture Data
   gfortran(Win64) Vers. 8.0 Jun 2014   21-Jan-2015 17:41:42    Page  010
 - - - - - - - - - - - - - - - - - - - - - - - - - - - - - - - - - - - - - -
 


  INPUT --- proc stop;

     CPU Time in minutes for this job was 0.00

     Time Start = 17:41:42.583   Time End = 17:41:42.674

     Wall Clock Time in minutes for this job was 0.00


          E X E C U T I O N   S U C C E S S F U L 
