
   Program  MARK  - Survival Rate Estimation with Capture-Recapture Data
   gfortran(Win64) Vers. 8.0 Jun 2014   31-Jan-2015 14:08:52    Page  001
 - - - - - - - - - - - - - - - - - - - - - - - - - - - - - - - - - - - - - -
 
   This version was compiled by GCC version 4.8.1 using the options 
   -m64 -mtune=generic -march=x86-64 -mthreads -O2 -fimplicit-none -fbounds-check -funroll-loops -ftree-vectorize -fopenmp.
   This problem will use 7 of 8 possible threads.


  INPUT --- proc title ;

     CPU Time in seconds for last procedure was 0.00


  INPUT --- proc chmatrix occasions= 7 groups= 6 etype= Both ICMeans 
  INPUT --- NoHist hist= 51 ;

  INPUT ---    time  interval 1 1 1 1 1 1 1 ;

  INPUT ---    glabel(1)=sex4.age1;

  INPUT ---    glabel(2)=sex5.age1;

  INPUT ---    glabel(3)=sex4.age2;

  INPUT ---    glabel(4)=sex5.age2;

  INPUT ---    glabel(5)=sex4.age4;

  INPUT ---    glabel(6)=sex5.age4;

   * *  WARNING  * *   At least a pair of the encounter histories are duplicates. 

      Number of unique encounter histories read was 17.

      Number of individual covariates read was 0.
      Time interval lengths are all equal to 1.

      Data type number is 3
      Data type is Joint Live and Dead Encounters (Burnham)                                                            

     CPU Time in seconds for last procedure was 0.02

  Program  MARK  - Survival Rate Estimation with Capture-Recapture Data
   gfortran(Win64) Vers. 8.0 Jun 2014   31-Jan-2015 14:08:52    Page  002
 - - - - - - - - - - - - - - - - - - - - - - - - - - - - - - - - - - - - - -
 


  INPUT --- proc estimate link=Logit NOLOOP varest=2ndPart    ;


  INPUT --- model={ S(~age + time)p(~time)r(~1)F(~1) };

  INPUT ---    group=1 S    rows=7 cols=7 Triang ;
  INPUT ---        1 2 3 4 5 6 7 ;
  INPUT ---        8 9 10 11 12 13 ;
  INPUT ---        14 15 16 17 18 ;
  INPUT ---        19 20 21 22 ;
  INPUT ---        23 24 25 ;
  INPUT ---        26 27 ;
  INPUT ---        28 ;

  INPUT ---    group=2 S    rows=7 cols=7 Triang ;
  INPUT ---        1 2 3 4 5 6 7 ;
  INPUT ---        8 9 10 11 12 13 ;
  INPUT ---        14 15 16 17 18 ;
  INPUT ---        19 20 21 22 ;
  INPUT ---        23 24 25 ;
  INPUT ---        26 27 ;
  INPUT ---        28 ;

  INPUT ---    group=3 S    rows=7 cols=7 Triang ;
  INPUT ---        1 2 3 4 5 6 7 ;
  INPUT ---        8 9 10 11 12 13 ;
  INPUT ---        14 15 16 17 18 ;
  INPUT ---        19 20 21 22 ;
  INPUT ---        23 24 25 ;
  INPUT ---        26 27 ;
  INPUT ---        28 ;

  INPUT ---    group=4 S    rows=7 cols=7 Triang ;
  INPUT ---        1 2 3 4 5 6 7 ;
  INPUT ---        8 9 10 11 12 13 ;
  INPUT ---        14 15 16 17 18 ;
  INPUT ---        19 20 21 22 ;
  INPUT ---        23 24 25 ;
  INPUT ---        26 27 ;
  INPUT ---        28 ;

  INPUT ---    group=5 S    rows=7 cols=7 Triang ;
  INPUT ---        1 2 3 4 5 6 7 ;
  INPUT ---        8 9 10 11 12 13 ;

  Program  MARK  - Survival Rate Estimation with Capture-Recapture Data
   gfortran(Win64) Vers. 8.0 Jun 2014   31-Jan-2015 14:08:52    Page  003
 - - - - - - - - - - - - - - - - - - - - - - - - - - - - - - - - - - - - - -
 
  INPUT ---        14 15 16 17 18 ;
  INPUT ---        19 20 21 22 ;
  INPUT ---        23 24 25 ;
  INPUT ---        26 27 ;
  INPUT ---        28 ;

  INPUT ---    group=6 S    rows=7 cols=7 Triang ;
  INPUT ---        1 2 3 4 5 6 7 ;
  INPUT ---        8 9 10 11 12 13 ;
  INPUT ---        14 15 16 17 18 ;
  INPUT ---        19 20 21 22 ;
  INPUT ---        23 24 25 ;
  INPUT ---        26 27 ;
  INPUT ---        28 ;

  INPUT ---    group=1 p    rows=6 cols=6 Triang ;
  INPUT ---        29 30 31 32 33 34 ;
  INPUT ---        30 31 32 33 34 ;
  INPUT ---        31 32 33 34 ;
  INPUT ---        32 33 34 ;
  INPUT ---        33 34 ;
  INPUT ---        34 ;

  INPUT ---    group=2 p    rows=6 cols=6 Triang ;
  INPUT ---        29 30 31 32 33 34 ;
  INPUT ---        30 31 32 33 34 ;
  INPUT ---        31 32 33 34 ;
  INPUT ---        32 33 34 ;
  INPUT ---        33 34 ;
  INPUT ---        34 ;

  INPUT ---    group=3 p    rows=6 cols=6 Triang ;
  INPUT ---        29 30 31 32 33 34 ;
  INPUT ---        30 31 32 33 34 ;
  INPUT ---        31 32 33 34 ;
  INPUT ---        32 33 34 ;
  INPUT ---        33 34 ;
  INPUT ---        34 ;

  INPUT ---    group=4 p    rows=6 cols=6 Triang ;
  INPUT ---        29 30 31 32 33 34 ;
  INPUT ---        30 31 32 33 34 ;
  INPUT ---        31 32 33 34 ;
  INPUT ---        32 33 34 ;
  INPUT ---        33 34 ;
  INPUT ---        34 ;

  Program  MARK  - Survival Rate Estimation with Capture-Recapture Data
   gfortran(Win64) Vers. 8.0 Jun 2014   31-Jan-2015 14:08:52    Page  004
 - - - - - - - - - - - - - - - - - - - - - - - - - - - - - - - - - - - - - -
 

  INPUT ---    group=5 p    rows=6 cols=6 Triang ;
  INPUT ---        29 30 31 32 33 34 ;
  INPUT ---        30 31 32 33 34 ;
  INPUT ---        31 32 33 34 ;
  INPUT ---        32 33 34 ;
  INPUT ---        33 34 ;
  INPUT ---        34 ;

  INPUT ---    group=6 p    rows=6 cols=6 Triang ;
  INPUT ---        29 30 31 32 33 34 ;
  INPUT ---        30 31 32 33 34 ;
  INPUT ---        31 32 33 34 ;
  INPUT ---        32 33 34 ;
  INPUT ---        33 34 ;
  INPUT ---        34 ;

  INPUT ---    group=1 r    rows=7 cols=7 Triang ;
  INPUT ---        35 35 35 35 35 35 35 ;
  INPUT ---        35 35 35 35 35 35 ;
  INPUT ---        35 35 35 35 35 ;
  INPUT ---        35 35 35 35 ;
  INPUT ---        35 35 35 ;
  INPUT ---        35 35 ;
  INPUT ---        35 ;

  INPUT ---    group=2 r    rows=7 cols=7 Triang ;
  INPUT ---        35 35 35 35 35 35 35 ;
  INPUT ---        35 35 35 35 35 35 ;
  INPUT ---        35 35 35 35 35 ;
  INPUT ---        35 35 35 35 ;
  INPUT ---        35 35 35 ;
  INPUT ---        35 35 ;
  INPUT ---        35 ;

  INPUT ---    group=3 r    rows=7 cols=7 Triang ;
  INPUT ---        35 35 35 35 35 35 35 ;
  INPUT ---        35 35 35 35 35 35 ;
  INPUT ---        35 35 35 35 35 ;
  INPUT ---        35 35 35 35 ;
  INPUT ---        35 35 35 ;
  INPUT ---        35 35 ;
  INPUT ---        35 ;

  INPUT ---    group=4 r    rows=7 cols=7 Triang ;
  INPUT ---        35 35 35 35 35 35 35 ;

  Program  MARK  - Survival Rate Estimation with Capture-Recapture Data
   gfortran(Win64) Vers. 8.0 Jun 2014   31-Jan-2015 14:08:52    Page  005
 - - - - - - - - - - - - - - - - - - - - - - - - - - - - - - - - - - - - - -
 
  INPUT ---        35 35 35 35 35 35 ;
  INPUT ---        35 35 35 35 35 ;
  INPUT ---        35 35 35 35 ;
  INPUT ---        35 35 35 ;
  INPUT ---        35 35 ;
  INPUT ---        35 ;

  INPUT ---    group=5 r    rows=7 cols=7 Triang ;
  INPUT ---        35 35 35 35 35 35 35 ;
  INPUT ---        35 35 35 35 35 35 ;
  INPUT ---        35 35 35 35 35 ;
  INPUT ---        35 35 35 35 ;
  INPUT ---        35 35 35 ;
  INPUT ---        35 35 ;
  INPUT ---        35 ;

  INPUT ---    group=6 r    rows=7 cols=7 Triang ;
  INPUT ---        35 35 35 35 35 35 35 ;
  INPUT ---        35 35 35 35 35 35 ;
  INPUT ---        35 35 35 35 35 ;
  INPUT ---        35 35 35 35 ;
  INPUT ---        35 35 35 ;
  INPUT ---        35 35 ;
  INPUT ---        35 ;

  INPUT ---    group=1 F    rows=6 cols=6 Triang ;
  INPUT ---        36 36 36 36 36 36 ;
  INPUT ---        36 36 36 36 36 ;
  INPUT ---        36 36 36 36 ;
  INPUT ---        36 36 36 ;
  INPUT ---        36 36 ;
  INPUT ---        36 ;

  INPUT ---    group=2 F    rows=6 cols=6 Triang ;
  INPUT ---        36 36 36 36 36 36 ;
  INPUT ---        36 36 36 36 36 ;
  INPUT ---        36 36 36 36 ;
  INPUT ---        36 36 36 ;
  INPUT ---        36 36 ;
  INPUT ---        36 ;

  INPUT ---    group=3 F    rows=6 cols=6 Triang ;
  INPUT ---        36 36 36 36 36 36 ;
  INPUT ---        36 36 36 36 36 ;
  INPUT ---        36 36 36 36 ;
  INPUT ---        36 36 36 ;

  Program  MARK  - Survival Rate Estimation with Capture-Recapture Data
   gfortran(Win64) Vers. 8.0 Jun 2014   31-Jan-2015 14:08:52    Page  006
 - - - - - - - - - - - - - - - - - - - - - - - - - - - - - - - - - - - - - -
 
  INPUT ---        36 36 ;
  INPUT ---        36 ;

  INPUT ---    group=4 F    rows=6 cols=6 Triang ;
  INPUT ---        36 36 36 36 36 36 ;
  INPUT ---        36 36 36 36 36 ;
  INPUT ---        36 36 36 36 ;
  INPUT ---        36 36 36 ;
  INPUT ---        36 36 ;
  INPUT ---        36 ;

  INPUT ---    group=5 F    rows=6 cols=6 Triang ;
  INPUT ---        36 36 36 36 36 36 ;
  INPUT ---        36 36 36 36 36 ;
  INPUT ---        36 36 36 36 ;
  INPUT ---        36 36 36 ;
  INPUT ---        36 36 ;
  INPUT ---        36 ;

  INPUT ---    group=6 F    rows=6 cols=6 Triang ;
  INPUT ---        36 36 36 36 36 36 ;
  INPUT ---        36 36 36 36 36 ;
  INPUT ---        36 36 36 36 ;
  INPUT ---        36 36 36 ;
  INPUT ---        36 36 ;
  INPUT ---        36 ;

  INPUT ---    design matrix constraints=36 covariates=21;
  INPUT ---        1 0 0 0 0 0 0 0 0 0 0 0 0 0 0 0 0 0 0 0 0;
  INPUT ---        1 1 0 0 0 0 0 1 0 0 0 0 0 0 0 0 0 0 0 0 0;
  INPUT ---        1 0 1 0 0 0 0 0 1 0 0 0 0 0 0 0 0 0 0 0 0;
  INPUT ---        1 0 0 1 0 0 0 0 0 1 0 0 0 0 0 0 0 0 0 0 0;
  INPUT ---        1 0 0 0 1 0 0 0 0 0 1 0 0 0 0 0 0 0 0 0 0;
  INPUT ---        1 0 0 0 0 1 0 0 0 0 0 1 0 0 0 0 0 0 0 0 0;
  INPUT ---        1 0 0 0 0 0 1 0 0 0 0 0 1 0 0 0 0 0 0 0 0;
  INPUT ---        1 0 0 0 0 0 0 1 0 0 0 0 0 0 0 0 0 0 0 0 0;
  INPUT ---        1 1 0 0 0 0 0 0 1 0 0 0 0 0 0 0 0 0 0 0 0;
  INPUT ---        1 0 1 0 0 0 0 0 0 1 0 0 0 0 0 0 0 0 0 0 0;
  INPUT ---        1 0 0 1 0 0 0 0 0 0 1 0 0 0 0 0 0 0 0 0 0;
  INPUT ---        1 0 0 0 1 0 0 0 0 0 0 1 0 0 0 0 0 0 0 0 0;
  INPUT ---        1 0 0 0 0 1 0 0 0 0 0 0 1 0 0 0 0 0 0 0 0;
  INPUT ---        1 0 0 0 0 0 0 0 1 0 0 0 0 0 0 0 0 0 0 0 0;
  INPUT ---        1 1 0 0 0 0 0 0 0 1 0 0 0 0 0 0 0 0 0 0 0;
  INPUT ---        1 0 1 0 0 0 0 0 0 0 1 0 0 0 0 0 0 0 0 0 0;
  INPUT ---        1 0 0 1 0 0 0 0 0 0 0 1 0 0 0 0 0 0 0 0 0;
  INPUT ---        1 0 0 0 1 0 0 0 0 0 0 0 1 0 0 0 0 0 0 0 0;

  Program  MARK  - Survival Rate Estimation with Capture-Recapture Data
   gfortran(Win64) Vers. 8.0 Jun 2014   31-Jan-2015 14:08:52    Page  007
 - - - - - - - - - - - - - - - - - - - - - - - - - - - - - - - - - - - - - -
 
  INPUT ---        1 0 0 0 0 0 0 0 0 1 0 0 0 0 0 0 0 0 0 0 0;
  INPUT ---        1 1 0 0 0 0 0 0 0 0 1 0 0 0 0 0 0 0 0 0 0;
  INPUT ---        1 0 1 0 0 0 0 0 0 0 0 1 0 0 0 0 0 0 0 0 0;
  INPUT ---        1 0 0 1 0 0 0 0 0 0 0 0 1 0 0 0 0 0 0 0 0;
  INPUT ---        1 0 0 0 0 0 0 0 0 0 1 0 0 0 0 0 0 0 0 0 0;
  INPUT ---        1 1 0 0 0 0 0 0 0 0 0 1 0 0 0 0 0 0 0 0 0;
  INPUT ---        1 0 1 0 0 0 0 0 0 0 0 0 1 0 0 0 0 0 0 0 0;
  INPUT ---        1 0 0 0 0 0 0 0 0 0 0 1 0 0 0 0 0 0 0 0 0;
  INPUT ---        1 1 0 0 0 0 0 0 0 0 0 0 1 0 0 0 0 0 0 0 0;
  INPUT ---        1 0 0 0 0 0 0 0 0 0 0 0 1 0 0 0 0 0 0 0 0;
  INPUT ---        0 0 0 0 0 0 0 0 0 0 0 0 0 1 0 0 0 0 0 0 0;
  INPUT ---        0 0 0 0 0 0 0 0 0 0 0 0 0 1 1 0 0 0 0 0 0;
  INPUT ---        0 0 0 0 0 0 0 0 0 0 0 0 0 1 0 1 0 0 0 0 0;
  INPUT ---        0 0 0 0 0 0 0 0 0 0 0 0 0 1 0 0 1 0 0 0 0;
  INPUT ---        0 0 0 0 0 0 0 0 0 0 0 0 0 1 0 0 0 1 0 0 0;
  INPUT ---        0 0 0 0 0 0 0 0 0 0 0 0 0 1 0 0 0 0 1 0 0;
  INPUT ---        0 0 0 0 0 0 0 0 0 0 0 0 0 0 0 0 0 0 0 1 0;
  INPUT ---        0 0 0 0 0 0 0 0 0 0 0 0 0 0 0 0 0 0 0 0 1;

  INPUT ---    blabel(1)=S:(Intercept);

  INPUT ---    blabel(2)=S:age1;

  INPUT ---    blabel(3)=S:age2;

  INPUT ---    blabel(4)=S:age3;

  INPUT ---    blabel(5)=S:age4;

  INPUT ---    blabel(6)=S:age5;

  INPUT ---    blabel(7)=S:age6;

  INPUT ---    blabel(8)=S:time2006;

  INPUT ---    blabel(9)=S:time2007;

  INPUT ---    blabel(10)=S:time2008;

  INPUT ---    blabel(11)=S:time2009;

  INPUT ---    blabel(12)=S:time2010;

  INPUT ---    blabel(13)=S:time2011;

  INPUT ---    blabel(14)=p:(Intercept);

  Program  MARK  - Survival Rate Estimation with Capture-Recapture Data
   gfortran(Win64) Vers. 8.0 Jun 2014   31-Jan-2015 14:08:52    Page  008
 - - - - - - - - - - - - - - - - - - - - - - - - - - - - - - - - - - - - - -
 

  INPUT ---    blabel(15)=p:time2007;

  INPUT ---    blabel(16)=p:time2008;

  INPUT ---    blabel(17)=p:time2009;

  INPUT ---    blabel(18)=p:time2010;

  INPUT ---    blabel(19)=p:time2011;

  INPUT ---    blabel(20)=r:(Intercept);

  INPUT ---    blabel(21)=F:(Intercept);

  INPUT ---    rlabel(1)=S g41 c2005 c1 a0 t2005;

  INPUT ---    rlabel(2)=S g41 c2005 c1 a1 t2006;

  INPUT ---    rlabel(3)=S g41 c2005 c1 a2 t2007;

  INPUT ---    rlabel(4)=S g41 c2005 c1 a3 t2008;

  INPUT ---    rlabel(5)=S g41 c2005 c1 a4 t2009;

  INPUT ---    rlabel(6)=S g41 c2005 c1 a5 t2010;

  INPUT ---    rlabel(7)=S g41 c2005 c1 a6 t2011;

  INPUT ---    rlabel(8)=S g41 c2006 c2 a0 t2006;

  INPUT ---    rlabel(9)=S g41 c2006 c2 a1 t2007;

  INPUT ---    rlabel(10)=S g41 c2006 c2 a2 t2008;

  INPUT ---    rlabel(11)=S g41 c2006 c2 a3 t2009;

  INPUT ---    rlabel(12)=S g41 c2006 c2 a4 t2010;

  INPUT ---    rlabel(13)=S g41 c2006 c2 a5 t2011;

  INPUT ---    rlabel(14)=S g41 c2007 c3 a0 t2007;

  INPUT ---    rlabel(15)=S g41 c2007 c3 a1 t2008;

  INPUT ---    rlabel(16)=S g41 c2007 c3 a2 t2009;

  Program  MARK  - Survival Rate Estimation with Capture-Recapture Data
   gfortran(Win64) Vers. 8.0 Jun 2014   31-Jan-2015 14:08:52    Page  009
 - - - - - - - - - - - - - - - - - - - - - - - - - - - - - - - - - - - - - -
 

  INPUT ---    rlabel(17)=S g41 c2007 c3 a3 t2010;

  INPUT ---    rlabel(18)=S g41 c2007 c3 a4 t2011;

  INPUT ---    rlabel(19)=S g41 c2008 c4 a0 t2008;

  INPUT ---    rlabel(20)=S g41 c2008 c4 a1 t2009;

  INPUT ---    rlabel(21)=S g41 c2008 c4 a2 t2010;

  INPUT ---    rlabel(22)=S g41 c2008 c4 a3 t2011;

  INPUT ---    rlabel(23)=S g41 c2009 c5 a0 t2009;

  INPUT ---    rlabel(24)=S g41 c2009 c5 a1 t2010;

  INPUT ---    rlabel(25)=S g41 c2009 c5 a2 t2011;

  INPUT ---    rlabel(26)=S g41 c2010 c6 a0 t2010;

  INPUT ---    rlabel(27)=S g41 c2010 c6 a1 t2011;

  INPUT ---    rlabel(28)=S g41 c2011 c7 a0 t2011;

  INPUT ---    rlabel(29)=p g41 c2005 c1 a1 t2006;

  INPUT ---    rlabel(30)=p g41 c2005 c1 a2 t2007;

  INPUT ---    rlabel(31)=p g41 c2005 c1 a3 t2008;

  INPUT ---    rlabel(32)=p g41 c2005 c1 a4 t2009;

  INPUT ---    rlabel(33)=p g41 c2005 c1 a5 t2010;

  INPUT ---    rlabel(34)=p g41 c2005 c1 a6 t2011;

  INPUT ---    rlabel(35)=r g41 c2005 c1 a0 t2005;

  INPUT ---    rlabel(36)=F g41 c2005 c1 a0 t2005;

 Link Function Used is LOGIT        

 Variance Estimation Procedure Used is 2ndPart 

 M(t+1):

  Program  MARK  - Survival Rate Estimation with Capture-Recapture Data
   gfortran(Win64) Vers. 8.0 Jun 2014   31-Jan-2015 14:08:52    Page  010
 - - - - - - - - - - - - - - - - - - - - - - - - - - - - - - - - - - - - - -
 



 -2logL(saturated) = 1739.8188     
 Effective Sample Size = 7075

 Number of function evaluations was 85 for 21 parameters.
 Time for numerical optimization was 2.40 seconds.
 -2logL { S(~age + time)p(~time)r(~1)F(~1) } = 2574.3268     
 Penalty { S(~age + time)p(~time)r(~1)F(~1) } = -0.0000000    
 Gradient { S(~age + time)p(~time)r(~1)F(~1) }:
 -0.1384307E-02-0.9738532E-03  0.000000    -0.4090470E-03  0.000000    
   0.000000      0.000000    -0.7356877E-06  0.000000     0.3606628E-03
   0.000000      0.000000    -0.1743417E-02 0.1189969E-03-0.4600190E-03
  0.7778052E-03  0.000000     0.2055689E-02-0.2255327E-02 0.1330684E-01
 -0.3109563E-05
 S Vector { S(~age + time)p(~time)r(~1)F(~1) }:
   284.2933      16.89381      4.671303      3.802928      2.345578    
   1.201931     0.9905060     0.3869012     0.7762071E-04 0.2534233E-04
  0.9809439E-05 0.5622244E-05 0.3170355E-05 0.3076372E-05 0.2271692E-05
  0.1520421E-05 0.1114484E-05 0.9983722E-06 0.4770018E-06 0.4100361E-06
  0.4629323E-08
 Time to compute number of parameters was 0.64 seconds.
   Threshold =  0.4400000E-06     Condition index =  0.1628362E-10     New Threshold =  0.2121422E-07
 New Guessimate of Estimated Parameters { S(~age + time)p(~time)r(~1)F(~1) } = 11          
 Conditioned S Vector { S(~age + time)p(~time)r(~1)F(~1) }:
   1.000000     0.5942386E-01 0.1643128E-01 0.1337678E-01 0.8250556E-02
  0.4227785E-02 0.3484099E-02 0.1360923E-02 0.2730304E-06 0.8914151E-07
  0.3450464E-07 0.1977621E-07 0.1115171E-07 0.1082112E-07 0.7990663E-08
  0.5348071E-08 0.3920191E-08 0.3511768E-08 0.1677851E-08 0.1442300E-08
  0.1628362E-10
 Number of Estimated Parameters { S(~age + time)p(~time)r(~1)F(~1) } = 8          
 DEVIANCE { S(~age + time)p(~time)r(~1)F(~1) } = 834.50805                     
 DEVIANCE Degrees of Freedom { S(~age + time)p(~time)r(~1)F(~1) } = 7            
 c-hat { S(~age + time)p(~time)r(~1)F(~1) } = 119.21544                     
 AIC { S(~age + time)p(~time)r(~1)F(~1) } = 2590.3268                  
 AICc { S(~age + time)p(~time)r(~1)F(~1) } = 2590.3472                    
 BIC { S(~age + time)p(~time)r(~1)F(~1) } = 2645.2414                    
 Pearson Chisquare { S(~age + time)p(~time)r(~1)F(~1) } = Not a Number               
 Possible Encounter Histories { S(~age + time)p(~time)r(~1)F(~1) } = 896             
 Pearson Chisquare df { S(~age + time)p(~time)r(~1)F(~1) } = 852        
 Pearson chat { S(~age + time)p(~time)r(~1)F(~1) } = Not a Number               
 Sum(Observed/Expected) { S(~age + time)p(~time)r(~1)F(~1) } = Not a Number               
 Fletcher chat { S(~age + time)p(~time)r(~1)F(~1) } = Not a Number               


             LOGIT Link Function Parameters of { S(~age + time)p(~time)r(~1)F(~1) }
                                                              95% Confidence Interval
 Parameter                    Beta         Standard Error      Lower           Upper
 -------------------------  --------------  --------------  --------------  --------------
    1:S:(Intercept)         31.189896       589.61635       -1124.4582      1186.8380     
    2:S:age1                44.147389       560.03286       -1053.5170      1141.8118     
    3:S:age2                2.4959549       322.91842       -630.42416      635.41607     
    4:S:age3                43.584684       560.02706       -1054.0684      1141.2377     
    5:S:age4                1.2793338       0.0000000       1.2793338       1.2793338     
    6:S:age5                2.1571464       427.71815       -836.17045      840.48475     
    7:S:age6                -0.2315079      115.46344       -226.53986      226.07684     
    8:S:time2006            -57.204190      15.807177       -88.186258      -26.222122    
    9:S:time2007            -11.485250      1000.0962       -1971.6739      1948.7034     
   10:S:time2008            -75.641431      343.99428       -749.87024      598.58738     
   11:S:time2009            5.5014235       597.16352       -1164.9391      1175.9419     

  Program  MARK  - Survival Rate Estimation with Capture-Recapture Data
   gfortran(Win64) Vers. 8.0 Jun 2014   31-Jan-2015 14:08:53    Page  011
 - - - - - - - - - - - - - - - - - - - - - - - - - - - - - - - - - - - - - -
 
   12:S:time2010            -7.5185895      810.77379       -1596.6353      1581.5981     
   13:S:time2011            -71.475098      344.00793       -745.73065      602.78046     
   14:p:(Intercept)         -42.213943      0.0000000       -42.213943      -42.213943    
   15:p:time2007            35.580575       0.0000000       35.580575       35.580575     
   16:p:time2008            35.400551       0.0000000       35.400551       35.400551     
   17:p:time2009            -11.457029      1144.7757       -2255.2174      2232.3034     
   18:p:time2010            36.229049       0.0000000       36.229049       36.229049     
   19:p:time2011            35.968319       0.0000000       35.968319       35.968319     
   20:r:(Intercept)         -2.9641946      0.0594041       -3.0806267      -2.8477626    
   21:F:(Intercept)         13.163640       570.07569       -1104.1847      1130.5120     


             Real Function Parameters of { S(~age + time)p(~time)r(~1)F(~1) }
                                                               95% Confidence Interval
  Parameter                  Estimate       Standard Error      Lower           Upper
 --------------------------  --------------  --------------  --------------  --------------
     1:S g41 c2005 c1 a0 t2  1.0000000       0.1675790E-010  1.0000000       1.0000000                           
     2:S g41 c2005 c1 a1 t2  1.0000000       0.4598840E-005  0.1782914E-285  1.0000000                           
     3:S g41 c2005 c1 a2 t2  1.0000000       0.2788010E-006  0.9999995       1.0000005                           
     4:S g41 c2005 c1 a3 t2  0.2959098       0.3213995       0.0200283       0.8962907                           
     5:S g41 c2005 c1 a4 t2  1.0000000       0.0000000       1.0000000       1.0000000                           
     6:S g41 c2005 c1 a5 t2  1.0000000       0.6565504E-008  1.0000000       1.0000000                           
     7:S g41 c2005 c1 a6 t2  0.2534057E-017  0.1447249E-014  -.2834073E-014  0.2839141E-014                      
     8:S g41 c2006 c2 a0 t2  0.5036576E-011  0.2961774E-008  -.5800040E-008  0.5810113E-008                      
     9:S g41 c2006 c2 a1 t2  1.0000000       0.0000000       1.0000000       1.0000000                           
    10:S g41 c2006 c2 a2 t2  0.6010668E-018  0.3866101E-015  -.7571548E-015  0.7583569E-015                      
    11:S g41 c2006 c2 a3 t2  1.0000000       0.0000000       1.0000000       1.0000000                           
    12:S g41 c2006 c2 a4 t2  1.0000000       0.0000000       1.0000000       1.0000000                           
    13:S g41 c2006 c2 a5 t2  0.2761822E-016  0.1940502E-013  -.3800622E-013  0.3806145E-013                      
    14:S g41 c2007 c3 a0 t2  1.0000000       0.3202943E-005  0.9999937       1.0000063                           
    15:S g41 c2007 c3 a1 t2  0.4245441       0.3501051       0.0425767       0.9244669                           
    16:S g41 c2007 c3 a2 t2  1.0000000       0.0000000       1.0000000       1.0000000                           
    17:S g41 c2007 c3 a3 t2  1.0000000       0.0000000       1.0000000       1.0000000                           
    18:S g41 c2007 c3 a4 t2  0.1148065E-016  0.0000000       0.1148065E-016  0.1148065E-016                      
    19:S g41 c2008 c4 a0 t2  0.4953855E-019  0.2774298E-016  -.5432671E-016  0.5442579E-016                      
    20:S g41 c2008 c4 a1 t2  1.0000000       0.0000000       1.0000000       1.0000000                           
    21:S g41 c2008 c4 a2 t2  1.0000000       0.4581276E-008  1.0000000       1.0000000                           
    22:S g41 c2008 c4 a3 t2  0.9644110       0.0734905       0.2896190       0.9994451                           
    23:S g41 c2009 c5 a0 t2  1.0000000       0.1878182E-012  1.0000000       1.0000000                           
    24:S g41 c2009 c5 a1 t2  1.0000000       0.0000000       1.0000000       1.0000000                           
    25:S g41 c2009 c5 a2 t2  0.3875595E-016  0.2492831E-013  -.4882074E-013  0.4889825E-013                      
    26:S g41 c2010 c6 a0 t2  1.0000000       0.5233761E-007  0.9999999       1.0000001                           
    27:S g41 c2010 c6 a1 t2  0.9794108       0.0206096       0.8651797       0.9971721                           
    28:S g41 c2011 c7 a0 t2  0.3194177E-017  0.1788851E-014  -.3502954E-014  0.3509342E-014                      
    29:p g41 c2005 c1 a1 t2  0.4642134E-018  0.0000000       0.4642134E-018  0.4642134E-018                      
    30:p g41 c2005 c1 a2 t2  0.0013140       0.0013132       0.1850474E-003  0.0092667                           

  Program  MARK  - Survival Rate Estimation with Capture-Recapture Data
   gfortran(Win64) Vers. 8.0 Jun 2014   31-Jan-2015 14:08:53    Page  012
 - - - - - - - - - - - - - - - - - - - - - - - - - - - - - - - - - - - - - -
 
    31:p g41 c2005 c1 a3 t2  0.0010978       0.7757860E-003  0.2745633E-003  0.0043782                           
    32:p g41 c2005 c1 a4 t2  0.4909002E-023  0.5606250E-020  -.1098334E-019  0.1099316E-019                      
    33:p g41 c2005 c1 a5 t2  0.0025102       0.0014670       0.7975109E-003  0.0078718                           
    34:p g41 c2005 c1 a6 t2  0.0019352       0.9375003E-003  0.7482721E-003  0.0049953                           
    35:r g41 c2005 c1 a0 t2  0.0490699       0.0027719       0.0439135       0.0547971                           
    36:F g41 c2005 c1 a0 t2  0.9999981       0.0010940       0.5137583E-298  1.0000000                           

 Attempted ordering of parameters by estimatibility:
  20 14 19  1 18 15 10  4  7 16  3  6 13 21 11  2 12  9 17  5  8
 Beta number 8 is a singular value.

     CPU Time in seconds for last procedure was 3.06


  INPUT --- proc stop;

     CPU Time in minutes for this job was 0.05

     Time Start = 14:08:52.333   Time End = 14:08:53.027

     Wall Clock Time in minutes for this job was 0.01


          E X E C U T I O N   S U C C E S S F U L 
