
   Program  MARK  - Survival Rate Estimation with Capture-Recapture Data
   gfortran(Win64) Vers. 8.0 Jun 2014   21-Jan-2015 17:35:14    Page  001
 - - - - - - - - - - - - - - - - - - - - - - - - - - - - - - - - - - - - - -
 
   This version was compiled by GCC version 4.8.1 using the options 
   -m64 -mtune=generic -march=x86-64 -mthreads -O2 -fimplicit-none -fbounds-check -funroll-loops -ftree-vectorize -fopenmp.
   This problem will use 3 of 4 possible threads.


  INPUT --- proc title ;

     CPU Time in seconds for last procedure was 0.00


  INPUT --- proc chmatrix occasions= 7 groups= 2 etype= POPAN ICMeans 
  INPUT --- NoHist hist= 55 ;

  INPUT ---    time  interval 1 1 1 1 1 1 ;

  INPUT ---    glabel(1)=sexFemale;

  INPUT ---    glabel(2)=sexMale;

   * *  WARNING  * *   At least a pair of the encounter histories are duplicates. 

      Number of unique encounter histories read was 32.

      Number of individual covariates read was 0.
      Time interval lengths are all equal to 1.

      Data type number is 19
      Data type is POPAN                                                                                               

     CPU Time in seconds for last procedure was 0.00

  Program  MARK  - Survival Rate Estimation with Capture-Recapture Data
   gfortran(Win64) Vers. 8.0 Jun 2014   21-Jan-2015 17:35:14    Page  002
 - - - - - - - - - - - - - - - - - - - - - - - - - - - - - - - - - - - - - -
 


  INPUT --- proc estimate link=Parm-Specific NOLOOP varest=2ndPart    ;


  INPUT --- model={ Phi(~sex * time)p(~sex * time)pent(~sex * 
  INPUT --- time)N(~sex) };

  INPUT ---    group=1 Phi    rows=1 cols=6 Square ;
  INPUT ---        1 2 3 4 5 6 ;

  INPUT ---    group=2 Phi    rows=1 cols=6 Square ;
  INPUT ---        7 8 9 10 11 12 ;

  INPUT ---    group=1 p    rows=1 cols=7 Square ;
  INPUT ---        13 14 15 16 17 18 19 ;

  INPUT ---    group=2 p    rows=1 cols=7 Square ;
  INPUT ---        20 21 22 23 24 25 26 ;

  INPUT ---    group=1 pent    rows=1 cols=6 Square ;
  INPUT ---        29 30 31 32 33 34 ;

  INPUT ---    group=2 pent    rows=1 cols=6 Square ;
  INPUT ---        35 36 37 38 39 40 ;

  INPUT ---    group=1 N    rows=1 cols=1 Square ;
  INPUT ---        27 ;

  INPUT ---    group=2 N    rows=1 cols=1 Square ;
  INPUT ---        28 ;

  INPUT ---    design matrix constraints=40 covariates=40;
  INPUT ---        1 0 0 0 0 0 0 0 0 0 0 0 0 0 0 0 0 0 0 0 0 0 0 0 0 0 0 0 0 
  INPUT ---       0 0 0 0 0 0 0 0 0 0 0;
  INPUT ---        1 0 1 0 0 0 0 0 0 0 0 0 0 0 0 0 0 0 0 0 0 0 0 0 0 0 0 0 0 
  INPUT ---       0 0 0 0 0 0 0 0 0 0 0;
  INPUT ---        1 0 0 1 0 0 0 0 0 0 0 0 0 0 0 0 0 0 0 0 0 0 0 0 0 0 0 0 0 
  INPUT ---       0 0 0 0 0 0 0 0 0 0 0;
  INPUT ---        1 0 0 0 1 0 0 0 0 0 0 0 0 0 0 0 0 0 0 0 0 0 0 0 0 0 0 0 0 
  INPUT ---       0 0 0 0 0 0 0 0 0 0 0;
  INPUT ---        1 0 0 0 0 1 0 0 0 0 0 0 0 0 0 0 0 0 0 0 0 0 0 0 0 0 0 0 0 
  INPUT ---       0 0 0 0 0 0 0 0 0 0 0;
  INPUT ---        1 0 0 0 0 0 1 0 0 0 0 0 0 0 0 0 0 0 0 0 0 0 0 0 0 0 0 0 0 
  INPUT ---       0 0 0 0 0 0 0 0 0 0 0;
  INPUT ---        1 1 0 0 0 0 0 0 0 0 0 0 0 0 0 0 0 0 0 0 0 0 0 0 0 0 0 0 0 

  Program  MARK  - Survival Rate Estimation with Capture-Recapture Data
   gfortran(Win64) Vers. 8.0 Jun 2014   21-Jan-2015 17:35:14    Page  003
 - - - - - - - - - - - - - - - - - - - - - - - - - - - - - - - - - - - - - -
 
  INPUT ---       0 0 0 0 0 0 0 0 0 0 0;
  INPUT ---        1 1 1 0 0 0 0 1 0 0 0 0 0 0 0 0 0 0 0 0 0 0 0 0 0 0 0 0 0 
  INPUT ---       0 0 0 0 0 0 0 0 0 0 0;
  INPUT ---        1 1 0 1 0 0 0 0 1 0 0 0 0 0 0 0 0 0 0 0 0 0 0 0 0 0 0 0 0 
  INPUT ---       0 0 0 0 0 0 0 0 0 0 0;
  INPUT ---        1 1 0 0 1 0 0 0 0 1 0 0 0 0 0 0 0 0 0 0 0 0 0 0 0 0 0 0 0 
  INPUT ---       0 0 0 0 0 0 0 0 0 0 0;
  INPUT ---        1 1 0 0 0 1 0 0 0 0 1 0 0 0 0 0 0 0 0 0 0 0 0 0 0 0 0 0 0 
  INPUT ---       0 0 0 0 0 0 0 0 0 0 0;
  INPUT ---        1 1 0 0 0 0 1 0 0 0 0 1 0 0 0 0 0 0 0 0 0 0 0 0 0 0 0 0 0 
  INPUT ---       0 0 0 0 0 0 0 0 0 0 0;
  INPUT ---        0 0 0 0 0 0 0 0 0 0 0 0 1 0 0 0 0 0 0 0 0 0 0 0 0 0 0 0 0 
  INPUT ---       0 0 0 0 0 0 0 0 0 0 0;
  INPUT ---        0 0 0 0 0 0 0 0 0 0 0 0 1 0 1 0 0 0 0 0 0 0 0 0 0 0 0 0 0 
  INPUT ---       0 0 0 0 0 0 0 0 0 0 0;
  INPUT ---        0 0 0 0 0 0 0 0 0 0 0 0 1 0 0 1 0 0 0 0 0 0 0 0 0 0 0 0 0 
  INPUT ---       0 0 0 0 0 0 0 0 0 0 0;
  INPUT ---        0 0 0 0 0 0 0 0 0 0 0 0 1 0 0 0 1 0 0 0 0 0 0 0 0 0 0 0 0 
  INPUT ---       0 0 0 0 0 0 0 0 0 0 0;
  INPUT ---        0 0 0 0 0 0 0 0 0 0 0 0 1 0 0 0 0 1 0 0 0 0 0 0 0 0 0 0 0 
  INPUT ---       0 0 0 0 0 0 0 0 0 0 0;
  INPUT ---        0 0 0 0 0 0 0 0 0 0 0 0 1 0 0 0 0 0 1 0 0 0 0 0 0 0 0 0 0 
  INPUT ---       0 0 0 0 0 0 0 0 0 0 0;
  INPUT ---        0 0 0 0 0 0 0 0 0 0 0 0 1 0 0 0 0 0 0 1 0 0 0 0 0 0 0 0 0 
  INPUT ---       0 0 0 0 0 0 0 0 0 0 0;
  INPUT ---        0 0 0 0 0 0 0 0 0 0 0 0 1 1 0 0 0 0 0 0 0 0 0 0 0 0 0 0 0 
  INPUT ---       0 0 0 0 0 0 0 0 0 0 0;
  INPUT ---        0 0 0 0 0 0 0 0 0 0 0 0 1 1 1 0 0 0 0 0 1 0 0 0 0 0 0 0 0 
  INPUT ---       0 0 0 0 0 0 0 0 0 0 0;
  INPUT ---        0 0 0 0 0 0 0 0 0 0 0 0 1 1 0 1 0 0 0 0 0 1 0 0 0 0 0 0 0 
  INPUT ---       0 0 0 0 0 0 0 0 0 0 0;
  INPUT ---        0 0 0 0 0 0 0 0 0 0 0 0 1 1 0 0 1 0 0 0 0 0 1 0 0 0 0 0 0 
  INPUT ---       0 0 0 0 0 0 0 0 0 0 0;
  INPUT ---        0 0 0 0 0 0 0 0 0 0 0 0 1 1 0 0 0 1 0 0 0 0 0 1 0 0 0 0 0 
  INPUT ---       0 0 0 0 0 0 0 0 0 0 0;
  INPUT ---        0 0 0 0 0 0 0 0 0 0 0 0 1 1 0 0 0 0 1 0 0 0 0 0 1 0 0 0 0 
  INPUT ---       0 0 0 0 0 0 0 0 0 0 0;
  INPUT ---        0 0 0 0 0 0 0 0 0 0 0 0 1 1 0 0 0 0 0 1 0 0 0 0 0 1 0 0 0 
  INPUT ---       0 0 0 0 0 0 0 0 0 0 0;
  INPUT ---        0 0 0 0 0 0 0 0 0 0 0 0 0 0 0 0 0 0 0 0 0 0 0 0 0 0 0 0 0 
  INPUT ---       0 0 0 0 0 0 0 0 0 1 0;
  INPUT ---        0 0 0 0 0 0 0 0 0 0 0 0 0 0 0 0 0 0 0 0 0 0 0 0 0 0 0 0 0 
  INPUT ---       0 0 0 0 0 0 0 0 0 1 1;
  INPUT ---        0 0 0 0 0 0 0 0 0 0 0 0 0 0 0 0 0 0 0 0 0 0 0 0 0 0 1 0 0 
  INPUT ---       0 0 0 0 0 0 0 0 0 0 0;
  INPUT ---        0 0 0 0 0 0 0 0 0 0 0 0 0 0 0 0 0 0 0 0 0 0 0 0 0 0 1 0 1 

  Program  MARK  - Survival Rate Estimation with Capture-Recapture Data
   gfortran(Win64) Vers. 8.0 Jun 2014   21-Jan-2015 17:35:14    Page  004
 - - - - - - - - - - - - - - - - - - - - - - - - - - - - - - - - - - - - - -
 
  INPUT ---       0 0 0 0 0 0 0 0 0 0 0;
  INPUT ---        0 0 0 0 0 0 0 0 0 0 0 0 0 0 0 0 0 0 0 0 0 0 0 0 0 0 1 0 0 
  INPUT ---       1 0 0 0 0 0 0 0 0 0 0;
  INPUT ---        0 0 0 0 0 0 0 0 0 0 0 0 0 0 0 0 0 0 0 0 0 0 0 0 0 0 1 0 0 
  INPUT ---       0 1 0 0 0 0 0 0 0 0 0;
  INPUT ---        0 0 0 0 0 0 0 0 0 0 0 0 0 0 0 0 0 0 0 0 0 0 0 0 0 0 1 0 0 
  INPUT ---       0 0 1 0 0 0 0 0 0 0 0;
  INPUT ---        0 0 0 0 0 0 0 0 0 0 0 0 0 0 0 0 0 0 0 0 0 0 0 0 0 0 1 0 0 
  INPUT ---       0 0 0 1 0 0 0 0 0 0 0;
  INPUT ---        0 0 0 0 0 0 0 0 0 0 0 0 0 0 0 0 0 0 0 0 0 0 0 0 0 0 1 1 0 
  INPUT ---       0 0 0 0 0 0 0 0 0 0 0;
  INPUT ---        0 0 0 0 0 0 0 0 0 0 0 0 0 0 0 0 0 0 0 0 0 0 0 0 0 0 1 1 1 
  INPUT ---       0 0 0 0 1 0 0 0 0 0 0;
  INPUT ---        0 0 0 0 0 0 0 0 0 0 0 0 0 0 0 0 0 0 0 0 0 0 0 0 0 0 1 1 0 
  INPUT ---       1 0 0 0 0 1 0 0 0 0 0;
  INPUT ---        0 0 0 0 0 0 0 0 0 0 0 0 0 0 0 0 0 0 0 0 0 0 0 0 0 0 1 1 0 
  INPUT ---       0 1 0 0 0 0 1 0 0 0 0;
  INPUT ---        0 0 0 0 0 0 0 0 0 0 0 0 0 0 0 0 0 0 0 0 0 0 0 0 0 0 1 1 0 
  INPUT ---       0 0 1 0 0 0 0 1 0 0 0;
  INPUT ---        0 0 0 0 0 0 0 0 0 0 0 0 0 0 0 0 0 0 0 0 0 0 0 0 0 0 1 1 0 
  INPUT ---       0 0 0 1 0 0 0 0 1 0 0;

  INPUT ---    links=40;

  INPUT ---    Logit;

  INPUT ---    Logit;

  INPUT ---    Logit;

  INPUT ---    Logit;

  INPUT ---    Logit;

  INPUT ---    Logit;

  INPUT ---    Logit;

  INPUT ---    Logit;

  INPUT ---    Logit;

  INPUT ---    Logit;

  INPUT ---    Logit;


  Program  MARK  - Survival Rate Estimation with Capture-Recapture Data
   gfortran(Win64) Vers. 8.0 Jun 2014   21-Jan-2015 17:35:14    Page  005
 - - - - - - - - - - - - - - - - - - - - - - - - - - - - - - - - - - - - - -
 
  INPUT ---    Logit;

  INPUT ---    Logit;

  INPUT ---    Logit;

  INPUT ---    Logit;

  INPUT ---    Logit;

  INPUT ---    Logit;

  INPUT ---    Logit;

  INPUT ---    Logit;

  INPUT ---    Logit;

  INPUT ---    Logit;

  INPUT ---    Logit;

  INPUT ---    Logit;

  INPUT ---    Logit;

  INPUT ---    Logit;

  INPUT ---    Logit;

  INPUT ---    Log;

  INPUT ---    Log;

  INPUT ---    mlogit(1);

  INPUT ---    mlogit(1);

  INPUT ---    mlogit(1);

  INPUT ---    mlogit(1);

  INPUT ---    mlogit(1);

  INPUT ---    mlogit(1);


  Program  MARK  - Survival Rate Estimation with Capture-Recapture Data
   gfortran(Win64) Vers. 8.0 Jun 2014   21-Jan-2015 17:35:14    Page  006
 - - - - - - - - - - - - - - - - - - - - - - - - - - - - - - - - - - - - - -
 
  INPUT ---    mlogit(2);

  INPUT ---    mlogit(2);

  INPUT ---    mlogit(2);

  INPUT ---    mlogit(2);

  INPUT ---    mlogit(2);

  INPUT ---    mlogit(2);

  INPUT ---    blabel(1)=Phi:(Intercept);

  INPUT ---    blabel(2)=Phi:sexMale;

  INPUT ---    blabel(3)=Phi:time2;

  INPUT ---    blabel(4)=Phi:time3;

  INPUT ---    blabel(5)=Phi:time4;

  INPUT ---    blabel(6)=Phi:time5;

  INPUT ---    blabel(7)=Phi:time6;

  INPUT ---    blabel(8)=Phi:sexMale:time2;

  INPUT ---    blabel(9)=Phi:sexMale:time3;

  INPUT ---    blabel(10)=Phi:sexMale:time4;

  INPUT ---    blabel(11)=Phi:sexMale:time5;

  INPUT ---    blabel(12)=Phi:sexMale:time6;

  INPUT ---    blabel(13)=p:(Intercept);

  INPUT ---    blabel(14)=p:sexMale;

  INPUT ---    blabel(15)=p:time2;

  INPUT ---    blabel(16)=p:time3;

  INPUT ---    blabel(17)=p:time4;


  Program  MARK  - Survival Rate Estimation with Capture-Recapture Data
   gfortran(Win64) Vers. 8.0 Jun 2014   21-Jan-2015 17:35:14    Page  007
 - - - - - - - - - - - - - - - - - - - - - - - - - - - - - - - - - - - - - -
 
  INPUT ---    blabel(18)=p:time5;

  INPUT ---    blabel(19)=p:time6;

  INPUT ---    blabel(20)=p:time7;

  INPUT ---    blabel(21)=p:sexMale:time2;

  INPUT ---    blabel(22)=p:sexMale:time3;

  INPUT ---    blabel(23)=p:sexMale:time4;

  INPUT ---    blabel(24)=p:sexMale:time5;

  INPUT ---    blabel(25)=p:sexMale:time6;

  INPUT ---    blabel(26)=p:sexMale:time7;

  INPUT ---    blabel(27)=pent:(Intercept);

  INPUT ---    blabel(28)=pent:sexMale;

  INPUT ---    blabel(29)=pent:time3;

  INPUT ---    blabel(30)=pent:time4;

  INPUT ---    blabel(31)=pent:time5;

  INPUT ---    blabel(32)=pent:time6;

  INPUT ---    blabel(33)=pent:time7;

  INPUT ---    blabel(34)=pent:sexMale:time3;

  INPUT ---    blabel(35)=pent:sexMale:time4;

  INPUT ---    blabel(36)=pent:sexMale:time5;

  INPUT ---    blabel(37)=pent:sexMale:time6;

  INPUT ---    blabel(38)=pent:sexMale:time7;

  INPUT ---    blabel(39)=N:(Intercept);

  INPUT ---    blabel(40)=N:sexMale;


  Program  MARK  - Survival Rate Estimation with Capture-Recapture Data
   gfortran(Win64) Vers. 8.0 Jun 2014   21-Jan-2015 17:35:14    Page  008
 - - - - - - - - - - - - - - - - - - - - - - - - - - - - - - - - - - - - - -
 
  INPUT ---    rlabel(1)=Phi gFemale a0 t1;

  INPUT ---    rlabel(2)=Phi gFemale a1 t2;

  INPUT ---    rlabel(3)=Phi gFemale a2 t3;

  INPUT ---    rlabel(4)=Phi gFemale a3 t4;

  INPUT ---    rlabel(5)=Phi gFemale a4 t5;

  INPUT ---    rlabel(6)=Phi gFemale a5 t6;

  INPUT ---    rlabel(7)=Phi gMale a0 t1;

  INPUT ---    rlabel(8)=Phi gMale a1 t2;

  INPUT ---    rlabel(9)=Phi gMale a2 t3;

  INPUT ---    rlabel(10)=Phi gMale a3 t4;

  INPUT ---    rlabel(11)=Phi gMale a4 t5;

  INPUT ---    rlabel(12)=Phi gMale a5 t6;

  INPUT ---    rlabel(13)=p gFemale a0 t1;

  INPUT ---    rlabel(14)=p gFemale a1 t2;

  INPUT ---    rlabel(15)=p gFemale a2 t3;

  INPUT ---    rlabel(16)=p gFemale a3 t4;

  INPUT ---    rlabel(17)=p gFemale a4 t5;

  INPUT ---    rlabel(18)=p gFemale a5 t6;

  INPUT ---    rlabel(19)=p gFemale a6 t7;

  INPUT ---    rlabel(20)=p gMale a0 t1;

  INPUT ---    rlabel(21)=p gMale a1 t2;

  INPUT ---    rlabel(22)=p gMale a2 t3;

  INPUT ---    rlabel(23)=p gMale a3 t4;


  Program  MARK  - Survival Rate Estimation with Capture-Recapture Data
   gfortran(Win64) Vers. 8.0 Jun 2014   21-Jan-2015 17:35:14    Page  009
 - - - - - - - - - - - - - - - - - - - - - - - - - - - - - - - - - - - - - -
 
  INPUT ---    rlabel(24)=p gMale a4 t5;

  INPUT ---    rlabel(25)=p gMale a5 t6;

  INPUT ---    rlabel(26)=p gMale a6 t7;

  INPUT ---    rlabel(27)=N gFemale a0 t1;

  INPUT ---    rlabel(28)=N gMale a0 t1;

  INPUT ---    rlabel(29)=pent gFemale a1 t2;

  INPUT ---    rlabel(30)=pent gFemale a2 t3;

  INPUT ---    rlabel(31)=pent gFemale a3 t4;

  INPUT ---    rlabel(32)=pent gFemale a4 t5;

  INPUT ---    rlabel(33)=pent gFemale a5 t6;

  INPUT ---    rlabel(34)=pent gFemale a6 t7;

  INPUT ---    rlabel(35)=pent gMale a1 t2;

  INPUT ---    rlabel(36)=pent gMale a2 t3;

  INPUT ---    rlabel(37)=pent gMale a3 t4;

  INPUT ---    rlabel(38)=pent gMale a4 t5;

  INPUT ---    rlabel(39)=pent gMale a5 t6;

  INPUT ---    rlabel(40)=pent gMale a6 t7;

 Link Function Used is PARM-SPECIFIC

 Variance Estimation Procedure Used is 2ndPart 

 M(t+1):
     153    141



 Group: 1

 U(t)+UL(t):
      10   29   27   23   19   23   22

 U(t):
      10   29   27   23   19   23   22

 UL(t):
       0    0    0    0    0    0    0

 Not Released(t):
       0    0    0    0    0    0    0

 Group: 2

 U(t)+UL(t):
      12   20   25   22   22   23   17

 U(t):
      12   20   25   22   22   23   17

 UL(t):
       0    0    0    0    0    0    0

 Not Released(t):
       0    0    0    0    0    0    0
 -2logL(saturated) = 1708.6668     
 Effective Sample Size = 519

 Number of function evaluations was 88 for 40 parameters.
 Time for numerical optimization was 0.53 seconds.

  Program  MARK  - Survival Rate Estimation with Capture-Recapture Data
   gfortran(Win64) Vers. 8.0 Jun 2014   21-Jan-2015 17:35:14    Page  010
 - - - - - - - - - - - - - - - - - - - - - - - - - - - - - - - - - - - - - -
 
 -2logL { Phi(~sex * time)p(~sex * time)pent(~sex * time)N(~sex) } = 716.00548     
 Penalty { Phi(~sex * time)p(~sex * time)pent(~sex * time)N(~sex) } = -0.0000000    
 Gradient { Phi(~sex * time)p(~sex * time)pent(~sex * time)N(~sex) }:
 -0.3781497E-03-0.2469258E-03 0.5527411E-04-0.1224655E-03 0.1414125E-03
 -0.5091503E-04-0.1054336E-03 0.6064564E-04-0.6542284E-04 0.4260346E-04
 -0.1530750E-03-0.7037474E-04-0.1029685E-03-0.2136848E-03-0.2619109E-04
  0.3046866E-04-0.1602044E-04 0.2853317E-04-0.9783236E-04 0.5447383E-05
 -0.4393797E-04  0.000000    -0.7094738E-05-0.2029240E-04-0.1325154E-03
 -0.7992335E-05  0.000000    -0.7018764E-04 0.9913564E-04 0.1508427E-04
 -0.4147332E-04 0.1502768E-04-0.1138521E-03 0.3531149E-04 0.1547976E-04
 -0.1480079E-04-0.7804770E-04  0.000000     0.4184813E-04-0.1424955E-03
 S Vector { Phi(~sex * time)p(~sex * time)pent(~sex * time)N(~sex) }:
   169.0627      56.47633      55.98540      49.01543      45.50581    
   41.89035      32.48826      29.15318      26.24592      24.61769    
   22.10299      19.47641      10.87602      8.437848      7.979332    
   7.450263      7.188459      6.811888      5.140849      4.435483    
   4.339620      3.725751      3.243841      2.987591      2.663403    
   2.445568      1.945376      1.580553     0.9088468     0.8169509    
  0.4913653     0.4357432     0.3554908     0.2408067     0.5859538E-01
  0.1093167E-04 0.1747396E-05 0.7984487E-06 0.1600053E-06 0.4275052E-07
 Time to compute number of parameters was 0.38 seconds.
   Threshold =  0.8200000E-06     Condition index =  0.2528679E-09     New Threshold =  0.2703781E-06
 New Guessimate of Estimated Parameters { Phi(~sex * time)p(~sex * time)pent(~sex * time)N(~sex) } = 35          
 Conditioned S Vector { Phi(~sex * time)p(~sex * time)pent(~sex * time)N(~sex) }:
   1.000000     0.3340555     0.3311517     0.2899246     0.2691653    
  0.2477800     0.1921669     0.1724400     0.1552437     0.1456127    
  0.1307384     0.1152023     0.6433128E-01 0.4990957E-01 0.4719747E-01
  0.4406804E-01 0.4251948E-01 0.4029208E-01 0.3040794E-01 0.2623573E-01
  0.2566870E-01 0.2203769E-01 0.1918720E-01 0.1767149E-01 0.1575393E-01
  0.1446545E-01 0.1150683E-01 0.9348918E-02 0.5375797E-02 0.4832236E-02
  0.2906408E-02 0.2577406E-02 0.2102716E-02 0.1424363E-02 0.3465896E-03
  0.6466042E-07 0.1033579E-07 0.4722796E-08 0.9464258E-09 0.2528679E-09
 Number of Estimated Parameters { Phi(~sex * time)p(~sex * time)pent(~sex * time)N(~sex) } = 35          
 DEVIANCE { Phi(~sex * time)p(~sex * time)pent(~sex * time)N(~sex) } = -992.66129                    
 DEVIANCE Degrees of Freedom { Phi(~sex * time)p(~sex * time)pent(~sex * time)N(~sex) } = 20            
 c-hat { Phi(~sex * time)p(~sex * time)pent(~sex * time)N(~sex) } = -49.633065                    
 AIC { Phi(~sex * time)p(~sex * time)pent(~sex * time)N(~sex) } = 786.00548                  
 AICc { Phi(~sex * time)p(~sex * time)pent(~sex * time)N(~sex) } = 791.22287                    
 BIC { Phi(~sex * time)p(~sex * time)pent(~sex * time)N(~sex) } = 934.82212                    
 Pearson Chisquare { Phi(~sex * time)p(~sex * time)pent(~sex * time)N(~sex) } = 1451.1096                  
 Possible Encounter Histories { Phi(~sex * time)p(~sex * time)pent(~sex * time)N(~sex) } = 254             
 Pearson Chisquare df { Phi(~sex * time)p(~sex * time)pent(~sex * time)N(~sex) } = 217        
 Pearson chat { Phi(~sex * time)p(~sex * time)pent(~sex * time)N(~sex) } = 6.6871408                  
 Sum(Observed/Expected) { Phi(~sex * time)p(~sex * time)pent(~sex * time)N(~sex) } = 28.485090                  
 Fletcher chat { Phi(~sex * time)p(~sex * time)pent(~sex * time)N(~sex) } = 59.628871                  


  PARM-SPECIFIC Link Function Parameters of { Phi(~sex * time)p(~sex * time)pent(~sex * time)N(~sex) }
                                                              95% Confidence Interval
 Parameter                    Beta         Standard Error      Lower           Upper
 -------------------------  --------------  --------------  --------------  --------------
    1:Phi:(Intercept)       0.8639666       1.0148603       -1.1251596      2.8530929     
    2:Phi:sexMale           -0.1970633      1.3003935       -2.7458346      2.3517081     
    3:Phi:time2             -1.0567830      1.1308673       -3.2732829      1.1597169     
    4:Phi:time3             -1.0422984      1.0690625       -3.1376609      1.0530642     
    5:Phi:time4             -0.2863001      1.0768543       -2.3969345      1.8243344     
    6:Phi:time5             -0.3397243      1.0718602       -2.4405704      1.7611218     
    7:Phi:time6             -0.9409027      1.0545422       -3.0078054      1.1260000     

  Program  MARK  - Survival Rate Estimation with Capture-Recapture Data
   gfortran(Win64) Vers. 8.0 Jun 2014   21-Jan-2015 17:35:14    Page  011
 - - - - - - - - - - - - - - - - - - - - - - - - - - - - - - - - - - - - - -
 
    8:Phi:sexMale:time2     0.1247651       1.4790798       -2.7742314      3.0237616     
    9:Phi:sexMale:time3     0.3901791       1.3861790       -2.3267318      3.1070900     
   10:Phi:sexMale:time4     0.0673954       1.3942646       -2.6653632      2.8001540     
   11:Phi:sexMale:time5     -0.0397618      1.3821769       -2.7488285      2.6693049     
   12:Phi:sexMale:time6     0.6154494       1.3642749       -2.0585294      3.2894282     
   13:p:(Intercept)         11.365851       0.0000000       11.365851       11.365851     
   14:p:sexMale             8.5765494       0.0000000       8.5765494       8.5765494     
   15:p:time2               -10.285737      0.0000000       -10.285737      -10.285737    
   16:p:time3               -9.4475584      0.0000000       -9.4475584      -9.4475584    
   17:p:time4               -8.9349051      0.0000000       -8.9349051      -8.9349051    
   18:p:time5               -9.3593744      0.0000000       -9.3593744      -9.3593744    
   19:p:time6               -8.7612843      0.0000000       -8.7612843      -8.7612843    
   20:p:time7               3.1739982       0.0000000       3.1739982       3.1739982     
   21:p:sexMale:time2       -8.3147816      0.0000000       -8.3147816      -8.3147816    
   22:p:sexMale:time3       13.511981       1866.0486       -3643.9434      3670.9674     
   23:p:sexMale:time4       -8.6144643      0.0000000       -8.6144643      -8.6144643    
   24:p:sexMale:time5       -7.9638956      0.0000000       -7.9638956      -7.9638956    
   25:p:sexMale:time6       -8.4370531      0.0000000       -8.4370531      -8.4370531    
   26:p:sexMale:time7       -10.379587      0.0000000       -10.379587      -10.379587    
   27:pent:(Intercept)      1.3483222       0.4675230       0.4319772       2.2646672     
   28:pent:sexMale          -0.6197557      0.6389021       -1.8720038      0.6324924     
   29:pent:time3            -0.3761368      0.5770724       -1.5071986      0.7549251     
   30:pent:time4            -0.5073565      0.4301664       -1.3504827      0.3357697     
   31:pent:time5            -0.6447226      0.4350711       -1.4974620      0.2080167     
   32:pent:time6            -0.5130321      0.4181451       -1.3325966      0.3065323     
   33:pent:time7            -0.5976771      0.4122248       -1.4056378      0.2102837     
   34:pent:sexMale:time3    0.2878170       0.7506280       -1.1834139      1.7590478     
   35:pent:sexMale:time4    0.4688449       0.5827743       -0.6733927      1.6110825     
   36:pent:sexMale:time5    0.5362269       0.5939064       -0.6278297      1.7002835     
   37:pent:sexMale:time6    0.4566328       0.5760282       -0.6723824      1.5856480     
   38:pent:sexMale:time7    0.1653600       0.5882119       -0.9875354      1.3182553     
   39:N:(Intercept)         2.2599835       0.8149169       0.6627463       3.8572207     
   40:N:sexMale             -0.7552209      1.2928971       -3.2892992      1.7788575     


  Real Function Parameters of { Phi(~sex * time)p(~sex * time)pent(~sex * time)N(~sex) }
                                                               95% Confidence Interval
  Parameter                  Estimate       Standard Error      Lower           Upper
 --------------------------  --------------  --------------  --------------  --------------
     1:Phi gFemale a0 t1     0.7034887       0.2116921       0.2450555       0.9454783                           
     2:Phi gFemale a1 t2     0.4519447       0.0960072       0.2783761       0.6380471                           
     3:Phi gFemale a2 t3     0.4555348       0.0811295       0.3058789       0.6136768                           
     4:Phi gFemale a3 t4     0.6405303       0.0828070       0.4682371       0.7828846                           
     5:Phi gFemale a4 t5     0.6281392       0.0804488       0.4623680       0.7683998                           
     6:Phi gFemale a5 t6     0.4807755       0.0705611       0.3472943       0.6170585                           
     7:Phi gMale a0 t1       0.6608094       0.1822133       0.2836425       0.9055328                           

  Program  MARK  - Survival Rate Estimation with Capture-Recapture Data
   gfortran(Win64) Vers. 8.0 Jun 2014   21-Jan-2015 17:35:14    Page  012
 - - - - - - - - - - - - - - - - - - - - - - - - - - - - - - - - - - - - - -
 
     8:Phi gMale a1 t2       0.4341069       0.0965270       0.2620653       0.6236413                           
     9:Phi gMale a2 t3       0.5036960       0.0868916       0.3392847       0.6673118                           
    10:Phi gMale a3 t4       0.6101633       0.0829722       0.4413481       0.7561507                           
    11:Phi gMale a4 t5       0.5713637       0.0771487       0.4182391       0.7119432                           
    12:Phi gMale a5 t6       0.5845427       0.0709944       0.4423753       0.7139053                           
    13:p gFemale a0 t1       0.9999884       0.0000000       0.9999884       0.9999884                           
    14:p gFemale a1 t2       0.7465156       0.2193843       0.2328628       0.9661848                           
    15:p gFemale a2 t3       0.8719479       0.1174776       0.4640815       0.9816662                           
    16:p gFemale a3 t4       0.9191568       0.0767880       0.6000130       0.9885287                           
    17:p gFemale a4 t5       0.8814754       0.0778112       0.6333749       0.9697115                           
    18:p gFemale a5 t6       0.9311549       0.0659155       0.6431874       0.9902424                           
    19:p gFemale a6 t7       0.9999995       0.0000000       0.9999995       0.9999995                           
    20:p gMale a0 t1         1.0000000       0.0000000       1.0000000       1.0000000                           
    21:p gMale a1 t2         0.7927992       0.1923126       0.2783360       0.9743317                           
    22:p gMale a2 t3         1.0000000       0.0000000       1.0000000       1.0000000                           
    23:p gMale a3 t4         0.9162943       0.0797268       0.5879891       0.9882305                           
    24:p gMale a4 t5         0.9320827       0.0652881       0.6451335       0.9904398                           
    25:p gMale a5 t6         0.9395772       0.0583621       0.6746218       0.9914984                           
    26:p gMale a6 t7         0.9999971       0.0013560       0.3352661E-298  1.0000000                           
    27:N gFemale a0 t1       162.58293       7.8092925       155.36613       191.81134                           
    28:N gMale a0 t1         145.50308       4.5196992       141.87688       164.12483                           
    29:pent gFemale a1 t2    0.2368634       0.0706842       0.1260446       0.4004685                           
    30:pent gFemale a2 t3    0.1626087       0.0535025       0.0824841       0.2954988                           
    31:pent gFemale a3 t4    0.1426119       0.0353894       0.0861921       0.2267972                           
    32:pent gFemale a4 t5    0.1243078       0.0322293       0.0736069       0.2023053                           
    33:pent gFemale a5 t6    0.1418048       0.0325749       0.0890718       0.2182765                           
    34:pent gFemale a6 t7    0.1302957       0.0283409       0.0840507       0.1965256                           
    35:pent gMale a1 t2      0.1708924       0.0502809       0.0932264       0.2923970                           
    36:pent gMale a2 t3      0.1564465       0.0387181       0.0944955       0.2478936                           
    37:pent gMale a3 t4      0.1644361       0.0347955       0.1069815       0.2443055                           
    38:pent gMale a4 t5      0.1533217       0.0349654       0.0965022       0.2348981                           
    39:pent gMale a5 t6      0.1615209       0.0345044       0.1046765       0.2409279                           
    40:pent gMale a6 t7      0.1109097       0.0278566       0.0669087       0.1783173                           


                      Estimates of Derived Parameters
 Gross Birth+Immigration Estimates of { Phi(~sex * time)p(~sex * time)pent(~sex * time)N(~sex) }
                                                95% Confidence Interval
 Grp. Occ.   B*-hat          Standard Error      Lower           Upper
 ---- ----   --------------  --------------  --------------  --------------
   1     1   45.678127       13.772463       25.622355       81.432455     
   1     2   38.310849       12.066385       20.966996       70.001501     
   1     3   33.484176       8.3530388       20.686632       54.198771     
   1     4   25.044866       6.4759351       15.211362       41.235315     
   1     5   28.829183       6.6165737       18.491477       44.946210     

  Program  MARK  - Survival Rate Estimation with Capture-Recapture Data
   gfortran(Win64) Vers. 8.0 Jun 2014   21-Jan-2015 17:35:14    Page  013
 - - - - - - - - - - - - - - - - - - - - - - - - - - - - - - - - - - - - - -
 
   1     6   29.879371       6.5930112       19.488327       45.810849     
   2     1   30.370734       9.0130334       17.185155       53.673156     
   2     2   33.566920       8.5567092       20.527198       54.890010     
   2     3   33.060393       7.3162070       21.536851       50.749741     
   2     4   28.271259       6.5605982       18.046670       44.288730     
   2     5   30.689515       6.7120947       20.090511       46.880159     
   2     6   20.855927       5.3030601       12.769401       34.063437     

 Net Birth+Immigration Estimates of { Phi(~sex * time)p(~sex * time)pent(~sex * time)N(~sex) }
                                                95% Confidence Interval
 Grp. Occ.   B-hat           Standard Error      Lower           Upper
 ---- ----   --------------  --------------  --------------  --------------
   1     1   38.509945       12.912804       20.310414       73.017508     
   1     2   26.437402       8.2154656       14.580545       47.936221     
   1     3   23.186264       5.5951521       14.545224       36.960783     
   1     4   20.210330       5.1906201       12.315073       33.167277     
   1     5   23.055040       5.2307064       14.861434       35.766054     
   1     6   21.183858       4.4673984       14.074846       31.883534     
   2     1   24.865365       7.8396791       13.600393       45.460919     
   2     2   22.763447       5.3246992       14.480108       35.785266     
   2     3   23.925965       5.1141005       15.810758       36.206473     
   2     4   22.308775       5.0697391       14.370238       34.632792     
   2     5   23.501789       5.0048486       15.553755       35.511303     
   2     6   16.137710       4.0021477       9.9972906       26.049627     

 Population Estimates of { Phi(~sex * time)p(~sex * time)pent(~sex * time)N(~sex) }
                                                95% Confidence Interval
 Grp. Occ.   N-hat           Standard Error      Lower           Upper
 ---- ----   --------------  --------------  --------------  --------------
   1     1   10.000092       3.0631767       5.5601599       17.985426     
   1     2   45.544897       14.016559       25.256836       82.129750     
   1     3   47.021177       8.1639540       33.542748       65.915621     
   1     4   44.606049       6.5062458       33.565100       59.278823     
   1     5   48.781856       6.7918265       37.180308       64.003492     
   1     6   53.696837       6.8147440       41.913191       68.793386     
   1     7   46.999979       5.7800823       36.966397       59.756920     
   2     1   12.000033       3.3181878       7.0490426       20.428417     
   2     2   32.795099       8.9509284       19.392887       55.459436     
   2     3   37.000026       5.2527360       28.051796       48.802648     
   2     4   42.562729       6.3197386       31.866081       56.849975     
   2     5   48.278990       6.3385984       37.366133       62.378971     
   2     6   51.086653       6.3193571       40.124755       65.043290     
   2     7   46.000041       5.6090247       36.253304       58.367197     

 Gross Population Estimates of { Phi(~sex * time)p(~sex * time)pent(~sex * time)N(~sex) }
                                                95% Confidence Interval
 Grp. Occ.   N*-hat          Standard Error      Lower           Upper
 ---- ----   --------------  --------------  --------------  --------------
   1     0   211.22666       10.257126       192.06053       232.30542     
   2     0   188.81478       7.6390351       174.42618       204.39031     

 Attempted ordering of parameters by estimatibility:
   1 30 29 32 31 13  2 33  7  6 27  4  5 34 35 37 38 14 36 39 12 11 28 10  8
  18 17 15  3 40 19 24 23  9 21 16 20 25 22 26
 Beta number 26 is a singular value.

     CPU Time in seconds for last procedure was 0.95

  Program  MARK  - Survival Rate Estimation with Capture-Recapture Data
   gfortran(Win64) Vers. 8.0 Jun 2014   21-Jan-2015 17:35:14    Page  014
 - - - - - - - - - - - - - - - - - - - - - - - - - - - - - - - - - - - - - -
 


  INPUT --- proc stop;

     CPU Time in minutes for this job was 0.02

     Time Start = 17:35:14.243   Time End = 17:35:14.995

     Wall Clock Time in minutes for this job was 0.01


          E X E C U T I O N   S U C C E S S F U L 
