
   Program  MARK  - Survival Rate Estimation with Capture-Recapture Data
   gfortran(Win64) Vers. 8.0 Jun 2014   21-Jan-2015 17:24:55    Page  001
 - - - - - - - - - - - - - - - - - - - - - - - - - - - - - - - - - - - - - -
 
   This version was compiled by GCC version 4.8.1 using the options 
   -m64 -mtune=generic -march=x86-64 -mthreads -O2 -fimplicit-none -fbounds-check -funroll-loops -ftree-vectorize -fopenmp.
   This problem will use 3 of 4 possible threads.


  INPUT --- proc title ;

     CPU Time in seconds for last procedure was 0.00


  INPUT --- proc chmatrix occasions= 7 groups= 2 etype= Live ICMeans 
  INPUT --- NoHist hist= 55 ;

  INPUT ---    time  interval 1 1 1 1 1 1 ;

  INPUT ---    glabel(1)=sexFemale;

  INPUT ---    glabel(2)=sexMale;

   * *  WARNING  * *   At least a pair of the encounter histories are duplicates. 

      Number of unique encounter histories read was 32.

      Number of individual covariates read was 0.
      Time interval lengths are all equal to 1.

      Data type number is 1
      Data type is Live Recaptures (CJS)                                                                               

     CPU Time in seconds for last procedure was 0.02

  Program  MARK  - Survival Rate Estimation with Capture-Recapture Data
   gfortran(Win64) Vers. 8.0 Jun 2014   21-Jan-2015 17:24:55    Page  002
 - - - - - - - - - - - - - - - - - - - - - - - - - - - - - - - - - - - - - -
 


  INPUT --- proc estimate link=Logit NOLOOP varest=2ndPart    ;


  INPUT --- model={ Phi(~sex + time)p(~sex + time) };

  INPUT ---    group=1 Phi    rows=6 cols=6 Triang ;
  INPUT ---        1 2 3 4 5 6 ;
  INPUT ---        2 3 4 5 6 ;
  INPUT ---        3 4 5 6 ;
  INPUT ---        4 5 6 ;
  INPUT ---        5 6 ;
  INPUT ---        6 ;

  INPUT ---    group=2 Phi    rows=6 cols=6 Triang ;
  INPUT ---        7 8 9 10 11 12 ;
  INPUT ---        8 9 10 11 12 ;
  INPUT ---        9 10 11 12 ;
  INPUT ---        10 11 12 ;
  INPUT ---        11 12 ;
  INPUT ---        12 ;

  INPUT ---    group=1 p    rows=6 cols=6 Triang ;
  INPUT ---        13 14 15 16 17 18 ;
  INPUT ---        14 15 16 17 18 ;
  INPUT ---        15 16 17 18 ;
  INPUT ---        16 17 18 ;
  INPUT ---        17 18 ;
  INPUT ---        18 ;

  INPUT ---    group=2 p    rows=6 cols=6 Triang ;
  INPUT ---        19 20 21 22 23 24 ;
  INPUT ---        20 21 22 23 24 ;
  INPUT ---        21 22 23 24 ;
  INPUT ---        22 23 24 ;
  INPUT ---        23 24 ;
  INPUT ---        24 ;

  INPUT ---    design matrix constraints=24 covariates=14;
  INPUT ---        1 0 0 0 0 0 0 0 0 0 0 0 0 0;
  INPUT ---        1 0 1 0 0 0 0 0 0 0 0 0 0 0;
  INPUT ---        1 0 0 1 0 0 0 0 0 0 0 0 0 0;
  INPUT ---        1 0 0 0 1 0 0 0 0 0 0 0 0 0;
  INPUT ---        1 0 0 0 0 1 0 0 0 0 0 0 0 0;
  INPUT ---        1 0 0 0 0 0 1 0 0 0 0 0 0 0;

  Program  MARK  - Survival Rate Estimation with Capture-Recapture Data
   gfortran(Win64) Vers. 8.0 Jun 2014   21-Jan-2015 17:24:55    Page  003
 - - - - - - - - - - - - - - - - - - - - - - - - - - - - - - - - - - - - - -
 
  INPUT ---        1 1 0 0 0 0 0 0 0 0 0 0 0 0;
  INPUT ---        1 1 1 0 0 0 0 0 0 0 0 0 0 0;
  INPUT ---        1 1 0 1 0 0 0 0 0 0 0 0 0 0;
  INPUT ---        1 1 0 0 1 0 0 0 0 0 0 0 0 0;
  INPUT ---        1 1 0 0 0 1 0 0 0 0 0 0 0 0;
  INPUT ---        1 1 0 0 0 0 1 0 0 0 0 0 0 0;
  INPUT ---        0 0 0 0 0 0 0 1 0 0 0 0 0 0;
  INPUT ---        0 0 0 0 0 0 0 1 0 1 0 0 0 0;
  INPUT ---        0 0 0 0 0 0 0 1 0 0 1 0 0 0;
  INPUT ---        0 0 0 0 0 0 0 1 0 0 0 1 0 0;
  INPUT ---        0 0 0 0 0 0 0 1 0 0 0 0 1 0;
  INPUT ---        0 0 0 0 0 0 0 1 0 0 0 0 0 1;
  INPUT ---        0 0 0 0 0 0 0 1 1 0 0 0 0 0;
  INPUT ---        0 0 0 0 0 0 0 1 1 1 0 0 0 0;
  INPUT ---        0 0 0 0 0 0 0 1 1 0 1 0 0 0;
  INPUT ---        0 0 0 0 0 0 0 1 1 0 0 1 0 0;
  INPUT ---        0 0 0 0 0 0 0 1 1 0 0 0 1 0;
  INPUT ---        0 0 0 0 0 0 0 1 1 0 0 0 0 1;

  INPUT ---    blabel(1)=Phi:(Intercept);

  INPUT ---    blabel(2)=Phi:sexMale;

  INPUT ---    blabel(3)=Phi:time2;

  INPUT ---    blabel(4)=Phi:time3;

  INPUT ---    blabel(5)=Phi:time4;

  INPUT ---    blabel(6)=Phi:time5;

  INPUT ---    blabel(7)=Phi:time6;

  INPUT ---    blabel(8)=p:(Intercept);

  INPUT ---    blabel(9)=p:sexMale;

  INPUT ---    blabel(10)=p:time3;

  INPUT ---    blabel(11)=p:time4;

  INPUT ---    blabel(12)=p:time5;

  INPUT ---    blabel(13)=p:time6;

  INPUT ---    blabel(14)=p:time7;

  Program  MARK  - Survival Rate Estimation with Capture-Recapture Data
   gfortran(Win64) Vers. 8.0 Jun 2014   21-Jan-2015 17:24:55    Page  004
 - - - - - - - - - - - - - - - - - - - - - - - - - - - - - - - - - - - - - -
 

  INPUT ---    rlabel(1)=Phi gFemale c1 c1 a0 t1;

  INPUT ---    rlabel(2)=Phi gFemale c1 c1 a1 t2;

  INPUT ---    rlabel(3)=Phi gFemale c1 c1 a2 t3;

  INPUT ---    rlabel(4)=Phi gFemale c1 c1 a3 t4;

  INPUT ---    rlabel(5)=Phi gFemale c1 c1 a4 t5;

  INPUT ---    rlabel(6)=Phi gFemale c1 c1 a5 t6;

  INPUT ---    rlabel(7)=Phi gMale c1 c1 a0 t1;

  INPUT ---    rlabel(8)=Phi gMale c1 c1 a1 t2;

  INPUT ---    rlabel(9)=Phi gMale c1 c1 a2 t3;

  INPUT ---    rlabel(10)=Phi gMale c1 c1 a3 t4;

  INPUT ---    rlabel(11)=Phi gMale c1 c1 a4 t5;

  INPUT ---    rlabel(12)=Phi gMale c1 c1 a5 t6;

  INPUT ---    rlabel(13)=p gFemale c1 c1 a1 t2;

  INPUT ---    rlabel(14)=p gFemale c1 c1 a2 t3;

  INPUT ---    rlabel(15)=p gFemale c1 c1 a3 t4;

  INPUT ---    rlabel(16)=p gFemale c1 c1 a4 t5;

  INPUT ---    rlabel(17)=p gFemale c1 c1 a5 t6;

  INPUT ---    rlabel(18)=p gFemale c1 c1 a6 t7;

  INPUT ---    rlabel(19)=p gMale c1 c1 a1 t2;

  INPUT ---    rlabel(20)=p gMale c1 c1 a2 t3;

  INPUT ---    rlabel(21)=p gMale c1 c1 a3 t4;

  INPUT ---    rlabel(22)=p gMale c1 c1 a4 t5;

  INPUT ---    rlabel(23)=p gMale c1 c1 a5 t6;

  Program  MARK  - Survival Rate Estimation with Capture-Recapture Data
   gfortran(Win64) Vers. 8.0 Jun 2014   21-Jan-2015 17:24:55    Page  005
 - - - - - - - - - - - - - - - - - - - - - - - - - - - - - - - - - - - - - -
 

  INPUT ---    rlabel(24)=p gMale c1 c1 a6 t7;

 Link Function Used is LOGIT        

 Variance Estimation Procedure Used is 2ndPart 
 -2logL(saturated) = 582.47711     
 Effective Sample Size = 426

 Number of function evaluations was 67 for 14 parameters.
 Time for numerical optimization was 0.14 seconds.
 -2logL { Phi(~sex + time)p(~sex + time) } = 655.54661     
 Penalty { Phi(~sex + time)p(~sex + time) } = -0.0000000    
 Gradient { Phi(~sex + time)p(~sex + time) }:
 -0.3193447E-03 0.4247881E-04 0.1299455E-03-0.4522838E-04-0.1048241E-03
 -0.2089353E-03  0.000000     0.6467620E-03 0.2579270E-03 0.9753479E-04
  0.8555780E-04 0.7595054E-04 0.7669470E-04 0.2325960E-03
 S Vector { Phi(~sex + time)p(~sex + time) }:
   120.4419      60.35428      19.56888      16.94959      16.17108    
   15.27555      7.726715      5.571962      2.344117      1.867727    
   1.098189     0.6068231     0.1812064     0.2631550E-06
 Time to compute number of parameters was 0.03 seconds.
   Threshold =  0.3000000E-06     Condition index =  0.2184913E-08     New Threshold =  0.9846359E-06
 New Guessimate of Estimated Parameters { Phi(~sex + time)p(~sex + time) } = 13          
 Conditioned S Vector { Phi(~sex + time)p(~sex + time) }:
   1.000000     0.5011070     0.1624757     0.1407283     0.1342646    
  0.1268292     0.6415304E-01 0.4626265E-01 0.1946264E-01 0.1550728E-01
  0.9117999E-02 0.5038305E-02 0.1504513E-02 0.2184913E-08
 Number of Estimated Parameters { Phi(~sex + time)p(~sex + time) } = 13          
 DEVIANCE { Phi(~sex + time)p(~sex + time) } = 73.069502                     
 DEVIANCE Degrees of Freedom { Phi(~sex + time)p(~sex + time) } = 28            
 c-hat { Phi(~sex + time)p(~sex + time) } = 2.6096251                     
 AIC { Phi(~sex + time)p(~sex + time) } = 681.54661                  
 AICc { Phi(~sex + time)p(~sex + time) } = 682.43011                    
 BIC { Phi(~sex + time)p(~sex + time) } = 734.25432                    
 Pearson Chisquare { Phi(~sex + time)p(~sex + time) } = 203.12595                  
 Possible Encounter Histories { Phi(~sex + time)p(~sex + time) } = 252             
 Pearson Chisquare df { Phi(~sex + time)p(~sex + time) } = 227        
 Pearson chat { Phi(~sex + time)p(~sex + time) } = 0.8948280                  
 Sum(Observed/Expected) { Phi(~sex + time)p(~sex + time) } = 236.36670                  
 Fletcher chat { Phi(~sex + time)p(~sex + time) } = 0.9540119                  


              LOGIT Link Function Parameters of { Phi(~sex + time)p(~sex + time) }
                                                              95% Confidence Interval
 Parameter                    Beta         Standard Error      Lower           Upper
 -------------------------  --------------  --------------  --------------  --------------
    1:Phi:(Intercept)       0.9580024       0.7647970       -0.5409997      2.4570046     
    2:Phi:sexMale           -0.0705275      0.2268685       -0.5151897      0.3741347     
    3:Phi:time2             -1.1872019      0.8538148       -2.8606789      0.4862751     
    4:Phi:time3             -1.0108938      0.7895204       -2.5583538      0.5365662     
    5:Phi:time4             -0.4099134      0.7933406       -1.9648610      1.1450341     
    6:Phi:time5             -0.5235488      0.7870360       -2.0661395      1.0190419     
    7:Phi:time6             11.041844       1949.3695       -3809.7225      3831.8062     
    8:p:(Intercept)         0.6347398       0.7990654       -0.9314283      2.2009079     
    9:p:sexMale             0.4104686       0.3528225       -0.2810635      1.1020006     
   10:p:time3               1.6808866       1.2931968       -0.8537792      4.2155525     
   11:p:time4               1.5246673       1.0743664       -0.5810909      3.6304255     
   12:p:time5               1.3949658       0.9901141       -0.5456578      3.3355894     
   13:p:time6               1.8164267       1.0692407       -0.2792851      3.9121386     
   14:p:time7               -0.7107085      0.8125608       -2.3033276      0.8819107     

  Program  MARK  - Survival Rate Estimation with Capture-Recapture Data
   gfortran(Win64) Vers. 8.0 Jun 2014   21-Jan-2015 17:24:55    Page  006
 - - - - - - - - - - - - - - - - - - - - - - - - - - - - - - - - - - - - - -
 


              Real Function Parameters of { Phi(~sex + time)p(~sex + time) }
                                                               95% Confidence Interval
  Parameter                  Estimate       Standard Error      Lower           Upper
 --------------------------  --------------  --------------  --------------  --------------
     1:Phi gFemale c1 c1 a0  0.7227217       0.1532615       0.3679551       0.9210722                           
     2:Phi gFemale c1 c1 a1  0.4429497       0.0732102       0.3077331       0.5871849                           
     3:Phi gFemale c1 c1 a2  0.4867802       0.0654952       0.3619911       0.6132395                           
     4:Phi gFemale c1 c1 a3  0.6336921       0.0641708       0.5015630       0.7483678                           
     5:Phi gFemale c1 c1 a4  0.6069367       0.0623082       0.4806451       0.7203837                           
     6:Phi gFemale c1 c1 a5  0.9999939       0.0119790       0.1604463E-298  1.0000000                           
     7:Phi gMale c1 c1 a0 t  0.7083688       0.1562031       0.3555941       0.9144709                           
     8:Phi gMale c1 c1 a1 t  0.4256242       0.0753517       0.2882596       0.5755173                           
     9:Phi gMale c1 c1 a2 t  0.4691844       0.0668767       0.3430500       0.5993827                           
    10:Phi gMale c1 c1 a3 t  0.6171719       0.0656375       0.4832714       0.7353741                           
    11:Phi gMale c1 c1 a4 t  0.5899905       0.0620796       0.4652880       0.7041053                           
    12:Phi gMale c1 c1 a5 t  0.9999934       0.0128544       0.1495202E-298  1.0000000                           
    13:p gFemale c1 c1 a1 t  0.6535634       0.1809230       0.2826350       0.9003310                           
    14:p gFemale c1 c1 a2 t  0.9101630       0.0845309       0.5718388       0.9871553                           
    15:p gFemale c1 c1 a3 t  0.8965446       0.0693636       0.6667780       0.9740468                           
    16:p gFemale c1 c1 a4 t  0.8838809       0.0634023       0.6940092       0.9623296                           
    17:p gFemale c1 c1 a5 t  0.9206467       0.0541185       0.7309097       0.9802197                           
    18:p gFemale c1 c1 a6 t  0.4810170       0.0664232       0.3549209       0.6095784                           
    19:p gMale c1 c1 a1 t2   0.7398537       0.1564858       0.3662476       0.9333152                           
    20:p gMale c1 c1 a2 t3   0.9385490       0.0605038       0.6614930       0.9916923                           
    21:p gMale c1 c1 a3 t4   0.9288975       0.0502013       0.7465144       0.9830375                           
    22:p gMale c1 c1 a4 t5   0.9198399       0.0471728       0.7660664       0.9757341                           
    23:p gMale c1 c1 a5 t6   0.9459170       0.0385527       0.7997251       0.9871146                           
    24:p gMale c1 c1 a6 t7   0.5828539       0.0668696       0.4490376       0.7054858                           

 Attempted ordering of parameters by estimatibility:
   1  8  2  6  4  5  9 14 12 13 11  3 10  7
 Beta number 7 is a singular value.

     CPU Time in seconds for last procedure was 0.17

  Program  MARK  - Survival Rate Estimation with Capture-Recapture Data
   gfortran(Win64) Vers. 8.0 Jun 2014   21-Jan-2015 17:24:55    Page  007
 - - - - - - - - - - - - - - - - - - - - - - - - - - - - - - - - - - - - - -
 


  INPUT --- proc stop;

     CPU Time in minutes for this job was 0.00

     Time Start = 17:24:55.467   Time End = 17:24:55.588

     Wall Clock Time in minutes for this job was 0.00


          E X E C U T I O N   S U C C E S S F U L 
