
   Program  MARK  - Survival Rate Estimation with Capture-Recapture Data
   gfortran(Win64) Vers. 8.0 Jun 2014   31-Jan-2015 13:37:40    Page  001
 - - - - - - - - - - - - - - - - - - - - - - - - - - - - - - - - - - - - - -
 
   This version was compiled by GCC version 4.8.1 using the options 
   -m64 -mtune=generic -march=x86-64 -mthreads -O2 -fimplicit-none -fbounds-check -funroll-loops -ftree-vectorize -fopenmp.
   This problem will use 7 of 8 possible threads.


  INPUT --- proc title ;

     CPU Time in seconds for last procedure was 0.00


  INPUT --- proc chmatrix occasions= 7 groups= 6 etype= Both ICMeans 
  INPUT --- NoHist hist= 51 ;

  INPUT ---    time  interval 1 1 1 1 1 1 1 ;

  INPUT ---    glabel(1)=sex4.age1;

  INPUT ---    glabel(2)=sex5.age1;

  INPUT ---    glabel(3)=sex4.age2;

  INPUT ---    glabel(4)=sex5.age2;

  INPUT ---    glabel(5)=sex4.age4;

  INPUT ---    glabel(6)=sex5.age4;

   * *  WARNING  * *   At least a pair of the encounter histories are duplicates. 

      Number of unique encounter histories read was 17.

      Number of individual covariates read was 0.
      Time interval lengths are all equal to 1.

      Data type number is 3
      Data type is Joint Live and Dead Encounters (Burnham)                                                            

     CPU Time in seconds for last procedure was 0.00

  Program  MARK  - Survival Rate Estimation with Capture-Recapture Data
   gfortran(Win64) Vers. 8.0 Jun 2014   31-Jan-2015 13:37:40    Page  002
 - - - - - - - - - - - - - - - - - - - - - - - - - - - - - - - - - - - - - -
 


  INPUT --- proc estimate link=Logit NOLOOP varest=2ndPart    ;


  INPUT --- model={ S(~1)p(~1)r(~1)F(~age) };

  INPUT ---    group=1 S    rows=7 cols=7 Triang ;
  INPUT ---        1 1 1 1 1 1 1 ;
  INPUT ---        1 1 1 1 1 1 ;
  INPUT ---        1 1 1 1 1 ;
  INPUT ---        1 1 1 1 ;
  INPUT ---        1 1 1 ;
  INPUT ---        1 1 ;
  INPUT ---        1 ;

  INPUT ---    group=2 S    rows=7 cols=7 Triang ;
  INPUT ---        1 1 1 1 1 1 1 ;
  INPUT ---        1 1 1 1 1 1 ;
  INPUT ---        1 1 1 1 1 ;
  INPUT ---        1 1 1 1 ;
  INPUT ---        1 1 1 ;
  INPUT ---        1 1 ;
  INPUT ---        1 ;

  INPUT ---    group=3 S    rows=7 cols=7 Triang ;
  INPUT ---        1 1 1 1 1 1 1 ;
  INPUT ---        1 1 1 1 1 1 ;
  INPUT ---        1 1 1 1 1 ;
  INPUT ---        1 1 1 1 ;
  INPUT ---        1 1 1 ;
  INPUT ---        1 1 ;
  INPUT ---        1 ;

  INPUT ---    group=4 S    rows=7 cols=7 Triang ;
  INPUT ---        1 1 1 1 1 1 1 ;
  INPUT ---        1 1 1 1 1 1 ;
  INPUT ---        1 1 1 1 1 ;
  INPUT ---        1 1 1 1 ;
  INPUT ---        1 1 1 ;
  INPUT ---        1 1 ;
  INPUT ---        1 ;

  INPUT ---    group=5 S    rows=7 cols=7 Triang ;
  INPUT ---        1 1 1 1 1 1 1 ;
  INPUT ---        1 1 1 1 1 1 ;

  Program  MARK  - Survival Rate Estimation with Capture-Recapture Data
   gfortran(Win64) Vers. 8.0 Jun 2014   31-Jan-2015 13:37:40    Page  003
 - - - - - - - - - - - - - - - - - - - - - - - - - - - - - - - - - - - - - -
 
  INPUT ---        1 1 1 1 1 ;
  INPUT ---        1 1 1 1 ;
  INPUT ---        1 1 1 ;
  INPUT ---        1 1 ;
  INPUT ---        1 ;

  INPUT ---    group=6 S    rows=7 cols=7 Triang ;
  INPUT ---        1 1 1 1 1 1 1 ;
  INPUT ---        1 1 1 1 1 1 ;
  INPUT ---        1 1 1 1 1 ;
  INPUT ---        1 1 1 1 ;
  INPUT ---        1 1 1 ;
  INPUT ---        1 1 ;
  INPUT ---        1 ;

  INPUT ---    group=1 p    rows=6 cols=6 Triang ;
  INPUT ---        2 2 2 2 2 2 ;
  INPUT ---        2 2 2 2 2 ;
  INPUT ---        2 2 2 2 ;
  INPUT ---        2 2 2 ;
  INPUT ---        2 2 ;
  INPUT ---        2 ;

  INPUT ---    group=2 p    rows=6 cols=6 Triang ;
  INPUT ---        2 2 2 2 2 2 ;
  INPUT ---        2 2 2 2 2 ;
  INPUT ---        2 2 2 2 ;
  INPUT ---        2 2 2 ;
  INPUT ---        2 2 ;
  INPUT ---        2 ;

  INPUT ---    group=3 p    rows=6 cols=6 Triang ;
  INPUT ---        2 2 2 2 2 2 ;
  INPUT ---        2 2 2 2 2 ;
  INPUT ---        2 2 2 2 ;
  INPUT ---        2 2 2 ;
  INPUT ---        2 2 ;
  INPUT ---        2 ;

  INPUT ---    group=4 p    rows=6 cols=6 Triang ;
  INPUT ---        2 2 2 2 2 2 ;
  INPUT ---        2 2 2 2 2 ;
  INPUT ---        2 2 2 2 ;
  INPUT ---        2 2 2 ;
  INPUT ---        2 2 ;
  INPUT ---        2 ;

  Program  MARK  - Survival Rate Estimation with Capture-Recapture Data
   gfortran(Win64) Vers. 8.0 Jun 2014   31-Jan-2015 13:37:40    Page  004
 - - - - - - - - - - - - - - - - - - - - - - - - - - - - - - - - - - - - - -
 

  INPUT ---    group=5 p    rows=6 cols=6 Triang ;
  INPUT ---        2 2 2 2 2 2 ;
  INPUT ---        2 2 2 2 2 ;
  INPUT ---        2 2 2 2 ;
  INPUT ---        2 2 2 ;
  INPUT ---        2 2 ;
  INPUT ---        2 ;

  INPUT ---    group=6 p    rows=6 cols=6 Triang ;
  INPUT ---        2 2 2 2 2 2 ;
  INPUT ---        2 2 2 2 2 ;
  INPUT ---        2 2 2 2 ;
  INPUT ---        2 2 2 ;
  INPUT ---        2 2 ;
  INPUT ---        2 ;

  INPUT ---    group=1 r    rows=7 cols=7 Triang ;
  INPUT ---        3 3 3 3 3 3 3 ;
  INPUT ---        3 3 3 3 3 3 ;
  INPUT ---        3 3 3 3 3 ;
  INPUT ---        3 3 3 3 ;
  INPUT ---        3 3 3 ;
  INPUT ---        3 3 ;
  INPUT ---        3 ;

  INPUT ---    group=2 r    rows=7 cols=7 Triang ;
  INPUT ---        3 3 3 3 3 3 3 ;
  INPUT ---        3 3 3 3 3 3 ;
  INPUT ---        3 3 3 3 3 ;
  INPUT ---        3 3 3 3 ;
  INPUT ---        3 3 3 ;
  INPUT ---        3 3 ;
  INPUT ---        3 ;

  INPUT ---    group=3 r    rows=7 cols=7 Triang ;
  INPUT ---        3 3 3 3 3 3 3 ;
  INPUT ---        3 3 3 3 3 3 ;
  INPUT ---        3 3 3 3 3 ;
  INPUT ---        3 3 3 3 ;
  INPUT ---        3 3 3 ;
  INPUT ---        3 3 ;
  INPUT ---        3 ;

  INPUT ---    group=4 r    rows=7 cols=7 Triang ;
  INPUT ---        3 3 3 3 3 3 3 ;

  Program  MARK  - Survival Rate Estimation with Capture-Recapture Data
   gfortran(Win64) Vers. 8.0 Jun 2014   31-Jan-2015 13:37:40    Page  005
 - - - - - - - - - - - - - - - - - - - - - - - - - - - - - - - - - - - - - -
 
  INPUT ---        3 3 3 3 3 3 ;
  INPUT ---        3 3 3 3 3 ;
  INPUT ---        3 3 3 3 ;
  INPUT ---        3 3 3 ;
  INPUT ---        3 3 ;
  INPUT ---        3 ;

  INPUT ---    group=5 r    rows=7 cols=7 Triang ;
  INPUT ---        3 3 3 3 3 3 3 ;
  INPUT ---        3 3 3 3 3 3 ;
  INPUT ---        3 3 3 3 3 ;
  INPUT ---        3 3 3 3 ;
  INPUT ---        3 3 3 ;
  INPUT ---        3 3 ;
  INPUT ---        3 ;

  INPUT ---    group=6 r    rows=7 cols=7 Triang ;
  INPUT ---        3 3 3 3 3 3 3 ;
  INPUT ---        3 3 3 3 3 3 ;
  INPUT ---        3 3 3 3 3 ;
  INPUT ---        3 3 3 3 ;
  INPUT ---        3 3 3 ;
  INPUT ---        3 3 ;
  INPUT ---        3 ;

  INPUT ---    group=1 F    rows=6 cols=6 Triang ;
  INPUT ---        4 5 6 7 8 9 ;
  INPUT ---        4 5 6 7 8 ;
  INPUT ---        4 5 6 7 ;
  INPUT ---        4 5 6 ;
  INPUT ---        4 5 ;
  INPUT ---        4 ;

  INPUT ---    group=2 F    rows=6 cols=6 Triang ;
  INPUT ---        4 5 6 7 8 9 ;
  INPUT ---        4 5 6 7 8 ;
  INPUT ---        4 5 6 7 ;
  INPUT ---        4 5 6 ;
  INPUT ---        4 5 ;
  INPUT ---        4 ;

  INPUT ---    group=3 F    rows=6 cols=6 Triang ;
  INPUT ---        4 5 6 7 8 9 ;
  INPUT ---        4 5 6 7 8 ;
  INPUT ---        4 5 6 7 ;
  INPUT ---        4 5 6 ;

  Program  MARK  - Survival Rate Estimation with Capture-Recapture Data
   gfortran(Win64) Vers. 8.0 Jun 2014   31-Jan-2015 13:37:40    Page  006
 - - - - - - - - - - - - - - - - - - - - - - - - - - - - - - - - - - - - - -
 
  INPUT ---        4 5 ;
  INPUT ---        4 ;

  INPUT ---    group=4 F    rows=6 cols=6 Triang ;
  INPUT ---        4 5 6 7 8 9 ;
  INPUT ---        4 5 6 7 8 ;
  INPUT ---        4 5 6 7 ;
  INPUT ---        4 5 6 ;
  INPUT ---        4 5 ;
  INPUT ---        4 ;

  INPUT ---    group=5 F    rows=6 cols=6 Triang ;
  INPUT ---        4 5 6 7 8 9 ;
  INPUT ---        4 5 6 7 8 ;
  INPUT ---        4 5 6 7 ;
  INPUT ---        4 5 6 ;
  INPUT ---        4 5 ;
  INPUT ---        4 ;

  INPUT ---    group=6 F    rows=6 cols=6 Triang ;
  INPUT ---        4 5 6 7 8 9 ;
  INPUT ---        4 5 6 7 8 ;
  INPUT ---        4 5 6 7 ;
  INPUT ---        4 5 6 ;
  INPUT ---        4 5 ;
  INPUT ---        4 ;

  INPUT ---    design matrix constraints=9 covariates=9;
  INPUT ---        1 0 0 0 0 0 0 0 0;
  INPUT ---        0 1 0 0 0 0 0 0 0;
  INPUT ---        0 0 1 0 0 0 0 0 0;
  INPUT ---        0 0 0 1 0 0 0 0 0;
  INPUT ---        0 0 0 1 1 0 0 0 0;
  INPUT ---        0 0 0 1 0 1 0 0 0;
  INPUT ---        0 0 0 1 0 0 1 0 0;
  INPUT ---        0 0 0 1 0 0 0 1 0;
  INPUT ---        0 0 0 1 0 0 0 0 1;

  INPUT ---    blabel(1)=S:(Intercept);

  INPUT ---    blabel(2)=p:(Intercept);

  INPUT ---    blabel(3)=r:(Intercept);

  INPUT ---    blabel(4)=F:(Intercept);


  Program  MARK  - Survival Rate Estimation with Capture-Recapture Data
   gfortran(Win64) Vers. 8.0 Jun 2014   31-Jan-2015 13:37:40    Page  007
 - - - - - - - - - - - - - - - - - - - - - - - - - - - - - - - - - - - - - -
 
  INPUT ---    blabel(5)=F:age1;

  INPUT ---    blabel(6)=F:age2;

  INPUT ---    blabel(7)=F:age3;

  INPUT ---    blabel(8)=F:age4;

  INPUT ---    blabel(9)=F:age5;

  INPUT ---    rlabel(1)=S g41 c2005 c1 a0 t2005;

  INPUT ---    rlabel(2)=p g41 c2005 c1 a1 t2006;

  INPUT ---    rlabel(3)=r g41 c2005 c1 a0 t2005;

  INPUT ---    rlabel(4)=F g41 c2005 c1 a0 t2005;

  INPUT ---    rlabel(5)=F g41 c2005 c1 a1 t2006;

  INPUT ---    rlabel(6)=F g41 c2005 c1 a2 t2007;

  INPUT ---    rlabel(7)=F g41 c2005 c1 a3 t2008;

  INPUT ---    rlabel(8)=F g41 c2005 c1 a4 t2009;

  INPUT ---    rlabel(9)=F g41 c2005 c1 a5 t2010;

 Link Function Used is LOGIT        

 Variance Estimation Procedure Used is 2ndPart 

 M(t+1):



 -2logL(saturated) = 1739.8188     
 Effective Sample Size = 7075

 Number of function evaluations was 70 for 9 parameters.
 Time for numerical optimization was 0.67 seconds.
 -2logL { S(~1)p(~1)r(~1)F(~age) } = 2768.1323     
 Penalty { S(~1)p(~1)r(~1)F(~age) } = -0.0000000    
 Gradient { S(~1)p(~1)r(~1)F(~age) }:
 -0.1354849E-03-0.5155583E-04 0.1107914E-04-0.3081013E-05  0.000000    
 -0.6261229E-05  0.000000      0.000000      0.000000    

  Program  MARK  - Survival Rate Estimation with Capture-Recapture Data
   gfortran(Win64) Vers. 8.0 Jun 2014   31-Jan-2015 13:37:41    Page  008
 - - - - - - - - - - - - - - - - - - - - - - - - - - - - - - - - - - - - - -
 
 S Vector { S(~1)p(~1)r(~1)F(~age) }:
   286.0636      32.20756      5.520976     0.2633547E-05 0.5706887E-06
  0.6228636E-07 0.1114416E-14 -0.000000      0.000000    
 Time to compute number of parameters was 0.39 seconds.
   Threshold =  0.2000000E-06     Condition index =   0.000000         New Threshold =   0.000000    
 New Guessimate of Estimated Parameters { S(~1)p(~1)r(~1)F(~age) } = 7          
 Conditioned S Vector { S(~1)p(~1)r(~1)F(~age) }:
   1.000000     0.1125888     0.1929982E-01 0.9206162E-08 0.1994972E-08
  0.2177361E-09 0.3895695E-17 -0.000000      0.000000    
 Number of Estimated Parameters { S(~1)p(~1)r(~1)F(~age) } = 3          
 DEVIANCE { S(~1)p(~1)r(~1)F(~age) } = 1028.3136                     
 DEVIANCE Degrees of Freedom { S(~1)p(~1)r(~1)F(~age) } = 12            
 c-hat { S(~1)p(~1)r(~1)F(~age) } = 85.692798                     
 AIC { S(~1)p(~1)r(~1)F(~age) } = 2774.1323                  
 AICc { S(~1)p(~1)r(~1)F(~age) } = 2774.1357                    
 BIC { S(~1)p(~1)r(~1)F(~age) } = 2794.7253                    
 Pearson Chisquare { S(~1)p(~1)r(~1)F(~age) } = Not a Number               
 Possible Encounter Histories { S(~1)p(~1)r(~1)F(~age) } = 896             
 Pearson Chisquare df { S(~1)p(~1)r(~1)F(~age) } = 857        
 Pearson chat { S(~1)p(~1)r(~1)F(~age) } = Not a Number               
 Sum(Observed/Expected) { S(~1)p(~1)r(~1)F(~age) } = Not a Number               
 Fletcher chat { S(~1)p(~1)r(~1)F(~age) } = Not a Number               


                  LOGIT Link Function Parameters of { S(~1)p(~1)r(~1)F(~age) }
                                                              95% Confidence Interval
 Parameter                    Beta         Standard Error      Lower           Upper
 -------------------------  --------------  --------------  --------------  --------------
    1:S:(Intercept)         -2.6920865      0.2514666       -3.1849610      -2.1992120    
    2:p:(Intercept)         -3.4102416      0.3859107       -4.1666265      -2.6538567    
    3:r:(Intercept)         -3.1045375      0.0592390       -3.2206459      -2.9884290    
    4:F:(Intercept)         28.519336       0.0000000       28.519336       28.519336     
    5:F:age1                -12.193442      0.0000000       -12.193442      -12.193442    
    6:F:age2                -13.525816      0.0000000       -13.525816      -13.525816    
    7:F:age3                13.899814       0.0000000       13.899814       13.899814     
    8:F:age4                95.062965       0.0000000       95.062965       95.062965     
    9:F:age5                95.853685       0.0000000       95.853685       95.853685     


                  Real Function Parameters of { S(~1)p(~1)r(~1)F(~age) }
                                                               95% Confidence Interval
  Parameter                  Estimate       Standard Error      Lower           Upper
 --------------------------  --------------  --------------  --------------  --------------
     1:S g41 c2005 c1 a0 t2  0.0634419       0.0149414       0.0397356       0.0998213                           
     2:p g41 c2005 c1 a1 t2  0.0319769       0.0119456       0.0152678       0.0657517                           
     3:r g41 c2005 c1 a0 t2  0.0429205       0.0024334       0.0383961       0.0479514                           
     4:F g41 c2005 c1 a0 t2  1.0000000       0.0000000       1.0000000       1.0000000                           
     5:F g41 c2005 c1 a1 t2  0.9999999       0.1228935E-003  0.1213691E-296  1.0000000                           
     6:F g41 c2005 c1 a2 t2  0.9999997       0.2796108E-003  0.3202325E-297  1.0000000                           
     7:F g41 c2005 c1 a3 t2  1.0000000       0.0000000       1.0000000       1.0000000                           
     8:F g41 c2005 c1 a4 t2  1.0000000       0.0000000       1.0000000       1.0000000                           
     9:F g41 c2005 c1 a5 t2  1.0000000       0.0000000       1.0000000       1.0000000                           

 Attempted ordering of parameters by estimatibility:
  3 1 2 4 5 6 7 8 9
 Beta number 9 is a singular value.

     CPU Time in seconds for last procedure was 1.06

  Program  MARK  - Survival Rate Estimation with Capture-Recapture Data
   gfortran(Win64) Vers. 8.0 Jun 2014   31-Jan-2015 13:37:41    Page  009
 - - - - - - - - - - - - - - - - - - - - - - - - - - - - - - - - - - - - - -
 


  INPUT --- proc stop;

     CPU Time in minutes for this job was 0.02

     Time Start = 13:37:40.839   Time End = 13:37:41.089

     Wall Clock Time in minutes for this job was 0.00


          E X E C U T I O N   S U C C E S S F U L 
