
   Program  MARK  - Survival Rate Estimation with Capture-Recapture Data
   gfortran(Win64) Vers. 8.0 Jun 2014   25-Jan-2015 15:11:53    Page  001
 - - - - - - - - - - - - - - - - - - - - - - - - - - - - - - - - - - - - - -
 
   This version was compiled by GCC version 4.8.1 using the options 
   -m64 -mtune=generic -march=x86-64 -mthreads -O2 -fimplicit-none -fbounds-check -funroll-loops -ftree-vectorize -fopenmp.
   This problem will use 7 of 8 possible threads.


  INPUT --- proc title ;

     CPU Time in seconds for last procedure was 0.00


  INPUT --- proc chmatrix occasions= 7 groups= 6 etype= Both ICMeans 
  INPUT --- NoHist hist= 51 ;

  INPUT ---    time  interval 1 1 1 1 1 1 1 ;

  INPUT ---    glabel(1)=sex4.age1;

  INPUT ---    glabel(2)=sex5.age1;

  INPUT ---    glabel(3)=sex4.age2;

  INPUT ---    glabel(4)=sex5.age2;

  INPUT ---    glabel(5)=sex4.age4;

  INPUT ---    glabel(6)=sex5.age4;

   * *  WARNING  * *   At least a pair of the encounter histories are duplicates. 

      Number of unique encounter histories read was 17.

      Number of individual covariates read was 0.
      Time interval lengths are all equal to 1.

      Data type number is 3
      Data type is Joint Live and Dead Encounters (Burnham)                                                            

     CPU Time in seconds for last procedure was 0.00

  Program  MARK  - Survival Rate Estimation with Capture-Recapture Data
   gfortran(Win64) Vers. 8.0 Jun 2014   25-Jan-2015 15:11:53    Page  002
 - - - - - - - - - - - - - - - - - - - - - - - - - - - - - - - - - - - - - -
 


  INPUT --- proc estimate link=Logit NOLOOP varest=2ndPart    ;


  INPUT --- model={ S(~age + sex)p(~age + sex)r(~age + sex)F(~1) };

  INPUT ---    group=1 S    rows=7 cols=7 Triang ;
  INPUT ---        1 2 3 4 5 6 7 ;
  INPUT ---        1 2 3 4 5 6 ;
  INPUT ---        1 2 3 4 5 ;
  INPUT ---        1 2 3 4 ;
  INPUT ---        1 2 3 ;
  INPUT ---        1 2 ;
  INPUT ---        1 ;

  INPUT ---    group=2 S    rows=7 cols=7 Triang ;
  INPUT ---        8 9 10 11 12 13 14 ;
  INPUT ---        8 9 10 11 12 13 ;
  INPUT ---        8 9 10 11 12 ;
  INPUT ---        8 9 10 11 ;
  INPUT ---        8 9 10 ;
  INPUT ---        8 9 ;
  INPUT ---        8 ;

  INPUT ---    group=3 S    rows=7 cols=7 Triang ;
  INPUT ---        1 2 3 4 5 6 7 ;
  INPUT ---        1 2 3 4 5 6 ;
  INPUT ---        1 2 3 4 5 ;
  INPUT ---        1 2 3 4 ;
  INPUT ---        1 2 3 ;
  INPUT ---        1 2 ;
  INPUT ---        1 ;

  INPUT ---    group=4 S    rows=7 cols=7 Triang ;
  INPUT ---        8 9 10 11 12 13 14 ;
  INPUT ---        8 9 10 11 12 13 ;
  INPUT ---        8 9 10 11 12 ;
  INPUT ---        8 9 10 11 ;
  INPUT ---        8 9 10 ;
  INPUT ---        8 9 ;
  INPUT ---        8 ;

  INPUT ---    group=5 S    rows=7 cols=7 Triang ;
  INPUT ---        1 2 3 4 5 6 7 ;
  INPUT ---        1 2 3 4 5 6 ;

  Program  MARK  - Survival Rate Estimation with Capture-Recapture Data
   gfortran(Win64) Vers. 8.0 Jun 2014   25-Jan-2015 15:11:53    Page  003
 - - - - - - - - - - - - - - - - - - - - - - - - - - - - - - - - - - - - - -
 
  INPUT ---        1 2 3 4 5 ;
  INPUT ---        1 2 3 4 ;
  INPUT ---        1 2 3 ;
  INPUT ---        1 2 ;
  INPUT ---        1 ;

  INPUT ---    group=6 S    rows=7 cols=7 Triang ;
  INPUT ---        8 9 10 11 12 13 14 ;
  INPUT ---        8 9 10 11 12 13 ;
  INPUT ---        8 9 10 11 12 ;
  INPUT ---        8 9 10 11 ;
  INPUT ---        8 9 10 ;
  INPUT ---        8 9 ;
  INPUT ---        8 ;

  INPUT ---    group=1 p    rows=6 cols=6 Triang ;
  INPUT ---        15 16 17 18 19 20 ;
  INPUT ---        15 16 17 18 19 ;
  INPUT ---        15 16 17 18 ;
  INPUT ---        15 16 17 ;
  INPUT ---        15 16 ;
  INPUT ---        15 ;

  INPUT ---    group=2 p    rows=6 cols=6 Triang ;
  INPUT ---        21 22 23 24 25 26 ;
  INPUT ---        21 22 23 24 25 ;
  INPUT ---        21 22 23 24 ;
  INPUT ---        21 22 23 ;
  INPUT ---        21 22 ;
  INPUT ---        21 ;

  INPUT ---    group=3 p    rows=6 cols=6 Triang ;
  INPUT ---        15 16 17 18 19 20 ;
  INPUT ---        15 16 17 18 19 ;
  INPUT ---        15 16 17 18 ;
  INPUT ---        15 16 17 ;
  INPUT ---        15 16 ;
  INPUT ---        15 ;

  INPUT ---    group=4 p    rows=6 cols=6 Triang ;
  INPUT ---        21 22 23 24 25 26 ;
  INPUT ---        21 22 23 24 25 ;
  INPUT ---        21 22 23 24 ;
  INPUT ---        21 22 23 ;
  INPUT ---        21 22 ;
  INPUT ---        21 ;

  Program  MARK  - Survival Rate Estimation with Capture-Recapture Data
   gfortran(Win64) Vers. 8.0 Jun 2014   25-Jan-2015 15:11:53    Page  004
 - - - - - - - - - - - - - - - - - - - - - - - - - - - - - - - - - - - - - -
 

  INPUT ---    group=5 p    rows=6 cols=6 Triang ;
  INPUT ---        15 16 17 18 19 20 ;
  INPUT ---        15 16 17 18 19 ;
  INPUT ---        15 16 17 18 ;
  INPUT ---        15 16 17 ;
  INPUT ---        15 16 ;
  INPUT ---        15 ;

  INPUT ---    group=6 p    rows=6 cols=6 Triang ;
  INPUT ---        21 22 23 24 25 26 ;
  INPUT ---        21 22 23 24 25 ;
  INPUT ---        21 22 23 24 ;
  INPUT ---        21 22 23 ;
  INPUT ---        21 22 ;
  INPUT ---        21 ;

  INPUT ---    group=1 r    rows=7 cols=7 Triang ;
  INPUT ---        27 28 29 30 31 32 33 ;
  INPUT ---        27 28 29 30 31 32 ;
  INPUT ---        27 28 29 30 31 ;
  INPUT ---        27 28 29 30 ;
  INPUT ---        27 28 29 ;
  INPUT ---        27 28 ;
  INPUT ---        27 ;

  INPUT ---    group=2 r    rows=7 cols=7 Triang ;
  INPUT ---        34 35 36 37 38 39 40 ;
  INPUT ---        34 35 36 37 38 39 ;
  INPUT ---        34 35 36 37 38 ;
  INPUT ---        34 35 36 37 ;
  INPUT ---        34 35 36 ;
  INPUT ---        34 35 ;
  INPUT ---        34 ;

  INPUT ---    group=3 r    rows=7 cols=7 Triang ;
  INPUT ---        27 28 29 30 31 32 33 ;
  INPUT ---        27 28 29 30 31 32 ;
  INPUT ---        27 28 29 30 31 ;
  INPUT ---        27 28 29 30 ;
  INPUT ---        27 28 29 ;
  INPUT ---        27 28 ;
  INPUT ---        27 ;

  INPUT ---    group=4 r    rows=7 cols=7 Triang ;
  INPUT ---        34 35 36 37 38 39 40 ;

  Program  MARK  - Survival Rate Estimation with Capture-Recapture Data
   gfortran(Win64) Vers. 8.0 Jun 2014   25-Jan-2015 15:11:53    Page  005
 - - - - - - - - - - - - - - - - - - - - - - - - - - - - - - - - - - - - - -
 
  INPUT ---        34 35 36 37 38 39 ;
  INPUT ---        34 35 36 37 38 ;
  INPUT ---        34 35 36 37 ;
  INPUT ---        34 35 36 ;
  INPUT ---        34 35 ;
  INPUT ---        34 ;

  INPUT ---    group=5 r    rows=7 cols=7 Triang ;
  INPUT ---        27 28 29 30 31 32 33 ;
  INPUT ---        27 28 29 30 31 32 ;
  INPUT ---        27 28 29 30 31 ;
  INPUT ---        27 28 29 30 ;
  INPUT ---        27 28 29 ;
  INPUT ---        27 28 ;
  INPUT ---        27 ;

  INPUT ---    group=6 r    rows=7 cols=7 Triang ;
  INPUT ---        34 35 36 37 38 39 40 ;
  INPUT ---        34 35 36 37 38 39 ;
  INPUT ---        34 35 36 37 38 ;
  INPUT ---        34 35 36 37 ;
  INPUT ---        34 35 36 ;
  INPUT ---        34 35 ;
  INPUT ---        34 ;

  INPUT ---    group=1 F    rows=6 cols=6 Triang ;
  INPUT ---        41 41 41 41 41 41 ;
  INPUT ---        41 41 41 41 41 ;
  INPUT ---        41 41 41 41 ;
  INPUT ---        41 41 41 ;
  INPUT ---        41 41 ;
  INPUT ---        41 ;

  INPUT ---    group=2 F    rows=6 cols=6 Triang ;
  INPUT ---        41 41 41 41 41 41 ;
  INPUT ---        41 41 41 41 41 ;
  INPUT ---        41 41 41 41 ;
  INPUT ---        41 41 41 ;
  INPUT ---        41 41 ;
  INPUT ---        41 ;

  INPUT ---    group=3 F    rows=6 cols=6 Triang ;
  INPUT ---        41 41 41 41 41 41 ;
  INPUT ---        41 41 41 41 41 ;
  INPUT ---        41 41 41 41 ;
  INPUT ---        41 41 41 ;

  Program  MARK  - Survival Rate Estimation with Capture-Recapture Data
   gfortran(Win64) Vers. 8.0 Jun 2014   25-Jan-2015 15:11:53    Page  006
 - - - - - - - - - - - - - - - - - - - - - - - - - - - - - - - - - - - - - -
 
  INPUT ---        41 41 ;
  INPUT ---        41 ;

  INPUT ---    group=4 F    rows=6 cols=6 Triang ;
  INPUT ---        41 41 41 41 41 41 ;
  INPUT ---        41 41 41 41 41 ;
  INPUT ---        41 41 41 41 ;
  INPUT ---        41 41 41 ;
  INPUT ---        41 41 ;
  INPUT ---        41 ;

  INPUT ---    group=5 F    rows=6 cols=6 Triang ;
  INPUT ---        41 41 41 41 41 41 ;
  INPUT ---        41 41 41 41 41 ;
  INPUT ---        41 41 41 41 ;
  INPUT ---        41 41 41 ;
  INPUT ---        41 41 ;
  INPUT ---        41 ;

  INPUT ---    group=6 F    rows=6 cols=6 Triang ;
  INPUT ---        41 41 41 41 41 41 ;
  INPUT ---        41 41 41 41 41 ;
  INPUT ---        41 41 41 41 ;
  INPUT ---        41 41 41 ;
  INPUT ---        41 41 ;
  INPUT ---        41 ;

  INPUT ---    design matrix constraints=41 covariates=24;
  INPUT ---        1 0 0 0 0 0 0 0 0 0 0 0 0 0 0 0 0 0 0 0 0 0 0 0;
  INPUT ---        1 1 0 0 0 0 0 0 0 0 0 0 0 0 0 0 0 0 0 0 0 0 0 0;
  INPUT ---        1 0 1 0 0 0 0 0 0 0 0 0 0 0 0 0 0 0 0 0 0 0 0 0;
  INPUT ---        1 0 0 1 0 0 0 0 0 0 0 0 0 0 0 0 0 0 0 0 0 0 0 0;
  INPUT ---        1 0 0 0 1 0 0 0 0 0 0 0 0 0 0 0 0 0 0 0 0 0 0 0;
  INPUT ---        1 0 0 0 0 1 0 0 0 0 0 0 0 0 0 0 0 0 0 0 0 0 0 0;
  INPUT ---        1 0 0 0 0 0 1 0 0 0 0 0 0 0 0 0 0 0 0 0 0 0 0 0;
  INPUT ---        1 0 0 0 0 0 0 1 0 0 0 0 0 0 0 0 0 0 0 0 0 0 0 0;
  INPUT ---        1 1 0 0 0 0 0 1 0 0 0 0 0 0 0 0 0 0 0 0 0 0 0 0;
  INPUT ---        1 0 1 0 0 0 0 1 0 0 0 0 0 0 0 0 0 0 0 0 0 0 0 0;
  INPUT ---        1 0 0 1 0 0 0 1 0 0 0 0 0 0 0 0 0 0 0 0 0 0 0 0;
  INPUT ---        1 0 0 0 1 0 0 1 0 0 0 0 0 0 0 0 0 0 0 0 0 0 0 0;
  INPUT ---        1 0 0 0 0 1 0 1 0 0 0 0 0 0 0 0 0 0 0 0 0 0 0 0;
  INPUT ---        1 0 0 0 0 0 1 1 0 0 0 0 0 0 0 0 0 0 0 0 0 0 0 0;
  INPUT ---        0 0 0 0 0 0 0 0 1 0 0 0 0 0 0 0 0 0 0 0 0 0 0 0;
  INPUT ---        0 0 0 0 0 0 0 0 1 1 0 0 0 0 0 0 0 0 0 0 0 0 0 0;
  INPUT ---        0 0 0 0 0 0 0 0 1 0 1 0 0 0 0 0 0 0 0 0 0 0 0 0;
  INPUT ---        0 0 0 0 0 0 0 0 1 0 0 1 0 0 0 0 0 0 0 0 0 0 0 0;

  Program  MARK  - Survival Rate Estimation with Capture-Recapture Data
   gfortran(Win64) Vers. 8.0 Jun 2014   25-Jan-2015 15:11:53    Page  007
 - - - - - - - - - - - - - - - - - - - - - - - - - - - - - - - - - - - - - -
 
  INPUT ---        0 0 0 0 0 0 0 0 1 0 0 0 1 0 0 0 0 0 0 0 0 0 0 0;
  INPUT ---        0 0 0 0 0 0 0 0 1 0 0 0 0 1 0 0 0 0 0 0 0 0 0 0;
  INPUT ---        0 0 0 0 0 0 0 0 1 0 0 0 0 0 1 0 0 0 0 0 0 0 0 0;
  INPUT ---        0 0 0 0 0 0 0 0 1 1 0 0 0 0 1 0 0 0 0 0 0 0 0 0;
  INPUT ---        0 0 0 0 0 0 0 0 1 0 1 0 0 0 1 0 0 0 0 0 0 0 0 0;
  INPUT ---        0 0 0 0 0 0 0 0 1 0 0 1 0 0 1 0 0 0 0 0 0 0 0 0;
  INPUT ---        0 0 0 0 0 0 0 0 1 0 0 0 1 0 1 0 0 0 0 0 0 0 0 0;
  INPUT ---        0 0 0 0 0 0 0 0 1 0 0 0 0 1 1 0 0 0 0 0 0 0 0 0;
  INPUT ---        0 0 0 0 0 0 0 0 0 0 0 0 0 0 0 1 0 0 0 0 0 0 0 0;
  INPUT ---        0 0 0 0 0 0 0 0 0 0 0 0 0 0 0 1 1 0 0 0 0 0 0 0;
  INPUT ---        0 0 0 0 0 0 0 0 0 0 0 0 0 0 0 1 0 1 0 0 0 0 0 0;
  INPUT ---        0 0 0 0 0 0 0 0 0 0 0 0 0 0 0 1 0 0 1 0 0 0 0 0;
  INPUT ---        0 0 0 0 0 0 0 0 0 0 0 0 0 0 0 1 0 0 0 1 0 0 0 0;
  INPUT ---        0 0 0 0 0 0 0 0 0 0 0 0 0 0 0 1 0 0 0 0 1 0 0 0;
  INPUT ---        0 0 0 0 0 0 0 0 0 0 0 0 0 0 0 1 0 0 0 0 0 1 0 0;
  INPUT ---        0 0 0 0 0 0 0 0 0 0 0 0 0 0 0 1 0 0 0 0 0 0 1 0;
  INPUT ---        0 0 0 0 0 0 0 0 0 0 0 0 0 0 0 1 1 0 0 0 0 0 1 0;
  INPUT ---        0 0 0 0 0 0 0 0 0 0 0 0 0 0 0 1 0 1 0 0 0 0 1 0;
  INPUT ---        0 0 0 0 0 0 0 0 0 0 0 0 0 0 0 1 0 0 1 0 0 0 1 0;
  INPUT ---        0 0 0 0 0 0 0 0 0 0 0 0 0 0 0 1 0 0 0 1 0 0 1 0;
  INPUT ---        0 0 0 0 0 0 0 0 0 0 0 0 0 0 0 1 0 0 0 0 1 0 1 0;
  INPUT ---        0 0 0 0 0 0 0 0 0 0 0 0 0 0 0 1 0 0 0 0 0 1 1 0;
  INPUT ---        0 0 0 0 0 0 0 0 0 0 0 0 0 0 0 0 0 0 0 0 0 0 0 1;

  INPUT ---    blabel(1)=S:(Intercept);

  INPUT ---    blabel(2)=S:age1;

  INPUT ---    blabel(3)=S:age2;

  INPUT ---    blabel(4)=S:age3;

  INPUT ---    blabel(5)=S:age4;

  INPUT ---    blabel(6)=S:age5;

  INPUT ---    blabel(7)=S:age6;

  INPUT ---    blabel(8)=S:sex5;

  INPUT ---    blabel(9)=p:(Intercept);

  INPUT ---    blabel(10)=p:age2;

  INPUT ---    blabel(11)=p:age3;


  Program  MARK  - Survival Rate Estimation with Capture-Recapture Data
   gfortran(Win64) Vers. 8.0 Jun 2014   25-Jan-2015 15:11:53    Page  008
 - - - - - - - - - - - - - - - - - - - - - - - - - - - - - - - - - - - - - -
 
  INPUT ---    blabel(12)=p:age4;

  INPUT ---    blabel(13)=p:age5;

  INPUT ---    blabel(14)=p:age6;

  INPUT ---    blabel(15)=p:sex5;

  INPUT ---    blabel(16)=r:(Intercept);

  INPUT ---    blabel(17)=r:age1;

  INPUT ---    blabel(18)=r:age2;

  INPUT ---    blabel(19)=r:age3;

  INPUT ---    blabel(20)=r:age4;

  INPUT ---    blabel(21)=r:age5;

  INPUT ---    blabel(22)=r:age6;

  INPUT ---    blabel(23)=r:sex5;

  INPUT ---    blabel(24)=F:(Intercept);

  INPUT ---    rlabel(1)=S g41 c2005 c1 a0 t2005;

  INPUT ---    rlabel(2)=S g41 c2005 c1 a1 t2006;

  INPUT ---    rlabel(3)=S g41 c2005 c1 a2 t2007;

  INPUT ---    rlabel(4)=S g41 c2005 c1 a3 t2008;

  INPUT ---    rlabel(5)=S g41 c2005 c1 a4 t2009;

  INPUT ---    rlabel(6)=S g41 c2005 c1 a5 t2010;

  INPUT ---    rlabel(7)=S g41 c2005 c1 a6 t2011;

  INPUT ---    rlabel(8)=S g51 c2005 c1 a0 t2005;

  INPUT ---    rlabel(9)=S g51 c2005 c1 a1 t2006;

  INPUT ---    rlabel(10)=S g51 c2005 c1 a2 t2007;


  Program  MARK  - Survival Rate Estimation with Capture-Recapture Data
   gfortran(Win64) Vers. 8.0 Jun 2014   25-Jan-2015 15:11:53    Page  009
 - - - - - - - - - - - - - - - - - - - - - - - - - - - - - - - - - - - - - -
 
  INPUT ---    rlabel(11)=S g51 c2005 c1 a3 t2008;

  INPUT ---    rlabel(12)=S g51 c2005 c1 a4 t2009;

  INPUT ---    rlabel(13)=S g51 c2005 c1 a5 t2010;

  INPUT ---    rlabel(14)=S g51 c2005 c1 a6 t2011;

  INPUT ---    rlabel(15)=p g41 c2005 c1 a1 t2006;

  INPUT ---    rlabel(16)=p g41 c2005 c1 a2 t2007;

  INPUT ---    rlabel(17)=p g41 c2005 c1 a3 t2008;

  INPUT ---    rlabel(18)=p g41 c2005 c1 a4 t2009;

  INPUT ---    rlabel(19)=p g41 c2005 c1 a5 t2010;

  INPUT ---    rlabel(20)=p g41 c2005 c1 a6 t2011;

  INPUT ---    rlabel(21)=p g51 c2005 c1 a1 t2006;

  INPUT ---    rlabel(22)=p g51 c2005 c1 a2 t2007;

  INPUT ---    rlabel(23)=p g51 c2005 c1 a3 t2008;

  INPUT ---    rlabel(24)=p g51 c2005 c1 a4 t2009;

  INPUT ---    rlabel(25)=p g51 c2005 c1 a5 t2010;

  INPUT ---    rlabel(26)=p g51 c2005 c1 a6 t2011;

  INPUT ---    rlabel(27)=r g41 c2005 c1 a0 t2005;

  INPUT ---    rlabel(28)=r g41 c2005 c1 a1 t2006;

  INPUT ---    rlabel(29)=r g41 c2005 c1 a2 t2007;

  INPUT ---    rlabel(30)=r g41 c2005 c1 a3 t2008;

  INPUT ---    rlabel(31)=r g41 c2005 c1 a4 t2009;

  INPUT ---    rlabel(32)=r g41 c2005 c1 a5 t2010;

  INPUT ---    rlabel(33)=r g41 c2005 c1 a6 t2011;


  Program  MARK  - Survival Rate Estimation with Capture-Recapture Data
   gfortran(Win64) Vers. 8.0 Jun 2014   25-Jan-2015 15:11:53    Page  010
 - - - - - - - - - - - - - - - - - - - - - - - - - - - - - - - - - - - - - -
 
  INPUT ---    rlabel(34)=r g51 c2005 c1 a0 t2005;

  INPUT ---    rlabel(35)=r g51 c2005 c1 a1 t2006;

  INPUT ---    rlabel(36)=r g51 c2005 c1 a2 t2007;

  INPUT ---    rlabel(37)=r g51 c2005 c1 a3 t2008;

  INPUT ---    rlabel(38)=r g51 c2005 c1 a4 t2009;

  INPUT ---    rlabel(39)=r g51 c2005 c1 a5 t2010;

  INPUT ---    rlabel(40)=r g51 c2005 c1 a6 t2011;

  INPUT ---    rlabel(41)=F g41 c2005 c1 a0 t2005;

 Link Function Used is LOGIT        

 Variance Estimation Procedure Used is 2ndPart 

 M(t+1):



 -2logL(saturated) = 1739.8188     
 Effective Sample Size = 7075

 Number of function evaluations was 145 for 24 parameters.
 Time for numerical optimization was 3.15 seconds.
 -2logL { S(~age + sex)p(~age + sex)r(~age + sex)F(~1) } = 2679.1010     
 Penalty { S(~age + sex)p(~age + sex)r(~age + sex)F(~1) } = -0.0000000    
 Gradient { S(~age + sex)p(~age + sex)r(~age + sex)F(~1) }:
 -0.6441898E-04 0.5151700E-05  0.000000      0.000000    -0.5828005E-07
 -0.4585135E-06  0.000000    -0.8431491E-04  0.000000      0.000000    
  0.2656300E-04-0.1116512E-04  0.000000      0.000000    -0.1113313E-04
 -0.4569967E-04  0.000000      0.000000      0.000000      0.000000    
 -0.9967362E-06-0.2326008E-06  0.000000      0.000000    
 S Vector { S(~age + sex)p(~age + sex)r(~age + sex)F(~1) }:
   302.5936      135.3792      42.23375      6.715289      3.000430    
   1.581127      1.004235     0.9652310     0.4631484     0.6427381E-01
  0.7871673E-06 0.3332046E-06 0.3230519E-07 0.7499970E-08 0.2321935E-08
  0.2109006E-08 0.1500491E-08 0.1158575E-08 0.9578372E-09 0.7619417E-09
  0.4703613E-09 0.4121193E-10 0.1550018E-10 0.7280521E-11
 Time to compute number of parameters was 0.80 seconds.
   Threshold =  0.5000000E-06     Condition index =  0.2406039E-13     New Threshold =  0.3566712E-10

  Program  MARK  - Survival Rate Estimation with Capture-Recapture Data
   gfortran(Win64) Vers. 8.0 Jun 2014   25-Jan-2015 15:11:54    Page  011
 - - - - - - - - - - - - - - - - - - - - - - - - - - - - - - - - - - - - - -
 
 New Guessimate of Estimated Parameters { S(~age + sex)p(~age + sex)r(~age + sex)F(~1) } = 13          
 Conditioned S Vector { S(~age + sex)p(~age + sex)r(~age + sex)F(~1) }:
   1.000000     0.4473963     0.1395725     0.2219244E-01 0.9915709E-02
  0.5225250E-02 0.3318758E-02 0.3189859E-02 0.1530596E-02 0.2124097E-03
  0.2601401E-08 0.1101162E-08 0.1067610E-09 0.2478562E-10 0.7673445E-11
  0.6969765E-11 0.4958766E-11 0.3828816E-11 0.3165425E-11 0.2518037E-11
  0.1554433E-11 0.1361957E-12 0.5122442E-13 0.2406039E-13
 Number of Estimated Parameters { S(~age + sex)p(~age + sex)r(~age + sex)F(~1) } = 10          
 DEVIANCE { S(~age + sex)p(~age + sex)r(~age + sex)F(~1) } = 939.28227                     
 DEVIANCE Degrees of Freedom { S(~age + sex)p(~age + sex)r(~age + sex)F(~1) } = 5            
 c-hat { S(~age + sex)p(~age + sex)r(~age + sex)F(~1) } = 187.85645                     
 AIC { S(~age + sex)p(~age + sex)r(~age + sex)F(~1) } = 2699.1010                  
 AICc { S(~age + sex)p(~age + sex)r(~age + sex)F(~1) } = 2699.1322                    
 BIC { S(~age + sex)p(~age + sex)r(~age + sex)F(~1) } = 2767.7442                    
 Pearson Chisquare { S(~age + sex)p(~age + sex)r(~age + sex)F(~1) } = Not a Number               
 Possible Encounter Histories { S(~age + sex)p(~age + sex)r(~age + sex)F(~1) } = 896             
 Pearson Chisquare df { S(~age + sex)p(~age + sex)r(~age + sex)F(~1) } = 850        
 Pearson chat { S(~age + sex)p(~age + sex)r(~age + sex)F(~1) } = Not a Number               
 Sum(Observed/Expected) { S(~age + sex)p(~age + sex)r(~age + sex)F(~1) } = Not a Number               
 Fletcher chat { S(~age + sex)p(~age + sex)r(~age + sex)F(~1) } = Not a Number               


       LOGIT Link Function Parameters of { S(~age + sex)p(~age + sex)r(~age + sex)F(~1) }
                                                              95% Confidence Interval
 Parameter                    Beta         Standard Error      Lower           Upper
 -------------------------  --------------  --------------  --------------  --------------
    1:S:(Intercept)         -1.8236856      1.9815782       -5.7075789      2.0602077     
    2:S:age1                7.8271324       1.0354364       5.7976769       9.8565879     
    3:S:age2                228.54870       0.0000000       228.54870       228.54870     
    4:S:age3                398.30785       100.91171       200.52090       596.09480     
    5:S:age4                779.27959       0.9151563       777.48588       781.07330     
    6:S:age5                98.178607       440.03490       -764.28981      960.64702     
    7:S:age6                13.895326       0.0000000       13.895326       13.895326     
    8:S:sex5                4.9327832       1.9831945       1.0457218       8.8198446     
    9:p:(Intercept)         -3.4090348      1.8290905       -6.9940522      0.1759825     
   10:p:age2                0.1237106       0.8507928       -1.5438434      1.7912646     
   11:p:age3                0.7119577       1.1746070       -1.5902721      3.0141875     
   12:p:age4                3.0729292       1.3934626       0.3417424       5.8041160     
   13:p:age5                -190.15185      13.461653       -216.53669      -163.76701    
   14:p:age6                85.744756       13.007982       60.249112       111.24040     
   15:p:sex5                -3.0846328      2.1010905       -7.2027702      1.0335046     
   16:r:(Intercept)         -2.9803119      0.3017601       -3.5717618      -2.3888620    
   17:r:age1                13.883111       1135.0815       -2210.8768      2238.6430     
   18:r:age2                157.60091       0.0000000       157.60091       157.60091     
   19:r:age3                -300.39214      0.2137339       -300.81105      -299.97322    
   20:r:age4                143.54443       0.0992798       143.34984       143.73902     
   21:r:age5                44.623642       859.50273       -1640.0017      1729.2490     
   22:r:age6                -194.50552      0.1838982       -194.86596      -194.14508    
   23:r:sex5                19.493219       5476.5624       -10714.569      10753.556     
   24:F:(Intercept)         -0.5557797      0.2655724       -1.0763017      -0.0352578    


       Real Function Parameters of { S(~age + sex)p(~age + sex)r(~age + sex)F(~1) }
                                                               95% Confidence Interval
  Parameter                  Estimate       Standard Error      Lower           Upper
 --------------------------  --------------  --------------  --------------  --------------
     1:S g41 c2005 c1 a0 t2  0.1389922       0.2371422       0.0033097       0.8869750                           
     2:S g41 c2005 c1 a1 t2  0.9975359       0.0048979       0.8907103       0.9999503                           
     3:S g41 c2005 c1 a2 t2  1.0000000       0.0000000       1.0000000       1.0000000                           
     4:S g41 c2005 c1 a3 t2  1.0000000       0.0000000       1.0000000       1.0000000                           

  Program  MARK  - Survival Rate Estimation with Capture-Recapture Data
   gfortran(Win64) Vers. 8.0 Jun 2014   25-Jan-2015 15:11:54    Page  012
 - - - - - - - - - - - - - - - - - - - - - - - - - - - - - - - - - - - - - -
 
     5:S g41 c2005 c1 a4 t2  1.0000000       0.0000000       1.0000000       1.0000000                           
     6:S g41 c2005 c1 a5 t2  1.0000000       0.0000000       1.0000000       1.0000000                           
     7:S g41 c2005 c1 a6 t2  0.9999943       0.0000000       0.9999943       0.9999943                           
     8:S g51 c2005 c1 a0 t2  0.9572665       0.0033583       0.9501778       0.9633854                           
     9:S g51 c2005 c1 a1 t2  0.9999822       0.1848348E-004  0.9998638       0.9999977                           
    10:S g51 c2005 c1 a2 t2  1.0000000       0.0000000       1.0000000       1.0000000                           
    11:S g51 c2005 c1 a3 t2  1.0000000       0.0000000       1.0000000       1.0000000                           
    12:S g51 c2005 c1 a4 t2  1.0000000       0.0000000       1.0000000       1.0000000                           
    13:S g51 c2005 c1 a5 t2  1.0000000       0.0000000       1.0000000       1.0000000                           
    14:S g51 c2005 c1 a6 t2  1.0000000       0.0000000       1.0000000       1.0000000                           
    15:p g41 c2005 c1 a1 t2  0.0320143       0.0566824       0.9164811E-003  0.5438824                           
    16:p g41 c2005 c1 a2 t2  0.0360781       0.0665453       0.8790307E-003  0.6142382                           
    17:p g41 c2005 c1 a3 t2  0.0631460       0.1234931       0.0011253       0.8012948                           
    18:p g41 c2005 c1 a4 t2  0.4167558       0.6450584       0.0039208       0.9923497                           
    19:p g41 c2005 c1 a5 t2  0.8661180E-084  0.1176322E-082  -.2218980E-082  0.2392203E-082                      
    20:p g41 c2005 c1 a6 t2  1.0000000       0.0000000       1.0000000       1.0000000                           
    21:p g51 c2005 c1 a1 t2  0.0015107       0.0010842       0.3697169E-003  0.0061512                           
    22:p g51 c2005 c1 a2 t2  0.0017093       0.0016478       0.2578952E-003  0.0112373                           
    23:p g51 c2005 c1 a3 t2  0.0030740       0.0038632       0.2605273E-003  0.0351999                           
    24:p g51 c2005 c1 a4 t2  0.0316536       0.0403678       0.0024676       0.3016517                           
    25:p g51 c2005 c1 a5 t2  0.3962215E-085  0.5341814E-084  -.1007373E-083  0.1086618E-083                      
    26:p g51 c2005 c1 a6 t2  1.0000000       0.0000000       1.0000000       1.0000000                           
    27:r g41 c2005 c1 a0 t2  0.0483233       0.0138774       0.0273379       0.0840260                           
    28:r g41 c2005 c1 a1 t2  0.9999816       0.0208923       0.5356587E-299  1.0000000                           
    29:r g41 c2005 c1 a2 t2  1.0000000       0.0000000       1.0000000       1.0000000                           
    30:r g41 c2005 c1 a3 t2  0.1766118E-131  0.6536673E-132  0.4849302E-132  0.3047306E-131                      
    31:r g41 c2005 c1 a4 t2  1.0000000       0.0000000       1.0000000       1.0000000                           
    32:r g41 c2005 c1 a5 t2  1.0000000       0.0000000       1.0000000       1.0000000                           
    33:r g41 c2005 c1 a6 t2  0.1709991E-085  0.6047807E-086  0.5246205E-086  0.2895361E-085                      
    34:r g51 c2005 c1 a0 t2  0.9999999       0.3690147E-003  0.1463278E-296  1.0000000                           
    35:r g51 c2005 c1 a1 t2  1.0000000       0.3444692E-009  1.0000000       1.0000000                           
    36:r g51 c2005 c1 a2 t2  1.0000000       0.0000000       1.0000000       1.0000000                           
    37:r g51 c2005 c1 a3 t2  0.5161988E-123  0.2826884E-119  -.5540177E-119  0.5541210E-119                      
    38:r g51 c2005 c1 a4 t2  1.0000000       0.0000000       1.0000000       1.0000000                           
    39:r g51 c2005 c1 a5 t2  1.0000000       0.0000000       1.0000000       1.0000000                           
    40:r g51 c2005 c1 a6 t2  0.4997940E-077  0.2737060E-073  -.5364138E-073  0.5365138E-073                      
    41:F g41 c2005 c1 a0 t2  0.3645245       0.0615189       0.2542065       0.4911865                           

 Attempted ordering of parameters by estimatibility:
   1 16 24  9 15 10  2 11 12  8 17  7 23 21 20 14  3  6 13 19 18 22  4  5
 Beta number 5 is a singular value.

     CPU Time in seconds for last procedure was 3.96

  Program  MARK  - Survival Rate Estimation with Capture-Recapture Data
   gfortran(Win64) Vers. 8.0 Jun 2014   25-Jan-2015 15:11:54    Page  013
 - - - - - - - - - - - - - - - - - - - - - - - - - - - - - - - - - - - - - -
 


  INPUT --- proc stop;

     CPU Time in minutes for this job was 0.07

     Time Start = 15:11:53.572   Time End = 15:11:54.513

     Wall Clock Time in minutes for this job was 0.02


          E X E C U T I O N   S U C C E S S F U L 
