
   Program  MARK  - Survival Rate Estimation with Capture-Recapture Data
   gfortran(Win64) Vers. 8.0 Jun 2014   31-Jan-2015 14:08:55    Page  001
 - - - - - - - - - - - - - - - - - - - - - - - - - - - - - - - - - - - - - -
 
   This version was compiled by GCC version 4.8.1 using the options 
   -m64 -mtune=generic -march=x86-64 -mthreads -O2 -fimplicit-none -fbounds-check -funroll-loops -ftree-vectorize -fopenmp.
   This problem will use 7 of 8 possible threads.


  INPUT --- proc title ;

     CPU Time in seconds for last procedure was 0.00


  INPUT --- proc chmatrix occasions= 7 groups= 6 etype= Both ICMeans 
  INPUT --- NoHist hist= 51 ;

  INPUT ---    time  interval 1 1 1 1 1 1 1 ;

  INPUT ---    glabel(1)=sex4.age1;

  INPUT ---    glabel(2)=sex5.age1;

  INPUT ---    glabel(3)=sex4.age2;

  INPUT ---    glabel(4)=sex5.age2;

  INPUT ---    glabel(5)=sex4.age4;

  INPUT ---    glabel(6)=sex5.age4;

   * *  WARNING  * *   At least a pair of the encounter histories are duplicates. 

      Number of unique encounter histories read was 17.

      Number of individual covariates read was 0.
      Time interval lengths are all equal to 1.

      Data type number is 3
      Data type is Joint Live and Dead Encounters (Burnham)                                                            

     CPU Time in seconds for last procedure was 0.00

  Program  MARK  - Survival Rate Estimation with Capture-Recapture Data
   gfortran(Win64) Vers. 8.0 Jun 2014   31-Jan-2015 14:08:55    Page  002
 - - - - - - - - - - - - - - - - - - - - - - - - - - - - - - - - - - - - - -
 


  INPUT --- proc estimate link=Logit NOLOOP varest=2ndPart    ;


  INPUT --- model={ S(~age + sex + time)p(~time)r(~1)F(~1) };

  INPUT ---    group=1 S    rows=7 cols=7 Triang ;
  INPUT ---        1 2 3 4 5 6 7 ;
  INPUT ---        8 9 10 11 12 13 ;
  INPUT ---        14 15 16 17 18 ;
  INPUT ---        19 20 21 22 ;
  INPUT ---        23 24 25 ;
  INPUT ---        26 27 ;
  INPUT ---        28 ;

  INPUT ---    group=2 S    rows=7 cols=7 Triang ;
  INPUT ---        29 30 31 32 33 34 35 ;
  INPUT ---        36 37 38 39 40 41 ;
  INPUT ---        42 43 44 45 46 ;
  INPUT ---        47 48 49 50 ;
  INPUT ---        51 52 53 ;
  INPUT ---        54 55 ;
  INPUT ---        56 ;

  INPUT ---    group=3 S    rows=7 cols=7 Triang ;
  INPUT ---        1 2 3 4 5 6 7 ;
  INPUT ---        8 9 10 11 12 13 ;
  INPUT ---        14 15 16 17 18 ;
  INPUT ---        19 20 21 22 ;
  INPUT ---        23 24 25 ;
  INPUT ---        26 27 ;
  INPUT ---        28 ;

  INPUT ---    group=4 S    rows=7 cols=7 Triang ;
  INPUT ---        29 30 31 32 33 34 35 ;
  INPUT ---        36 37 38 39 40 41 ;
  INPUT ---        42 43 44 45 46 ;
  INPUT ---        47 48 49 50 ;
  INPUT ---        51 52 53 ;
  INPUT ---        54 55 ;
  INPUT ---        56 ;

  INPUT ---    group=5 S    rows=7 cols=7 Triang ;
  INPUT ---        1 2 3 4 5 6 7 ;
  INPUT ---        8 9 10 11 12 13 ;

  Program  MARK  - Survival Rate Estimation with Capture-Recapture Data
   gfortran(Win64) Vers. 8.0 Jun 2014   31-Jan-2015 14:08:56    Page  003
 - - - - - - - - - - - - - - - - - - - - - - - - - - - - - - - - - - - - - -
 
  INPUT ---        14 15 16 17 18 ;
  INPUT ---        19 20 21 22 ;
  INPUT ---        23 24 25 ;
  INPUT ---        26 27 ;
  INPUT ---        28 ;

  INPUT ---    group=6 S    rows=7 cols=7 Triang ;
  INPUT ---        29 30 31 32 33 34 35 ;
  INPUT ---        36 37 38 39 40 41 ;
  INPUT ---        42 43 44 45 46 ;
  INPUT ---        47 48 49 50 ;
  INPUT ---        51 52 53 ;
  INPUT ---        54 55 ;
  INPUT ---        56 ;

  INPUT ---    group=1 p    rows=6 cols=6 Triang ;
  INPUT ---        57 58 59 60 61 62 ;
  INPUT ---        58 59 60 61 62 ;
  INPUT ---        59 60 61 62 ;
  INPUT ---        60 61 62 ;
  INPUT ---        61 62 ;
  INPUT ---        62 ;

  INPUT ---    group=2 p    rows=6 cols=6 Triang ;
  INPUT ---        57 58 59 60 61 62 ;
  INPUT ---        58 59 60 61 62 ;
  INPUT ---        59 60 61 62 ;
  INPUT ---        60 61 62 ;
  INPUT ---        61 62 ;
  INPUT ---        62 ;

  INPUT ---    group=3 p    rows=6 cols=6 Triang ;
  INPUT ---        57 58 59 60 61 62 ;
  INPUT ---        58 59 60 61 62 ;
  INPUT ---        59 60 61 62 ;
  INPUT ---        60 61 62 ;
  INPUT ---        61 62 ;
  INPUT ---        62 ;

  INPUT ---    group=4 p    rows=6 cols=6 Triang ;
  INPUT ---        57 58 59 60 61 62 ;
  INPUT ---        58 59 60 61 62 ;
  INPUT ---        59 60 61 62 ;
  INPUT ---        60 61 62 ;
  INPUT ---        61 62 ;
  INPUT ---        62 ;

  Program  MARK  - Survival Rate Estimation with Capture-Recapture Data
   gfortran(Win64) Vers. 8.0 Jun 2014   31-Jan-2015 14:08:56    Page  004
 - - - - - - - - - - - - - - - - - - - - - - - - - - - - - - - - - - - - - -
 

  INPUT ---    group=5 p    rows=6 cols=6 Triang ;
  INPUT ---        57 58 59 60 61 62 ;
  INPUT ---        58 59 60 61 62 ;
  INPUT ---        59 60 61 62 ;
  INPUT ---        60 61 62 ;
  INPUT ---        61 62 ;
  INPUT ---        62 ;

  INPUT ---    group=6 p    rows=6 cols=6 Triang ;
  INPUT ---        57 58 59 60 61 62 ;
  INPUT ---        58 59 60 61 62 ;
  INPUT ---        59 60 61 62 ;
  INPUT ---        60 61 62 ;
  INPUT ---        61 62 ;
  INPUT ---        62 ;

  INPUT ---    group=1 r    rows=7 cols=7 Triang ;
  INPUT ---        63 63 63 63 63 63 63 ;
  INPUT ---        63 63 63 63 63 63 ;
  INPUT ---        63 63 63 63 63 ;
  INPUT ---        63 63 63 63 ;
  INPUT ---        63 63 63 ;
  INPUT ---        63 63 ;
  INPUT ---        63 ;

  INPUT ---    group=2 r    rows=7 cols=7 Triang ;
  INPUT ---        63 63 63 63 63 63 63 ;
  INPUT ---        63 63 63 63 63 63 ;
  INPUT ---        63 63 63 63 63 ;
  INPUT ---        63 63 63 63 ;
  INPUT ---        63 63 63 ;
  INPUT ---        63 63 ;
  INPUT ---        63 ;

  INPUT ---    group=3 r    rows=7 cols=7 Triang ;
  INPUT ---        63 63 63 63 63 63 63 ;
  INPUT ---        63 63 63 63 63 63 ;
  INPUT ---        63 63 63 63 63 ;
  INPUT ---        63 63 63 63 ;
  INPUT ---        63 63 63 ;
  INPUT ---        63 63 ;
  INPUT ---        63 ;

  INPUT ---    group=4 r    rows=7 cols=7 Triang ;
  INPUT ---        63 63 63 63 63 63 63 ;

  Program  MARK  - Survival Rate Estimation with Capture-Recapture Data
   gfortran(Win64) Vers. 8.0 Jun 2014   31-Jan-2015 14:08:56    Page  005
 - - - - - - - - - - - - - - - - - - - - - - - - - - - - - - - - - - - - - -
 
  INPUT ---        63 63 63 63 63 63 ;
  INPUT ---        63 63 63 63 63 ;
  INPUT ---        63 63 63 63 ;
  INPUT ---        63 63 63 ;
  INPUT ---        63 63 ;
  INPUT ---        63 ;

  INPUT ---    group=5 r    rows=7 cols=7 Triang ;
  INPUT ---        63 63 63 63 63 63 63 ;
  INPUT ---        63 63 63 63 63 63 ;
  INPUT ---        63 63 63 63 63 ;
  INPUT ---        63 63 63 63 ;
  INPUT ---        63 63 63 ;
  INPUT ---        63 63 ;
  INPUT ---        63 ;

  INPUT ---    group=6 r    rows=7 cols=7 Triang ;
  INPUT ---        63 63 63 63 63 63 63 ;
  INPUT ---        63 63 63 63 63 63 ;
  INPUT ---        63 63 63 63 63 ;
  INPUT ---        63 63 63 63 ;
  INPUT ---        63 63 63 ;
  INPUT ---        63 63 ;
  INPUT ---        63 ;

  INPUT ---    group=1 F    rows=6 cols=6 Triang ;
  INPUT ---        64 64 64 64 64 64 ;
  INPUT ---        64 64 64 64 64 ;
  INPUT ---        64 64 64 64 ;
  INPUT ---        64 64 64 ;
  INPUT ---        64 64 ;
  INPUT ---        64 ;

  INPUT ---    group=2 F    rows=6 cols=6 Triang ;
  INPUT ---        64 64 64 64 64 64 ;
  INPUT ---        64 64 64 64 64 ;
  INPUT ---        64 64 64 64 ;
  INPUT ---        64 64 64 ;
  INPUT ---        64 64 ;
  INPUT ---        64 ;

  INPUT ---    group=3 F    rows=6 cols=6 Triang ;
  INPUT ---        64 64 64 64 64 64 ;
  INPUT ---        64 64 64 64 64 ;
  INPUT ---        64 64 64 64 ;
  INPUT ---        64 64 64 ;

  Program  MARK  - Survival Rate Estimation with Capture-Recapture Data
   gfortran(Win64) Vers. 8.0 Jun 2014   31-Jan-2015 14:08:56    Page  006
 - - - - - - - - - - - - - - - - - - - - - - - - - - - - - - - - - - - - - -
 
  INPUT ---        64 64 ;
  INPUT ---        64 ;

  INPUT ---    group=4 F    rows=6 cols=6 Triang ;
  INPUT ---        64 64 64 64 64 64 ;
  INPUT ---        64 64 64 64 64 ;
  INPUT ---        64 64 64 64 ;
  INPUT ---        64 64 64 ;
  INPUT ---        64 64 ;
  INPUT ---        64 ;

  INPUT ---    group=5 F    rows=6 cols=6 Triang ;
  INPUT ---        64 64 64 64 64 64 ;
  INPUT ---        64 64 64 64 64 ;
  INPUT ---        64 64 64 64 ;
  INPUT ---        64 64 64 ;
  INPUT ---        64 64 ;
  INPUT ---        64 ;

  INPUT ---    group=6 F    rows=6 cols=6 Triang ;
  INPUT ---        64 64 64 64 64 64 ;
  INPUT ---        64 64 64 64 64 ;
  INPUT ---        64 64 64 64 ;
  INPUT ---        64 64 64 ;
  INPUT ---        64 64 ;
  INPUT ---        64 ;

  INPUT ---    design matrix constraints=64 covariates=22;
  INPUT ---        1 0 0 0 0 0 0 0 0 0 0 0 0 0 0 0 0 0 0 0 0 0;
  INPUT ---        1 1 0 0 0 0 0 0 1 0 0 0 0 0 0 0 0 0 0 0 0 0;
  INPUT ---        1 0 1 0 0 0 0 0 0 1 0 0 0 0 0 0 0 0 0 0 0 0;
  INPUT ---        1 0 0 1 0 0 0 0 0 0 1 0 0 0 0 0 0 0 0 0 0 0;
  INPUT ---        1 0 0 0 1 0 0 0 0 0 0 1 0 0 0 0 0 0 0 0 0 0;
  INPUT ---        1 0 0 0 0 1 0 0 0 0 0 0 1 0 0 0 0 0 0 0 0 0;
  INPUT ---        1 0 0 0 0 0 1 0 0 0 0 0 0 1 0 0 0 0 0 0 0 0;
  INPUT ---        1 0 0 0 0 0 0 0 1 0 0 0 0 0 0 0 0 0 0 0 0 0;
  INPUT ---        1 1 0 0 0 0 0 0 0 1 0 0 0 0 0 0 0 0 0 0 0 0;
  INPUT ---        1 0 1 0 0 0 0 0 0 0 1 0 0 0 0 0 0 0 0 0 0 0;
  INPUT ---        1 0 0 1 0 0 0 0 0 0 0 1 0 0 0 0 0 0 0 0 0 0;
  INPUT ---        1 0 0 0 1 0 0 0 0 0 0 0 1 0 0 0 0 0 0 0 0 0;
  INPUT ---        1 0 0 0 0 1 0 0 0 0 0 0 0 1 0 0 0 0 0 0 0 0;
  INPUT ---        1 0 0 0 0 0 0 0 0 1 0 0 0 0 0 0 0 0 0 0 0 0;
  INPUT ---        1 1 0 0 0 0 0 0 0 0 1 0 0 0 0 0 0 0 0 0 0 0;
  INPUT ---        1 0 1 0 0 0 0 0 0 0 0 1 0 0 0 0 0 0 0 0 0 0;
  INPUT ---        1 0 0 1 0 0 0 0 0 0 0 0 1 0 0 0 0 0 0 0 0 0;
  INPUT ---        1 0 0 0 1 0 0 0 0 0 0 0 0 1 0 0 0 0 0 0 0 0;

  Program  MARK  - Survival Rate Estimation with Capture-Recapture Data
   gfortran(Win64) Vers. 8.0 Jun 2014   31-Jan-2015 14:08:56    Page  007
 - - - - - - - - - - - - - - - - - - - - - - - - - - - - - - - - - - - - - -
 
  INPUT ---        1 0 0 0 0 0 0 0 0 0 1 0 0 0 0 0 0 0 0 0 0 0;
  INPUT ---        1 1 0 0 0 0 0 0 0 0 0 1 0 0 0 0 0 0 0 0 0 0;
  INPUT ---        1 0 1 0 0 0 0 0 0 0 0 0 1 0 0 0 0 0 0 0 0 0;
  INPUT ---        1 0 0 1 0 0 0 0 0 0 0 0 0 1 0 0 0 0 0 0 0 0;
  INPUT ---        1 0 0 0 0 0 0 0 0 0 0 1 0 0 0 0 0 0 0 0 0 0;
  INPUT ---        1 1 0 0 0 0 0 0 0 0 0 0 1 0 0 0 0 0 0 0 0 0;
  INPUT ---        1 0 1 0 0 0 0 0 0 0 0 0 0 1 0 0 0 0 0 0 0 0;
  INPUT ---        1 0 0 0 0 0 0 0 0 0 0 0 1 0 0 0 0 0 0 0 0 0;
  INPUT ---        1 1 0 0 0 0 0 0 0 0 0 0 0 1 0 0 0 0 0 0 0 0;
  INPUT ---        1 0 0 0 0 0 0 0 0 0 0 0 0 1 0 0 0 0 0 0 0 0;
  INPUT ---        1 0 0 0 0 0 0 1 0 0 0 0 0 0 0 0 0 0 0 0 0 0;
  INPUT ---        1 1 0 0 0 0 0 1 1 0 0 0 0 0 0 0 0 0 0 0 0 0;
  INPUT ---        1 0 1 0 0 0 0 1 0 1 0 0 0 0 0 0 0 0 0 0 0 0;
  INPUT ---        1 0 0 1 0 0 0 1 0 0 1 0 0 0 0 0 0 0 0 0 0 0;
  INPUT ---        1 0 0 0 1 0 0 1 0 0 0 1 0 0 0 0 0 0 0 0 0 0;
  INPUT ---        1 0 0 0 0 1 0 1 0 0 0 0 1 0 0 0 0 0 0 0 0 0;
  INPUT ---        1 0 0 0 0 0 1 1 0 0 0 0 0 1 0 0 0 0 0 0 0 0;
  INPUT ---        1 0 0 0 0 0 0 1 1 0 0 0 0 0 0 0 0 0 0 0 0 0;
  INPUT ---        1 1 0 0 0 0 0 1 0 1 0 0 0 0 0 0 0 0 0 0 0 0;
  INPUT ---        1 0 1 0 0 0 0 1 0 0 1 0 0 0 0 0 0 0 0 0 0 0;
  INPUT ---        1 0 0 1 0 0 0 1 0 0 0 1 0 0 0 0 0 0 0 0 0 0;
  INPUT ---        1 0 0 0 1 0 0 1 0 0 0 0 1 0 0 0 0 0 0 0 0 0;
  INPUT ---        1 0 0 0 0 1 0 1 0 0 0 0 0 1 0 0 0 0 0 0 0 0;
  INPUT ---        1 0 0 0 0 0 0 1 0 1 0 0 0 0 0 0 0 0 0 0 0 0;
  INPUT ---        1 1 0 0 0 0 0 1 0 0 1 0 0 0 0 0 0 0 0 0 0 0;
  INPUT ---        1 0 1 0 0 0 0 1 0 0 0 1 0 0 0 0 0 0 0 0 0 0;
  INPUT ---        1 0 0 1 0 0 0 1 0 0 0 0 1 0 0 0 0 0 0 0 0 0;
  INPUT ---        1 0 0 0 1 0 0 1 0 0 0 0 0 1 0 0 0 0 0 0 0 0;
  INPUT ---        1 0 0 0 0 0 0 1 0 0 1 0 0 0 0 0 0 0 0 0 0 0;
  INPUT ---        1 1 0 0 0 0 0 1 0 0 0 1 0 0 0 0 0 0 0 0 0 0;
  INPUT ---        1 0 1 0 0 0 0 1 0 0 0 0 1 0 0 0 0 0 0 0 0 0;
  INPUT ---        1 0 0 1 0 0 0 1 0 0 0 0 0 1 0 0 0 0 0 0 0 0;
  INPUT ---        1 0 0 0 0 0 0 1 0 0 0 1 0 0 0 0 0 0 0 0 0 0;
  INPUT ---        1 1 0 0 0 0 0 1 0 0 0 0 1 0 0 0 0 0 0 0 0 0;
  INPUT ---        1 0 1 0 0 0 0 1 0 0 0 0 0 1 0 0 0 0 0 0 0 0;
  INPUT ---        1 0 0 0 0 0 0 1 0 0 0 0 1 0 0 0 0 0 0 0 0 0;
  INPUT ---        1 1 0 0 0 0 0 1 0 0 0 0 0 1 0 0 0 0 0 0 0 0;
  INPUT ---        1 0 0 0 0 0 0 1 0 0 0 0 0 1 0 0 0 0 0 0 0 0;
  INPUT ---        0 0 0 0 0 0 0 0 0 0 0 0 0 0 1 0 0 0 0 0 0 0;
  INPUT ---        0 0 0 0 0 0 0 0 0 0 0 0 0 0 1 1 0 0 0 0 0 0;
  INPUT ---        0 0 0 0 0 0 0 0 0 0 0 0 0 0 1 0 1 0 0 0 0 0;
  INPUT ---        0 0 0 0 0 0 0 0 0 0 0 0 0 0 1 0 0 1 0 0 0 0;
  INPUT ---        0 0 0 0 0 0 0 0 0 0 0 0 0 0 1 0 0 0 1 0 0 0;
  INPUT ---        0 0 0 0 0 0 0 0 0 0 0 0 0 0 1 0 0 0 0 1 0 0;
  INPUT ---        0 0 0 0 0 0 0 0 0 0 0 0 0 0 0 0 0 0 0 0 1 0;
  INPUT ---        0 0 0 0 0 0 0 0 0 0 0 0 0 0 0 0 0 0 0 0 0 1;

  Program  MARK  - Survival Rate Estimation with Capture-Recapture Data
   gfortran(Win64) Vers. 8.0 Jun 2014   31-Jan-2015 14:08:56    Page  008
 - - - - - - - - - - - - - - - - - - - - - - - - - - - - - - - - - - - - - -
 

  INPUT ---    blabel(1)=S:(Intercept);

  INPUT ---    blabel(2)=S:age1;

  INPUT ---    blabel(3)=S:age2;

  INPUT ---    blabel(4)=S:age3;

  INPUT ---    blabel(5)=S:age4;

  INPUT ---    blabel(6)=S:age5;

  INPUT ---    blabel(7)=S:age6;

  INPUT ---    blabel(8)=S:sex5;

  INPUT ---    blabel(9)=S:time2006;

  INPUT ---    blabel(10)=S:time2007;

  INPUT ---    blabel(11)=S:time2008;

  INPUT ---    blabel(12)=S:time2009;

  INPUT ---    blabel(13)=S:time2010;

  INPUT ---    blabel(14)=S:time2011;

  INPUT ---    blabel(15)=p:(Intercept);

  INPUT ---    blabel(16)=p:time2007;

  INPUT ---    blabel(17)=p:time2008;

  INPUT ---    blabel(18)=p:time2009;

  INPUT ---    blabel(19)=p:time2010;

  INPUT ---    blabel(20)=p:time2011;

  INPUT ---    blabel(21)=r:(Intercept);

  INPUT ---    blabel(22)=F:(Intercept);

  INPUT ---    rlabel(1)=S g41 c2005 c1 a0 t2005;

  Program  MARK  - Survival Rate Estimation with Capture-Recapture Data
   gfortran(Win64) Vers. 8.0 Jun 2014   31-Jan-2015 14:08:56    Page  009
 - - - - - - - - - - - - - - - - - - - - - - - - - - - - - - - - - - - - - -
 

  INPUT ---    rlabel(2)=S g41 c2005 c1 a1 t2006;

  INPUT ---    rlabel(3)=S g41 c2005 c1 a2 t2007;

  INPUT ---    rlabel(4)=S g41 c2005 c1 a3 t2008;

  INPUT ---    rlabel(5)=S g41 c2005 c1 a4 t2009;

  INPUT ---    rlabel(6)=S g41 c2005 c1 a5 t2010;

  INPUT ---    rlabel(7)=S g41 c2005 c1 a6 t2011;

  INPUT ---    rlabel(8)=S g41 c2006 c2 a0 t2006;

  INPUT ---    rlabel(9)=S g41 c2006 c2 a1 t2007;

  INPUT ---    rlabel(10)=S g41 c2006 c2 a2 t2008;

  INPUT ---    rlabel(11)=S g41 c2006 c2 a3 t2009;

  INPUT ---    rlabel(12)=S g41 c2006 c2 a4 t2010;

  INPUT ---    rlabel(13)=S g41 c2006 c2 a5 t2011;

  INPUT ---    rlabel(14)=S g41 c2007 c3 a0 t2007;

  INPUT ---    rlabel(15)=S g41 c2007 c3 a1 t2008;

  INPUT ---    rlabel(16)=S g41 c2007 c3 a2 t2009;

  INPUT ---    rlabel(17)=S g41 c2007 c3 a3 t2010;

  INPUT ---    rlabel(18)=S g41 c2007 c3 a4 t2011;

  INPUT ---    rlabel(19)=S g41 c2008 c4 a0 t2008;

  INPUT ---    rlabel(20)=S g41 c2008 c4 a1 t2009;

  INPUT ---    rlabel(21)=S g41 c2008 c4 a2 t2010;

  INPUT ---    rlabel(22)=S g41 c2008 c4 a3 t2011;

  INPUT ---    rlabel(23)=S g41 c2009 c5 a0 t2009;

  INPUT ---    rlabel(24)=S g41 c2009 c5 a1 t2010;

  Program  MARK  - Survival Rate Estimation with Capture-Recapture Data
   gfortran(Win64) Vers. 8.0 Jun 2014   31-Jan-2015 14:08:56    Page  010
 - - - - - - - - - - - - - - - - - - - - - - - - - - - - - - - - - - - - - -
 

  INPUT ---    rlabel(25)=S g41 c2009 c5 a2 t2011;

  INPUT ---    rlabel(26)=S g41 c2010 c6 a0 t2010;

  INPUT ---    rlabel(27)=S g41 c2010 c6 a1 t2011;

  INPUT ---    rlabel(28)=S g41 c2011 c7 a0 t2011;

  INPUT ---    rlabel(29)=S g51 c2005 c1 a0 t2005;

  INPUT ---    rlabel(30)=S g51 c2005 c1 a1 t2006;

  INPUT ---    rlabel(31)=S g51 c2005 c1 a2 t2007;

  INPUT ---    rlabel(32)=S g51 c2005 c1 a3 t2008;

  INPUT ---    rlabel(33)=S g51 c2005 c1 a4 t2009;

  INPUT ---    rlabel(34)=S g51 c2005 c1 a5 t2010;

  INPUT ---    rlabel(35)=S g51 c2005 c1 a6 t2011;

  INPUT ---    rlabel(36)=S g51 c2006 c2 a0 t2006;

  INPUT ---    rlabel(37)=S g51 c2006 c2 a1 t2007;

  INPUT ---    rlabel(38)=S g51 c2006 c2 a2 t2008;

  INPUT ---    rlabel(39)=S g51 c2006 c2 a3 t2009;

  INPUT ---    rlabel(40)=S g51 c2006 c2 a4 t2010;

  INPUT ---    rlabel(41)=S g51 c2006 c2 a5 t2011;

  INPUT ---    rlabel(42)=S g51 c2007 c3 a0 t2007;

  INPUT ---    rlabel(43)=S g51 c2007 c3 a1 t2008;

  INPUT ---    rlabel(44)=S g51 c2007 c3 a2 t2009;

  INPUT ---    rlabel(45)=S g51 c2007 c3 a3 t2010;

  INPUT ---    rlabel(46)=S g51 c2007 c3 a4 t2011;

  INPUT ---    rlabel(47)=S g51 c2008 c4 a0 t2008;

  Program  MARK  - Survival Rate Estimation with Capture-Recapture Data
   gfortran(Win64) Vers. 8.0 Jun 2014   31-Jan-2015 14:08:56    Page  011
 - - - - - - - - - - - - - - - - - - - - - - - - - - - - - - - - - - - - - -
 

  INPUT ---    rlabel(48)=S g51 c2008 c4 a1 t2009;

  INPUT ---    rlabel(49)=S g51 c2008 c4 a2 t2010;

  INPUT ---    rlabel(50)=S g51 c2008 c4 a3 t2011;

  INPUT ---    rlabel(51)=S g51 c2009 c5 a0 t2009;

  INPUT ---    rlabel(52)=S g51 c2009 c5 a1 t2010;

  INPUT ---    rlabel(53)=S g51 c2009 c5 a2 t2011;

  INPUT ---    rlabel(54)=S g51 c2010 c6 a0 t2010;

  INPUT ---    rlabel(55)=S g51 c2010 c6 a1 t2011;

  INPUT ---    rlabel(56)=S g51 c2011 c7 a0 t2011;

  INPUT ---    rlabel(57)=p g41 c2005 c1 a1 t2006;

  INPUT ---    rlabel(58)=p g41 c2005 c1 a2 t2007;

  INPUT ---    rlabel(59)=p g41 c2005 c1 a3 t2008;

  INPUT ---    rlabel(60)=p g41 c2005 c1 a4 t2009;

  INPUT ---    rlabel(61)=p g41 c2005 c1 a5 t2010;

  INPUT ---    rlabel(62)=p g41 c2005 c1 a6 t2011;

  INPUT ---    rlabel(63)=r g41 c2005 c1 a0 t2005;

  INPUT ---    rlabel(64)=F g41 c2005 c1 a0 t2005;

 Link Function Used is LOGIT        

 Variance Estimation Procedure Used is 2ndPart 

 M(t+1):



 -2logL(saturated) = 1739.8188     
 Effective Sample Size = 7075

 Number of function evaluations was 78 for 22 parameters.
 Time for numerical optimization was 2.22 seconds.

  Program  MARK  - Survival Rate Estimation with Capture-Recapture Data
   gfortran(Win64) Vers. 8.0 Jun 2014   31-Jan-2015 14:08:56    Page  012
 - - - - - - - - - - - - - - - - - - - - - - - - - - - - - - - - - - - - - -
 
 -2logL { S(~age + sex + time)p(~time)r(~1)F(~1) } = 2574.4160     
 Penalty { S(~age + sex + time)p(~time)r(~1)F(~1) } = -0.0000000    
 Gradient { S(~age + sex + time)p(~time)r(~1)F(~1) }:
 -0.1124536E-03-0.7306336E-04 0.3636685E-05  0.000000      0.000000    
   0.000000     0.3627373E-04-0.7992300E-04-0.7554121E-04-0.3879336E-04
  0.1024562E-05  0.000000     0.1589064E-04 0.2917955E-05-0.1911457E-03
  0.6189136E-05-0.1465624E-03 0.6558136E-05 0.6901316E-04-0.1155464E-03
 -0.2638407E-03-0.2784098E-05
 S Vector { S(~age + sex + time)p(~time)r(~1)F(~1) }:
   284.2926      18.65786      5.508638      4.184453      2.364663    
   1.683323     0.8741213     0.7213679     0.4448801     0.1591350E-04
  0.7080658E-05 0.4767197E-05 0.4318623E-05 0.3239881E-05 0.2757706E-05
  0.1835219E-05 0.8915309E-06 0.5142386E-06 0.1896374E-06 0.1074879E-06
  0.2799313E-07 0.4011959E-08
 Time to compute number of parameters was 0.61 seconds.
   Threshold =  0.4600000E-06     Condition index =  0.1411208E-10     New Threshold =  0.1881776E-07
 New Guessimate of Estimated Parameters { S(~age + sex + time)p(~time)r(~1)F(~1) } = 11          
 Conditioned S Vector { S(~age + sex + time)p(~time)r(~1)F(~1) }:
   1.000000     0.6562907E-01 0.1937664E-01 0.1471882E-01 0.8317708E-02
  0.5921093E-02 0.3074724E-02 0.2537413E-02 0.1564867E-02 0.5597576E-07
  0.2490623E-07 0.1676862E-07 0.1519077E-07 0.1139629E-07 0.9700237E-08
  0.6455385E-08 0.3135962E-08 0.1808836E-08 0.6670500E-09 0.3780889E-09
  0.9846591E-10 0.1411208E-10
 Number of Estimated Parameters { S(~age + sex + time)p(~time)r(~1)F(~1) } = 9          
 DEVIANCE { S(~age + sex + time)p(~time)r(~1)F(~1) } = 834.59721                     
 DEVIANCE Degrees of Freedom { S(~age + sex + time)p(~time)r(~1)F(~1) } = 6            
 c-hat { S(~age + sex + time)p(~time)r(~1)F(~1) } = 139.09954                     
 AIC { S(~age + sex + time)p(~time)r(~1)F(~1) } = 2592.4160                  
 AICc { S(~age + sex + time)p(~time)r(~1)F(~1) } = 2592.4414                    
 BIC { S(~age + sex + time)p(~time)r(~1)F(~1) } = 2654.1949                    
 Pearson Chisquare { S(~age + sex + time)p(~time)r(~1)F(~1) } = Not a Number               
 Possible Encounter Histories { S(~age + sex + time)p(~time)r(~1)F(~1) } = 896             
 Pearson Chisquare df { S(~age + sex + time)p(~time)r(~1)F(~1) } = 851        
 Pearson chat { S(~age + sex + time)p(~time)r(~1)F(~1) } = Not a Number               
 Sum(Observed/Expected) { S(~age + sex + time)p(~time)r(~1)F(~1) } = Not a Number               
 Fletcher chat { S(~age + sex + time)p(~time)r(~1)F(~1) } = Not a Number               


          LOGIT Link Function Parameters of { S(~age + sex + time)p(~time)r(~1)F(~1) }
                                                              95% Confidence Interval
 Parameter                    Beta         Standard Error      Lower           Upper
 -------------------------  --------------  --------------  --------------  --------------
    1:S:(Intercept)         20.836876       365.72105       -695.97640      737.65015     
    2:S:age1                44.435301       382.44985       -705.16643      794.03703     
    3:S:age2                11.504448       1487.7216       -2904.4300      2927.4389     
    4:S:age3                48.559913       319.22684       -577.12470      674.24453     
    5:S:age4                1.1059530       423.05570       -828.08323      830.29514     
    6:S:age5                2.5827221       485.07322       -948.16081      953.32625     
    7:S:age6                -0.2536549      232.91218       -456.76154      456.25423     
    8:S:sex5                -0.1379637      1.1123981       -2.3182641      2.0423367     
    9:S:time2006            -65.820420      298.04584       -649.99028      518.34944     
   10:S:time2007            -21.272367      365.72142       -738.08637      695.54164     
   11:S:time2008            -43.384544      5923.5995       -11653.640      11566.871     
   12:S:time2009            10.855259       2491.7870       -4873.0474      4894.7579     
   13:S:time2010            -1.8617314      747.23839       -1466.4490      1462.7255     
   14:S:time2011            -61.337819      298.05545       -645.52652      522.85088     
   15:p:(Intercept)         -33.972202      0.0000000       -33.972202      -33.972202    
   16:p:time2007            28.390040       0.0000000       28.390040       28.390040     
   17:p:time2008            28.165907       0.0000000       28.165907       28.165907     
   18:p:time2009            -5.9340941      1916.9787       -3763.2123      3751.3441     
   19:p:time2010            27.992853       0.0000000       27.992853       27.992853     

  Program  MARK  - Survival Rate Estimation with Capture-Recapture Data
   gfortran(Win64) Vers. 8.0 Jun 2014   31-Jan-2015 14:08:56    Page  013
 - - - - - - - - - - - - - - - - - - - - - - - - - - - - - - - - - - - - - -
 
   20:p:time2011            27.730066       0.0000000       27.730066       27.730066     
   21:r:(Intercept)         -2.9642058      0.0594046       -3.0806388      -2.8477728    
   22:F:(Intercept)         15.333742       2273.4213       -4440.5722      4471.2397     


          Real Function Parameters of { S(~age + sex + time)p(~time)r(~1)F(~1) }
                                                               95% Confidence Interval
  Parameter                  Estimate       Standard Error      Lower           Upper
 --------------------------  --------------  --------------  --------------  --------------
     1:S g41 c2005 c1 a0 t2  1.0000000       0.3264446E-006  0.9999994       1.0000006                           
     2:S g41 c2005 c1 a1 t2  0.3662722       0.3263054       0.0354488       0.9008841                           
     3:S g41 c2005 c1 a2 t2  0.9999844       0.0231911       0.6324845E-299  1.0000000                           
     4:S g41 c2005 c1 a3 t2  1.0000000       0.2879823E-007  0.9999999       1.0000001                           
     5:S g41 c2005 c1 a4 t2  1.0000000       0.1527619E-010  1.0000000       1.0000000                           
     6:S g41 c2005 c1 a5 t2  1.0000000       0.3904031E-006  0.9999992       1.0000008                           
     7:S g41 c2005 c1 a6 t2  0.1997576E-017  0.8865831E-015  -.1735705E-014  0.1739701E-014                      
     8:S g41 c2006 c2 a0 t2  0.2910016E-019  0.1112932E-016  -.2178437E-016  0.2184257E-016                      
     9:S g41 c2006 c2 a1 t2  1.0000000       0.0000000       1.0000000       1.0000000                           
    10:S g41 c2006 c2 a2 t2  0.1599498E-004  0.0986178       0.1577078E-308  1.0000000                           
    11:S g41 c2006 c2 a3 t2  1.0000000       0.0000000       1.0000000       1.0000000                           
    12:S g41 c2006 c2 a4 t2  1.0000000       0.1916994E-005  0.9999962       1.0000038                           
    13:S g41 c2006 c2 a5 t2  0.3406639E-016  0.2106506E-013  -.4125345E-013  0.4132158E-013                      
    14:S g41 c2007 c3 a0 t2  0.3928161       0.3147299       0.0464496       0.8957476                           
    15:S g41 c2007 c3 a1 t2  1.0000000       0.1849765E-005  0.9999964       1.0000036                           
    16:S g41 c2007 c3 a2 t2  1.0000000       0.0000000       1.0000000       1.0000000                           
    17:S g41 c2007 c3 a3 t2  1.0000000       0.0000000       1.0000000       1.0000000                           
    18:S g41 c2007 c3 a4 t2  0.7779890E-017  0.4421319E-014  -.8658006E-014  0.8673566E-014                      
    19:S g41 c2008 c4 a0 t2  0.1613141E-009  0.9555313E-006  -.1872680E-005  0.1873003E-005                      
    20:S g41 c2008 c4 a1 t2  1.0000000       0.0000000       1.0000000       1.0000000                           
    21:S g41 c2008 c4 a2 t2  1.0000000       0.1013627E-009  1.0000000       1.0000000                           
    22:S g41 c2008 c4 a3 t2  0.9996838       0.1572876       0.3117663E-300  1.0000000                           
    23:S g41 c2009 c5 a0 t2  1.0000000       0.4353763E-010  1.0000000       1.0000000                           
    24:S g41 c2009 c5 a1 t2  1.0000000       0.0000000       1.0000000       1.0000000                           
    25:S g41 c2009 c5 a2 t2  0.2552598E-012  0.3900920E-009  -.7643250E-009  0.7648356E-009                      
    26:S g41 c2010 c6 a0 t2  1.0000000       0.4583865E-005  0.9999910       1.0000090                           
    27:S g41 c2010 c6 a1 t2  0.9808169       0.0222819       0.8338572       0.9980838                           
    28:S g41 c2011 c7 a0 t2  0.2574330E-017  0.9845609E-015  -.1927165E-014  0.1932314E-014                      
    29:S g51 c2005 c1 a0 t2  1.0000000       0.3747383E-006  0.9999993       1.0000007                           
    30:S g51 c2005 c1 a1 t2  0.3348775       0.3547834       0.0217065       0.9195157                           
    31:S g51 c2005 c1 a2 t2  0.9999821       0.0266216       0.5509764E-299  1.0000000                           
    32:S g51 c2005 c1 a3 t2  1.0000000       0.3305923E-007  0.9999999       1.0000001                           
    33:S g51 c2005 c1 a4 t2  1.0000000       0.1703881E-010  1.0000000       1.0000000                           
    34:S g51 c2005 c1 a5 t2  1.0000000       0.4481562E-006  0.9999991       1.0000009                           
    35:S g51 c2005 c1 a6 t2  0.1740149E-017  0.7723309E-015  -.1512028E-014  0.1515509E-014                      
    36:S g51 c2006 c2 a0 t2  0.2535003E-019  0.9695104E-017  -.1897705E-016  0.1902775E-016                      
    37:S g51 c2006 c2 a1 t2  1.0000000       0.0000000       1.0000000       1.0000000                           

  Program  MARK  - Survival Rate Estimation with Capture-Recapture Data
   gfortran(Win64) Vers. 8.0 Jun 2014   31-Jan-2015 14:08:56    Page  014
 - - - - - - - - - - - - - - - - - - - - - - - - - - - - - - - - - - - - - -
 
    38:S g51 c2006 c2 a2 t2  0.1393374E-004  0.0859093       0.1373841E-308  1.0000000                           
    39:S g51 c2006 c2 a3 t2  1.0000000       0.0000000       1.0000000       1.0000000                           
    40:S g51 c2006 c2 a4 t2  1.0000000       0.2200579E-005  0.9999957       1.0000043                           
    41:S g51 c2006 c2 a5 t2  0.2967627E-016  0.1835039E-013  -.3593708E-013  0.3599644E-013                      
    42:S g51 c2007 c3 a0 t2  0.3604402       0.3475152       0.0285213       0.9153871                           
    43:S g51 c2007 c3 a1 t2  1.0000000       0.2123407E-005  0.9999958       1.0000042                           
    44:S g51 c2007 c3 a2 t2  1.0000000       0.0000000       1.0000000       1.0000000                           
    45:S g51 c2007 c3 a3 t2  1.0000000       0.0000000       1.0000000       1.0000000                           
    46:S g51 c2007 c3 a4 t2  0.6777298E-017  0.3851536E-014  -.7542234E-014  0.7555788E-014                      
    47:S g51 c2008 c4 a0 t2  0.1405256E-009  0.8323921E-006  -.1631348E-005  0.1631629E-005                      
    48:S g51 c2008 c4 a1 t2  1.0000000       0.0000000       1.0000000       1.0000000                           
    49:S g51 c2008 c4 a2 t2  1.0000000       0.1161202E-009  1.0000000       1.0000000                           
    50:S g51 c2008 c4 a3 t2  0.9996371       0.1805393       0.2715891E-300  1.0000000                           
    51:S g51 c2009 c5 a0 t2  1.0000000       0.4967749E-010  1.0000000       1.0000000                           
    52:S g51 c2009 c5 a1 t2  1.0000000       0.0000000       1.0000000       1.0000000                           
    53:S g51 c2009 c5 a2 t2  0.2223646E-012  0.3398196E-009  -.6658241E-009  0.6662689E-009                      
    54:S g51 c2010 c6 a0 t2  1.0000000       0.5261969E-005  0.9999897       1.0000103                           
    55:S g51 c2010 c6 a1 t2  0.9780414       0.0245787       0.8253852       0.9976230                           
    56:S g51 c2011 c7 a0 t2  0.2242577E-017  0.8576802E-015  -.1678811E-014  0.1683296E-014                      
    57:p g41 c2005 c1 a1 t2  0.1762221E-014  0.0000000       0.1762221E-014  0.1762221E-014                      
    58:p g41 c2005 c1 a2 t2  0.0037503       0.0050494       0.2661909E-003  0.0505321                           
    59:p g41 c2005 c1 a3 t2  0.0029995       0.0030263       0.4137945E-003  0.0213973                           
    60:p g41 c2005 c1 a4 t2  0.4665691E-017  0.8901808E-014  -.1744288E-013  0.1745221E-013                      
    61:p g41 c2005 c1 a5 t2  0.0025241       0.0014746       0.8022345E-003  0.0079123                           
    62:p g41 c2005 c1 a6 t2  0.0019419       0.9402656E-003  0.7512630E-003  0.0050101                           
    63:r g41 c2005 c1 a0 t2  0.0490694       0.0027719       0.0439130       0.0547966                           
    64:F g41 c2005 c1 a0 t2  0.9999998       0.4981042E-003  0.4500100E-297  1.0000000                           

 Attempted ordering of parameters by estimatibility:
  21 15 20  1 19 10  8 16  9 17 14  5  2  6 13  7 18  3 22 12 11  4
 Beta number 4 is a singular value.

     CPU Time in seconds for last procedure was 2.85

  Program  MARK  - Survival Rate Estimation with Capture-Recapture Data
   gfortran(Win64) Vers. 8.0 Jun 2014   31-Jan-2015 14:08:56    Page  015
 - - - - - - - - - - - - - - - - - - - - - - - - - - - - - - - - - - - - - -
 


  INPUT --- proc stop;

     CPU Time in minutes for this job was 0.05

     Time Start = 14:08:55.988   Time End = 14:08:56.673

     Wall Clock Time in minutes for this job was 0.01


          E X E C U T I O N   S U C C E S S F U L 
