
   Program  MARK  - Survival Rate Estimation with Capture-Recapture Data
   gfortran(Win64) Vers. 8.0 Jun 2014   25-Jan-2015 15:11:44    Page  001
 - - - - - - - - - - - - - - - - - - - - - - - - - - - - - - - - - - - - - -
 
   This version was compiled by GCC version 4.8.1 using the options 
   -m64 -mtune=generic -march=x86-64 -mthreads -O2 -fimplicit-none -fbounds-check -funroll-loops -ftree-vectorize -fopenmp.
   This problem will use 7 of 8 possible threads.


  INPUT --- proc title ;

     CPU Time in seconds for last procedure was 0.00


  INPUT --- proc chmatrix occasions= 7 groups= 6 etype= Both ICMeans 
  INPUT --- NoHist hist= 51 ;

  INPUT ---    time  interval 1 1 1 1 1 1 1 ;

  INPUT ---    glabel(1)=sex4.age1;

  INPUT ---    glabel(2)=sex5.age1;

  INPUT ---    glabel(3)=sex4.age2;

  INPUT ---    glabel(4)=sex5.age2;

  INPUT ---    glabel(5)=sex4.age4;

  INPUT ---    glabel(6)=sex5.age4;

   * *  WARNING  * *   At least a pair of the encounter histories are duplicates. 

      Number of unique encounter histories read was 17.

      Number of individual covariates read was 0.
      Time interval lengths are all equal to 1.

      Data type number is 3
      Data type is Joint Live and Dead Encounters (Burnham)                                                            

     CPU Time in seconds for last procedure was 0.00

  Program  MARK  - Survival Rate Estimation with Capture-Recapture Data
   gfortran(Win64) Vers. 8.0 Jun 2014   25-Jan-2015 15:11:44    Page  002
 - - - - - - - - - - - - - - - - - - - - - - - - - - - - - - - - - - - - - -
 


  INPUT --- proc estimate link=Logit NOLOOP varest=2ndPart    ;


  INPUT --- model={ S(~sex + time)p(~sex)r(~age + sex)F(~1) };

  INPUT ---    group=1 S    rows=7 cols=7 Triang ;
  INPUT ---        1 2 3 4 5 6 7 ;
  INPUT ---        2 3 4 5 6 7 ;
  INPUT ---        3 4 5 6 7 ;
  INPUT ---        4 5 6 7 ;
  INPUT ---        5 6 7 ;
  INPUT ---        6 7 ;
  INPUT ---        7 ;

  INPUT ---    group=2 S    rows=7 cols=7 Triang ;
  INPUT ---        8 9 10 11 12 13 14 ;
  INPUT ---        9 10 11 12 13 14 ;
  INPUT ---        10 11 12 13 14 ;
  INPUT ---        11 12 13 14 ;
  INPUT ---        12 13 14 ;
  INPUT ---        13 14 ;
  INPUT ---        14 ;

  INPUT ---    group=3 S    rows=7 cols=7 Triang ;
  INPUT ---        1 2 3 4 5 6 7 ;
  INPUT ---        2 3 4 5 6 7 ;
  INPUT ---        3 4 5 6 7 ;
  INPUT ---        4 5 6 7 ;
  INPUT ---        5 6 7 ;
  INPUT ---        6 7 ;
  INPUT ---        7 ;

  INPUT ---    group=4 S    rows=7 cols=7 Triang ;
  INPUT ---        8 9 10 11 12 13 14 ;
  INPUT ---        9 10 11 12 13 14 ;
  INPUT ---        10 11 12 13 14 ;
  INPUT ---        11 12 13 14 ;
  INPUT ---        12 13 14 ;
  INPUT ---        13 14 ;
  INPUT ---        14 ;

  INPUT ---    group=5 S    rows=7 cols=7 Triang ;
  INPUT ---        1 2 3 4 5 6 7 ;
  INPUT ---        2 3 4 5 6 7 ;

  Program  MARK  - Survival Rate Estimation with Capture-Recapture Data
   gfortran(Win64) Vers. 8.0 Jun 2014   25-Jan-2015 15:11:44    Page  003
 - - - - - - - - - - - - - - - - - - - - - - - - - - - - - - - - - - - - - -
 
  INPUT ---        3 4 5 6 7 ;
  INPUT ---        4 5 6 7 ;
  INPUT ---        5 6 7 ;
  INPUT ---        6 7 ;
  INPUT ---        7 ;

  INPUT ---    group=6 S    rows=7 cols=7 Triang ;
  INPUT ---        8 9 10 11 12 13 14 ;
  INPUT ---        9 10 11 12 13 14 ;
  INPUT ---        10 11 12 13 14 ;
  INPUT ---        11 12 13 14 ;
  INPUT ---        12 13 14 ;
  INPUT ---        13 14 ;
  INPUT ---        14 ;

  INPUT ---    group=1 p    rows=6 cols=6 Triang ;
  INPUT ---        15 15 15 15 15 15 ;
  INPUT ---        15 15 15 15 15 ;
  INPUT ---        15 15 15 15 ;
  INPUT ---        15 15 15 ;
  INPUT ---        15 15 ;
  INPUT ---        15 ;

  INPUT ---    group=2 p    rows=6 cols=6 Triang ;
  INPUT ---        16 16 16 16 16 16 ;
  INPUT ---        16 16 16 16 16 ;
  INPUT ---        16 16 16 16 ;
  INPUT ---        16 16 16 ;
  INPUT ---        16 16 ;
  INPUT ---        16 ;

  INPUT ---    group=3 p    rows=6 cols=6 Triang ;
  INPUT ---        15 15 15 15 15 15 ;
  INPUT ---        15 15 15 15 15 ;
  INPUT ---        15 15 15 15 ;
  INPUT ---        15 15 15 ;
  INPUT ---        15 15 ;
  INPUT ---        15 ;

  INPUT ---    group=4 p    rows=6 cols=6 Triang ;
  INPUT ---        16 16 16 16 16 16 ;
  INPUT ---        16 16 16 16 16 ;
  INPUT ---        16 16 16 16 ;
  INPUT ---        16 16 16 ;
  INPUT ---        16 16 ;
  INPUT ---        16 ;

  Program  MARK  - Survival Rate Estimation with Capture-Recapture Data
   gfortran(Win64) Vers. 8.0 Jun 2014   25-Jan-2015 15:11:44    Page  004
 - - - - - - - - - - - - - - - - - - - - - - - - - - - - - - - - - - - - - -
 

  INPUT ---    group=5 p    rows=6 cols=6 Triang ;
  INPUT ---        15 15 15 15 15 15 ;
  INPUT ---        15 15 15 15 15 ;
  INPUT ---        15 15 15 15 ;
  INPUT ---        15 15 15 ;
  INPUT ---        15 15 ;
  INPUT ---        15 ;

  INPUT ---    group=6 p    rows=6 cols=6 Triang ;
  INPUT ---        16 16 16 16 16 16 ;
  INPUT ---        16 16 16 16 16 ;
  INPUT ---        16 16 16 16 ;
  INPUT ---        16 16 16 ;
  INPUT ---        16 16 ;
  INPUT ---        16 ;

  INPUT ---    group=1 r    rows=7 cols=7 Triang ;
  INPUT ---        17 18 19 20 21 22 23 ;
  INPUT ---        17 18 19 20 21 22 ;
  INPUT ---        17 18 19 20 21 ;
  INPUT ---        17 18 19 20 ;
  INPUT ---        17 18 19 ;
  INPUT ---        17 18 ;
  INPUT ---        17 ;

  INPUT ---    group=2 r    rows=7 cols=7 Triang ;
  INPUT ---        24 25 26 27 28 29 30 ;
  INPUT ---        24 25 26 27 28 29 ;
  INPUT ---        24 25 26 27 28 ;
  INPUT ---        24 25 26 27 ;
  INPUT ---        24 25 26 ;
  INPUT ---        24 25 ;
  INPUT ---        24 ;

  INPUT ---    group=3 r    rows=7 cols=7 Triang ;
  INPUT ---        17 18 19 20 21 22 23 ;
  INPUT ---        17 18 19 20 21 22 ;
  INPUT ---        17 18 19 20 21 ;
  INPUT ---        17 18 19 20 ;
  INPUT ---        17 18 19 ;
  INPUT ---        17 18 ;
  INPUT ---        17 ;

  INPUT ---    group=4 r    rows=7 cols=7 Triang ;
  INPUT ---        24 25 26 27 28 29 30 ;

  Program  MARK  - Survival Rate Estimation with Capture-Recapture Data
   gfortran(Win64) Vers. 8.0 Jun 2014   25-Jan-2015 15:11:44    Page  005
 - - - - - - - - - - - - - - - - - - - - - - - - - - - - - - - - - - - - - -
 
  INPUT ---        24 25 26 27 28 29 ;
  INPUT ---        24 25 26 27 28 ;
  INPUT ---        24 25 26 27 ;
  INPUT ---        24 25 26 ;
  INPUT ---        24 25 ;
  INPUT ---        24 ;

  INPUT ---    group=5 r    rows=7 cols=7 Triang ;
  INPUT ---        17 18 19 20 21 22 23 ;
  INPUT ---        17 18 19 20 21 22 ;
  INPUT ---        17 18 19 20 21 ;
  INPUT ---        17 18 19 20 ;
  INPUT ---        17 18 19 ;
  INPUT ---        17 18 ;
  INPUT ---        17 ;

  INPUT ---    group=6 r    rows=7 cols=7 Triang ;
  INPUT ---        24 25 26 27 28 29 30 ;
  INPUT ---        24 25 26 27 28 29 ;
  INPUT ---        24 25 26 27 28 ;
  INPUT ---        24 25 26 27 ;
  INPUT ---        24 25 26 ;
  INPUT ---        24 25 ;
  INPUT ---        24 ;

  INPUT ---    group=1 F    rows=6 cols=6 Triang ;
  INPUT ---        31 31 31 31 31 31 ;
  INPUT ---        31 31 31 31 31 ;
  INPUT ---        31 31 31 31 ;
  INPUT ---        31 31 31 ;
  INPUT ---        31 31 ;
  INPUT ---        31 ;

  INPUT ---    group=2 F    rows=6 cols=6 Triang ;
  INPUT ---        31 31 31 31 31 31 ;
  INPUT ---        31 31 31 31 31 ;
  INPUT ---        31 31 31 31 ;
  INPUT ---        31 31 31 ;
  INPUT ---        31 31 ;
  INPUT ---        31 ;

  INPUT ---    group=3 F    rows=6 cols=6 Triang ;
  INPUT ---        31 31 31 31 31 31 ;
  INPUT ---        31 31 31 31 31 ;
  INPUT ---        31 31 31 31 ;
  INPUT ---        31 31 31 ;

  Program  MARK  - Survival Rate Estimation with Capture-Recapture Data
   gfortran(Win64) Vers. 8.0 Jun 2014   25-Jan-2015 15:11:44    Page  006
 - - - - - - - - - - - - - - - - - - - - - - - - - - - - - - - - - - - - - -
 
  INPUT ---        31 31 ;
  INPUT ---        31 ;

  INPUT ---    group=4 F    rows=6 cols=6 Triang ;
  INPUT ---        31 31 31 31 31 31 ;
  INPUT ---        31 31 31 31 31 ;
  INPUT ---        31 31 31 31 ;
  INPUT ---        31 31 31 ;
  INPUT ---        31 31 ;
  INPUT ---        31 ;

  INPUT ---    group=5 F    rows=6 cols=6 Triang ;
  INPUT ---        31 31 31 31 31 31 ;
  INPUT ---        31 31 31 31 31 ;
  INPUT ---        31 31 31 31 ;
  INPUT ---        31 31 31 ;
  INPUT ---        31 31 ;
  INPUT ---        31 ;

  INPUT ---    group=6 F    rows=6 cols=6 Triang ;
  INPUT ---        31 31 31 31 31 31 ;
  INPUT ---        31 31 31 31 31 ;
  INPUT ---        31 31 31 31 ;
  INPUT ---        31 31 31 ;
  INPUT ---        31 31 ;
  INPUT ---        31 ;

  INPUT ---    design matrix constraints=31 covariates=19;
  INPUT ---        1 0 0 0 0 0 0 0 0 0 0 0 0 0 0 0 0 0 0;
  INPUT ---        1 0 1 0 0 0 0 0 0 0 0 0 0 0 0 0 0 0 0;
  INPUT ---        1 0 0 1 0 0 0 0 0 0 0 0 0 0 0 0 0 0 0;
  INPUT ---        1 0 0 0 1 0 0 0 0 0 0 0 0 0 0 0 0 0 0;
  INPUT ---        1 0 0 0 0 1 0 0 0 0 0 0 0 0 0 0 0 0 0;
  INPUT ---        1 0 0 0 0 0 1 0 0 0 0 0 0 0 0 0 0 0 0;
  INPUT ---        1 0 0 0 0 0 0 1 0 0 0 0 0 0 0 0 0 0 0;
  INPUT ---        1 1 0 0 0 0 0 0 0 0 0 0 0 0 0 0 0 0 0;
  INPUT ---        1 1 1 0 0 0 0 0 0 0 0 0 0 0 0 0 0 0 0;
  INPUT ---        1 1 0 1 0 0 0 0 0 0 0 0 0 0 0 0 0 0 0;
  INPUT ---        1 1 0 0 1 0 0 0 0 0 0 0 0 0 0 0 0 0 0;
  INPUT ---        1 1 0 0 0 1 0 0 0 0 0 0 0 0 0 0 0 0 0;
  INPUT ---        1 1 0 0 0 0 1 0 0 0 0 0 0 0 0 0 0 0 0;
  INPUT ---        1 1 0 0 0 0 0 1 0 0 0 0 0 0 0 0 0 0 0;
  INPUT ---        0 0 0 0 0 0 0 0 1 0 0 0 0 0 0 0 0 0 0;
  INPUT ---        0 0 0 0 0 0 0 0 1 1 0 0 0 0 0 0 0 0 0;
  INPUT ---        0 0 0 0 0 0 0 0 0 0 1 0 0 0 0 0 0 0 0;
  INPUT ---        0 0 0 0 0 0 0 0 0 0 1 1 0 0 0 0 0 0 0;

  Program  MARK  - Survival Rate Estimation with Capture-Recapture Data
   gfortran(Win64) Vers. 8.0 Jun 2014   25-Jan-2015 15:11:44    Page  007
 - - - - - - - - - - - - - - - - - - - - - - - - - - - - - - - - - - - - - -
 
  INPUT ---        0 0 0 0 0 0 0 0 0 0 1 0 1 0 0 0 0 0 0;
  INPUT ---        0 0 0 0 0 0 0 0 0 0 1 0 0 1 0 0 0 0 0;
  INPUT ---        0 0 0 0 0 0 0 0 0 0 1 0 0 0 1 0 0 0 0;
  INPUT ---        0 0 0 0 0 0 0 0 0 0 1 0 0 0 0 1 0 0 0;
  INPUT ---        0 0 0 0 0 0 0 0 0 0 1 0 0 0 0 0 1 0 0;
  INPUT ---        0 0 0 0 0 0 0 0 0 0 1 0 0 0 0 0 0 1 0;
  INPUT ---        0 0 0 0 0 0 0 0 0 0 1 1 0 0 0 0 0 1 0;
  INPUT ---        0 0 0 0 0 0 0 0 0 0 1 0 1 0 0 0 0 1 0;
  INPUT ---        0 0 0 0 0 0 0 0 0 0 1 0 0 1 0 0 0 1 0;
  INPUT ---        0 0 0 0 0 0 0 0 0 0 1 0 0 0 1 0 0 1 0;
  INPUT ---        0 0 0 0 0 0 0 0 0 0 1 0 0 0 0 1 0 1 0;
  INPUT ---        0 0 0 0 0 0 0 0 0 0 1 0 0 0 0 0 1 1 0;
  INPUT ---        0 0 0 0 0 0 0 0 0 0 0 0 0 0 0 0 0 0 1;

  INPUT ---    blabel(1)=S:(Intercept);

  INPUT ---    blabel(2)=S:sex5;

  INPUT ---    blabel(3)=S:time2006;

  INPUT ---    blabel(4)=S:time2007;

  INPUT ---    blabel(5)=S:time2008;

  INPUT ---    blabel(6)=S:time2009;

  INPUT ---    blabel(7)=S:time2010;

  INPUT ---    blabel(8)=S:time2011;

  INPUT ---    blabel(9)=p:(Intercept);

  INPUT ---    blabel(10)=p:sex5;

  INPUT ---    blabel(11)=r:(Intercept);

  INPUT ---    blabel(12)=r:age1;

  INPUT ---    blabel(13)=r:age2;

  INPUT ---    blabel(14)=r:age3;

  INPUT ---    blabel(15)=r:age4;

  INPUT ---    blabel(16)=r:age5;


  Program  MARK  - Survival Rate Estimation with Capture-Recapture Data
   gfortran(Win64) Vers. 8.0 Jun 2014   25-Jan-2015 15:11:44    Page  008
 - - - - - - - - - - - - - - - - - - - - - - - - - - - - - - - - - - - - - -
 
  INPUT ---    blabel(17)=r:age6;

  INPUT ---    blabel(18)=r:sex5;

  INPUT ---    blabel(19)=F:(Intercept);

  INPUT ---    rlabel(1)=S g41 c2005 c1 a0 t2005;

  INPUT ---    rlabel(2)=S g41 c2005 c1 a1 t2006;

  INPUT ---    rlabel(3)=S g41 c2005 c1 a2 t2007;

  INPUT ---    rlabel(4)=S g41 c2005 c1 a3 t2008;

  INPUT ---    rlabel(5)=S g41 c2005 c1 a4 t2009;

  INPUT ---    rlabel(6)=S g41 c2005 c1 a5 t2010;

  INPUT ---    rlabel(7)=S g41 c2005 c1 a6 t2011;

  INPUT ---    rlabel(8)=S g51 c2005 c1 a0 t2005;

  INPUT ---    rlabel(9)=S g51 c2005 c1 a1 t2006;

  INPUT ---    rlabel(10)=S g51 c2005 c1 a2 t2007;

  INPUT ---    rlabel(11)=S g51 c2005 c1 a3 t2008;

  INPUT ---    rlabel(12)=S g51 c2005 c1 a4 t2009;

  INPUT ---    rlabel(13)=S g51 c2005 c1 a5 t2010;

  INPUT ---    rlabel(14)=S g51 c2005 c1 a6 t2011;

  INPUT ---    rlabel(15)=p g41 c2005 c1 a1 t2006;

  INPUT ---    rlabel(16)=p g51 c2005 c1 a1 t2006;

  INPUT ---    rlabel(17)=r g41 c2005 c1 a0 t2005;

  INPUT ---    rlabel(18)=r g41 c2005 c1 a1 t2006;

  INPUT ---    rlabel(19)=r g41 c2005 c1 a2 t2007;

  INPUT ---    rlabel(20)=r g41 c2005 c1 a3 t2008;


  Program  MARK  - Survival Rate Estimation with Capture-Recapture Data
   gfortran(Win64) Vers. 8.0 Jun 2014   25-Jan-2015 15:11:44    Page  009
 - - - - - - - - - - - - - - - - - - - - - - - - - - - - - - - - - - - - - -
 
  INPUT ---    rlabel(21)=r g41 c2005 c1 a4 t2009;

  INPUT ---    rlabel(22)=r g41 c2005 c1 a5 t2010;

  INPUT ---    rlabel(23)=r g41 c2005 c1 a6 t2011;

  INPUT ---    rlabel(24)=r g51 c2005 c1 a0 t2005;

  INPUT ---    rlabel(25)=r g51 c2005 c1 a1 t2006;

  INPUT ---    rlabel(26)=r g51 c2005 c1 a2 t2007;

  INPUT ---    rlabel(27)=r g51 c2005 c1 a3 t2008;

  INPUT ---    rlabel(28)=r g51 c2005 c1 a4 t2009;

  INPUT ---    rlabel(29)=r g51 c2005 c1 a5 t2010;

  INPUT ---    rlabel(30)=r g51 c2005 c1 a6 t2011;

  INPUT ---    rlabel(31)=F g41 c2005 c1 a0 t2005;

 Link Function Used is LOGIT        

 Variance Estimation Procedure Used is 2ndPart 

 M(t+1):



 -2logL(saturated) = 1739.8188     
 Effective Sample Size = 7075

 Number of function evaluations was 81 for 19 parameters.
 Time for numerical optimization was 1.59 seconds.
 -2logL { S(~sex + time)p(~sex)r(~age + sex)F(~1) } = 1786.9876     
 Penalty { S(~sex + time)p(~sex)r(~age + sex)F(~1) } = -0.0000000    
 Gradient { S(~sex + time)p(~sex)r(~age + sex)F(~1) }:
   0.000000      0.000000      0.000000      0.000000      0.000000    
   0.000000      0.000000      0.000000     0.1368381E-02 0.3071034E-03
 -0.1375084E-03 0.1573332E-03  0.000000      0.000000      0.000000    
   0.000000      0.000000     0.6731208E-03 0.2471165E-03
 S Vector { S(~sex + time)p(~sex)r(~age + sex)F(~1) }:
   329.3083      45.96686      15.44088      2.396613     0.9948758    
  0.5337395     0.1979323E-06 0.1792520E-06 0.9249768E-07 0.7954724E-07
  0.7820887E-07 0.3036456E-07 0.1375550E-07 0.8800376E-08 0.3204137E-08
  0.1728629E-08 0.1665152E-08 0.1007539E-08 0.3758126E-09
 Time to compute number of parameters was 0.51 seconds.
   Threshold =  0.4000000E-06     Condition index =  0.1141218E-11     New Threshold =  0.1638129E-08

  Program  MARK  - Survival Rate Estimation with Capture-Recapture Data
   gfortran(Win64) Vers. 8.0 Jun 2014   25-Jan-2015 15:11:45    Page  010
 - - - - - - - - - - - - - - - - - - - - - - - - - - - - - - - - - - - - - -
 
 New Guessimate of Estimated Parameters { S(~sex + time)p(~sex)r(~age + sex)F(~1) } = 6          
 Conditioned S Vector { S(~sex + time)p(~sex)r(~age + sex)F(~1) }:
   1.000000     0.1395861     0.4688883E-01 0.7277716E-02 0.3021108E-02
  0.1620790E-02 0.6010546E-09 0.5443288E-09 0.2808847E-09 0.2415586E-09
  0.2374944E-09 0.9220709E-10 0.4177089E-10 0.2672382E-10 0.9729899E-11
  0.5249272E-11 0.5056514E-11 0.3059563E-11 0.1141218E-11
 Number of Estimated Parameters { S(~sex + time)p(~sex)r(~age + sex)F(~1) } = 6          
 DEVIANCE { S(~sex + time)p(~sex)r(~age + sex)F(~1) } = 47.168829                     
 DEVIANCE Degrees of Freedom { S(~sex + time)p(~sex)r(~age + sex)F(~1) } = 9            
 c-hat { S(~sex + time)p(~sex)r(~age + sex)F(~1) } = 5.2409810                     
 AIC { S(~sex + time)p(~sex)r(~age + sex)F(~1) } = 1798.9876                  
 AICc { S(~sex + time)p(~sex)r(~age + sex)F(~1) } = 1798.9995                    
 BIC { S(~sex + time)p(~sex)r(~age + sex)F(~1) } = 1840.1735                    
 Pearson Chisquare { S(~sex + time)p(~sex)r(~age + sex)F(~1) } = Not a Number               
 Possible Encounter Histories { S(~sex + time)p(~sex)r(~age + sex)F(~1) } = 896             
 Pearson Chisquare df { S(~sex + time)p(~sex)r(~age + sex)F(~1) } = 854        
 Pearson chat { S(~sex + time)p(~sex)r(~age + sex)F(~1) } = Not a Number               
 Sum(Observed/Expected) { S(~sex + time)p(~sex)r(~age + sex)F(~1) } = Not a Number               
 Fletcher chat { S(~sex + time)p(~sex)r(~age + sex)F(~1) } = Not a Number               


         LOGIT Link Function Parameters of { S(~sex + time)p(~sex)r(~age + sex)F(~1) }
                                                              95% Confidence Interval
 Parameter                    Beta         Standard Error      Lower           Upper
 -------------------------  --------------  --------------  --------------  --------------
    1:S:(Intercept)         56.030251       0.0000000       56.030251       56.030251     
    2:S:sex5                -4.0700420      2880.2024       -5649.2669      5641.1268     
    3:S:time2006            -10.768649      0.0000000       -10.768649      -10.768649    
    4:S:time2007            -6.1562262      3288.0210       -6450.6775      6438.3650     
    5:S:time2008            13.126631       7736.9235       -15151.244      15177.497     
    6:S:time2009            17.934366       0.0000000       17.934366       17.934366     
    7:S:time2010            -6.9188170      3334.1828       -6541.9173      6528.0797     
    8:S:time2011            -125.35975      632.12286       -1364.3206      1113.6011     
    9:p:(Intercept)         -6.5771613      0.6054489       -7.7638412      -5.3904815    
   10:p:sex5                -0.7028541      0.6129500       -1.9042362      0.4985279     
   11:r:(Intercept)         -1.4802857      0.0923962       -1.6613823      -1.2991890    
   12:r:age1                -5.3588579      1.0025622       -7.3238798      -3.3938360    
   13:r:age2                -75.976200      139.68988       -349.76836      197.81596     
   14:r:age3                -88.145081      1138.7753       -2320.1447      2143.8546     
   15:r:age4                -22.219364      3819.2202       -7507.8911      7463.4524     
   16:r:age5                -55.556714      1923.9563       -3826.5112      3715.3977     
   17:r:age6                -51.881873      285.27568       -611.02221      507.25846     
   18:r:sex5                -0.1147142      0.1275699       -0.3647512      0.1353228     
   19:F:(Intercept)         1.5765184       1.2701637       -0.9130024      4.0660393     


         Real Function Parameters of { S(~sex + time)p(~sex)r(~age + sex)F(~1) }
                                                               95% Confidence Interval
  Parameter                  Estimate       Standard Error      Lower           Upper
 --------------------------  --------------  --------------  --------------  --------------
     1:S g41 c2005 c1 a0 t2  1.0000000       0.0000000       1.0000000       1.0000000                           
     2:S g41 c2005 c1 a1 t2  1.0000000       0.0000000       1.0000000       1.0000000                           
     3:S g41 c2005 c1 a2 t2  1.0000000       0.0000000       1.0000000       1.0000000                           
     4:S g41 c2005 c1 a3 t2  1.0000000       0.0000000       1.0000000       1.0000000                           
     5:S g41 c2005 c1 a4 t2  1.0000000       0.0000000       1.0000000       1.0000000                           
     6:S g41 c2005 c1 a5 t2  1.0000000       0.0000000       1.0000000       1.0000000                           
     7:S g41 c2005 c1 a6 t2  0.7772894E-030  0.4913424E-027  -.9622538E-027  0.9638084E-027                      
     8:S g51 c2005 c1 a0 t2  1.0000000       0.0000000       1.0000000       1.0000000                           
     9:S g51 c2005 c1 a1 t2  1.0000000       0.0000000       1.0000000       1.0000000                           
    10:S g51 c2005 c1 a2 t2  1.0000000       0.0000000       1.0000000       1.0000000                           

  Program  MARK  - Survival Rate Estimation with Capture-Recapture Data
   gfortran(Win64) Vers. 8.0 Jun 2014   25-Jan-2015 15:11:45    Page  011
 - - - - - - - - - - - - - - - - - - - - - - - - - - - - - - - - - - - - - -
 
    11:S g51 c2005 c1 a3 t2  1.0000000       0.0000000       1.0000000       1.0000000                           
    12:S g51 c2005 c1 a4 t2  1.0000000       0.0000000       1.0000000       1.0000000                           
    13:S g51 c2005 c1 a5 t2  1.0000000       0.0000000       1.0000000       1.0000000                           
    14:S g51 c2005 c1 a6 t2  0.1327351E-031  0.4523165E-028  -.8864075E-028  0.8866730E-028                      
    15:p g41 c2005 c1 a1 t2  0.0013899       0.8403197E-003  0.4246412E-003  0.0045391                           
    16:p g51 c2005 c1 a1 t2  0.6887003E-003  0.4815509E-003  0.1748468E-003  0.0027086                           
    17:r g41 c2005 c1 a0 t2  0.1853843       0.0139534       0.1595765       0.2143015                           
    18:r g41 c2005 c1 a1 t2  0.0010699       0.0010713       0.1501175E-003  0.0075822                           
    19:r g41 c2005 c1 a2 t2  0.2296548E-033  0.3208046E-031  -.6264804E-031  0.6310735E-031                      
    20:r g41 c2005 c1 a3 t2  0.1191785E-038  0.1357175E-035  -.2658871E-035  0.2661255E-035                      
    21:r g41 c2005 c1 a4 t2  0.5097686E-010  0.1946919E-006  -.3815451E-006  0.3816470E-006                      
    22:r g41 c2005 c1 a5 t2  0.1694907E-024  0.3260927E-021  -.6389722E-021  0.6393112E-021                      
    23:r g41 c2005 c1 a6 t2  0.6685114E-023  0.1907101E-020  -.3731232E-020  0.3744603E-020                      
    24:r g51 c2005 c1 a0 t2  0.1686816       0.0123609       0.1458198       0.1943124                           
    25:r g51 c2005 c1 a1 t2  0.9540330E-003  0.9556488E-003  0.1337971E-003  0.0067686                           
    26:r g51 c2005 c1 a2 t2  0.2047650E-033  0.2860361E-031  -.5585831E-031  0.5626784E-031                      
    27:r g51 c2005 c1 a3 t2  0.1062620E-038  0.1210086E-035  -.2370705E-035  0.2372830E-035                      
    28:r g51 c2005 c1 a4 t2  0.4545204E-010  0.1735913E-006  -.3401936E-006  0.3402845E-006                      
    29:r g51 c2005 c1 a5 t2  0.1511215E-024  0.2907511E-021  -.5697210E-021  0.5700233E-021                      
    30:r g51 c2005 c1 a6 t2  0.5960588E-023  0.1700411E-020  -.3326844E-020  0.3338765E-020                      
    31:F g41 c2005 c1 a0 t2  0.8287109       0.1802987       0.2863858       0.9831438                           

 Attempted ordering of parameters by estimatibility:
  11 18  9 10 12 19  2  3  4  7 15  6  5 16  1 17 14 13  8
 Beta number 8 is a singular value.

     CPU Time in seconds for last procedure was 2.11

  Program  MARK  - Survival Rate Estimation with Capture-Recapture Data
   gfortran(Win64) Vers. 8.0 Jun 2014   25-Jan-2015 15:11:45    Page  012
 - - - - - - - - - - - - - - - - - - - - - - - - - - - - - - - - - - - - - -
 


  INPUT --- proc stop;

     CPU Time in minutes for this job was 0.04

     Time Start = 15:11:44.881   Time End = 15:11:45.381

     Wall Clock Time in minutes for this job was 0.01


          E X E C U T I O N   S U C C E S S F U L 
