
   Program  MARK  - Survival Rate Estimation with Capture-Recapture Data
   gfortran(Win64) Vers. 8.0 Jun 2014   25-Jan-2015 15:10:41    Page  001
 - - - - - - - - - - - - - - - - - - - - - - - - - - - - - - - - - - - - - -
 
   This version was compiled by GCC version 4.8.1 using the options 
   -m64 -mtune=generic -march=x86-64 -mthreads -O2 -fimplicit-none -fbounds-check -funroll-loops -ftree-vectorize -fopenmp.
   This problem will use 7 of 8 possible threads.


  INPUT --- proc title ;

     CPU Time in seconds for last procedure was 0.00


  INPUT --- proc chmatrix occasions= 7 groups= 6 etype= Both ICMeans 
  INPUT --- NoHist hist= 51 ;

  INPUT ---    time  interval 1 1 1 1 1 1 1 ;

  INPUT ---    glabel(1)=sex4.age1;

  INPUT ---    glabel(2)=sex5.age1;

  INPUT ---    glabel(3)=sex4.age2;

  INPUT ---    glabel(4)=sex5.age2;

  INPUT ---    glabel(5)=sex4.age4;

  INPUT ---    glabel(6)=sex5.age4;

   * *  WARNING  * *   At least a pair of the encounter histories are duplicates. 

      Number of unique encounter histories read was 17.

      Number of individual covariates read was 0.
      Time interval lengths are all equal to 1.

      Data type number is 3
      Data type is Joint Live and Dead Encounters (Burnham)                                                            

     CPU Time in seconds for last procedure was 0.02

  Program  MARK  - Survival Rate Estimation with Capture-Recapture Data
   gfortran(Win64) Vers. 8.0 Jun 2014   25-Jan-2015 15:10:41    Page  002
 - - - - - - - - - - - - - - - - - - - - - - - - - - - - - - - - - - - - - -
 


  INPUT --- proc estimate link=Logit NOLOOP varest=2ndPart    ;


  INPUT --- model={ S(~age + sex)p(~sex)r(~1)F(~1) };

  INPUT ---    group=1 S    rows=7 cols=7 Triang ;
  INPUT ---        1 2 3 4 5 6 7 ;
  INPUT ---        1 2 3 4 5 6 ;
  INPUT ---        1 2 3 4 5 ;
  INPUT ---        1 2 3 4 ;
  INPUT ---        1 2 3 ;
  INPUT ---        1 2 ;
  INPUT ---        1 ;

  INPUT ---    group=2 S    rows=7 cols=7 Triang ;
  INPUT ---        8 9 10 11 12 13 14 ;
  INPUT ---        8 9 10 11 12 13 ;
  INPUT ---        8 9 10 11 12 ;
  INPUT ---        8 9 10 11 ;
  INPUT ---        8 9 10 ;
  INPUT ---        8 9 ;
  INPUT ---        8 ;

  INPUT ---    group=3 S    rows=7 cols=7 Triang ;
  INPUT ---        1 2 3 4 5 6 7 ;
  INPUT ---        1 2 3 4 5 6 ;
  INPUT ---        1 2 3 4 5 ;
  INPUT ---        1 2 3 4 ;
  INPUT ---        1 2 3 ;
  INPUT ---        1 2 ;
  INPUT ---        1 ;

  INPUT ---    group=4 S    rows=7 cols=7 Triang ;
  INPUT ---        8 9 10 11 12 13 14 ;
  INPUT ---        8 9 10 11 12 13 ;
  INPUT ---        8 9 10 11 12 ;
  INPUT ---        8 9 10 11 ;
  INPUT ---        8 9 10 ;
  INPUT ---        8 9 ;
  INPUT ---        8 ;

  INPUT ---    group=5 S    rows=7 cols=7 Triang ;
  INPUT ---        1 2 3 4 5 6 7 ;
  INPUT ---        1 2 3 4 5 6 ;

  Program  MARK  - Survival Rate Estimation with Capture-Recapture Data
   gfortran(Win64) Vers. 8.0 Jun 2014   25-Jan-2015 15:10:41    Page  003
 - - - - - - - - - - - - - - - - - - - - - - - - - - - - - - - - - - - - - -
 
  INPUT ---        1 2 3 4 5 ;
  INPUT ---        1 2 3 4 ;
  INPUT ---        1 2 3 ;
  INPUT ---        1 2 ;
  INPUT ---        1 ;

  INPUT ---    group=6 S    rows=7 cols=7 Triang ;
  INPUT ---        8 9 10 11 12 13 14 ;
  INPUT ---        8 9 10 11 12 13 ;
  INPUT ---        8 9 10 11 12 ;
  INPUT ---        8 9 10 11 ;
  INPUT ---        8 9 10 ;
  INPUT ---        8 9 ;
  INPUT ---        8 ;

  INPUT ---    group=1 p    rows=6 cols=6 Triang ;
  INPUT ---        15 15 15 15 15 15 ;
  INPUT ---        15 15 15 15 15 ;
  INPUT ---        15 15 15 15 ;
  INPUT ---        15 15 15 ;
  INPUT ---        15 15 ;
  INPUT ---        15 ;

  INPUT ---    group=2 p    rows=6 cols=6 Triang ;
  INPUT ---        16 16 16 16 16 16 ;
  INPUT ---        16 16 16 16 16 ;
  INPUT ---        16 16 16 16 ;
  INPUT ---        16 16 16 ;
  INPUT ---        16 16 ;
  INPUT ---        16 ;

  INPUT ---    group=3 p    rows=6 cols=6 Triang ;
  INPUT ---        15 15 15 15 15 15 ;
  INPUT ---        15 15 15 15 15 ;
  INPUT ---        15 15 15 15 ;
  INPUT ---        15 15 15 ;
  INPUT ---        15 15 ;
  INPUT ---        15 ;

  INPUT ---    group=4 p    rows=6 cols=6 Triang ;
  INPUT ---        16 16 16 16 16 16 ;
  INPUT ---        16 16 16 16 16 ;
  INPUT ---        16 16 16 16 ;
  INPUT ---        16 16 16 ;
  INPUT ---        16 16 ;
  INPUT ---        16 ;

  Program  MARK  - Survival Rate Estimation with Capture-Recapture Data
   gfortran(Win64) Vers. 8.0 Jun 2014   25-Jan-2015 15:10:41    Page  004
 - - - - - - - - - - - - - - - - - - - - - - - - - - - - - - - - - - - - - -
 

  INPUT ---    group=5 p    rows=6 cols=6 Triang ;
  INPUT ---        15 15 15 15 15 15 ;
  INPUT ---        15 15 15 15 15 ;
  INPUT ---        15 15 15 15 ;
  INPUT ---        15 15 15 ;
  INPUT ---        15 15 ;
  INPUT ---        15 ;

  INPUT ---    group=6 p    rows=6 cols=6 Triang ;
  INPUT ---        16 16 16 16 16 16 ;
  INPUT ---        16 16 16 16 16 ;
  INPUT ---        16 16 16 16 ;
  INPUT ---        16 16 16 ;
  INPUT ---        16 16 ;
  INPUT ---        16 ;

  INPUT ---    group=1 r    rows=7 cols=7 Triang ;
  INPUT ---        17 17 17 17 17 17 17 ;
  INPUT ---        17 17 17 17 17 17 ;
  INPUT ---        17 17 17 17 17 ;
  INPUT ---        17 17 17 17 ;
  INPUT ---        17 17 17 ;
  INPUT ---        17 17 ;
  INPUT ---        17 ;

  INPUT ---    group=2 r    rows=7 cols=7 Triang ;
  INPUT ---        17 17 17 17 17 17 17 ;
  INPUT ---        17 17 17 17 17 17 ;
  INPUT ---        17 17 17 17 17 ;
  INPUT ---        17 17 17 17 ;
  INPUT ---        17 17 17 ;
  INPUT ---        17 17 ;
  INPUT ---        17 ;

  INPUT ---    group=3 r    rows=7 cols=7 Triang ;
  INPUT ---        17 17 17 17 17 17 17 ;
  INPUT ---        17 17 17 17 17 17 ;
  INPUT ---        17 17 17 17 17 ;
  INPUT ---        17 17 17 17 ;
  INPUT ---        17 17 17 ;
  INPUT ---        17 17 ;
  INPUT ---        17 ;

  INPUT ---    group=4 r    rows=7 cols=7 Triang ;
  INPUT ---        17 17 17 17 17 17 17 ;

  Program  MARK  - Survival Rate Estimation with Capture-Recapture Data
   gfortran(Win64) Vers. 8.0 Jun 2014   25-Jan-2015 15:10:41    Page  005
 - - - - - - - - - - - - - - - - - - - - - - - - - - - - - - - - - - - - - -
 
  INPUT ---        17 17 17 17 17 17 ;
  INPUT ---        17 17 17 17 17 ;
  INPUT ---        17 17 17 17 ;
  INPUT ---        17 17 17 ;
  INPUT ---        17 17 ;
  INPUT ---        17 ;

  INPUT ---    group=5 r    rows=7 cols=7 Triang ;
  INPUT ---        17 17 17 17 17 17 17 ;
  INPUT ---        17 17 17 17 17 17 ;
  INPUT ---        17 17 17 17 17 ;
  INPUT ---        17 17 17 17 ;
  INPUT ---        17 17 17 ;
  INPUT ---        17 17 ;
  INPUT ---        17 ;

  INPUT ---    group=6 r    rows=7 cols=7 Triang ;
  INPUT ---        17 17 17 17 17 17 17 ;
  INPUT ---        17 17 17 17 17 17 ;
  INPUT ---        17 17 17 17 17 ;
  INPUT ---        17 17 17 17 ;
  INPUT ---        17 17 17 ;
  INPUT ---        17 17 ;
  INPUT ---        17 ;

  INPUT ---    group=1 F    rows=6 cols=6 Triang ;
  INPUT ---        18 18 18 18 18 18 ;
  INPUT ---        18 18 18 18 18 ;
  INPUT ---        18 18 18 18 ;
  INPUT ---        18 18 18 ;
  INPUT ---        18 18 ;
  INPUT ---        18 ;

  INPUT ---    group=2 F    rows=6 cols=6 Triang ;
  INPUT ---        18 18 18 18 18 18 ;
  INPUT ---        18 18 18 18 18 ;
  INPUT ---        18 18 18 18 ;
  INPUT ---        18 18 18 ;
  INPUT ---        18 18 ;
  INPUT ---        18 ;

  INPUT ---    group=3 F    rows=6 cols=6 Triang ;
  INPUT ---        18 18 18 18 18 18 ;
  INPUT ---        18 18 18 18 18 ;
  INPUT ---        18 18 18 18 ;
  INPUT ---        18 18 18 ;

  Program  MARK  - Survival Rate Estimation with Capture-Recapture Data
   gfortran(Win64) Vers. 8.0 Jun 2014   25-Jan-2015 15:10:41    Page  006
 - - - - - - - - - - - - - - - - - - - - - - - - - - - - - - - - - - - - - -
 
  INPUT ---        18 18 ;
  INPUT ---        18 ;

  INPUT ---    group=4 F    rows=6 cols=6 Triang ;
  INPUT ---        18 18 18 18 18 18 ;
  INPUT ---        18 18 18 18 18 ;
  INPUT ---        18 18 18 18 ;
  INPUT ---        18 18 18 ;
  INPUT ---        18 18 ;
  INPUT ---        18 ;

  INPUT ---    group=5 F    rows=6 cols=6 Triang ;
  INPUT ---        18 18 18 18 18 18 ;
  INPUT ---        18 18 18 18 18 ;
  INPUT ---        18 18 18 18 ;
  INPUT ---        18 18 18 ;
  INPUT ---        18 18 ;
  INPUT ---        18 ;

  INPUT ---    group=6 F    rows=6 cols=6 Triang ;
  INPUT ---        18 18 18 18 18 18 ;
  INPUT ---        18 18 18 18 18 ;
  INPUT ---        18 18 18 18 ;
  INPUT ---        18 18 18 ;
  INPUT ---        18 18 ;
  INPUT ---        18 ;

  INPUT ---    design matrix constraints=18 covariates=12;
  INPUT ---        1 0 0 0 0 0 0 0 0 0 0 0;
  INPUT ---        1 1 0 0 0 0 0 0 0 0 0 0;
  INPUT ---        1 0 1 0 0 0 0 0 0 0 0 0;
  INPUT ---        1 0 0 1 0 0 0 0 0 0 0 0;
  INPUT ---        1 0 0 0 1 0 0 0 0 0 0 0;
  INPUT ---        1 0 0 0 0 1 0 0 0 0 0 0;
  INPUT ---        1 0 0 0 0 0 1 0 0 0 0 0;
  INPUT ---        1 0 0 0 0 0 0 1 0 0 0 0;
  INPUT ---        1 1 0 0 0 0 0 1 0 0 0 0;
  INPUT ---        1 0 1 0 0 0 0 1 0 0 0 0;
  INPUT ---        1 0 0 1 0 0 0 1 0 0 0 0;
  INPUT ---        1 0 0 0 1 0 0 1 0 0 0 0;
  INPUT ---        1 0 0 0 0 1 0 1 0 0 0 0;
  INPUT ---        1 0 0 0 0 0 1 1 0 0 0 0;
  INPUT ---        0 0 0 0 0 0 0 0 1 0 0 0;
  INPUT ---        0 0 0 0 0 0 0 0 1 1 0 0;
  INPUT ---        0 0 0 0 0 0 0 0 0 0 1 0;
  INPUT ---        0 0 0 0 0 0 0 0 0 0 0 1;

  Program  MARK  - Survival Rate Estimation with Capture-Recapture Data
   gfortran(Win64) Vers. 8.0 Jun 2014   25-Jan-2015 15:10:41    Page  007
 - - - - - - - - - - - - - - - - - - - - - - - - - - - - - - - - - - - - - -
 

  INPUT ---    blabel(1)=S:(Intercept);

  INPUT ---    blabel(2)=S:age1;

  INPUT ---    blabel(3)=S:age2;

  INPUT ---    blabel(4)=S:age3;

  INPUT ---    blabel(5)=S:age4;

  INPUT ---    blabel(6)=S:age5;

  INPUT ---    blabel(7)=S:age6;

  INPUT ---    blabel(8)=S:sex5;

  INPUT ---    blabel(9)=p:(Intercept);

  INPUT ---    blabel(10)=p:sex5;

  INPUT ---    blabel(11)=r:(Intercept);

  INPUT ---    blabel(12)=F:(Intercept);

  INPUT ---    rlabel(1)=S g41 c2005 c1 a0 t2005;

  INPUT ---    rlabel(2)=S g41 c2005 c1 a1 t2006;

  INPUT ---    rlabel(3)=S g41 c2005 c1 a2 t2007;

  INPUT ---    rlabel(4)=S g41 c2005 c1 a3 t2008;

  INPUT ---    rlabel(5)=S g41 c2005 c1 a4 t2009;

  INPUT ---    rlabel(6)=S g41 c2005 c1 a5 t2010;

  INPUT ---    rlabel(7)=S g41 c2005 c1 a6 t2011;

  INPUT ---    rlabel(8)=S g51 c2005 c1 a0 t2005;

  INPUT ---    rlabel(9)=S g51 c2005 c1 a1 t2006;

  INPUT ---    rlabel(10)=S g51 c2005 c1 a2 t2007;

  INPUT ---    rlabel(11)=S g51 c2005 c1 a3 t2008;

  Program  MARK  - Survival Rate Estimation with Capture-Recapture Data
   gfortran(Win64) Vers. 8.0 Jun 2014   25-Jan-2015 15:10:41    Page  008
 - - - - - - - - - - - - - - - - - - - - - - - - - - - - - - - - - - - - - -
 

  INPUT ---    rlabel(12)=S g51 c2005 c1 a4 t2009;

  INPUT ---    rlabel(13)=S g51 c2005 c1 a5 t2010;

  INPUT ---    rlabel(14)=S g51 c2005 c1 a6 t2011;

  INPUT ---    rlabel(15)=p g41 c2005 c1 a1 t2006;

  INPUT ---    rlabel(16)=p g51 c2005 c1 a1 t2006;

  INPUT ---    rlabel(17)=r g41 c2005 c1 a0 t2005;

  INPUT ---    rlabel(18)=F g41 c2005 c1 a0 t2005;

 Link Function Used is LOGIT        

 Variance Estimation Procedure Used is 2ndPart 

 M(t+1):



 -2logL(saturated) = 1739.8188     
 Effective Sample Size = 7075

 Number of function evaluations was 66 for 12 parameters.
 Time for numerical optimization was 1.22 seconds.
 -2logL { S(~age + sex)p(~sex)r(~1)F(~1) } = 2687.3152     
 Penalty { S(~age + sex)p(~sex)r(~1)F(~1) } = -0.0000000    
 Gradient { S(~age + sex)p(~sex)r(~1)F(~1) }:
 -0.9522807E-05-0.1580517E-04 0.2755892E-06 0.1260574E-05 0.6965299E-06
  0.4733918E-06  0.000000      0.000000    -0.1138205E-04 0.2585676E-04
 -0.6654491E-04  0.000000    
 S Vector { S(~age + sex)p(~sex)r(~1)F(~1) }:
   286.0695      28.97392      4.940533     0.8394119     0.2283645    
  0.6774325E-01 0.1111574E-05 0.7709941E-07 0.1804115E-07 0.1179986E-07
  0.2679102E-08 0.1896904E-08
 Time to compute number of parameters was 0.11 seconds.
   Threshold =  0.2600000E-06     Condition index =  0.6630920E-11     New Threshold =  0.6571069E-08
 New Guessimate of Estimated Parameters { S(~age + sex)p(~sex)r(~1)F(~1) } = 6          
 Conditioned S Vector { S(~age + sex)p(~sex)r(~1)F(~1) }:
   1.000000     0.1012828     0.1727039E-01 0.2934293E-02 0.7982831E-03
  0.2368070E-03 0.3885679E-08 0.2695128E-09 0.6306562E-10 0.4124824E-10
  0.9365211E-11 0.6630920E-11
 Number of Estimated Parameters { S(~age + sex)p(~sex)r(~1)F(~1) } = 6          
 DEVIANCE { S(~age + sex)p(~sex)r(~1)F(~1) } = 947.49643                     
 DEVIANCE Degrees of Freedom { S(~age + sex)p(~sex)r(~1)F(~1) } = 9            
 c-hat { S(~age + sex)p(~sex)r(~1)F(~1) } = 105.27738                     
 AIC { S(~age + sex)p(~sex)r(~1)F(~1) } = 2699.3152                  
 AICc { S(~age + sex)p(~sex)r(~1)F(~1) } = 2699.3271                    
 BIC { S(~age + sex)p(~sex)r(~1)F(~1) } = 2740.5011                    
 Pearson Chisquare { S(~age + sex)p(~sex)r(~1)F(~1) } = Not a Number               
 Possible Encounter Histories { S(~age + sex)p(~sex)r(~1)F(~1) } = 896             
 Pearson Chisquare df { S(~age + sex)p(~sex)r(~1)F(~1) } = 854        
 Pearson chat { S(~age + sex)p(~sex)r(~1)F(~1) } = Not a Number               
 Sum(Observed/Expected) { S(~age + sex)p(~sex)r(~1)F(~1) } = Not a Number               
 Fletcher chat { S(~age + sex)p(~sex)r(~1)F(~1) } = Not a Number               

  Program  MARK  - Survival Rate Estimation with Capture-Recapture Data
   gfortran(Win64) Vers. 8.0 Jun 2014   25-Jan-2015 15:10:42    Page  009
 - - - - - - - - - - - - - - - - - - - - - - - - - - - - - - - - - - - - - -
 


              LOGIT Link Function Parameters of { S(~age + sex)p(~sex)r(~1)F(~1) }
                                                              95% Confidence Interval
 Parameter                    Beta         Standard Error      Lower           Upper
 -------------------------  --------------  --------------  --------------  --------------
    1:S:(Intercept)         -3.7753500      1.5529463       -6.8191248      -0.7315752    
    2:S:age1                4.7544137       1.4023509       2.0058058       7.5030215     
    3:S:age2                164.00915       0.0000000       164.00915       164.00915     
    4:S:age3                35.074627       0.0000000       35.074627       35.074627     
    5:S:age4                64.287554       0.0000000       64.287554       64.287554     
    6:S:age5                95.061519       0.0000000       95.061519       95.061519     
    7:S:age6                16.950626       946.17740       -1837.5571      1871.4584     
    8:S:sex5                0.0186259       2.1858868       -4.2657124      4.3029642     
    9:p:(Intercept)         -2.9953028      2.0448250       -7.0031598      1.0125542     
   10:p:sex5                -0.7587173      2.6887680       -6.0287026      4.5112680     
   11:r:(Intercept)         -3.1002144      0.0673099       -3.2321418      -2.9682870    
   12:F:(Intercept)         25.363018       0.0000000       25.363018       25.363018     


              Real Function Parameters of { S(~age + sex)p(~sex)r(~1)F(~1) }
                                                               95% Confidence Interval
  Parameter                  Estimate       Standard Error      Lower           Upper
 --------------------------  --------------  --------------  --------------  --------------
     1:S g41 c2005 c1 a0 t2  0.0224151       0.0340292       0.0010915       0.3248492                           
     2:S g41 c2005 c1 a1 t2  0.7269224       0.4961470       0.0194596       0.9972071                           
     3:S g41 c2005 c1 a2 t2  1.0000000       0.0000000       1.0000000       1.0000000                           
     4:S g41 c2005 c1 a3 t2  1.0000000       0.0000000       1.0000000       1.0000000                           
     5:S g41 c2005 c1 a4 t2  1.0000000       0.0000000       1.0000000       1.0000000                           
     6:S g41 c2005 c1 a5 t2  1.0000000       0.0000000       1.0000000       1.0000000                           
     7:S g41 c2005 c1 a6 t2  0.9999981       0.0017948       0.5197712E-298  1.0000000                           
     8:S g51 c2005 c1 a0 t2  0.0228269       0.0415453       0.6064507E-003  0.4734830                           
     9:S g51 c2005 c1 a1 t2  0.7306041       0.5142693       0.0159294       0.9978040                           
    10:S g51 c2005 c1 a2 t2  1.0000000       0.0000000       1.0000000       1.0000000                           
    11:S g51 c2005 c1 a3 t2  1.0000000       0.0000000       1.0000000       1.0000000                           
    12:S g51 c2005 c1 a4 t2  1.0000000       0.0000000       1.0000000       1.0000000                           
    13:S g51 c2005 c1 a5 t2  1.0000000       0.0000000       1.0000000       1.0000000                           
    14:S g51 c2005 c1 a6 t2  0.9999981       0.0017617       0.5295432E-298  1.0000000                           
    15:p g41 c2005 c1 a1 t2  0.0476385       0.0927719       0.9081796E-003  0.7335197                           
    16:p g51 c2005 c1 a1 t2  0.0228873       0.0522073       0.2412048E-003  0.6945722                           
    17:r g41 c2005 c1 a0 t2  0.0430984       0.0027759       0.0379739       0.0488793                           
    18:F g41 c2005 c1 a0 t2  1.0000000       0.0000000       1.0000000       1.0000000                           

 Attempted ordering of parameters by estimatibility:
  11  1  8  2  9 10  7 12  4  5  6  3
 Beta number 3 is a singular value.

     CPU Time in seconds for last procedure was 1.34

  Program  MARK  - Survival Rate Estimation with Capture-Recapture Data
   gfortran(Win64) Vers. 8.0 Jun 2014   25-Jan-2015 15:10:42    Page  010
 - - - - - - - - - - - - - - - - - - - - - - - - - - - - - - - - - - - - - -
 


  INPUT --- proc stop;

     CPU Time in minutes for this job was 0.02

     Time Start = 15:10:41.727   Time End = 15:10:42.075

     Wall Clock Time in minutes for this job was 0.01


          E X E C U T I O N   S U C C E S S F U L 
