
   Program  MARK  - Survival Rate Estimation with Capture-Recapture Data
   gfortran(Win64) Vers. 8.0 Jun 2014   25-Jan-2015 15:10:47    Page  001
 - - - - - - - - - - - - - - - - - - - - - - - - - - - - - - - - - - - - - -
 
   This version was compiled by GCC version 4.8.1 using the options 
   -m64 -mtune=generic -march=x86-64 -mthreads -O2 -fimplicit-none -fbounds-check -funroll-loops -ftree-vectorize -fopenmp.
   This problem will use 7 of 8 possible threads.


  INPUT --- proc title ;

     CPU Time in seconds for last procedure was 0.00


  INPUT --- proc chmatrix occasions= 7 groups= 6 etype= Both ICMeans 
  INPUT --- NoHist hist= 51 ;

  INPUT ---    time  interval 1 1 1 1 1 1 1 ;

  INPUT ---    glabel(1)=sex4.age1;

  INPUT ---    glabel(2)=sex5.age1;

  INPUT ---    glabel(3)=sex4.age2;

  INPUT ---    glabel(4)=sex5.age2;

  INPUT ---    glabel(5)=sex4.age4;

  INPUT ---    glabel(6)=sex5.age4;

   * *  WARNING  * *   At least a pair of the encounter histories are duplicates. 

      Number of unique encounter histories read was 17.

      Number of individual covariates read was 0.
      Time interval lengths are all equal to 1.

      Data type number is 3
      Data type is Joint Live and Dead Encounters (Burnham)                                                            

     CPU Time in seconds for last procedure was 0.00

  Program  MARK  - Survival Rate Estimation with Capture-Recapture Data
   gfortran(Win64) Vers. 8.0 Jun 2014   25-Jan-2015 15:10:47    Page  002
 - - - - - - - - - - - - - - - - - - - - - - - - - - - - - - - - - - - - - -
 


  INPUT --- proc estimate link=Logit NOLOOP varest=2ndPart    ;


  INPUT --- model={ S(~sex)p(~age + sex)r(~1)F(~1) };

  INPUT ---    group=1 S    rows=7 cols=7 Triang ;
  INPUT ---        1 1 1 1 1 1 1 ;
  INPUT ---        1 1 1 1 1 1 ;
  INPUT ---        1 1 1 1 1 ;
  INPUT ---        1 1 1 1 ;
  INPUT ---        1 1 1 ;
  INPUT ---        1 1 ;
  INPUT ---        1 ;

  INPUT ---    group=2 S    rows=7 cols=7 Triang ;
  INPUT ---        2 2 2 2 2 2 2 ;
  INPUT ---        2 2 2 2 2 2 ;
  INPUT ---        2 2 2 2 2 ;
  INPUT ---        2 2 2 2 ;
  INPUT ---        2 2 2 ;
  INPUT ---        2 2 ;
  INPUT ---        2 ;

  INPUT ---    group=3 S    rows=7 cols=7 Triang ;
  INPUT ---        1 1 1 1 1 1 1 ;
  INPUT ---        1 1 1 1 1 1 ;
  INPUT ---        1 1 1 1 1 ;
  INPUT ---        1 1 1 1 ;
  INPUT ---        1 1 1 ;
  INPUT ---        1 1 ;
  INPUT ---        1 ;

  INPUT ---    group=4 S    rows=7 cols=7 Triang ;
  INPUT ---        2 2 2 2 2 2 2 ;
  INPUT ---        2 2 2 2 2 2 ;
  INPUT ---        2 2 2 2 2 ;
  INPUT ---        2 2 2 2 ;
  INPUT ---        2 2 2 ;
  INPUT ---        2 2 ;
  INPUT ---        2 ;

  INPUT ---    group=5 S    rows=7 cols=7 Triang ;
  INPUT ---        1 1 1 1 1 1 1 ;
  INPUT ---        1 1 1 1 1 1 ;

  Program  MARK  - Survival Rate Estimation with Capture-Recapture Data
   gfortran(Win64) Vers. 8.0 Jun 2014   25-Jan-2015 15:10:47    Page  003
 - - - - - - - - - - - - - - - - - - - - - - - - - - - - - - - - - - - - - -
 
  INPUT ---        1 1 1 1 1 ;
  INPUT ---        1 1 1 1 ;
  INPUT ---        1 1 1 ;
  INPUT ---        1 1 ;
  INPUT ---        1 ;

  INPUT ---    group=6 S    rows=7 cols=7 Triang ;
  INPUT ---        2 2 2 2 2 2 2 ;
  INPUT ---        2 2 2 2 2 2 ;
  INPUT ---        2 2 2 2 2 ;
  INPUT ---        2 2 2 2 ;
  INPUT ---        2 2 2 ;
  INPUT ---        2 2 ;
  INPUT ---        2 ;

  INPUT ---    group=1 p    rows=6 cols=6 Triang ;
  INPUT ---        3 4 5 6 7 8 ;
  INPUT ---        3 4 5 6 7 ;
  INPUT ---        3 4 5 6 ;
  INPUT ---        3 4 5 ;
  INPUT ---        3 4 ;
  INPUT ---        3 ;

  INPUT ---    group=2 p    rows=6 cols=6 Triang ;
  INPUT ---        9 10 11 12 13 14 ;
  INPUT ---        9 10 11 12 13 ;
  INPUT ---        9 10 11 12 ;
  INPUT ---        9 10 11 ;
  INPUT ---        9 10 ;
  INPUT ---        9 ;

  INPUT ---    group=3 p    rows=6 cols=6 Triang ;
  INPUT ---        3 4 5 6 7 8 ;
  INPUT ---        3 4 5 6 7 ;
  INPUT ---        3 4 5 6 ;
  INPUT ---        3 4 5 ;
  INPUT ---        3 4 ;
  INPUT ---        3 ;

  INPUT ---    group=4 p    rows=6 cols=6 Triang ;
  INPUT ---        9 10 11 12 13 14 ;
  INPUT ---        9 10 11 12 13 ;
  INPUT ---        9 10 11 12 ;
  INPUT ---        9 10 11 ;
  INPUT ---        9 10 ;
  INPUT ---        9 ;

  Program  MARK  - Survival Rate Estimation with Capture-Recapture Data
   gfortran(Win64) Vers. 8.0 Jun 2014   25-Jan-2015 15:10:47    Page  004
 - - - - - - - - - - - - - - - - - - - - - - - - - - - - - - - - - - - - - -
 

  INPUT ---    group=5 p    rows=6 cols=6 Triang ;
  INPUT ---        3 4 5 6 7 8 ;
  INPUT ---        3 4 5 6 7 ;
  INPUT ---        3 4 5 6 ;
  INPUT ---        3 4 5 ;
  INPUT ---        3 4 ;
  INPUT ---        3 ;

  INPUT ---    group=6 p    rows=6 cols=6 Triang ;
  INPUT ---        9 10 11 12 13 14 ;
  INPUT ---        9 10 11 12 13 ;
  INPUT ---        9 10 11 12 ;
  INPUT ---        9 10 11 ;
  INPUT ---        9 10 ;
  INPUT ---        9 ;

  INPUT ---    group=1 r    rows=7 cols=7 Triang ;
  INPUT ---        15 15 15 15 15 15 15 ;
  INPUT ---        15 15 15 15 15 15 ;
  INPUT ---        15 15 15 15 15 ;
  INPUT ---        15 15 15 15 ;
  INPUT ---        15 15 15 ;
  INPUT ---        15 15 ;
  INPUT ---        15 ;

  INPUT ---    group=2 r    rows=7 cols=7 Triang ;
  INPUT ---        15 15 15 15 15 15 15 ;
  INPUT ---        15 15 15 15 15 15 ;
  INPUT ---        15 15 15 15 15 ;
  INPUT ---        15 15 15 15 ;
  INPUT ---        15 15 15 ;
  INPUT ---        15 15 ;
  INPUT ---        15 ;

  INPUT ---    group=3 r    rows=7 cols=7 Triang ;
  INPUT ---        15 15 15 15 15 15 15 ;
  INPUT ---        15 15 15 15 15 15 ;
  INPUT ---        15 15 15 15 15 ;
  INPUT ---        15 15 15 15 ;
  INPUT ---        15 15 15 ;
  INPUT ---        15 15 ;
  INPUT ---        15 ;

  INPUT ---    group=4 r    rows=7 cols=7 Triang ;
  INPUT ---        15 15 15 15 15 15 15 ;

  Program  MARK  - Survival Rate Estimation with Capture-Recapture Data
   gfortran(Win64) Vers. 8.0 Jun 2014   25-Jan-2015 15:10:47    Page  005
 - - - - - - - - - - - - - - - - - - - - - - - - - - - - - - - - - - - - - -
 
  INPUT ---        15 15 15 15 15 15 ;
  INPUT ---        15 15 15 15 15 ;
  INPUT ---        15 15 15 15 ;
  INPUT ---        15 15 15 ;
  INPUT ---        15 15 ;
  INPUT ---        15 ;

  INPUT ---    group=5 r    rows=7 cols=7 Triang ;
  INPUT ---        15 15 15 15 15 15 15 ;
  INPUT ---        15 15 15 15 15 15 ;
  INPUT ---        15 15 15 15 15 ;
  INPUT ---        15 15 15 15 ;
  INPUT ---        15 15 15 ;
  INPUT ---        15 15 ;
  INPUT ---        15 ;

  INPUT ---    group=6 r    rows=7 cols=7 Triang ;
  INPUT ---        15 15 15 15 15 15 15 ;
  INPUT ---        15 15 15 15 15 15 ;
  INPUT ---        15 15 15 15 15 ;
  INPUT ---        15 15 15 15 ;
  INPUT ---        15 15 15 ;
  INPUT ---        15 15 ;
  INPUT ---        15 ;

  INPUT ---    group=1 F    rows=6 cols=6 Triang ;
  INPUT ---        16 16 16 16 16 16 ;
  INPUT ---        16 16 16 16 16 ;
  INPUT ---        16 16 16 16 ;
  INPUT ---        16 16 16 ;
  INPUT ---        16 16 ;
  INPUT ---        16 ;

  INPUT ---    group=2 F    rows=6 cols=6 Triang ;
  INPUT ---        16 16 16 16 16 16 ;
  INPUT ---        16 16 16 16 16 ;
  INPUT ---        16 16 16 16 ;
  INPUT ---        16 16 16 ;
  INPUT ---        16 16 ;
  INPUT ---        16 ;

  INPUT ---    group=3 F    rows=6 cols=6 Triang ;
  INPUT ---        16 16 16 16 16 16 ;
  INPUT ---        16 16 16 16 16 ;
  INPUT ---        16 16 16 16 ;
  INPUT ---        16 16 16 ;

  Program  MARK  - Survival Rate Estimation with Capture-Recapture Data
   gfortran(Win64) Vers. 8.0 Jun 2014   25-Jan-2015 15:10:47    Page  006
 - - - - - - - - - - - - - - - - - - - - - - - - - - - - - - - - - - - - - -
 
  INPUT ---        16 16 ;
  INPUT ---        16 ;

  INPUT ---    group=4 F    rows=6 cols=6 Triang ;
  INPUT ---        16 16 16 16 16 16 ;
  INPUT ---        16 16 16 16 16 ;
  INPUT ---        16 16 16 16 ;
  INPUT ---        16 16 16 ;
  INPUT ---        16 16 ;
  INPUT ---        16 ;

  INPUT ---    group=5 F    rows=6 cols=6 Triang ;
  INPUT ---        16 16 16 16 16 16 ;
  INPUT ---        16 16 16 16 16 ;
  INPUT ---        16 16 16 16 ;
  INPUT ---        16 16 16 ;
  INPUT ---        16 16 ;
  INPUT ---        16 ;

  INPUT ---    group=6 F    rows=6 cols=6 Triang ;
  INPUT ---        16 16 16 16 16 16 ;
  INPUT ---        16 16 16 16 16 ;
  INPUT ---        16 16 16 16 ;
  INPUT ---        16 16 16 ;
  INPUT ---        16 16 ;
  INPUT ---        16 ;

  INPUT ---    design matrix constraints=16 covariates=11;
  INPUT ---        1 0 0 0 0 0 0 0 0 0 0;
  INPUT ---        1 1 0 0 0 0 0 0 0 0 0;
  INPUT ---        0 0 1 0 0 0 0 0 0 0 0;
  INPUT ---        0 0 1 1 0 0 0 0 0 0 0;
  INPUT ---        0 0 1 0 1 0 0 0 0 0 0;
  INPUT ---        0 0 1 0 0 1 0 0 0 0 0;
  INPUT ---        0 0 1 0 0 0 1 0 0 0 0;
  INPUT ---        0 0 1 0 0 0 0 1 0 0 0;
  INPUT ---        0 0 1 0 0 0 0 0 1 0 0;
  INPUT ---        0 0 1 1 0 0 0 0 1 0 0;
  INPUT ---        0 0 1 0 1 0 0 0 1 0 0;
  INPUT ---        0 0 1 0 0 1 0 0 1 0 0;
  INPUT ---        0 0 1 0 0 0 1 0 1 0 0;
  INPUT ---        0 0 1 0 0 0 0 1 1 0 0;
  INPUT ---        0 0 0 0 0 0 0 0 0 1 0;
  INPUT ---        0 0 0 0 0 0 0 0 0 0 1;

  INPUT ---    blabel(1)=S:(Intercept);

  Program  MARK  - Survival Rate Estimation with Capture-Recapture Data
   gfortran(Win64) Vers. 8.0 Jun 2014   25-Jan-2015 15:10:47    Page  007
 - - - - - - - - - - - - - - - - - - - - - - - - - - - - - - - - - - - - - -
 

  INPUT ---    blabel(2)=S:sex5;

  INPUT ---    blabel(3)=p:(Intercept);

  INPUT ---    blabel(4)=p:age2;

  INPUT ---    blabel(5)=p:age3;

  INPUT ---    blabel(6)=p:age4;

  INPUT ---    blabel(7)=p:age5;

  INPUT ---    blabel(8)=p:age6;

  INPUT ---    blabel(9)=p:sex5;

  INPUT ---    blabel(10)=r:(Intercept);

  INPUT ---    blabel(11)=F:(Intercept);

  INPUT ---    rlabel(1)=S g41 c2005 c1 a0 t2005;

  INPUT ---    rlabel(2)=S g51 c2005 c1 a0 t2005;

  INPUT ---    rlabel(3)=p g41 c2005 c1 a1 t2006;

  INPUT ---    rlabel(4)=p g41 c2005 c1 a2 t2007;

  INPUT ---    rlabel(5)=p g41 c2005 c1 a3 t2008;

  INPUT ---    rlabel(6)=p g41 c2005 c1 a4 t2009;

  INPUT ---    rlabel(7)=p g41 c2005 c1 a5 t2010;

  INPUT ---    rlabel(8)=p g41 c2005 c1 a6 t2011;

  INPUT ---    rlabel(9)=p g51 c2005 c1 a1 t2006;

  INPUT ---    rlabel(10)=p g51 c2005 c1 a2 t2007;

  INPUT ---    rlabel(11)=p g51 c2005 c1 a3 t2008;

  INPUT ---    rlabel(12)=p g51 c2005 c1 a4 t2009;

  INPUT ---    rlabel(13)=p g51 c2005 c1 a5 t2010;

  Program  MARK  - Survival Rate Estimation with Capture-Recapture Data
   gfortran(Win64) Vers. 8.0 Jun 2014   25-Jan-2015 15:10:47    Page  008
 - - - - - - - - - - - - - - - - - - - - - - - - - - - - - - - - - - - - - -
 

  INPUT ---    rlabel(14)=p g51 c2005 c1 a6 t2011;

  INPUT ---    rlabel(15)=r g41 c2005 c1 a0 t2005;

  INPUT ---    rlabel(16)=F g41 c2005 c1 a0 t2005;

 Link Function Used is LOGIT        

 Variance Estimation Procedure Used is 2ndPart 

 M(t+1):



 -2logL(saturated) = 1739.8188     
 Effective Sample Size = 7075

 Number of function evaluations was 61 for 11 parameters.
 Time for numerical optimization was 0.58 seconds.
 -2logL { S(~sex)p(~age + sex)r(~1)F(~1) } = 2740.0236     
 Penalty { S(~sex)p(~age + sex)r(~1)F(~1) } = -0.0000000    
 Gradient { S(~sex)p(~age + sex)r(~1)F(~1) }:
 -0.6070139E-04-0.1028535E-03 0.1013546E-04 0.4890329E-04-0.1182621E-04
   0.000000      0.000000      0.000000      0.000000    -0.1219323E-03
   0.000000    
 S Vector { S(~sex)p(~age + sex)r(~1)F(~1) }:
   286.0709      39.46526      8.456870      4.845121      1.263657    
   1.077289     0.6085114     0.4053221     0.1722939E-05 0.1261067E-06
  0.3612953E-08
 Time to compute number of parameters was 0.22 seconds.
   Threshold =  0.2400000E-06     Condition index =  0.1262957E-10     New Threshold =  0.1198281E-07
 New Guessimate of Estimated Parameters { S(~sex)p(~age + sex)r(~1)F(~1) } = 8          
 Conditioned S Vector { S(~sex)p(~age + sex)r(~1)F(~1) }:
   1.000000     0.1379562     0.2956215E-01 0.1693679E-01 0.4417286E-02
  0.3765810E-02 0.2127135E-02 0.1416859E-02 0.6022771E-08 0.4408233E-09
  0.1262957E-10
 Number of Estimated Parameters { S(~sex)p(~age + sex)r(~1)F(~1) } = 8          
 DEVIANCE { S(~sex)p(~age + sex)r(~1)F(~1) } = 1000.2049                     
 DEVIANCE Degrees of Freedom { S(~sex)p(~age + sex)r(~1)F(~1) } = 7            
 c-hat { S(~sex)p(~age + sex)r(~1)F(~1) } = 142.88641                     
 AIC { S(~sex)p(~age + sex)r(~1)F(~1) } = 2756.0236                  
 AICc { S(~sex)p(~age + sex)r(~1)F(~1) } = 2756.0440                    
 BIC { S(~sex)p(~age + sex)r(~1)F(~1) } = 2810.9382                    
 Pearson Chisquare { S(~sex)p(~age + sex)r(~1)F(~1) } = Not a Number               
 Possible Encounter Histories { S(~sex)p(~age + sex)r(~1)F(~1) } = 896             
 Pearson Chisquare df { S(~sex)p(~age + sex)r(~1)F(~1) } = 852        
 Pearson chat { S(~sex)p(~age + sex)r(~1)F(~1) } = Not a Number               
 Sum(Observed/Expected) { S(~sex)p(~age + sex)r(~1)F(~1) } = Not a Number               
 Fletcher chat { S(~sex)p(~age + sex)r(~1)F(~1) } = Not a Number               


              LOGIT Link Function Parameters of { S(~sex)p(~age + sex)r(~1)F(~1) }
                                                              95% Confidence Interval
 Parameter                    Beta         Standard Error      Lower           Upper
 -------------------------  --------------  --------------  --------------  --------------
    1:S:(Intercept)         -2.7457741      0.3282336       -3.3891119      -2.1024363    
    2:S:sex5                0.3263938       0.4410798       -0.5381227      1.1909102     
    3:p:(Intercept)         -3.4866965      0.5494808       -4.5636788      -2.4097142    
    4:p:age2                1.7896736       0.9197347       -0.0130065      3.5923538     
    5:p:age3                2.8452512       1.2881652       0.3204474       5.3700551     
    6:p:age4                5.4696340       1.4770133       2.5746878       8.3645801     
    7:p:age5                -17.166305      2815.8190       -5536.1717      5501.8391     

  Program  MARK  - Survival Rate Estimation with Capture-Recapture Data
   gfortran(Win64) Vers. 8.0 Jun 2014   25-Jan-2015 15:10:47    Page  009
 - - - - - - - - - - - - - - - - - - - - - - - - - - - - - - - - - - - - - -
 
    8:p:age6                31.114425       5.2840375       20.757711       41.471139     
    9:p:sex5                -1.7822531      0.9428867       -3.6303109      0.0658048     
   10:r:(Intercept)         -3.1024589      0.0592514       -3.2185916      -2.9863261    
   11:F:(Intercept)         16.232969       762.45143       -1478.1719      1510.6378     


              Real Function Parameters of { S(~sex)p(~age + sex)r(~1)F(~1) }
                                                               95% Confidence Interval
  Parameter                  Estimate       Standard Error      Lower           Upper
 --------------------------  --------------  --------------  --------------  --------------
     1:S g41 c2005 c1 a0 t2  0.0603258       0.0186064       0.0326375       0.1088603                           
     2:S g51 c2005 c1 a0 t2  0.0817067       0.0227154       0.0468525       0.1387160                           
     3:p g41 c2005 c1 a1 t2  0.0296931       0.0158313       0.0103161       0.0824349                           
     4:p g41 c2005 c1 a2 t2  0.1548545       0.1276055       0.0263890       0.5533014                           
     5:p g41 c2005 c1 a3 t2  0.3449199       0.2833748       0.0431248       0.8601677                           
     6:p g41 c2005 c1 a4 t2  0.8789939       0.1608693       0.2726025       0.9929478                           
     7:p g41 c2005 c1 a5 t2  0.1072792E-008  0.3020788E-005  -.5919671E-005  0.5921817E-005                      
     8:p g41 c2005 c1 a6 t2  1.0000000       0.5329623E-011  1.0000000       1.0000000                           
     9:p g51 c2005 c1 a1 t2  0.0051226       0.0042781       0.9925422E-003  0.0259915                           
    10:p g51 c2005 c1 a2 t2  0.0299077       0.0306687       0.0038681       0.1966383                           
    11:p g51 c2005 c1 a3 t2  0.0813833       0.1031204       0.0058980       0.5695043                           
    12:p g51 c2005 c1 a4 t2  0.5500034       0.3238057       0.0859909       0.9407531                           
    13:p g51 c2005 c1 a5 t2  0.1805065E-009  0.5082736E-006  -.9960357E-006  0.9963967E-006                      
    14:p g51 c2005 c1 a6 t2  1.0000000       0.3190207E-010  1.0000000       1.0000000                           
    15:r g41 c2005 c1 a0 t2  0.0430059       0.0024386       0.0384720       0.0480475                           
    16:F g41 c2005 c1 a0 t2  0.9999999       0.6797093E-004  0.1105991E-296  1.0000000                           

 Attempted ordering of parameters by estimatibility:
  10  1  2  3  4  9  5  6 11  7  8
 Beta number 8 is a singular value.

     CPU Time in seconds for last procedure was 0.81

  Program  MARK  - Survival Rate Estimation with Capture-Recapture Data
   gfortran(Win64) Vers. 8.0 Jun 2014   25-Jan-2015 15:10:47    Page  010
 - - - - - - - - - - - - - - - - - - - - - - - - - - - - - - - - - - - - - -
 


  INPUT --- proc stop;

     CPU Time in minutes for this job was 0.01

     Time Start = 15:10:47.107   Time End = 15:10:47.327

     Wall Clock Time in minutes for this job was 0.00


          E X E C U T I O N   S U C C E S S F U L 
