
   Program  MARK  - Survival Rate Estimation with Capture-Recapture Data
   gfortran(Win64) Vers. 8.0 Jun 2014   21-Jan-2015 17:31:34    Page  001
 - - - - - - - - - - - - - - - - - - - - - - - - - - - - - - - - - - - - - -
 
   This version was compiled by GCC version 4.8.1 using the options 
   -m64 -mtune=generic -march=x86-64 -mthreads -O2 -fimplicit-none -fbounds-check -funroll-loops -ftree-vectorize -fopenmp.
   This problem will use 3 of 4 possible threads.


  INPUT --- proc title ;

     CPU Time in seconds for last procedure was 0.00


  INPUT --- proc chmatrix occasions= 7 groups= 2 etype= Live ICMeans 
  INPUT --- NoHist hist= 55 ;

  INPUT ---    time  interval 1 1 1 1 1 1 ;

  INPUT ---    glabel(1)=sexFemale;

  INPUT ---    glabel(2)=sexMale;

   * *  WARNING  * *   At least a pair of the encounter histories are duplicates. 

      Number of unique encounter histories read was 32.

      Number of individual covariates read was 0.
      Time interval lengths are all equal to 1.

      Data type number is 1
      Data type is Live Recaptures (CJS)                                                                               

     CPU Time in seconds for last procedure was 0.02

  Program  MARK  - Survival Rate Estimation with Capture-Recapture Data
   gfortran(Win64) Vers. 8.0 Jun 2014   21-Jan-2015 17:31:34    Page  002
 - - - - - - - - - - - - - - - - - - - - - - - - - - - - - - - - - - - - - -
 


  INPUT --- proc estimate link=Logit NOLOOP varest=2ndPart    ;


  INPUT --- model={ Phi(~time)p(~time) };

  INPUT ---    group=1 Phi    rows=6 cols=6 Triang ;
  INPUT ---        1 2 3 4 5 6 ;
  INPUT ---        2 3 4 5 6 ;
  INPUT ---        3 4 5 6 ;
  INPUT ---        4 5 6 ;
  INPUT ---        5 6 ;
  INPUT ---        6 ;

  INPUT ---    group=2 Phi    rows=6 cols=6 Triang ;
  INPUT ---        1 2 3 4 5 6 ;
  INPUT ---        2 3 4 5 6 ;
  INPUT ---        3 4 5 6 ;
  INPUT ---        4 5 6 ;
  INPUT ---        5 6 ;
  INPUT ---        6 ;

  INPUT ---    group=1 p    rows=6 cols=6 Triang ;
  INPUT ---        7 8 9 10 11 12 ;
  INPUT ---        8 9 10 11 12 ;
  INPUT ---        9 10 11 12 ;
  INPUT ---        10 11 12 ;
  INPUT ---        11 12 ;
  INPUT ---        12 ;

  INPUT ---    group=2 p    rows=6 cols=6 Triang ;
  INPUT ---        7 8 9 10 11 12 ;
  INPUT ---        8 9 10 11 12 ;
  INPUT ---        9 10 11 12 ;
  INPUT ---        10 11 12 ;
  INPUT ---        11 12 ;
  INPUT ---        12 ;

  INPUT ---    design matrix constraints=12 covariates=12;
  INPUT ---        1 0 0 0 0 0 0 0 0 0 0 0;
  INPUT ---        1 1 0 0 0 0 0 0 0 0 0 0;
  INPUT ---        1 0 1 0 0 0 0 0 0 0 0 0;
  INPUT ---        1 0 0 1 0 0 0 0 0 0 0 0;
  INPUT ---        1 0 0 0 1 0 0 0 0 0 0 0;
  INPUT ---        1 0 0 0 0 1 0 0 0 0 0 0;

  Program  MARK  - Survival Rate Estimation with Capture-Recapture Data
   gfortran(Win64) Vers. 8.0 Jun 2014   21-Jan-2015 17:31:34    Page  003
 - - - - - - - - - - - - - - - - - - - - - - - - - - - - - - - - - - - - - -
 
  INPUT ---        0 0 0 0 0 0 1 0 0 0 0 0;
  INPUT ---        0 0 0 0 0 0 1 1 0 0 0 0;
  INPUT ---        0 0 0 0 0 0 1 0 1 0 0 0;
  INPUT ---        0 0 0 0 0 0 1 0 0 1 0 0;
  INPUT ---        0 0 0 0 0 0 1 0 0 0 1 0;
  INPUT ---        0 0 0 0 0 0 1 0 0 0 0 1;

  INPUT ---    blabel(1)=Phi:(Intercept);

  INPUT ---    blabel(2)=Phi:time2;

  INPUT ---    blabel(3)=Phi:time3;

  INPUT ---    blabel(4)=Phi:time4;

  INPUT ---    blabel(5)=Phi:time5;

  INPUT ---    blabel(6)=Phi:time6;

  INPUT ---    blabel(7)=p:(Intercept);

  INPUT ---    blabel(8)=p:time3;

  INPUT ---    blabel(9)=p:time4;

  INPUT ---    blabel(10)=p:time5;

  INPUT ---    blabel(11)=p:time6;

  INPUT ---    blabel(12)=p:time7;

  INPUT ---    rlabel(1)=Phi gFemale c1 c1 a0 t1;

  INPUT ---    rlabel(2)=Phi gFemale c1 c1 a1 t2;

  INPUT ---    rlabel(3)=Phi gFemale c1 c1 a2 t3;

  INPUT ---    rlabel(4)=Phi gFemale c1 c1 a3 t4;

  INPUT ---    rlabel(5)=Phi gFemale c1 c1 a4 t5;

  INPUT ---    rlabel(6)=Phi gFemale c1 c1 a5 t6;

  INPUT ---    rlabel(7)=p gFemale c1 c1 a1 t2;

  INPUT ---    rlabel(8)=p gFemale c1 c1 a2 t3;

  Program  MARK  - Survival Rate Estimation with Capture-Recapture Data
   gfortran(Win64) Vers. 8.0 Jun 2014   21-Jan-2015 17:31:34    Page  004
 - - - - - - - - - - - - - - - - - - - - - - - - - - - - - - - - - - - - - -
 

  INPUT ---    rlabel(9)=p gFemale c1 c1 a3 t4;

  INPUT ---    rlabel(10)=p gFemale c1 c1 a4 t5;

  INPUT ---    rlabel(11)=p gFemale c1 c1 a5 t6;

  INPUT ---    rlabel(12)=p gFemale c1 c1 a6 t7;

 Link Function Used is LOGIT        

 Variance Estimation Procedure Used is 2ndPart 
 -2logL(saturated) = 582.47711     
 Effective Sample Size = 426

 Number of function evaluations was 24 for 12 parameters.
 Time for numerical optimization was 0.06 seconds.
 -2logL { Phi(~time)p(~time) } = 656.95021     
 Penalty { Phi(~time)p(~time) } = -0.0000000    
 Gradient { Phi(~time)p(~time) }:
 -0.5873907E-05 0.1551493E-04 0.1124038E-04-0.1601383E-04-0.2960407E-04
 -0.9108521E-05-0.6214840E-05-0.8561968E-05 0.9015258E-05-0.4783301E-05
 -0.1626951E-04-0.1120341E-04
 S Vector { Phi(~time)p(~time) }:
   106.9113      28.82852      19.49525      16.88700      15.33480    
   7.085767      2.346860      1.862866      1.098743     0.5557101    
  0.1940164     0.2327851E-04
 Time to compute number of parameters was 0.02 seconds.
   Threshold =  0.2600000E-06     Condition index =  0.2177367E-06     New Threshold =  0.8063914E-04
 New Guessimate of Estimated Parameters { Phi(~time)p(~time) } = 11          
 Conditioned S Vector { Phi(~time)p(~time) }:
   1.000000     0.2696489     0.1823497     0.1579533     0.1434348    
  0.6627705E-01 0.2195146E-01 0.1742440E-01 0.1027714E-01 0.5197860E-02
  0.1814742E-02 0.2177367E-06
 Number of Estimated Parameters { Phi(~time)p(~time) } = 11          
 DEVIANCE { Phi(~time)p(~time) } = 74.473101                     
 DEVIANCE Degrees of Freedom { Phi(~time)p(~time) } = 30            
 c-hat { Phi(~time)p(~time) } = 2.4824367                     
 AIC { Phi(~time)p(~time) } = 678.95021                  
 AICc { Phi(~time)p(~time) } = 679.58789                    
 BIC { Phi(~time)p(~time) } = 723.54904                    
 Pearson Chisquare { Phi(~time)p(~time) } = 214.43412                  
 Possible Encounter Histories { Phi(~time)p(~time) } = 252             
 Pearson Chisquare df { Phi(~time)p(~time) } = 229        
 Pearson chat { Phi(~time)p(~time) } = 0.9363935                  
 Sum(Observed/Expected) { Phi(~time)p(~time) } = 246.01023                  
 Fletcher chat { Phi(~time)p(~time) } = 0.9591925                  


                    LOGIT Link Function Parameters of { Phi(~time)p(~time) }
                                                              95% Confidence Interval
 Parameter                    Beta         Standard Error      Lower           Upper
 -------------------------  --------------  --------------  --------------  --------------
    1:Phi:(Intercept)       0.9354553       0.7685331       -0.5708697      2.4417803     
    2:Phi:time2             -1.1982734      0.8706814       -2.9048090      0.5082622     
    3:Phi:time3             -1.0228287      0.8049250       -2.6004818      0.5548243     
    4:Phi:time4             -0.4198584      0.8091594       -2.0058109      1.1660941     
    5:Phi:time5             -0.5360976      0.8031542       -2.1102799      1.0380848     
    6:Phi:time6             0.2481371       0.0000000       0.2481371       0.2481371     
    7:p:(Intercept)         0.8292803       0.7837446       -0.7068592      2.3654198     
    8:p:time3               1.6556240       1.2913862       -0.8754931      4.1867410     
    9:p:time4               1.5220983       1.0729236       -0.5808320      3.6250286     

  Program  MARK  - Survival Rate Estimation with Capture-Recapture Data
   gfortran(Win64) Vers. 8.0 Jun 2014   21-Jan-2015 17:31:34    Page  005
 - - - - - - - - - - - - - - - - - - - - - - - - - - - - - - - - - - - - - -
 
   10:p:time5               1.3767446       0.9884897       -0.5606952      3.3141844     
   11:p:time6               1.7950900       1.0688849       -0.2999245      3.8901045     
   12:p:time7               -0.0147525      0.0000000       -0.0147525      -0.0147525    


                    Real Function Parameters of { Phi(~time)p(~time) }
                                                               95% Confidence Interval
  Parameter                  Estimate       Standard Error      Lower           Upper
 --------------------------  --------------  --------------  --------------  --------------
     1:Phi gFemale c1 c1 a0  0.7181807       0.1555489       0.3610362       0.9199583                           
     2:Phi gFemale c1 c1 a1  0.4346711       0.0688291       0.3075048       0.5710593                           
     3:Phi gFemale c1 c1 a2  0.4781705       0.0597091       0.3643839       0.5942686                           
     4:Phi gFemale c1 c1 a3  0.6261176       0.0592656       0.5048460       0.7333741                           
     5:Phi gFemale c1 c1 a4  0.5985334       0.0560517       0.4855433       0.7019411                           
     6:Phi gFemale c1 c1 a5  0.7655931       0.0000000       0.7655931       0.7655931                           
     7:p gFemale c1 c1 a1 t  0.6962027       0.1657655       0.3302932       0.9141521                           
     8:p gFemale c1 c1 a2 t  0.9230768       0.0728780       0.6161489       0.9889758                           
     9:p gFemale c1 c1 a3 t  0.9130437       0.0581758       0.7140649       0.9778506                           
    10:p gFemale c1 c1 a4 t  0.9007892       0.0538330       0.7360175       0.9672856                           
    11:p gFemale c1 c1 a5 t  0.9324136       0.0458026       0.7684922       0.9828578                           
    12:p gFemale c1 c1 a6 t  0.6930735       0.0000000       0.6930735       0.6930735                           

 Attempted ordering of parameters by estimatibility:
   1  7  5  4  3 12 10 11  9  2  8  6
 Beta number 6 is a singular value.

     CPU Time in seconds for last procedure was 0.08

  Program  MARK  - Survival Rate Estimation with Capture-Recapture Data
   gfortran(Win64) Vers. 8.0 Jun 2014   21-Jan-2015 17:31:34    Page  006
 - - - - - - - - - - - - - - - - - - - - - - - - - - - - - - - - - - - - - -
 


  INPUT --- proc stop;

     CPU Time in minutes for this job was 0.00

     Time Start = 17:31:34.753   Time End = 17:31:34.827

     Wall Clock Time in minutes for this job was 0.00


          E X E C U T I O N   S U C C E S S F U L 
