
   Program  MARK  - Survival Rate Estimation with Capture-Recapture Data
   gfortran(Win64) Vers. 8.0 Jun 2014   25-Jan-2015 15:11:36    Page  001
 - - - - - - - - - - - - - - - - - - - - - - - - - - - - - - - - - - - - - -
 
   This version was compiled by GCC version 4.8.1 using the options 
   -m64 -mtune=generic -march=x86-64 -mthreads -O2 -fimplicit-none -fbounds-check -funroll-loops -ftree-vectorize -fopenmp.
   This problem will use 7 of 8 possible threads.


  INPUT --- proc title ;

     CPU Time in seconds for last procedure was 0.00


  INPUT --- proc chmatrix occasions= 7 groups= 6 etype= Both ICMeans 
  INPUT --- NoHist hist= 51 ;

  INPUT ---    time  interval 1 1 1 1 1 1 1 ;

  INPUT ---    glabel(1)=sex4.age1;

  INPUT ---    glabel(2)=sex5.age1;

  INPUT ---    glabel(3)=sex4.age2;

  INPUT ---    glabel(4)=sex5.age2;

  INPUT ---    glabel(5)=sex4.age4;

  INPUT ---    glabel(6)=sex5.age4;

   * *  WARNING  * *   At least a pair of the encounter histories are duplicates. 

      Number of unique encounter histories read was 17.

      Number of individual covariates read was 0.
      Time interval lengths are all equal to 1.

      Data type number is 3
      Data type is Joint Live and Dead Encounters (Burnham)                                                            

     CPU Time in seconds for last procedure was 0.00

  Program  MARK  - Survival Rate Estimation with Capture-Recapture Data
   gfortran(Win64) Vers. 8.0 Jun 2014   25-Jan-2015 15:11:36    Page  002
 - - - - - - - - - - - - - - - - - - - - - - - - - - - - - - - - - - - - - -
 


  INPUT --- proc estimate link=Logit NOLOOP varest=2ndPart    ;


  INPUT --- model={ S(~sex + time)p(~1)r(~age + sex)F(~1) };

  INPUT ---    group=1 S    rows=7 cols=7 Triang ;
  INPUT ---        1 2 3 4 5 6 7 ;
  INPUT ---        2 3 4 5 6 7 ;
  INPUT ---        3 4 5 6 7 ;
  INPUT ---        4 5 6 7 ;
  INPUT ---        5 6 7 ;
  INPUT ---        6 7 ;
  INPUT ---        7 ;

  INPUT ---    group=2 S    rows=7 cols=7 Triang ;
  INPUT ---        8 9 10 11 12 13 14 ;
  INPUT ---        9 10 11 12 13 14 ;
  INPUT ---        10 11 12 13 14 ;
  INPUT ---        11 12 13 14 ;
  INPUT ---        12 13 14 ;
  INPUT ---        13 14 ;
  INPUT ---        14 ;

  INPUT ---    group=3 S    rows=7 cols=7 Triang ;
  INPUT ---        1 2 3 4 5 6 7 ;
  INPUT ---        2 3 4 5 6 7 ;
  INPUT ---        3 4 5 6 7 ;
  INPUT ---        4 5 6 7 ;
  INPUT ---        5 6 7 ;
  INPUT ---        6 7 ;
  INPUT ---        7 ;

  INPUT ---    group=4 S    rows=7 cols=7 Triang ;
  INPUT ---        8 9 10 11 12 13 14 ;
  INPUT ---        9 10 11 12 13 14 ;
  INPUT ---        10 11 12 13 14 ;
  INPUT ---        11 12 13 14 ;
  INPUT ---        12 13 14 ;
  INPUT ---        13 14 ;
  INPUT ---        14 ;

  INPUT ---    group=5 S    rows=7 cols=7 Triang ;
  INPUT ---        1 2 3 4 5 6 7 ;
  INPUT ---        2 3 4 5 6 7 ;

  Program  MARK  - Survival Rate Estimation with Capture-Recapture Data
   gfortran(Win64) Vers. 8.0 Jun 2014   25-Jan-2015 15:11:36    Page  003
 - - - - - - - - - - - - - - - - - - - - - - - - - - - - - - - - - - - - - -
 
  INPUT ---        3 4 5 6 7 ;
  INPUT ---        4 5 6 7 ;
  INPUT ---        5 6 7 ;
  INPUT ---        6 7 ;
  INPUT ---        7 ;

  INPUT ---    group=6 S    rows=7 cols=7 Triang ;
  INPUT ---        8 9 10 11 12 13 14 ;
  INPUT ---        9 10 11 12 13 14 ;
  INPUT ---        10 11 12 13 14 ;
  INPUT ---        11 12 13 14 ;
  INPUT ---        12 13 14 ;
  INPUT ---        13 14 ;
  INPUT ---        14 ;

  INPUT ---    group=1 p    rows=6 cols=6 Triang ;
  INPUT ---        15 15 15 15 15 15 ;
  INPUT ---        15 15 15 15 15 ;
  INPUT ---        15 15 15 15 ;
  INPUT ---        15 15 15 ;
  INPUT ---        15 15 ;
  INPUT ---        15 ;

  INPUT ---    group=2 p    rows=6 cols=6 Triang ;
  INPUT ---        15 15 15 15 15 15 ;
  INPUT ---        15 15 15 15 15 ;
  INPUT ---        15 15 15 15 ;
  INPUT ---        15 15 15 ;
  INPUT ---        15 15 ;
  INPUT ---        15 ;

  INPUT ---    group=3 p    rows=6 cols=6 Triang ;
  INPUT ---        15 15 15 15 15 15 ;
  INPUT ---        15 15 15 15 15 ;
  INPUT ---        15 15 15 15 ;
  INPUT ---        15 15 15 ;
  INPUT ---        15 15 ;
  INPUT ---        15 ;

  INPUT ---    group=4 p    rows=6 cols=6 Triang ;
  INPUT ---        15 15 15 15 15 15 ;
  INPUT ---        15 15 15 15 15 ;
  INPUT ---        15 15 15 15 ;
  INPUT ---        15 15 15 ;
  INPUT ---        15 15 ;
  INPUT ---        15 ;

  Program  MARK  - Survival Rate Estimation with Capture-Recapture Data
   gfortran(Win64) Vers. 8.0 Jun 2014   25-Jan-2015 15:11:36    Page  004
 - - - - - - - - - - - - - - - - - - - - - - - - - - - - - - - - - - - - - -
 

  INPUT ---    group=5 p    rows=6 cols=6 Triang ;
  INPUT ---        15 15 15 15 15 15 ;
  INPUT ---        15 15 15 15 15 ;
  INPUT ---        15 15 15 15 ;
  INPUT ---        15 15 15 ;
  INPUT ---        15 15 ;
  INPUT ---        15 ;

  INPUT ---    group=6 p    rows=6 cols=6 Triang ;
  INPUT ---        15 15 15 15 15 15 ;
  INPUT ---        15 15 15 15 15 ;
  INPUT ---        15 15 15 15 ;
  INPUT ---        15 15 15 ;
  INPUT ---        15 15 ;
  INPUT ---        15 ;

  INPUT ---    group=1 r    rows=7 cols=7 Triang ;
  INPUT ---        16 17 18 19 20 21 22 ;
  INPUT ---        16 17 18 19 20 21 ;
  INPUT ---        16 17 18 19 20 ;
  INPUT ---        16 17 18 19 ;
  INPUT ---        16 17 18 ;
  INPUT ---        16 17 ;
  INPUT ---        16 ;

  INPUT ---    group=2 r    rows=7 cols=7 Triang ;
  INPUT ---        23 24 25 26 27 28 29 ;
  INPUT ---        23 24 25 26 27 28 ;
  INPUT ---        23 24 25 26 27 ;
  INPUT ---        23 24 25 26 ;
  INPUT ---        23 24 25 ;
  INPUT ---        23 24 ;
  INPUT ---        23 ;

  INPUT ---    group=3 r    rows=7 cols=7 Triang ;
  INPUT ---        16 17 18 19 20 21 22 ;
  INPUT ---        16 17 18 19 20 21 ;
  INPUT ---        16 17 18 19 20 ;
  INPUT ---        16 17 18 19 ;
  INPUT ---        16 17 18 ;
  INPUT ---        16 17 ;
  INPUT ---        16 ;

  INPUT ---    group=4 r    rows=7 cols=7 Triang ;
  INPUT ---        23 24 25 26 27 28 29 ;

  Program  MARK  - Survival Rate Estimation with Capture-Recapture Data
   gfortran(Win64) Vers. 8.0 Jun 2014   25-Jan-2015 15:11:36    Page  005
 - - - - - - - - - - - - - - - - - - - - - - - - - - - - - - - - - - - - - -
 
  INPUT ---        23 24 25 26 27 28 ;
  INPUT ---        23 24 25 26 27 ;
  INPUT ---        23 24 25 26 ;
  INPUT ---        23 24 25 ;
  INPUT ---        23 24 ;
  INPUT ---        23 ;

  INPUT ---    group=5 r    rows=7 cols=7 Triang ;
  INPUT ---        16 17 18 19 20 21 22 ;
  INPUT ---        16 17 18 19 20 21 ;
  INPUT ---        16 17 18 19 20 ;
  INPUT ---        16 17 18 19 ;
  INPUT ---        16 17 18 ;
  INPUT ---        16 17 ;
  INPUT ---        16 ;

  INPUT ---    group=6 r    rows=7 cols=7 Triang ;
  INPUT ---        23 24 25 26 27 28 29 ;
  INPUT ---        23 24 25 26 27 28 ;
  INPUT ---        23 24 25 26 27 ;
  INPUT ---        23 24 25 26 ;
  INPUT ---        23 24 25 ;
  INPUT ---        23 24 ;
  INPUT ---        23 ;

  INPUT ---    group=1 F    rows=6 cols=6 Triang ;
  INPUT ---        30 30 30 30 30 30 ;
  INPUT ---        30 30 30 30 30 ;
  INPUT ---        30 30 30 30 ;
  INPUT ---        30 30 30 ;
  INPUT ---        30 30 ;
  INPUT ---        30 ;

  INPUT ---    group=2 F    rows=6 cols=6 Triang ;
  INPUT ---        30 30 30 30 30 30 ;
  INPUT ---        30 30 30 30 30 ;
  INPUT ---        30 30 30 30 ;
  INPUT ---        30 30 30 ;
  INPUT ---        30 30 ;
  INPUT ---        30 ;

  INPUT ---    group=3 F    rows=6 cols=6 Triang ;
  INPUT ---        30 30 30 30 30 30 ;
  INPUT ---        30 30 30 30 30 ;
  INPUT ---        30 30 30 30 ;
  INPUT ---        30 30 30 ;

  Program  MARK  - Survival Rate Estimation with Capture-Recapture Data
   gfortran(Win64) Vers. 8.0 Jun 2014   25-Jan-2015 15:11:36    Page  006
 - - - - - - - - - - - - - - - - - - - - - - - - - - - - - - - - - - - - - -
 
  INPUT ---        30 30 ;
  INPUT ---        30 ;

  INPUT ---    group=4 F    rows=6 cols=6 Triang ;
  INPUT ---        30 30 30 30 30 30 ;
  INPUT ---        30 30 30 30 30 ;
  INPUT ---        30 30 30 30 ;
  INPUT ---        30 30 30 ;
  INPUT ---        30 30 ;
  INPUT ---        30 ;

  INPUT ---    group=5 F    rows=6 cols=6 Triang ;
  INPUT ---        30 30 30 30 30 30 ;
  INPUT ---        30 30 30 30 30 ;
  INPUT ---        30 30 30 30 ;
  INPUT ---        30 30 30 ;
  INPUT ---        30 30 ;
  INPUT ---        30 ;

  INPUT ---    group=6 F    rows=6 cols=6 Triang ;
  INPUT ---        30 30 30 30 30 30 ;
  INPUT ---        30 30 30 30 30 ;
  INPUT ---        30 30 30 30 ;
  INPUT ---        30 30 30 ;
  INPUT ---        30 30 ;
  INPUT ---        30 ;

  INPUT ---    design matrix constraints=30 covariates=18;
  INPUT ---        1 0 0 0 0 0 0 0 0 0 0 0 0 0 0 0 0 0;
  INPUT ---        1 0 1 0 0 0 0 0 0 0 0 0 0 0 0 0 0 0;
  INPUT ---        1 0 0 1 0 0 0 0 0 0 0 0 0 0 0 0 0 0;
  INPUT ---        1 0 0 0 1 0 0 0 0 0 0 0 0 0 0 0 0 0;
  INPUT ---        1 0 0 0 0 1 0 0 0 0 0 0 0 0 0 0 0 0;
  INPUT ---        1 0 0 0 0 0 1 0 0 0 0 0 0 0 0 0 0 0;
  INPUT ---        1 0 0 0 0 0 0 1 0 0 0 0 0 0 0 0 0 0;
  INPUT ---        1 1 0 0 0 0 0 0 0 0 0 0 0 0 0 0 0 0;
  INPUT ---        1 1 1 0 0 0 0 0 0 0 0 0 0 0 0 0 0 0;
  INPUT ---        1 1 0 1 0 0 0 0 0 0 0 0 0 0 0 0 0 0;
  INPUT ---        1 1 0 0 1 0 0 0 0 0 0 0 0 0 0 0 0 0;
  INPUT ---        1 1 0 0 0 1 0 0 0 0 0 0 0 0 0 0 0 0;
  INPUT ---        1 1 0 0 0 0 1 0 0 0 0 0 0 0 0 0 0 0;
  INPUT ---        1 1 0 0 0 0 0 1 0 0 0 0 0 0 0 0 0 0;
  INPUT ---        0 0 0 0 0 0 0 0 1 0 0 0 0 0 0 0 0 0;
  INPUT ---        0 0 0 0 0 0 0 0 0 1 0 0 0 0 0 0 0 0;
  INPUT ---        0 0 0 0 0 0 0 0 0 1 1 0 0 0 0 0 0 0;
  INPUT ---        0 0 0 0 0 0 0 0 0 1 0 1 0 0 0 0 0 0;

  Program  MARK  - Survival Rate Estimation with Capture-Recapture Data
   gfortran(Win64) Vers. 8.0 Jun 2014   25-Jan-2015 15:11:36    Page  007
 - - - - - - - - - - - - - - - - - - - - - - - - - - - - - - - - - - - - - -
 
  INPUT ---        0 0 0 0 0 0 0 0 0 1 0 0 1 0 0 0 0 0;
  INPUT ---        0 0 0 0 0 0 0 0 0 1 0 0 0 1 0 0 0 0;
  INPUT ---        0 0 0 0 0 0 0 0 0 1 0 0 0 0 1 0 0 0;
  INPUT ---        0 0 0 0 0 0 0 0 0 1 0 0 0 0 0 1 0 0;
  INPUT ---        0 0 0 0 0 0 0 0 0 1 0 0 0 0 0 0 1 0;
  INPUT ---        0 0 0 0 0 0 0 0 0 1 1 0 0 0 0 0 1 0;
  INPUT ---        0 0 0 0 0 0 0 0 0 1 0 1 0 0 0 0 1 0;
  INPUT ---        0 0 0 0 0 0 0 0 0 1 0 0 1 0 0 0 1 0;
  INPUT ---        0 0 0 0 0 0 0 0 0 1 0 0 0 1 0 0 1 0;
  INPUT ---        0 0 0 0 0 0 0 0 0 1 0 0 0 0 1 0 1 0;
  INPUT ---        0 0 0 0 0 0 0 0 0 1 0 0 0 0 0 1 1 0;
  INPUT ---        0 0 0 0 0 0 0 0 0 0 0 0 0 0 0 0 0 1;

  INPUT ---    blabel(1)=S:(Intercept);

  INPUT ---    blabel(2)=S:sex5;

  INPUT ---    blabel(3)=S:time2006;

  INPUT ---    blabel(4)=S:time2007;

  INPUT ---    blabel(5)=S:time2008;

  INPUT ---    blabel(6)=S:time2009;

  INPUT ---    blabel(7)=S:time2010;

  INPUT ---    blabel(8)=S:time2011;

  INPUT ---    blabel(9)=p:(Intercept);

  INPUT ---    blabel(10)=r:(Intercept);

  INPUT ---    blabel(11)=r:age1;

  INPUT ---    blabel(12)=r:age2;

  INPUT ---    blabel(13)=r:age3;

  INPUT ---    blabel(14)=r:age4;

  INPUT ---    blabel(15)=r:age5;

  INPUT ---    blabel(16)=r:age6;

  INPUT ---    blabel(17)=r:sex5;

  Program  MARK  - Survival Rate Estimation with Capture-Recapture Data
   gfortran(Win64) Vers. 8.0 Jun 2014   25-Jan-2015 15:11:36    Page  008
 - - - - - - - - - - - - - - - - - - - - - - - - - - - - - - - - - - - - - -
 

  INPUT ---    blabel(18)=F:(Intercept);

  INPUT ---    rlabel(1)=S g41 c2005 c1 a0 t2005;

  INPUT ---    rlabel(2)=S g41 c2005 c1 a1 t2006;

  INPUT ---    rlabel(3)=S g41 c2005 c1 a2 t2007;

  INPUT ---    rlabel(4)=S g41 c2005 c1 a3 t2008;

  INPUT ---    rlabel(5)=S g41 c2005 c1 a4 t2009;

  INPUT ---    rlabel(6)=S g41 c2005 c1 a5 t2010;

  INPUT ---    rlabel(7)=S g41 c2005 c1 a6 t2011;

  INPUT ---    rlabel(8)=S g51 c2005 c1 a0 t2005;

  INPUT ---    rlabel(9)=S g51 c2005 c1 a1 t2006;

  INPUT ---    rlabel(10)=S g51 c2005 c1 a2 t2007;

  INPUT ---    rlabel(11)=S g51 c2005 c1 a3 t2008;

  INPUT ---    rlabel(12)=S g51 c2005 c1 a4 t2009;

  INPUT ---    rlabel(13)=S g51 c2005 c1 a5 t2010;

  INPUT ---    rlabel(14)=S g51 c2005 c1 a6 t2011;

  INPUT ---    rlabel(15)=p g41 c2005 c1 a1 t2006;

  INPUT ---    rlabel(16)=r g41 c2005 c1 a0 t2005;

  INPUT ---    rlabel(17)=r g41 c2005 c1 a1 t2006;

  INPUT ---    rlabel(18)=r g41 c2005 c1 a2 t2007;

  INPUT ---    rlabel(19)=r g41 c2005 c1 a3 t2008;

  INPUT ---    rlabel(20)=r g41 c2005 c1 a4 t2009;

  INPUT ---    rlabel(21)=r g41 c2005 c1 a5 t2010;

  INPUT ---    rlabel(22)=r g41 c2005 c1 a6 t2011;

  Program  MARK  - Survival Rate Estimation with Capture-Recapture Data
   gfortran(Win64) Vers. 8.0 Jun 2014   25-Jan-2015 15:11:36    Page  009
 - - - - - - - - - - - - - - - - - - - - - - - - - - - - - - - - - - - - - -
 

  INPUT ---    rlabel(23)=r g51 c2005 c1 a0 t2005;

  INPUT ---    rlabel(24)=r g51 c2005 c1 a1 t2006;

  INPUT ---    rlabel(25)=r g51 c2005 c1 a2 t2007;

  INPUT ---    rlabel(26)=r g51 c2005 c1 a3 t2008;

  INPUT ---    rlabel(27)=r g51 c2005 c1 a4 t2009;

  INPUT ---    rlabel(28)=r g51 c2005 c1 a5 t2010;

  INPUT ---    rlabel(29)=r g51 c2005 c1 a6 t2011;

  INPUT ---    rlabel(30)=F g41 c2005 c1 a0 t2005;

 Link Function Used is LOGIT        

 Variance Estimation Procedure Used is 2ndPart 

 M(t+1):



 -2logL(saturated) = 1739.8188     
 Effective Sample Size = 7075

 Number of function evaluations was 94 for 18 parameters.
 Time for numerical optimization was 1.42 seconds.
 -2logL { S(~sex + time)p(~1)r(~age + sex)F(~1) } = 1788.3830     
 Penalty { S(~sex + time)p(~1)r(~age + sex)F(~1) } = -0.0000000    
 Gradient { S(~sex + time)p(~1)r(~age + sex)F(~1) }:
 -0.6964236E-06  0.000000      0.000000    -0.7729374E-06  0.000000    
   0.000000      0.000000      0.000000    -0.4708571E-03-0.1100068E-02
 -0.2145423E-04  0.000000      0.000000     0.1105023E-05  0.000000    
   0.000000    -0.7955009E-03-0.2379278E-03
 S Vector { S(~sex + time)p(~1)r(~age + sex)F(~1) }:
   329.3080      45.96681      13.83130     0.9948847     0.5344646    
  0.7693182E-06 0.7361851E-06 0.4198658E-06 0.1359153E-08 0.5395267E-09
  0.4306534E-09 0.2554672E-09 0.2140699E-09 0.1310450E-09 0.7989392E-10
  0.1888396E-10 0.1237909E-10 0.9089426E-11
 Time to compute number of parameters was 0.53 seconds.
   Threshold =  0.3800000E-06     Condition index =  0.2760160E-13     New Threshold =  0.3856317E-10
 New Guessimate of Estimated Parameters { S(~sex + time)p(~1)r(~age + sex)F(~1) } = 8          
 Conditioned S Vector { S(~sex + time)p(~1)r(~age + sex)F(~1) }:
   1.000000     0.1395861     0.4200110E-01 0.3021138E-02 0.1622993E-02
  0.2336166E-08 0.2235552E-08 0.1274994E-08 0.4127301E-11 0.1638365E-11
  0.1307753E-11 0.7757699E-12 0.6500599E-12 0.3979406E-12 0.2426116E-12
  0.5734437E-13 0.3759123E-13 0.2760160E-13
 Number of Estimated Parameters { S(~sex + time)p(~1)r(~age + sex)F(~1) } = 5          
 DEVIANCE { S(~sex + time)p(~1)r(~age + sex)F(~1) } = 48.564210                     
 DEVIANCE Degrees of Freedom { S(~sex + time)p(~1)r(~age + sex)F(~1) } = 10            
 c-hat { S(~sex + time)p(~1)r(~age + sex)F(~1) } = 4.8564210                     
 AIC { S(~sex + time)p(~1)r(~age + sex)F(~1) } = 1798.3830                  
 AICc { S(~sex + time)p(~1)r(~age + sex)F(~1) } = 1798.3914                    
 BIC { S(~sex + time)p(~1)r(~age + sex)F(~1) } = 1832.7046                    
 Pearson Chisquare { S(~sex + time)p(~1)r(~age + sex)F(~1) } = Not a Number               
 Possible Encounter Histories { S(~sex + time)p(~1)r(~age + sex)F(~1) } = 896             
 Pearson Chisquare df { S(~sex + time)p(~1)r(~age + sex)F(~1) } = 855        
 Pearson chat { S(~sex + time)p(~1)r(~age + sex)F(~1) } = Not a Number               
 Sum(Observed/Expected) { S(~sex + time)p(~1)r(~age + sex)F(~1) } = Not a Number               
 Fletcher chat { S(~sex + time)p(~1)r(~age + sex)F(~1) } = Not a Number               

  Program  MARK  - Survival Rate Estimation with Capture-Recapture Data
   gfortran(Win64) Vers. 8.0 Jun 2014   25-Jan-2015 15:11:37    Page  010
 - - - - - - - - - - - - - - - - - - - - - - - - - - - - - - - - - - - - - -
 


          LOGIT Link Function Parameters of { S(~sex + time)p(~1)r(~age + sex)F(~1) }
                                                              95% Confidence Interval
 Parameter                    Beta         Standard Error      Lower           Upper
 -------------------------  --------------  --------------  --------------  --------------
    1:S:(Intercept)         194.89255       805.69080       -1384.2614      1774.0465     
    2:S:sex5                144.56252       0.0000000       144.56252       144.56252     
    3:S:time2006            -2.9745508      0.0000000       -2.9745508      -2.9745508    
    4:S:time2007            -175.50097      806.66879       -1756.5718      1405.5699     
    5:S:time2008            245.80780       0.0000000       245.80780       245.80780     
    6:S:time2009            287.10887       0.0000000       287.10887       287.10887     
    7:S:time2010            70.562067       0.0235744       70.515861       70.608273     
    8:S:time2011            -750.32707      0.7831235E-006  -750.32708      -750.32707    
    9:p:(Intercept)         -6.8711578      0.5687343       -7.9858771      -5.7564386    
   10:r:(Intercept)         -1.4802862      0.0923963       -1.6613829      -1.2991895    
   11:r:age1                -5.3588476      1.0025577       -7.3238607      -3.3938345    
   12:r:age2                -714.47365      0.7620931E-006  -714.47366      -714.47365    
   13:r:age3                -175.00933      0.0000000       -175.00933      -175.00933    
   14:r:age4                -19.576377      1165.4844       -2303.9259      2264.7732     
   15:r:age5                -22.890245      0.0000000       -22.890245      -22.890245    
   16:r:age6                -1198.1496      0.1827950       -1198.5079      -1197.7913    
   17:r:sex5                -0.1147157      0.1275700       -0.3647528      0.1353214     
   18:F:(Intercept)         1.5802322       1.2727419       -0.9143420      4.0748064     


          Real Function Parameters of { S(~sex + time)p(~1)r(~age + sex)F(~1) }
                                                               95% Confidence Interval
  Parameter                  Estimate       Standard Error      Lower           Upper
 --------------------------  --------------  --------------  --------------  --------------
     1:S g41 c2005 c1 a0 t2  1.0000000       0.0000000       1.0000000       1.0000000                           
     2:S g41 c2005 c1 a1 t2  1.0000000       0.0000000       1.0000000       1.0000000                           
     3:S g41 c2005 c1 a2 t2  1.0000000       0.6106717E-005  0.9999880       1.0000120                           
     4:S g41 c2005 c1 a3 t2  1.0000000       0.0000000       1.0000000       1.0000000                           
     5:S g41 c2005 c1 a4 t2  1.0000000       0.0000000       1.0000000       1.0000000                           
     6:S g41 c2005 c1 a5 t2  1.0000000       0.0000000       1.0000000       1.0000000                           
     7:S g41 c2005 c1 a6 t2  0.5995823E-241  0.0000000       0.5995823E-241  0.5995823E-241                      
     8:S g51 c2005 c1 a0 t2  1.0000000       0.0000000       1.0000000       1.0000000                           
     9:S g51 c2005 c1 a1 t2  1.0000000       0.0000000       1.0000000       1.0000000                           
    10:S g51 c2005 c1 a2 t2  1.0000000       0.0000000       1.0000000       1.0000000                           
    11:S g51 c2005 c1 a3 t2  1.0000000       0.0000000       1.0000000       1.0000000                           
    12:S g51 c2005 c1 a4 t2  1.0000000       0.0000000       1.0000000       1.0000000                           
    13:S g51 c2005 c1 a5 t2  1.0000000       0.0000000       1.0000000       1.0000000                           
    14:S g51 c2005 c1 a6 t2  0.3635412E-178  0.0000000       0.3635412E-178  0.3635412E-178                      
    15:p g41 c2005 c1 a1 t2  0.0010362       0.5887121E-003  0.3401182E-003  0.0031524                           
    16:r g41 c2005 c1 a0 t2  0.1853842       0.0139534       0.1595764       0.2143015                           

  Program  MARK  - Survival Rate Estimation with Capture-Recapture Data
   gfortran(Win64) Vers. 8.0 Jun 2014   25-Jan-2015 15:11:37    Page  011
 - - - - - - - - - - - - - - - - - - - - - - - - - - - - - - - - - - - - - -
 
    17:r g41 c2005 c1 a1 t2  0.0010699       0.0010714       0.1501203E-003  0.0075822                           
    18:r g41 c2005 c1 a2 t2  0.9859677E-304  0.0000000       0.9859677E-304  0.9859677E-304                      
    19:r g41 c2005 c1 a3 t2  0.2246635E-076  0.2075807E-077  0.1839777E-076  0.2653493E-076                      
    20:r g41 c2005 c1 a4 t2  0.7164855E-009  0.8350527E-006  -.1635987E-005  0.1637420E-005                      
    21:r g41 c2005 c1 a5 t2  0.2606229E-010  0.2408058E-011  0.2134250E-010  0.3078208E-010                      
    22:r g41 c2005 c1 a6 t2  0.9859677E-304  0.0000000       0.9859677E-304  0.9859677E-304                      
    23:r g51 c2005 c1 a0 t2  0.1686813       0.0123609       0.1458195       0.1943121                           
    24:r g51 c2005 c1 a1 t2  0.9540409E-003  0.9556524E-003  0.1337994E-003  0.0067686                           
    25:r g51 c2005 c1 a2 t2  0.9859677E-304  0.0000000       0.9859677E-304  0.9859677E-304                      
    26:r g51 c2005 c1 a3 t2  0.2003144E-076  0.1765739E-077  0.1657059E-076  0.2349229E-076                      
    27:r g51 c2005 c1 a4 t2  0.6388325E-009  0.7445493E-006  -.1458678E-005  0.1459956E-005                      
    28:r g51 c2005 c1 a5 t2  0.2323765E-010  0.2048360E-011  0.1922286E-010  0.2725243E-010                      
    29:r g51 c2005 c1 a6 t2  0.9859677E-304  0.0000000       0.9859677E-304  0.9859677E-304                      
    30:F g41 c2005 c1 a0 t2  0.8292374       0.1802237       0.2861122       0.9832885                           

 Attempted ordering of parameters by estimatibility:
  10 17  9 11 18 14  4  3  7  5 15  2 13  1  6 16 12  8
 Beta number 8 is a singular value.

     CPU Time in seconds for last procedure was 1.97


  INPUT --- proc stop;

     CPU Time in minutes for this job was 0.03

     Time Start = 15:11:36.797   Time End = 15:11:37.247

     Wall Clock Time in minutes for this job was 0.01


          E X E C U T I O N   S U C C E S S F U L 
