
   Program  MARK  - Survival Rate Estimation with Capture-Recapture Data
   gfortran(Win64) Vers. 8.0 Jun 2014   31-Jan-2015 13:37:21    Page  001
 - - - - - - - - - - - - - - - - - - - - - - - - - - - - - - - - - - - - - -
 
   This version was compiled by GCC version 4.8.1 using the options 
   -m64 -mtune=generic -march=x86-64 -mthreads -O2 -fimplicit-none -fbounds-check -funroll-loops -ftree-vectorize -fopenmp.
   This problem will use 7 of 8 possible threads.


  INPUT --- proc title ;

     CPU Time in seconds for last procedure was 0.00


  INPUT --- proc chmatrix occasions= 7 groups= 6 etype= Both ICMeans 
  INPUT --- NoHist hist= 51 ;

  INPUT ---    time  interval 1 1 1 1 1 1 1 ;

  INPUT ---    glabel(1)=sex4.age1;

  INPUT ---    glabel(2)=sex5.age1;

  INPUT ---    glabel(3)=sex4.age2;

  INPUT ---    glabel(4)=sex5.age2;

  INPUT ---    glabel(5)=sex4.age4;

  INPUT ---    glabel(6)=sex5.age4;

   * *  WARNING  * *   At least a pair of the encounter histories are duplicates. 

      Number of unique encounter histories read was 17.

      Number of individual covariates read was 0.
      Time interval lengths are all equal to 1.

      Data type number is 3
      Data type is Joint Live and Dead Encounters (Burnham)                                                            

     CPU Time in seconds for last procedure was 0.00

  Program  MARK  - Survival Rate Estimation with Capture-Recapture Data
   gfortran(Win64) Vers. 8.0 Jun 2014   31-Jan-2015 13:37:21    Page  002
 - - - - - - - - - - - - - - - - - - - - - - - - - - - - - - - - - - - - - -
 


  INPUT --- proc estimate link=Logit NOLOOP varest=2ndPart    ;


  INPUT --- model={ S(~sex + time)p(~time)r(~1)F(~1) };

  INPUT ---    group=1 S    rows=7 cols=7 Triang ;
  INPUT ---        1 2 3 4 5 6 7 ;
  INPUT ---        2 3 4 5 6 7 ;
  INPUT ---        3 4 5 6 7 ;
  INPUT ---        4 5 6 7 ;
  INPUT ---        5 6 7 ;
  INPUT ---        6 7 ;
  INPUT ---        7 ;

  INPUT ---    group=2 S    rows=7 cols=7 Triang ;
  INPUT ---        8 9 10 11 12 13 14 ;
  INPUT ---        9 10 11 12 13 14 ;
  INPUT ---        10 11 12 13 14 ;
  INPUT ---        11 12 13 14 ;
  INPUT ---        12 13 14 ;
  INPUT ---        13 14 ;
  INPUT ---        14 ;

  INPUT ---    group=3 S    rows=7 cols=7 Triang ;
  INPUT ---        1 2 3 4 5 6 7 ;
  INPUT ---        2 3 4 5 6 7 ;
  INPUT ---        3 4 5 6 7 ;
  INPUT ---        4 5 6 7 ;
  INPUT ---        5 6 7 ;
  INPUT ---        6 7 ;
  INPUT ---        7 ;

  INPUT ---    group=4 S    rows=7 cols=7 Triang ;
  INPUT ---        8 9 10 11 12 13 14 ;
  INPUT ---        9 10 11 12 13 14 ;
  INPUT ---        10 11 12 13 14 ;
  INPUT ---        11 12 13 14 ;
  INPUT ---        12 13 14 ;
  INPUT ---        13 14 ;
  INPUT ---        14 ;

  INPUT ---    group=5 S    rows=7 cols=7 Triang ;
  INPUT ---        1 2 3 4 5 6 7 ;
  INPUT ---        2 3 4 5 6 7 ;

  Program  MARK  - Survival Rate Estimation with Capture-Recapture Data
   gfortran(Win64) Vers. 8.0 Jun 2014   31-Jan-2015 13:37:21    Page  003
 - - - - - - - - - - - - - - - - - - - - - - - - - - - - - - - - - - - - - -
 
  INPUT ---        3 4 5 6 7 ;
  INPUT ---        4 5 6 7 ;
  INPUT ---        5 6 7 ;
  INPUT ---        6 7 ;
  INPUT ---        7 ;

  INPUT ---    group=6 S    rows=7 cols=7 Triang ;
  INPUT ---        8 9 10 11 12 13 14 ;
  INPUT ---        9 10 11 12 13 14 ;
  INPUT ---        10 11 12 13 14 ;
  INPUT ---        11 12 13 14 ;
  INPUT ---        12 13 14 ;
  INPUT ---        13 14 ;
  INPUT ---        14 ;

  INPUT ---    group=1 p    rows=6 cols=6 Triang ;
  INPUT ---        15 16 17 18 19 20 ;
  INPUT ---        16 17 18 19 20 ;
  INPUT ---        17 18 19 20 ;
  INPUT ---        18 19 20 ;
  INPUT ---        19 20 ;
  INPUT ---        20 ;

  INPUT ---    group=2 p    rows=6 cols=6 Triang ;
  INPUT ---        15 16 17 18 19 20 ;
  INPUT ---        16 17 18 19 20 ;
  INPUT ---        17 18 19 20 ;
  INPUT ---        18 19 20 ;
  INPUT ---        19 20 ;
  INPUT ---        20 ;

  INPUT ---    group=3 p    rows=6 cols=6 Triang ;
  INPUT ---        15 16 17 18 19 20 ;
  INPUT ---        16 17 18 19 20 ;
  INPUT ---        17 18 19 20 ;
  INPUT ---        18 19 20 ;
  INPUT ---        19 20 ;
  INPUT ---        20 ;

  INPUT ---    group=4 p    rows=6 cols=6 Triang ;
  INPUT ---        15 16 17 18 19 20 ;
  INPUT ---        16 17 18 19 20 ;
  INPUT ---        17 18 19 20 ;
  INPUT ---        18 19 20 ;
  INPUT ---        19 20 ;
  INPUT ---        20 ;

  Program  MARK  - Survival Rate Estimation with Capture-Recapture Data
   gfortran(Win64) Vers. 8.0 Jun 2014   31-Jan-2015 13:37:21    Page  004
 - - - - - - - - - - - - - - - - - - - - - - - - - - - - - - - - - - - - - -
 

  INPUT ---    group=5 p    rows=6 cols=6 Triang ;
  INPUT ---        15 16 17 18 19 20 ;
  INPUT ---        16 17 18 19 20 ;
  INPUT ---        17 18 19 20 ;
  INPUT ---        18 19 20 ;
  INPUT ---        19 20 ;
  INPUT ---        20 ;

  INPUT ---    group=6 p    rows=6 cols=6 Triang ;
  INPUT ---        15 16 17 18 19 20 ;
  INPUT ---        16 17 18 19 20 ;
  INPUT ---        17 18 19 20 ;
  INPUT ---        18 19 20 ;
  INPUT ---        19 20 ;
  INPUT ---        20 ;

  INPUT ---    group=1 r    rows=7 cols=7 Triang ;
  INPUT ---        21 21 21 21 21 21 21 ;
  INPUT ---        21 21 21 21 21 21 ;
  INPUT ---        21 21 21 21 21 ;
  INPUT ---        21 21 21 21 ;
  INPUT ---        21 21 21 ;
  INPUT ---        21 21 ;
  INPUT ---        21 ;

  INPUT ---    group=2 r    rows=7 cols=7 Triang ;
  INPUT ---        21 21 21 21 21 21 21 ;
  INPUT ---        21 21 21 21 21 21 ;
  INPUT ---        21 21 21 21 21 ;
  INPUT ---        21 21 21 21 ;
  INPUT ---        21 21 21 ;
  INPUT ---        21 21 ;
  INPUT ---        21 ;

  INPUT ---    group=3 r    rows=7 cols=7 Triang ;
  INPUT ---        21 21 21 21 21 21 21 ;
  INPUT ---        21 21 21 21 21 21 ;
  INPUT ---        21 21 21 21 21 ;
  INPUT ---        21 21 21 21 ;
  INPUT ---        21 21 21 ;
  INPUT ---        21 21 ;
  INPUT ---        21 ;

  INPUT ---    group=4 r    rows=7 cols=7 Triang ;
  INPUT ---        21 21 21 21 21 21 21 ;

  Program  MARK  - Survival Rate Estimation with Capture-Recapture Data
   gfortran(Win64) Vers. 8.0 Jun 2014   31-Jan-2015 13:37:21    Page  005
 - - - - - - - - - - - - - - - - - - - - - - - - - - - - - - - - - - - - - -
 
  INPUT ---        21 21 21 21 21 21 ;
  INPUT ---        21 21 21 21 21 ;
  INPUT ---        21 21 21 21 ;
  INPUT ---        21 21 21 ;
  INPUT ---        21 21 ;
  INPUT ---        21 ;

  INPUT ---    group=5 r    rows=7 cols=7 Triang ;
  INPUT ---        21 21 21 21 21 21 21 ;
  INPUT ---        21 21 21 21 21 21 ;
  INPUT ---        21 21 21 21 21 ;
  INPUT ---        21 21 21 21 ;
  INPUT ---        21 21 21 ;
  INPUT ---        21 21 ;
  INPUT ---        21 ;

  INPUT ---    group=6 r    rows=7 cols=7 Triang ;
  INPUT ---        21 21 21 21 21 21 21 ;
  INPUT ---        21 21 21 21 21 21 ;
  INPUT ---        21 21 21 21 21 ;
  INPUT ---        21 21 21 21 ;
  INPUT ---        21 21 21 ;
  INPUT ---        21 21 ;
  INPUT ---        21 ;

  INPUT ---    group=1 F    rows=6 cols=6 Triang ;
  INPUT ---        22 22 22 22 22 22 ;
  INPUT ---        22 22 22 22 22 ;
  INPUT ---        22 22 22 22 ;
  INPUT ---        22 22 22 ;
  INPUT ---        22 22 ;
  INPUT ---        22 ;

  INPUT ---    group=2 F    rows=6 cols=6 Triang ;
  INPUT ---        22 22 22 22 22 22 ;
  INPUT ---        22 22 22 22 22 ;
  INPUT ---        22 22 22 22 ;
  INPUT ---        22 22 22 ;
  INPUT ---        22 22 ;
  INPUT ---        22 ;

  INPUT ---    group=3 F    rows=6 cols=6 Triang ;
  INPUT ---        22 22 22 22 22 22 ;
  INPUT ---        22 22 22 22 22 ;
  INPUT ---        22 22 22 22 ;
  INPUT ---        22 22 22 ;

  Program  MARK  - Survival Rate Estimation with Capture-Recapture Data
   gfortran(Win64) Vers. 8.0 Jun 2014   31-Jan-2015 13:37:21    Page  006
 - - - - - - - - - - - - - - - - - - - - - - - - - - - - - - - - - - - - - -
 
  INPUT ---        22 22 ;
  INPUT ---        22 ;

  INPUT ---    group=4 F    rows=6 cols=6 Triang ;
  INPUT ---        22 22 22 22 22 22 ;
  INPUT ---        22 22 22 22 22 ;
  INPUT ---        22 22 22 22 ;
  INPUT ---        22 22 22 ;
  INPUT ---        22 22 ;
  INPUT ---        22 ;

  INPUT ---    group=5 F    rows=6 cols=6 Triang ;
  INPUT ---        22 22 22 22 22 22 ;
  INPUT ---        22 22 22 22 22 ;
  INPUT ---        22 22 22 22 ;
  INPUT ---        22 22 22 ;
  INPUT ---        22 22 ;
  INPUT ---        22 ;

  INPUT ---    group=6 F    rows=6 cols=6 Triang ;
  INPUT ---        22 22 22 22 22 22 ;
  INPUT ---        22 22 22 22 22 ;
  INPUT ---        22 22 22 22 ;
  INPUT ---        22 22 22 ;
  INPUT ---        22 22 ;
  INPUT ---        22 ;

  INPUT ---    design matrix constraints=22 covariates=16;
  INPUT ---        1 0 0 0 0 0 0 0 0 0 0 0 0 0 0 0;
  INPUT ---        1 0 1 0 0 0 0 0 0 0 0 0 0 0 0 0;
  INPUT ---        1 0 0 1 0 0 0 0 0 0 0 0 0 0 0 0;
  INPUT ---        1 0 0 0 1 0 0 0 0 0 0 0 0 0 0 0;
  INPUT ---        1 0 0 0 0 1 0 0 0 0 0 0 0 0 0 0;
  INPUT ---        1 0 0 0 0 0 1 0 0 0 0 0 0 0 0 0;
  INPUT ---        1 0 0 0 0 0 0 1 0 0 0 0 0 0 0 0;
  INPUT ---        1 1 0 0 0 0 0 0 0 0 0 0 0 0 0 0;
  INPUT ---        1 1 1 0 0 0 0 0 0 0 0 0 0 0 0 0;
  INPUT ---        1 1 0 1 0 0 0 0 0 0 0 0 0 0 0 0;
  INPUT ---        1 1 0 0 1 0 0 0 0 0 0 0 0 0 0 0;
  INPUT ---        1 1 0 0 0 1 0 0 0 0 0 0 0 0 0 0;
  INPUT ---        1 1 0 0 0 0 1 0 0 0 0 0 0 0 0 0;
  INPUT ---        1 1 0 0 0 0 0 1 0 0 0 0 0 0 0 0;
  INPUT ---        0 0 0 0 0 0 0 0 1 0 0 0 0 0 0 0;
  INPUT ---        0 0 0 0 0 0 0 0 1 1 0 0 0 0 0 0;
  INPUT ---        0 0 0 0 0 0 0 0 1 0 1 0 0 0 0 0;
  INPUT ---        0 0 0 0 0 0 0 0 1 0 0 1 0 0 0 0;

  Program  MARK  - Survival Rate Estimation with Capture-Recapture Data
   gfortran(Win64) Vers. 8.0 Jun 2014   31-Jan-2015 13:37:21    Page  007
 - - - - - - - - - - - - - - - - - - - - - - - - - - - - - - - - - - - - - -
 
  INPUT ---        0 0 0 0 0 0 0 0 1 0 0 0 1 0 0 0;
  INPUT ---        0 0 0 0 0 0 0 0 1 0 0 0 0 1 0 0;
  INPUT ---        0 0 0 0 0 0 0 0 0 0 0 0 0 0 1 0;
  INPUT ---        0 0 0 0 0 0 0 0 0 0 0 0 0 0 0 1;

  INPUT ---    blabel(1)=S:(Intercept);

  INPUT ---    blabel(2)=S:sex5;

  INPUT ---    blabel(3)=S:time2006;

  INPUT ---    blabel(4)=S:time2007;

  INPUT ---    blabel(5)=S:time2008;

  INPUT ---    blabel(6)=S:time2009;

  INPUT ---    blabel(7)=S:time2010;

  INPUT ---    blabel(8)=S:time2011;

  INPUT ---    blabel(9)=p:(Intercept);

  INPUT ---    blabel(10)=p:time2007;

  INPUT ---    blabel(11)=p:time2008;

  INPUT ---    blabel(12)=p:time2009;

  INPUT ---    blabel(13)=p:time2010;

  INPUT ---    blabel(14)=p:time2011;

  INPUT ---    blabel(15)=r:(Intercept);

  INPUT ---    blabel(16)=F:(Intercept);

  INPUT ---    rlabel(1)=S g41 c2005 c1 a0 t2005;

  INPUT ---    rlabel(2)=S g41 c2005 c1 a1 t2006;

  INPUT ---    rlabel(3)=S g41 c2005 c1 a2 t2007;

  INPUT ---    rlabel(4)=S g41 c2005 c1 a3 t2008;

  INPUT ---    rlabel(5)=S g41 c2005 c1 a4 t2009;

  Program  MARK  - Survival Rate Estimation with Capture-Recapture Data
   gfortran(Win64) Vers. 8.0 Jun 2014   31-Jan-2015 13:37:21    Page  008
 - - - - - - - - - - - - - - - - - - - - - - - - - - - - - - - - - - - - - -
 

  INPUT ---    rlabel(6)=S g41 c2005 c1 a5 t2010;

  INPUT ---    rlabel(7)=S g41 c2005 c1 a6 t2011;

  INPUT ---    rlabel(8)=S g51 c2005 c1 a0 t2005;

  INPUT ---    rlabel(9)=S g51 c2005 c1 a1 t2006;

  INPUT ---    rlabel(10)=S g51 c2005 c1 a2 t2007;

  INPUT ---    rlabel(11)=S g51 c2005 c1 a3 t2008;

  INPUT ---    rlabel(12)=S g51 c2005 c1 a4 t2009;

  INPUT ---    rlabel(13)=S g51 c2005 c1 a5 t2010;

  INPUT ---    rlabel(14)=S g51 c2005 c1 a6 t2011;

  INPUT ---    rlabel(15)=p g41 c2005 c1 a1 t2006;

  INPUT ---    rlabel(16)=p g41 c2005 c1 a2 t2007;

  INPUT ---    rlabel(17)=p g41 c2005 c1 a3 t2008;

  INPUT ---    rlabel(18)=p g41 c2005 c1 a4 t2009;

  INPUT ---    rlabel(19)=p g41 c2005 c1 a5 t2010;

  INPUT ---    rlabel(20)=p g41 c2005 c1 a6 t2011;

  INPUT ---    rlabel(21)=r g41 c2005 c1 a0 t2005;

  INPUT ---    rlabel(22)=F g41 c2005 c1 a0 t2005;

 Link Function Used is LOGIT        

 Variance Estimation Procedure Used is 2ndPart 

 M(t+1):



 -2logL(saturated) = 1739.8188     
 Effective Sample Size = 7075

 Number of function evaluations was 49 for 16 parameters.
 Time for numerical optimization was 1.00 seconds.

  Program  MARK  - Survival Rate Estimation with Capture-Recapture Data
   gfortran(Win64) Vers. 8.0 Jun 2014   31-Jan-2015 13:37:22    Page  009
 - - - - - - - - - - - - - - - - - - - - - - - - - - - - - - - - - - - - - -
 
 -2logL { S(~sex + time)p(~time)r(~1)F(~1) } = 2663.5093     
 Penalty { S(~sex + time)p(~time)r(~1)F(~1) } = -0.0000000    
 Gradient { S(~sex + time)p(~time)r(~1)F(~1) }:
  0.9920155E-04-0.7322071E-04-0.2394856E-04-0.4252254E-05 0.1208259E-03
 -0.1648895E-05-0.3495447E-05-0.5707005E-06 0.3535145E-03 0.8491202E-04
  0.1050173E-03  0.000000     0.1627563E-03-0.1542223E-05 0.3058204E-02
 -0.2085299E-05
 S Vector { S(~sex + time)p(~time)r(~1)F(~1) }:
   286.3437      17.38499      4.659005      3.317602      1.866322    
   1.137254     0.3744219     0.6062338E-04 0.2288701E-04 0.5859937E-05
  0.1562161E-06 0.3675529E-07 0.1850416E-08 0.1412354E-09 0.9909411E-11
  0.2651033E-12
 Time to compute number of parameters was 0.23 seconds.
   Threshold =  0.3400000E-06     Condition index =  0.9258219E-15     New Threshold =  0.1060413E-11
 New Guessimate of Estimated Parameters { S(~sex + time)p(~time)r(~1)F(~1) } = 13          
 Conditioned S Vector { S(~sex + time)p(~time)r(~1)F(~1) }:
   1.000000     0.6071372E-01 0.1627067E-01 0.1158608E-01 0.6517767E-02
  0.3971640E-02 0.1307596E-02 0.2117154E-06 0.7992846E-07 0.2046469E-07
  0.5455545E-09 0.1283607E-09 0.6462221E-11 0.4932371E-12 0.3460669E-13
  0.9258219E-15
 Number of Estimated Parameters { S(~sex + time)p(~time)r(~1)F(~1) } = 7          
 DEVIANCE { S(~sex + time)p(~time)r(~1)F(~1) } = 923.69059                     
 DEVIANCE Degrees of Freedom { S(~sex + time)p(~time)r(~1)F(~1) } = 8            
 c-hat { S(~sex + time)p(~time)r(~1)F(~1) } = 115.46132                     
 AIC { S(~sex + time)p(~time)r(~1)F(~1) } = 2677.5093                  
 AICc { S(~sex + time)p(~time)r(~1)F(~1) } = 2677.5252                    
 BIC { S(~sex + time)p(~time)r(~1)F(~1) } = 2725.5596                    
 Pearson Chisquare { S(~sex + time)p(~time)r(~1)F(~1) } = Not a Number               
 Possible Encounter Histories { S(~sex + time)p(~time)r(~1)F(~1) } = 896             
 Pearson Chisquare df { S(~sex + time)p(~time)r(~1)F(~1) } = 853        
 Pearson chat { S(~sex + time)p(~time)r(~1)F(~1) } = Not a Number               
 Sum(Observed/Expected) { S(~sex + time)p(~time)r(~1)F(~1) } = Not a Number               
 Fletcher chat { S(~sex + time)p(~time)r(~1)F(~1) } = Not a Number               


             LOGIT Link Function Parameters of { S(~sex + time)p(~time)r(~1)F(~1) }
                                                              95% Confidence Interval
 Parameter                    Beta         Standard Error      Lower           Upper
 -------------------------  --------------  --------------  --------------  --------------
    1:S:(Intercept)         53.550493       203.36946       -345.05365      452.15464     
    2:S:sex5                0.8631916       1.5303948       -2.1363823      3.8627656     
    3:S:time2006            -46.471265      362.80604       -757.57112      664.62859     
    4:S:time2007            -9.6942647      0.0268542       -9.7468989      -9.6416306    
    5:S:time2008            -55.454860      203.36906       -454.05823      343.14851     
    6:S:time2009            -26.578922      5193.2841       -10205.416      10152.258     
    7:S:time2010            -12.009706      0.5597888       -13.106892      -10.912520    
    8:S:time2011            -78.682310      319.87191       -705.63126      548.26664     
    9:p:(Intercept)         -64.218522      0.0000000       -64.218522      -64.218522    
   10:p:time2007            56.839528       0.0000000       56.839528       56.839528     
   11:p:time2008            57.024845       0.0000000       57.024845       57.024845     
   12:p:time2009            -138.24667      4.3865817       -146.84437      -129.64897    
   13:p:time2010            58.233604       0.0000000       58.233604       58.233604     
   14:p:time2011            57.972961       0.0000000       57.972961       57.972961     
   15:r:(Intercept)         -3.1189208      0.0590957       -3.2347484      -3.0030931    
   16:F:(Intercept)         20.807300       2556.5239       -4989.9797      5031.5943     


             Real Function Parameters of { S(~sex + time)p(~time)r(~1)F(~1) }
                                                               95% Confidence Interval
  Parameter                  Estimate       Standard Error      Lower           Upper
 --------------------------  --------------  --------------  --------------  --------------

  Program  MARK  - Survival Rate Estimation with Capture-Recapture Data
   gfortran(Win64) Vers. 8.0 Jun 2014   31-Jan-2015 13:37:22    Page  010
 - - - - - - - - - - - - - - - - - - - - - - - - - - - - - - - - - - - - - -
 
     1:S g41 c2005 c1 a0 t2  1.0000000       0.0000000       1.0000000       1.0000000                           
     2:S g41 c2005 c1 a1 t2  0.9991583       0.2523849       0.4218465E-252  1.0000000                           
     3:S g41 c2005 c1 a2 t2  1.0000000       0.0000000       1.0000000       1.0000000                           
     4:S g41 c2005 c1 a3 t2  0.1296150       0.1442287       0.0120076       0.6459772                           
     5:S g41 c2005 c1 a4 t2  1.0000000       0.1005195E-007  1.0000000       1.0000000                           
     6:S g41 c2005 c1 a5 t2  1.0000000       0.0000000       1.0000000       1.0000000                           
     7:S g41 c2005 c1 a6 t2  0.1217281E-010  0.4622134E-008  -.9047211E-008  0.9071557E-008                      
     8:S g51 c2005 c1 a0 t2  1.0000000       0.0000000       1.0000000       1.0000000                           
     9:S g51 c2005 c1 a1 t2  0.9996448       0.1066770       0.5332813E-252  1.0000000                           
    10:S g51 c2005 c1 a2 t2  1.0000000       0.0000000       1.0000000       1.0000000                           
    11:S g51 c2005 c1 a3 t2  0.2609233       0.2153671       0.0380481       0.7591017                           
    12:S g51 c2005 c1 a4 t2  1.0000000       0.4239386E-008  1.0000000       1.0000000                           
    13:S g51 c2005 c1 a5 t2  1.0000000       0.0000000       1.0000000       1.0000000                           
    14:S g51 c2005 c1 a6 t2  0.2885826E-010  0.1095783E-007  -.2144848E-007  0.2150620E-007                      
    15:p g41 c2005 c1 a1 t2  0.1288992E-027  0.0000000       0.1288992E-027  0.1288992E-027                      
    16:p g41 c2005 c1 a2 t2  0.6238393E-003  0.6335101E-003  0.8518325E-004  0.0045532                           
    17:p g41 c2005 c1 a3 t2  0.7507575E-003  0.5367605E-003  0.1848006E-003  0.0030447                           
    18:p g41 c2005 c1 a4 t2  0.1176206E-087  0.0000000       0.1176206E-087  0.1176206E-087                      
    19:p g41 c2005 c1 a5 t2  0.0025101       0.0014670       0.7974650E-003  0.0078718                           
    20:p g41 c2005 c1 a6 t2  0.0019353       0.9375378E-003  0.7483347E-003  0.0049955                           
    21:r g41 c2005 c1 a0 t2  0.0423335       0.0023958       0.0378788       0.0472863                           
    22:F g41 c2005 c1 a0 t2  1.0000000       0.2350467E-005  0.9999954       1.0000046                           

 Attempted ordering of parameters by estimatibility:
  15  9 14 13  1 10  2 11  5  3 16  6  8 12  7  4
 Beta number 4 is a singular value.

     CPU Time in seconds for last procedure was 1.26

  Program  MARK  - Survival Rate Estimation with Capture-Recapture Data
   gfortran(Win64) Vers. 8.0 Jun 2014   31-Jan-2015 13:37:22    Page  011
 - - - - - - - - - - - - - - - - - - - - - - - - - - - - - - - - - - - - - -
 


  INPUT --- proc stop;

     CPU Time in minutes for this job was 0.02

     Time Start = 13:37:21.763   Time End = 13:37:22.096

     Wall Clock Time in minutes for this job was 0.01


          E X E C U T I O N   S U C C E S S F U L 
