
   Program  MARK  - Survival Rate Estimation with Capture-Recapture Data
   gfortran(Win64) Vers. 8.0 Jun 2014   25-Jan-2015 15:10:56    Page  001
 - - - - - - - - - - - - - - - - - - - - - - - - - - - - - - - - - - - - - -
 
   This version was compiled by GCC version 4.8.1 using the options 
   -m64 -mtune=generic -march=x86-64 -mthreads -O2 -fimplicit-none -fbounds-check -funroll-loops -ftree-vectorize -fopenmp.
   This problem will use 7 of 8 possible threads.


  INPUT --- proc title ;

     CPU Time in seconds for last procedure was 0.00


  INPUT --- proc chmatrix occasions= 7 groups= 6 etype= Both ICMeans 
  INPUT --- NoHist hist= 51 ;

  INPUT ---    time  interval 1 1 1 1 1 1 1 ;

  INPUT ---    glabel(1)=sex4.age1;

  INPUT ---    glabel(2)=sex5.age1;

  INPUT ---    glabel(3)=sex4.age2;

  INPUT ---    glabel(4)=sex5.age2;

  INPUT ---    glabel(5)=sex4.age4;

  INPUT ---    glabel(6)=sex5.age4;

   * *  WARNING  * *   At least a pair of the encounter histories are duplicates. 

      Number of unique encounter histories read was 17.

      Number of individual covariates read was 0.
      Time interval lengths are all equal to 1.

      Data type number is 3
      Data type is Joint Live and Dead Encounters (Burnham)                                                            

     CPU Time in seconds for last procedure was 0.02

  Program  MARK  - Survival Rate Estimation with Capture-Recapture Data
   gfortran(Win64) Vers. 8.0 Jun 2014   25-Jan-2015 15:10:56    Page  002
 - - - - - - - - - - - - - - - - - - - - - - - - - - - - - - - - - - - - - -
 


  INPUT --- proc estimate link=Logit NOLOOP varest=2ndPart    ;


  INPUT --- model={ S(~sex + time)p(~age)r(~sex)F(~1) };

  INPUT ---    group=1 S    rows=7 cols=7 Triang ;
  INPUT ---        1 2 3 4 5 6 7 ;
  INPUT ---        2 3 4 5 6 7 ;
  INPUT ---        3 4 5 6 7 ;
  INPUT ---        4 5 6 7 ;
  INPUT ---        5 6 7 ;
  INPUT ---        6 7 ;
  INPUT ---        7 ;

  INPUT ---    group=2 S    rows=7 cols=7 Triang ;
  INPUT ---        8 9 10 11 12 13 14 ;
  INPUT ---        9 10 11 12 13 14 ;
  INPUT ---        10 11 12 13 14 ;
  INPUT ---        11 12 13 14 ;
  INPUT ---        12 13 14 ;
  INPUT ---        13 14 ;
  INPUT ---        14 ;

  INPUT ---    group=3 S    rows=7 cols=7 Triang ;
  INPUT ---        1 2 3 4 5 6 7 ;
  INPUT ---        2 3 4 5 6 7 ;
  INPUT ---        3 4 5 6 7 ;
  INPUT ---        4 5 6 7 ;
  INPUT ---        5 6 7 ;
  INPUT ---        6 7 ;
  INPUT ---        7 ;

  INPUT ---    group=4 S    rows=7 cols=7 Triang ;
  INPUT ---        8 9 10 11 12 13 14 ;
  INPUT ---        9 10 11 12 13 14 ;
  INPUT ---        10 11 12 13 14 ;
  INPUT ---        11 12 13 14 ;
  INPUT ---        12 13 14 ;
  INPUT ---        13 14 ;
  INPUT ---        14 ;

  INPUT ---    group=5 S    rows=7 cols=7 Triang ;
  INPUT ---        1 2 3 4 5 6 7 ;
  INPUT ---        2 3 4 5 6 7 ;

  Program  MARK  - Survival Rate Estimation with Capture-Recapture Data
   gfortran(Win64) Vers. 8.0 Jun 2014   25-Jan-2015 15:10:56    Page  003
 - - - - - - - - - - - - - - - - - - - - - - - - - - - - - - - - - - - - - -
 
  INPUT ---        3 4 5 6 7 ;
  INPUT ---        4 5 6 7 ;
  INPUT ---        5 6 7 ;
  INPUT ---        6 7 ;
  INPUT ---        7 ;

  INPUT ---    group=6 S    rows=7 cols=7 Triang ;
  INPUT ---        8 9 10 11 12 13 14 ;
  INPUT ---        9 10 11 12 13 14 ;
  INPUT ---        10 11 12 13 14 ;
  INPUT ---        11 12 13 14 ;
  INPUT ---        12 13 14 ;
  INPUT ---        13 14 ;
  INPUT ---        14 ;

  INPUT ---    group=1 p    rows=6 cols=6 Triang ;
  INPUT ---        15 16 17 18 19 20 ;
  INPUT ---        15 16 17 18 19 ;
  INPUT ---        15 16 17 18 ;
  INPUT ---        15 16 17 ;
  INPUT ---        15 16 ;
  INPUT ---        15 ;

  INPUT ---    group=2 p    rows=6 cols=6 Triang ;
  INPUT ---        15 16 17 18 19 20 ;
  INPUT ---        15 16 17 18 19 ;
  INPUT ---        15 16 17 18 ;
  INPUT ---        15 16 17 ;
  INPUT ---        15 16 ;
  INPUT ---        15 ;

  INPUT ---    group=3 p    rows=6 cols=6 Triang ;
  INPUT ---        15 16 17 18 19 20 ;
  INPUT ---        15 16 17 18 19 ;
  INPUT ---        15 16 17 18 ;
  INPUT ---        15 16 17 ;
  INPUT ---        15 16 ;
  INPUT ---        15 ;

  INPUT ---    group=4 p    rows=6 cols=6 Triang ;
  INPUT ---        15 16 17 18 19 20 ;
  INPUT ---        15 16 17 18 19 ;
  INPUT ---        15 16 17 18 ;
  INPUT ---        15 16 17 ;
  INPUT ---        15 16 ;
  INPUT ---        15 ;

  Program  MARK  - Survival Rate Estimation with Capture-Recapture Data
   gfortran(Win64) Vers. 8.0 Jun 2014   25-Jan-2015 15:10:56    Page  004
 - - - - - - - - - - - - - - - - - - - - - - - - - - - - - - - - - - - - - -
 

  INPUT ---    group=5 p    rows=6 cols=6 Triang ;
  INPUT ---        15 16 17 18 19 20 ;
  INPUT ---        15 16 17 18 19 ;
  INPUT ---        15 16 17 18 ;
  INPUT ---        15 16 17 ;
  INPUT ---        15 16 ;
  INPUT ---        15 ;

  INPUT ---    group=6 p    rows=6 cols=6 Triang ;
  INPUT ---        15 16 17 18 19 20 ;
  INPUT ---        15 16 17 18 19 ;
  INPUT ---        15 16 17 18 ;
  INPUT ---        15 16 17 ;
  INPUT ---        15 16 ;
  INPUT ---        15 ;

  INPUT ---    group=1 r    rows=7 cols=7 Triang ;
  INPUT ---        21 21 21 21 21 21 21 ;
  INPUT ---        21 21 21 21 21 21 ;
  INPUT ---        21 21 21 21 21 ;
  INPUT ---        21 21 21 21 ;
  INPUT ---        21 21 21 ;
  INPUT ---        21 21 ;
  INPUT ---        21 ;

  INPUT ---    group=2 r    rows=7 cols=7 Triang ;
  INPUT ---        22 22 22 22 22 22 22 ;
  INPUT ---        22 22 22 22 22 22 ;
  INPUT ---        22 22 22 22 22 ;
  INPUT ---        22 22 22 22 ;
  INPUT ---        22 22 22 ;
  INPUT ---        22 22 ;
  INPUT ---        22 ;

  INPUT ---    group=3 r    rows=7 cols=7 Triang ;
  INPUT ---        21 21 21 21 21 21 21 ;
  INPUT ---        21 21 21 21 21 21 ;
  INPUT ---        21 21 21 21 21 ;
  INPUT ---        21 21 21 21 ;
  INPUT ---        21 21 21 ;
  INPUT ---        21 21 ;
  INPUT ---        21 ;

  INPUT ---    group=4 r    rows=7 cols=7 Triang ;
  INPUT ---        22 22 22 22 22 22 22 ;

  Program  MARK  - Survival Rate Estimation with Capture-Recapture Data
   gfortran(Win64) Vers. 8.0 Jun 2014   25-Jan-2015 15:10:56    Page  005
 - - - - - - - - - - - - - - - - - - - - - - - - - - - - - - - - - - - - - -
 
  INPUT ---        22 22 22 22 22 22 ;
  INPUT ---        22 22 22 22 22 ;
  INPUT ---        22 22 22 22 ;
  INPUT ---        22 22 22 ;
  INPUT ---        22 22 ;
  INPUT ---        22 ;

  INPUT ---    group=5 r    rows=7 cols=7 Triang ;
  INPUT ---        21 21 21 21 21 21 21 ;
  INPUT ---        21 21 21 21 21 21 ;
  INPUT ---        21 21 21 21 21 ;
  INPUT ---        21 21 21 21 ;
  INPUT ---        21 21 21 ;
  INPUT ---        21 21 ;
  INPUT ---        21 ;

  INPUT ---    group=6 r    rows=7 cols=7 Triang ;
  INPUT ---        22 22 22 22 22 22 22 ;
  INPUT ---        22 22 22 22 22 22 ;
  INPUT ---        22 22 22 22 22 ;
  INPUT ---        22 22 22 22 ;
  INPUT ---        22 22 22 ;
  INPUT ---        22 22 ;
  INPUT ---        22 ;

  INPUT ---    group=1 F    rows=6 cols=6 Triang ;
  INPUT ---        23 23 23 23 23 23 ;
  INPUT ---        23 23 23 23 23 ;
  INPUT ---        23 23 23 23 ;
  INPUT ---        23 23 23 ;
  INPUT ---        23 23 ;
  INPUT ---        23 ;

  INPUT ---    group=2 F    rows=6 cols=6 Triang ;
  INPUT ---        23 23 23 23 23 23 ;
  INPUT ---        23 23 23 23 23 ;
  INPUT ---        23 23 23 23 ;
  INPUT ---        23 23 23 ;
  INPUT ---        23 23 ;
  INPUT ---        23 ;

  INPUT ---    group=3 F    rows=6 cols=6 Triang ;
  INPUT ---        23 23 23 23 23 23 ;
  INPUT ---        23 23 23 23 23 ;
  INPUT ---        23 23 23 23 ;
  INPUT ---        23 23 23 ;

  Program  MARK  - Survival Rate Estimation with Capture-Recapture Data
   gfortran(Win64) Vers. 8.0 Jun 2014   25-Jan-2015 15:10:56    Page  006
 - - - - - - - - - - - - - - - - - - - - - - - - - - - - - - - - - - - - - -
 
  INPUT ---        23 23 ;
  INPUT ---        23 ;

  INPUT ---    group=4 F    rows=6 cols=6 Triang ;
  INPUT ---        23 23 23 23 23 23 ;
  INPUT ---        23 23 23 23 23 ;
  INPUT ---        23 23 23 23 ;
  INPUT ---        23 23 23 ;
  INPUT ---        23 23 ;
  INPUT ---        23 ;

  INPUT ---    group=5 F    rows=6 cols=6 Triang ;
  INPUT ---        23 23 23 23 23 23 ;
  INPUT ---        23 23 23 23 23 ;
  INPUT ---        23 23 23 23 ;
  INPUT ---        23 23 23 ;
  INPUT ---        23 23 ;
  INPUT ---        23 ;

  INPUT ---    group=6 F    rows=6 cols=6 Triang ;
  INPUT ---        23 23 23 23 23 23 ;
  INPUT ---        23 23 23 23 23 ;
  INPUT ---        23 23 23 23 ;
  INPUT ---        23 23 23 ;
  INPUT ---        23 23 ;
  INPUT ---        23 ;

  INPUT ---    design matrix constraints=23 covariates=17;
  INPUT ---        1 0 0 0 0 0 0 0 0 0 0 0 0 0 0 0 0;
  INPUT ---        1 0 1 0 0 0 0 0 0 0 0 0 0 0 0 0 0;
  INPUT ---        1 0 0 1 0 0 0 0 0 0 0 0 0 0 0 0 0;
  INPUT ---        1 0 0 0 1 0 0 0 0 0 0 0 0 0 0 0 0;
  INPUT ---        1 0 0 0 0 1 0 0 0 0 0 0 0 0 0 0 0;
  INPUT ---        1 0 0 0 0 0 1 0 0 0 0 0 0 0 0 0 0;
  INPUT ---        1 0 0 0 0 0 0 1 0 0 0 0 0 0 0 0 0;
  INPUT ---        1 1 0 0 0 0 0 0 0 0 0 0 0 0 0 0 0;
  INPUT ---        1 1 1 0 0 0 0 0 0 0 0 0 0 0 0 0 0;
  INPUT ---        1 1 0 1 0 0 0 0 0 0 0 0 0 0 0 0 0;
  INPUT ---        1 1 0 0 1 0 0 0 0 0 0 0 0 0 0 0 0;
  INPUT ---        1 1 0 0 0 1 0 0 0 0 0 0 0 0 0 0 0;
  INPUT ---        1 1 0 0 0 0 1 0 0 0 0 0 0 0 0 0 0;
  INPUT ---        1 1 0 0 0 0 0 1 0 0 0 0 0 0 0 0 0;
  INPUT ---        0 0 0 0 0 0 0 0 1 0 0 0 0 0 0 0 0;
  INPUT ---        0 0 0 0 0 0 0 0 1 1 0 0 0 0 0 0 0;
  INPUT ---        0 0 0 0 0 0 0 0 1 0 1 0 0 0 0 0 0;
  INPUT ---        0 0 0 0 0 0 0 0 1 0 0 1 0 0 0 0 0;

  Program  MARK  - Survival Rate Estimation with Capture-Recapture Data
   gfortran(Win64) Vers. 8.0 Jun 2014   25-Jan-2015 15:10:56    Page  007
 - - - - - - - - - - - - - - - - - - - - - - - - - - - - - - - - - - - - - -
 
  INPUT ---        0 0 0 0 0 0 0 0 1 0 0 0 1 0 0 0 0;
  INPUT ---        0 0 0 0 0 0 0 0 1 0 0 0 0 1 0 0 0;
  INPUT ---        0 0 0 0 0 0 0 0 0 0 0 0 0 0 1 0 0;
  INPUT ---        0 0 0 0 0 0 0 0 0 0 0 0 0 0 1 1 0;
  INPUT ---        0 0 0 0 0 0 0 0 0 0 0 0 0 0 0 0 1;

  INPUT ---    blabel(1)=S:(Intercept);

  INPUT ---    blabel(2)=S:sex5;

  INPUT ---    blabel(3)=S:time2006;

  INPUT ---    blabel(4)=S:time2007;

  INPUT ---    blabel(5)=S:time2008;

  INPUT ---    blabel(6)=S:time2009;

  INPUT ---    blabel(7)=S:time2010;

  INPUT ---    blabel(8)=S:time2011;

  INPUT ---    blabel(9)=p:(Intercept);

  INPUT ---    blabel(10)=p:age2;

  INPUT ---    blabel(11)=p:age3;

  INPUT ---    blabel(12)=p:age4;

  INPUT ---    blabel(13)=p:age5;

  INPUT ---    blabel(14)=p:age6;

  INPUT ---    blabel(15)=r:(Intercept);

  INPUT ---    blabel(16)=r:sex5;

  INPUT ---    blabel(17)=F:(Intercept);

  INPUT ---    rlabel(1)=S g41 c2005 c1 a0 t2005;

  INPUT ---    rlabel(2)=S g41 c2005 c1 a1 t2006;

  INPUT ---    rlabel(3)=S g41 c2005 c1 a2 t2007;


  Program  MARK  - Survival Rate Estimation with Capture-Recapture Data
   gfortran(Win64) Vers. 8.0 Jun 2014   25-Jan-2015 15:10:56    Page  008
 - - - - - - - - - - - - - - - - - - - - - - - - - - - - - - - - - - - - - -
 
  INPUT ---    rlabel(4)=S g41 c2005 c1 a3 t2008;

  INPUT ---    rlabel(5)=S g41 c2005 c1 a4 t2009;

  INPUT ---    rlabel(6)=S g41 c2005 c1 a5 t2010;

  INPUT ---    rlabel(7)=S g41 c2005 c1 a6 t2011;

  INPUT ---    rlabel(8)=S g51 c2005 c1 a0 t2005;

  INPUT ---    rlabel(9)=S g51 c2005 c1 a1 t2006;

  INPUT ---    rlabel(10)=S g51 c2005 c1 a2 t2007;

  INPUT ---    rlabel(11)=S g51 c2005 c1 a3 t2008;

  INPUT ---    rlabel(12)=S g51 c2005 c1 a4 t2009;

  INPUT ---    rlabel(13)=S g51 c2005 c1 a5 t2010;

  INPUT ---    rlabel(14)=S g51 c2005 c1 a6 t2011;

  INPUT ---    rlabel(15)=p g41 c2005 c1 a1 t2006;

  INPUT ---    rlabel(16)=p g41 c2005 c1 a2 t2007;

  INPUT ---    rlabel(17)=p g41 c2005 c1 a3 t2008;

  INPUT ---    rlabel(18)=p g41 c2005 c1 a4 t2009;

  INPUT ---    rlabel(19)=p g41 c2005 c1 a5 t2010;

  INPUT ---    rlabel(20)=p g41 c2005 c1 a6 t2011;

  INPUT ---    rlabel(21)=r g41 c2005 c1 a0 t2005;

  INPUT ---    rlabel(22)=r g51 c2005 c1 a0 t2005;

  INPUT ---    rlabel(23)=F g41 c2005 c1 a0 t2005;

 Link Function Used is LOGIT        

 Variance Estimation Procedure Used is 2ndPart 

 M(t+1):

  Program  MARK  - Survival Rate Estimation with Capture-Recapture Data
   gfortran(Win64) Vers. 8.0 Jun 2014   25-Jan-2015 15:10:56    Page  009
 - - - - - - - - - - - - - - - - - - - - - - - - - - - - - - - - - - - - - -
 



 -2logL(saturated) = 1739.8188     
 Effective Sample Size = 7075

 Number of function evaluations was 57 for 17 parameters.
 Time for numerical optimization was 1.05 seconds.
 -2logL { S(~sex + time)p(~age)r(~sex)F(~1) } = 2659.3516     
 Penalty { S(~sex + time)p(~age)r(~sex)F(~1) } = -0.0000000    
 Gradient { S(~sex + time)p(~age)r(~sex)F(~1) }:
 -0.5944581E-04 0.8843177E-04-0.1799363E-04 0.1771691E-04-0.6089668E-04
  0.9529231E-05  0.000000      0.000000    -0.6175329E-05 0.4349732E-04
  0.1746431E-04-0.2987537E-04  0.000000      0.000000    -0.9690134E-03
 -0.3117852E-03-0.6817555E-05
 S Vector { S(~sex + time)p(~age)r(~sex)F(~1) }:
   380.9836      53.73110      22.04195      8.045468      2.433291    
   1.967295      1.548730     0.5564967     0.3416026     0.1972825    
  0.5217906E-04 0.4719290E-05 0.2666790E-05 0.1840460E-07 0.6672991E-08
  0.4131476E-08 0.7642574E-09
 Time to compute number of parameters was 0.50 seconds.
   Threshold =  0.3600000E-06     Condition index =  0.2006011E-11     New Threshold =  0.3151114E-08
 New Guessimate of Estimated Parameters { S(~sex + time)p(~age)r(~sex)F(~1) } = 13          
 Conditioned S Vector { S(~sex + time)p(~age)r(~sex)F(~1) }:
   1.000000     0.1410326     0.5785537E-01 0.2111762E-01 0.6386864E-02
  0.5163725E-02 0.4065082E-02 0.1460684E-02 0.8966333E-03 0.5178240E-03
  0.1369588E-06 0.1238712E-07 0.6999748E-08 0.4830812E-10 0.1751516E-10
  0.1084424E-10 0.2006011E-11
 Number of Estimated Parameters { S(~sex + time)p(~age)r(~sex)F(~1) } = 10          
 DEVIANCE { S(~sex + time)p(~age)r(~sex)F(~1) } = 919.53289                     
 DEVIANCE Degrees of Freedom { S(~sex + time)p(~age)r(~sex)F(~1) } = 5            
 c-hat { S(~sex + time)p(~age)r(~sex)F(~1) } = 183.90658                     
 AIC { S(~sex + time)p(~age)r(~sex)F(~1) } = 2679.3516                  
 AICc { S(~sex + time)p(~age)r(~sex)F(~1) } = 2679.3828                    
 BIC { S(~sex + time)p(~age)r(~sex)F(~1) } = 2747.9949                    
 Pearson Chisquare { S(~sex + time)p(~age)r(~sex)F(~1) } = Not a Number               
 Possible Encounter Histories { S(~sex + time)p(~age)r(~sex)F(~1) } = 896             
 Pearson Chisquare df { S(~sex + time)p(~age)r(~sex)F(~1) } = 850        
 Pearson chat { S(~sex + time)p(~age)r(~sex)F(~1) } = Not a Number               
 Sum(Observed/Expected) { S(~sex + time)p(~age)r(~sex)F(~1) } = Not a Number               
 Fletcher chat { S(~sex + time)p(~age)r(~sex)F(~1) } = Not a Number               


            LOGIT Link Function Parameters of { S(~sex + time)p(~age)r(~sex)F(~1) }
                                                              95% Confidence Interval
 Parameter                    Beta         Standard Error      Lower           Upper
 -------------------------  --------------  --------------  --------------  --------------
    1:S:(Intercept)         60.963212       0.0000000       60.963212       60.963212     
    2:S:sex5                -0.0284705      0.5918214       -1.1884406      1.1314995     
    3:S:time2006            -62.181707      0.0000000       -62.181707      -62.181707    
    4:S:time2007            -60.601805      0.0000000       -60.601805      -60.601805    
    5:S:time2008            -65.460954      0.0000000       -65.460954      -65.460954    
    6:S:time2009            3.7721307       0.0000000       3.7721307       3.7721307     
    7:S:time2010            23.786646       0.0000000       23.786646       23.786646     
    8:S:time2011            -89.775663      0.0000000       -89.775663      -89.775663    
    9:p:(Intercept)         -6.3639373      0.4354465       -7.2174124      -5.5104621    
   10:p:age2                -0.0454606      0.8387468       -1.6894044      1.5984831     
   11:p:age3                1.6038660       1.3044887       -0.9529319      4.1606639     
   12:p:age4                5.0885924       1.3854386       2.3731327       7.8040521     
   13:p:age5                -42.095612      0.0000000       -42.095612      -42.095612    
   14:p:age6                159.89357       0.0000000       159.89357       159.89357     

  Program  MARK  - Survival Rate Estimation with Capture-Recapture Data
   gfortran(Win64) Vers. 8.0 Jun 2014   25-Jan-2015 15:10:57    Page  010
 - - - - - - - - - - - - - - - - - - - - - - - - - - - - - - - - - - - - - -
 
   15:r:(Intercept)         -3.1297433      0.0851360       -3.2966098      -2.9628768    
   16:r:sex5                0.0209692       0.1182702       -0.2108404      0.2527789     
   17:F:(Intercept)         12.340481       459.71007       -888.69128      913.37224     


            Real Function Parameters of { S(~sex + time)p(~age)r(~sex)F(~1) }
                                                               95% Confidence Interval
  Parameter                  Estimate       Standard Error      Lower           Upper
 --------------------------  --------------  --------------  --------------  --------------
     1:S g41 c2005 c1 a0 t2  1.0000000       0.0000000       1.0000000       1.0000000                           
     2:S g41 c2005 c1 a1 t2  0.2282014       0.2037480       0.0297164       0.7405637                           
     3:S g41 c2005 c1 a2 t2  0.5893810       0.5188660       0.0210251       0.9896831                           
     4:S g41 c2005 c1 a3 t2  0.0110115       0.0131514       0.0010429       0.1061403                           
     5:S g41 c2005 c1 a4 t2  1.0000000       0.0000000       1.0000000       1.0000000                           
     6:S g41 c2005 c1 a5 t2  1.0000000       0.0000000       1.0000000       1.0000000                           
     7:S g41 c2005 c1 a6 t2  0.3068396E-012  0.0000000       0.3068396E-012  0.3068396E-012                      
     8:S g51 c2005 c1 a0 t2  1.0000000       0.0000000       1.0000000       1.0000000                           
     9:S g51 c2005 c1 a1 t2  0.2232258       0.2017534       0.0285396       0.7376083                           
    10:S g51 c2005 c1 a2 t2  0.5824737       0.5364022       0.0181623       0.9905846                           
    11:S g51 c2005 c1 a3 t2  0.0107057       0.0123926       0.0010910       0.0968414                           
    12:S g51 c2005 c1 a4 t2  1.0000000       0.0000000       1.0000000       1.0000000                           
    13:S g51 c2005 c1 a5 t2  1.0000000       0.0000000       1.0000000       1.0000000                           
    14:S g51 c2005 c1 a6 t2  0.2982269E-012  0.0000000       0.2982269E-012  0.2982269E-012                      
    15:p g41 c2005 c1 a1 t2  0.0017196       0.7475101E-003  0.7331605E-003  0.0040279                           
    16:p g41 c2005 c1 a2 t2  0.0016433       0.0012014       0.3916584E-003  0.0068675                           
    17:p g41 c2005 c1 a3 t2  0.0084923       0.0110457       0.6543388E-003  0.1007506                           
    18:p g41 c2005 c1 a4 t2  0.2183437       0.2272401       0.0201340       0.7915541                           
    19:p g41 c2005 c1 a5 t2  0.9000883E-021  0.0000000       0.9000883E-021  0.9000883E-021                      
    20:p g41 c2005 c1 a6 t2  1.0000000       0.0000000       1.0000000       1.0000000                           
    21:r g41 c2005 c1 a0 t2  0.0418969       0.0034175       0.0356877       0.0491314                           
    22:r g51 c2005 c1 a0 t2  0.0427468       0.0033593       0.0366261       0.0498375                           
    23:F g41 c2005 c1 a0 t2  0.9999956       0.0020095       0.2255619E-298  1.0000000                           

 Attempted ordering of parameters by estimatibility:
  15 16  1  9  2 10 12 11  3  4  5 17  6 13  8 14  7
 Beta number 7 is a singular value.

     CPU Time in seconds for last procedure was 1.54

  Program  MARK  - Survival Rate Estimation with Capture-Recapture Data
   gfortran(Win64) Vers. 8.0 Jun 2014   25-Jan-2015 15:10:57    Page  011
 - - - - - - - - - - - - - - - - - - - - - - - - - - - - - - - - - - - - - -
 


  INPUT --- proc stop;

     CPU Time in minutes for this job was 0.03

     Time Start = 15:10:56.830   Time End = 15:10:57.202

     Wall Clock Time in minutes for this job was 0.01


          E X E C U T I O N   S U C C E S S F U L 
