
   Program  MARK  - Survival Rate Estimation with Capture-Recapture Data
   gfortran(Win64) Vers. 8.0 Jun 2014   13-Jan-2015 12:23:19    Page  001
 - - - - - - - - - - - - - - - - - - - - - - - - - - - - - - - - - - - - - -
 
   This version was compiled by GCC version 4.8.1 using the options 
   -m64 -mtune=generic -march=x86-64 -mthreads -O2 -fimplicit-none -fbounds-check -funroll-loops -ftree-vectorize -fopenmp.
   This problem will use 3 of 4 possible threads.


  INPUT --- proc title ;

     CPU Time in seconds for last procedure was 0.00


  INPUT --- proc chmatrix occasions= 15 groups= 1 etype= Both ICMeans 
  INPUT --- NoHist hist= 160 ;

  INPUT ---    time  interval 1 1 1 1 1 1 1 1 1 1 1 1 1 1 1 ;

  INPUT ---    glabel(1)=Group 1;

      Number of unique encounter histories read was 160.

      Number of individual covariates read was 0.
      Time interval lengths are all equal to 1.

      Data type number is 3
      Data type is Joint Live and Dead Encounters (Burnham)                                                            

     CPU Time in seconds for last procedure was 0.02

  Program  MARK  - Survival Rate Estimation with Capture-Recapture Data
   gfortran(Win64) Vers. 8.0 Jun 2014   13-Jan-2015 12:23:19    Page  002
 - - - - - - - - - - - - - - - - - - - - - - - - - - - - - - - - - - - - - -
 


  INPUT --- proc estimate link=Logit NOLOOP varest=2ndPart    ;


  INPUT --- model={ S(~1)p(~1)r(~1)F(~1) };

  INPUT ---    group=1 S    rows=15 cols=15 Triang ;
  INPUT ---        1 1 1 1 1 1 1 1 1 1 1 1 1 1 1 ;
  INPUT ---        1 1 1 1 1 1 1 1 1 1 1 1 1 1 ;
  INPUT ---        1 1 1 1 1 1 1 1 1 1 1 1 1 ;
  INPUT ---        1 1 1 1 1 1 1 1 1 1 1 1 ;
  INPUT ---        1 1 1 1 1 1 1 1 1 1 1 ;
  INPUT ---        1 1 1 1 1 1 1 1 1 1 ;
  INPUT ---        1 1 1 1 1 1 1 1 1 ;
  INPUT ---        1 1 1 1 1 1 1 1 ;
  INPUT ---        1 1 1 1 1 1 1 ;
  INPUT ---        1 1 1 1 1 1 ;
  INPUT ---        1 1 1 1 1 ;
  INPUT ---        1 1 1 1 ;
  INPUT ---        1 1 1 ;
  INPUT ---        1 1 ;
  INPUT ---        1 ;

  INPUT ---    group=1 p    rows=14 cols=14 Triang ;
  INPUT ---        2 2 2 2 2 2 2 2 2 2 2 2 2 2 ;
  INPUT ---        2 2 2 2 2 2 2 2 2 2 2 2 2 ;
  INPUT ---        2 2 2 2 2 2 2 2 2 2 2 2 ;
  INPUT ---        2 2 2 2 2 2 2 2 2 2 2 ;
  INPUT ---        2 2 2 2 2 2 2 2 2 2 ;
  INPUT ---        2 2 2 2 2 2 2 2 2 ;
  INPUT ---        2 2 2 2 2 2 2 2 ;
  INPUT ---        2 2 2 2 2 2 2 ;
  INPUT ---        2 2 2 2 2 2 ;
  INPUT ---        2 2 2 2 2 ;
  INPUT ---        2 2 2 2 ;
  INPUT ---        2 2 2 ;
  INPUT ---        2 2 ;
  INPUT ---        2 ;

  INPUT ---    group=1 r    rows=15 cols=15 Triang ;
  INPUT ---        3 3 3 3 3 3 3 3 3 3 3 3 3 3 3 ;
  INPUT ---        3 3 3 3 3 3 3 3 3 3 3 3 3 3 ;
  INPUT ---        3 3 3 3 3 3 3 3 3 3 3 3 3 ;
  INPUT ---        3 3 3 3 3 3 3 3 3 3 3 3 ;
  INPUT ---        3 3 3 3 3 3 3 3 3 3 3 ;

  Program  MARK  - Survival Rate Estimation with Capture-Recapture Data
   gfortran(Win64) Vers. 8.0 Jun 2014   13-Jan-2015 12:23:19    Page  003
 - - - - - - - - - - - - - - - - - - - - - - - - - - - - - - - - - - - - - -
 
  INPUT ---        3 3 3 3 3 3 3 3 3 3 ;
  INPUT ---        3 3 3 3 3 3 3 3 3 ;
  INPUT ---        3 3 3 3 3 3 3 3 ;
  INPUT ---        3 3 3 3 3 3 3 ;
  INPUT ---        3 3 3 3 3 3 ;
  INPUT ---        3 3 3 3 3 ;
  INPUT ---        3 3 3 3 ;
  INPUT ---        3 3 3 ;
  INPUT ---        3 3 ;
  INPUT ---        3 ;

  INPUT ---    group=1 F    rows=14 cols=14 Triang ;
  INPUT ---        4 4 4 4 4 4 4 4 4 4 4 4 4 4 ;
  INPUT ---        4 4 4 4 4 4 4 4 4 4 4 4 4 ;
  INPUT ---        4 4 4 4 4 4 4 4 4 4 4 4 ;
  INPUT ---        4 4 4 4 4 4 4 4 4 4 4 ;
  INPUT ---        4 4 4 4 4 4 4 4 4 4 ;
  INPUT ---        4 4 4 4 4 4 4 4 4 ;
  INPUT ---        4 4 4 4 4 4 4 4 ;
  INPUT ---        4 4 4 4 4 4 4 ;
  INPUT ---        4 4 4 4 4 4 ;
  INPUT ---        4 4 4 4 4 ;
  INPUT ---        4 4 4 4 ;
  INPUT ---        4 4 4 ;
  INPUT ---        4 4 ;
  INPUT ---        4 ;

  INPUT ---    design matrix constraints=4 covariates=4;
  INPUT ---        1 0 0 0;
  INPUT ---        0 1 0 0;
  INPUT ---        0 0 1 0;
  INPUT ---        0 0 0 1;

  INPUT ---    blabel(1)=S:(Intercept);

  INPUT ---    blabel(2)=p:(Intercept);

  INPUT ---    blabel(3)=r:(Intercept);

  INPUT ---    blabel(4)=F:(Intercept);

  INPUT ---    rlabel(1)=S g1 c1 c1 a0 t1;

  INPUT ---    rlabel(2)=p g1 c1 c1 a1 t2;

  INPUT ---    rlabel(3)=r g1 c1 c1 a0 t1;

  Program  MARK  - Survival Rate Estimation with Capture-Recapture Data
   gfortran(Win64) Vers. 8.0 Jun 2014   13-Jan-2015 12:23:19    Page  004
 - - - - - - - - - - - - - - - - - - - - - - - - - - - - - - - - - - - - - -
 

  INPUT ---    rlabel(4)=F g1 c1 c1 a0 t1;

 Link Function Used is LOGIT        

 Variance Estimation Procedure Used is 2ndPart 
 -2logL(saturated) = 24508.825     
 Effective Sample Size = 17362

 Number of function evaluations was 41 for 4 parameters.
 Time for numerical optimization was 0.09 seconds.
 -2logL { S(~1)p(~1)r(~1)F(~1) } = 25763.519     
 Penalty { S(~1)p(~1)r(~1)F(~1) } = -0.0000000    
 Gradient { S(~1)p(~1)r(~1)F(~1) }:
 -0.1422316E-02 0.4284579E-02-0.1668947E-01 0.2573913E-04
 S Vector { S(~1)p(~1)r(~1)F(~1) }:
   2440.849      864.0890      68.23258     0.2397523E-04
 Time to compute number of parameters was 0.05 seconds.
   Threshold =  0.1000000E-06     Condition index =  0.9822496E-08     New Threshold =  0.4795046E-04
 New Guessimate of Estimated Parameters { S(~1)p(~1)r(~1)F(~1) } = 3          
 Conditioned S Vector { S(~1)p(~1)r(~1)F(~1) }:
   1.000000     0.3540117     0.2795444E-01 0.9822496E-08
 Number of Estimated Parameters { S(~1)p(~1)r(~1)F(~1) } = 3          
 DEVIANCE { S(~1)p(~1)r(~1)F(~1) } = 1254.6944                     
 DEVIANCE Degrees of Freedom { S(~1)p(~1)r(~1)F(~1) } = 142            
 c-hat { S(~1)p(~1)r(~1)F(~1) } = 8.8358764                     
 AIC { S(~1)p(~1)r(~1)F(~1) } = 25769.519                  
 AICc { S(~1)p(~1)r(~1)F(~1) } = 25769.521                    
 BIC { S(~1)p(~1)r(~1)F(~1) } = 25792.805                    
 Pearson Chisquare { S(~1)p(~1)r(~1)F(~1) } = 7406.7433                  
 Possible Encounter Histories { S(~1)p(~1)r(~1)F(~1) } = 32902             
 Pearson Chisquare df { S(~1)p(~1)r(~1)F(~1) } = 32884        
 Pearson chat { S(~1)p(~1)r(~1)F(~1) } = 0.2252385                  
 Sum(Observed/Expected) { S(~1)p(~1)r(~1)F(~1) } = 6428.5514                  
 Fletcher chat { S(~1)p(~1)r(~1)F(~1) } = 1.1527943                  


                   LOGIT Link Function Parameters of { S(~1)p(~1)r(~1)F(~1) }
                                                              95% Confidence Interval
 Parameter                    Beta         Standard Error      Lower           Upper
 -------------------------  --------------  --------------  --------------  --------------
    1:S:(Intercept)         1.0462282       0.0324077       0.9827091       1.1097473     
    2:p:(Intercept)         -6.2172373      0.1209077       -6.4542164      -5.9802582    
    3:r:(Intercept)         -1.3759877      0.0235599       -1.4221652      -1.3298103    
    4:F:(Intercept)         13.134037       204.22956       -387.15592      413.42399     


                   Real Function Parameters of { S(~1)p(~1)r(~1)F(~1) }
                                                               95% Confidence Interval
  Parameter                  Estimate       Standard Error      Lower           Upper
 --------------------------  --------------  --------------  --------------  --------------
     1:S g1 c1 c1 a0 t1      0.7400500       0.0062345       0.7276454       0.7520820                           
     2:p g1 c1 c1 a1 t2      0.0019908       0.2402211E-003  0.0015714       0.0025218                           
     3:r g1 c1 c1 a0 t1      0.2016542       0.0037929       0.1943224       0.2091907                           
     4:F g1 c1 c1 a0 t1      0.9999980       0.4037171E-003  0.7249736E-168  1.0000000                           

 Attempted ordering of parameters by estimatibility:
  3 1 2 4
 Beta number 4 is a singular value.

     CPU Time in seconds for last procedure was 0.14

  Program  MARK  - Survival Rate Estimation with Capture-Recapture Data
   gfortran(Win64) Vers. 8.0 Jun 2014   13-Jan-2015 12:23:19    Page  005
 - - - - - - - - - - - - - - - - - - - - - - - - - - - - - - - - - - - - - -
 


  INPUT --- proc stop;

     CPU Time in minutes for this job was 0.00

     Time Start = 12:23:19.548   Time End = 12:23:19.607

     Wall Clock Time in minutes for this job was 0.00


          E X E C U T I O N   S U C C E S S F U L 
