
   Program  MARK  - Survival Rate Estimation with Capture-Recapture Data
   gfortran(Win64) Vers. 8.0 Jun 2014   25-Jan-2015 15:11:52    Page  001
 - - - - - - - - - - - - - - - - - - - - - - - - - - - - - - - - - - - - - -
 
   This version was compiled by GCC version 4.8.1 using the options 
   -m64 -mtune=generic -march=x86-64 -mthreads -O2 -fimplicit-none -fbounds-check -funroll-loops -ftree-vectorize -fopenmp.
   This problem will use 7 of 8 possible threads.


  INPUT --- proc title ;

     CPU Time in seconds for last procedure was 0.00


  INPUT --- proc chmatrix occasions= 7 groups= 6 etype= Both ICMeans 
  INPUT --- NoHist hist= 51 ;

  INPUT ---    time  interval 1 1 1 1 1 1 1 ;

  INPUT ---    glabel(1)=sex4.age1;

  INPUT ---    glabel(2)=sex5.age1;

  INPUT ---    glabel(3)=sex4.age2;

  INPUT ---    glabel(4)=sex5.age2;

  INPUT ---    glabel(5)=sex4.age4;

  INPUT ---    glabel(6)=sex5.age4;

   * *  WARNING  * *   At least a pair of the encounter histories are duplicates. 

      Number of unique encounter histories read was 17.

      Number of individual covariates read was 0.
      Time interval lengths are all equal to 1.

      Data type number is 3
      Data type is Joint Live and Dead Encounters (Burnham)                                                            

     CPU Time in seconds for last procedure was 0.00

  Program  MARK  - Survival Rate Estimation with Capture-Recapture Data
   gfortran(Win64) Vers. 8.0 Jun 2014   25-Jan-2015 15:11:52    Page  002
 - - - - - - - - - - - - - - - - - - - - - - - - - - - - - - - - - - - - - -
 


  INPUT --- proc estimate link=Logit NOLOOP varest=2ndPart    ;


  INPUT --- model={ S(~sex)p(~age + sex)r(~age + sex)F(~1) };

  INPUT ---    group=1 S    rows=7 cols=7 Triang ;
  INPUT ---        1 1 1 1 1 1 1 ;
  INPUT ---        1 1 1 1 1 1 ;
  INPUT ---        1 1 1 1 1 ;
  INPUT ---        1 1 1 1 ;
  INPUT ---        1 1 1 ;
  INPUT ---        1 1 ;
  INPUT ---        1 ;

  INPUT ---    group=2 S    rows=7 cols=7 Triang ;
  INPUT ---        2 2 2 2 2 2 2 ;
  INPUT ---        2 2 2 2 2 2 ;
  INPUT ---        2 2 2 2 2 ;
  INPUT ---        2 2 2 2 ;
  INPUT ---        2 2 2 ;
  INPUT ---        2 2 ;
  INPUT ---        2 ;

  INPUT ---    group=3 S    rows=7 cols=7 Triang ;
  INPUT ---        1 1 1 1 1 1 1 ;
  INPUT ---        1 1 1 1 1 1 ;
  INPUT ---        1 1 1 1 1 ;
  INPUT ---        1 1 1 1 ;
  INPUT ---        1 1 1 ;
  INPUT ---        1 1 ;
  INPUT ---        1 ;

  INPUT ---    group=4 S    rows=7 cols=7 Triang ;
  INPUT ---        2 2 2 2 2 2 2 ;
  INPUT ---        2 2 2 2 2 2 ;
  INPUT ---        2 2 2 2 2 ;
  INPUT ---        2 2 2 2 ;
  INPUT ---        2 2 2 ;
  INPUT ---        2 2 ;
  INPUT ---        2 ;

  INPUT ---    group=5 S    rows=7 cols=7 Triang ;
  INPUT ---        1 1 1 1 1 1 1 ;
  INPUT ---        1 1 1 1 1 1 ;

  Program  MARK  - Survival Rate Estimation with Capture-Recapture Data
   gfortran(Win64) Vers. 8.0 Jun 2014   25-Jan-2015 15:11:52    Page  003
 - - - - - - - - - - - - - - - - - - - - - - - - - - - - - - - - - - - - - -
 
  INPUT ---        1 1 1 1 1 ;
  INPUT ---        1 1 1 1 ;
  INPUT ---        1 1 1 ;
  INPUT ---        1 1 ;
  INPUT ---        1 ;

  INPUT ---    group=6 S    rows=7 cols=7 Triang ;
  INPUT ---        2 2 2 2 2 2 2 ;
  INPUT ---        2 2 2 2 2 2 ;
  INPUT ---        2 2 2 2 2 ;
  INPUT ---        2 2 2 2 ;
  INPUT ---        2 2 2 ;
  INPUT ---        2 2 ;
  INPUT ---        2 ;

  INPUT ---    group=1 p    rows=6 cols=6 Triang ;
  INPUT ---        3 4 5 6 7 8 ;
  INPUT ---        3 4 5 6 7 ;
  INPUT ---        3 4 5 6 ;
  INPUT ---        3 4 5 ;
  INPUT ---        3 4 ;
  INPUT ---        3 ;

  INPUT ---    group=2 p    rows=6 cols=6 Triang ;
  INPUT ---        9 10 11 12 13 14 ;
  INPUT ---        9 10 11 12 13 ;
  INPUT ---        9 10 11 12 ;
  INPUT ---        9 10 11 ;
  INPUT ---        9 10 ;
  INPUT ---        9 ;

  INPUT ---    group=3 p    rows=6 cols=6 Triang ;
  INPUT ---        3 4 5 6 7 8 ;
  INPUT ---        3 4 5 6 7 ;
  INPUT ---        3 4 5 6 ;
  INPUT ---        3 4 5 ;
  INPUT ---        3 4 ;
  INPUT ---        3 ;

  INPUT ---    group=4 p    rows=6 cols=6 Triang ;
  INPUT ---        9 10 11 12 13 14 ;
  INPUT ---        9 10 11 12 13 ;
  INPUT ---        9 10 11 12 ;
  INPUT ---        9 10 11 ;
  INPUT ---        9 10 ;
  INPUT ---        9 ;

  Program  MARK  - Survival Rate Estimation with Capture-Recapture Data
   gfortran(Win64) Vers. 8.0 Jun 2014   25-Jan-2015 15:11:52    Page  004
 - - - - - - - - - - - - - - - - - - - - - - - - - - - - - - - - - - - - - -
 

  INPUT ---    group=5 p    rows=6 cols=6 Triang ;
  INPUT ---        3 4 5 6 7 8 ;
  INPUT ---        3 4 5 6 7 ;
  INPUT ---        3 4 5 6 ;
  INPUT ---        3 4 5 ;
  INPUT ---        3 4 ;
  INPUT ---        3 ;

  INPUT ---    group=6 p    rows=6 cols=6 Triang ;
  INPUT ---        9 10 11 12 13 14 ;
  INPUT ---        9 10 11 12 13 ;
  INPUT ---        9 10 11 12 ;
  INPUT ---        9 10 11 ;
  INPUT ---        9 10 ;
  INPUT ---        9 ;

  INPUT ---    group=1 r    rows=7 cols=7 Triang ;
  INPUT ---        15 16 17 18 19 20 21 ;
  INPUT ---        15 16 17 18 19 20 ;
  INPUT ---        15 16 17 18 19 ;
  INPUT ---        15 16 17 18 ;
  INPUT ---        15 16 17 ;
  INPUT ---        15 16 ;
  INPUT ---        15 ;

  INPUT ---    group=2 r    rows=7 cols=7 Triang ;
  INPUT ---        22 23 24 25 26 27 28 ;
  INPUT ---        22 23 24 25 26 27 ;
  INPUT ---        22 23 24 25 26 ;
  INPUT ---        22 23 24 25 ;
  INPUT ---        22 23 24 ;
  INPUT ---        22 23 ;
  INPUT ---        22 ;

  INPUT ---    group=3 r    rows=7 cols=7 Triang ;
  INPUT ---        15 16 17 18 19 20 21 ;
  INPUT ---        15 16 17 18 19 20 ;
  INPUT ---        15 16 17 18 19 ;
  INPUT ---        15 16 17 18 ;
  INPUT ---        15 16 17 ;
  INPUT ---        15 16 ;
  INPUT ---        15 ;

  INPUT ---    group=4 r    rows=7 cols=7 Triang ;
  INPUT ---        22 23 24 25 26 27 28 ;

  Program  MARK  - Survival Rate Estimation with Capture-Recapture Data
   gfortran(Win64) Vers. 8.0 Jun 2014   25-Jan-2015 15:11:52    Page  005
 - - - - - - - - - - - - - - - - - - - - - - - - - - - - - - - - - - - - - -
 
  INPUT ---        22 23 24 25 26 27 ;
  INPUT ---        22 23 24 25 26 ;
  INPUT ---        22 23 24 25 ;
  INPUT ---        22 23 24 ;
  INPUT ---        22 23 ;
  INPUT ---        22 ;

  INPUT ---    group=5 r    rows=7 cols=7 Triang ;
  INPUT ---        15 16 17 18 19 20 21 ;
  INPUT ---        15 16 17 18 19 20 ;
  INPUT ---        15 16 17 18 19 ;
  INPUT ---        15 16 17 18 ;
  INPUT ---        15 16 17 ;
  INPUT ---        15 16 ;
  INPUT ---        15 ;

  INPUT ---    group=6 r    rows=7 cols=7 Triang ;
  INPUT ---        22 23 24 25 26 27 28 ;
  INPUT ---        22 23 24 25 26 27 ;
  INPUT ---        22 23 24 25 26 ;
  INPUT ---        22 23 24 25 ;
  INPUT ---        22 23 24 ;
  INPUT ---        22 23 ;
  INPUT ---        22 ;

  INPUT ---    group=1 F    rows=6 cols=6 Triang ;
  INPUT ---        29 29 29 29 29 29 ;
  INPUT ---        29 29 29 29 29 ;
  INPUT ---        29 29 29 29 ;
  INPUT ---        29 29 29 ;
  INPUT ---        29 29 ;
  INPUT ---        29 ;

  INPUT ---    group=2 F    rows=6 cols=6 Triang ;
  INPUT ---        29 29 29 29 29 29 ;
  INPUT ---        29 29 29 29 29 ;
  INPUT ---        29 29 29 29 ;
  INPUT ---        29 29 29 ;
  INPUT ---        29 29 ;
  INPUT ---        29 ;

  INPUT ---    group=3 F    rows=6 cols=6 Triang ;
  INPUT ---        29 29 29 29 29 29 ;
  INPUT ---        29 29 29 29 29 ;
  INPUT ---        29 29 29 29 ;
  INPUT ---        29 29 29 ;

  Program  MARK  - Survival Rate Estimation with Capture-Recapture Data
   gfortran(Win64) Vers. 8.0 Jun 2014   25-Jan-2015 15:11:52    Page  006
 - - - - - - - - - - - - - - - - - - - - - - - - - - - - - - - - - - - - - -
 
  INPUT ---        29 29 ;
  INPUT ---        29 ;

  INPUT ---    group=4 F    rows=6 cols=6 Triang ;
  INPUT ---        29 29 29 29 29 29 ;
  INPUT ---        29 29 29 29 29 ;
  INPUT ---        29 29 29 29 ;
  INPUT ---        29 29 29 ;
  INPUT ---        29 29 ;
  INPUT ---        29 ;

  INPUT ---    group=5 F    rows=6 cols=6 Triang ;
  INPUT ---        29 29 29 29 29 29 ;
  INPUT ---        29 29 29 29 29 ;
  INPUT ---        29 29 29 29 ;
  INPUT ---        29 29 29 ;
  INPUT ---        29 29 ;
  INPUT ---        29 ;

  INPUT ---    group=6 F    rows=6 cols=6 Triang ;
  INPUT ---        29 29 29 29 29 29 ;
  INPUT ---        29 29 29 29 29 ;
  INPUT ---        29 29 29 29 ;
  INPUT ---        29 29 29 ;
  INPUT ---        29 29 ;
  INPUT ---        29 ;

  INPUT ---    design matrix constraints=29 covariates=18;
  INPUT ---        1 0 0 0 0 0 0 0 0 0 0 0 0 0 0 0 0 0;
  INPUT ---        1 1 0 0 0 0 0 0 0 0 0 0 0 0 0 0 0 0;
  INPUT ---        0 0 1 0 0 0 0 0 0 0 0 0 0 0 0 0 0 0;
  INPUT ---        0 0 1 1 0 0 0 0 0 0 0 0 0 0 0 0 0 0;
  INPUT ---        0 0 1 0 1 0 0 0 0 0 0 0 0 0 0 0 0 0;
  INPUT ---        0 0 1 0 0 1 0 0 0 0 0 0 0 0 0 0 0 0;
  INPUT ---        0 0 1 0 0 0 1 0 0 0 0 0 0 0 0 0 0 0;
  INPUT ---        0 0 1 0 0 0 0 1 0 0 0 0 0 0 0 0 0 0;
  INPUT ---        0 0 1 0 0 0 0 0 1 0 0 0 0 0 0 0 0 0;
  INPUT ---        0 0 1 1 0 0 0 0 1 0 0 0 0 0 0 0 0 0;
  INPUT ---        0 0 1 0 1 0 0 0 1 0 0 0 0 0 0 0 0 0;
  INPUT ---        0 0 1 0 0 1 0 0 1 0 0 0 0 0 0 0 0 0;
  INPUT ---        0 0 1 0 0 0 1 0 1 0 0 0 0 0 0 0 0 0;
  INPUT ---        0 0 1 0 0 0 0 1 1 0 0 0 0 0 0 0 0 0;
  INPUT ---        0 0 0 0 0 0 0 0 0 1 0 0 0 0 0 0 0 0;
  INPUT ---        0 0 0 0 0 0 0 0 0 1 1 0 0 0 0 0 0 0;
  INPUT ---        0 0 0 0 0 0 0 0 0 1 0 1 0 0 0 0 0 0;
  INPUT ---        0 0 0 0 0 0 0 0 0 1 0 0 1 0 0 0 0 0;

  Program  MARK  - Survival Rate Estimation with Capture-Recapture Data
   gfortran(Win64) Vers. 8.0 Jun 2014   25-Jan-2015 15:11:52    Page  007
 - - - - - - - - - - - - - - - - - - - - - - - - - - - - - - - - - - - - - -
 
  INPUT ---        0 0 0 0 0 0 0 0 0 1 0 0 0 1 0 0 0 0;
  INPUT ---        0 0 0 0 0 0 0 0 0 1 0 0 0 0 1 0 0 0;
  INPUT ---        0 0 0 0 0 0 0 0 0 1 0 0 0 0 0 1 0 0;
  INPUT ---        0 0 0 0 0 0 0 0 0 1 0 0 0 0 0 0 1 0;
  INPUT ---        0 0 0 0 0 0 0 0 0 1 1 0 0 0 0 0 1 0;
  INPUT ---        0 0 0 0 0 0 0 0 0 1 0 1 0 0 0 0 1 0;
  INPUT ---        0 0 0 0 0 0 0 0 0 1 0 0 1 0 0 0 1 0;
  INPUT ---        0 0 0 0 0 0 0 0 0 1 0 0 0 1 0 0 1 0;
  INPUT ---        0 0 0 0 0 0 0 0 0 1 0 0 0 0 1 0 1 0;
  INPUT ---        0 0 0 0 0 0 0 0 0 1 0 0 0 0 0 1 1 0;
  INPUT ---        0 0 0 0 0 0 0 0 0 0 0 0 0 0 0 0 0 1;

  INPUT ---    blabel(1)=S:(Intercept);

  INPUT ---    blabel(2)=S:sex5;

  INPUT ---    blabel(3)=p:(Intercept);

  INPUT ---    blabel(4)=p:age2;

  INPUT ---    blabel(5)=p:age3;

  INPUT ---    blabel(6)=p:age4;

  INPUT ---    blabel(7)=p:age5;

  INPUT ---    blabel(8)=p:age6;

  INPUT ---    blabel(9)=p:sex5;

  INPUT ---    blabel(10)=r:(Intercept);

  INPUT ---    blabel(11)=r:age1;

  INPUT ---    blabel(12)=r:age2;

  INPUT ---    blabel(13)=r:age3;

  INPUT ---    blabel(14)=r:age4;

  INPUT ---    blabel(15)=r:age5;

  INPUT ---    blabel(16)=r:age6;

  INPUT ---    blabel(17)=r:sex5;


  Program  MARK  - Survival Rate Estimation with Capture-Recapture Data
   gfortran(Win64) Vers. 8.0 Jun 2014   25-Jan-2015 15:11:52    Page  008
 - - - - - - - - - - - - - - - - - - - - - - - - - - - - - - - - - - - - - -
 
  INPUT ---    blabel(18)=F:(Intercept);

  INPUT ---    rlabel(1)=S g41 c2005 c1 a0 t2005;

  INPUT ---    rlabel(2)=S g51 c2005 c1 a0 t2005;

  INPUT ---    rlabel(3)=p g41 c2005 c1 a1 t2006;

  INPUT ---    rlabel(4)=p g41 c2005 c1 a2 t2007;

  INPUT ---    rlabel(5)=p g41 c2005 c1 a3 t2008;

  INPUT ---    rlabel(6)=p g41 c2005 c1 a4 t2009;

  INPUT ---    rlabel(7)=p g41 c2005 c1 a5 t2010;

  INPUT ---    rlabel(8)=p g41 c2005 c1 a6 t2011;

  INPUT ---    rlabel(9)=p g51 c2005 c1 a1 t2006;

  INPUT ---    rlabel(10)=p g51 c2005 c1 a2 t2007;

  INPUT ---    rlabel(11)=p g51 c2005 c1 a3 t2008;

  INPUT ---    rlabel(12)=p g51 c2005 c1 a4 t2009;

  INPUT ---    rlabel(13)=p g51 c2005 c1 a5 t2010;

  INPUT ---    rlabel(14)=p g51 c2005 c1 a6 t2011;

  INPUT ---    rlabel(15)=r g41 c2005 c1 a0 t2005;

  INPUT ---    rlabel(16)=r g41 c2005 c1 a1 t2006;

  INPUT ---    rlabel(17)=r g41 c2005 c1 a2 t2007;

  INPUT ---    rlabel(18)=r g41 c2005 c1 a3 t2008;

  INPUT ---    rlabel(19)=r g41 c2005 c1 a4 t2009;

  INPUT ---    rlabel(20)=r g41 c2005 c1 a5 t2010;

  INPUT ---    rlabel(21)=r g41 c2005 c1 a6 t2011;

  INPUT ---    rlabel(22)=r g51 c2005 c1 a0 t2005;


  Program  MARK  - Survival Rate Estimation with Capture-Recapture Data
   gfortran(Win64) Vers. 8.0 Jun 2014   25-Jan-2015 15:11:52    Page  009
 - - - - - - - - - - - - - - - - - - - - - - - - - - - - - - - - - - - - - -
 
  INPUT ---    rlabel(23)=r g51 c2005 c1 a1 t2006;

  INPUT ---    rlabel(24)=r g51 c2005 c1 a2 t2007;

  INPUT ---    rlabel(25)=r g51 c2005 c1 a3 t2008;

  INPUT ---    rlabel(26)=r g51 c2005 c1 a4 t2009;

  INPUT ---    rlabel(27)=r g51 c2005 c1 a5 t2010;

  INPUT ---    rlabel(28)=r g51 c2005 c1 a6 t2011;

  INPUT ---    rlabel(29)=F g41 c2005 c1 a0 t2005;

 Link Function Used is LOGIT        

 Variance Estimation Procedure Used is 2ndPart 

 M(t+1):



 -2logL(saturated) = 1739.8188     
 Effective Sample Size = 7075

 Number of function evaluations was 105 for 18 parameters.
 Time for numerical optimization was 2.06 seconds.
 -2logL { S(~sex)p(~age + sex)r(~age + sex)F(~1) } = 2680.1733     
 Penalty { S(~sex)p(~age + sex)r(~age + sex)F(~1) } = -0.0000000    
 Gradient { S(~sex)p(~age + sex)r(~age + sex)F(~1) }:
  0.6623490E-04 0.9061084E-04 0.1515335E-04 0.6581943E-04 0.6251566E-04
  0.2027307E-04  0.000000      0.000000      0.000000    -0.1190549E-04
  0.1694905E-04  0.000000      0.000000      0.000000      0.000000    
   0.000000     0.1149838E-03 0.1060008E-05
 S Vector { S(~sex)p(~age + sex)r(~age + sex)F(~1) }:
   417.5003      62.59507      50.27484      10.44039      4.826657    
   1.796517      1.294197     0.9854409     0.9292925     0.3354693    
  0.3841652E-06 0.2184764E-07 0.7286977E-08 0.5505045E-08 0.4778131E-08
  0.4062033E-08 0.2021574E-08 0.3464864E-09
 Time to compute number of parameters was 0.50 seconds.
   Threshold =  0.3800000E-06     Condition index =  0.8299070E-12     New Threshold =  0.1470017E-08
 New Guessimate of Estimated Parameters { S(~sex)p(~age + sex)r(~age + sex)F(~1) } = 10          
 Conditioned S Vector { S(~sex)p(~age + sex)r(~age + sex)F(~1) }:
   1.000000     0.1499282     0.1204187     0.2500691E-01 0.1156085E-01
  0.4303032E-02 0.3099871E-02 0.2360336E-02 0.2225849E-02 0.8035188E-03
  0.9201555E-09 0.5232964E-10 0.1745382E-10 0.1318573E-10 0.1144462E-10
  0.9729413E-11 0.4842090E-11 0.8299070E-12
 Number of Estimated Parameters { S(~sex)p(~age + sex)r(~age + sex)F(~1) } = 10          
 DEVIANCE { S(~sex)p(~age + sex)r(~age + sex)F(~1) } = 940.35457                     
 DEVIANCE Degrees of Freedom { S(~sex)p(~age + sex)r(~age + sex)F(~1) } = 5            
 c-hat { S(~sex)p(~age + sex)r(~age + sex)F(~1) } = 188.07091                     
 AIC { S(~sex)p(~age + sex)r(~age + sex)F(~1) } = 2700.1733                  
 AICc { S(~sex)p(~age + sex)r(~age + sex)F(~1) } = 2700.2045                    
 BIC { S(~sex)p(~age + sex)r(~age + sex)F(~1) } = 2768.8165                    
 Pearson Chisquare { S(~sex)p(~age + sex)r(~age + sex)F(~1) } = Not a Number               
 Possible Encounter Histories { S(~sex)p(~age + sex)r(~age + sex)F(~1) } = 896             
 Pearson Chisquare df { S(~sex)p(~age + sex)r(~age + sex)F(~1) } = 850        
 Pearson chat { S(~sex)p(~age + sex)r(~age + sex)F(~1) } = Not a Number               
 Sum(Observed/Expected) { S(~sex)p(~age + sex)r(~age + sex)F(~1) } = Not a Number               
 Fletcher chat { S(~sex)p(~age + sex)r(~age + sex)F(~1) } = Not a Number               

  Program  MARK  - Survival Rate Estimation with Capture-Recapture Data
   gfortran(Win64) Vers. 8.0 Jun 2014   25-Jan-2015 15:11:53    Page  010
 - - - - - - - - - - - - - - - - - - - - - - - - - - - - - - - - - - - - - -
 


          LOGIT Link Function Parameters of { S(~sex)p(~age + sex)r(~age + sex)F(~1) }
                                                              95% Confidence Interval
 Parameter                    Beta         Standard Error      Lower           Upper
 -------------------------  --------------  --------------  --------------  --------------
    1:S:(Intercept)         -1.0597028      0.4591146       -1.9595674      -0.1598381    
    2:S:sex5                0.5056058       0.4824527       -0.4400015      1.4512132     
    3:p:(Intercept)         -5.0019380      0.6050232       -6.1877834      -3.8160925    
    4:p:age2                0.3818027       0.8707256       -1.3248196      2.0884250     
    5:p:age3                1.1822406       1.2197649       -1.2084987      3.5729799     
    6:p:age4                3.4862199       1.2266136       1.0820571       5.8903826     
    7:p:age5                -110.14218      93.860977       -294.10970      73.825334     
    8:p:age6                105.27986       26.010074       54.300110       156.25960     
    9:p:sex5                -1.7383534      1.0403434       -3.7774266      0.3007197     
   10:r:(Intercept)         -2.8196457      0.1516197       -3.1168204      -2.5224710    
   11:r:age1                -4.3660497      1.0205429       -6.3663139      -2.3657856    
   12:r:age2                -41.988205      73.968029       -186.96555      102.98914     
   13:r:age3                -59.141970      818.75365       -1663.8992      1545.6152     
   14:r:age4                -33.827175      6709.7430       -13184.924      13117.269     
   15:r:age5                -33.594227      29.662537       -91.732800      24.544346     
   16:r:age6                -13.233825      1625.0575       -3198.3467      3171.8790     
   17:r:sex5                0.1864650       0.1879313       -0.1818804      0.5548105     
   18:F:(Intercept)         41.900380       164.07934       -279.69514      363.49590     


          Real Function Parameters of { S(~sex)p(~age + sex)r(~age + sex)F(~1) }
                                                               95% Confidence Interval
  Parameter                  Estimate       Standard Error      Lower           Upper
 --------------------------  --------------  --------------  --------------  --------------
     1:S g41 c2005 c1 a0 t2  0.2573663       0.0877501       0.1235139       0.4601253                           
     2:S g51 c2005 c1 a0 t2  0.3649144       0.0606146       0.2560247       0.4896365                           
     3:p g41 c2005 c1 a1 t2  0.0066800       0.0040145       0.0020502       0.0215395                           
     4:p g41 c2005 c1 a2 t2  0.0097554       0.0098414       0.0013358       0.0676501                           
     5:p g41 c2005 c1 a3 t2  0.0214636       0.0295453       0.0013903       0.2568268                           
     6:p g41 c2005 c1 a4 t2  0.1800929       0.2211896       0.0115239       0.8053862                           
     7:p g41 c2005 c1 a5 t2  0.9852422E-050  0.9247777E-048  -.1802712E-047  0.1822417E-047                      
     8:p g41 c2005 c1 a6 t2  1.0000000       0.0000000       1.0000000       1.0000000                           
     9:p g51 c2005 c1 a1 t2  0.0011809       0.9478669E-003  0.2446674E-003  0.0056794                           
    10:p g51 c2005 c1 a2 t2  0.0017290       0.0016239       0.2738726E-003  0.0108315                           
    11:p g51 c2005 c1 a3 t2  0.0038415       0.0046172       0.3622162E-003  0.0394226                           
    12:p g51 c2005 c1 a4 t2  0.0371809       0.0399738       0.0043092       0.2562666                           
    13:p g51 c2005 c1 a5 t2  0.1732151E-050  0.1625870E-048  -.3169384E-048  0.3204027E-048                      
    14:p g51 c2005 c1 a6 t2  1.0000000       0.0000000       1.0000000       1.0000000                           
    15:r g41 c2005 c1 a0 t2  0.0562717       0.0080518       0.0424187       0.0742978                           
    16:r g41 c2005 c1 a1 t2  0.7567690E-003  0.7630701E-003  0.1047833E-003  0.0054435                           

  Program  MARK  - Survival Rate Estimation with Capture-Recapture Data
   gfortran(Win64) Vers. 8.0 Jun 2014   25-Jan-2015 15:11:53    Page  011
 - - - - - - - - - - - - - - - - - - - - - - - - - - - - - - - - - - - - - -
 
    17:r g41 c2005 c1 a2 t2  0.3468948E-019  0.2565918E-017  -.4994511E-017  0.5063889E-017                      
    18:r g41 c2005 c1 a3 t2  0.1231437E-026  0.1008244E-023  -.1974926E-023  0.1977389E-023                      
    19:r g41 c2005 c1 a4 t2  0.1214753E-015  0.8150683E-012  -.1597412E-011  0.1597655E-011                      
    20:r g41 c2005 c1 a5 t2  0.1533402E-015  0.4548519E-014  -.8761757E-014  0.9068438E-014                      
    21:r g41 c2005 c1 a6 t2  0.1066758E-006  0.1733544E-003  0.1051789E-310  1.0000000                           
    22:r g51 c2005 c1 a0 t2  0.0670333       0.0082668       0.0525373       0.0851693                           
    23:r g51 c2005 c1 a1 t2  0.9117520E-003  0.9215103E-003  0.1256335E-003  0.0065844                           
    24:r g51 c2005 c1 a2 t2  0.4180022E-019  0.3091885E-017  -.6018295E-017  0.6101895E-017                      
    25:r g51 c2005 c1 a3 t2  0.1483860E-026  0.1214916E-023  -.2379752E-023  0.2382720E-023                      
    26:r g51 c2005 c1 a4 t2  0.1463757E-015  0.9821431E-012  -.1924854E-011  0.1925147E-011                      
    27:r g51 c2005 c1 a5 t2  0.1847723E-015  0.5480868E-014  -.1055773E-013  0.1092727E-013                      
    28:r g51 c2005 c1 a6 t2  0.1285425E-006  0.2088890E-003  0.1267388E-310  1.0000000                           
    29:F g41 c2005 c1 a0 t2  1.0000000       0.0000000       1.0000000       1.0000000                           

 Attempted ordering of parameters by estimatibility:
  10 17  1  2  3  4  9 11  5  6 16 14  8 15  7 12 18 13
 Beta number 13 is a singular value.

     CPU Time in seconds for last procedure was 2.57


  INPUT --- proc stop;

     CPU Time in minutes for this job was 0.04

     Time Start = 15:11:52.419   Time End = 15:11:53.024

     Wall Clock Time in minutes for this job was 0.01


          E X E C U T I O N   S U C C E S S F U L 
