
   Program  MARK  - Survival Rate Estimation with Capture-Recapture Data
   gfortran(Win64) Vers. 8.0 Jun 2014   25-Jan-2015 15:11:21    Page  001
 - - - - - - - - - - - - - - - - - - - - - - - - - - - - - - - - - - - - - -
 
   This version was compiled by GCC version 4.8.1 using the options 
   -m64 -mtune=generic -march=x86-64 -mthreads -O2 -fimplicit-none -fbounds-check -funroll-loops -ftree-vectorize -fopenmp.
   This problem will use 7 of 8 possible threads.


  INPUT --- proc title ;

     CPU Time in seconds for last procedure was 0.00


  INPUT --- proc chmatrix occasions= 7 groups= 6 etype= Both ICMeans 
  INPUT --- NoHist hist= 51 ;

  INPUT ---    time  interval 1 1 1 1 1 1 1 ;

  INPUT ---    glabel(1)=sex4.age1;

  INPUT ---    glabel(2)=sex5.age1;

  INPUT ---    glabel(3)=sex4.age2;

  INPUT ---    glabel(4)=sex5.age2;

  INPUT ---    glabel(5)=sex4.age4;

  INPUT ---    glabel(6)=sex5.age4;

   * *  WARNING  * *   At least a pair of the encounter histories are duplicates. 

      Number of unique encounter histories read was 17.

      Number of individual covariates read was 0.
      Time interval lengths are all equal to 1.

      Data type number is 3
      Data type is Joint Live and Dead Encounters (Burnham)                                                            

     CPU Time in seconds for last procedure was 0.00

  Program  MARK  - Survival Rate Estimation with Capture-Recapture Data
   gfortran(Win64) Vers. 8.0 Jun 2014   25-Jan-2015 15:11:21    Page  002
 - - - - - - - - - - - - - - - - - - - - - - - - - - - - - - - - - - - - - -
 


  INPUT --- proc estimate link=Logit NOLOOP varest=2ndPart    ;


  INPUT --- model={ S(~age + time)p(~age)r(~age + sex)F(~1) };

  INPUT ---    group=1 S    rows=7 cols=7 Triang ;
  INPUT ---        1 2 3 4 5 6 7 ;
  INPUT ---        8 9 10 11 12 13 ;
  INPUT ---        14 15 16 17 18 ;
  INPUT ---        19 20 21 22 ;
  INPUT ---        23 24 25 ;
  INPUT ---        26 27 ;
  INPUT ---        28 ;

  INPUT ---    group=2 S    rows=7 cols=7 Triang ;
  INPUT ---        1 2 3 4 5 6 7 ;
  INPUT ---        8 9 10 11 12 13 ;
  INPUT ---        14 15 16 17 18 ;
  INPUT ---        19 20 21 22 ;
  INPUT ---        23 24 25 ;
  INPUT ---        26 27 ;
  INPUT ---        28 ;

  INPUT ---    group=3 S    rows=7 cols=7 Triang ;
  INPUT ---        1 2 3 4 5 6 7 ;
  INPUT ---        8 9 10 11 12 13 ;
  INPUT ---        14 15 16 17 18 ;
  INPUT ---        19 20 21 22 ;
  INPUT ---        23 24 25 ;
  INPUT ---        26 27 ;
  INPUT ---        28 ;

  INPUT ---    group=4 S    rows=7 cols=7 Triang ;
  INPUT ---        1 2 3 4 5 6 7 ;
  INPUT ---        8 9 10 11 12 13 ;
  INPUT ---        14 15 16 17 18 ;
  INPUT ---        19 20 21 22 ;
  INPUT ---        23 24 25 ;
  INPUT ---        26 27 ;
  INPUT ---        28 ;

  INPUT ---    group=5 S    rows=7 cols=7 Triang ;
  INPUT ---        1 2 3 4 5 6 7 ;
  INPUT ---        8 9 10 11 12 13 ;

  Program  MARK  - Survival Rate Estimation with Capture-Recapture Data
   gfortran(Win64) Vers. 8.0 Jun 2014   25-Jan-2015 15:11:21    Page  003
 - - - - - - - - - - - - - - - - - - - - - - - - - - - - - - - - - - - - - -
 
  INPUT ---        14 15 16 17 18 ;
  INPUT ---        19 20 21 22 ;
  INPUT ---        23 24 25 ;
  INPUT ---        26 27 ;
  INPUT ---        28 ;

  INPUT ---    group=6 S    rows=7 cols=7 Triang ;
  INPUT ---        1 2 3 4 5 6 7 ;
  INPUT ---        8 9 10 11 12 13 ;
  INPUT ---        14 15 16 17 18 ;
  INPUT ---        19 20 21 22 ;
  INPUT ---        23 24 25 ;
  INPUT ---        26 27 ;
  INPUT ---        28 ;

  INPUT ---    group=1 p    rows=6 cols=6 Triang ;
  INPUT ---        29 30 31 32 33 34 ;
  INPUT ---        29 30 31 32 33 ;
  INPUT ---        29 30 31 32 ;
  INPUT ---        29 30 31 ;
  INPUT ---        29 30 ;
  INPUT ---        29 ;

  INPUT ---    group=2 p    rows=6 cols=6 Triang ;
  INPUT ---        29 30 31 32 33 34 ;
  INPUT ---        29 30 31 32 33 ;
  INPUT ---        29 30 31 32 ;
  INPUT ---        29 30 31 ;
  INPUT ---        29 30 ;
  INPUT ---        29 ;

  INPUT ---    group=3 p    rows=6 cols=6 Triang ;
  INPUT ---        29 30 31 32 33 34 ;
  INPUT ---        29 30 31 32 33 ;
  INPUT ---        29 30 31 32 ;
  INPUT ---        29 30 31 ;
  INPUT ---        29 30 ;
  INPUT ---        29 ;

  INPUT ---    group=4 p    rows=6 cols=6 Triang ;
  INPUT ---        29 30 31 32 33 34 ;
  INPUT ---        29 30 31 32 33 ;
  INPUT ---        29 30 31 32 ;
  INPUT ---        29 30 31 ;
  INPUT ---        29 30 ;
  INPUT ---        29 ;

  Program  MARK  - Survival Rate Estimation with Capture-Recapture Data
   gfortran(Win64) Vers. 8.0 Jun 2014   25-Jan-2015 15:11:21    Page  004
 - - - - - - - - - - - - - - - - - - - - - - - - - - - - - - - - - - - - - -
 

  INPUT ---    group=5 p    rows=6 cols=6 Triang ;
  INPUT ---        29 30 31 32 33 34 ;
  INPUT ---        29 30 31 32 33 ;
  INPUT ---        29 30 31 32 ;
  INPUT ---        29 30 31 ;
  INPUT ---        29 30 ;
  INPUT ---        29 ;

  INPUT ---    group=6 p    rows=6 cols=6 Triang ;
  INPUT ---        29 30 31 32 33 34 ;
  INPUT ---        29 30 31 32 33 ;
  INPUT ---        29 30 31 32 ;
  INPUT ---        29 30 31 ;
  INPUT ---        29 30 ;
  INPUT ---        29 ;

  INPUT ---    group=1 r    rows=7 cols=7 Triang ;
  INPUT ---        35 36 37 38 39 40 41 ;
  INPUT ---        35 36 37 38 39 40 ;
  INPUT ---        35 36 37 38 39 ;
  INPUT ---        35 36 37 38 ;
  INPUT ---        35 36 37 ;
  INPUT ---        35 36 ;
  INPUT ---        35 ;

  INPUT ---    group=2 r    rows=7 cols=7 Triang ;
  INPUT ---        42 43 44 45 46 47 48 ;
  INPUT ---        42 43 44 45 46 47 ;
  INPUT ---        42 43 44 45 46 ;
  INPUT ---        42 43 44 45 ;
  INPUT ---        42 43 44 ;
  INPUT ---        42 43 ;
  INPUT ---        42 ;

  INPUT ---    group=3 r    rows=7 cols=7 Triang ;
  INPUT ---        35 36 37 38 39 40 41 ;
  INPUT ---        35 36 37 38 39 40 ;
  INPUT ---        35 36 37 38 39 ;
  INPUT ---        35 36 37 38 ;
  INPUT ---        35 36 37 ;
  INPUT ---        35 36 ;
  INPUT ---        35 ;

  INPUT ---    group=4 r    rows=7 cols=7 Triang ;
  INPUT ---        42 43 44 45 46 47 48 ;

  Program  MARK  - Survival Rate Estimation with Capture-Recapture Data
   gfortran(Win64) Vers. 8.0 Jun 2014   25-Jan-2015 15:11:21    Page  005
 - - - - - - - - - - - - - - - - - - - - - - - - - - - - - - - - - - - - - -
 
  INPUT ---        42 43 44 45 46 47 ;
  INPUT ---        42 43 44 45 46 ;
  INPUT ---        42 43 44 45 ;
  INPUT ---        42 43 44 ;
  INPUT ---        42 43 ;
  INPUT ---        42 ;

  INPUT ---    group=5 r    rows=7 cols=7 Triang ;
  INPUT ---        35 36 37 38 39 40 41 ;
  INPUT ---        35 36 37 38 39 40 ;
  INPUT ---        35 36 37 38 39 ;
  INPUT ---        35 36 37 38 ;
  INPUT ---        35 36 37 ;
  INPUT ---        35 36 ;
  INPUT ---        35 ;

  INPUT ---    group=6 r    rows=7 cols=7 Triang ;
  INPUT ---        42 43 44 45 46 47 48 ;
  INPUT ---        42 43 44 45 46 47 ;
  INPUT ---        42 43 44 45 46 ;
  INPUT ---        42 43 44 45 ;
  INPUT ---        42 43 44 ;
  INPUT ---        42 43 ;
  INPUT ---        42 ;

  INPUT ---    group=1 F    rows=6 cols=6 Triang ;
  INPUT ---        49 49 49 49 49 49 ;
  INPUT ---        49 49 49 49 49 ;
  INPUT ---        49 49 49 49 ;
  INPUT ---        49 49 49 ;
  INPUT ---        49 49 ;
  INPUT ---        49 ;

  INPUT ---    group=2 F    rows=6 cols=6 Triang ;
  INPUT ---        49 49 49 49 49 49 ;
  INPUT ---        49 49 49 49 49 ;
  INPUT ---        49 49 49 49 ;
  INPUT ---        49 49 49 ;
  INPUT ---        49 49 ;
  INPUT ---        49 ;

  INPUT ---    group=3 F    rows=6 cols=6 Triang ;
  INPUT ---        49 49 49 49 49 49 ;
  INPUT ---        49 49 49 49 49 ;
  INPUT ---        49 49 49 49 ;
  INPUT ---        49 49 49 ;

  Program  MARK  - Survival Rate Estimation with Capture-Recapture Data
   gfortran(Win64) Vers. 8.0 Jun 2014   25-Jan-2015 15:11:21    Page  006
 - - - - - - - - - - - - - - - - - - - - - - - - - - - - - - - - - - - - - -
 
  INPUT ---        49 49 ;
  INPUT ---        49 ;

  INPUT ---    group=4 F    rows=6 cols=6 Triang ;
  INPUT ---        49 49 49 49 49 49 ;
  INPUT ---        49 49 49 49 49 ;
  INPUT ---        49 49 49 49 ;
  INPUT ---        49 49 49 ;
  INPUT ---        49 49 ;
  INPUT ---        49 ;

  INPUT ---    group=5 F    rows=6 cols=6 Triang ;
  INPUT ---        49 49 49 49 49 49 ;
  INPUT ---        49 49 49 49 49 ;
  INPUT ---        49 49 49 49 ;
  INPUT ---        49 49 49 ;
  INPUT ---        49 49 ;
  INPUT ---        49 ;

  INPUT ---    group=6 F    rows=6 cols=6 Triang ;
  INPUT ---        49 49 49 49 49 49 ;
  INPUT ---        49 49 49 49 49 ;
  INPUT ---        49 49 49 49 ;
  INPUT ---        49 49 49 ;
  INPUT ---        49 49 ;
  INPUT ---        49 ;

  INPUT ---    design matrix constraints=49 covariates=28;
  INPUT ---        1 0 0 0 0 0 0 0 0 0 0 0 0 0 0 0 0 0 0 0 0 0 0 0 0 0 0 0;
  INPUT ---        1 1 0 0 0 0 0 1 0 0 0 0 0 0 0 0 0 0 0 0 0 0 0 0 0 0 0 0;
  INPUT ---        1 0 1 0 0 0 0 0 1 0 0 0 0 0 0 0 0 0 0 0 0 0 0 0 0 0 0 0;
  INPUT ---        1 0 0 1 0 0 0 0 0 1 0 0 0 0 0 0 0 0 0 0 0 0 0 0 0 0 0 0;
  INPUT ---        1 0 0 0 1 0 0 0 0 0 1 0 0 0 0 0 0 0 0 0 0 0 0 0 0 0 0 0;
  INPUT ---        1 0 0 0 0 1 0 0 0 0 0 1 0 0 0 0 0 0 0 0 0 0 0 0 0 0 0 0;
  INPUT ---        1 0 0 0 0 0 1 0 0 0 0 0 1 0 0 0 0 0 0 0 0 0 0 0 0 0 0 0;
  INPUT ---        1 0 0 0 0 0 0 1 0 0 0 0 0 0 0 0 0 0 0 0 0 0 0 0 0 0 0 0;
  INPUT ---        1 1 0 0 0 0 0 0 1 0 0 0 0 0 0 0 0 0 0 0 0 0 0 0 0 0 0 0;
  INPUT ---        1 0 1 0 0 0 0 0 0 1 0 0 0 0 0 0 0 0 0 0 0 0 0 0 0 0 0 0;
  INPUT ---        1 0 0 1 0 0 0 0 0 0 1 0 0 0 0 0 0 0 0 0 0 0 0 0 0 0 0 0;
  INPUT ---        1 0 0 0 1 0 0 0 0 0 0 1 0 0 0 0 0 0 0 0 0 0 0 0 0 0 0 0;
  INPUT ---        1 0 0 0 0 1 0 0 0 0 0 0 1 0 0 0 0 0 0 0 0 0 0 0 0 0 0 0;
  INPUT ---        1 0 0 0 0 0 0 0 1 0 0 0 0 0 0 0 0 0 0 0 0 0 0 0 0 0 0 0;
  INPUT ---        1 1 0 0 0 0 0 0 0 1 0 0 0 0 0 0 0 0 0 0 0 0 0 0 0 0 0 0;
  INPUT ---        1 0 1 0 0 0 0 0 0 0 1 0 0 0 0 0 0 0 0 0 0 0 0 0 0 0 0 0;
  INPUT ---        1 0 0 1 0 0 0 0 0 0 0 1 0 0 0 0 0 0 0 0 0 0 0 0 0 0 0 0;
  INPUT ---        1 0 0 0 1 0 0 0 0 0 0 0 1 0 0 0 0 0 0 0 0 0 0 0 0 0 0 0;

  Program  MARK  - Survival Rate Estimation with Capture-Recapture Data
   gfortran(Win64) Vers. 8.0 Jun 2014   25-Jan-2015 15:11:21    Page  007
 - - - - - - - - - - - - - - - - - - - - - - - - - - - - - - - - - - - - - -
 
  INPUT ---        1 0 0 0 0 0 0 0 0 1 0 0 0 0 0 0 0 0 0 0 0 0 0 0 0 0 0 0;
  INPUT ---        1 1 0 0 0 0 0 0 0 0 1 0 0 0 0 0 0 0 0 0 0 0 0 0 0 0 0 0;
  INPUT ---        1 0 1 0 0 0 0 0 0 0 0 1 0 0 0 0 0 0 0 0 0 0 0 0 0 0 0 0;
  INPUT ---        1 0 0 1 0 0 0 0 0 0 0 0 1 0 0 0 0 0 0 0 0 0 0 0 0 0 0 0;
  INPUT ---        1 0 0 0 0 0 0 0 0 0 1 0 0 0 0 0 0 0 0 0 0 0 0 0 0 0 0 0;
  INPUT ---        1 1 0 0 0 0 0 0 0 0 0 1 0 0 0 0 0 0 0 0 0 0 0 0 0 0 0 0;
  INPUT ---        1 0 1 0 0 0 0 0 0 0 0 0 1 0 0 0 0 0 0 0 0 0 0 0 0 0 0 0;
  INPUT ---        1 0 0 0 0 0 0 0 0 0 0 1 0 0 0 0 0 0 0 0 0 0 0 0 0 0 0 0;
  INPUT ---        1 1 0 0 0 0 0 0 0 0 0 0 1 0 0 0 0 0 0 0 0 0 0 0 0 0 0 0;
  INPUT ---        1 0 0 0 0 0 0 0 0 0 0 0 1 0 0 0 0 0 0 0 0 0 0 0 0 0 0 0;
  INPUT ---        0 0 0 0 0 0 0 0 0 0 0 0 0 1 0 0 0 0 0 0 0 0 0 0 0 0 0 0;
  INPUT ---        0 0 0 0 0 0 0 0 0 0 0 0 0 1 1 0 0 0 0 0 0 0 0 0 0 0 0 0;
  INPUT ---        0 0 0 0 0 0 0 0 0 0 0 0 0 1 0 1 0 0 0 0 0 0 0 0 0 0 0 0;
  INPUT ---        0 0 0 0 0 0 0 0 0 0 0 0 0 1 0 0 1 0 0 0 0 0 0 0 0 0 0 0;
  INPUT ---        0 0 0 0 0 0 0 0 0 0 0 0 0 1 0 0 0 1 0 0 0 0 0 0 0 0 0 0;
  INPUT ---        0 0 0 0 0 0 0 0 0 0 0 0 0 1 0 0 0 0 1 0 0 0 0 0 0 0 0 0;
  INPUT ---        0 0 0 0 0 0 0 0 0 0 0 0 0 0 0 0 0 0 0 1 0 0 0 0 0 0 0 0;
  INPUT ---        0 0 0 0 0 0 0 0 0 0 0 0 0 0 0 0 0 0 0 1 1 0 0 0 0 0 0 0;
  INPUT ---        0 0 0 0 0 0 0 0 0 0 0 0 0 0 0 0 0 0 0 1 0 1 0 0 0 0 0 0;
  INPUT ---        0 0 0 0 0 0 0 0 0 0 0 0 0 0 0 0 0 0 0 1 0 0 1 0 0 0 0 0;
  INPUT ---        0 0 0 0 0 0 0 0 0 0 0 0 0 0 0 0 0 0 0 1 0 0 0 1 0 0 0 0;
  INPUT ---        0 0 0 0 0 0 0 0 0 0 0 0 0 0 0 0 0 0 0 1 0 0 0 0 1 0 0 0;
  INPUT ---        0 0 0 0 0 0 0 0 0 0 0 0 0 0 0 0 0 0 0 1 0 0 0 0 0 1 0 0;
  INPUT ---        0 0 0 0 0 0 0 0 0 0 0 0 0 0 0 0 0 0 0 1 0 0 0 0 0 0 1 0;
  INPUT ---        0 0 0 0 0 0 0 0 0 0 0 0 0 0 0 0 0 0 0 1 1 0 0 0 0 0 1 0;
  INPUT ---        0 0 0 0 0 0 0 0 0 0 0 0 0 0 0 0 0 0 0 1 0 1 0 0 0 0 1 0;
  INPUT ---        0 0 0 0 0 0 0 0 0 0 0 0 0 0 0 0 0 0 0 1 0 0 1 0 0 0 1 0;
  INPUT ---        0 0 0 0 0 0 0 0 0 0 0 0 0 0 0 0 0 0 0 1 0 0 0 1 0 0 1 0;
  INPUT ---        0 0 0 0 0 0 0 0 0 0 0 0 0 0 0 0 0 0 0 1 0 0 0 0 1 0 1 0;
  INPUT ---        0 0 0 0 0 0 0 0 0 0 0 0 0 0 0 0 0 0 0 1 0 0 0 0 0 1 1 0;
  INPUT ---        0 0 0 0 0 0 0 0 0 0 0 0 0 0 0 0 0 0 0 0 0 0 0 0 0 0 0 1;

  INPUT ---    blabel(1)=S:(Intercept);

  INPUT ---    blabel(2)=S:age1;

  INPUT ---    blabel(3)=S:age2;

  INPUT ---    blabel(4)=S:age3;

  INPUT ---    blabel(5)=S:age4;

  INPUT ---    blabel(6)=S:age5;

  INPUT ---    blabel(7)=S:age6;


  Program  MARK  - Survival Rate Estimation with Capture-Recapture Data
   gfortran(Win64) Vers. 8.0 Jun 2014   25-Jan-2015 15:11:21    Page  008
 - - - - - - - - - - - - - - - - - - - - - - - - - - - - - - - - - - - - - -
 
  INPUT ---    blabel(8)=S:time2006;

  INPUT ---    blabel(9)=S:time2007;

  INPUT ---    blabel(10)=S:time2008;

  INPUT ---    blabel(11)=S:time2009;

  INPUT ---    blabel(12)=S:time2010;

  INPUT ---    blabel(13)=S:time2011;

  INPUT ---    blabel(14)=p:(Intercept);

  INPUT ---    blabel(15)=p:age2;

  INPUT ---    blabel(16)=p:age3;

  INPUT ---    blabel(17)=p:age4;

  INPUT ---    blabel(18)=p:age5;

  INPUT ---    blabel(19)=p:age6;

  INPUT ---    blabel(20)=r:(Intercept);

  INPUT ---    blabel(21)=r:age1;

  INPUT ---    blabel(22)=r:age2;

  INPUT ---    blabel(23)=r:age3;

  INPUT ---    blabel(24)=r:age4;

  INPUT ---    blabel(25)=r:age5;

  INPUT ---    blabel(26)=r:age6;

  INPUT ---    blabel(27)=r:sex5;

  INPUT ---    blabel(28)=F:(Intercept);

  INPUT ---    rlabel(1)=S g41 c2005 c1 a0 t2005;

  INPUT ---    rlabel(2)=S g41 c2005 c1 a1 t2006;


  Program  MARK  - Survival Rate Estimation with Capture-Recapture Data
   gfortran(Win64) Vers. 8.0 Jun 2014   25-Jan-2015 15:11:21    Page  009
 - - - - - - - - - - - - - - - - - - - - - - - - - - - - - - - - - - - - - -
 
  INPUT ---    rlabel(3)=S g41 c2005 c1 a2 t2007;

  INPUT ---    rlabel(4)=S g41 c2005 c1 a3 t2008;

  INPUT ---    rlabel(5)=S g41 c2005 c1 a4 t2009;

  INPUT ---    rlabel(6)=S g41 c2005 c1 a5 t2010;

  INPUT ---    rlabel(7)=S g41 c2005 c1 a6 t2011;

  INPUT ---    rlabel(8)=S g41 c2006 c2 a0 t2006;

  INPUT ---    rlabel(9)=S g41 c2006 c2 a1 t2007;

  INPUT ---    rlabel(10)=S g41 c2006 c2 a2 t2008;

  INPUT ---    rlabel(11)=S g41 c2006 c2 a3 t2009;

  INPUT ---    rlabel(12)=S g41 c2006 c2 a4 t2010;

  INPUT ---    rlabel(13)=S g41 c2006 c2 a5 t2011;

  INPUT ---    rlabel(14)=S g41 c2007 c3 a0 t2007;

  INPUT ---    rlabel(15)=S g41 c2007 c3 a1 t2008;

  INPUT ---    rlabel(16)=S g41 c2007 c3 a2 t2009;

  INPUT ---    rlabel(17)=S g41 c2007 c3 a3 t2010;

  INPUT ---    rlabel(18)=S g41 c2007 c3 a4 t2011;

  INPUT ---    rlabel(19)=S g41 c2008 c4 a0 t2008;

  INPUT ---    rlabel(20)=S g41 c2008 c4 a1 t2009;

  INPUT ---    rlabel(21)=S g41 c2008 c4 a2 t2010;

  INPUT ---    rlabel(22)=S g41 c2008 c4 a3 t2011;

  INPUT ---    rlabel(23)=S g41 c2009 c5 a0 t2009;

  INPUT ---    rlabel(24)=S g41 c2009 c5 a1 t2010;

  INPUT ---    rlabel(25)=S g41 c2009 c5 a2 t2011;


  Program  MARK  - Survival Rate Estimation with Capture-Recapture Data
   gfortran(Win64) Vers. 8.0 Jun 2014   25-Jan-2015 15:11:21    Page  010
 - - - - - - - - - - - - - - - - - - - - - - - - - - - - - - - - - - - - - -
 
  INPUT ---    rlabel(26)=S g41 c2010 c6 a0 t2010;

  INPUT ---    rlabel(27)=S g41 c2010 c6 a1 t2011;

  INPUT ---    rlabel(28)=S g41 c2011 c7 a0 t2011;

  INPUT ---    rlabel(29)=p g41 c2005 c1 a1 t2006;

  INPUT ---    rlabel(30)=p g41 c2005 c1 a2 t2007;

  INPUT ---    rlabel(31)=p g41 c2005 c1 a3 t2008;

  INPUT ---    rlabel(32)=p g41 c2005 c1 a4 t2009;

  INPUT ---    rlabel(33)=p g41 c2005 c1 a5 t2010;

  INPUT ---    rlabel(34)=p g41 c2005 c1 a6 t2011;

  INPUT ---    rlabel(35)=r g41 c2005 c1 a0 t2005;

  INPUT ---    rlabel(36)=r g41 c2005 c1 a1 t2006;

  INPUT ---    rlabel(37)=r g41 c2005 c1 a2 t2007;

  INPUT ---    rlabel(38)=r g41 c2005 c1 a3 t2008;

  INPUT ---    rlabel(39)=r g41 c2005 c1 a4 t2009;

  INPUT ---    rlabel(40)=r g41 c2005 c1 a5 t2010;

  INPUT ---    rlabel(41)=r g41 c2005 c1 a6 t2011;

  INPUT ---    rlabel(42)=r g51 c2005 c1 a0 t2005;

  INPUT ---    rlabel(43)=r g51 c2005 c1 a1 t2006;

  INPUT ---    rlabel(44)=r g51 c2005 c1 a2 t2007;

  INPUT ---    rlabel(45)=r g51 c2005 c1 a3 t2008;

  INPUT ---    rlabel(46)=r g51 c2005 c1 a4 t2009;

  INPUT ---    rlabel(47)=r g51 c2005 c1 a5 t2010;

  INPUT ---    rlabel(48)=r g51 c2005 c1 a6 t2011;


  Program  MARK  - Survival Rate Estimation with Capture-Recapture Data
   gfortran(Win64) Vers. 8.0 Jun 2014   25-Jan-2015 15:11:21    Page  011
 - - - - - - - - - - - - - - - - - - - - - - - - - - - - - - - - - - - - - -
 
  INPUT ---    rlabel(49)=F g41 c2005 c1 a0 t2005;

 Link Function Used is LOGIT        

 Variance Estimation Procedure Used is 2ndPart 

 M(t+1):



 -2logL(saturated) = 1739.8188     
 Effective Sample Size = 7075

 Number of function evaluations was 140 for 28 parameters.
 Time for numerical optimization was 4.01 seconds.
 -2logL { S(~age + time)p(~age)r(~age + sex)F(~1) } = 1779.7756     
 Penalty { S(~age + time)p(~age)r(~age + sex)F(~1) } = -0.0000000    
 Gradient { S(~age + time)p(~age)r(~age + sex)F(~1) }:
  0.1207372E-02  0.000000      0.000000     0.1208844E-02  0.000000    
   0.000000      0.000000      0.000000      0.000000     0.1208748E-02
  0.4471982E-06  0.000000      0.000000     0.5354873E-02-0.9232756E-03
  0.4382188E-04 0.1298592E-02 0.2868466E-06 0.2179951E-06 0.1109226E-02
  0.4219479E-03 0.7558440E-07 0.1604576E-06  0.000000      0.000000    
   0.000000     0.6139896E-02-0.5518343E-06
 S Vector { S(~age + time)p(~age)r(~age + sex)F(~1) }:
   329.3114      45.96660      11.88960      2.997878      1.997756    
   1.356043     0.9951044     0.7426589     0.6772410E-05 0.2360263E-05
  0.1160190E-05 0.1503201E-06 0.2679352E-07 0.1036382E-07 0.5686090E-08
  0.4100721E-08 0.3680737E-08 0.3274077E-08 0.2907851E-08 0.2721109E-08
  0.1838278E-08 0.1262541E-08 0.7640150E-09 0.6736561E-09 0.4054107E-09
  0.3361823E-09 0.2557235E-09 0.1665143E-09
 Time to compute number of parameters was 1.01 seconds.
   Threshold =  0.5800000E-06     Condition index =  0.5056438E-12     New Threshold =  0.8811107E-09
 New Guessimate of Estimated Parameters { S(~age + time)p(~age)r(~age + sex)F(~1) } = 11          
 Conditioned S Vector { S(~age + time)p(~age)r(~age + sex)F(~1) }:
   1.000000     0.1395840     0.3610443E-01 0.9103474E-02 0.6066466E-02
  0.4117813E-02 0.3021773E-02 0.2255187E-02 0.2056537E-07 0.7167268E-08
  0.3523079E-08 0.4564679E-09 0.8136225E-10 0.3147119E-10 0.1726660E-10
  0.1245241E-10 0.1117707E-10 0.9942191E-11 0.8830095E-11 0.8263025E-11
  0.5582188E-11 0.3833880E-11 0.2320038E-11 0.2045651E-11 0.1231086E-11
  0.1020865E-11 0.7765400E-12 0.5056438E-12
 Number of Estimated Parameters { S(~age + time)p(~age)r(~age + sex)F(~1) } = 8          
 DEVIANCE { S(~age + time)p(~age)r(~age + sex)F(~1) } = 39.956893                     
 DEVIANCE Degrees of Freedom { S(~age + time)p(~age)r(~age + sex)F(~1) } = 7            
 c-hat { S(~age + time)p(~age)r(~age + sex)F(~1) } = 5.7081275                     
 AIC { S(~age + time)p(~age)r(~age + sex)F(~1) } = 1795.7756                  
 AICc { S(~age + time)p(~age)r(~age + sex)F(~1) } = 1795.7960                    
 BIC { S(~age + time)p(~age)r(~age + sex)F(~1) } = 1850.6902                    
 Pearson Chisquare { S(~age + time)p(~age)r(~age + sex)F(~1) } = Not a Number               
 Possible Encounter Histories { S(~age + time)p(~age)r(~age + sex)F(~1) } = 896             
 Pearson Chisquare df { S(~age + time)p(~age)r(~age + sex)F(~1) } = 852        
 Pearson chat { S(~age + time)p(~age)r(~age + sex)F(~1) } = Not a Number               
 Sum(Observed/Expected) { S(~age + time)p(~age)r(~age + sex)F(~1) } = Not a Number               
 Fletcher chat { S(~age + time)p(~age)r(~age + sex)F(~1) } = Not a Number               


         LOGIT Link Function Parameters of { S(~age + time)p(~age)r(~age + sex)F(~1) }
                                                              95% Confidence Interval
 Parameter                    Beta         Standard Error      Lower           Upper
 -------------------------  --------------  --------------  --------------  --------------
    1:S:(Intercept)         50.600003       0.0000000       50.600003       50.600003     
    2:S:age1                185.50610       312.42742       -426.85165      797.86385     
    3:S:age2                -73.956655      64.508862       -200.39403      52.480716     

  Program  MARK  - Survival Rate Estimation with Capture-Recapture Data
   gfortran(Win64) Vers. 8.0 Jun 2014   25-Jan-2015 15:11:22    Page  012
 - - - - - - - - - - - - - - - - - - - - - - - - - - - - - - - - - - - - - -
 
    4:S:age3                -25.445711      0.0000000       -25.445711      -25.445711    
    5:S:age4                20.882229       6019.5776       -11777.490      11819.255     
    6:S:age5                -12.088785      2587.8898       -5084.3529      5060.1754     
    7:S:age6                -0.8120010      0.0000000       -0.8120010      -0.8120010    
    8:S:time2006            110.80294       565.50706       -997.59092      1219.1968     
    9:S:time2007            70.391337       1506.8673       -2883.0686      3023.8513     
   10:S:time2008            -31.787005      0.0000000       -31.787005      -31.787005    
   11:S:time2009            49.844048       9632.6832       -18830.215      18929.903     
   12:S:time2010            86.752442       390.94905       -679.50770      853.01259     
   13:S:time2011            -309.01037      172.54088       -647.19049      29.169762     
   14:p:(Intercept)         -6.7958531      0.4083925       -7.5963024      -5.9954037    
   15:p:age2                -0.8962674      0.8167806       -2.4971574      0.7046226     
   16:p:age3                -1.0754353      1.0803449       -3.1929113      1.0420407     
   17:p:age4                0.5233047       0.8170446       -1.0781027      2.1247120     
   18:p:age5                -78.266646      1096.4363       -2227.2819      2070.7486     
   19:p:age6                103.30219       14.769563       74.353851       132.25054     
   20:r:(Intercept)         -1.4803074      0.0923969       -1.6614053      -1.2992096    
   21:r:age1                -5.3586273      1.0024470       -7.3234234      -3.3938312    
   22:r:age2                -299.82090      37.163168       -372.66071      -226.98109    
   23:r:age3                -140.70330      97.707196       -332.20941      50.802807     
   24:r:age4                -197.07364      281.59723       -749.00423      354.85694     
   25:r:age5                -108.72261      198.39868       -497.58404      280.13882     
   26:r:age6                -78.367881      297.11164       -660.70670      503.97094     
   27:r:sex5                -0.1146684      0.1275698       -0.3647052      0.1353685     
   28:F:(Intercept)         40.203251       540.57789       -1019.3294      1099.7359     


         Real Function Parameters of { S(~age + time)p(~age)r(~age + sex)F(~1) }
                                                               95% Confidence Interval
  Parameter                  Estimate       Standard Error      Lower           Upper
 --------------------------  --------------  --------------  --------------  --------------
     1:S g41 c2005 c1 a0 t2  1.0000000       0.0000000       1.0000000       1.0000000                           
     2:S g41 c2005 c1 a1 t2  1.0000000       0.0000000       1.0000000       1.0000000                           
     3:S g41 c2005 c1 a2 t2  1.0000000       0.0000000       1.0000000       1.0000000                           
     4:S g41 c2005 c1 a3 t2  0.0013149       0.0013136       0.1852894E-003  0.0092667                           
     5:S g41 c2005 c1 a4 t2  1.0000000       0.0000000       1.0000000       1.0000000                           
     6:S g41 c2005 c1 a5 t2  1.0000000       0.0000000       1.0000000       1.0000000                           
     7:S g41 c2005 c1 a6 t2  0.2637288E-112  0.0000000       0.2637288E-112  0.2637288E-112                      
     8:S g41 c2006 c2 a0 t2  1.0000000       0.0000000       1.0000000       1.0000000                           
     9:S g41 c2006 c2 a1 t2  1.0000000       0.0000000       1.0000000       1.0000000                           
    10:S g41 c2006 c2 a2 t2  0.1125677E-023  0.0000000       0.1125677E-023  0.1125677E-023                      
    11:S g41 c2006 c2 a3 t2  1.0000000       0.0000000       1.0000000       1.0000000                           
    12:S g41 c2006 c2 a4 t2  1.0000000       0.0000000       1.0000000       1.0000000                           
    13:S g41 c2006 c2 a5 t2  0.3339740E-117  0.8538502E-114  -.1673212E-113  0.1673880E-113                      
    14:S g41 c2007 c3 a0 t2  1.0000000       0.0000000       1.0000000       1.0000000                           
    15:S g41 c2007 c3 a1 t2  1.0000000       0.0000000       1.0000000       1.0000000                           

  Program  MARK  - Survival Rate Estimation with Capture-Recapture Data
   gfortran(Win64) Vers. 8.0 Jun 2014   25-Jan-2015 15:11:22    Page  013
 - - - - - - - - - - - - - - - - - - - - - - - - - - - - - - - - - - - - - -
 
    16:S g41 c2007 c3 a2 t2  1.0000000       0.3041475E-007  0.9999999       1.0000001                           
    17:S g41 c2007 c3 a3 t2  1.0000000       0.0000000       1.0000000       1.0000000                           
    18:S g41 c2007 c3 a4 t2  0.6963731E-103  0.4171560E-099  -.8175561E-099  0.8176954E-099                      
    19:S g41 c2008 c4 a0 t2  1.0000000       0.0000000       1.0000000       1.0000000                           
    20:S g41 c2008 c4 a1 t2  1.0000000       0.0000000       1.0000000       1.0000000                           
    21:S g41 c2008 c4 a2 t2  1.0000000       0.0000000       1.0000000       1.0000000                           
    22:S g41 c2008 c4 a3 t2  0.5282909E-123  0.0000000       0.5282909E-123  0.5282909E-123                      
    23:S g41 c2009 c5 a0 t2  1.0000000       0.0000000       1.0000000       1.0000000                           
    24:S g41 c2009 c5 a1 t2  1.0000000       0.0000000       1.0000000       1.0000000                           
    25:S g41 c2009 c5 a2 t2  0.4516872E-144  0.0000000       0.4516872E-144  0.4516872E-144                      
    26:S g41 c2010 c6 a0 t2  1.0000000       0.0000000       1.0000000       1.0000000                           
    27:S g41 c2010 c6 a1 t2  0.2178123E-031  0.4979387E-029  -.9737818E-029  0.9781381E-029                      
    28:S g41 c2011 c7 a0 t2  0.5940255E-112  0.0000000       0.5940255E-112  0.5940255E-112                      
    29:p g41 c2005 c1 a1 t2  0.0011172       0.4557277E-003  0.5020531E-003  0.0024840                           
    30:p g41 c2005 c1 a2 t2  0.4562011E-003  0.3225473E-003  0.1140763E-003  0.0018225                           
    31:p g41 c2005 c1 a3 t2  0.3813970E-003  0.3813201E-003  0.5372162E-004  0.0027023                           
    32:p g41 c2005 c1 a4 t2  0.0018839       0.0013306       0.4712947E-003  0.0074984                           
    33:p g41 c2005 c1 a5 t2  0.1142421E-036  0.1252592E-033  -.2453938E-033  0.2456223E-033                      
    34:p g41 c2005 c1 a6 t2  1.0000000       0.0000000       1.0000000       1.0000000                           
    35:r g41 c2005 c1 a0 t2  0.1853810       0.0139533       0.1595734       0.2142981                           
    36:r g41 c2005 c1 a1 t2  0.0010701       0.0010714       0.1501828E-003  0.0075820                           
    37:r g41 c2005 c1 a2 t2  0.1401359E-130  0.5207911E-129  -.1006737E-128  0.1034764E-128                      
    38:r g41 c2005 c1 a3 t2  0.1780095E-061  0.1739282E-059  -.3391192E-059  0.3426794E-059                      
    39:r g41 c2005 c1 a4 t2  0.5876452E-086  0.1654793E-083  -.3237517E-083  0.3249270E-083                      
    40:r g41 c2005 c1 a5 t2  0.1378733E-047  0.2735387E-045  -.5347572E-045  0.5375147E-045                      
    41:r g41 c2005 c1 a6 t2  0.2100741E-034  0.6241546E-032  -.1221242E-031  0.1225444E-031                      
    42:r g51 c2005 c1 a0 t2  0.1686850       0.0123610       0.1458230       0.1943159                           
    43:r g51 c2005 c1 a1 t2  0.9542758E-003  0.9557818E-003  0.1338614E-003  0.0067688                           
    44:r g51 c2005 c1 a2 t2  0.1249539E-130  0.4643694E-129  -.8976686E-129  0.9226594E-129                      
    45:r g51 c2005 c1 a3 t2  0.1587243E-061  0.1550851E-059  -.3023796E-059  0.3055541E-059                      
    46:r g51 c2005 c1 a4 t2  0.5239808E-086  0.1475516E-083  -.2886771E-083  0.2897250E-083                      
    47:r g51 c2005 c1 a5 t2  0.1229363E-047  0.2439041E-045  -.4768226E-045  0.4792813E-045                      
    48:r g51 c2005 c1 a6 t2  0.1873150E-034  0.5565348E-032  -.1088935E-031  0.1092681E-031                      
    49:F g41 c2005 c1 a0 t2  1.0000000       0.0000000       1.0000000       1.0000000                           

 Attempted ordering of parameters by estimatibility:
  20 27 14  1 15 17 21 16 10  4  7  6  5 11  9 18  3 12 28 19 26 23 24  8 25
  13 22  2
 Beta number 2 is a singular value.

     CPU Time in seconds for last procedure was 5.02

  Program  MARK  - Survival Rate Estimation with Capture-Recapture Data
   gfortran(Win64) Vers. 8.0 Jun 2014   25-Jan-2015 15:11:22    Page  014
 - - - - - - - - - - - - - - - - - - - - - - - - - - - - - - - - - - - - - -
 


  INPUT --- proc stop;

     CPU Time in minutes for this job was 0.08

     Time Start = 15:11:21.764   Time End = 15:11:22.896

     Wall Clock Time in minutes for this job was 0.02


          E X E C U T I O N   S U C C E S S F U L 
