
   Program  MARK  - Survival Rate Estimation with Capture-Recapture Data
   gfortran(Win64) Vers. 8.0 Jun 2014   31-Jan-2015 13:37:51    Page  001
 - - - - - - - - - - - - - - - - - - - - - - - - - - - - - - - - - - - - - -
 
   This version was compiled by GCC version 4.8.1 using the options 
   -m64 -mtune=generic -march=x86-64 -mthreads -O2 -fimplicit-none -fbounds-check -funroll-loops -ftree-vectorize -fopenmp.
   This problem will use 7 of 8 possible threads.


  INPUT --- proc title ;

     CPU Time in seconds for last procedure was 0.00


  INPUT --- proc chmatrix occasions= 7 groups= 6 etype= Both ICMeans 
  INPUT --- NoHist hist= 51 ;

  INPUT ---    time  interval 1 1 1 1 1 1 1 ;

  INPUT ---    glabel(1)=sex4.age1;

  INPUT ---    glabel(2)=sex5.age1;

  INPUT ---    glabel(3)=sex4.age2;

  INPUT ---    glabel(4)=sex5.age2;

  INPUT ---    glabel(5)=sex4.age4;

  INPUT ---    glabel(6)=sex5.age4;

   * *  WARNING  * *   At least a pair of the encounter histories are duplicates. 

      Number of unique encounter histories read was 17.

      Number of individual covariates read was 0.
      Time interval lengths are all equal to 1.

      Data type number is 3
      Data type is Joint Live and Dead Encounters (Burnham)                                                            

     CPU Time in seconds for last procedure was 0.00

  Program  MARK  - Survival Rate Estimation with Capture-Recapture Data
   gfortran(Win64) Vers. 8.0 Jun 2014   31-Jan-2015 13:37:51    Page  002
 - - - - - - - - - - - - - - - - - - - - - - - - - - - - - - - - - - - - - -
 


  INPUT --- proc estimate link=Logit NOLOOP varest=2ndPart    ;


  INPUT --- model={ S(~age + sex + time)p(~sex)r(~1)F(~age) };

  INPUT ---    group=1 S    rows=7 cols=7 Triang ;
  INPUT ---        1 2 3 4 5 6 7 ;
  INPUT ---        8 9 10 11 12 13 ;
  INPUT ---        14 15 16 17 18 ;
  INPUT ---        19 20 21 22 ;
  INPUT ---        23 24 25 ;
  INPUT ---        26 27 ;
  INPUT ---        28 ;

  INPUT ---    group=2 S    rows=7 cols=7 Triang ;
  INPUT ---        29 30 31 32 33 34 35 ;
  INPUT ---        36 37 38 39 40 41 ;
  INPUT ---        42 43 44 45 46 ;
  INPUT ---        47 48 49 50 ;
  INPUT ---        51 52 53 ;
  INPUT ---        54 55 ;
  INPUT ---        56 ;

  INPUT ---    group=3 S    rows=7 cols=7 Triang ;
  INPUT ---        1 2 3 4 5 6 7 ;
  INPUT ---        8 9 10 11 12 13 ;
  INPUT ---        14 15 16 17 18 ;
  INPUT ---        19 20 21 22 ;
  INPUT ---        23 24 25 ;
  INPUT ---        26 27 ;
  INPUT ---        28 ;

  INPUT ---    group=4 S    rows=7 cols=7 Triang ;
  INPUT ---        29 30 31 32 33 34 35 ;
  INPUT ---        36 37 38 39 40 41 ;
  INPUT ---        42 43 44 45 46 ;
  INPUT ---        47 48 49 50 ;
  INPUT ---        51 52 53 ;
  INPUT ---        54 55 ;
  INPUT ---        56 ;

  INPUT ---    group=5 S    rows=7 cols=7 Triang ;
  INPUT ---        1 2 3 4 5 6 7 ;
  INPUT ---        8 9 10 11 12 13 ;

  Program  MARK  - Survival Rate Estimation with Capture-Recapture Data
   gfortran(Win64) Vers. 8.0 Jun 2014   31-Jan-2015 13:37:51    Page  003
 - - - - - - - - - - - - - - - - - - - - - - - - - - - - - - - - - - - - - -
 
  INPUT ---        14 15 16 17 18 ;
  INPUT ---        19 20 21 22 ;
  INPUT ---        23 24 25 ;
  INPUT ---        26 27 ;
  INPUT ---        28 ;

  INPUT ---    group=6 S    rows=7 cols=7 Triang ;
  INPUT ---        29 30 31 32 33 34 35 ;
  INPUT ---        36 37 38 39 40 41 ;
  INPUT ---        42 43 44 45 46 ;
  INPUT ---        47 48 49 50 ;
  INPUT ---        51 52 53 ;
  INPUT ---        54 55 ;
  INPUT ---        56 ;

  INPUT ---    group=1 p    rows=6 cols=6 Triang ;
  INPUT ---        57 57 57 57 57 57 ;
  INPUT ---        57 57 57 57 57 ;
  INPUT ---        57 57 57 57 ;
  INPUT ---        57 57 57 ;
  INPUT ---        57 57 ;
  INPUT ---        57 ;

  INPUT ---    group=2 p    rows=6 cols=6 Triang ;
  INPUT ---        58 58 58 58 58 58 ;
  INPUT ---        58 58 58 58 58 ;
  INPUT ---        58 58 58 58 ;
  INPUT ---        58 58 58 ;
  INPUT ---        58 58 ;
  INPUT ---        58 ;

  INPUT ---    group=3 p    rows=6 cols=6 Triang ;
  INPUT ---        57 57 57 57 57 57 ;
  INPUT ---        57 57 57 57 57 ;
  INPUT ---        57 57 57 57 ;
  INPUT ---        57 57 57 ;
  INPUT ---        57 57 ;
  INPUT ---        57 ;

  INPUT ---    group=4 p    rows=6 cols=6 Triang ;
  INPUT ---        58 58 58 58 58 58 ;
  INPUT ---        58 58 58 58 58 ;
  INPUT ---        58 58 58 58 ;
  INPUT ---        58 58 58 ;
  INPUT ---        58 58 ;
  INPUT ---        58 ;

  Program  MARK  - Survival Rate Estimation with Capture-Recapture Data
   gfortran(Win64) Vers. 8.0 Jun 2014   31-Jan-2015 13:37:51    Page  004
 - - - - - - - - - - - - - - - - - - - - - - - - - - - - - - - - - - - - - -
 

  INPUT ---    group=5 p    rows=6 cols=6 Triang ;
  INPUT ---        57 57 57 57 57 57 ;
  INPUT ---        57 57 57 57 57 ;
  INPUT ---        57 57 57 57 ;
  INPUT ---        57 57 57 ;
  INPUT ---        57 57 ;
  INPUT ---        57 ;

  INPUT ---    group=6 p    rows=6 cols=6 Triang ;
  INPUT ---        58 58 58 58 58 58 ;
  INPUT ---        58 58 58 58 58 ;
  INPUT ---        58 58 58 58 ;
  INPUT ---        58 58 58 ;
  INPUT ---        58 58 ;
  INPUT ---        58 ;

  INPUT ---    group=1 r    rows=7 cols=7 Triang ;
  INPUT ---        59 59 59 59 59 59 59 ;
  INPUT ---        59 59 59 59 59 59 ;
  INPUT ---        59 59 59 59 59 ;
  INPUT ---        59 59 59 59 ;
  INPUT ---        59 59 59 ;
  INPUT ---        59 59 ;
  INPUT ---        59 ;

  INPUT ---    group=2 r    rows=7 cols=7 Triang ;
  INPUT ---        59 59 59 59 59 59 59 ;
  INPUT ---        59 59 59 59 59 59 ;
  INPUT ---        59 59 59 59 59 ;
  INPUT ---        59 59 59 59 ;
  INPUT ---        59 59 59 ;
  INPUT ---        59 59 ;
  INPUT ---        59 ;

  INPUT ---    group=3 r    rows=7 cols=7 Triang ;
  INPUT ---        59 59 59 59 59 59 59 ;
  INPUT ---        59 59 59 59 59 59 ;
  INPUT ---        59 59 59 59 59 ;
  INPUT ---        59 59 59 59 ;
  INPUT ---        59 59 59 ;
  INPUT ---        59 59 ;
  INPUT ---        59 ;

  INPUT ---    group=4 r    rows=7 cols=7 Triang ;
  INPUT ---        59 59 59 59 59 59 59 ;

  Program  MARK  - Survival Rate Estimation with Capture-Recapture Data
   gfortran(Win64) Vers. 8.0 Jun 2014   31-Jan-2015 13:37:51    Page  005
 - - - - - - - - - - - - - - - - - - - - - - - - - - - - - - - - - - - - - -
 
  INPUT ---        59 59 59 59 59 59 ;
  INPUT ---        59 59 59 59 59 ;
  INPUT ---        59 59 59 59 ;
  INPUT ---        59 59 59 ;
  INPUT ---        59 59 ;
  INPUT ---        59 ;

  INPUT ---    group=5 r    rows=7 cols=7 Triang ;
  INPUT ---        59 59 59 59 59 59 59 ;
  INPUT ---        59 59 59 59 59 59 ;
  INPUT ---        59 59 59 59 59 ;
  INPUT ---        59 59 59 59 ;
  INPUT ---        59 59 59 ;
  INPUT ---        59 59 ;
  INPUT ---        59 ;

  INPUT ---    group=6 r    rows=7 cols=7 Triang ;
  INPUT ---        59 59 59 59 59 59 59 ;
  INPUT ---        59 59 59 59 59 59 ;
  INPUT ---        59 59 59 59 59 ;
  INPUT ---        59 59 59 59 ;
  INPUT ---        59 59 59 ;
  INPUT ---        59 59 ;
  INPUT ---        59 ;

  INPUT ---    group=1 F    rows=6 cols=6 Triang ;
  INPUT ---        60 61 62 63 64 65 ;
  INPUT ---        60 61 62 63 64 ;
  INPUT ---        60 61 62 63 ;
  INPUT ---        60 61 62 ;
  INPUT ---        60 61 ;
  INPUT ---        60 ;

  INPUT ---    group=2 F    rows=6 cols=6 Triang ;
  INPUT ---        60 61 62 63 64 65 ;
  INPUT ---        60 61 62 63 64 ;
  INPUT ---        60 61 62 63 ;
  INPUT ---        60 61 62 ;
  INPUT ---        60 61 ;
  INPUT ---        60 ;

  INPUT ---    group=3 F    rows=6 cols=6 Triang ;
  INPUT ---        60 61 62 63 64 65 ;
  INPUT ---        60 61 62 63 64 ;
  INPUT ---        60 61 62 63 ;
  INPUT ---        60 61 62 ;

  Program  MARK  - Survival Rate Estimation with Capture-Recapture Data
   gfortran(Win64) Vers. 8.0 Jun 2014   31-Jan-2015 13:37:51    Page  006
 - - - - - - - - - - - - - - - - - - - - - - - - - - - - - - - - - - - - - -
 
  INPUT ---        60 61 ;
  INPUT ---        60 ;

  INPUT ---    group=4 F    rows=6 cols=6 Triang ;
  INPUT ---        60 61 62 63 64 65 ;
  INPUT ---        60 61 62 63 64 ;
  INPUT ---        60 61 62 63 ;
  INPUT ---        60 61 62 ;
  INPUT ---        60 61 ;
  INPUT ---        60 ;

  INPUT ---    group=5 F    rows=6 cols=6 Triang ;
  INPUT ---        60 61 62 63 64 65 ;
  INPUT ---        60 61 62 63 64 ;
  INPUT ---        60 61 62 63 ;
  INPUT ---        60 61 62 ;
  INPUT ---        60 61 ;
  INPUT ---        60 ;

  INPUT ---    group=6 F    rows=6 cols=6 Triang ;
  INPUT ---        60 61 62 63 64 65 ;
  INPUT ---        60 61 62 63 64 ;
  INPUT ---        60 61 62 63 ;
  INPUT ---        60 61 62 ;
  INPUT ---        60 61 ;
  INPUT ---        60 ;

  INPUT ---    design matrix constraints=65 covariates=23;
  INPUT ---        1 0 0 0 0 0 0 0 0 0 0 0 0 0 0 0 0 0 0 0 0 0 0;
  INPUT ---        1 1 0 0 0 0 0 0 1 0 0 0 0 0 0 0 0 0 0 0 0 0 0;
  INPUT ---        1 0 1 0 0 0 0 0 0 1 0 0 0 0 0 0 0 0 0 0 0 0 0;
  INPUT ---        1 0 0 1 0 0 0 0 0 0 1 0 0 0 0 0 0 0 0 0 0 0 0;
  INPUT ---        1 0 0 0 1 0 0 0 0 0 0 1 0 0 0 0 0 0 0 0 0 0 0;
  INPUT ---        1 0 0 0 0 1 0 0 0 0 0 0 1 0 0 0 0 0 0 0 0 0 0;
  INPUT ---        1 0 0 0 0 0 1 0 0 0 0 0 0 1 0 0 0 0 0 0 0 0 0;
  INPUT ---        1 0 0 0 0 0 0 0 1 0 0 0 0 0 0 0 0 0 0 0 0 0 0;
  INPUT ---        1 1 0 0 0 0 0 0 0 1 0 0 0 0 0 0 0 0 0 0 0 0 0;
  INPUT ---        1 0 1 0 0 0 0 0 0 0 1 0 0 0 0 0 0 0 0 0 0 0 0;
  INPUT ---        1 0 0 1 0 0 0 0 0 0 0 1 0 0 0 0 0 0 0 0 0 0 0;
  INPUT ---        1 0 0 0 1 0 0 0 0 0 0 0 1 0 0 0 0 0 0 0 0 0 0;
  INPUT ---        1 0 0 0 0 1 0 0 0 0 0 0 0 1 0 0 0 0 0 0 0 0 0;
  INPUT ---        1 0 0 0 0 0 0 0 0 1 0 0 0 0 0 0 0 0 0 0 0 0 0;
  INPUT ---        1 1 0 0 0 0 0 0 0 0 1 0 0 0 0 0 0 0 0 0 0 0 0;
  INPUT ---        1 0 1 0 0 0 0 0 0 0 0 1 0 0 0 0 0 0 0 0 0 0 0;
  INPUT ---        1 0 0 1 0 0 0 0 0 0 0 0 1 0 0 0 0 0 0 0 0 0 0;
  INPUT ---        1 0 0 0 1 0 0 0 0 0 0 0 0 1 0 0 0 0 0 0 0 0 0;

  Program  MARK  - Survival Rate Estimation with Capture-Recapture Data
   gfortran(Win64) Vers. 8.0 Jun 2014   31-Jan-2015 13:37:51    Page  007
 - - - - - - - - - - - - - - - - - - - - - - - - - - - - - - - - - - - - - -
 
  INPUT ---        1 0 0 0 0 0 0 0 0 0 1 0 0 0 0 0 0 0 0 0 0 0 0;
  INPUT ---        1 1 0 0 0 0 0 0 0 0 0 1 0 0 0 0 0 0 0 0 0 0 0;
  INPUT ---        1 0 1 0 0 0 0 0 0 0 0 0 1 0 0 0 0 0 0 0 0 0 0;
  INPUT ---        1 0 0 1 0 0 0 0 0 0 0 0 0 1 0 0 0 0 0 0 0 0 0;
  INPUT ---        1 0 0 0 0 0 0 0 0 0 0 1 0 0 0 0 0 0 0 0 0 0 0;
  INPUT ---        1 1 0 0 0 0 0 0 0 0 0 0 1 0 0 0 0 0 0 0 0 0 0;
  INPUT ---        1 0 1 0 0 0 0 0 0 0 0 0 0 1 0 0 0 0 0 0 0 0 0;
  INPUT ---        1 0 0 0 0 0 0 0 0 0 0 0 1 0 0 0 0 0 0 0 0 0 0;
  INPUT ---        1 1 0 0 0 0 0 0 0 0 0 0 0 1 0 0 0 0 0 0 0 0 0;
  INPUT ---        1 0 0 0 0 0 0 0 0 0 0 0 0 1 0 0 0 0 0 0 0 0 0;
  INPUT ---        1 0 0 0 0 0 0 1 0 0 0 0 0 0 0 0 0 0 0 0 0 0 0;
  INPUT ---        1 1 0 0 0 0 0 1 1 0 0 0 0 0 0 0 0 0 0 0 0 0 0;
  INPUT ---        1 0 1 0 0 0 0 1 0 1 0 0 0 0 0 0 0 0 0 0 0 0 0;
  INPUT ---        1 0 0 1 0 0 0 1 0 0 1 0 0 0 0 0 0 0 0 0 0 0 0;
  INPUT ---        1 0 0 0 1 0 0 1 0 0 0 1 0 0 0 0 0 0 0 0 0 0 0;
  INPUT ---        1 0 0 0 0 1 0 1 0 0 0 0 1 0 0 0 0 0 0 0 0 0 0;
  INPUT ---        1 0 0 0 0 0 1 1 0 0 0 0 0 1 0 0 0 0 0 0 0 0 0;
  INPUT ---        1 0 0 0 0 0 0 1 1 0 0 0 0 0 0 0 0 0 0 0 0 0 0;
  INPUT ---        1 1 0 0 0 0 0 1 0 1 0 0 0 0 0 0 0 0 0 0 0 0 0;
  INPUT ---        1 0 1 0 0 0 0 1 0 0 1 0 0 0 0 0 0 0 0 0 0 0 0;
  INPUT ---        1 0 0 1 0 0 0 1 0 0 0 1 0 0 0 0 0 0 0 0 0 0 0;
  INPUT ---        1 0 0 0 1 0 0 1 0 0 0 0 1 0 0 0 0 0 0 0 0 0 0;
  INPUT ---        1 0 0 0 0 1 0 1 0 0 0 0 0 1 0 0 0 0 0 0 0 0 0;
  INPUT ---        1 0 0 0 0 0 0 1 0 1 0 0 0 0 0 0 0 0 0 0 0 0 0;
  INPUT ---        1 1 0 0 0 0 0 1 0 0 1 0 0 0 0 0 0 0 0 0 0 0 0;
  INPUT ---        1 0 1 0 0 0 0 1 0 0 0 1 0 0 0 0 0 0 0 0 0 0 0;
  INPUT ---        1 0 0 1 0 0 0 1 0 0 0 0 1 0 0 0 0 0 0 0 0 0 0;
  INPUT ---        1 0 0 0 1 0 0 1 0 0 0 0 0 1 0 0 0 0 0 0 0 0 0;
  INPUT ---        1 0 0 0 0 0 0 1 0 0 1 0 0 0 0 0 0 0 0 0 0 0 0;
  INPUT ---        1 1 0 0 0 0 0 1 0 0 0 1 0 0 0 0 0 0 0 0 0 0 0;
  INPUT ---        1 0 1 0 0 0 0 1 0 0 0 0 1 0 0 0 0 0 0 0 0 0 0;
  INPUT ---        1 0 0 1 0 0 0 1 0 0 0 0 0 1 0 0 0 0 0 0 0 0 0;
  INPUT ---        1 0 0 0 0 0 0 1 0 0 0 1 0 0 0 0 0 0 0 0 0 0 0;
  INPUT ---        1 1 0 0 0 0 0 1 0 0 0 0 1 0 0 0 0 0 0 0 0 0 0;
  INPUT ---        1 0 1 0 0 0 0 1 0 0 0 0 0 1 0 0 0 0 0 0 0 0 0;
  INPUT ---        1 0 0 0 0 0 0 1 0 0 0 0 1 0 0 0 0 0 0 0 0 0 0;
  INPUT ---        1 1 0 0 0 0 0 1 0 0 0 0 0 1 0 0 0 0 0 0 0 0 0;
  INPUT ---        1 0 0 0 0 0 0 1 0 0 0 0 0 1 0 0 0 0 0 0 0 0 0;
  INPUT ---        0 0 0 0 0 0 0 0 0 0 0 0 0 0 1 0 0 0 0 0 0 0 0;
  INPUT ---        0 0 0 0 0 0 0 0 0 0 0 0 0 0 1 1 0 0 0 0 0 0 0;
  INPUT ---        0 0 0 0 0 0 0 0 0 0 0 0 0 0 0 0 1 0 0 0 0 0 0;
  INPUT ---        0 0 0 0 0 0 0 0 0 0 0 0 0 0 0 0 0 1 0 0 0 0 0;
  INPUT ---        0 0 0 0 0 0 0 0 0 0 0 0 0 0 0 0 0 1 1 0 0 0 0;
  INPUT ---        0 0 0 0 0 0 0 0 0 0 0 0 0 0 0 0 0 1 0 1 0 0 0;
  INPUT ---        0 0 0 0 0 0 0 0 0 0 0 0 0 0 0 0 0 1 0 0 1 0 0;
  INPUT ---        0 0 0 0 0 0 0 0 0 0 0 0 0 0 0 0 0 1 0 0 0 1 0;

  Program  MARK  - Survival Rate Estimation with Capture-Recapture Data
   gfortran(Win64) Vers. 8.0 Jun 2014   31-Jan-2015 13:37:51    Page  008
 - - - - - - - - - - - - - - - - - - - - - - - - - - - - - - - - - - - - - -
 
  INPUT ---        0 0 0 0 0 0 0 0 0 0 0 0 0 0 0 0 0 1 0 0 0 0 1;

  INPUT ---    blabel(1)=S:(Intercept);

  INPUT ---    blabel(2)=S:age1;

  INPUT ---    blabel(3)=S:age2;

  INPUT ---    blabel(4)=S:age3;

  INPUT ---    blabel(5)=S:age4;

  INPUT ---    blabel(6)=S:age5;

  INPUT ---    blabel(7)=S:age6;

  INPUT ---    blabel(8)=S:sex5;

  INPUT ---    blabel(9)=S:time2006;

  INPUT ---    blabel(10)=S:time2007;

  INPUT ---    blabel(11)=S:time2008;

  INPUT ---    blabel(12)=S:time2009;

  INPUT ---    blabel(13)=S:time2010;

  INPUT ---    blabel(14)=S:time2011;

  INPUT ---    blabel(15)=p:(Intercept);

  INPUT ---    blabel(16)=p:sex5;

  INPUT ---    blabel(17)=r:(Intercept);

  INPUT ---    blabel(18)=F:(Intercept);

  INPUT ---    blabel(19)=F:age1;

  INPUT ---    blabel(20)=F:age2;

  INPUT ---    blabel(21)=F:age3;

  INPUT ---    blabel(22)=F:age4;


  Program  MARK  - Survival Rate Estimation with Capture-Recapture Data
   gfortran(Win64) Vers. 8.0 Jun 2014   31-Jan-2015 13:37:51    Page  009
 - - - - - - - - - - - - - - - - - - - - - - - - - - - - - - - - - - - - - -
 
  INPUT ---    blabel(23)=F:age5;

  INPUT ---    rlabel(1)=S g41 c2005 c1 a0 t2005;

  INPUT ---    rlabel(2)=S g41 c2005 c1 a1 t2006;

  INPUT ---    rlabel(3)=S g41 c2005 c1 a2 t2007;

  INPUT ---    rlabel(4)=S g41 c2005 c1 a3 t2008;

  INPUT ---    rlabel(5)=S g41 c2005 c1 a4 t2009;

  INPUT ---    rlabel(6)=S g41 c2005 c1 a5 t2010;

  INPUT ---    rlabel(7)=S g41 c2005 c1 a6 t2011;

  INPUT ---    rlabel(8)=S g41 c2006 c2 a0 t2006;

  INPUT ---    rlabel(9)=S g41 c2006 c2 a1 t2007;

  INPUT ---    rlabel(10)=S g41 c2006 c2 a2 t2008;

  INPUT ---    rlabel(11)=S g41 c2006 c2 a3 t2009;

  INPUT ---    rlabel(12)=S g41 c2006 c2 a4 t2010;

  INPUT ---    rlabel(13)=S g41 c2006 c2 a5 t2011;

  INPUT ---    rlabel(14)=S g41 c2007 c3 a0 t2007;

  INPUT ---    rlabel(15)=S g41 c2007 c3 a1 t2008;

  INPUT ---    rlabel(16)=S g41 c2007 c3 a2 t2009;

  INPUT ---    rlabel(17)=S g41 c2007 c3 a3 t2010;

  INPUT ---    rlabel(18)=S g41 c2007 c3 a4 t2011;

  INPUT ---    rlabel(19)=S g41 c2008 c4 a0 t2008;

  INPUT ---    rlabel(20)=S g41 c2008 c4 a1 t2009;

  INPUT ---    rlabel(21)=S g41 c2008 c4 a2 t2010;

  INPUT ---    rlabel(22)=S g41 c2008 c4 a3 t2011;


  Program  MARK  - Survival Rate Estimation with Capture-Recapture Data
   gfortran(Win64) Vers. 8.0 Jun 2014   31-Jan-2015 13:37:51    Page  010
 - - - - - - - - - - - - - - - - - - - - - - - - - - - - - - - - - - - - - -
 
  INPUT ---    rlabel(23)=S g41 c2009 c5 a0 t2009;

  INPUT ---    rlabel(24)=S g41 c2009 c5 a1 t2010;

  INPUT ---    rlabel(25)=S g41 c2009 c5 a2 t2011;

  INPUT ---    rlabel(26)=S g41 c2010 c6 a0 t2010;

  INPUT ---    rlabel(27)=S g41 c2010 c6 a1 t2011;

  INPUT ---    rlabel(28)=S g41 c2011 c7 a0 t2011;

  INPUT ---    rlabel(29)=S g51 c2005 c1 a0 t2005;

  INPUT ---    rlabel(30)=S g51 c2005 c1 a1 t2006;

  INPUT ---    rlabel(31)=S g51 c2005 c1 a2 t2007;

  INPUT ---    rlabel(32)=S g51 c2005 c1 a3 t2008;

  INPUT ---    rlabel(33)=S g51 c2005 c1 a4 t2009;

  INPUT ---    rlabel(34)=S g51 c2005 c1 a5 t2010;

  INPUT ---    rlabel(35)=S g51 c2005 c1 a6 t2011;

  INPUT ---    rlabel(36)=S g51 c2006 c2 a0 t2006;

  INPUT ---    rlabel(37)=S g51 c2006 c2 a1 t2007;

  INPUT ---    rlabel(38)=S g51 c2006 c2 a2 t2008;

  INPUT ---    rlabel(39)=S g51 c2006 c2 a3 t2009;

  INPUT ---    rlabel(40)=S g51 c2006 c2 a4 t2010;

  INPUT ---    rlabel(41)=S g51 c2006 c2 a5 t2011;

  INPUT ---    rlabel(42)=S g51 c2007 c3 a0 t2007;

  INPUT ---    rlabel(43)=S g51 c2007 c3 a1 t2008;

  INPUT ---    rlabel(44)=S g51 c2007 c3 a2 t2009;

  INPUT ---    rlabel(45)=S g51 c2007 c3 a3 t2010;


  Program  MARK  - Survival Rate Estimation with Capture-Recapture Data
   gfortran(Win64) Vers. 8.0 Jun 2014   31-Jan-2015 13:37:51    Page  011
 - - - - - - - - - - - - - - - - - - - - - - - - - - - - - - - - - - - - - -
 
  INPUT ---    rlabel(46)=S g51 c2007 c3 a4 t2011;

  INPUT ---    rlabel(47)=S g51 c2008 c4 a0 t2008;

  INPUT ---    rlabel(48)=S g51 c2008 c4 a1 t2009;

  INPUT ---    rlabel(49)=S g51 c2008 c4 a2 t2010;

  INPUT ---    rlabel(50)=S g51 c2008 c4 a3 t2011;

  INPUT ---    rlabel(51)=S g51 c2009 c5 a0 t2009;

  INPUT ---    rlabel(52)=S g51 c2009 c5 a1 t2010;

  INPUT ---    rlabel(53)=S g51 c2009 c5 a2 t2011;

  INPUT ---    rlabel(54)=S g51 c2010 c6 a0 t2010;

  INPUT ---    rlabel(55)=S g51 c2010 c6 a1 t2011;

  INPUT ---    rlabel(56)=S g51 c2011 c7 a0 t2011;

  INPUT ---    rlabel(57)=p g41 c2005 c1 a1 t2006;

  INPUT ---    rlabel(58)=p g51 c2005 c1 a1 t2006;

  INPUT ---    rlabel(59)=r g41 c2005 c1 a0 t2005;

  INPUT ---    rlabel(60)=F g41 c2005 c1 a0 t2005;

  INPUT ---    rlabel(61)=F g41 c2005 c1 a1 t2006;

  INPUT ---    rlabel(62)=F g41 c2005 c1 a2 t2007;

  INPUT ---    rlabel(63)=F g41 c2005 c1 a3 t2008;

  INPUT ---    rlabel(64)=F g41 c2005 c1 a4 t2009;

  INPUT ---    rlabel(65)=F g41 c2005 c1 a5 t2010;

 Link Function Used is LOGIT        

 Variance Estimation Procedure Used is 2ndPart 

 M(t+1):

  Program  MARK  - Survival Rate Estimation with Capture-Recapture Data
   gfortran(Win64) Vers. 8.0 Jun 2014   31-Jan-2015 13:37:51    Page  012
 - - - - - - - - - - - - - - - - - - - - - - - - - - - - - - - - - - - - - -
 



 -2logL(saturated) = 1739.8188     
 Effective Sample Size = 7075

 Number of function evaluations was 88 for 23 parameters.
 Time for numerical optimization was 2.23 seconds.
 -2logL { S(~age + sex + time)p(~sex)r(~1)F(~age) } = 2574.0062     
 Penalty { S(~age + sex + time)p(~sex)r(~1)F(~age) } = -0.0000000    
 Gradient { S(~age + sex + time)p(~sex)r(~1)F(~age) }:
 -0.1547994E-03-0.6732170E-04  0.000000    -0.3161800E-04  0.000000    
   0.000000      0.000000    -0.3243641E-04-0.1621563E-04-0.3008755E-05
 -0.2389512E-04-0.1532990E-04  0.000000    -0.5917996E-04 0.3273226E-04
 -0.5839358E-04-0.6309242E-03-0.1589463E-04  0.000000      0.000000    
   0.000000      0.000000      0.000000    
 S Vector { S(~age + sex + time)p(~sex)r(~1)F(~age) }:
   284.2913      13.87668      3.898523      2.186505     0.6224705    
  0.8873878E-01 0.3688424E-04 0.1733379E-04 0.1007500E-04 0.8758453E-05
  0.8337865E-05 0.4997044E-05 0.1980794E-05 0.1173236E-05 0.3365349E-06
  0.3078829E-06 0.2259973E-06 0.1686729E-06 0.1234421E-06 0.6629124E-07
  0.2032517E-07 0.1754891E-07 0.9584988E-08
 Time to compute number of parameters was 0.70 seconds.
   Threshold =  0.4800000E-06     Condition index =  0.3371538E-10     New Threshold =  0.4596799E-07
 New Guessimate of Estimated Parameters { S(~age + sex + time)p(~sex)r(~1)F(~age) } = 8          
 Conditioned S Vector { S(~age + sex + time)p(~sex)r(~1)F(~age) }:
   1.000000     0.4881149E-01 0.1371313E-01 0.7691073E-02 0.2189552E-02
  0.3121403E-03 0.1297410E-06 0.6097195E-07 0.3543901E-07 0.3080802E-07
  0.2932859E-07 0.1757720E-07 0.6967479E-08 0.4126879E-08 0.1183768E-08
  0.1082984E-08 0.7949498E-09 0.5933102E-09 0.4342098E-09 0.2331807E-09
  0.7149418E-10 0.6172863E-10 0.3371538E-10
 Number of Estimated Parameters { S(~age + sex + time)p(~sex)r(~1)F(~age) } = 6          
 DEVIANCE { S(~age + sex + time)p(~sex)r(~1)F(~age) } = 834.18743                     
 DEVIANCE Degrees of Freedom { S(~age + sex + time)p(~sex)r(~1)F(~age) } = 9            
 c-hat { S(~age + sex + time)p(~sex)r(~1)F(~age) } = 92.687492                     
 AIC { S(~age + sex + time)p(~sex)r(~1)F(~age) } = 2586.0062                  
 AICc { S(~age + sex + time)p(~sex)r(~1)F(~age) } = 2586.0181                    
 BIC { S(~age + sex + time)p(~sex)r(~1)F(~age) } = 2627.1921                    
 Pearson Chisquare { S(~age + sex + time)p(~sex)r(~1)F(~age) } = Not a Number               
 Possible Encounter Histories { S(~age + sex + time)p(~sex)r(~1)F(~age) } = 896             
 Pearson Chisquare df { S(~age + sex + time)p(~sex)r(~1)F(~age) } = 854        
 Pearson chat { S(~age + sex + time)p(~sex)r(~1)F(~age) } = Not a Number               
 Sum(Observed/Expected) { S(~age + sex + time)p(~sex)r(~1)F(~age) } = Not a Number               
 Fletcher chat { S(~age + sex + time)p(~sex)r(~1)F(~age) } = Not a Number               


         LOGIT Link Function Parameters of { S(~age + sex + time)p(~sex)r(~1)F(~age) }
                                                              95% Confidence Interval
 Parameter                    Beta         Standard Error      Lower           Upper
 -------------------------  --------------  --------------  --------------  --------------
    1:S:(Intercept)         0.7627559       2.6226751       -4.3776873      5.9031992     
    2:S:age1                71.285762       1137.5313       -2158.2756      2300.8472     
    3:S:age2                0.5166205       498.85705       -977.24321      978.27646     
    4:S:age3                47.909842       0.0000000       47.909842       47.909842     
    5:S:age4                0.0482535       190.93565       -374.18564      374.28214     
    6:S:age5                1.8525830       0.0000000       1.8525830       1.8525830     
    7:S:age6                -0.3890223      0.0000000       -0.3890223      -0.3890223    
    8:S:sex5                34.057867       0.0000000       34.057867       34.057867     
    9:S:time2006            -60.704583      1190.8206       -2394.7130      2273.3039     
   10:S:time2007            14.118391       0.0000000       14.118391       14.118391     
   11:S:time2008            -73.229897      1137.5145       -2302.7584      2156.2986     

  Program  MARK  - Survival Rate Estimation with Capture-Recapture Data
   gfortran(Win64) Vers. 8.0 Jun 2014   31-Jan-2015 13:37:52    Page  013
 - - - - - - - - - - - - - - - - - - - - - - - - - - - - - - - - - - - - - -
 
   12:S:time2009            10.847760       370.28774       -714.91623      736.61175     
   13:S:time2010            17.824496       1999.2395       -3900.6851      3936.3341     
   14:S:time2011            -68.934844      1137.5441       -2298.5213      2160.6516     
   15:p:(Intercept)         -5.9465100      0.4801621       -6.8876278      -5.0053922    
   16:p:sex5                -1.3362322      0.6713544       -2.6520868      -0.0203775    
   17:r:(Intercept)         -2.9642041      0.0594044       -3.0806366      -2.8477715    
   18:F:(Intercept)         7.5838995       340.85512       -660.49216      675.65996     
   19:F:age1                9.5346291       0.0000000       9.5346291       9.5346291     
   20:F:age2                10.734969       0.0000000       10.734969       10.734969     
   21:F:age3                11.186104       0.0000000       11.186104       11.186104     
   22:F:age4                17.782709       0.0000000       17.782709       17.782709     
   23:F:age5                27.144383       0.0000000       27.144383       27.144383     


         Real Function Parameters of { S(~age + sex + time)p(~sex)r(~1)F(~age) }
                                                               95% Confidence Interval
  Parameter                  Estimate       Standard Error      Lower           Upper
 --------------------------  --------------  --------------  --------------  --------------
     1:S g41 c2005 c1 a0 t2  0.6819518       0.5688413       0.0123987       0.9972767                           
     2:S g41 c2005 c1 a1 t2  0.9999882       0.0042078       0.2712023E-297  1.0000000                           
     3:S g41 c2005 c1 a2 t2  0.9999998       0.0000000       0.9999998       0.9999998                           
     4:S g41 c2005 c1 a3 t2  0.2162221E-010  0.0000000       0.2162221E-010  0.2162221E-010                      
     5:S g41 c2005 c1 a4 t2  0.9999914       0.0035360       0.1140781E-298  1.0000000                           
     6:S g41 c2005 c1 a5 t2  1.0000000       0.2362496E-005  0.9999954       1.0000046                           
     7:S g41 c2005 c1 a6 t2  0.1676054E-029  0.1737292E-026  -.3403417E-026  0.3406769E-026                      
     8:S g41 c2006 c2 a0 t2  0.9281011E-026  0.1105198E-022  -.2165259E-022  0.2167115E-022                      
     9:S g41 c2006 c2 a1 t2  1.0000000       0.0000000       1.0000000       1.0000000                           
    10:S g41 c2006 c2 a2 t2  0.5653088E-031  0.7094061E-028  -.1389871E-027  0.1391001E-027                      
    11:S g41 c2006 c2 a3 t2  1.0000000       0.0000000       1.0000000       1.0000000                           
    12:S g41 c2006 c2 a4 t2  1.0000000       0.1594907E-004  0.9999687       1.0000313                           
    13:S g41 c2006 c2 a5 t2  0.1576902E-028  0.9790345E-026  -.1917331E-025  0.1920485E-025                      
    14:S g41 c2007 c3 a0 t2  0.9999997       0.0000000       0.9999997       0.9999997                           
    15:S g41 c2007 c3 a1 t2  0.2348042       0.2568763       0.0182782       0.8349105                           
    16:S g41 c2007 c3 a2 t2  0.9999946       0.0027981       0.1822264E-298  1.0000000                           
    17:S g41 c2007 c3 a3 t2  1.0000000       0.0000000       1.0000000       1.0000000                           
    18:S g41 c2007 c3 a4 t2  0.2595341E-029  0.2979295E-026  -.5836824E-026  0.5842014E-026                      
    19:S g41 c2008 c4 a0 t2  0.3372254E-031  0.3835984E-028  -.7515156E-028  0.7521900E-028                      
    20:S g41 c2008 c4 a1 t2  1.0000000       0.0000000       1.0000000       1.0000000                           
    21:S g41 c2008 c4 a2 t2  1.0000000       0.1042353E-004  0.9999796       1.0000204                           
    22:S g41 c2008 c4 a3 t2  0.1585689E-008  0.0000000       0.1585689E-008  0.1585689E-008                      
    23:S g41 c2009 c5 a0 t2  0.9999909       0.0033585       0.1087041E-298  1.0000000                           
    24:S g41 c2009 c5 a1 t2  1.0000000       0.0000000       1.0000000       1.0000000                           
    25:S g41 c2009 c5 a2 t2  0.4145755E-029  0.5202621E-026  -.1019299E-025  0.1020128E-025                      
    26:S g41 c2010 c6 a0 t2  1.0000000       0.1692480E-004  0.9999668       1.0000332                           
    27:S g41 c2010 c6 a1 t2  0.9574533       0.0425716       0.7437170       0.9943022                           
    28:S g41 c2011 c7 a0 t2  0.2473080E-029  0.2813233E-026  -.5511463E-026  0.5516409E-026                      

  Program  MARK  - Survival Rate Estimation with Capture-Recapture Data
   gfortran(Win64) Vers. 8.0 Jun 2014   31-Jan-2015 13:37:52    Page  014
 - - - - - - - - - - - - - - - - - - - - - - - - - - - - - - - - - - - - - -
 
    29:S g51 c2005 c1 a0 t2  1.0000000       0.0000000       1.0000000       1.0000000                           
    30:S g51 c2005 c1 a1 t2  1.0000000       0.0000000       1.0000000       1.0000000                           
    31:S g51 c2005 c1 a2 t2  1.0000000       0.0000000       1.0000000       1.0000000                           
    32:S g51 c2005 c1 a3 t2  0.9999252       0.0189600       0.2280337E-211  1.0000000                           
    33:S g51 c2005 c1 a4 t2  1.0000000       0.0000000       1.0000000       1.0000000                           
    34:S g51 c2005 c1 a5 t2  1.0000000       0.0000000       1.0000000       1.0000000                           
    35:S g51 c2005 c1 a6 t2  0.1036171E-014  0.0000000       0.1036171E-014  0.1036171E-014                      
    36:S g51 c2006 c2 a0 t2  0.5737714E-011  0.0000000       0.5737714E-011  0.5737714E-011                      
    37:S g51 c2006 c2 a1 t2  1.0000000       0.0000000       1.0000000       1.0000000                           
    38:S g51 c2006 c2 a2 t2  0.3494857E-016  0.0000000       0.3494857E-016  0.3494857E-016                      
    39:S g51 c2006 c2 a3 t2  1.0000000       0.0000000       1.0000000       1.0000000                           
    40:S g51 c2006 c2 a4 t2  1.0000000       0.0000000       1.0000000       1.0000000                           
    41:S g51 c2006 c2 a5 t2  0.9748738E-014  0.0000000       0.9748738E-014  0.9748738E-014                      
    42:S g51 c2007 c3 a0 t2  1.0000000       0.0000000       1.0000000       1.0000000                           
    43:S g51 c2007 c3 a1 t2  1.0000000       0.0000000       1.0000000       1.0000000                           
    44:S g51 c2007 c3 a2 t2  1.0000000       0.0000000       1.0000000       1.0000000                           
    45:S g51 c2007 c3 a3 t2  1.0000000       0.0000000       1.0000000       1.0000000                           
    46:S g51 c2007 c3 a4 t2  0.1604494E-014  0.0000000       0.1604494E-014  0.1604494E-014                      
    47:S g51 c2008 c4 a0 t2  0.2084798E-016  0.0000000       0.2084798E-016  0.2084798E-016                      
    48:S g51 c2008 c4 a1 t2  1.0000000       0.0000000       1.0000000       1.0000000                           
    49:S g51 c2008 c4 a2 t2  1.0000000       0.0000000       1.0000000       1.0000000                           
    50:S g51 c2008 c4 a3 t2  0.9999990       0.2585798E-003  0.1652386E-209  1.0000000                           
    51:S g51 c2009 c5 a0 t2  1.0000000       0.0000000       1.0000000       1.0000000                           
    52:S g51 c2009 c5 a1 t2  1.0000000       0.0000000       1.0000000       1.0000000                           
    53:S g51 c2009 c5 a2 t2  0.2562992E-014  0.0000000       0.2562992E-014  0.2562992E-014                      
    54:S g51 c2010 c6 a0 t2  1.0000000       0.0000000       1.0000000       1.0000000                           
    55:S g51 c2010 c6 a1 t2  1.0000000       0.0000000       1.0000000       1.0000000                           
    56:S g51 c2011 c7 a0 t2  0.1528910E-014  0.0000000       0.1528910E-014  0.1528910E-014                      
    57:p g41 c2005 c1 a1 t2  0.0026081       0.0012491       0.0010193       0.0066571                           
    58:p g51 c2005 c1 a1 t2  0.6868262E-003  0.3633593E-003  0.2434452E-003  0.0019362                           
    59:r g41 c2005 c1 a0 t2  0.0490695       0.0027719       0.0439131       0.0547966                           
    60:F g41 c2005 c1 a0 t2  0.9994917       0.1731739       0.1418732E-286  1.0000000                           
    61:F g41 c2005 c1 a1 t2  1.0000000       0.0000000       1.0000000       1.0000000                           
    62:F g41 c2005 c1 a2 t2  1.0000000       0.0000000       1.0000000       1.0000000                           
    63:F g41 c2005 c1 a3 t2  1.0000000       0.0000000       1.0000000       1.0000000                           
    64:F g41 c2005 c1 a4 t2  1.0000000       0.0000000       1.0000000       1.0000000                           
    65:F g41 c2005 c1 a5 t2  1.0000000       0.0000000       1.0000000       1.0000000                           

 Attempted ordering of parameters by estimatibility:
  17 15 16  1 11  2 14  5 18 12  4  7  3  6  9 19 20 13 10 21  8 22 23
 Beta number 23 is a singular value.

     CPU Time in seconds for last procedure was 2.96

  Program  MARK  - Survival Rate Estimation with Capture-Recapture Data
   gfortran(Win64) Vers. 8.0 Jun 2014   31-Jan-2015 13:37:52    Page  015
 - - - - - - - - - - - - - - - - - - - - - - - - - - - - - - - - - - - - - -
 


  INPUT --- proc stop;

     CPU Time in minutes for this job was 0.05

     Time Start = 13:37:51.248   Time End = 13:37:52.026

     Wall Clock Time in minutes for this job was 0.01


          E X E C U T I O N   S U C C E S S F U L 
