
   Program  MARK  - Survival Rate Estimation with Capture-Recapture Data
   gfortran(Win64) Vers. 8.0 Jun 2014   25-Jan-2015 15:11:34    Page  001
 - - - - - - - - - - - - - - - - - - - - - - - - - - - - - - - - - - - - - -
 
   This version was compiled by GCC version 4.8.1 using the options 
   -m64 -mtune=generic -march=x86-64 -mthreads -O2 -fimplicit-none -fbounds-check -funroll-loops -ftree-vectorize -fopenmp.
   This problem will use 7 of 8 possible threads.


  INPUT --- proc title ;

     CPU Time in seconds for last procedure was 0.00


  INPUT --- proc chmatrix occasions= 7 groups= 6 etype= Both ICMeans 
  INPUT --- NoHist hist= 51 ;

  INPUT ---    time  interval 1 1 1 1 1 1 1 ;

  INPUT ---    glabel(1)=sex4.age1;

  INPUT ---    glabel(2)=sex5.age1;

  INPUT ---    glabel(3)=sex4.age2;

  INPUT ---    glabel(4)=sex5.age2;

  INPUT ---    glabel(5)=sex4.age4;

  INPUT ---    glabel(6)=sex5.age4;

   * *  WARNING  * *   At least a pair of the encounter histories are duplicates. 

      Number of unique encounter histories read was 17.

      Number of individual covariates read was 0.
      Time interval lengths are all equal to 1.

      Data type number is 3
      Data type is Joint Live and Dead Encounters (Burnham)                                                            

     CPU Time in seconds for last procedure was 0.00

  Program  MARK  - Survival Rate Estimation with Capture-Recapture Data
   gfortran(Win64) Vers. 8.0 Jun 2014   25-Jan-2015 15:11:34    Page  002
 - - - - - - - - - - - - - - - - - - - - - - - - - - - - - - - - - - - - - -
 


  INPUT --- proc estimate link=Logit NOLOOP varest=2ndPart    ;


  INPUT --- model={ S(~sex)p(~1)r(~age + sex)F(~1) };

  INPUT ---    group=1 S    rows=7 cols=7 Triang ;
  INPUT ---        1 1 1 1 1 1 1 ;
  INPUT ---        1 1 1 1 1 1 ;
  INPUT ---        1 1 1 1 1 ;
  INPUT ---        1 1 1 1 ;
  INPUT ---        1 1 1 ;
  INPUT ---        1 1 ;
  INPUT ---        1 ;

  INPUT ---    group=2 S    rows=7 cols=7 Triang ;
  INPUT ---        2 2 2 2 2 2 2 ;
  INPUT ---        2 2 2 2 2 2 ;
  INPUT ---        2 2 2 2 2 ;
  INPUT ---        2 2 2 2 ;
  INPUT ---        2 2 2 ;
  INPUT ---        2 2 ;
  INPUT ---        2 ;

  INPUT ---    group=3 S    rows=7 cols=7 Triang ;
  INPUT ---        1 1 1 1 1 1 1 ;
  INPUT ---        1 1 1 1 1 1 ;
  INPUT ---        1 1 1 1 1 ;
  INPUT ---        1 1 1 1 ;
  INPUT ---        1 1 1 ;
  INPUT ---        1 1 ;
  INPUT ---        1 ;

  INPUT ---    group=4 S    rows=7 cols=7 Triang ;
  INPUT ---        2 2 2 2 2 2 2 ;
  INPUT ---        2 2 2 2 2 2 ;
  INPUT ---        2 2 2 2 2 ;
  INPUT ---        2 2 2 2 ;
  INPUT ---        2 2 2 ;
  INPUT ---        2 2 ;
  INPUT ---        2 ;

  INPUT ---    group=5 S    rows=7 cols=7 Triang ;
  INPUT ---        1 1 1 1 1 1 1 ;
  INPUT ---        1 1 1 1 1 1 ;

  Program  MARK  - Survival Rate Estimation with Capture-Recapture Data
   gfortran(Win64) Vers. 8.0 Jun 2014   25-Jan-2015 15:11:34    Page  003
 - - - - - - - - - - - - - - - - - - - - - - - - - - - - - - - - - - - - - -
 
  INPUT ---        1 1 1 1 1 ;
  INPUT ---        1 1 1 1 ;
  INPUT ---        1 1 1 ;
  INPUT ---        1 1 ;
  INPUT ---        1 ;

  INPUT ---    group=6 S    rows=7 cols=7 Triang ;
  INPUT ---        2 2 2 2 2 2 2 ;
  INPUT ---        2 2 2 2 2 2 ;
  INPUT ---        2 2 2 2 2 ;
  INPUT ---        2 2 2 2 ;
  INPUT ---        2 2 2 ;
  INPUT ---        2 2 ;
  INPUT ---        2 ;

  INPUT ---    group=1 p    rows=6 cols=6 Triang ;
  INPUT ---        3 3 3 3 3 3 ;
  INPUT ---        3 3 3 3 3 ;
  INPUT ---        3 3 3 3 ;
  INPUT ---        3 3 3 ;
  INPUT ---        3 3 ;
  INPUT ---        3 ;

  INPUT ---    group=2 p    rows=6 cols=6 Triang ;
  INPUT ---        3 3 3 3 3 3 ;
  INPUT ---        3 3 3 3 3 ;
  INPUT ---        3 3 3 3 ;
  INPUT ---        3 3 3 ;
  INPUT ---        3 3 ;
  INPUT ---        3 ;

  INPUT ---    group=3 p    rows=6 cols=6 Triang ;
  INPUT ---        3 3 3 3 3 3 ;
  INPUT ---        3 3 3 3 3 ;
  INPUT ---        3 3 3 3 ;
  INPUT ---        3 3 3 ;
  INPUT ---        3 3 ;
  INPUT ---        3 ;

  INPUT ---    group=4 p    rows=6 cols=6 Triang ;
  INPUT ---        3 3 3 3 3 3 ;
  INPUT ---        3 3 3 3 3 ;
  INPUT ---        3 3 3 3 ;
  INPUT ---        3 3 3 ;
  INPUT ---        3 3 ;
  INPUT ---        3 ;

  Program  MARK  - Survival Rate Estimation with Capture-Recapture Data
   gfortran(Win64) Vers. 8.0 Jun 2014   25-Jan-2015 15:11:34    Page  004
 - - - - - - - - - - - - - - - - - - - - - - - - - - - - - - - - - - - - - -
 

  INPUT ---    group=5 p    rows=6 cols=6 Triang ;
  INPUT ---        3 3 3 3 3 3 ;
  INPUT ---        3 3 3 3 3 ;
  INPUT ---        3 3 3 3 ;
  INPUT ---        3 3 3 ;
  INPUT ---        3 3 ;
  INPUT ---        3 ;

  INPUT ---    group=6 p    rows=6 cols=6 Triang ;
  INPUT ---        3 3 3 3 3 3 ;
  INPUT ---        3 3 3 3 3 ;
  INPUT ---        3 3 3 3 ;
  INPUT ---        3 3 3 ;
  INPUT ---        3 3 ;
  INPUT ---        3 ;

  INPUT ---    group=1 r    rows=7 cols=7 Triang ;
  INPUT ---        4 5 6 7 8 9 10 ;
  INPUT ---        4 5 6 7 8 9 ;
  INPUT ---        4 5 6 7 8 ;
  INPUT ---        4 5 6 7 ;
  INPUT ---        4 5 6 ;
  INPUT ---        4 5 ;
  INPUT ---        4 ;

  INPUT ---    group=2 r    rows=7 cols=7 Triang ;
  INPUT ---        11 12 13 14 15 16 17 ;
  INPUT ---        11 12 13 14 15 16 ;
  INPUT ---        11 12 13 14 15 ;
  INPUT ---        11 12 13 14 ;
  INPUT ---        11 12 13 ;
  INPUT ---        11 12 ;
  INPUT ---        11 ;

  INPUT ---    group=3 r    rows=7 cols=7 Triang ;
  INPUT ---        4 5 6 7 8 9 10 ;
  INPUT ---        4 5 6 7 8 9 ;
  INPUT ---        4 5 6 7 8 ;
  INPUT ---        4 5 6 7 ;
  INPUT ---        4 5 6 ;
  INPUT ---        4 5 ;
  INPUT ---        4 ;

  INPUT ---    group=4 r    rows=7 cols=7 Triang ;
  INPUT ---        11 12 13 14 15 16 17 ;

  Program  MARK  - Survival Rate Estimation with Capture-Recapture Data
   gfortran(Win64) Vers. 8.0 Jun 2014   25-Jan-2015 15:11:34    Page  005
 - - - - - - - - - - - - - - - - - - - - - - - - - - - - - - - - - - - - - -
 
  INPUT ---        11 12 13 14 15 16 ;
  INPUT ---        11 12 13 14 15 ;
  INPUT ---        11 12 13 14 ;
  INPUT ---        11 12 13 ;
  INPUT ---        11 12 ;
  INPUT ---        11 ;

  INPUT ---    group=5 r    rows=7 cols=7 Triang ;
  INPUT ---        4 5 6 7 8 9 10 ;
  INPUT ---        4 5 6 7 8 9 ;
  INPUT ---        4 5 6 7 8 ;
  INPUT ---        4 5 6 7 ;
  INPUT ---        4 5 6 ;
  INPUT ---        4 5 ;
  INPUT ---        4 ;

  INPUT ---    group=6 r    rows=7 cols=7 Triang ;
  INPUT ---        11 12 13 14 15 16 17 ;
  INPUT ---        11 12 13 14 15 16 ;
  INPUT ---        11 12 13 14 15 ;
  INPUT ---        11 12 13 14 ;
  INPUT ---        11 12 13 ;
  INPUT ---        11 12 ;
  INPUT ---        11 ;

  INPUT ---    group=1 F    rows=6 cols=6 Triang ;
  INPUT ---        18 18 18 18 18 18 ;
  INPUT ---        18 18 18 18 18 ;
  INPUT ---        18 18 18 18 ;
  INPUT ---        18 18 18 ;
  INPUT ---        18 18 ;
  INPUT ---        18 ;

  INPUT ---    group=2 F    rows=6 cols=6 Triang ;
  INPUT ---        18 18 18 18 18 18 ;
  INPUT ---        18 18 18 18 18 ;
  INPUT ---        18 18 18 18 ;
  INPUT ---        18 18 18 ;
  INPUT ---        18 18 ;
  INPUT ---        18 ;

  INPUT ---    group=3 F    rows=6 cols=6 Triang ;
  INPUT ---        18 18 18 18 18 18 ;
  INPUT ---        18 18 18 18 18 ;
  INPUT ---        18 18 18 18 ;
  INPUT ---        18 18 18 ;

  Program  MARK  - Survival Rate Estimation with Capture-Recapture Data
   gfortran(Win64) Vers. 8.0 Jun 2014   25-Jan-2015 15:11:34    Page  006
 - - - - - - - - - - - - - - - - - - - - - - - - - - - - - - - - - - - - - -
 
  INPUT ---        18 18 ;
  INPUT ---        18 ;

  INPUT ---    group=4 F    rows=6 cols=6 Triang ;
  INPUT ---        18 18 18 18 18 18 ;
  INPUT ---        18 18 18 18 18 ;
  INPUT ---        18 18 18 18 ;
  INPUT ---        18 18 18 ;
  INPUT ---        18 18 ;
  INPUT ---        18 ;

  INPUT ---    group=5 F    rows=6 cols=6 Triang ;
  INPUT ---        18 18 18 18 18 18 ;
  INPUT ---        18 18 18 18 18 ;
  INPUT ---        18 18 18 18 ;
  INPUT ---        18 18 18 ;
  INPUT ---        18 18 ;
  INPUT ---        18 ;

  INPUT ---    group=6 F    rows=6 cols=6 Triang ;
  INPUT ---        18 18 18 18 18 18 ;
  INPUT ---        18 18 18 18 18 ;
  INPUT ---        18 18 18 18 ;
  INPUT ---        18 18 18 ;
  INPUT ---        18 18 ;
  INPUT ---        18 ;

  INPUT ---    design matrix constraints=18 covariates=12;
  INPUT ---        1 0 0 0 0 0 0 0 0 0 0 0;
  INPUT ---        1 1 0 0 0 0 0 0 0 0 0 0;
  INPUT ---        0 0 1 0 0 0 0 0 0 0 0 0;
  INPUT ---        0 0 0 1 0 0 0 0 0 0 0 0;
  INPUT ---        0 0 0 1 1 0 0 0 0 0 0 0;
  INPUT ---        0 0 0 1 0 1 0 0 0 0 0 0;
  INPUT ---        0 0 0 1 0 0 1 0 0 0 0 0;
  INPUT ---        0 0 0 1 0 0 0 1 0 0 0 0;
  INPUT ---        0 0 0 1 0 0 0 0 1 0 0 0;
  INPUT ---        0 0 0 1 0 0 0 0 0 1 0 0;
  INPUT ---        0 0 0 1 0 0 0 0 0 0 1 0;
  INPUT ---        0 0 0 1 1 0 0 0 0 0 1 0;
  INPUT ---        0 0 0 1 0 1 0 0 0 0 1 0;
  INPUT ---        0 0 0 1 0 0 1 0 0 0 1 0;
  INPUT ---        0 0 0 1 0 0 0 1 0 0 1 0;
  INPUT ---        0 0 0 1 0 0 0 0 1 0 1 0;
  INPUT ---        0 0 0 1 0 0 0 0 0 1 1 0;
  INPUT ---        0 0 0 0 0 0 0 0 0 0 0 1;

  Program  MARK  - Survival Rate Estimation with Capture-Recapture Data
   gfortran(Win64) Vers. 8.0 Jun 2014   25-Jan-2015 15:11:34    Page  007
 - - - - - - - - - - - - - - - - - - - - - - - - - - - - - - - - - - - - - -
 

  INPUT ---    blabel(1)=S:(Intercept);

  INPUT ---    blabel(2)=S:sex5;

  INPUT ---    blabel(3)=p:(Intercept);

  INPUT ---    blabel(4)=r:(Intercept);

  INPUT ---    blabel(5)=r:age1;

  INPUT ---    blabel(6)=r:age2;

  INPUT ---    blabel(7)=r:age3;

  INPUT ---    blabel(8)=r:age4;

  INPUT ---    blabel(9)=r:age5;

  INPUT ---    blabel(10)=r:age6;

  INPUT ---    blabel(11)=r:sex5;

  INPUT ---    blabel(12)=F:(Intercept);

  INPUT ---    rlabel(1)=S g41 c2005 c1 a0 t2005;

  INPUT ---    rlabel(2)=S g51 c2005 c1 a0 t2005;

  INPUT ---    rlabel(3)=p g41 c2005 c1 a1 t2006;

  INPUT ---    rlabel(4)=r g41 c2005 c1 a0 t2005;

  INPUT ---    rlabel(5)=r g41 c2005 c1 a1 t2006;

  INPUT ---    rlabel(6)=r g41 c2005 c1 a2 t2007;

  INPUT ---    rlabel(7)=r g41 c2005 c1 a3 t2008;

  INPUT ---    rlabel(8)=r g41 c2005 c1 a4 t2009;

  INPUT ---    rlabel(9)=r g41 c2005 c1 a5 t2010;

  INPUT ---    rlabel(10)=r g41 c2005 c1 a6 t2011;

  INPUT ---    rlabel(11)=r g51 c2005 c1 a0 t2005;

  Program  MARK  - Survival Rate Estimation with Capture-Recapture Data
   gfortran(Win64) Vers. 8.0 Jun 2014   25-Jan-2015 15:11:34    Page  008
 - - - - - - - - - - - - - - - - - - - - - - - - - - - - - - - - - - - - - -
 

  INPUT ---    rlabel(12)=r g51 c2005 c1 a1 t2006;

  INPUT ---    rlabel(13)=r g51 c2005 c1 a2 t2007;

  INPUT ---    rlabel(14)=r g51 c2005 c1 a3 t2008;

  INPUT ---    rlabel(15)=r g51 c2005 c1 a4 t2009;

  INPUT ---    rlabel(16)=r g51 c2005 c1 a5 t2010;

  INPUT ---    rlabel(17)=r g51 c2005 c1 a6 t2011;

  INPUT ---    rlabel(18)=F g41 c2005 c1 a0 t2005;

 Link Function Used is LOGIT        

 Variance Estimation Procedure Used is 2ndPart 

 M(t+1):



 -2logL(saturated) = 1739.8188     
 Effective Sample Size = 7075

 Number of function evaluations was 111 for 12 parameters.
 Time for numerical optimization was 1.39 seconds.
 -2logL { S(~sex)p(~1)r(~age + sex)F(~1) } = 2686.9744     
 Penalty { S(~sex)p(~1)r(~age + sex)F(~1) } = -0.0000000    
 Gradient { S(~sex)p(~1)r(~age + sex)F(~1) }:
 -0.4607082E-02-0.5523257E-03 0.4596878E-02 0.1179630E-02 0.3597492E-03
   0.000000      0.000000      0.000000      0.000000      0.000000    
  0.8235128E-03  0.000000    
 S Vector { S(~sex)p(~1)r(~age + sex)F(~1) }:
   438.7397      78.78743      12.06690      1.742189     0.1384897    
  0.3350470E-04 0.3207060E-08 0.1124076E-08 0.1808716E-09 0.1329939E-09
  0.5480550E-10 0.3440268E-10
 Time to compute number of parameters was 0.25 seconds.
   Threshold =  0.2600000E-06     Condition index =  0.7841251E-13     New Threshold =  0.1191744E-09
 New Guessimate of Estimated Parameters { S(~sex)p(~1)r(~age + sex)F(~1) } = 6          
 Conditioned S Vector { S(~sex)p(~1)r(~age + sex)F(~1) }:
   1.000000     0.1795767     0.2750355E-01 0.3970894E-02 0.3156534E-03
  0.7636577E-07 0.7309711E-11 0.2562056E-11 0.4122527E-12 0.3031270E-12
  0.1249158E-12 0.7841251E-13
 Number of Estimated Parameters { S(~sex)p(~1)r(~age + sex)F(~1) } = 5          
 DEVIANCE { S(~sex)p(~1)r(~age + sex)F(~1) } = 947.15564                     
 DEVIANCE Degrees of Freedom { S(~sex)p(~1)r(~age + sex)F(~1) } = 10            
 c-hat { S(~sex)p(~1)r(~age + sex)F(~1) } = 94.715564                     
 AIC { S(~sex)p(~1)r(~age + sex)F(~1) } = 2696.9744                  
 AICc { S(~sex)p(~1)r(~age + sex)F(~1) } = 2696.9829                    
 BIC { S(~sex)p(~1)r(~age + sex)F(~1) } = 2731.2960                    
 Pearson Chisquare { S(~sex)p(~1)r(~age + sex)F(~1) } = Not a Number               
 Possible Encounter Histories { S(~sex)p(~1)r(~age + sex)F(~1) } = 896             
 Pearson Chisquare df { S(~sex)p(~1)r(~age + sex)F(~1) } = 855        
 Pearson chat { S(~sex)p(~1)r(~age + sex)F(~1) } = Not a Number               
 Sum(Observed/Expected) { S(~sex)p(~1)r(~age + sex)F(~1) } = Not a Number               
 Fletcher chat { S(~sex)p(~1)r(~age + sex)F(~1) } = Not a Number               

  Program  MARK  - Survival Rate Estimation with Capture-Recapture Data
   gfortran(Win64) Vers. 8.0 Jun 2014   25-Jan-2015 15:11:35    Page  009
 - - - - - - - - - - - - - - - - - - - - - - - - - - - - - - - - - - - - - -
 


              LOGIT Link Function Parameters of { S(~sex)p(~1)r(~age + sex)F(~1) }
                                                              95% Confidence Interval
 Parameter                    Beta         Standard Error      Lower           Upper
 -------------------------  --------------  --------------  --------------  --------------
    1:S:(Intercept)         3.1357869       0.0854130       2.9683775       3.3031964     
    2:S:sex5                -1.0583092      1.7216755       -4.4327933      2.3161749     
    3:p:(Intercept)         -7.1712165      0.3557435       -7.8684737      -6.4739593    
    4:r:(Intercept)         14.707482       99.750589       -180.80368      210.21864     
    5:r:age1                -19.407667      99.755695       -214.92883      176.11350     
    6:r:age2                -365.51073      0.4397495E-007  -365.51073      -365.51073    
    7:r:age3                -316.60361      0.4067209E-006  -316.60361      -316.60361    
    8:r:age4                -176.35464      0.0117928       -176.37776      -176.33153    
    9:r:age5                -48.614069      0.0377757       -48.688110      -48.540029    
   10:r:age6                -71.498282      0.8896252E-005  -71.498299      -71.498264    
   11:r:sex5                -15.180525      99.749565       -210.68968      180.32863     
   12:F:(Intercept)         222.18262       0.0046834       222.17344       222.19180     


              Real Function Parameters of { S(~sex)p(~1)r(~age + sex)F(~1) }
                                                               95% Confidence Interval
  Parameter                  Estimate       Standard Error      Lower           Upper
 --------------------------  --------------  --------------  --------------  --------------
     1:S g41 c2005 c1 a0 t2  0.9583450       0.0034097       0.9511249       0.9645383                           
     2:S g51 c2005 c1 a0 t2  0.8886948       0.1701547       0.2151615       0.9957180                           
     3:p g41 c2005 c1 a1 t2  0.7677975E-003  0.2729292E-003  0.3824716E-003  0.0015407                           
     4:r g41 c2005 c1 a0 t2  0.9999996       0.4088245E-004  0.3005809E-078  1.0000000                           
     5:r g41 c2005 c1 a1 t2  0.0090116       0.0090392       0.0012491       0.0620179                           
     6:r g41 c2005 c1 a2 t2  0.4447201E-152  0.4436110E-150  -.8650303E-150  0.8739247E-150                      
     7:r g41 c2005 c1 a3 t2  0.7729974E-131  0.7710695E-129  -.1503566E-128  0.1519026E-128                      
     8:r g41 c2005 c1 a4 t2  0.6273788E-070  0.6257400E-068  -.1220177E-067  0.1232724E-067                      
     9:r g41 c2005 c1 a5 t2  0.1881725E-014  0.1877743E-012  -.3661559E-012  0.3699193E-012                      
    10:r g41 c2005 c1 a6 t2  0.2168049E-024  0.2162641E-022  -.4217097E-022  0.4260458E-022                      
    11:r g51 c2005 c1 a0 t2  0.3838962       0.5875033       0.0047655       0.9878175                           
    12:r g51 c2005 c1 a1 t2  0.2322293E-008  0.2316597E-006  -.4517307E-006  0.4563753E-006                      
    13:r g51 c2005 c1 a2 t2  0.1135713E-158  0.2821052E-158  -.4393550E-158  0.6664975E-158                      
    14:r g51 c2005 c1 a3 t2  0.1974057E-137  0.4903457E-137  -.7636719E-137  0.1158483E-136                      
    15:r g51 c2005 c1 a4 t2  0.1602181E-076  0.3979694E-076  -.6198019E-076  0.9402381E-076                      
    16:r g51 c2005 c1 a5 t2  0.4805493E-021  0.1193880E-020  -.1859456E-020  0.2820555E-020                      
    17:r g51 c2005 c1 a6 t2  0.5536696E-031  0.1375287E-030  -.2141893E-030  0.3249233E-030                      
    18:F g41 c2005 c1 a0 t2  1.0000000       0.0000000       1.0000000       1.0000000                           

 Attempted ordering of parameters by estimatibility:
   1  2  3  4 11  5  9 10  8 12  6  7
 Beta number 7 is a singular value.

     CPU Time in seconds for last procedure was 1.65

  Program  MARK  - Survival Rate Estimation with Capture-Recapture Data
   gfortran(Win64) Vers. 8.0 Jun 2014   25-Jan-2015 15:11:35    Page  010
 - - - - - - - - - - - - - - - - - - - - - - - - - - - - - - - - - - - - - -
 


  INPUT --- proc stop;

     CPU Time in minutes for this job was 0.03

     Time Start = 15:11:34.746   Time End = 15:11:35.184

     Wall Clock Time in minutes for this job was 0.01


          E X E C U T I O N   S U C C E S S F U L 
