
   Program  MARK  - Survival Rate Estimation with Capture-Recapture Data
   gfortran(Win64) Vers. 8.0 Jun 2014   31-Jan-2015 14:08:37    Page  001
 - - - - - - - - - - - - - - - - - - - - - - - - - - - - - - - - - - - - - -
 
   This version was compiled by GCC version 4.8.1 using the options 
   -m64 -mtune=generic -march=x86-64 -mthreads -O2 -fimplicit-none -fbounds-check -funroll-loops -ftree-vectorize -fopenmp.
   This problem will use 7 of 8 possible threads.


  INPUT --- proc title ;

     CPU Time in seconds for last procedure was 0.00


  INPUT --- proc chmatrix occasions= 7 groups= 6 etype= Both ICMeans 
  INPUT --- NoHist hist= 51 ;

  INPUT ---    time  interval 1 1 1 1 1 1 1 ;

  INPUT ---    glabel(1)=sex4.age1;

  INPUT ---    glabel(2)=sex5.age1;

  INPUT ---    glabel(3)=sex4.age2;

  INPUT ---    glabel(4)=sex5.age2;

  INPUT ---    glabel(5)=sex4.age4;

  INPUT ---    glabel(6)=sex5.age4;

   * *  WARNING  * *   At least a pair of the encounter histories are duplicates. 

      Number of unique encounter histories read was 17.

      Number of individual covariates read was 0.
      Time interval lengths are all equal to 1.

      Data type number is 3
      Data type is Joint Live and Dead Encounters (Burnham)                                                            

     CPU Time in seconds for last procedure was 0.00

  Program  MARK  - Survival Rate Estimation with Capture-Recapture Data
   gfortran(Win64) Vers. 8.0 Jun 2014   31-Jan-2015 14:08:37    Page  002
 - - - - - - - - - - - - - - - - - - - - - - - - - - - - - - - - - - - - - -
 


  INPUT --- proc estimate link=Logit NOLOOP varest=2ndPart    ;


  INPUT --- model={ S(~1)p(~time)r(~1)F(~age) };

  INPUT ---    group=1 S    rows=7 cols=7 Triang ;
  INPUT ---        1 1 1 1 1 1 1 ;
  INPUT ---        1 1 1 1 1 1 ;
  INPUT ---        1 1 1 1 1 ;
  INPUT ---        1 1 1 1 ;
  INPUT ---        1 1 1 ;
  INPUT ---        1 1 ;
  INPUT ---        1 ;

  INPUT ---    group=2 S    rows=7 cols=7 Triang ;
  INPUT ---        1 1 1 1 1 1 1 ;
  INPUT ---        1 1 1 1 1 1 ;
  INPUT ---        1 1 1 1 1 ;
  INPUT ---        1 1 1 1 ;
  INPUT ---        1 1 1 ;
  INPUT ---        1 1 ;
  INPUT ---        1 ;

  INPUT ---    group=3 S    rows=7 cols=7 Triang ;
  INPUT ---        1 1 1 1 1 1 1 ;
  INPUT ---        1 1 1 1 1 1 ;
  INPUT ---        1 1 1 1 1 ;
  INPUT ---        1 1 1 1 ;
  INPUT ---        1 1 1 ;
  INPUT ---        1 1 ;
  INPUT ---        1 ;

  INPUT ---    group=4 S    rows=7 cols=7 Triang ;
  INPUT ---        1 1 1 1 1 1 1 ;
  INPUT ---        1 1 1 1 1 1 ;
  INPUT ---        1 1 1 1 1 ;
  INPUT ---        1 1 1 1 ;
  INPUT ---        1 1 1 ;
  INPUT ---        1 1 ;
  INPUT ---        1 ;

  INPUT ---    group=5 S    rows=7 cols=7 Triang ;
  INPUT ---        1 1 1 1 1 1 1 ;
  INPUT ---        1 1 1 1 1 1 ;

  Program  MARK  - Survival Rate Estimation with Capture-Recapture Data
   gfortran(Win64) Vers. 8.0 Jun 2014   31-Jan-2015 14:08:37    Page  003
 - - - - - - - - - - - - - - - - - - - - - - - - - - - - - - - - - - - - - -
 
  INPUT ---        1 1 1 1 1 ;
  INPUT ---        1 1 1 1 ;
  INPUT ---        1 1 1 ;
  INPUT ---        1 1 ;
  INPUT ---        1 ;

  INPUT ---    group=6 S    rows=7 cols=7 Triang ;
  INPUT ---        1 1 1 1 1 1 1 ;
  INPUT ---        1 1 1 1 1 1 ;
  INPUT ---        1 1 1 1 1 ;
  INPUT ---        1 1 1 1 ;
  INPUT ---        1 1 1 ;
  INPUT ---        1 1 ;
  INPUT ---        1 ;

  INPUT ---    group=1 p    rows=6 cols=6 Triang ;
  INPUT ---        2 3 4 5 6 7 ;
  INPUT ---        3 4 5 6 7 ;
  INPUT ---        4 5 6 7 ;
  INPUT ---        5 6 7 ;
  INPUT ---        6 7 ;
  INPUT ---        7 ;

  INPUT ---    group=2 p    rows=6 cols=6 Triang ;
  INPUT ---        2 3 4 5 6 7 ;
  INPUT ---        3 4 5 6 7 ;
  INPUT ---        4 5 6 7 ;
  INPUT ---        5 6 7 ;
  INPUT ---        6 7 ;
  INPUT ---        7 ;

  INPUT ---    group=3 p    rows=6 cols=6 Triang ;
  INPUT ---        2 3 4 5 6 7 ;
  INPUT ---        3 4 5 6 7 ;
  INPUT ---        4 5 6 7 ;
  INPUT ---        5 6 7 ;
  INPUT ---        6 7 ;
  INPUT ---        7 ;

  INPUT ---    group=4 p    rows=6 cols=6 Triang ;
  INPUT ---        2 3 4 5 6 7 ;
  INPUT ---        3 4 5 6 7 ;
  INPUT ---        4 5 6 7 ;
  INPUT ---        5 6 7 ;
  INPUT ---        6 7 ;
  INPUT ---        7 ;

  Program  MARK  - Survival Rate Estimation with Capture-Recapture Data
   gfortran(Win64) Vers. 8.0 Jun 2014   31-Jan-2015 14:08:37    Page  004
 - - - - - - - - - - - - - - - - - - - - - - - - - - - - - - - - - - - - - -
 

  INPUT ---    group=5 p    rows=6 cols=6 Triang ;
  INPUT ---        2 3 4 5 6 7 ;
  INPUT ---        3 4 5 6 7 ;
  INPUT ---        4 5 6 7 ;
  INPUT ---        5 6 7 ;
  INPUT ---        6 7 ;
  INPUT ---        7 ;

  INPUT ---    group=6 p    rows=6 cols=6 Triang ;
  INPUT ---        2 3 4 5 6 7 ;
  INPUT ---        3 4 5 6 7 ;
  INPUT ---        4 5 6 7 ;
  INPUT ---        5 6 7 ;
  INPUT ---        6 7 ;
  INPUT ---        7 ;

  INPUT ---    group=1 r    rows=7 cols=7 Triang ;
  INPUT ---        8 8 8 8 8 8 8 ;
  INPUT ---        8 8 8 8 8 8 ;
  INPUT ---        8 8 8 8 8 ;
  INPUT ---        8 8 8 8 ;
  INPUT ---        8 8 8 ;
  INPUT ---        8 8 ;
  INPUT ---        8 ;

  INPUT ---    group=2 r    rows=7 cols=7 Triang ;
  INPUT ---        8 8 8 8 8 8 8 ;
  INPUT ---        8 8 8 8 8 8 ;
  INPUT ---        8 8 8 8 8 ;
  INPUT ---        8 8 8 8 ;
  INPUT ---        8 8 8 ;
  INPUT ---        8 8 ;
  INPUT ---        8 ;

  INPUT ---    group=3 r    rows=7 cols=7 Triang ;
  INPUT ---        8 8 8 8 8 8 8 ;
  INPUT ---        8 8 8 8 8 8 ;
  INPUT ---        8 8 8 8 8 ;
  INPUT ---        8 8 8 8 ;
  INPUT ---        8 8 8 ;
  INPUT ---        8 8 ;
  INPUT ---        8 ;

  INPUT ---    group=4 r    rows=7 cols=7 Triang ;
  INPUT ---        8 8 8 8 8 8 8 ;

  Program  MARK  - Survival Rate Estimation with Capture-Recapture Data
   gfortran(Win64) Vers. 8.0 Jun 2014   31-Jan-2015 14:08:37    Page  005
 - - - - - - - - - - - - - - - - - - - - - - - - - - - - - - - - - - - - - -
 
  INPUT ---        8 8 8 8 8 8 ;
  INPUT ---        8 8 8 8 8 ;
  INPUT ---        8 8 8 8 ;
  INPUT ---        8 8 8 ;
  INPUT ---        8 8 ;
  INPUT ---        8 ;

  INPUT ---    group=5 r    rows=7 cols=7 Triang ;
  INPUT ---        8 8 8 8 8 8 8 ;
  INPUT ---        8 8 8 8 8 8 ;
  INPUT ---        8 8 8 8 8 ;
  INPUT ---        8 8 8 8 ;
  INPUT ---        8 8 8 ;
  INPUT ---        8 8 ;
  INPUT ---        8 ;

  INPUT ---    group=6 r    rows=7 cols=7 Triang ;
  INPUT ---        8 8 8 8 8 8 8 ;
  INPUT ---        8 8 8 8 8 8 ;
  INPUT ---        8 8 8 8 8 ;
  INPUT ---        8 8 8 8 ;
  INPUT ---        8 8 8 ;
  INPUT ---        8 8 ;
  INPUT ---        8 ;

  INPUT ---    group=1 F    rows=6 cols=6 Triang ;
  INPUT ---        9 10 11 12 13 14 ;
  INPUT ---        9 10 11 12 13 ;
  INPUT ---        9 10 11 12 ;
  INPUT ---        9 10 11 ;
  INPUT ---        9 10 ;
  INPUT ---        9 ;

  INPUT ---    group=2 F    rows=6 cols=6 Triang ;
  INPUT ---        9 10 11 12 13 14 ;
  INPUT ---        9 10 11 12 13 ;
  INPUT ---        9 10 11 12 ;
  INPUT ---        9 10 11 ;
  INPUT ---        9 10 ;
  INPUT ---        9 ;

  INPUT ---    group=3 F    rows=6 cols=6 Triang ;
  INPUT ---        9 10 11 12 13 14 ;
  INPUT ---        9 10 11 12 13 ;
  INPUT ---        9 10 11 12 ;
  INPUT ---        9 10 11 ;

  Program  MARK  - Survival Rate Estimation with Capture-Recapture Data
   gfortran(Win64) Vers. 8.0 Jun 2014   31-Jan-2015 14:08:37    Page  006
 - - - - - - - - - - - - - - - - - - - - - - - - - - - - - - - - - - - - - -
 
  INPUT ---        9 10 ;
  INPUT ---        9 ;

  INPUT ---    group=4 F    rows=6 cols=6 Triang ;
  INPUT ---        9 10 11 12 13 14 ;
  INPUT ---        9 10 11 12 13 ;
  INPUT ---        9 10 11 12 ;
  INPUT ---        9 10 11 ;
  INPUT ---        9 10 ;
  INPUT ---        9 ;

  INPUT ---    group=5 F    rows=6 cols=6 Triang ;
  INPUT ---        9 10 11 12 13 14 ;
  INPUT ---        9 10 11 12 13 ;
  INPUT ---        9 10 11 12 ;
  INPUT ---        9 10 11 ;
  INPUT ---        9 10 ;
  INPUT ---        9 ;

  INPUT ---    group=6 F    rows=6 cols=6 Triang ;
  INPUT ---        9 10 11 12 13 14 ;
  INPUT ---        9 10 11 12 13 ;
  INPUT ---        9 10 11 12 ;
  INPUT ---        9 10 11 ;
  INPUT ---        9 10 ;
  INPUT ---        9 ;

  INPUT ---    design matrix constraints=14 covariates=14;
  INPUT ---        1 0 0 0 0 0 0 0 0 0 0 0 0 0;
  INPUT ---        0 1 0 0 0 0 0 0 0 0 0 0 0 0;
  INPUT ---        0 1 1 0 0 0 0 0 0 0 0 0 0 0;
  INPUT ---        0 1 0 1 0 0 0 0 0 0 0 0 0 0;
  INPUT ---        0 1 0 0 1 0 0 0 0 0 0 0 0 0;
  INPUT ---        0 1 0 0 0 1 0 0 0 0 0 0 0 0;
  INPUT ---        0 1 0 0 0 0 1 0 0 0 0 0 0 0;
  INPUT ---        0 0 0 0 0 0 0 1 0 0 0 0 0 0;
  INPUT ---        0 0 0 0 0 0 0 0 1 0 0 0 0 0;
  INPUT ---        0 0 0 0 0 0 0 0 1 1 0 0 0 0;
  INPUT ---        0 0 0 0 0 0 0 0 1 0 1 0 0 0;
  INPUT ---        0 0 0 0 0 0 0 0 1 0 0 1 0 0;
  INPUT ---        0 0 0 0 0 0 0 0 1 0 0 0 1 0;
  INPUT ---        0 0 0 0 0 0 0 0 1 0 0 0 0 1;

  INPUT ---    blabel(1)=S:(Intercept);

  INPUT ---    blabel(2)=p:(Intercept);

  Program  MARK  - Survival Rate Estimation with Capture-Recapture Data
   gfortran(Win64) Vers. 8.0 Jun 2014   31-Jan-2015 14:08:37    Page  007
 - - - - - - - - - - - - - - - - - - - - - - - - - - - - - - - - - - - - - -
 

  INPUT ---    blabel(3)=p:time2007;

  INPUT ---    blabel(4)=p:time2008;

  INPUT ---    blabel(5)=p:time2009;

  INPUT ---    blabel(6)=p:time2010;

  INPUT ---    blabel(7)=p:time2011;

  INPUT ---    blabel(8)=r:(Intercept);

  INPUT ---    blabel(9)=F:(Intercept);

  INPUT ---    blabel(10)=F:age1;

  INPUT ---    blabel(11)=F:age2;

  INPUT ---    blabel(12)=F:age3;

  INPUT ---    blabel(13)=F:age4;

  INPUT ---    blabel(14)=F:age5;

  INPUT ---    rlabel(1)=S g41 c2005 c1 a0 t2005;

  INPUT ---    rlabel(2)=p g41 c2005 c1 a1 t2006;

  INPUT ---    rlabel(3)=p g41 c2005 c1 a2 t2007;

  INPUT ---    rlabel(4)=p g41 c2005 c1 a3 t2008;

  INPUT ---    rlabel(5)=p g41 c2005 c1 a4 t2009;

  INPUT ---    rlabel(6)=p g41 c2005 c1 a5 t2010;

  INPUT ---    rlabel(7)=p g41 c2005 c1 a6 t2011;

  INPUT ---    rlabel(8)=r g41 c2005 c1 a0 t2005;

  INPUT ---    rlabel(9)=F g41 c2005 c1 a0 t2005;

  INPUT ---    rlabel(10)=F g41 c2005 c1 a1 t2006;

  INPUT ---    rlabel(11)=F g41 c2005 c1 a2 t2007;

  Program  MARK  - Survival Rate Estimation with Capture-Recapture Data
   gfortran(Win64) Vers. 8.0 Jun 2014   31-Jan-2015 14:08:37    Page  008
 - - - - - - - - - - - - - - - - - - - - - - - - - - - - - - - - - - - - - -
 

  INPUT ---    rlabel(12)=F g41 c2005 c1 a3 t2008;

  INPUT ---    rlabel(13)=F g41 c2005 c1 a4 t2009;

  INPUT ---    rlabel(14)=F g41 c2005 c1 a5 t2010;

 Link Function Used is LOGIT        

 Variance Estimation Procedure Used is 2ndPart 

 M(t+1):



 -2logL(saturated) = 1739.8188     
 Effective Sample Size = 7075

 Number of function evaluations was 47 for 14 parameters.
 Time for numerical optimization was 1.23 seconds.
 -2logL { S(~1)p(~time)r(~1)F(~age) } = 2763.3000     
 Penalty { S(~1)p(~time)r(~1)F(~age) } = -0.0000000    
 Gradient { S(~1)p(~time)r(~1)F(~age) }:
   0.000000     0.1289539E-05-0.1195014E-04 0.1780682E-04  0.000000    
 -0.4561876E-05  0.000000     0.1218529E-03-0.1510926E-04  0.000000    
   0.000000      0.000000      0.000000      0.000000    
 S Vector { S(~1)p(~time)r(~1)F(~age) }:
   286.0721      32.22353      6.523381      3.511617      1.745039    
  0.9525902     0.1472084E-04 0.2223982E-07 0.1612287E-07 0.8994412E-08
  0.2224619E-08 0.8778494E-09 0.3230908E-09 0.2756829E-09
 Time to compute number of parameters was 0.31 seconds.
   Threshold =  0.3000000E-06     Condition index =  0.9636831E-12     New Threshold =  0.1031511E-08
 New Guessimate of Estimated Parameters { S(~1)p(~time)r(~1)F(~age) } = 7          
 Conditioned S Vector { S(~1)p(~time)r(~1)F(~age) }:
   1.000000     0.1126413     0.2280328E-01 0.1227529E-01 0.6099995E-02
  0.3329895E-02 0.5145850E-07 0.7774199E-10 0.5635946E-10 0.3144107E-10
  0.7776429E-11 0.3068630E-11 0.1129403E-11 0.9636831E-12
 Number of Estimated Parameters { S(~1)p(~time)r(~1)F(~age) } = 6          
 DEVIANCE { S(~1)p(~time)r(~1)F(~age) } = 1023.4813                     
 DEVIANCE Degrees of Freedom { S(~1)p(~time)r(~1)F(~age) } = 9            
 c-hat { S(~1)p(~time)r(~1)F(~age) } = 113.72014                     
 AIC { S(~1)p(~time)r(~1)F(~age) } = 2775.3000                  
 AICc { S(~1)p(~time)r(~1)F(~age) } = 2775.3119                    
 BIC { S(~1)p(~time)r(~1)F(~age) } = 2816.4860                    
 Pearson Chisquare { S(~1)p(~time)r(~1)F(~age) } = Not a Number               
 Possible Encounter Histories { S(~1)p(~time)r(~1)F(~age) } = 896             
 Pearson Chisquare df { S(~1)p(~time)r(~1)F(~age) } = 854        
 Pearson chat { S(~1)p(~time)r(~1)F(~age) } = Not a Number               
 Sum(Observed/Expected) { S(~1)p(~time)r(~1)F(~age) } = Not a Number               
 Fletcher chat { S(~1)p(~time)r(~1)F(~age) } = Not a Number               


                LOGIT Link Function Parameters of { S(~1)p(~time)r(~1)F(~age) }
                                                              95% Confidence Interval
 Parameter                    Beta         Standard Error      Lower           Upper
 -------------------------  --------------  --------------  --------------  --------------
    1:S:(Intercept)         -2.7311004      0.2569829       -3.2347869      -2.2274138    
    2:p:(Intercept)         -69.528653      130.31777       -324.95149      185.89419     
    3:p:time2007            67.496732       130.32255       -187.93547      322.92893     
    4:p:time2008            67.952131       130.31981       -187.47471      323.37897     
    5:p:time2009            30.372199       0.0000000       30.372199       30.372199     
    6:p:time2010            68.779005       130.31817       -186.64461      324.20262     
    7:p:time2011            122.39969       418.71971       -698.29096      943.09033     

  Program  MARK  - Survival Rate Estimation with Capture-Recapture Data
   gfortran(Win64) Vers. 8.0 Jun 2014   31-Jan-2015 14:08:37    Page  009
 - - - - - - - - - - - - - - - - - - - - - - - - - - - - - - - - - - - - - -
 
    8:r:(Intercept)         -3.1051317      0.0592334       -3.2212291      -2.9890342    
    9:F:(Intercept)         -2.0097271      0.4605956       -2.9124944      -1.1069598    
   10:F:age1                27.495355       4746.8931       -9276.4154      9331.4061     
   11:F:age2                21.835916       4442.2043       -8684.8847      8728.5565     
   12:F:age3                45.487581       530.31133       -993.92265      1084.8978     
   13:F:age4                218.34200       0.0036864       218.33477       218.34922     
   14:F:age5                219.32875       228.05049       -227.65023      666.30772     


                Real Function Parameters of { S(~1)p(~time)r(~1)F(~age) }
                                                               95% Confidence Interval
  Parameter                  Estimate       Standard Error      Lower           Upper
 --------------------------  --------------  --------------  --------------  --------------
     1:S g41 c2005 c1 a0 t2  0.0611629       0.0147565       0.0378774       0.0973156                           
     2:p g41 c2005 c1 a1 t2  0.6369271E-030  0.8300292E-028  -.1620488E-027  0.1633227E-027                      
     3:p g41 c2005 c1 a2 t2  0.1158920       0.1169990       0.0137887       0.5513632                           
     4:p g41 c2005 c1 a3 t2  0.1712886       0.1226129       0.0366312       0.5290900                           
     5:p g41 c2005 c1 a4 t2  0.9875705E-017  0.0000000       0.9875705E-017  0.9875705E-017                      
     6:p g41 c2005 c1 a5 t2  0.3208980       0.1516425       0.1077892       0.6489048                           
     7:p g41 c2005 c1 a6 t2  1.0000000       0.0000000       1.0000000       1.0000000                           
     8:r g41 c2005 c1 a0 t2  0.0428961       0.0024319       0.0383746       0.0479237                           
     9:F g41 c2005 c1 a0 t2  0.1181854       0.0480022       0.0515394       0.2484381                           
    10:F g41 c2005 c1 a1 t2  1.0000000       0.4056404E-007  0.9999999       1.0000001                           
    11:F g41 c2005 c1 a2 t2  1.0000000       0.1089417E-004  0.9999786       1.0000214                           
    12:F g41 c2005 c1 a3 t2  1.0000000       0.0000000       1.0000000       1.0000000                           
    13:F g41 c2005 c1 a4 t2  1.0000000       0.0000000       1.0000000       1.0000000                           
    14:F g41 c2005 c1 a5 t2  1.0000000       0.0000000       1.0000000       1.0000000                           

 Attempted ordering of parameters by estimatibility:
   8  1  9  2  6  4  3 10  5 12 11  7 14 13
 Beta number 13 is a singular value.

     CPU Time in seconds for last procedure was 1.54

  Program  MARK  - Survival Rate Estimation with Capture-Recapture Data
   gfortran(Win64) Vers. 8.0 Jun 2014   31-Jan-2015 14:08:37    Page  010
 - - - - - - - - - - - - - - - - - - - - - - - - - - - - - - - - - - - - - -
 


  INPUT --- proc stop;

     CPU Time in minutes for this job was 0.03

     Time Start = 14:08:37.360   Time End = 14:08:37.738

     Wall Clock Time in minutes for this job was 0.01


          E X E C U T I O N   S U C C E S S F U L 
