
   Program  MARK  - Survival Rate Estimation with Capture-Recapture Data
   gfortran(Win64) Vers. 8.0 Jun 2014   21-Jan-2015 17:43:56    Page  001
 - - - - - - - - - - - - - - - - - - - - - - - - - - - - - - - - - - - - - -
 
   This version was compiled by GCC version 4.8.1 using the options 
   -m64 -mtune=generic -march=x86-64 -mthreads -O2 -fimplicit-none -fbounds-check -funroll-loops -ftree-vectorize -fopenmp.
   This problem will use 3 of 4 possible threads.


  INPUT --- proc title ;

     CPU Time in seconds for last procedure was 0.00


  INPUT --- proc chmatrix occasions= 7 groups= 16 etype= Live ICMeans 
  INPUT --- NoHist hist= 341 ;

  INPUT ---    time  interval 1 1 1 1 1 1 ;

  INPUT ---    glabel(1)=sexM.age1.region1;

  INPUT ---    glabel(2)=sexF.age2.region1;

  INPUT ---    glabel(3)=sexM.age2.region1;

  INPUT ---    glabel(4)=sexF.age3.region1;

  INPUT ---    glabel(5)=sexM.age1.region2;

  INPUT ---    glabel(6)=sexF.age2.region2;

  INPUT ---    glabel(7)=sexM.age2.region2;

  INPUT ---    glabel(8)=sexF.age3.region2;

  INPUT ---    glabel(9)=sexM.age1.region3;

  INPUT ---    glabel(10)=sexF.age2.region3;

  INPUT ---    glabel(11)=sexM.age2.region3;

  INPUT ---    glabel(12)=sexF.age3.region3;

  INPUT ---    glabel(13)=sexM.age1.region4;

  INPUT ---    glabel(14)=sexF.age2.region4;

  INPUT ---    glabel(15)=sexM.age2.region4;


  Program  MARK  - Survival Rate Estimation with Capture-Recapture Data
   gfortran(Win64) Vers. 8.0 Jun 2014   21-Jan-2015 17:43:56    Page  002
 - - - - - - - - - - - - - - - - - - - - - - - - - - - - - - - - - - - - - -
 
  INPUT ---    glabel(16)=sexF.age3.region4;

   * *  WARNING  * *   At least a pair of the encounter histories are duplicates. 

      Number of unique encounter histories read was 108.

      Number of individual covariates read was 0.
      Time interval lengths are all equal to 1.

      Data type number is 1
      Data type is Live Recaptures (CJS)                                                                               

     CPU Time in seconds for last procedure was 0.03


  INPUT --- proc estimate link=Logit NOLOOP varest=2ndPart    ;


  INPUT --- model={ Phi(~time + age)p(~time) };

  INPUT ---    group=1 Phi    rows=6 cols=6 Triang ;
  INPUT ---        1 2 3 4 5 6 ;
  INPUT ---        7 8 9 10 11 ;
  INPUT ---        12 13 14 15 ;
  INPUT ---        16 17 18 ;
  INPUT ---        19 20 ;
  INPUT ---        21 ;

  INPUT ---    group=2 Phi    rows=6 cols=6 Triang ;
  INPUT ---        22 23 24 25 26 27 ;
  INPUT ---        2 3 4 5 6 ;
  INPUT ---        8 9 10 11 ;
  INPUT ---        13 14 15 ;
  INPUT ---        17 18 ;
  INPUT ---        20 ;

  INPUT ---    group=3 Phi    rows=6 cols=6 Triang ;
  INPUT ---        22 23 24 25 26 27 ;
  INPUT ---        2 3 4 5 6 ;
  INPUT ---        8 9 10 11 ;
  INPUT ---        13 14 15 ;
  INPUT ---        17 18 ;
  INPUT ---        20 ;

  INPUT ---    group=4 Phi    rows=6 cols=6 Triang ;
  INPUT ---        28 29 30 31 32 33 ;
  INPUT ---        23 24 25 26 27 ;

  Program  MARK  - Survival Rate Estimation with Capture-Recapture Data
   gfortran(Win64) Vers. 8.0 Jun 2014   21-Jan-2015 17:43:56    Page  003
 - - - - - - - - - - - - - - - - - - - - - - - - - - - - - - - - - - - - - -
 
  INPUT ---        3 4 5 6 ;
  INPUT ---        9 10 11 ;
  INPUT ---        14 15 ;
  INPUT ---        18 ;

  INPUT ---    group=5 Phi    rows=6 cols=6 Triang ;
  INPUT ---        1 2 3 4 5 6 ;
  INPUT ---        7 8 9 10 11 ;
  INPUT ---        12 13 14 15 ;
  INPUT ---        16 17 18 ;
  INPUT ---        19 20 ;
  INPUT ---        21 ;

  INPUT ---    group=6 Phi    rows=6 cols=6 Triang ;
  INPUT ---        22 23 24 25 26 27 ;
  INPUT ---        2 3 4 5 6 ;
  INPUT ---        8 9 10 11 ;
  INPUT ---        13 14 15 ;
  INPUT ---        17 18 ;
  INPUT ---        20 ;

  INPUT ---    group=7 Phi    rows=6 cols=6 Triang ;
  INPUT ---        22 23 24 25 26 27 ;
  INPUT ---        2 3 4 5 6 ;
  INPUT ---        8 9 10 11 ;
  INPUT ---        13 14 15 ;
  INPUT ---        17 18 ;
  INPUT ---        20 ;

  INPUT ---    group=8 Phi    rows=6 cols=6 Triang ;
  INPUT ---        28 29 30 31 32 33 ;
  INPUT ---        23 24 25 26 27 ;
  INPUT ---        3 4 5 6 ;
  INPUT ---        9 10 11 ;
  INPUT ---        14 15 ;
  INPUT ---        18 ;

  INPUT ---    group=9 Phi    rows=6 cols=6 Triang ;
  INPUT ---        1 2 3 4 5 6 ;
  INPUT ---        7 8 9 10 11 ;
  INPUT ---        12 13 14 15 ;
  INPUT ---        16 17 18 ;
  INPUT ---        19 20 ;
  INPUT ---        21 ;

  INPUT ---    group=10 Phi    rows=6 cols=6 Triang ;

  Program  MARK  - Survival Rate Estimation with Capture-Recapture Data
   gfortran(Win64) Vers. 8.0 Jun 2014   21-Jan-2015 17:43:56    Page  004
 - - - - - - - - - - - - - - - - - - - - - - - - - - - - - - - - - - - - - -
 
  INPUT ---        22 23 24 25 26 27 ;
  INPUT ---        2 3 4 5 6 ;
  INPUT ---        8 9 10 11 ;
  INPUT ---        13 14 15 ;
  INPUT ---        17 18 ;
  INPUT ---        20 ;

  INPUT ---    group=11 Phi    rows=6 cols=6 Triang ;
  INPUT ---        22 23 24 25 26 27 ;
  INPUT ---        2 3 4 5 6 ;
  INPUT ---        8 9 10 11 ;
  INPUT ---        13 14 15 ;
  INPUT ---        17 18 ;
  INPUT ---        20 ;

  INPUT ---    group=12 Phi    rows=6 cols=6 Triang ;
  INPUT ---        28 29 30 31 32 33 ;
  INPUT ---        23 24 25 26 27 ;
  INPUT ---        3 4 5 6 ;
  INPUT ---        9 10 11 ;
  INPUT ---        14 15 ;
  INPUT ---        18 ;

  INPUT ---    group=13 Phi    rows=6 cols=6 Triang ;
  INPUT ---        1 2 3 4 5 6 ;
  INPUT ---        7 8 9 10 11 ;
  INPUT ---        12 13 14 15 ;
  INPUT ---        16 17 18 ;
  INPUT ---        19 20 ;
  INPUT ---        21 ;

  INPUT ---    group=14 Phi    rows=6 cols=6 Triang ;
  INPUT ---        22 23 24 25 26 27 ;
  INPUT ---        2 3 4 5 6 ;
  INPUT ---        8 9 10 11 ;
  INPUT ---        13 14 15 ;
  INPUT ---        17 18 ;
  INPUT ---        20 ;

  INPUT ---    group=15 Phi    rows=6 cols=6 Triang ;
  INPUT ---        22 23 24 25 26 27 ;
  INPUT ---        2 3 4 5 6 ;
  INPUT ---        8 9 10 11 ;
  INPUT ---        13 14 15 ;
  INPUT ---        17 18 ;
  INPUT ---        20 ;

  Program  MARK  - Survival Rate Estimation with Capture-Recapture Data
   gfortran(Win64) Vers. 8.0 Jun 2014   21-Jan-2015 17:43:56    Page  005
 - - - - - - - - - - - - - - - - - - - - - - - - - - - - - - - - - - - - - -
 

  INPUT ---    group=16 Phi    rows=6 cols=6 Triang ;
  INPUT ---        28 29 30 31 32 33 ;
  INPUT ---        23 24 25 26 27 ;
  INPUT ---        3 4 5 6 ;
  INPUT ---        9 10 11 ;
  INPUT ---        14 15 ;
  INPUT ---        18 ;

  INPUT ---    group=1 p    rows=6 cols=6 Triang ;
  INPUT ---        34 35 36 37 38 39 ;
  INPUT ---        35 36 37 38 39 ;
  INPUT ---        36 37 38 39 ;
  INPUT ---        37 38 39 ;
  INPUT ---        38 39 ;
  INPUT ---        39 ;

  INPUT ---    group=2 p    rows=6 cols=6 Triang ;
  INPUT ---        34 35 36 37 38 39 ;
  INPUT ---        35 36 37 38 39 ;
  INPUT ---        36 37 38 39 ;
  INPUT ---        37 38 39 ;
  INPUT ---        38 39 ;
  INPUT ---        39 ;

  INPUT ---    group=3 p    rows=6 cols=6 Triang ;
  INPUT ---        34 35 36 37 38 39 ;
  INPUT ---        35 36 37 38 39 ;
  INPUT ---        36 37 38 39 ;
  INPUT ---        37 38 39 ;
  INPUT ---        38 39 ;
  INPUT ---        39 ;

  INPUT ---    group=4 p    rows=6 cols=6 Triang ;
  INPUT ---        34 35 36 37 38 39 ;
  INPUT ---        35 36 37 38 39 ;
  INPUT ---        36 37 38 39 ;
  INPUT ---        37 38 39 ;
  INPUT ---        38 39 ;
  INPUT ---        39 ;

  INPUT ---    group=5 p    rows=6 cols=6 Triang ;
  INPUT ---        34 35 36 37 38 39 ;
  INPUT ---        35 36 37 38 39 ;
  INPUT ---        36 37 38 39 ;
  INPUT ---        37 38 39 ;

  Program  MARK  - Survival Rate Estimation with Capture-Recapture Data
   gfortran(Win64) Vers. 8.0 Jun 2014   21-Jan-2015 17:43:56    Page  006
 - - - - - - - - - - - - - - - - - - - - - - - - - - - - - - - - - - - - - -
 
  INPUT ---        38 39 ;
  INPUT ---        39 ;

  INPUT ---    group=6 p    rows=6 cols=6 Triang ;
  INPUT ---        34 35 36 37 38 39 ;
  INPUT ---        35 36 37 38 39 ;
  INPUT ---        36 37 38 39 ;
  INPUT ---        37 38 39 ;
  INPUT ---        38 39 ;
  INPUT ---        39 ;

  INPUT ---    group=7 p    rows=6 cols=6 Triang ;
  INPUT ---        34 35 36 37 38 39 ;
  INPUT ---        35 36 37 38 39 ;
  INPUT ---        36 37 38 39 ;
  INPUT ---        37 38 39 ;
  INPUT ---        38 39 ;
  INPUT ---        39 ;

  INPUT ---    group=8 p    rows=6 cols=6 Triang ;
  INPUT ---        34 35 36 37 38 39 ;
  INPUT ---        35 36 37 38 39 ;
  INPUT ---        36 37 38 39 ;
  INPUT ---        37 38 39 ;
  INPUT ---        38 39 ;
  INPUT ---        39 ;

  INPUT ---    group=9 p    rows=6 cols=6 Triang ;
  INPUT ---        34 35 36 37 38 39 ;
  INPUT ---        35 36 37 38 39 ;
  INPUT ---        36 37 38 39 ;
  INPUT ---        37 38 39 ;
  INPUT ---        38 39 ;
  INPUT ---        39 ;

  INPUT ---    group=10 p    rows=6 cols=6 Triang ;
  INPUT ---        34 35 36 37 38 39 ;
  INPUT ---        35 36 37 38 39 ;
  INPUT ---        36 37 38 39 ;
  INPUT ---        37 38 39 ;
  INPUT ---        38 39 ;
  INPUT ---        39 ;

  INPUT ---    group=11 p    rows=6 cols=6 Triang ;
  INPUT ---        34 35 36 37 38 39 ;
  INPUT ---        35 36 37 38 39 ;

  Program  MARK  - Survival Rate Estimation with Capture-Recapture Data
   gfortran(Win64) Vers. 8.0 Jun 2014   21-Jan-2015 17:43:56    Page  007
 - - - - - - - - - - - - - - - - - - - - - - - - - - - - - - - - - - - - - -
 
  INPUT ---        36 37 38 39 ;
  INPUT ---        37 38 39 ;
  INPUT ---        38 39 ;
  INPUT ---        39 ;

  INPUT ---    group=12 p    rows=6 cols=6 Triang ;
  INPUT ---        34 35 36 37 38 39 ;
  INPUT ---        35 36 37 38 39 ;
  INPUT ---        36 37 38 39 ;
  INPUT ---        37 38 39 ;
  INPUT ---        38 39 ;
  INPUT ---        39 ;

  INPUT ---    group=13 p    rows=6 cols=6 Triang ;
  INPUT ---        34 35 36 37 38 39 ;
  INPUT ---        35 36 37 38 39 ;
  INPUT ---        36 37 38 39 ;
  INPUT ---        37 38 39 ;
  INPUT ---        38 39 ;
  INPUT ---        39 ;

  INPUT ---    group=14 p    rows=6 cols=6 Triang ;
  INPUT ---        34 35 36 37 38 39 ;
  INPUT ---        35 36 37 38 39 ;
  INPUT ---        36 37 38 39 ;
  INPUT ---        37 38 39 ;
  INPUT ---        38 39 ;
  INPUT ---        39 ;

  INPUT ---    group=15 p    rows=6 cols=6 Triang ;
  INPUT ---        34 35 36 37 38 39 ;
  INPUT ---        35 36 37 38 39 ;
  INPUT ---        36 37 38 39 ;
  INPUT ---        37 38 39 ;
  INPUT ---        38 39 ;
  INPUT ---        39 ;

  INPUT ---    group=16 p    rows=6 cols=6 Triang ;
  INPUT ---        34 35 36 37 38 39 ;
  INPUT ---        35 36 37 38 39 ;
  INPUT ---        36 37 38 39 ;
  INPUT ---        37 38 39 ;
  INPUT ---        38 39 ;
  INPUT ---        39 ;

  INPUT ---    design matrix constraints=39 covariates=19;

  Program  MARK  - Survival Rate Estimation with Capture-Recapture Data
   gfortran(Win64) Vers. 8.0 Jun 2014   21-Jan-2015 17:43:56    Page  008
 - - - - - - - - - - - - - - - - - - - - - - - - - - - - - - - - - - - - - -
 
  INPUT ---        1 0 0 0 0 0 0 0 0 0 0 0 0 0 0 0 0 0 0;
  INPUT ---        1 1 0 0 0 0 1 0 0 0 0 0 0 0 0 0 0 0 0;
  INPUT ---        1 0 1 0 0 0 0 1 0 0 0 0 0 0 0 0 0 0 0;
  INPUT ---        1 0 0 1 0 0 0 0 1 0 0 0 0 0 0 0 0 0 0;
  INPUT ---        1 0 0 0 1 0 0 0 0 1 0 0 0 0 0 0 0 0 0;
  INPUT ---        1 0 0 0 0 1 0 0 0 0 1 0 0 0 0 0 0 0 0;
  INPUT ---        1 1 0 0 0 0 0 0 0 0 0 0 0 0 0 0 0 0 0;
  INPUT ---        1 0 1 0 0 0 1 0 0 0 0 0 0 0 0 0 0 0 0;
  INPUT ---        1 0 0 1 0 0 0 1 0 0 0 0 0 0 0 0 0 0 0;
  INPUT ---        1 0 0 0 1 0 0 0 1 0 0 0 0 0 0 0 0 0 0;
  INPUT ---        1 0 0 0 0 1 0 0 0 1 0 0 0 0 0 0 0 0 0;
  INPUT ---        1 0 1 0 0 0 0 0 0 0 0 0 0 0 0 0 0 0 0;
  INPUT ---        1 0 0 1 0 0 1 0 0 0 0 0 0 0 0 0 0 0 0;
  INPUT ---        1 0 0 0 1 0 0 1 0 0 0 0 0 0 0 0 0 0 0;
  INPUT ---        1 0 0 0 0 1 0 0 1 0 0 0 0 0 0 0 0 0 0;
  INPUT ---        1 0 0 1 0 0 0 0 0 0 0 0 0 0 0 0 0 0 0;
  INPUT ---        1 0 0 0 1 0 1 0 0 0 0 0 0 0 0 0 0 0 0;
  INPUT ---        1 0 0 0 0 1 0 1 0 0 0 0 0 0 0 0 0 0 0;
  INPUT ---        1 0 0 0 1 0 0 0 0 0 0 0 0 0 0 0 0 0 0;
  INPUT ---        1 0 0 0 0 1 1 0 0 0 0 0 0 0 0 0 0 0 0;
  INPUT ---        1 0 0 0 0 1 0 0 0 0 0 0 0 0 0 0 0 0 0;
  INPUT ---        1 0 0 0 0 0 1 0 0 0 0 0 0 0 0 0 0 0 0;
  INPUT ---        1 1 0 0 0 0 0 1 0 0 0 0 0 0 0 0 0 0 0;
  INPUT ---        1 0 1 0 0 0 0 0 1 0 0 0 0 0 0 0 0 0 0;
  INPUT ---        1 0 0 1 0 0 0 0 0 1 0 0 0 0 0 0 0 0 0;
  INPUT ---        1 0 0 0 1 0 0 0 0 0 1 0 0 0 0 0 0 0 0;
  INPUT ---        1 0 0 0 0 1 0 0 0 0 0 1 0 0 0 0 0 0 0;
  INPUT ---        1 0 0 0 0 0 0 1 0 0 0 0 0 0 0 0 0 0 0;
  INPUT ---        1 1 0 0 0 0 0 0 1 0 0 0 0 0 0 0 0 0 0;
  INPUT ---        1 0 1 0 0 0 0 0 0 1 0 0 0 0 0 0 0 0 0;
  INPUT ---        1 0 0 1 0 0 0 0 0 0 1 0 0 0 0 0 0 0 0;
  INPUT ---        1 0 0 0 1 0 0 0 0 0 0 1 0 0 0 0 0 0 0;
  INPUT ---        1 0 0 0 0 1 0 0 0 0 0 0 1 0 0 0 0 0 0;
  INPUT ---        0 0 0 0 0 0 0 0 0 0 0 0 0 1 0 0 0 0 0;
  INPUT ---        0 0 0 0 0 0 0 0 0 0 0 0 0 1 1 0 0 0 0;
  INPUT ---        0 0 0 0 0 0 0 0 0 0 0 0 0 1 0 1 0 0 0;
  INPUT ---        0 0 0 0 0 0 0 0 0 0 0 0 0 1 0 0 1 0 0;
  INPUT ---        0 0 0 0 0 0 0 0 0 0 0 0 0 1 0 0 0 1 0;
  INPUT ---        0 0 0 0 0 0 0 0 0 0 0 0 0 1 0 0 0 0 1;

  INPUT ---    blabel(1)=Phi:(Intercept);

  INPUT ---    blabel(2)=Phi:time2;

  INPUT ---    blabel(3)=Phi:time3;


  Program  MARK  - Survival Rate Estimation with Capture-Recapture Data
   gfortran(Win64) Vers. 8.0 Jun 2014   21-Jan-2015 17:43:56    Page  009
 - - - - - - - - - - - - - - - - - - - - - - - - - - - - - - - - - - - - - -
 
  INPUT ---    blabel(4)=Phi:time4;

  INPUT ---    blabel(5)=Phi:time5;

  INPUT ---    blabel(6)=Phi:time6;

  INPUT ---    blabel(7)=Phi:age1;

  INPUT ---    blabel(8)=Phi:age2;

  INPUT ---    blabel(9)=Phi:age3;

  INPUT ---    blabel(10)=Phi:age4;

  INPUT ---    blabel(11)=Phi:age5;

  INPUT ---    blabel(12)=Phi:age6;

  INPUT ---    blabel(13)=Phi:age7;

  INPUT ---    blabel(14)=p:(Intercept);

  INPUT ---    blabel(15)=p:time3;

  INPUT ---    blabel(16)=p:time4;

  INPUT ---    blabel(17)=p:time5;

  INPUT ---    blabel(18)=p:time6;

  INPUT ---    blabel(19)=p:time7;

  INPUT ---    rlabel(1)=Phi gM11 c1 c1 a0 t1;

  INPUT ---    rlabel(2)=Phi gM11 c1 c1 a1 t2;

  INPUT ---    rlabel(3)=Phi gM11 c1 c1 a2 t3;

  INPUT ---    rlabel(4)=Phi gM11 c1 c1 a3 t4;

  INPUT ---    rlabel(5)=Phi gM11 c1 c1 a4 t5;

  INPUT ---    rlabel(6)=Phi gM11 c1 c1 a5 t6;

  INPUT ---    rlabel(7)=Phi gM11 c2 c2 a0 t2;


  Program  MARK  - Survival Rate Estimation with Capture-Recapture Data
   gfortran(Win64) Vers. 8.0 Jun 2014   21-Jan-2015 17:43:56    Page  010
 - - - - - - - - - - - - - - - - - - - - - - - - - - - - - - - - - - - - - -
 
  INPUT ---    rlabel(8)=Phi gM11 c2 c2 a1 t3;

  INPUT ---    rlabel(9)=Phi gM11 c2 c2 a2 t4;

  INPUT ---    rlabel(10)=Phi gM11 c2 c2 a3 t5;

  INPUT ---    rlabel(11)=Phi gM11 c2 c2 a4 t6;

  INPUT ---    rlabel(12)=Phi gM11 c3 c3 a0 t3;

  INPUT ---    rlabel(13)=Phi gM11 c3 c3 a1 t4;

  INPUT ---    rlabel(14)=Phi gM11 c3 c3 a2 t5;

  INPUT ---    rlabel(15)=Phi gM11 c3 c3 a3 t6;

  INPUT ---    rlabel(16)=Phi gM11 c4 c4 a0 t4;

  INPUT ---    rlabel(17)=Phi gM11 c4 c4 a1 t5;

  INPUT ---    rlabel(18)=Phi gM11 c4 c4 a2 t6;

  INPUT ---    rlabel(19)=Phi gM11 c5 c5 a0 t5;

  INPUT ---    rlabel(20)=Phi gM11 c5 c5 a1 t6;

  INPUT ---    rlabel(21)=Phi gM11 c6 c6 a0 t6;

  INPUT ---    rlabel(22)=Phi gF21 c1 c1 a1 t1;

  INPUT ---    rlabel(23)=Phi gF21 c1 c1 a2 t2;

  INPUT ---    rlabel(24)=Phi gF21 c1 c1 a3 t3;

  INPUT ---    rlabel(25)=Phi gF21 c1 c1 a4 t4;

  INPUT ---    rlabel(26)=Phi gF21 c1 c1 a5 t5;

  INPUT ---    rlabel(27)=Phi gF21 c1 c1 a6 t6;

  INPUT ---    rlabel(28)=Phi gF31 c1 c1 a2 t1;

  INPUT ---    rlabel(29)=Phi gF31 c1 c1 a3 t2;

  INPUT ---    rlabel(30)=Phi gF31 c1 c1 a4 t3;


  Program  MARK  - Survival Rate Estimation with Capture-Recapture Data
   gfortran(Win64) Vers. 8.0 Jun 2014   21-Jan-2015 17:43:56    Page  011
 - - - - - - - - - - - - - - - - - - - - - - - - - - - - - - - - - - - - - -
 
  INPUT ---    rlabel(31)=Phi gF31 c1 c1 a5 t4;

  INPUT ---    rlabel(32)=Phi gF31 c1 c1 a6 t5;

  INPUT ---    rlabel(33)=Phi gF31 c1 c1 a7 t6;

  INPUT ---    rlabel(34)=p gM11 c1 c1 a1 t2;

  INPUT ---    rlabel(35)=p gM11 c1 c1 a2 t3;

  INPUT ---    rlabel(36)=p gM11 c1 c1 a3 t4;

  INPUT ---    rlabel(37)=p gM11 c1 c1 a4 t5;

  INPUT ---    rlabel(38)=p gM11 c1 c1 a5 t6;

  INPUT ---    rlabel(39)=p gM11 c1 c1 a6 t7;

 Link Function Used is LOGIT        

 Variance Estimation Procedure Used is 2ndPart 
 -2logL(saturated) = 18629.211     
 Effective Sample Size = 10204

 Number of function evaluations was 47 for 19 parameters.
 Time for numerical optimization was 0.17 seconds.
 -2logL { Phi(~time + age)p(~time) } = 19084.083     
 Penalty { Phi(~time + age)p(~time) } = -0.0000000    
 Gradient { Phi(~time + age)p(~time) }:
   0.000000     0.1183574E-03 0.2548588E-03 0.3224959E-03  0.000000    
   0.000000     0.6340317E-03 0.3200002E-03 0.2272854E-03-0.1721496E-03
   0.000000    -0.3309379E-03-0.3309379E-03  0.000000    -0.1208852E-03
 -0.3188945E-03 0.3725742E-03  0.000000    -0.1754613E-03
 S Vector { Phi(~time + age)p(~time) }:
   3147.609      1050.153      728.3260      406.5860      353.3778    
   237.8862      185.8420      162.5566      116.3916      78.83592    
   64.82427      43.19607      31.38975      16.92984      5.787159    
   1.880762     0.5425271     0.1197160E-03 0.9462887E-04
 Time to compute number of parameters was 0.08 seconds.
   Threshold =  0.4000000E-06     Condition index =  0.3006373E-07     New Threshold =  0.4124777E-03
 New Guessimate of Estimated Parameters { Phi(~time + age)p(~time) } = 16          
 Conditioned S Vector { Phi(~time + age)p(~time) }:
   1.000000     0.3336351     0.2313903     0.1291730     0.1122687    
  0.7557681E-01 0.5904229E-01 0.5164446E-01 0.3697778E-01 0.2504629E-01
  0.2059477E-01 0.1372346E-01 0.9972573E-02 0.5378636E-02 0.1838589E-02
  0.5975210E-03 0.1723617E-03 0.3803397E-07 0.3006373E-07
 Number of Estimated Parameters { Phi(~time + age)p(~time) } = 17          
 DEVIANCE { Phi(~time + age)p(~time) } = 454.87173                     
 DEVIANCE Degrees of Freedom { Phi(~time + age)p(~time) } = 300            
 c-hat { Phi(~time + age)p(~time) } = 1.5162391                     
 AIC { Phi(~time + age)p(~time) } = 19118.083                  
 AICc { Phi(~time + age)p(~time) } = 19118.143                    
 BIC { Phi(~time + age)p(~time) } = 19241.002                    
 Pearson Chisquare { Phi(~time + age)p(~time) } = Not a Number               
 Possible Encounter Histories { Phi(~time + age)p(~time) } = 504             
 Pearson Chisquare df { Phi(~time + age)p(~time) } = 463        
 Pearson chat { Phi(~time + age)p(~time) } = Not a Number               
 Sum(Observed/Expected) { Phi(~time + age)p(~time) } = Not a Number               
 Fletcher chat { Phi(~time + age)p(~time) } = Not a Number               

  Program  MARK  - Survival Rate Estimation with Capture-Recapture Data
   gfortran(Win64) Vers. 8.0 Jun 2014   21-Jan-2015 17:43:56    Page  012
 - - - - - - - - - - - - - - - - - - - - - - - - - - - - - - - - - - - - - -
 


                 LOGIT Link Function Parameters of { Phi(~time + age)p(~time) }
                                                              95% Confidence Interval
 Parameter                    Beta         Standard Error      Lower           Upper
 -------------------------  --------------  --------------  --------------  --------------
    1:Phi:(Intercept)       -0.0468785      0.0749355       -0.1937520      0.0999950     
    2:Phi:time2             2.0737239       0.1570916       1.7658244       2.3816235     
    3:Phi:time3             0.4274487       0.2462725       -0.0552455      0.9101429     
    4:Phi:time4             1.2561396       0.2559745       0.7544296       1.7578497     
    5:Phi:time5             0.0503526       0.2624022       -0.4639556      0.5646609     
    6:Phi:time6             0.8870916       0.4767780       -0.0473932      1.8215764     
    7:Phi:age1              -0.1475700      0.2546632       -0.6467098      0.3515699     
    8:Phi:age2              0.1368678       0.2696897       -0.3917239      0.6654596     
    9:Phi:age3              0.6006213       0.2870224       0.0380575       1.1631852     
   10:Phi:age4              1.1132659       0.3356202       0.4554502       1.7710816     
   11:Phi:age5              1.8381556       1.3081913       -0.7258993      4.4022105     
   12:Phi:age6              -0.0992934      88.038354       -172.65447      172.45588     
   13:Phi:age7              -0.0992934      0.0000000       -0.0992934      -0.0992934    
   14:p:(Intercept)         0.0398083       0.0997701       -0.1557410      0.2353576     
   15:p:time3               2.0094494       0.1576229       1.7005084       2.3183904     
   16:p:time4               -0.1408096      0.1183843       -0.3728428      0.0912237     
   17:p:time5               0.9528880       0.1233795       0.7110642       1.1947118     
   18:p:time6               0.0411745       0.1170663       -0.1882755      0.2706245     
   19:p:time7               1.0733798       0.3844678       0.3198230       1.8269367     


                 Real Function Parameters of { Phi(~time + age)p(~time) }
                                                               95% Confidence Interval
  Parameter                  Estimate       Standard Error      Lower           Upper
 --------------------------  --------------  --------------  --------------  --------------
     1:Phi gM11 c1 c1 a0 t1  0.4882825       0.0187236       0.4517130       0.5249780                           
     2:Phi gM11 c1 c1 a1 t2  0.8675279       0.0261080       0.8075250       0.9108894                           
     3:Phi gM11 c1 c1 a2 t3  0.6265485       0.0219827       0.5825617       0.6685375                           
     4:Phi gM11 c1 c1 a3 t4  0.8593477       0.0181585       0.8198640       0.8913242                           
     5:Phi gM11 c1 c1 a4 t5  0.7533835       0.0402045       0.6665486       0.8235903                           
     6:Phi gM11 c1 c1 a5 t6  0.9357381       0.0942884       0.4025285       0.9968326                           
     7:Phi gM11 c2 c2 a0 t2  0.8835870       0.0142016       0.8527377       0.9086660                           
     8:Phi gM11 c2 c2 a1 t3  0.5579880       0.0163372       0.5257697       0.5897254                           
     9:Phi gM11 c2 c2 a2 t4  0.7934960       0.0192480       0.7532266       0.8286887                           
    10:Phi gM11 c2 c2 a3 t5  0.6465927       0.0256090       0.5949435       0.6950320                           
    11:Phi gM11 c2 c2 a4 t6  0.8758255       0.0558837       0.7203776       0.9507632                           
    12:Phi gM11 c3 c3 a0 t3  0.5940106       0.0626541       0.4678844       0.7088448                           
    13:Phi gM11 c3 c3 a1 t4  0.7430136       0.0179923       0.7062011       0.7766722                           
    14:Phi gM11 c3 c3 a2 t5  0.5350280       0.0174090       0.5007956       0.5689336                           
    15:Phi gM11 c3 c3 a3 t6  0.8085838       0.0713256       0.6312552       0.9124612                           

  Program  MARK  - Survival Rate Estimation with Capture-Recapture Data
   gfortran(Win64) Vers. 8.0 Jun 2014   21-Jan-2015 17:43:56    Page  013
 - - - - - - - - - - - - - - - - - - - - - - - - - - - - - - - - - - - - - -
 
    16:Phi gM11 c4 c4 a0 t4  0.7701682       0.0476182       0.6641829       0.8502460                           
    17:Phi gM11 c4 c4 a1 t5  0.4640383       0.0302195       0.4055847       0.5234969                           
    18:Phi gM11 c4 c4 a2 t6  0.7265286       0.0769320       0.5543239       0.8501789                           
    19:Phi gM11 c5 c5 a0 t5  0.5008685       0.0687844       0.3691658       0.6324508                           
    20:Phi gM11 c5 c5 a1 t6  0.6665547       0.0926205       0.4690068       0.8189750                           
    21:Phi gM11 c6 c6 a0 t6  0.6985101       0.1019072       0.4729665       0.8567636                           
    22:Phi gF21 c1 c1 a1 t1  0.4515405       0.0596460       0.3392794       0.5689603                           
    23:Phi gF21 c1 c1 a2 t2  0.8969433       0.0225745       0.8435717       0.9335397                           
    24:Phi gF21 c1 c1 a3 t3  0.7273446       0.0270779       0.6711902       0.7770938                           
    25:Phi gF21 c1 c1 a4 t4  0.9107256       0.0187515       0.8665145       0.9412859                           
    26:Phi gF21 c1 c1 a5 t5  0.8631413       0.1523851       0.3347536       0.9875071                           
    27:Phi gF21 c1 c1 a6 t6  0.6771970       19.245583       0.2403744E-074  1.0000000                           
    28:Phi gF31 c1 c1 a2 t1  0.5224822       0.0640411       0.3981667       0.6440734                           
    29:Phi gF31 c1 c1 a3 t2  0.9326085       0.0165423       0.8920244       0.9586457                           
    30:Phi gF31 c1 c1 a4 t3  0.8166534       0.0332778       0.7423510       0.8731883                           
    31:Phi gF31 c1 c1 a5 t4  0.9546709       0.0556243       0.6290301       0.9961918                           
    32:Phi gF31 c1 c1 a6 t5  0.4760635       21.959252       0.1042949E-074  1.0000000                           
    33:Phi gF31 c1 c1 a7 t6  0.6771970       0.0000000       0.6771970       0.6771970                           
    34:p gM11 c1 c1 a1 t2    0.5099508       0.0249326       0.4611433       0.5585693                           
    35:p gM11 c1 c1 a2 t3    0.8858726       0.0123373       0.8593718       0.9079145                           
    36:p gM11 c1 c1 a3 t4    0.4747711       0.0158905       0.4437638       0.5059743                           
    37:p gM11 c1 c1 a4 t5    0.7296202       0.0143190       0.7006577       0.7567533                           
    38:p gM11 c1 c1 a5 t6    0.5202346       0.0152852       0.4902388       0.5500854                           
    39:p gM11 c1 c1 a6 t7    0.7527230       0.0691100       0.5951856       0.8630589                           

 Attempted ordering of parameters by estimatibility:
   1 14  7 18 16  8  5 19  3 17  4  2  9 15 10  6 11 12 13
 Beta number 13 is a singular value.

     CPU Time in seconds for last procedure was 0.28

  Program  MARK  - Survival Rate Estimation with Capture-Recapture Data
   gfortran(Win64) Vers. 8.0 Jun 2014   21-Jan-2015 17:43:56    Page  014
 - - - - - - - - - - - - - - - - - - - - - - - - - - - - - - - - - - - - - -
 


  INPUT --- proc stop;

     CPU Time in minutes for this job was 0.01

     Time Start = 17:43:56.735   Time End = 17:43:56.986

     Wall Clock Time in minutes for this job was 0.00


          E X E C U T I O N   S U C C E S S F U L 
