
   Program  MARK  - Survival Rate Estimation with Capture-Recapture Data
   gfortran(Win64) Vers. 8.0 Jun 2014   25-Jan-2015 15:11:51    Page  001
 - - - - - - - - - - - - - - - - - - - - - - - - - - - - - - - - - - - - - -
 
   This version was compiled by GCC version 4.8.1 using the options 
   -m64 -mtune=generic -march=x86-64 -mthreads -O2 -fimplicit-none -fbounds-check -funroll-loops -ftree-vectorize -fopenmp.
   This problem will use 7 of 8 possible threads.


  INPUT --- proc title ;

     CPU Time in seconds for last procedure was 0.00


  INPUT --- proc chmatrix occasions= 7 groups= 6 etype= Both ICMeans 
  INPUT --- NoHist hist= 51 ;

  INPUT ---    time  interval 1 1 1 1 1 1 1 ;

  INPUT ---    glabel(1)=sex4.age1;

  INPUT ---    glabel(2)=sex5.age1;

  INPUT ---    glabel(3)=sex4.age2;

  INPUT ---    glabel(4)=sex5.age2;

  INPUT ---    glabel(5)=sex4.age4;

  INPUT ---    glabel(6)=sex5.age4;

   * *  WARNING  * *   At least a pair of the encounter histories are duplicates. 

      Number of unique encounter histories read was 17.

      Number of individual covariates read was 0.
      Time interval lengths are all equal to 1.

      Data type number is 3
      Data type is Joint Live and Dead Encounters (Burnham)                                                            

     CPU Time in seconds for last procedure was 0.00

  Program  MARK  - Survival Rate Estimation with Capture-Recapture Data
   gfortran(Win64) Vers. 8.0 Jun 2014   25-Jan-2015 15:11:51    Page  002
 - - - - - - - - - - - - - - - - - - - - - - - - - - - - - - - - - - - - - -
 


  INPUT --- proc estimate link=Logit NOLOOP varest=2ndPart    ;


  INPUT --- model={ S(~1)p(~age + sex)r(~age + sex)F(~1) };

  INPUT ---    group=1 S    rows=7 cols=7 Triang ;
  INPUT ---        1 1 1 1 1 1 1 ;
  INPUT ---        1 1 1 1 1 1 ;
  INPUT ---        1 1 1 1 1 ;
  INPUT ---        1 1 1 1 ;
  INPUT ---        1 1 1 ;
  INPUT ---        1 1 ;
  INPUT ---        1 ;

  INPUT ---    group=2 S    rows=7 cols=7 Triang ;
  INPUT ---        1 1 1 1 1 1 1 ;
  INPUT ---        1 1 1 1 1 1 ;
  INPUT ---        1 1 1 1 1 ;
  INPUT ---        1 1 1 1 ;
  INPUT ---        1 1 1 ;
  INPUT ---        1 1 ;
  INPUT ---        1 ;

  INPUT ---    group=3 S    rows=7 cols=7 Triang ;
  INPUT ---        1 1 1 1 1 1 1 ;
  INPUT ---        1 1 1 1 1 1 ;
  INPUT ---        1 1 1 1 1 ;
  INPUT ---        1 1 1 1 ;
  INPUT ---        1 1 1 ;
  INPUT ---        1 1 ;
  INPUT ---        1 ;

  INPUT ---    group=4 S    rows=7 cols=7 Triang ;
  INPUT ---        1 1 1 1 1 1 1 ;
  INPUT ---        1 1 1 1 1 1 ;
  INPUT ---        1 1 1 1 1 ;
  INPUT ---        1 1 1 1 ;
  INPUT ---        1 1 1 ;
  INPUT ---        1 1 ;
  INPUT ---        1 ;

  INPUT ---    group=5 S    rows=7 cols=7 Triang ;
  INPUT ---        1 1 1 1 1 1 1 ;
  INPUT ---        1 1 1 1 1 1 ;

  Program  MARK  - Survival Rate Estimation with Capture-Recapture Data
   gfortran(Win64) Vers. 8.0 Jun 2014   25-Jan-2015 15:11:51    Page  003
 - - - - - - - - - - - - - - - - - - - - - - - - - - - - - - - - - - - - - -
 
  INPUT ---        1 1 1 1 1 ;
  INPUT ---        1 1 1 1 ;
  INPUT ---        1 1 1 ;
  INPUT ---        1 1 ;
  INPUT ---        1 ;

  INPUT ---    group=6 S    rows=7 cols=7 Triang ;
  INPUT ---        1 1 1 1 1 1 1 ;
  INPUT ---        1 1 1 1 1 1 ;
  INPUT ---        1 1 1 1 1 ;
  INPUT ---        1 1 1 1 ;
  INPUT ---        1 1 1 ;
  INPUT ---        1 1 ;
  INPUT ---        1 ;

  INPUT ---    group=1 p    rows=6 cols=6 Triang ;
  INPUT ---        2 3 4 5 6 7 ;
  INPUT ---        2 3 4 5 6 ;
  INPUT ---        2 3 4 5 ;
  INPUT ---        2 3 4 ;
  INPUT ---        2 3 ;
  INPUT ---        2 ;

  INPUT ---    group=2 p    rows=6 cols=6 Triang ;
  INPUT ---        8 9 10 11 12 13 ;
  INPUT ---        8 9 10 11 12 ;
  INPUT ---        8 9 10 11 ;
  INPUT ---        8 9 10 ;
  INPUT ---        8 9 ;
  INPUT ---        8 ;

  INPUT ---    group=3 p    rows=6 cols=6 Triang ;
  INPUT ---        2 3 4 5 6 7 ;
  INPUT ---        2 3 4 5 6 ;
  INPUT ---        2 3 4 5 ;
  INPUT ---        2 3 4 ;
  INPUT ---        2 3 ;
  INPUT ---        2 ;

  INPUT ---    group=4 p    rows=6 cols=6 Triang ;
  INPUT ---        8 9 10 11 12 13 ;
  INPUT ---        8 9 10 11 12 ;
  INPUT ---        8 9 10 11 ;
  INPUT ---        8 9 10 ;
  INPUT ---        8 9 ;
  INPUT ---        8 ;

  Program  MARK  - Survival Rate Estimation with Capture-Recapture Data
   gfortran(Win64) Vers. 8.0 Jun 2014   25-Jan-2015 15:11:51    Page  004
 - - - - - - - - - - - - - - - - - - - - - - - - - - - - - - - - - - - - - -
 

  INPUT ---    group=5 p    rows=6 cols=6 Triang ;
  INPUT ---        2 3 4 5 6 7 ;
  INPUT ---        2 3 4 5 6 ;
  INPUT ---        2 3 4 5 ;
  INPUT ---        2 3 4 ;
  INPUT ---        2 3 ;
  INPUT ---        2 ;

  INPUT ---    group=6 p    rows=6 cols=6 Triang ;
  INPUT ---        8 9 10 11 12 13 ;
  INPUT ---        8 9 10 11 12 ;
  INPUT ---        8 9 10 11 ;
  INPUT ---        8 9 10 ;
  INPUT ---        8 9 ;
  INPUT ---        8 ;

  INPUT ---    group=1 r    rows=7 cols=7 Triang ;
  INPUT ---        14 15 16 17 18 19 20 ;
  INPUT ---        14 15 16 17 18 19 ;
  INPUT ---        14 15 16 17 18 ;
  INPUT ---        14 15 16 17 ;
  INPUT ---        14 15 16 ;
  INPUT ---        14 15 ;
  INPUT ---        14 ;

  INPUT ---    group=2 r    rows=7 cols=7 Triang ;
  INPUT ---        21 22 23 24 25 26 27 ;
  INPUT ---        21 22 23 24 25 26 ;
  INPUT ---        21 22 23 24 25 ;
  INPUT ---        21 22 23 24 ;
  INPUT ---        21 22 23 ;
  INPUT ---        21 22 ;
  INPUT ---        21 ;

  INPUT ---    group=3 r    rows=7 cols=7 Triang ;
  INPUT ---        14 15 16 17 18 19 20 ;
  INPUT ---        14 15 16 17 18 19 ;
  INPUT ---        14 15 16 17 18 ;
  INPUT ---        14 15 16 17 ;
  INPUT ---        14 15 16 ;
  INPUT ---        14 15 ;
  INPUT ---        14 ;

  INPUT ---    group=4 r    rows=7 cols=7 Triang ;
  INPUT ---        21 22 23 24 25 26 27 ;

  Program  MARK  - Survival Rate Estimation with Capture-Recapture Data
   gfortran(Win64) Vers. 8.0 Jun 2014   25-Jan-2015 15:11:51    Page  005
 - - - - - - - - - - - - - - - - - - - - - - - - - - - - - - - - - - - - - -
 
  INPUT ---        21 22 23 24 25 26 ;
  INPUT ---        21 22 23 24 25 ;
  INPUT ---        21 22 23 24 ;
  INPUT ---        21 22 23 ;
  INPUT ---        21 22 ;
  INPUT ---        21 ;

  INPUT ---    group=5 r    rows=7 cols=7 Triang ;
  INPUT ---        14 15 16 17 18 19 20 ;
  INPUT ---        14 15 16 17 18 19 ;
  INPUT ---        14 15 16 17 18 ;
  INPUT ---        14 15 16 17 ;
  INPUT ---        14 15 16 ;
  INPUT ---        14 15 ;
  INPUT ---        14 ;

  INPUT ---    group=6 r    rows=7 cols=7 Triang ;
  INPUT ---        21 22 23 24 25 26 27 ;
  INPUT ---        21 22 23 24 25 26 ;
  INPUT ---        21 22 23 24 25 ;
  INPUT ---        21 22 23 24 ;
  INPUT ---        21 22 23 ;
  INPUT ---        21 22 ;
  INPUT ---        21 ;

  INPUT ---    group=1 F    rows=6 cols=6 Triang ;
  INPUT ---        28 28 28 28 28 28 ;
  INPUT ---        28 28 28 28 28 ;
  INPUT ---        28 28 28 28 ;
  INPUT ---        28 28 28 ;
  INPUT ---        28 28 ;
  INPUT ---        28 ;

  INPUT ---    group=2 F    rows=6 cols=6 Triang ;
  INPUT ---        28 28 28 28 28 28 ;
  INPUT ---        28 28 28 28 28 ;
  INPUT ---        28 28 28 28 ;
  INPUT ---        28 28 28 ;
  INPUT ---        28 28 ;
  INPUT ---        28 ;

  INPUT ---    group=3 F    rows=6 cols=6 Triang ;
  INPUT ---        28 28 28 28 28 28 ;
  INPUT ---        28 28 28 28 28 ;
  INPUT ---        28 28 28 28 ;
  INPUT ---        28 28 28 ;

  Program  MARK  - Survival Rate Estimation with Capture-Recapture Data
   gfortran(Win64) Vers. 8.0 Jun 2014   25-Jan-2015 15:11:51    Page  006
 - - - - - - - - - - - - - - - - - - - - - - - - - - - - - - - - - - - - - -
 
  INPUT ---        28 28 ;
  INPUT ---        28 ;

  INPUT ---    group=4 F    rows=6 cols=6 Triang ;
  INPUT ---        28 28 28 28 28 28 ;
  INPUT ---        28 28 28 28 28 ;
  INPUT ---        28 28 28 28 ;
  INPUT ---        28 28 28 ;
  INPUT ---        28 28 ;
  INPUT ---        28 ;

  INPUT ---    group=5 F    rows=6 cols=6 Triang ;
  INPUT ---        28 28 28 28 28 28 ;
  INPUT ---        28 28 28 28 28 ;
  INPUT ---        28 28 28 28 ;
  INPUT ---        28 28 28 ;
  INPUT ---        28 28 ;
  INPUT ---        28 ;

  INPUT ---    group=6 F    rows=6 cols=6 Triang ;
  INPUT ---        28 28 28 28 28 28 ;
  INPUT ---        28 28 28 28 28 ;
  INPUT ---        28 28 28 28 ;
  INPUT ---        28 28 28 ;
  INPUT ---        28 28 ;
  INPUT ---        28 ;

  INPUT ---    design matrix constraints=28 covariates=17;
  INPUT ---        1 0 0 0 0 0 0 0 0 0 0 0 0 0 0 0 0;
  INPUT ---        0 1 0 0 0 0 0 0 0 0 0 0 0 0 0 0 0;
  INPUT ---        0 1 1 0 0 0 0 0 0 0 0 0 0 0 0 0 0;
  INPUT ---        0 1 0 1 0 0 0 0 0 0 0 0 0 0 0 0 0;
  INPUT ---        0 1 0 0 1 0 0 0 0 0 0 0 0 0 0 0 0;
  INPUT ---        0 1 0 0 0 1 0 0 0 0 0 0 0 0 0 0 0;
  INPUT ---        0 1 0 0 0 0 1 0 0 0 0 0 0 0 0 0 0;
  INPUT ---        0 1 0 0 0 0 0 1 0 0 0 0 0 0 0 0 0;
  INPUT ---        0 1 1 0 0 0 0 1 0 0 0 0 0 0 0 0 0;
  INPUT ---        0 1 0 1 0 0 0 1 0 0 0 0 0 0 0 0 0;
  INPUT ---        0 1 0 0 1 0 0 1 0 0 0 0 0 0 0 0 0;
  INPUT ---        0 1 0 0 0 1 0 1 0 0 0 0 0 0 0 0 0;
  INPUT ---        0 1 0 0 0 0 1 1 0 0 0 0 0 0 0 0 0;
  INPUT ---        0 0 0 0 0 0 0 0 1 0 0 0 0 0 0 0 0;
  INPUT ---        0 0 0 0 0 0 0 0 1 1 0 0 0 0 0 0 0;
  INPUT ---        0 0 0 0 0 0 0 0 1 0 1 0 0 0 0 0 0;
  INPUT ---        0 0 0 0 0 0 0 0 1 0 0 1 0 0 0 0 0;
  INPUT ---        0 0 0 0 0 0 0 0 1 0 0 0 1 0 0 0 0;

  Program  MARK  - Survival Rate Estimation with Capture-Recapture Data
   gfortran(Win64) Vers. 8.0 Jun 2014   25-Jan-2015 15:11:51    Page  007
 - - - - - - - - - - - - - - - - - - - - - - - - - - - - - - - - - - - - - -
 
  INPUT ---        0 0 0 0 0 0 0 0 1 0 0 0 0 1 0 0 0;
  INPUT ---        0 0 0 0 0 0 0 0 1 0 0 0 0 0 1 0 0;
  INPUT ---        0 0 0 0 0 0 0 0 1 0 0 0 0 0 0 1 0;
  INPUT ---        0 0 0 0 0 0 0 0 1 1 0 0 0 0 0 1 0;
  INPUT ---        0 0 0 0 0 0 0 0 1 0 1 0 0 0 0 1 0;
  INPUT ---        0 0 0 0 0 0 0 0 1 0 0 1 0 0 0 1 0;
  INPUT ---        0 0 0 0 0 0 0 0 1 0 0 0 1 0 0 1 0;
  INPUT ---        0 0 0 0 0 0 0 0 1 0 0 0 0 1 0 1 0;
  INPUT ---        0 0 0 0 0 0 0 0 1 0 0 0 0 0 1 1 0;
  INPUT ---        0 0 0 0 0 0 0 0 0 0 0 0 0 0 0 0 1;

  INPUT ---    blabel(1)=S:(Intercept);

  INPUT ---    blabel(2)=p:(Intercept);

  INPUT ---    blabel(3)=p:age2;

  INPUT ---    blabel(4)=p:age3;

  INPUT ---    blabel(5)=p:age4;

  INPUT ---    blabel(6)=p:age5;

  INPUT ---    blabel(7)=p:age6;

  INPUT ---    blabel(8)=p:sex5;

  INPUT ---    blabel(9)=r:(Intercept);

  INPUT ---    blabel(10)=r:age1;

  INPUT ---    blabel(11)=r:age2;

  INPUT ---    blabel(12)=r:age3;

  INPUT ---    blabel(13)=r:age4;

  INPUT ---    blabel(14)=r:age5;

  INPUT ---    blabel(15)=r:age6;

  INPUT ---    blabel(16)=r:sex5;

  INPUT ---    blabel(17)=F:(Intercept);

  INPUT ---    rlabel(1)=S g41 c2005 c1 a0 t2005;

  Program  MARK  - Survival Rate Estimation with Capture-Recapture Data
   gfortran(Win64) Vers. 8.0 Jun 2014   25-Jan-2015 15:11:51    Page  008
 - - - - - - - - - - - - - - - - - - - - - - - - - - - - - - - - - - - - - -
 

  INPUT ---    rlabel(2)=p g41 c2005 c1 a1 t2006;

  INPUT ---    rlabel(3)=p g41 c2005 c1 a2 t2007;

  INPUT ---    rlabel(4)=p g41 c2005 c1 a3 t2008;

  INPUT ---    rlabel(5)=p g41 c2005 c1 a4 t2009;

  INPUT ---    rlabel(6)=p g41 c2005 c1 a5 t2010;

  INPUT ---    rlabel(7)=p g41 c2005 c1 a6 t2011;

  INPUT ---    rlabel(8)=p g51 c2005 c1 a1 t2006;

  INPUT ---    rlabel(9)=p g51 c2005 c1 a2 t2007;

  INPUT ---    rlabel(10)=p g51 c2005 c1 a3 t2008;

  INPUT ---    rlabel(11)=p g51 c2005 c1 a4 t2009;

  INPUT ---    rlabel(12)=p g51 c2005 c1 a5 t2010;

  INPUT ---    rlabel(13)=p g51 c2005 c1 a6 t2011;

  INPUT ---    rlabel(14)=r g41 c2005 c1 a0 t2005;

  INPUT ---    rlabel(15)=r g41 c2005 c1 a1 t2006;

  INPUT ---    rlabel(16)=r g41 c2005 c1 a2 t2007;

  INPUT ---    rlabel(17)=r g41 c2005 c1 a3 t2008;

  INPUT ---    rlabel(18)=r g41 c2005 c1 a4 t2009;

  INPUT ---    rlabel(19)=r g41 c2005 c1 a5 t2010;

  INPUT ---    rlabel(20)=r g41 c2005 c1 a6 t2011;

  INPUT ---    rlabel(21)=r g51 c2005 c1 a0 t2005;

  INPUT ---    rlabel(22)=r g51 c2005 c1 a1 t2006;

  INPUT ---    rlabel(23)=r g51 c2005 c1 a2 t2007;

  INPUT ---    rlabel(24)=r g51 c2005 c1 a3 t2008;

  Program  MARK  - Survival Rate Estimation with Capture-Recapture Data
   gfortran(Win64) Vers. 8.0 Jun 2014   25-Jan-2015 15:11:51    Page  009
 - - - - - - - - - - - - - - - - - - - - - - - - - - - - - - - - - - - - - -
 

  INPUT ---    rlabel(25)=r g51 c2005 c1 a4 t2009;

  INPUT ---    rlabel(26)=r g51 c2005 c1 a5 t2010;

  INPUT ---    rlabel(27)=r g51 c2005 c1 a6 t2011;

  INPUT ---    rlabel(28)=F g41 c2005 c1 a0 t2005;

 Link Function Used is LOGIT        

 Variance Estimation Procedure Used is 2ndPart 

 M(t+1):



 -2logL(saturated) = 1739.8188     
 Effective Sample Size = 7075

 Number of function evaluations was 46 for 17 parameters.
 Time for numerical optimization was 0.84 seconds.
 -2logL { S(~1)p(~age + sex)r(~age + sex)F(~1) } = 2681.3870     
 Penalty { S(~1)p(~age + sex)r(~age + sex)F(~1) } = -0.0000000    
 Gradient { S(~1)p(~age + sex)r(~age + sex)F(~1) }:
   0.000000     0.2152550E-04-0.3750712E-04  0.000000      0.000000    
 -0.3352567E-05-0.1827141E-06  0.000000      0.000000      0.000000    
   0.000000      0.000000      0.000000      0.000000      0.000000    
   0.000000    -0.4647460E-06
 S Vector { S(~1)p(~age + sex)r(~age + sex)F(~1) }:
   399.9833      57.26877      39.64274      6.244276      2.002888    
   1.667550      1.232191     0.9715784     0.5912943     0.4634317E-06
  0.5672664E-07 0.1992929E-07 0.5256851E-08 0.2456790E-08 0.2057275E-08
  0.1194634E-08 0.1596311E-09
 Time to compute number of parameters was 0.37 seconds.
   Threshold =  0.3600000E-06     Condition index =  0.3990943E-12     New Threshold =  0.6581758E-09
 New Guessimate of Estimated Parameters { S(~1)p(~age + sex)r(~age + sex)F(~1) } = 10          
 Conditioned S Vector { S(~1)p(~age + sex)r(~age + sex)F(~1) }:
   1.000000     0.1431779     0.9911098E-01 0.1561134E-01 0.5007428E-02
  0.4169048E-02 0.3080605E-02 0.2429047E-02 0.1478297E-02 0.1158627E-08
  0.1418225E-09 0.4982531E-10 0.1314267E-10 0.6142232E-11 0.5143402E-11
  0.2986709E-11 0.3990943E-12
 Number of Estimated Parameters { S(~1)p(~age + sex)r(~age + sex)F(~1) } = 9          
 DEVIANCE { S(~1)p(~age + sex)r(~age + sex)F(~1) } = 941.56822                     
 DEVIANCE Degrees of Freedom { S(~1)p(~age + sex)r(~age + sex)F(~1) } = 6            
 c-hat { S(~1)p(~age + sex)r(~age + sex)F(~1) } = 156.92804                     
 AIC { S(~1)p(~age + sex)r(~age + sex)F(~1) } = 2699.3870                  
 AICc { S(~1)p(~age + sex)r(~age + sex)F(~1) } = 2699.4124                    
 BIC { S(~1)p(~age + sex)r(~age + sex)F(~1) } = 2761.1659                    
 Pearson Chisquare { S(~1)p(~age + sex)r(~age + sex)F(~1) } = Not a Number               
 Possible Encounter Histories { S(~1)p(~age + sex)r(~age + sex)F(~1) } = 896             
 Pearson Chisquare df { S(~1)p(~age + sex)r(~age + sex)F(~1) } = 851        
 Pearson chat { S(~1)p(~age + sex)r(~age + sex)F(~1) } = Not a Number               
 Sum(Observed/Expected) { S(~1)p(~age + sex)r(~age + sex)F(~1) } = Not a Number               
 Fletcher chat { S(~1)p(~age + sex)r(~age + sex)F(~1) } = Not a Number               


           LOGIT Link Function Parameters of { S(~1)p(~age + sex)r(~age + sex)F(~1) }
                                                              95% Confidence Interval
 Parameter                    Beta         Standard Error      Lower           Upper
 -------------------------  --------------  --------------  --------------  --------------
    1:S:(Intercept)         -0.7064107      0.2426888       -1.1820808      -0.2307407    
    2:p:(Intercept)         -5.3377949      0.4800705       -6.2787332      -4.3968567    

  Program  MARK  - Survival Rate Estimation with Capture-Recapture Data
   gfortran(Win64) Vers. 8.0 Jun 2014   25-Jan-2015 15:11:51    Page  010
 - - - - - - - - - - - - - - - - - - - - - - - - - - - - - - - - - - - - - -
 
    3:p:age2                0.2124293       0.8354334       -1.4250202      1.8498788     
    4:p:age3                0.8687317       1.1362264       -1.3582721      3.0957355     
    5:p:age4                3.0165961       1.0112025       1.0346392       4.9985530     
    6:p:age5                -12.564155      1468.9504       -2891.7070      2866.5787     
    7:p:age6                247.88468       37.311789       174.75357       321.01579     
    8:p:sex5                -1.0263389      0.6872896       -2.3734266      0.3207487     
    9:r:(Intercept)         -2.7104198      0.1219417       -2.9494255      -2.4714141    
   10:r:age1                -4.4233225      1.0166706       -6.4159970      -2.4306481    
   11:r:age2                -127.20164      1129.6528       -2341.3213      2086.9180     
   12:r:age3                -144.62506      547.14392       -1217.0272      927.77704     
   13:r:age4                -80.138597      0.5862372       -81.287621      -78.989572    
   14:r:age5                -27.639340      6220.2184       -12219.268      12163.989     
   15:r:age6                -26.759435      4193.0376       -8245.1134      8191.5945     
   16:r:sex5                0.0214049       0.1208502       -0.2154615      0.2582712     
   17:F:(Intercept)         96.848575       3155.3513       -6087.6401      6281.3373     


           Real Function Parameters of { S(~1)p(~age + sex)r(~age + sex)F(~1) }
                                                               95% Confidence Interval
  Parameter                  Estimate       Standard Error      Lower           Upper
 --------------------------  --------------  --------------  --------------  --------------
     1:S g41 c2005 c1 a0 t2  0.3303924       0.0536908       0.2346783       0.4425694                           
     2:p g41 c2005 c1 a1 t2  0.0047835       0.0022854       0.0018723       0.0121662                           
     3:p g41 c2005 c1 a2 t2  0.0059089       0.0047318       0.0012242       0.0280181                           
     4:p g41 c2005 c1 a3 t2  0.0113282       0.0127592       0.0012270       0.0965480                           
     5:p g41 c2005 c1 a4 t2  0.0893824       0.0856895       0.0123137       0.4359189                           
     6:p g41 c2005 c1 a5 t2  0.1679894E-007  0.2467681E-004  0.1656321E-311  1.0000000                           
     7:p g41 c2005 c1 a6 t2  1.0000000       0.0000000       1.0000000       1.0000000                           
     8:p g51 c2005 c1 a1 t2  0.0017193       0.0011400       0.4682648E-003  0.0062914                           
     9:p g51 c2005 c1 a2 t2  0.0021253       0.0019570       0.3489298E-003  0.0128292                           
    10:p g51 c2005 c1 a3 t2  0.0040888       0.0049690       0.3754129E-003  0.0429551                           
    11:p g51 c2005 c1 a4 t2  0.0339759       0.0366249       0.0039320       0.2385923                           
    12:p g51 c2005 c1 a5 t2  0.6019335E-008  0.8842107E-005  -.1732451E-004  0.1733655E-004                      
    13:p g51 c2005 c1 a6 t2  1.0000000       0.0000000       1.0000000       1.0000000                           
    14:r g41 c2005 c1 a0 t2  0.0623613       0.0071302       0.0497637       0.0778866                           
    15:r g41 c2005 c1 a1 t2  0.7970926E-003  0.8012384E-003  0.1110401E-003  0.0056977                           
    16:r g41 c2005 c1 a2 t2  0.3801108E-056  0.4293932E-053  -.8412307E-053  0.8419909E-053                      
    17:r g41 c2005 c1 a3 t2  0.1030418E-063  0.5637871E-061  -.1103992E-060  0.1106053E-060                      
    18:r g41 c2005 c1 a4 t2  0.1045031E-035  0.6257445E-036  -.1814278E-036  0.2271491E-035                      
    19:r g41 c2005 c1 a5 t2  0.6595791E-013  0.4102726E-009  -.8040683E-009  0.8042003E-009                      
    20:r g41 c2005 c1 a6 t2  0.1590027E-012  0.6667044E-009  -.1306582E-008  0.1306900E-008                      
    21:r g51 c2005 c1 a0 t2  0.0636247       0.0071382       0.0509869       0.0791338                           
    22:r g51 c2005 c1 a1 t2  0.8143241E-003  0.8184340E-003  0.1134727E-003  0.0058187                           
    23:r g51 c2005 c1 a2 t2  0.3883347E-056  0.4386834E-053  -.8594312E-053  0.8602079E-053                      
    24:r g51 c2005 c1 a3 t2  0.1052712E-063  0.5759850E-061  -.1127878E-060  0.1129983E-060                      
    25:r g51 c2005 c1 a4 t2  0.1067641E-035  0.6388414E-036  -.1844878E-036  0.2319771E-035                      

  Program  MARK  - Survival Rate Estimation with Capture-Recapture Data
   gfortran(Win64) Vers. 8.0 Jun 2014   25-Jan-2015 15:11:51    Page  011
 - - - - - - - - - - - - - - - - - - - - - - - - - - - - - - - - - - - - - -
 
    26:r g51 c2005 c1 a5 t2  0.6738495E-013  0.4191491E-009  -.8214649E-009  0.8215996E-009                      
    27:r g51 c2005 c1 a6 t2  0.1624428E-012  0.6811289E-009  -.1334850E-008  0.1335175E-008                      
    28:F g41 c2005 c1 a0 t2  1.0000000       0.0000000       1.0000000       1.0000000                           

 Attempted ordering of parameters by estimatibility:
   9 16  1  2  8  3  5 10  4  6 15 14 17 12 13 11  7
 Beta number 7 is a singular value.

     CPU Time in seconds for last procedure was 1.23


  INPUT --- proc stop;

     CPU Time in minutes for this job was 0.02

     Time Start = 15:11:51.473   Time End = 15:11:51.807

     Wall Clock Time in minutes for this job was 0.01


          E X E C U T I O N   S U C C E S S F U L 
