
   Program  MARK  - Survival Rate Estimation with Capture-Recapture Data
   gfortran(Win64) Vers. 8.0 Jun 2014   31-Jan-2015 13:37:38    Page  001
 - - - - - - - - - - - - - - - - - - - - - - - - - - - - - - - - - - - - - -
 
   This version was compiled by GCC version 4.8.1 using the options 
   -m64 -mtune=generic -march=x86-64 -mthreads -O2 -fimplicit-none -fbounds-check -funroll-loops -ftree-vectorize -fopenmp.
   This problem will use 7 of 8 possible threads.


  INPUT --- proc title ;

     CPU Time in seconds for last procedure was 0.00


  INPUT --- proc chmatrix occasions= 7 groups= 6 etype= Both ICMeans 
  INPUT --- NoHist hist= 51 ;

  INPUT ---    time  interval 1 1 1 1 1 1 1 ;

  INPUT ---    glabel(1)=sex4.age1;

  INPUT ---    glabel(2)=sex5.age1;

  INPUT ---    glabel(3)=sex4.age2;

  INPUT ---    glabel(4)=sex5.age2;

  INPUT ---    glabel(5)=sex4.age4;

  INPUT ---    glabel(6)=sex5.age4;

   * *  WARNING  * *   At least a pair of the encounter histories are duplicates. 

      Number of unique encounter histories read was 17.

      Number of individual covariates read was 0.
      Time interval lengths are all equal to 1.

      Data type number is 3
      Data type is Joint Live and Dead Encounters (Burnham)                                                            

     CPU Time in seconds for last procedure was 0.00

  Program  MARK  - Survival Rate Estimation with Capture-Recapture Data
   gfortran(Win64) Vers. 8.0 Jun 2014   31-Jan-2015 13:37:38    Page  002
 - - - - - - - - - - - - - - - - - - - - - - - - - - - - - - - - - - - - - -
 


  INPUT --- proc estimate link=Logit NOLOOP varest=2ndPart    ;


  INPUT --- model={ S(~age)p(~1)r(~1)F(~age) };

  INPUT ---    group=1 S    rows=7 cols=7 Triang ;
  INPUT ---        1 2 3 4 5 6 7 ;
  INPUT ---        1 2 3 4 5 6 ;
  INPUT ---        1 2 3 4 5 ;
  INPUT ---        1 2 3 4 ;
  INPUT ---        1 2 3 ;
  INPUT ---        1 2 ;
  INPUT ---        1 ;

  INPUT ---    group=2 S    rows=7 cols=7 Triang ;
  INPUT ---        1 2 3 4 5 6 7 ;
  INPUT ---        1 2 3 4 5 6 ;
  INPUT ---        1 2 3 4 5 ;
  INPUT ---        1 2 3 4 ;
  INPUT ---        1 2 3 ;
  INPUT ---        1 2 ;
  INPUT ---        1 ;

  INPUT ---    group=3 S    rows=7 cols=7 Triang ;
  INPUT ---        1 2 3 4 5 6 7 ;
  INPUT ---        1 2 3 4 5 6 ;
  INPUT ---        1 2 3 4 5 ;
  INPUT ---        1 2 3 4 ;
  INPUT ---        1 2 3 ;
  INPUT ---        1 2 ;
  INPUT ---        1 ;

  INPUT ---    group=4 S    rows=7 cols=7 Triang ;
  INPUT ---        1 2 3 4 5 6 7 ;
  INPUT ---        1 2 3 4 5 6 ;
  INPUT ---        1 2 3 4 5 ;
  INPUT ---        1 2 3 4 ;
  INPUT ---        1 2 3 ;
  INPUT ---        1 2 ;
  INPUT ---        1 ;

  INPUT ---    group=5 S    rows=7 cols=7 Triang ;
  INPUT ---        1 2 3 4 5 6 7 ;
  INPUT ---        1 2 3 4 5 6 ;

  Program  MARK  - Survival Rate Estimation with Capture-Recapture Data
   gfortran(Win64) Vers. 8.0 Jun 2014   31-Jan-2015 13:37:38    Page  003
 - - - - - - - - - - - - - - - - - - - - - - - - - - - - - - - - - - - - - -
 
  INPUT ---        1 2 3 4 5 ;
  INPUT ---        1 2 3 4 ;
  INPUT ---        1 2 3 ;
  INPUT ---        1 2 ;
  INPUT ---        1 ;

  INPUT ---    group=6 S    rows=7 cols=7 Triang ;
  INPUT ---        1 2 3 4 5 6 7 ;
  INPUT ---        1 2 3 4 5 6 ;
  INPUT ---        1 2 3 4 5 ;
  INPUT ---        1 2 3 4 ;
  INPUT ---        1 2 3 ;
  INPUT ---        1 2 ;
  INPUT ---        1 ;

  INPUT ---    group=1 p    rows=6 cols=6 Triang ;
  INPUT ---        8 8 8 8 8 8 ;
  INPUT ---        8 8 8 8 8 ;
  INPUT ---        8 8 8 8 ;
  INPUT ---        8 8 8 ;
  INPUT ---        8 8 ;
  INPUT ---        8 ;

  INPUT ---    group=2 p    rows=6 cols=6 Triang ;
  INPUT ---        8 8 8 8 8 8 ;
  INPUT ---        8 8 8 8 8 ;
  INPUT ---        8 8 8 8 ;
  INPUT ---        8 8 8 ;
  INPUT ---        8 8 ;
  INPUT ---        8 ;

  INPUT ---    group=3 p    rows=6 cols=6 Triang ;
  INPUT ---        8 8 8 8 8 8 ;
  INPUT ---        8 8 8 8 8 ;
  INPUT ---        8 8 8 8 ;
  INPUT ---        8 8 8 ;
  INPUT ---        8 8 ;
  INPUT ---        8 ;

  INPUT ---    group=4 p    rows=6 cols=6 Triang ;
  INPUT ---        8 8 8 8 8 8 ;
  INPUT ---        8 8 8 8 8 ;
  INPUT ---        8 8 8 8 ;
  INPUT ---        8 8 8 ;
  INPUT ---        8 8 ;
  INPUT ---        8 ;

  Program  MARK  - Survival Rate Estimation with Capture-Recapture Data
   gfortran(Win64) Vers. 8.0 Jun 2014   31-Jan-2015 13:37:38    Page  004
 - - - - - - - - - - - - - - - - - - - - - - - - - - - - - - - - - - - - - -
 

  INPUT ---    group=5 p    rows=6 cols=6 Triang ;
  INPUT ---        8 8 8 8 8 8 ;
  INPUT ---        8 8 8 8 8 ;
  INPUT ---        8 8 8 8 ;
  INPUT ---        8 8 8 ;
  INPUT ---        8 8 ;
  INPUT ---        8 ;

  INPUT ---    group=6 p    rows=6 cols=6 Triang ;
  INPUT ---        8 8 8 8 8 8 ;
  INPUT ---        8 8 8 8 8 ;
  INPUT ---        8 8 8 8 ;
  INPUT ---        8 8 8 ;
  INPUT ---        8 8 ;
  INPUT ---        8 ;

  INPUT ---    group=1 r    rows=7 cols=7 Triang ;
  INPUT ---        9 9 9 9 9 9 9 ;
  INPUT ---        9 9 9 9 9 9 ;
  INPUT ---        9 9 9 9 9 ;
  INPUT ---        9 9 9 9 ;
  INPUT ---        9 9 9 ;
  INPUT ---        9 9 ;
  INPUT ---        9 ;

  INPUT ---    group=2 r    rows=7 cols=7 Triang ;
  INPUT ---        9 9 9 9 9 9 9 ;
  INPUT ---        9 9 9 9 9 9 ;
  INPUT ---        9 9 9 9 9 ;
  INPUT ---        9 9 9 9 ;
  INPUT ---        9 9 9 ;
  INPUT ---        9 9 ;
  INPUT ---        9 ;

  INPUT ---    group=3 r    rows=7 cols=7 Triang ;
  INPUT ---        9 9 9 9 9 9 9 ;
  INPUT ---        9 9 9 9 9 9 ;
  INPUT ---        9 9 9 9 9 ;
  INPUT ---        9 9 9 9 ;
  INPUT ---        9 9 9 ;
  INPUT ---        9 9 ;
  INPUT ---        9 ;

  INPUT ---    group=4 r    rows=7 cols=7 Triang ;
  INPUT ---        9 9 9 9 9 9 9 ;

  Program  MARK  - Survival Rate Estimation with Capture-Recapture Data
   gfortran(Win64) Vers. 8.0 Jun 2014   31-Jan-2015 13:37:38    Page  005
 - - - - - - - - - - - - - - - - - - - - - - - - - - - - - - - - - - - - - -
 
  INPUT ---        9 9 9 9 9 9 ;
  INPUT ---        9 9 9 9 9 ;
  INPUT ---        9 9 9 9 ;
  INPUT ---        9 9 9 ;
  INPUT ---        9 9 ;
  INPUT ---        9 ;

  INPUT ---    group=5 r    rows=7 cols=7 Triang ;
  INPUT ---        9 9 9 9 9 9 9 ;
  INPUT ---        9 9 9 9 9 9 ;
  INPUT ---        9 9 9 9 9 ;
  INPUT ---        9 9 9 9 ;
  INPUT ---        9 9 9 ;
  INPUT ---        9 9 ;
  INPUT ---        9 ;

  INPUT ---    group=6 r    rows=7 cols=7 Triang ;
  INPUT ---        9 9 9 9 9 9 9 ;
  INPUT ---        9 9 9 9 9 9 ;
  INPUT ---        9 9 9 9 9 ;
  INPUT ---        9 9 9 9 ;
  INPUT ---        9 9 9 ;
  INPUT ---        9 9 ;
  INPUT ---        9 ;

  INPUT ---    group=1 F    rows=6 cols=6 Triang ;
  INPUT ---        10 11 12 13 14 15 ;
  INPUT ---        10 11 12 13 14 ;
  INPUT ---        10 11 12 13 ;
  INPUT ---        10 11 12 ;
  INPUT ---        10 11 ;
  INPUT ---        10 ;

  INPUT ---    group=2 F    rows=6 cols=6 Triang ;
  INPUT ---        10 11 12 13 14 15 ;
  INPUT ---        10 11 12 13 14 ;
  INPUT ---        10 11 12 13 ;
  INPUT ---        10 11 12 ;
  INPUT ---        10 11 ;
  INPUT ---        10 ;

  INPUT ---    group=3 F    rows=6 cols=6 Triang ;
  INPUT ---        10 11 12 13 14 15 ;
  INPUT ---        10 11 12 13 14 ;
  INPUT ---        10 11 12 13 ;
  INPUT ---        10 11 12 ;

  Program  MARK  - Survival Rate Estimation with Capture-Recapture Data
   gfortran(Win64) Vers. 8.0 Jun 2014   31-Jan-2015 13:37:38    Page  006
 - - - - - - - - - - - - - - - - - - - - - - - - - - - - - - - - - - - - - -
 
  INPUT ---        10 11 ;
  INPUT ---        10 ;

  INPUT ---    group=4 F    rows=6 cols=6 Triang ;
  INPUT ---        10 11 12 13 14 15 ;
  INPUT ---        10 11 12 13 14 ;
  INPUT ---        10 11 12 13 ;
  INPUT ---        10 11 12 ;
  INPUT ---        10 11 ;
  INPUT ---        10 ;

  INPUT ---    group=5 F    rows=6 cols=6 Triang ;
  INPUT ---        10 11 12 13 14 15 ;
  INPUT ---        10 11 12 13 14 ;
  INPUT ---        10 11 12 13 ;
  INPUT ---        10 11 12 ;
  INPUT ---        10 11 ;
  INPUT ---        10 ;

  INPUT ---    group=6 F    rows=6 cols=6 Triang ;
  INPUT ---        10 11 12 13 14 15 ;
  INPUT ---        10 11 12 13 14 ;
  INPUT ---        10 11 12 13 ;
  INPUT ---        10 11 12 ;
  INPUT ---        10 11 ;
  INPUT ---        10 ;

  INPUT ---    design matrix constraints=15 covariates=15;
  INPUT ---        1 0 0 0 0 0 0 0 0 0 0 0 0 0 0;
  INPUT ---        1 1 0 0 0 0 0 0 0 0 0 0 0 0 0;
  INPUT ---        1 0 1 0 0 0 0 0 0 0 0 0 0 0 0;
  INPUT ---        1 0 0 1 0 0 0 0 0 0 0 0 0 0 0;
  INPUT ---        1 0 0 0 1 0 0 0 0 0 0 0 0 0 0;
  INPUT ---        1 0 0 0 0 1 0 0 0 0 0 0 0 0 0;
  INPUT ---        1 0 0 0 0 0 1 0 0 0 0 0 0 0 0;
  INPUT ---        0 0 0 0 0 0 0 1 0 0 0 0 0 0 0;
  INPUT ---        0 0 0 0 0 0 0 0 1 0 0 0 0 0 0;
  INPUT ---        0 0 0 0 0 0 0 0 0 1 0 0 0 0 0;
  INPUT ---        0 0 0 0 0 0 0 0 0 1 1 0 0 0 0;
  INPUT ---        0 0 0 0 0 0 0 0 0 1 0 1 0 0 0;
  INPUT ---        0 0 0 0 0 0 0 0 0 1 0 0 1 0 0;
  INPUT ---        0 0 0 0 0 0 0 0 0 1 0 0 0 1 0;
  INPUT ---        0 0 0 0 0 0 0 0 0 1 0 0 0 0 1;

  INPUT ---    blabel(1)=S:(Intercept);


  Program  MARK  - Survival Rate Estimation with Capture-Recapture Data
   gfortran(Win64) Vers. 8.0 Jun 2014   31-Jan-2015 13:37:38    Page  007
 - - - - - - - - - - - - - - - - - - - - - - - - - - - - - - - - - - - - - -
 
  INPUT ---    blabel(2)=S:age1;

  INPUT ---    blabel(3)=S:age2;

  INPUT ---    blabel(4)=S:age3;

  INPUT ---    blabel(5)=S:age4;

  INPUT ---    blabel(6)=S:age5;

  INPUT ---    blabel(7)=S:age6;

  INPUT ---    blabel(8)=p:(Intercept);

  INPUT ---    blabel(9)=r:(Intercept);

  INPUT ---    blabel(10)=F:(Intercept);

  INPUT ---    blabel(11)=F:age1;

  INPUT ---    blabel(12)=F:age2;

  INPUT ---    blabel(13)=F:age3;

  INPUT ---    blabel(14)=F:age4;

  INPUT ---    blabel(15)=F:age5;

  INPUT ---    rlabel(1)=S g41 c2005 c1 a0 t2005;

  INPUT ---    rlabel(2)=S g41 c2005 c1 a1 t2006;

  INPUT ---    rlabel(3)=S g41 c2005 c1 a2 t2007;

  INPUT ---    rlabel(4)=S g41 c2005 c1 a3 t2008;

  INPUT ---    rlabel(5)=S g41 c2005 c1 a4 t2009;

  INPUT ---    rlabel(6)=S g41 c2005 c1 a5 t2010;

  INPUT ---    rlabel(7)=S g41 c2005 c1 a6 t2011;

  INPUT ---    rlabel(8)=p g41 c2005 c1 a1 t2006;

  INPUT ---    rlabel(9)=r g41 c2005 c1 a0 t2005;


  Program  MARK  - Survival Rate Estimation with Capture-Recapture Data
   gfortran(Win64) Vers. 8.0 Jun 2014   31-Jan-2015 13:37:38    Page  008
 - - - - - - - - - - - - - - - - - - - - - - - - - - - - - - - - - - - - - -
 
  INPUT ---    rlabel(10)=F g41 c2005 c1 a0 t2005;

  INPUT ---    rlabel(11)=F g41 c2005 c1 a1 t2006;

  INPUT ---    rlabel(12)=F g41 c2005 c1 a2 t2007;

  INPUT ---    rlabel(13)=F g41 c2005 c1 a3 t2008;

  INPUT ---    rlabel(14)=F g41 c2005 c1 a4 t2009;

  INPUT ---    rlabel(15)=F g41 c2005 c1 a5 t2010;

 Link Function Used is LOGIT        

 Variance Estimation Procedure Used is 2ndPart 

 M(t+1):



 -2logL(saturated) = 1739.8188     
 Effective Sample Size = 7075

 Number of function evaluations was 49 for 15 parameters.
 Time for numerical optimization was 2.09 seconds.
 -2logL { S(~age)p(~1)r(~1)F(~age) } = 2689.4270     
 Penalty { S(~age)p(~1)r(~1)F(~age) } = -0.0000000    
 Gradient { S(~age)p(~1)r(~1)F(~age) }:
 -0.4587820E-03-0.7393794E-04 0.9747777E-06 0.4616642E-05 0.1228123E-05
  0.9180144E-06-0.1683170E-03-0.3728130E-03 0.1914562E-02-0.4376848E-04
  0.3546776E-04 0.6408110E-05 0.7530594E-05 0.9749732E-05 0.8523435E-05
 S Vector { S(~age)p(~1)r(~1)F(~age) }:
   286.1539      26.50832     0.9506487     0.7638105     0.8738165E-04
  0.2312762E-04 0.1010554E-04 0.3533637E-05 0.2714349E-05 0.2352404E-05
  0.1538441E-05 0.7168672E-06 0.3805142E-07 0.9377285E-08 0.2163333E-08
 Time to compute number of parameters was 0.37 seconds.
   Threshold =  0.3200000E-06     Condition index =  0.7560033E-11     New Threshold =  0.8378552E-08
 New Guessimate of Estimated Parameters { S(~age)p(~1)r(~1)F(~age) } = 9          
 Conditioned S Vector { S(~age)p(~1)r(~1)F(~age) }:
   1.000000     0.9263659E-01 0.3322159E-02 0.2669230E-02 0.3053660E-06
  0.8082232E-07 0.3531505E-07 0.1234873E-07 0.9485626E-08 0.8220765E-08
  0.5376271E-08 0.2505181E-08 0.1329754E-09 0.3277008E-10 0.7560033E-11
 Number of Estimated Parameters { S(~age)p(~1)r(~1)F(~age) } = 4          
 DEVIANCE { S(~age)p(~1)r(~1)F(~age) } = 949.60825                     
 DEVIANCE Degrees of Freedom { S(~age)p(~1)r(~1)F(~age) } = 11            
 c-hat { S(~age)p(~1)r(~1)F(~age) } = 86.328023                     
 AIC { S(~age)p(~1)r(~1)F(~age) } = 2697.4270                  
 AICc { S(~age)p(~1)r(~1)F(~age) } = 2697.4327                    
 BIC { S(~age)p(~1)r(~1)F(~age) } = 2724.8843                    
 Pearson Chisquare { S(~age)p(~1)r(~1)F(~age) } = Not a Number               
 Possible Encounter Histories { S(~age)p(~1)r(~1)F(~age) } = 896             
 Pearson Chisquare df { S(~age)p(~1)r(~1)F(~age) } = 856        
 Pearson chat { S(~age)p(~1)r(~1)F(~age) } = Not a Number               
 Sum(Observed/Expected) { S(~age)p(~1)r(~1)F(~age) } = Not a Number               
 Fletcher chat { S(~age)p(~1)r(~1)F(~age) } = Not a Number               

  Program  MARK  - Survival Rate Estimation with Capture-Recapture Data
   gfortran(Win64) Vers. 8.0 Jun 2014   31-Jan-2015 13:37:39    Page  009
 - - - - - - - - - - - - - - - - - - - - - - - - - - - - - - - - - - - - - -
 


                 LOGIT Link Function Parameters of { S(~age)p(~1)r(~1)F(~age) }
                                                              95% Confidence Interval
 Parameter                    Beta         Standard Error      Lower           Upper
 -------------------------  --------------  --------------  --------------  --------------
    1:S:(Intercept)         -4.1542700      0.6313691       -5.3917534      -2.9167866    
    2:S:age1                4.5353532       1.1313832       2.3178421       6.7528643     
    3:S:age2                45.651392       58.955445       -69.901283      161.20407     
    4:S:age3                18.700353       1173.8755       -2282.0958      2319.4965     
    5:S:age4                36.027831       5122.6964       -10004.457      10076.513     
    6:S:age5                48.535970       121.19928       -189.01462      286.08656     
    7:S:age6                -4.1332902      0.0000000       -4.1332902      -4.1332902    
    8:p:(Intercept)         -2.7812978      0.8485342       -4.4444249      -1.1181707    
    9:r:(Intercept)         -3.1091021      0.0596244       -3.2259659      -2.9922382    
   10:F:(Intercept)         10.428820       209.02257       -399.25542      420.11306     
   11:F:age1                2.8464287       319.03606       -622.46426      628.15712     
   12:F:age2                6.0964351       659.47546       -1286.4755      1298.6684     
   13:F:age3                5.0386655       577.54872       -1126.9568      1137.0342     
   14:F:age4                3.6642034       586.43075       -1145.7401      1153.0685     
   15:F:age5                4.3352591       804.90654       -1573.2816      1581.9521     


                 Real Function Parameters of { S(~age)p(~1)r(~1)F(~age) }
                                                               95% Confidence Interval
  Parameter                  Estimate       Standard Error      Lower           Upper
 --------------------------  --------------  --------------  --------------  --------------
     1:S g41 c2005 c1 a0 t2  0.0154547       0.0096068       0.0045333       0.0513300                           
     2:S g41 c2005 c1 a1 t2  0.5941343       0.2808616       0.1299062       0.9348659                           
     3:S g41 c2005 c1 a2 t2  1.0000000       0.0000000       1.0000000       1.0000000                           
     4:S g41 c2005 c1 a3 t2  0.9999995       0.5653769E-003  0.2047134E-297  1.0000000                           
     5:S g41 c2005 c1 a4 t2  1.0000000       0.7393536E-010  1.0000000       1.0000000                           
     6:S g41 c2005 c1 a5 t2  1.0000000       0.0000000       1.0000000       1.0000000                           
     7:S g41 c2005 c1 a6 t2  0.2515643E-003  0.0000000       0.2515643E-003  0.2515643E-003                      
     8:p g41 c2005 c1 a1 t2  0.0583432       0.0466179       0.0116075       0.2463508                           
     9:r g41 c2005 c1 a0 t2  0.0427334       0.0024391       0.0382002       0.0477778                           
    10:F g41 c2005 c1 a0 t2  0.9999704       0.0061800       0.4032498E-173  1.0000000                           
    11:F g41 c2005 c1 a1 t2  0.9999983       0.6744877E-003  0.5744202E-298  1.0000000                           
    12:F g41 c2005 c1 a2 t2  0.9999999       0.4588560E-004  0.1481459E-296  1.0000000                           
    13:F g41 c2005 c1 a3 t2  0.9999998       0.1175743E-003  0.5144060E-297  1.0000000                           
    14:F g41 c2005 c1 a4 t2  0.9999992       0.4746178E-003  0.1301322E-297  1.0000000                           
    15:F g41 c2005 c1 a5 t2  0.9999996       0.3193935E-003  0.2545778E-297  1.0000000                           

 Attempted ordering of parameters by estimatibility:
   9  1  8  2  7 10 11 13 14 12 15  4  5  6  3
 Beta number 3 is a singular value.

     CPU Time in seconds for last procedure was 2.48

  Program  MARK  - Survival Rate Estimation with Capture-Recapture Data
   gfortran(Win64) Vers. 8.0 Jun 2014   31-Jan-2015 13:37:39    Page  010
 - - - - - - - - - - - - - - - - - - - - - - - - - - - - - - - - - - - - - -
 


  INPUT --- proc stop;

     CPU Time in minutes for this job was 0.04

     Time Start = 13:37:38.556   Time End = 13:37:39.090

     Wall Clock Time in minutes for this job was 0.01


          E X E C U T I O N   S U C C E S S F U L 
