
   Program  MARK  - Survival Rate Estimation with Capture-Recapture Data
   gfortran(Win64) Vers. 8.0 Jun 2014   25-Jan-2015 15:10:32    Page  001
 - - - - - - - - - - - - - - - - - - - - - - - - - - - - - - - - - - - - - -
 
   This version was compiled by GCC version 4.8.1 using the options 
   -m64 -mtune=generic -march=x86-64 -mthreads -O2 -fimplicit-none -fbounds-check -funroll-loops -ftree-vectorize -fopenmp.
   This problem will use 7 of 8 possible threads.


  INPUT --- proc title ;

     CPU Time in seconds for last procedure was 0.00


  INPUT --- proc chmatrix occasions= 7 groups= 6 etype= Both ICMeans 
  INPUT --- NoHist hist= 51 ;

  INPUT ---    time  interval 1 1 1 1 1 1 1 ;

  INPUT ---    glabel(1)=sex4.age1;

  INPUT ---    glabel(2)=sex5.age1;

  INPUT ---    glabel(3)=sex4.age2;

  INPUT ---    glabel(4)=sex5.age2;

  INPUT ---    glabel(5)=sex4.age4;

  INPUT ---    glabel(6)=sex5.age4;

   * *  WARNING  * *   At least a pair of the encounter histories are duplicates. 

      Number of unique encounter histories read was 17.

      Number of individual covariates read was 0.
      Time interval lengths are all equal to 1.

      Data type number is 3
      Data type is Joint Live and Dead Encounters (Burnham)                                                            

     CPU Time in seconds for last procedure was 0.00

  Program  MARK  - Survival Rate Estimation with Capture-Recapture Data
   gfortran(Win64) Vers. 8.0 Jun 2014   25-Jan-2015 15:10:32    Page  002
 - - - - - - - - - - - - - - - - - - - - - - - - - - - - - - - - - - - - - -
 


  INPUT --- proc estimate link=Logit NOLOOP varest=2ndPart    ;


  INPUT --- model={ S(~age + time)p(~1)r(~1)F(~1) };

  INPUT ---    group=1 S    rows=7 cols=7 Triang ;
  INPUT ---        1 2 3 4 5 6 7 ;
  INPUT ---        8 9 10 11 12 13 ;
  INPUT ---        14 15 16 17 18 ;
  INPUT ---        19 20 21 22 ;
  INPUT ---        23 24 25 ;
  INPUT ---        26 27 ;
  INPUT ---        28 ;

  INPUT ---    group=2 S    rows=7 cols=7 Triang ;
  INPUT ---        1 2 3 4 5 6 7 ;
  INPUT ---        8 9 10 11 12 13 ;
  INPUT ---        14 15 16 17 18 ;
  INPUT ---        19 20 21 22 ;
  INPUT ---        23 24 25 ;
  INPUT ---        26 27 ;
  INPUT ---        28 ;

  INPUT ---    group=3 S    rows=7 cols=7 Triang ;
  INPUT ---        1 2 3 4 5 6 7 ;
  INPUT ---        8 9 10 11 12 13 ;
  INPUT ---        14 15 16 17 18 ;
  INPUT ---        19 20 21 22 ;
  INPUT ---        23 24 25 ;
  INPUT ---        26 27 ;
  INPUT ---        28 ;

  INPUT ---    group=4 S    rows=7 cols=7 Triang ;
  INPUT ---        1 2 3 4 5 6 7 ;
  INPUT ---        8 9 10 11 12 13 ;
  INPUT ---        14 15 16 17 18 ;
  INPUT ---        19 20 21 22 ;
  INPUT ---        23 24 25 ;
  INPUT ---        26 27 ;
  INPUT ---        28 ;

  INPUT ---    group=5 S    rows=7 cols=7 Triang ;
  INPUT ---        1 2 3 4 5 6 7 ;
  INPUT ---        8 9 10 11 12 13 ;

  Program  MARK  - Survival Rate Estimation with Capture-Recapture Data
   gfortran(Win64) Vers. 8.0 Jun 2014   25-Jan-2015 15:10:32    Page  003
 - - - - - - - - - - - - - - - - - - - - - - - - - - - - - - - - - - - - - -
 
  INPUT ---        14 15 16 17 18 ;
  INPUT ---        19 20 21 22 ;
  INPUT ---        23 24 25 ;
  INPUT ---        26 27 ;
  INPUT ---        28 ;

  INPUT ---    group=6 S    rows=7 cols=7 Triang ;
  INPUT ---        1 2 3 4 5 6 7 ;
  INPUT ---        8 9 10 11 12 13 ;
  INPUT ---        14 15 16 17 18 ;
  INPUT ---        19 20 21 22 ;
  INPUT ---        23 24 25 ;
  INPUT ---        26 27 ;
  INPUT ---        28 ;

  INPUT ---    group=1 p    rows=6 cols=6 Triang ;
  INPUT ---        29 29 29 29 29 29 ;
  INPUT ---        29 29 29 29 29 ;
  INPUT ---        29 29 29 29 ;
  INPUT ---        29 29 29 ;
  INPUT ---        29 29 ;
  INPUT ---        29 ;

  INPUT ---    group=2 p    rows=6 cols=6 Triang ;
  INPUT ---        29 29 29 29 29 29 ;
  INPUT ---        29 29 29 29 29 ;
  INPUT ---        29 29 29 29 ;
  INPUT ---        29 29 29 ;
  INPUT ---        29 29 ;
  INPUT ---        29 ;

  INPUT ---    group=3 p    rows=6 cols=6 Triang ;
  INPUT ---        29 29 29 29 29 29 ;
  INPUT ---        29 29 29 29 29 ;
  INPUT ---        29 29 29 29 ;
  INPUT ---        29 29 29 ;
  INPUT ---        29 29 ;
  INPUT ---        29 ;

  INPUT ---    group=4 p    rows=6 cols=6 Triang ;
  INPUT ---        29 29 29 29 29 29 ;
  INPUT ---        29 29 29 29 29 ;
  INPUT ---        29 29 29 29 ;
  INPUT ---        29 29 29 ;
  INPUT ---        29 29 ;
  INPUT ---        29 ;

  Program  MARK  - Survival Rate Estimation with Capture-Recapture Data
   gfortran(Win64) Vers. 8.0 Jun 2014   25-Jan-2015 15:10:32    Page  004
 - - - - - - - - - - - - - - - - - - - - - - - - - - - - - - - - - - - - - -
 

  INPUT ---    group=5 p    rows=6 cols=6 Triang ;
  INPUT ---        29 29 29 29 29 29 ;
  INPUT ---        29 29 29 29 29 ;
  INPUT ---        29 29 29 29 ;
  INPUT ---        29 29 29 ;
  INPUT ---        29 29 ;
  INPUT ---        29 ;

  INPUT ---    group=6 p    rows=6 cols=6 Triang ;
  INPUT ---        29 29 29 29 29 29 ;
  INPUT ---        29 29 29 29 29 ;
  INPUT ---        29 29 29 29 ;
  INPUT ---        29 29 29 ;
  INPUT ---        29 29 ;
  INPUT ---        29 ;

  INPUT ---    group=1 r    rows=7 cols=7 Triang ;
  INPUT ---        30 30 30 30 30 30 30 ;
  INPUT ---        30 30 30 30 30 30 ;
  INPUT ---        30 30 30 30 30 ;
  INPUT ---        30 30 30 30 ;
  INPUT ---        30 30 30 ;
  INPUT ---        30 30 ;
  INPUT ---        30 ;

  INPUT ---    group=2 r    rows=7 cols=7 Triang ;
  INPUT ---        30 30 30 30 30 30 30 ;
  INPUT ---        30 30 30 30 30 30 ;
  INPUT ---        30 30 30 30 30 ;
  INPUT ---        30 30 30 30 ;
  INPUT ---        30 30 30 ;
  INPUT ---        30 30 ;
  INPUT ---        30 ;

  INPUT ---    group=3 r    rows=7 cols=7 Triang ;
  INPUT ---        30 30 30 30 30 30 30 ;
  INPUT ---        30 30 30 30 30 30 ;
  INPUT ---        30 30 30 30 30 ;
  INPUT ---        30 30 30 30 ;
  INPUT ---        30 30 30 ;
  INPUT ---        30 30 ;
  INPUT ---        30 ;

  INPUT ---    group=4 r    rows=7 cols=7 Triang ;
  INPUT ---        30 30 30 30 30 30 30 ;

  Program  MARK  - Survival Rate Estimation with Capture-Recapture Data
   gfortran(Win64) Vers. 8.0 Jun 2014   25-Jan-2015 15:10:32    Page  005
 - - - - - - - - - - - - - - - - - - - - - - - - - - - - - - - - - - - - - -
 
  INPUT ---        30 30 30 30 30 30 ;
  INPUT ---        30 30 30 30 30 ;
  INPUT ---        30 30 30 30 ;
  INPUT ---        30 30 30 ;
  INPUT ---        30 30 ;
  INPUT ---        30 ;

  INPUT ---    group=5 r    rows=7 cols=7 Triang ;
  INPUT ---        30 30 30 30 30 30 30 ;
  INPUT ---        30 30 30 30 30 30 ;
  INPUT ---        30 30 30 30 30 ;
  INPUT ---        30 30 30 30 ;
  INPUT ---        30 30 30 ;
  INPUT ---        30 30 ;
  INPUT ---        30 ;

  INPUT ---    group=6 r    rows=7 cols=7 Triang ;
  INPUT ---        30 30 30 30 30 30 30 ;
  INPUT ---        30 30 30 30 30 30 ;
  INPUT ---        30 30 30 30 30 ;
  INPUT ---        30 30 30 30 ;
  INPUT ---        30 30 30 ;
  INPUT ---        30 30 ;
  INPUT ---        30 ;

  INPUT ---    group=1 F    rows=6 cols=6 Triang ;
  INPUT ---        31 31 31 31 31 31 ;
  INPUT ---        31 31 31 31 31 ;
  INPUT ---        31 31 31 31 ;
  INPUT ---        31 31 31 ;
  INPUT ---        31 31 ;
  INPUT ---        31 ;

  INPUT ---    group=2 F    rows=6 cols=6 Triang ;
  INPUT ---        31 31 31 31 31 31 ;
  INPUT ---        31 31 31 31 31 ;
  INPUT ---        31 31 31 31 ;
  INPUT ---        31 31 31 ;
  INPUT ---        31 31 ;
  INPUT ---        31 ;

  INPUT ---    group=3 F    rows=6 cols=6 Triang ;
  INPUT ---        31 31 31 31 31 31 ;
  INPUT ---        31 31 31 31 31 ;
  INPUT ---        31 31 31 31 ;
  INPUT ---        31 31 31 ;

  Program  MARK  - Survival Rate Estimation with Capture-Recapture Data
   gfortran(Win64) Vers. 8.0 Jun 2014   25-Jan-2015 15:10:32    Page  006
 - - - - - - - - - - - - - - - - - - - - - - - - - - - - - - - - - - - - - -
 
  INPUT ---        31 31 ;
  INPUT ---        31 ;

  INPUT ---    group=4 F    rows=6 cols=6 Triang ;
  INPUT ---        31 31 31 31 31 31 ;
  INPUT ---        31 31 31 31 31 ;
  INPUT ---        31 31 31 31 ;
  INPUT ---        31 31 31 ;
  INPUT ---        31 31 ;
  INPUT ---        31 ;

  INPUT ---    group=5 F    rows=6 cols=6 Triang ;
  INPUT ---        31 31 31 31 31 31 ;
  INPUT ---        31 31 31 31 31 ;
  INPUT ---        31 31 31 31 ;
  INPUT ---        31 31 31 ;
  INPUT ---        31 31 ;
  INPUT ---        31 ;

  INPUT ---    group=6 F    rows=6 cols=6 Triang ;
  INPUT ---        31 31 31 31 31 31 ;
  INPUT ---        31 31 31 31 31 ;
  INPUT ---        31 31 31 31 ;
  INPUT ---        31 31 31 ;
  INPUT ---        31 31 ;
  INPUT ---        31 ;

  INPUT ---    design matrix constraints=31 covariates=16;
  INPUT ---        1 0 0 0 0 0 0 0 0 0 0 0 0 0 0 0;
  INPUT ---        1 1 0 0 0 0 0 1 0 0 0 0 0 0 0 0;
  INPUT ---        1 0 1 0 0 0 0 0 1 0 0 0 0 0 0 0;
  INPUT ---        1 0 0 1 0 0 0 0 0 1 0 0 0 0 0 0;
  INPUT ---        1 0 0 0 1 0 0 0 0 0 1 0 0 0 0 0;
  INPUT ---        1 0 0 0 0 1 0 0 0 0 0 1 0 0 0 0;
  INPUT ---        1 0 0 0 0 0 1 0 0 0 0 0 1 0 0 0;
  INPUT ---        1 0 0 0 0 0 0 1 0 0 0 0 0 0 0 0;
  INPUT ---        1 1 0 0 0 0 0 0 1 0 0 0 0 0 0 0;
  INPUT ---        1 0 1 0 0 0 0 0 0 1 0 0 0 0 0 0;
  INPUT ---        1 0 0 1 0 0 0 0 0 0 1 0 0 0 0 0;
  INPUT ---        1 0 0 0 1 0 0 0 0 0 0 1 0 0 0 0;
  INPUT ---        1 0 0 0 0 1 0 0 0 0 0 0 1 0 0 0;
  INPUT ---        1 0 0 0 0 0 0 0 1 0 0 0 0 0 0 0;
  INPUT ---        1 1 0 0 0 0 0 0 0 1 0 0 0 0 0 0;
  INPUT ---        1 0 1 0 0 0 0 0 0 0 1 0 0 0 0 0;
  INPUT ---        1 0 0 1 0 0 0 0 0 0 0 1 0 0 0 0;
  INPUT ---        1 0 0 0 1 0 0 0 0 0 0 0 1 0 0 0;

  Program  MARK  - Survival Rate Estimation with Capture-Recapture Data
   gfortran(Win64) Vers. 8.0 Jun 2014   25-Jan-2015 15:10:32    Page  007
 - - - - - - - - - - - - - - - - - - - - - - - - - - - - - - - - - - - - - -
 
  INPUT ---        1 0 0 0 0 0 0 0 0 1 0 0 0 0 0 0;
  INPUT ---        1 1 0 0 0 0 0 0 0 0 1 0 0 0 0 0;
  INPUT ---        1 0 1 0 0 0 0 0 0 0 0 1 0 0 0 0;
  INPUT ---        1 0 0 1 0 0 0 0 0 0 0 0 1 0 0 0;
  INPUT ---        1 0 0 0 0 0 0 0 0 0 1 0 0 0 0 0;
  INPUT ---        1 1 0 0 0 0 0 0 0 0 0 1 0 0 0 0;
  INPUT ---        1 0 1 0 0 0 0 0 0 0 0 0 1 0 0 0;
  INPUT ---        1 0 0 0 0 0 0 0 0 0 0 1 0 0 0 0;
  INPUT ---        1 1 0 0 0 0 0 0 0 0 0 0 1 0 0 0;
  INPUT ---        1 0 0 0 0 0 0 0 0 0 0 0 1 0 0 0;
  INPUT ---        0 0 0 0 0 0 0 0 0 0 0 0 0 1 0 0;
  INPUT ---        0 0 0 0 0 0 0 0 0 0 0 0 0 0 1 0;
  INPUT ---        0 0 0 0 0 0 0 0 0 0 0 0 0 0 0 1;

  INPUT ---    blabel(1)=S:(Intercept);

  INPUT ---    blabel(2)=S:age1;

  INPUT ---    blabel(3)=S:age2;

  INPUT ---    blabel(4)=S:age3;

  INPUT ---    blabel(5)=S:age4;

  INPUT ---    blabel(6)=S:age5;

  INPUT ---    blabel(7)=S:age6;

  INPUT ---    blabel(8)=S:time2006;

  INPUT ---    blabel(9)=S:time2007;

  INPUT ---    blabel(10)=S:time2008;

  INPUT ---    blabel(11)=S:time2009;

  INPUT ---    blabel(12)=S:time2010;

  INPUT ---    blabel(13)=S:time2011;

  INPUT ---    blabel(14)=p:(Intercept);

  INPUT ---    blabel(15)=r:(Intercept);

  INPUT ---    blabel(16)=F:(Intercept);


  Program  MARK  - Survival Rate Estimation with Capture-Recapture Data
   gfortran(Win64) Vers. 8.0 Jun 2014   25-Jan-2015 15:10:32    Page  008
 - - - - - - - - - - - - - - - - - - - - - - - - - - - - - - - - - - - - - -
 
  INPUT ---    rlabel(1)=S g41 c2005 c1 a0 t2005;

  INPUT ---    rlabel(2)=S g41 c2005 c1 a1 t2006;

  INPUT ---    rlabel(3)=S g41 c2005 c1 a2 t2007;

  INPUT ---    rlabel(4)=S g41 c2005 c1 a3 t2008;

  INPUT ---    rlabel(5)=S g41 c2005 c1 a4 t2009;

  INPUT ---    rlabel(6)=S g41 c2005 c1 a5 t2010;

  INPUT ---    rlabel(7)=S g41 c2005 c1 a6 t2011;

  INPUT ---    rlabel(8)=S g41 c2006 c2 a0 t2006;

  INPUT ---    rlabel(9)=S g41 c2006 c2 a1 t2007;

  INPUT ---    rlabel(10)=S g41 c2006 c2 a2 t2008;

  INPUT ---    rlabel(11)=S g41 c2006 c2 a3 t2009;

  INPUT ---    rlabel(12)=S g41 c2006 c2 a4 t2010;

  INPUT ---    rlabel(13)=S g41 c2006 c2 a5 t2011;

  INPUT ---    rlabel(14)=S g41 c2007 c3 a0 t2007;

  INPUT ---    rlabel(15)=S g41 c2007 c3 a1 t2008;

  INPUT ---    rlabel(16)=S g41 c2007 c3 a2 t2009;

  INPUT ---    rlabel(17)=S g41 c2007 c3 a3 t2010;

  INPUT ---    rlabel(18)=S g41 c2007 c3 a4 t2011;

  INPUT ---    rlabel(19)=S g41 c2008 c4 a0 t2008;

  INPUT ---    rlabel(20)=S g41 c2008 c4 a1 t2009;

  INPUT ---    rlabel(21)=S g41 c2008 c4 a2 t2010;

  INPUT ---    rlabel(22)=S g41 c2008 c4 a3 t2011;

  INPUT ---    rlabel(23)=S g41 c2009 c5 a0 t2009;


  Program  MARK  - Survival Rate Estimation with Capture-Recapture Data
   gfortran(Win64) Vers. 8.0 Jun 2014   25-Jan-2015 15:10:32    Page  009
 - - - - - - - - - - - - - - - - - - - - - - - - - - - - - - - - - - - - - -
 
  INPUT ---    rlabel(24)=S g41 c2009 c5 a1 t2010;

  INPUT ---    rlabel(25)=S g41 c2009 c5 a2 t2011;

  INPUT ---    rlabel(26)=S g41 c2010 c6 a0 t2010;

  INPUT ---    rlabel(27)=S g41 c2010 c6 a1 t2011;

  INPUT ---    rlabel(28)=S g41 c2011 c7 a0 t2011;

  INPUT ---    rlabel(29)=p g41 c2005 c1 a1 t2006;

  INPUT ---    rlabel(30)=r g41 c2005 c1 a0 t2005;

  INPUT ---    rlabel(31)=F g41 c2005 c1 a0 t2005;

 Link Function Used is LOGIT        

 Variance Estimation Procedure Used is 2ndPart 

 M(t+1):



 -2logL(saturated) = 1739.8188     
 Effective Sample Size = 7075

 Number of function evaluations was 124 for 16 parameters.
 Time for numerical optimization was 2.07 seconds.
 -2logL { S(~age + time)p(~1)r(~1)F(~1) } = 2578.6016     
 Penalty { S(~age + time)p(~1)r(~1)F(~1) } = -0.0000000    
 Gradient { S(~age + time)p(~1)r(~1)F(~1) }:
   0.000000    -0.1200610E-04  0.000000    -0.7541861E-05 0.1295291E-04
  0.1032045E-04 0.2051541E-04  0.000000    -0.3376575E-04-0.7594049E-05
   0.000000     0.6488183E-06-0.1140813E-04-0.4448059E-04-0.2064843E-03
 -0.3051033E-05
 S Vector { S(~age + time)p(~1)r(~1)F(~1) }:
   284.2916      14.31578      3.391604      1.201210     0.8144359    
  0.1110874     0.1199253E-04 0.3957850E-05 0.3318202E-05 0.2468259E-05
  0.1897919E-05 0.9800382E-06 0.3349943E-06 0.2291453E-07 0.1850675E-07
  0.1443438E-07
 Time to compute number of parameters was 0.33 seconds.
   Threshold =  0.3400000E-06     Condition index =  0.5077313E-10     New Threshold =  0.5773750E-07
 New Guessimate of Estimated Parameters { S(~age + time)p(~1)r(~1)F(~1) } = 6          
 Conditioned S Vector { S(~age + time)p(~1)r(~1)F(~1) }:
   1.000000     0.5035595E-01 0.1193002E-01 0.4225273E-02 0.2864790E-02
  0.3907517E-03 0.4218389E-07 0.1392180E-07 0.1167182E-07 0.8682138E-08
  0.6675960E-08 0.3447299E-08 0.1178347E-08 0.8060220E-10 0.6509777E-10
  0.5077313E-10
 Number of Estimated Parameters { S(~age + time)p(~1)r(~1)F(~1) } = 6          
 DEVIANCE { S(~age + time)p(~1)r(~1)F(~1) } = 838.78289                     
 DEVIANCE Degrees of Freedom { S(~age + time)p(~1)r(~1)F(~1) } = 9            
 c-hat { S(~age + time)p(~1)r(~1)F(~1) } = 93.198099                     
 AIC { S(~age + time)p(~1)r(~1)F(~1) } = 2590.6016                  
 AICc { S(~age + time)p(~1)r(~1)F(~1) } = 2590.6135                    
 BIC { S(~age + time)p(~1)r(~1)F(~1) } = 2631.7876                    
 Pearson Chisquare { S(~age + time)p(~1)r(~1)F(~1) } = Not a Number               
 Possible Encounter Histories { S(~age + time)p(~1)r(~1)F(~1) } = 896             
 Pearson Chisquare df { S(~age + time)p(~1)r(~1)F(~1) } = 854        
 Pearson chat { S(~age + time)p(~1)r(~1)F(~1) } = Not a Number               
 Sum(Observed/Expected) { S(~age + time)p(~1)r(~1)F(~1) } = Not a Number               
 Fletcher chat { S(~age + time)p(~1)r(~1)F(~1) } = Not a Number               

  Program  MARK  - Survival Rate Estimation with Capture-Recapture Data
   gfortran(Win64) Vers. 8.0 Jun 2014   25-Jan-2015 15:10:33    Page  010
 - - - - - - - - - - - - - - - - - - - - - - - - - - - - - - - - - - - - - -
 


              LOGIT Link Function Parameters of { S(~age + time)p(~1)r(~1)F(~1) }
                                                              95% Confidence Interval
 Parameter                    Beta         Standard Error      Lower           Upper
 -------------------------  --------------  --------------  --------------  --------------
    1:S:(Intercept)         -0.3378129      1.3921260       -3.0663799      2.3907541     
    2:S:age1                70.965092       0.0000000       70.965092       70.965092     
    3:S:age2                14.031614       1727.5160       -3371.8998      3399.9630     
    4:S:age3                47.237147       714.31739       -1352.8250      1447.2993     
    5:S:age4                2.5107748       0.0000000       2.5107748       2.5107748     
    6:S:age5                3.4062728       0.0000000       3.4062728       3.4062728     
    7:S:age6                1.2166130       0.0000000       1.2166130       1.2166130     
    8:S:time2006            -43.528490      0.0000000       -43.528490      -43.528490    
    9:S:time2007            -0.3467711      1.4880081       -3.2632669      2.5697248     
   10:S:time2008            -46.905652      714.31794       -1446.9688      1353.1575     
   11:S:time2009            55.352165       0.0000000       55.352165       55.352165     
   12:S:time2010            69.088552       0.0000000       69.088552       69.088552     
   13:S:time2011            -66.764895      0.0000000       -66.764895      -66.764895    
   14:p:(Intercept)         -6.1564514      0.4086833       -6.9574706      -5.3554321    
   15:r:(Intercept)         -2.9642005      0.0594043       -3.0806328      -2.8477681    
   16:F:(Intercept)         13.904702       629.74679       -1220.3990      1248.2084     


              Real Function Parameters of { S(~age + time)p(~1)r(~1)F(~1) }
                                                               95% Confidence Interval
  Parameter                  Estimate       Standard Error      Lower           Upper
 --------------------------  --------------  --------------  --------------  --------------
     1:S g41 c2005 c1 a0 t2  0.4163408       0.3382882       0.0445155       0.9161195                           
     2:S g41 c2005 c1 a1 t2  1.0000000       0.0000000       1.0000000       1.0000000                           
     3:S g41 c2005 c1 a2 t2  0.9999984       0.0027598       0.6171689E-298  1.0000000                           
     4:S g41 c2005 c1 a3 t2  0.4984206       0.6085258       0.0083492       0.9915456                           
     5:S g41 c2005 c1 a4 t2  1.0000000       0.0000000       1.0000000       1.0000000                           
     6:S g41 c2005 c1 a5 t2  1.0000000       0.0000000       1.0000000       1.0000000                           
     7:S g41 c2005 c1 a6 t2  0.2432385E-028  0.0000000       0.2432385E-028  0.2432385E-028                      
     8:S g41 c2006 c2 a0 t2  0.8894198E-019  0.0000000       0.8894198E-019  0.8894198E-019                      
     9:S g41 c2006 c2 a1 t2  1.0000000       0.0000000       1.0000000       1.0000000                           
    10:S g41 c2006 c2 a2 t2  0.3769436E-014  0.7005339E-011  -.1372670E-010  0.1373423E-010                      
    11:S g41 c2006 c2 a3 t2  1.0000000       0.0000000       1.0000000       1.0000000                           
    12:S g41 c2006 c2 a4 t2  1.0000000       0.0000000       1.0000000       1.0000000                           
    13:S g41 c2006 c2 a5 t2  0.2172649E-027  0.0000000       0.2172649E-027  0.2172649E-027                      
    14:S g41 c2007 c3 a0 t2  0.3352390       0.2364951       0.0592696       0.8014516                           
    15:S g41 c2007 c3 a1 t2  1.0000000       0.3413031E-007  0.9999999       1.0000001                           
    16:S g41 c2007 c3 a2 t2  1.0000000       0.0000000       1.0000000       1.0000000                           
    17:S g41 c2007 c3 a3 t2  1.0000000       0.0000000       1.0000000       1.0000000                           
    18:S g41 c2007 c3 a4 t2  0.8873187E-028  0.0000000       0.8873187E-028  0.8873187E-028                      

  Program  MARK  - Survival Rate Estimation with Capture-Recapture Data
   gfortran(Win64) Vers. 8.0 Jun 2014   25-Jan-2015 15:10:33    Page  011
 - - - - - - - - - - - - - - - - - - - - - - - - - - - - - - - - - - - - - -
 
    19:S g41 c2008 c4 a0 t2  0.3036854E-020  0.2169275E-017  -.4248743E-017  0.4254816E-017                      
    20:S g41 c2008 c4 a1 t2  1.0000000       0.0000000       1.0000000       1.0000000                           
    21:S g41 c2008 c4 a2 t2  1.0000000       0.0000000       1.0000000       1.0000000                           
    22:S g41 c2008 c4 a3 t2  0.2357743E-008  0.1613644E-005  -.3160384E-005  0.3165100E-005                      
    23:S g41 c2009 c5 a0 t2  1.0000000       0.0000000       1.0000000       1.0000000                           
    24:S g41 c2009 c5 a1 t2  1.0000000       0.0000000       1.0000000       1.0000000                           
    25:S g41 c2009 c5 a2 t2  0.8943684E-023  0.1533865E-019  -.3005480E-019  0.3007269E-019                      
    26:S g41 c2010 c6 a0 t2  1.0000000       0.0000000       1.0000000       1.0000000                           
    27:S g41 c2010 c6 a1 t2  0.9794148       0.0206075       0.8651827       0.9971731                           
    28:S g41 c2011 c7 a0 t2  0.7205498E-029  0.0000000       0.7205498E-029  0.7205498E-029                      
    29:p g41 c2005 c1 a1 t2  0.0021153       0.8626503E-003  0.9505958E-003  0.0047002                           
    30:r g41 c2005 c1 a0 t2  0.0490696       0.0027719       0.0439132       0.0547968                           
    31:F g41 c2005 c1 a0 t2  0.9999991       0.5760099E-003  0.1077948E-297  1.0000000                           

 Attempted ordering of parameters by estimatibility:
  15 14  1  9 13  4  2  6  5 16  7 10  3 11  8 12
 Beta number 12 is a singular value.

     CPU Time in seconds for last procedure was 2.42


  INPUT --- proc stop;

     CPU Time in minutes for this job was 0.04

     Time Start = 15:10:32.580   Time End = 15:10:33.192

     Wall Clock Time in minutes for this job was 0.01


          E X E C U T I O N   S U C C E S S F U L 
