
   Program  MARK  - Survival Rate Estimation with Capture-Recapture Data
   gfortran(Win64) Vers. 8.0 Jun 2014   25-Jan-2015 15:09:48    Page  001
 - - - - - - - - - - - - - - - - - - - - - - - - - - - - - - - - - - - - - -
 
   This version was compiled by GCC version 4.8.1 using the options 
   -m64 -mtune=generic -march=x86-64 -mthreads -O2 -fimplicit-none -fbounds-check -funroll-loops -ftree-vectorize -fopenmp.
   This problem will use 7 of 8 possible threads.


  INPUT --- proc title ;

     CPU Time in seconds for last procedure was 0.00


  INPUT --- proc chmatrix occasions= 7 groups= 6 etype= Both ICMeans 
  INPUT --- NoHist hist= 51 ;

  INPUT ---    time  interval 1 1 1 1 1 1 1 ;

  INPUT ---    glabel(1)=sex4.age1;

  INPUT ---    glabel(2)=sex5.age1;

  INPUT ---    glabel(3)=sex4.age2;

  INPUT ---    glabel(4)=sex5.age2;

  INPUT ---    glabel(5)=sex4.age4;

  INPUT ---    glabel(6)=sex5.age4;

   * *  WARNING  * *   At least a pair of the encounter histories are duplicates. 

      Number of unique encounter histories read was 17.

      Number of individual covariates read was 0.
      Time interval lengths are all equal to 1.

      Data type number is 3
      Data type is Joint Live and Dead Encounters (Burnham)                                                            

     CPU Time in seconds for last procedure was 0.02

  Program  MARK  - Survival Rate Estimation with Capture-Recapture Data
   gfortran(Win64) Vers. 8.0 Jun 2014   25-Jan-2015 15:09:48    Page  002
 - - - - - - - - - - - - - - - - - - - - - - - - - - - - - - - - - - - - - -
 


  INPUT --- proc estimate link=Logit NOLOOP varest=2ndPart    ;


  INPUT --- model={ S(~age + time)p(~1)r(~age)F(~1) };

  INPUT ---    group=1 S    rows=7 cols=7 Triang ;
  INPUT ---        1 2 3 4 5 6 7 ;
  INPUT ---        8 9 10 11 12 13 ;
  INPUT ---        14 15 16 17 18 ;
  INPUT ---        19 20 21 22 ;
  INPUT ---        23 24 25 ;
  INPUT ---        26 27 ;
  INPUT ---        28 ;

  INPUT ---    group=2 S    rows=7 cols=7 Triang ;
  INPUT ---        1 2 3 4 5 6 7 ;
  INPUT ---        8 9 10 11 12 13 ;
  INPUT ---        14 15 16 17 18 ;
  INPUT ---        19 20 21 22 ;
  INPUT ---        23 24 25 ;
  INPUT ---        26 27 ;
  INPUT ---        28 ;

  INPUT ---    group=3 S    rows=7 cols=7 Triang ;
  INPUT ---        1 2 3 4 5 6 7 ;
  INPUT ---        8 9 10 11 12 13 ;
  INPUT ---        14 15 16 17 18 ;
  INPUT ---        19 20 21 22 ;
  INPUT ---        23 24 25 ;
  INPUT ---        26 27 ;
  INPUT ---        28 ;

  INPUT ---    group=4 S    rows=7 cols=7 Triang ;
  INPUT ---        1 2 3 4 5 6 7 ;
  INPUT ---        8 9 10 11 12 13 ;
  INPUT ---        14 15 16 17 18 ;
  INPUT ---        19 20 21 22 ;
  INPUT ---        23 24 25 ;
  INPUT ---        26 27 ;
  INPUT ---        28 ;

  INPUT ---    group=5 S    rows=7 cols=7 Triang ;
  INPUT ---        1 2 3 4 5 6 7 ;
  INPUT ---        8 9 10 11 12 13 ;

  Program  MARK  - Survival Rate Estimation with Capture-Recapture Data
   gfortran(Win64) Vers. 8.0 Jun 2014   25-Jan-2015 15:09:48    Page  003
 - - - - - - - - - - - - - - - - - - - - - - - - - - - - - - - - - - - - - -
 
  INPUT ---        14 15 16 17 18 ;
  INPUT ---        19 20 21 22 ;
  INPUT ---        23 24 25 ;
  INPUT ---        26 27 ;
  INPUT ---        28 ;

  INPUT ---    group=6 S    rows=7 cols=7 Triang ;
  INPUT ---        1 2 3 4 5 6 7 ;
  INPUT ---        8 9 10 11 12 13 ;
  INPUT ---        14 15 16 17 18 ;
  INPUT ---        19 20 21 22 ;
  INPUT ---        23 24 25 ;
  INPUT ---        26 27 ;
  INPUT ---        28 ;

  INPUT ---    group=1 p    rows=6 cols=6 Triang ;
  INPUT ---        29 29 29 29 29 29 ;
  INPUT ---        29 29 29 29 29 ;
  INPUT ---        29 29 29 29 ;
  INPUT ---        29 29 29 ;
  INPUT ---        29 29 ;
  INPUT ---        29 ;

  INPUT ---    group=2 p    rows=6 cols=6 Triang ;
  INPUT ---        29 29 29 29 29 29 ;
  INPUT ---        29 29 29 29 29 ;
  INPUT ---        29 29 29 29 ;
  INPUT ---        29 29 29 ;
  INPUT ---        29 29 ;
  INPUT ---        29 ;

  INPUT ---    group=3 p    rows=6 cols=6 Triang ;
  INPUT ---        29 29 29 29 29 29 ;
  INPUT ---        29 29 29 29 29 ;
  INPUT ---        29 29 29 29 ;
  INPUT ---        29 29 29 ;
  INPUT ---        29 29 ;
  INPUT ---        29 ;

  INPUT ---    group=4 p    rows=6 cols=6 Triang ;
  INPUT ---        29 29 29 29 29 29 ;
  INPUT ---        29 29 29 29 29 ;
  INPUT ---        29 29 29 29 ;
  INPUT ---        29 29 29 ;
  INPUT ---        29 29 ;
  INPUT ---        29 ;

  Program  MARK  - Survival Rate Estimation with Capture-Recapture Data
   gfortran(Win64) Vers. 8.0 Jun 2014   25-Jan-2015 15:09:48    Page  004
 - - - - - - - - - - - - - - - - - - - - - - - - - - - - - - - - - - - - - -
 

  INPUT ---    group=5 p    rows=6 cols=6 Triang ;
  INPUT ---        29 29 29 29 29 29 ;
  INPUT ---        29 29 29 29 29 ;
  INPUT ---        29 29 29 29 ;
  INPUT ---        29 29 29 ;
  INPUT ---        29 29 ;
  INPUT ---        29 ;

  INPUT ---    group=6 p    rows=6 cols=6 Triang ;
  INPUT ---        29 29 29 29 29 29 ;
  INPUT ---        29 29 29 29 29 ;
  INPUT ---        29 29 29 29 ;
  INPUT ---        29 29 29 ;
  INPUT ---        29 29 ;
  INPUT ---        29 ;

  INPUT ---    group=1 r    rows=7 cols=7 Triang ;
  INPUT ---        30 31 32 33 34 35 36 ;
  INPUT ---        30 31 32 33 34 35 ;
  INPUT ---        30 31 32 33 34 ;
  INPUT ---        30 31 32 33 ;
  INPUT ---        30 31 32 ;
  INPUT ---        30 31 ;
  INPUT ---        30 ;

  INPUT ---    group=2 r    rows=7 cols=7 Triang ;
  INPUT ---        30 31 32 33 34 35 36 ;
  INPUT ---        30 31 32 33 34 35 ;
  INPUT ---        30 31 32 33 34 ;
  INPUT ---        30 31 32 33 ;
  INPUT ---        30 31 32 ;
  INPUT ---        30 31 ;
  INPUT ---        30 ;

  INPUT ---    group=3 r    rows=7 cols=7 Triang ;
  INPUT ---        30 31 32 33 34 35 36 ;
  INPUT ---        30 31 32 33 34 35 ;
  INPUT ---        30 31 32 33 34 ;
  INPUT ---        30 31 32 33 ;
  INPUT ---        30 31 32 ;
  INPUT ---        30 31 ;
  INPUT ---        30 ;

  INPUT ---    group=4 r    rows=7 cols=7 Triang ;
  INPUT ---        30 31 32 33 34 35 36 ;

  Program  MARK  - Survival Rate Estimation with Capture-Recapture Data
   gfortran(Win64) Vers. 8.0 Jun 2014   25-Jan-2015 15:09:48    Page  005
 - - - - - - - - - - - - - - - - - - - - - - - - - - - - - - - - - - - - - -
 
  INPUT ---        30 31 32 33 34 35 ;
  INPUT ---        30 31 32 33 34 ;
  INPUT ---        30 31 32 33 ;
  INPUT ---        30 31 32 ;
  INPUT ---        30 31 ;
  INPUT ---        30 ;

  INPUT ---    group=5 r    rows=7 cols=7 Triang ;
  INPUT ---        30 31 32 33 34 35 36 ;
  INPUT ---        30 31 32 33 34 35 ;
  INPUT ---        30 31 32 33 34 ;
  INPUT ---        30 31 32 33 ;
  INPUT ---        30 31 32 ;
  INPUT ---        30 31 ;
  INPUT ---        30 ;

  INPUT ---    group=6 r    rows=7 cols=7 Triang ;
  INPUT ---        30 31 32 33 34 35 36 ;
  INPUT ---        30 31 32 33 34 35 ;
  INPUT ---        30 31 32 33 34 ;
  INPUT ---        30 31 32 33 ;
  INPUT ---        30 31 32 ;
  INPUT ---        30 31 ;
  INPUT ---        30 ;

  INPUT ---    group=1 F    rows=6 cols=6 Triang ;
  INPUT ---        37 37 37 37 37 37 ;
  INPUT ---        37 37 37 37 37 ;
  INPUT ---        37 37 37 37 ;
  INPUT ---        37 37 37 ;
  INPUT ---        37 37 ;
  INPUT ---        37 ;

  INPUT ---    group=2 F    rows=6 cols=6 Triang ;
  INPUT ---        37 37 37 37 37 37 ;
  INPUT ---        37 37 37 37 37 ;
  INPUT ---        37 37 37 37 ;
  INPUT ---        37 37 37 ;
  INPUT ---        37 37 ;
  INPUT ---        37 ;

  INPUT ---    group=3 F    rows=6 cols=6 Triang ;
  INPUT ---        37 37 37 37 37 37 ;
  INPUT ---        37 37 37 37 37 ;
  INPUT ---        37 37 37 37 ;
  INPUT ---        37 37 37 ;

  Program  MARK  - Survival Rate Estimation with Capture-Recapture Data
   gfortran(Win64) Vers. 8.0 Jun 2014   25-Jan-2015 15:09:48    Page  006
 - - - - - - - - - - - - - - - - - - - - - - - - - - - - - - - - - - - - - -
 
  INPUT ---        37 37 ;
  INPUT ---        37 ;

  INPUT ---    group=4 F    rows=6 cols=6 Triang ;
  INPUT ---        37 37 37 37 37 37 ;
  INPUT ---        37 37 37 37 37 ;
  INPUT ---        37 37 37 37 ;
  INPUT ---        37 37 37 ;
  INPUT ---        37 37 ;
  INPUT ---        37 ;

  INPUT ---    group=5 F    rows=6 cols=6 Triang ;
  INPUT ---        37 37 37 37 37 37 ;
  INPUT ---        37 37 37 37 37 ;
  INPUT ---        37 37 37 37 ;
  INPUT ---        37 37 37 ;
  INPUT ---        37 37 ;
  INPUT ---        37 ;

  INPUT ---    group=6 F    rows=6 cols=6 Triang ;
  INPUT ---        37 37 37 37 37 37 ;
  INPUT ---        37 37 37 37 37 ;
  INPUT ---        37 37 37 37 ;
  INPUT ---        37 37 37 ;
  INPUT ---        37 37 ;
  INPUT ---        37 ;

  INPUT ---    design matrix constraints=37 covariates=22;
  INPUT ---        1 0 0 0 0 0 0 0 0 0 0 0 0 0 0 0 0 0 0 0 0 0;
  INPUT ---        1 1 0 0 0 0 0 1 0 0 0 0 0 0 0 0 0 0 0 0 0 0;
  INPUT ---        1 0 1 0 0 0 0 0 1 0 0 0 0 0 0 0 0 0 0 0 0 0;
  INPUT ---        1 0 0 1 0 0 0 0 0 1 0 0 0 0 0 0 0 0 0 0 0 0;
  INPUT ---        1 0 0 0 1 0 0 0 0 0 1 0 0 0 0 0 0 0 0 0 0 0;
  INPUT ---        1 0 0 0 0 1 0 0 0 0 0 1 0 0 0 0 0 0 0 0 0 0;
  INPUT ---        1 0 0 0 0 0 1 0 0 0 0 0 1 0 0 0 0 0 0 0 0 0;
  INPUT ---        1 0 0 0 0 0 0 1 0 0 0 0 0 0 0 0 0 0 0 0 0 0;
  INPUT ---        1 1 0 0 0 0 0 0 1 0 0 0 0 0 0 0 0 0 0 0 0 0;
  INPUT ---        1 0 1 0 0 0 0 0 0 1 0 0 0 0 0 0 0 0 0 0 0 0;
  INPUT ---        1 0 0 1 0 0 0 0 0 0 1 0 0 0 0 0 0 0 0 0 0 0;
  INPUT ---        1 0 0 0 1 0 0 0 0 0 0 1 0 0 0 0 0 0 0 0 0 0;
  INPUT ---        1 0 0 0 0 1 0 0 0 0 0 0 1 0 0 0 0 0 0 0 0 0;
  INPUT ---        1 0 0 0 0 0 0 0 1 0 0 0 0 0 0 0 0 0 0 0 0 0;
  INPUT ---        1 1 0 0 0 0 0 0 0 1 0 0 0 0 0 0 0 0 0 0 0 0;
  INPUT ---        1 0 1 0 0 0 0 0 0 0 1 0 0 0 0 0 0 0 0 0 0 0;
  INPUT ---        1 0 0 1 0 0 0 0 0 0 0 1 0 0 0 0 0 0 0 0 0 0;
  INPUT ---        1 0 0 0 1 0 0 0 0 0 0 0 1 0 0 0 0 0 0 0 0 0;

  Program  MARK  - Survival Rate Estimation with Capture-Recapture Data
   gfortran(Win64) Vers. 8.0 Jun 2014   25-Jan-2015 15:09:48    Page  007
 - - - - - - - - - - - - - - - - - - - - - - - - - - - - - - - - - - - - - -
 
  INPUT ---        1 0 0 0 0 0 0 0 0 1 0 0 0 0 0 0 0 0 0 0 0 0;
  INPUT ---        1 1 0 0 0 0 0 0 0 0 1 0 0 0 0 0 0 0 0 0 0 0;
  INPUT ---        1 0 1 0 0 0 0 0 0 0 0 1 0 0 0 0 0 0 0 0 0 0;
  INPUT ---        1 0 0 1 0 0 0 0 0 0 0 0 1 0 0 0 0 0 0 0 0 0;
  INPUT ---        1 0 0 0 0 0 0 0 0 0 1 0 0 0 0 0 0 0 0 0 0 0;
  INPUT ---        1 1 0 0 0 0 0 0 0 0 0 1 0 0 0 0 0 0 0 0 0 0;
  INPUT ---        1 0 1 0 0 0 0 0 0 0 0 0 1 0 0 0 0 0 0 0 0 0;
  INPUT ---        1 0 0 0 0 0 0 0 0 0 0 1 0 0 0 0 0 0 0 0 0 0;
  INPUT ---        1 1 0 0 0 0 0 0 0 0 0 0 1 0 0 0 0 0 0 0 0 0;
  INPUT ---        1 0 0 0 0 0 0 0 0 0 0 0 1 0 0 0 0 0 0 0 0 0;
  INPUT ---        0 0 0 0 0 0 0 0 0 0 0 0 0 1 0 0 0 0 0 0 0 0;
  INPUT ---        0 0 0 0 0 0 0 0 0 0 0 0 0 0 1 0 0 0 0 0 0 0;
  INPUT ---        0 0 0 0 0 0 0 0 0 0 0 0 0 0 1 1 0 0 0 0 0 0;
  INPUT ---        0 0 0 0 0 0 0 0 0 0 0 0 0 0 1 0 1 0 0 0 0 0;
  INPUT ---        0 0 0 0 0 0 0 0 0 0 0 0 0 0 1 0 0 1 0 0 0 0;
  INPUT ---        0 0 0 0 0 0 0 0 0 0 0 0 0 0 1 0 0 0 1 0 0 0;
  INPUT ---        0 0 0 0 0 0 0 0 0 0 0 0 0 0 1 0 0 0 0 1 0 0;
  INPUT ---        0 0 0 0 0 0 0 0 0 0 0 0 0 0 1 0 0 0 0 0 1 0;
  INPUT ---        0 0 0 0 0 0 0 0 0 0 0 0 0 0 0 0 0 0 0 0 0 1;

  INPUT ---    blabel(1)=S:(Intercept);

  INPUT ---    blabel(2)=S:age1;

  INPUT ---    blabel(3)=S:age2;

  INPUT ---    blabel(4)=S:age3;

  INPUT ---    blabel(5)=S:age4;

  INPUT ---    blabel(6)=S:age5;

  INPUT ---    blabel(7)=S:age6;

  INPUT ---    blabel(8)=S:time2006;

  INPUT ---    blabel(9)=S:time2007;

  INPUT ---    blabel(10)=S:time2008;

  INPUT ---    blabel(11)=S:time2009;

  INPUT ---    blabel(12)=S:time2010;

  INPUT ---    blabel(13)=S:time2011;


  Program  MARK  - Survival Rate Estimation with Capture-Recapture Data
   gfortran(Win64) Vers. 8.0 Jun 2014   25-Jan-2015 15:09:48    Page  008
 - - - - - - - - - - - - - - - - - - - - - - - - - - - - - - - - - - - - - -
 
  INPUT ---    blabel(14)=p:(Intercept);

  INPUT ---    blabel(15)=r:(Intercept);

  INPUT ---    blabel(16)=r:age1;

  INPUT ---    blabel(17)=r:age2;

  INPUT ---    blabel(18)=r:age3;

  INPUT ---    blabel(19)=r:age4;

  INPUT ---    blabel(20)=r:age5;

  INPUT ---    blabel(21)=r:age6;

  INPUT ---    blabel(22)=F:(Intercept);

  INPUT ---    rlabel(1)=S g41 c2005 c1 a0 t2005;

  INPUT ---    rlabel(2)=S g41 c2005 c1 a1 t2006;

  INPUT ---    rlabel(3)=S g41 c2005 c1 a2 t2007;

  INPUT ---    rlabel(4)=S g41 c2005 c1 a3 t2008;

  INPUT ---    rlabel(5)=S g41 c2005 c1 a4 t2009;

  INPUT ---    rlabel(6)=S g41 c2005 c1 a5 t2010;

  INPUT ---    rlabel(7)=S g41 c2005 c1 a6 t2011;

  INPUT ---    rlabel(8)=S g41 c2006 c2 a0 t2006;

  INPUT ---    rlabel(9)=S g41 c2006 c2 a1 t2007;

  INPUT ---    rlabel(10)=S g41 c2006 c2 a2 t2008;

  INPUT ---    rlabel(11)=S g41 c2006 c2 a3 t2009;

  INPUT ---    rlabel(12)=S g41 c2006 c2 a4 t2010;

  INPUT ---    rlabel(13)=S g41 c2006 c2 a5 t2011;

  INPUT ---    rlabel(14)=S g41 c2007 c3 a0 t2007;


  Program  MARK  - Survival Rate Estimation with Capture-Recapture Data
   gfortran(Win64) Vers. 8.0 Jun 2014   25-Jan-2015 15:09:48    Page  009
 - - - - - - - - - - - - - - - - - - - - - - - - - - - - - - - - - - - - - -
 
  INPUT ---    rlabel(15)=S g41 c2007 c3 a1 t2008;

  INPUT ---    rlabel(16)=S g41 c2007 c3 a2 t2009;

  INPUT ---    rlabel(17)=S g41 c2007 c3 a3 t2010;

  INPUT ---    rlabel(18)=S g41 c2007 c3 a4 t2011;

  INPUT ---    rlabel(19)=S g41 c2008 c4 a0 t2008;

  INPUT ---    rlabel(20)=S g41 c2008 c4 a1 t2009;

  INPUT ---    rlabel(21)=S g41 c2008 c4 a2 t2010;

  INPUT ---    rlabel(22)=S g41 c2008 c4 a3 t2011;

  INPUT ---    rlabel(23)=S g41 c2009 c5 a0 t2009;

  INPUT ---    rlabel(24)=S g41 c2009 c5 a1 t2010;

  INPUT ---    rlabel(25)=S g41 c2009 c5 a2 t2011;

  INPUT ---    rlabel(26)=S g41 c2010 c6 a0 t2010;

  INPUT ---    rlabel(27)=S g41 c2010 c6 a1 t2011;

  INPUT ---    rlabel(28)=S g41 c2011 c7 a0 t2011;

  INPUT ---    rlabel(29)=p g41 c2005 c1 a1 t2006;

  INPUT ---    rlabel(30)=r g41 c2005 c1 a0 t2005;

  INPUT ---    rlabel(31)=r g41 c2005 c1 a1 t2006;

  INPUT ---    rlabel(32)=r g41 c2005 c1 a2 t2007;

  INPUT ---    rlabel(33)=r g41 c2005 c1 a3 t2008;

  INPUT ---    rlabel(34)=r g41 c2005 c1 a4 t2009;

  INPUT ---    rlabel(35)=r g41 c2005 c1 a5 t2010;

  INPUT ---    rlabel(36)=r g41 c2005 c1 a6 t2011;

  INPUT ---    rlabel(37)=F g41 c2005 c1 a0 t2005;

  Program  MARK  - Survival Rate Estimation with Capture-Recapture Data
   gfortran(Win64) Vers. 8.0 Jun 2014   25-Jan-2015 15:09:48    Page  010
 - - - - - - - - - - - - - - - - - - - - - - - - - - - - - - - - - - - - - -
 

 Link Function Used is LOGIT        

 Variance Estimation Procedure Used is 2ndPart 

 M(t+1):



 -2logL(saturated) = 1739.8188     
 Effective Sample Size = 7075

 Number of function evaluations was 96 for 22 parameters.
 Time for numerical optimization was 2.22 seconds.
 -2logL { S(~age + time)p(~1)r(~age)F(~1) } = 1784.0253     
 Penalty { S(~age + time)p(~1)r(~age)F(~1) } = -0.0000000    
 Gradient { S(~age + time)p(~1)r(~age)F(~1) }:
 -0.7838181E-05-0.3178520E-06-0.7599524E-05  0.000000      0.000000    
   0.000000      0.000000      0.000000    -0.8351106E-05  0.000000    
   0.000000    -0.3787684E-06  0.000000    -0.1146861E-04 0.1431484E-03
  0.7130557E-04  0.000000      0.000000      0.000000      0.000000    
   0.000000      0.000000    
 S Vector { S(~age + time)p(~1)r(~age)F(~1) }:
   246.4570      12.09731     0.9955840     0.5292292     0.7710565E-04
  0.2574769E-04 0.3237606E-06 0.1098158E-08 0.6114261E-09 0.1726344E-09
  0.1212099E-13 0.7397195E-14 0.1171062E-16 0.2335906E-17 0.1952522E-17
  0.3329117E-18 0.7919718E-21 0.8854531E-26 0.1196571E-26 0.4109691E-27
  0.1730546E-28 0.4159905E-34
 Time to compute number of parameters was 0.62 seconds.
   Threshold =  0.4600000E-06     Condition index =  0.1687882E-36     New Threshold =  0.1951168E-33
 New Guessimate of Estimated Parameters { S(~age + time)p(~1)r(~age)F(~1) } = 21          
 Conditioned S Vector { S(~age + time)p(~1)r(~age)F(~1) }:
   1.000000     0.4908487E-01 0.4039585E-02 0.2147349E-02 0.3128564E-06
  0.1044713E-06 0.1313659E-08 0.4455778E-11 0.2480863E-11 0.7004644E-12
  0.4918095E-16 0.3001414E-16 0.4751588E-19 0.9477944E-20 0.7922361E-20
  0.1350790E-20 0.3213428E-23 0.3592728E-28 0.4855090E-29 0.1667508E-29
  0.7021694E-31 0.1687882E-36
 Number of Estimated Parameters { S(~age + time)p(~1)r(~age)F(~1) } = 4          
 DEVIANCE { S(~age + time)p(~1)r(~age)F(~1) } = 44.206598                     
 DEVIANCE Degrees of Freedom { S(~age + time)p(~1)r(~age)F(~1) } = 11            
 c-hat { S(~age + time)p(~1)r(~age)F(~1) } = 4.0187816                     
 AIC { S(~age + time)p(~1)r(~age)F(~1) } = 1792.0253                  
 AICc { S(~age + time)p(~1)r(~age)F(~1) } = 1792.0310                    
 BIC { S(~age + time)p(~1)r(~age)F(~1) } = 1819.4826                    
 Pearson Chisquare { S(~age + time)p(~1)r(~age)F(~1) } = Not a Number               
 Possible Encounter Histories { S(~age + time)p(~1)r(~age)F(~1) } = 896             
 Pearson Chisquare df { S(~age + time)p(~1)r(~age)F(~1) } = 856        
 Pearson chat { S(~age + time)p(~1)r(~age)F(~1) } = Not a Number               
 Sum(Observed/Expected) { S(~age + time)p(~1)r(~age)F(~1) } = Not a Number               
 Fletcher chat { S(~age + time)p(~1)r(~age)F(~1) } = Not a Number               


             LOGIT Link Function Parameters of { S(~age + time)p(~1)r(~age)F(~1) }
                                                              95% Confidence Interval
 Parameter                    Beta         Standard Error      Lower           Upper
 -------------------------  --------------  --------------  --------------  --------------
    1:S:(Intercept)         335.49832       0.0000000       335.49832       335.49832     
    2:S:age1                -499.74111      1243.0373       -2936.0943      1936.6121     
    3:S:age2                -292.21075      0.0000000       -292.21075      -292.21075    
    4:S:age3                -310.50401      0.0000000       -310.50401      -310.50401    
    5:S:age4                66.916508       0.5489752E-005  66.916497       66.916518     
    6:S:age5                -14.814841      3.8368293       -22.335026      -7.2946553    
    7:S:age6                3.5505794       0.8196867E-004  3.5504188       3.5507401     

  Program  MARK  - Survival Rate Estimation with Capture-Recapture Data
   gfortran(Win64) Vers. 8.0 Jun 2014   25-Jan-2015 15:09:49    Page  011
 - - - - - - - - - - - - - - - - - - - - - - - - - - - - - - - - - - - - - -
 
    8:S:time2006            252.22033       0.1460809E-005  252.22033       252.22033     
    9:S:time2007            -42.562838      0.0000000       -42.562838      -42.562838    
   10:S:time2008            223.63534       0.1678499E-005  223.63533       223.63534     
   11:S:time2009            142.77508       2.2763718       138.31339       147.23677     
   12:S:time2010            179.08920       1242.3767       -2255.9692      2614.1476     
   13:S:time2011            -641.46967      0.0930619       -641.65207      -641.28726    
   14:p:(Intercept)         -6.9302990      0.3163724       -7.5503889      -6.3102091    
   15:r:(Intercept)         -1.5414032      0.0638286       -1.6665073      -1.4162991    
   16:r:age1                -6.3340612      1.0022071       -8.2983872      -4.3697353    
   17:r:age2                -1019.0530      0.1135007E-003  -1019.0532      -1019.0527    
   18:r:age3                -639.55421      0.0012347       -639.55663      -639.55179    
   19:r:age4                -196.71765      0.0040000       -196.72549      -196.70981    
   20:r:age5                -366.90597      0.0000000       -366.90597      -366.90597    
   21:r:age6                -315.12993      0.0000000       -315.12993      -315.12993    
   22:F:(Intercept)         103.19110       0.5897630       102.03517       104.34704     


             Real Function Parameters of { S(~age + time)p(~1)r(~age)F(~1) }
                                                               95% Confidence Interval
  Parameter                  Estimate       Standard Error      Lower           Upper
 --------------------------  --------------  --------------  --------------  --------------
     1:S g41 c2005 c1 a0 t2  1.0000000       0.0000000       1.0000000       1.0000000                           
     2:S g41 c2005 c1 a1 t2  1.0000000       0.0000000       1.0000000       1.0000000                           
     3:S g41 c2005 c1 a2 t2  0.6736495       0.5210007       0.0194520       0.9953657                           
     4:S g41 c2005 c1 a3 t2  1.0000000       0.0000000       1.0000000       1.0000000                           
     5:S g41 c2005 c1 a4 t2  1.0000000       0.0000000       1.0000000       1.0000000                           
     6:S g41 c2005 c1 a5 t2  1.0000000       0.0000000       1.0000000       1.0000000                           
     7:S g41 c2005 c1 a6 t2  0.4574363E-131  0.0000000       0.4574363E-131  0.4574363E-131                      
     8:S g41 c2006 c2 a0 t2  1.0000000       0.0000000       1.0000000       1.0000000                           
     9:S g41 c2006 c2 a1 t2  0.1532697E-089  0.1896186E-086  -.3714992E-086  0.3718057E-086                      
    10:S g41 c2006 c2 a2 t2  1.0000000       0.0000000       1.0000000       1.0000000                           
    11:S g41 c2006 c2 a3 t2  1.0000000       0.0000000       1.0000000       1.0000000                           
    12:S g41 c2006 c2 a4 t2  1.0000000       0.0000000       1.0000000       1.0000000                           
    13:S g41 c2006 c2 a5 t2  0.4834259E-139  0.0000000       0.4834259E-139  0.4834259E-139                      
    14:S g41 c2007 c3 a0 t2  1.0000000       0.0000000       1.0000000       1.0000000                           
    15:S g41 c2007 c3 a1 t2  1.0000000       0.0000000       1.0000000       1.0000000                           
    16:S g41 c2007 c3 a2 t2  1.0000000       0.0000000       1.0000000       1.0000000                           
    17:S g41 c2007 c3 a3 t2  1.0000000       0.0000000       1.0000000       1.0000000                           
    18:S g41 c2007 c3 a4 t2  0.1512877E-103  0.0000000       0.1512877E-103  0.1512877E-103                      
    19:S g41 c2008 c4 a0 t2  1.0000000       0.0000000       1.0000000       1.0000000                           
    20:S g41 c2008 c4 a1 t2  0.4749989E-009  0.5915294E-006  -.1158923E-005  0.1159873E-005                      
    21:S g41 c2008 c4 a2 t2  1.0000000       0.0000000       1.0000000       1.0000000                           
    22:S g41 c2008 c4 a3 t2  0.1854188E-267  0.0000000       0.1854188E-267  0.1854188E-267                      
    23:S g41 c2009 c5 a0 t2  1.0000000       0.0000000       1.0000000       1.0000000                           
    24:S g41 c2009 c5 a1 t2  0.9999996       0.8873220E-003  0.2764254E-297  1.0000000                           
    25:S g41 c2009 c5 a2 t2  0.1632372E-259  0.0000000       0.1632372E-259  0.1632372E-259                      

  Program  MARK  - Survival Rate Estimation with Capture-Recapture Data
   gfortran(Win64) Vers. 8.0 Jun 2014   25-Jan-2015 15:09:49    Page  012
 - - - - - - - - - - - - - - - - - - - - - - - - - - - - - - - - - - - - - -
 
    26:S g41 c2010 c6 a0 t2  1.0000000       0.0000000       1.0000000       1.0000000                           
    27:S g41 c2010 c6 a1 t2  0.9859677E-304  0.0000000       0.9859677E-304  0.9859677E-304                      
    28:S g41 c2011 c7 a0 t2  0.1313208E-132  0.0000000       0.1313208E-132  0.1313208E-132                      
    29:p g41 c2005 c1 a1 t2  0.9767535E-003  0.3087160E-003  0.5256292E-003  0.0018144                           
    30:r g41 c2005 c1 a0 t2  0.1763314       0.0092704       0.1588904       0.1952424                           
    31:r g41 c2005 c1 a1 t2  0.3798081E-003  0.3797294E-003  0.5349855E-004  0.0026911                           
    32:r g41 c2005 c1 a2 t2  0.9859677E-304  0.0000000       0.9859677E-304  0.9859677E-304                      
    33:r g41 c2005 c1 a3 t2  0.3764535E-278  0.0000000       0.3764535E-278  0.3764535E-278                      
    34:r g41 c2005 c1 a4 t2  0.7892030E-086  0.5047257E-087  0.6902768E-086  0.8881292E-086                      
    35:r g41 c2005 c1 a5 t2  0.9668046E-160  0.6286911E-161  0.8435811E-160  0.1090028E-159                      
    36:r g41 c2005 c1 a6 t2  0.2960659E-137  0.1889748E-138  0.2590269E-137  0.3331050E-137                      
    37:F g41 c2005 c1 a0 t2  1.0000000       0.0000000       1.0000000       1.0000000                           

 Attempted ordering of parameters by estimatibility:
  15 14 16  1  3  9  2 12  6 11 22  7 19 10  5 20 18 17 13  4  8 21
 Beta number 21 is a singular value.

     CPU Time in seconds for last procedure was 2.84


  INPUT --- proc stop;

     CPU Time in minutes for this job was 0.05

     Time Start = 15:09:48.454   Time End = 15:09:49.109

     Wall Clock Time in minutes for this job was 0.01


          E X E C U T I O N   S U C C E S S F U L 
