
   Program  MARK  - Survival Rate Estimation with Capture-Recapture Data
   gfortran(Win64) Vers. 8.0 Jun 2014   21-Jan-2015 17:24:54    Page  001
 - - - - - - - - - - - - - - - - - - - - - - - - - - - - - - - - - - - - - -
 
   This version was compiled by GCC version 4.8.1 using the options 
   -m64 -mtune=generic -march=x86-64 -mthreads -O2 -fimplicit-none -fbounds-check -funroll-loops -ftree-vectorize -fopenmp.
   This problem will use 3 of 4 possible threads.


  INPUT --- proc title ;

     CPU Time in seconds for last procedure was 0.00


  INPUT --- proc chmatrix occasions= 7 groups= 2 etype= Live ICMeans 
  INPUT --- NoHist hist= 55 ;

  INPUT ---    time  interval 1 1 1 1 1 1 ;

  INPUT ---    glabel(1)=sexFemale;

  INPUT ---    glabel(2)=sexMale;

   * *  WARNING  * *   At least a pair of the encounter histories are duplicates. 

      Number of unique encounter histories read was 32.

      Number of individual covariates read was 0.
      Time interval lengths are all equal to 1.

      Data type number is 1
      Data type is Live Recaptures (CJS)                                                                               

     CPU Time in seconds for last procedure was 0.00

  Program  MARK  - Survival Rate Estimation with Capture-Recapture Data
   gfortran(Win64) Vers. 8.0 Jun 2014   21-Jan-2015 17:24:54    Page  002
 - - - - - - - - - - - - - - - - - - - - - - - - - - - - - - - - - - - - - -
 


  INPUT --- proc estimate link=Logit NOLOOP varest=2ndPart    ;


  INPUT --- model={ Phi(~sex)p(~sex * time) };

  INPUT ---    group=1 Phi    rows=6 cols=6 Triang ;
  INPUT ---        1 1 1 1 1 1 ;
  INPUT ---        1 1 1 1 1 ;
  INPUT ---        1 1 1 1 ;
  INPUT ---        1 1 1 ;
  INPUT ---        1 1 ;
  INPUT ---        1 ;

  INPUT ---    group=2 Phi    rows=6 cols=6 Triang ;
  INPUT ---        2 2 2 2 2 2 ;
  INPUT ---        2 2 2 2 2 ;
  INPUT ---        2 2 2 2 ;
  INPUT ---        2 2 2 ;
  INPUT ---        2 2 ;
  INPUT ---        2 ;

  INPUT ---    group=1 p    rows=6 cols=6 Triang ;
  INPUT ---        3 4 5 6 7 8 ;
  INPUT ---        4 5 6 7 8 ;
  INPUT ---        5 6 7 8 ;
  INPUT ---        6 7 8 ;
  INPUT ---        7 8 ;
  INPUT ---        8 ;

  INPUT ---    group=2 p    rows=6 cols=6 Triang ;
  INPUT ---        9 10 11 12 13 14 ;
  INPUT ---        10 11 12 13 14 ;
  INPUT ---        11 12 13 14 ;
  INPUT ---        12 13 14 ;
  INPUT ---        13 14 ;
  INPUT ---        14 ;

  INPUT ---    design matrix constraints=14 covariates=14;
  INPUT ---        1 0 0 0 0 0 0 0 0 0 0 0 0 0;
  INPUT ---        1 1 0 0 0 0 0 0 0 0 0 0 0 0;
  INPUT ---        0 0 1 0 0 0 0 0 0 0 0 0 0 0;
  INPUT ---        0 0 1 0 1 0 0 0 0 0 0 0 0 0;
  INPUT ---        0 0 1 0 0 1 0 0 0 0 0 0 0 0;
  INPUT ---        0 0 1 0 0 0 1 0 0 0 0 0 0 0;

  Program  MARK  - Survival Rate Estimation with Capture-Recapture Data
   gfortran(Win64) Vers. 8.0 Jun 2014   21-Jan-2015 17:24:54    Page  003
 - - - - - - - - - - - - - - - - - - - - - - - - - - - - - - - - - - - - - -
 
  INPUT ---        0 0 1 0 0 0 0 1 0 0 0 0 0 0;
  INPUT ---        0 0 1 0 0 0 0 0 1 0 0 0 0 0;
  INPUT ---        0 0 1 1 0 0 0 0 0 0 0 0 0 0;
  INPUT ---        0 0 1 1 1 0 0 0 0 1 0 0 0 0;
  INPUT ---        0 0 1 1 0 1 0 0 0 0 1 0 0 0;
  INPUT ---        0 0 1 1 0 0 1 0 0 0 0 1 0 0;
  INPUT ---        0 0 1 1 0 0 0 1 0 0 0 0 1 0;
  INPUT ---        0 0 1 1 0 0 0 0 1 0 0 0 0 1;

  INPUT ---    blabel(1)=Phi:(Intercept);

  INPUT ---    blabel(2)=Phi:sexMale;

  INPUT ---    blabel(3)=p:(Intercept);

  INPUT ---    blabel(4)=p:sexMale;

  INPUT ---    blabel(5)=p:time3;

  INPUT ---    blabel(6)=p:time4;

  INPUT ---    blabel(7)=p:time5;

  INPUT ---    blabel(8)=p:time6;

  INPUT ---    blabel(9)=p:time7;

  INPUT ---    blabel(10)=p:sexMale:time3;

  INPUT ---    blabel(11)=p:sexMale:time4;

  INPUT ---    blabel(12)=p:sexMale:time5;

  INPUT ---    blabel(13)=p:sexMale:time6;

  INPUT ---    blabel(14)=p:sexMale:time7;

  INPUT ---    rlabel(1)=Phi gFemale c1 c1 a0 t1;

  INPUT ---    rlabel(2)=Phi gMale c1 c1 a0 t1;

  INPUT ---    rlabel(3)=p gFemale c1 c1 a1 t2;

  INPUT ---    rlabel(4)=p gFemale c1 c1 a2 t3;

  INPUT ---    rlabel(5)=p gFemale c1 c1 a3 t4;

  Program  MARK  - Survival Rate Estimation with Capture-Recapture Data
   gfortran(Win64) Vers. 8.0 Jun 2014   21-Jan-2015 17:24:54    Page  004
 - - - - - - - - - - - - - - - - - - - - - - - - - - - - - - - - - - - - - -
 

  INPUT ---    rlabel(6)=p gFemale c1 c1 a4 t5;

  INPUT ---    rlabel(7)=p gFemale c1 c1 a5 t6;

  INPUT ---    rlabel(8)=p gFemale c1 c1 a6 t7;

  INPUT ---    rlabel(9)=p gMale c1 c1 a1 t2;

  INPUT ---    rlabel(10)=p gMale c1 c1 a2 t3;

  INPUT ---    rlabel(11)=p gMale c1 c1 a3 t4;

  INPUT ---    rlabel(12)=p gMale c1 c1 a4 t5;

  INPUT ---    rlabel(13)=p gMale c1 c1 a5 t6;

  INPUT ---    rlabel(14)=p gMale c1 c1 a6 t7;

 Link Function Used is LOGIT        

 Variance Estimation Procedure Used is 2ndPart 
 -2logL(saturated) = 582.47711     
 Effective Sample Size = 426

 Number of function evaluations was 72 for 14 parameters.
 Time for numerical optimization was 0.17 seconds.
 -2logL { Phi(~sex)p(~sex * time) } = 662.24967     
 Penalty { Phi(~sex)p(~sex * time) } = -0.0000000    
 Gradient { Phi(~sex)p(~sex * time) }:
   0.000000      0.000000      0.000000      0.000000      0.000000    
 -0.7025973E-05  0.000000      0.000000      0.000000      0.000000    
   0.000000      0.000000      0.000000      0.000000    
 S Vector { Phi(~sex)p(~sex * time) }:
   137.2944      20.82568      13.30558      3.373920      2.727911    
   2.351747      1.257880     0.8326460     0.5313658     0.4013485    
  0.3482892     0.6606655E-01 0.1204748E-06 0.6863572E-08
 Time to compute number of parameters was 0.02 seconds.
   Threshold =  0.3000000E-06     Condition index =  0.4999163E-10     New Threshold =  0.2568114E-07
 New Guessimate of Estimated Parameters { Phi(~sex)p(~sex * time) } = 12          
 Conditioned S Vector { Phi(~sex)p(~sex * time) }:
   1.000000     0.1516863     0.9691274E-01 0.2457434E-01 0.1986906E-01
  0.1712923E-01 0.9161917E-02 0.6064675E-02 0.3870265E-02 0.2923268E-02
  0.2536805E-02 0.4812034E-03 0.8774927E-09 0.4999163E-10
 Number of Estimated Parameters { Phi(~sex)p(~sex * time) } = 12          
 DEVIANCE { Phi(~sex)p(~sex * time) } = 79.772560                     
 DEVIANCE Degrees of Freedom { Phi(~sex)p(~sex * time) } = 29            
 c-hat { Phi(~sex)p(~sex * time) } = 2.7507779                     
 AIC { Phi(~sex)p(~sex * time) } = 686.24967                  
 AICc { Phi(~sex)p(~sex * time) } = 687.00512                    
 BIC { Phi(~sex)p(~sex * time) } = 734.90294                    
 Pearson Chisquare { Phi(~sex)p(~sex * time) } = 195.10218                  
 Possible Encounter Histories { Phi(~sex)p(~sex * time) } = 252             
 Pearson Chisquare df { Phi(~sex)p(~sex * time) } = 228        
 Pearson chat { Phi(~sex)p(~sex * time) } = 0.8557113                  
 Sum(Observed/Expected) { Phi(~sex)p(~sex * time) } = 221.72145                  
 Fletcher chat { Phi(~sex)p(~sex * time) } = 0.9725683                  

  Program  MARK  - Survival Rate Estimation with Capture-Recapture Data
   gfortran(Win64) Vers. 8.0 Jun 2014   21-Jan-2015 17:24:54    Page  005
 - - - - - - - - - - - - - - - - - - - - - - - - - - - - - - - - - - - - - -
 


                 LOGIT Link Function Parameters of { Phi(~sex)p(~sex * time) }
                                                              95% Confidence Interval
 Parameter                    Beta         Standard Error      Lower           Upper
 -------------------------  --------------  --------------  --------------  --------------
    1:Phi:(Intercept)       0.2326855       0.1563902       -0.0738394      0.5392103     
    2:Phi:sexMale           -0.0074306      0.2091489       -0.4173625      0.4025013     
    3:p:(Intercept)         1.2054848       1.0581417       -0.8684730      3.2794425     
    4:p:sexMale             0.1804403       1.4887920       -2.7375921      3.0984727     
    5:p:time3               0.3518043       1.3760422       -2.3452384      3.0488470     
    6:p:time4               0.6180950       1.4021860       -2.1301895      3.3663796     
    7:p:time5               0.8355971       1.2796393       -1.6724961      3.3436902     
    8:p:time6               1.5849034       1.4603044       -1.2772933      4.4471000     
    9:p:time7               0.6730406       1.6059789       -2.4746780      3.8207592     
   10:p:sexMale:time3       22.683405       83.641148       -141.25325      186.62006     
   11:p:sexMale:time4       0.0583013       2.0021366       -3.8658865      3.9824892     
   12:p:sexMale:time5       0.4253671       1.9348870       -3.3670115      4.2177458     
   13:p:sexMale:time6       -0.2876912      2.0567315       -4.3188849      3.7435026     
   14:p:sexMale:time7       15.237978       2879.8423       -5629.2531      5659.7291     


                 Real Function Parameters of { Phi(~sex)p(~sex * time) }
                                                               95% Confidence Interval
  Parameter                  Estimate       Standard Error      Lower           Upper
 --------------------------  --------------  --------------  --------------  --------------
     1:Phi gFemale c1 c1 a0  0.5579103       0.0385731       0.4815485       0.6316287                           
     2:Phi gMale c1 c1 a0 t  0.5560768       0.0342813       0.4882687       0.6218584                           
     3:p gFemale c1 c1 a1 t  0.7694991       0.1876829       0.2955721       0.9637168                           
     4:p gFemale c1 c1 a2 t  0.8259640       0.1308639       0.4434819       0.9658294                           
     5:p gFemale c1 c1 a3 t  0.8609951       0.1110930       0.5010617       0.9744917                           
     6:p gFemale c1 c1 a4 t  0.8850434       0.0734700       0.6515184       0.9694227                           
     7:p gFemale c1 c1 a5 t  0.9421542       0.0550233       0.6924413       0.9915844                           
     8:p gFemale c1 c1 a6 t  0.8674417       0.1405606       0.3734615       0.9862713                           
     9:p gMale c1 c1 a1 t2   0.7999409       0.1676109       0.3392018       0.9688925                           
    10:p gMale c1 c1 a2 t3   1.0000000       0.2072757E-008  1.0000000       1.0000000                           
    11:p gMale c1 c1 a3 t4   0.8871867       0.0974767       0.5382821       0.9814982                           
    12:p gMale c1 c1 a4 t5   0.9338190       0.0621569       0.6627569       0.9902257                           
    13:p gMale c1 c1 a5 t6   0.9360242       0.0599698       0.6726709       0.9904912                           
    14:p gMale c1 c1 a6 t7   1.0000000       0.8859340E-004  0.3205014E-296  1.0000000                           

 Attempted ordering of parameters by estimatibility:
   1  2  3  7  4  6  8  5 12  9 11 13 14 10
 Beta number 10 is a singular value.

     CPU Time in seconds for last procedure was 0.22

  Program  MARK  - Survival Rate Estimation with Capture-Recapture Data
   gfortran(Win64) Vers. 8.0 Jun 2014   21-Jan-2015 17:24:54    Page  006
 - - - - - - - - - - - - - - - - - - - - - - - - - - - - - - - - - - - - - -
 


  INPUT --- proc stop;

     CPU Time in minutes for this job was 0.00

     Time Start = 17:24:54.575   Time End = 17:24:54.790

     Wall Clock Time in minutes for this job was 0.00


          E X E C U T I O N   S U C C E S S F U L 
