
   Program  MARK  - Survival Rate Estimation with Capture-Recapture Data
   gfortran(Win64) Vers. 8.0 Jun 2014   25-Jan-2015 15:09:58    Page  001
 - - - - - - - - - - - - - - - - - - - - - - - - - - - - - - - - - - - - - -
 
   This version was compiled by GCC version 4.8.1 using the options 
   -m64 -mtune=generic -march=x86-64 -mthreads -O2 -fimplicit-none -fbounds-check -funroll-loops -ftree-vectorize -fopenmp.
   This problem will use 7 of 8 possible threads.


  INPUT --- proc title ;

     CPU Time in seconds for last procedure was 0.00


  INPUT --- proc chmatrix occasions= 7 groups= 6 etype= Both ICMeans 
  INPUT --- NoHist hist= 51 ;

  INPUT ---    time  interval 1 1 1 1 1 1 1 ;

  INPUT ---    glabel(1)=sex4.age1;

  INPUT ---    glabel(2)=sex5.age1;

  INPUT ---    glabel(3)=sex4.age2;

  INPUT ---    glabel(4)=sex5.age2;

  INPUT ---    glabel(5)=sex4.age4;

  INPUT ---    glabel(6)=sex5.age4;

   * *  WARNING  * *   At least a pair of the encounter histories are duplicates. 

      Number of unique encounter histories read was 17.

      Number of individual covariates read was 0.
      Time interval lengths are all equal to 1.

      Data type number is 3
      Data type is Joint Live and Dead Encounters (Burnham)                                                            

     CPU Time in seconds for last procedure was 0.00

  Program  MARK  - Survival Rate Estimation with Capture-Recapture Data
   gfortran(Win64) Vers. 8.0 Jun 2014   25-Jan-2015 15:09:58    Page  002
 - - - - - - - - - - - - - - - - - - - - - - - - - - - - - - - - - - - - - -
 


  INPUT --- proc estimate link=Logit NOLOOP varest=2ndPart    ;


  INPUT --- model={ S(~age + sex)p(~sex)r(~age)F(~1) };

  INPUT ---    group=1 S    rows=7 cols=7 Triang ;
  INPUT ---        1 2 3 4 5 6 7 ;
  INPUT ---        1 2 3 4 5 6 ;
  INPUT ---        1 2 3 4 5 ;
  INPUT ---        1 2 3 4 ;
  INPUT ---        1 2 3 ;
  INPUT ---        1 2 ;
  INPUT ---        1 ;

  INPUT ---    group=2 S    rows=7 cols=7 Triang ;
  INPUT ---        8 9 10 11 12 13 14 ;
  INPUT ---        8 9 10 11 12 13 ;
  INPUT ---        8 9 10 11 12 ;
  INPUT ---        8 9 10 11 ;
  INPUT ---        8 9 10 ;
  INPUT ---        8 9 ;
  INPUT ---        8 ;

  INPUT ---    group=3 S    rows=7 cols=7 Triang ;
  INPUT ---        1 2 3 4 5 6 7 ;
  INPUT ---        1 2 3 4 5 6 ;
  INPUT ---        1 2 3 4 5 ;
  INPUT ---        1 2 3 4 ;
  INPUT ---        1 2 3 ;
  INPUT ---        1 2 ;
  INPUT ---        1 ;

  INPUT ---    group=4 S    rows=7 cols=7 Triang ;
  INPUT ---        8 9 10 11 12 13 14 ;
  INPUT ---        8 9 10 11 12 13 ;
  INPUT ---        8 9 10 11 12 ;
  INPUT ---        8 9 10 11 ;
  INPUT ---        8 9 10 ;
  INPUT ---        8 9 ;
  INPUT ---        8 ;

  INPUT ---    group=5 S    rows=7 cols=7 Triang ;
  INPUT ---        1 2 3 4 5 6 7 ;
  INPUT ---        1 2 3 4 5 6 ;

  Program  MARK  - Survival Rate Estimation with Capture-Recapture Data
   gfortran(Win64) Vers. 8.0 Jun 2014   25-Jan-2015 15:09:58    Page  003
 - - - - - - - - - - - - - - - - - - - - - - - - - - - - - - - - - - - - - -
 
  INPUT ---        1 2 3 4 5 ;
  INPUT ---        1 2 3 4 ;
  INPUT ---        1 2 3 ;
  INPUT ---        1 2 ;
  INPUT ---        1 ;

  INPUT ---    group=6 S    rows=7 cols=7 Triang ;
  INPUT ---        8 9 10 11 12 13 14 ;
  INPUT ---        8 9 10 11 12 13 ;
  INPUT ---        8 9 10 11 12 ;
  INPUT ---        8 9 10 11 ;
  INPUT ---        8 9 10 ;
  INPUT ---        8 9 ;
  INPUT ---        8 ;

  INPUT ---    group=1 p    rows=6 cols=6 Triang ;
  INPUT ---        15 15 15 15 15 15 ;
  INPUT ---        15 15 15 15 15 ;
  INPUT ---        15 15 15 15 ;
  INPUT ---        15 15 15 ;
  INPUT ---        15 15 ;
  INPUT ---        15 ;

  INPUT ---    group=2 p    rows=6 cols=6 Triang ;
  INPUT ---        16 16 16 16 16 16 ;
  INPUT ---        16 16 16 16 16 ;
  INPUT ---        16 16 16 16 ;
  INPUT ---        16 16 16 ;
  INPUT ---        16 16 ;
  INPUT ---        16 ;

  INPUT ---    group=3 p    rows=6 cols=6 Triang ;
  INPUT ---        15 15 15 15 15 15 ;
  INPUT ---        15 15 15 15 15 ;
  INPUT ---        15 15 15 15 ;
  INPUT ---        15 15 15 ;
  INPUT ---        15 15 ;
  INPUT ---        15 ;

  INPUT ---    group=4 p    rows=6 cols=6 Triang ;
  INPUT ---        16 16 16 16 16 16 ;
  INPUT ---        16 16 16 16 16 ;
  INPUT ---        16 16 16 16 ;
  INPUT ---        16 16 16 ;
  INPUT ---        16 16 ;
  INPUT ---        16 ;

  Program  MARK  - Survival Rate Estimation with Capture-Recapture Data
   gfortran(Win64) Vers. 8.0 Jun 2014   25-Jan-2015 15:09:58    Page  004
 - - - - - - - - - - - - - - - - - - - - - - - - - - - - - - - - - - - - - -
 

  INPUT ---    group=5 p    rows=6 cols=6 Triang ;
  INPUT ---        15 15 15 15 15 15 ;
  INPUT ---        15 15 15 15 15 ;
  INPUT ---        15 15 15 15 ;
  INPUT ---        15 15 15 ;
  INPUT ---        15 15 ;
  INPUT ---        15 ;

  INPUT ---    group=6 p    rows=6 cols=6 Triang ;
  INPUT ---        16 16 16 16 16 16 ;
  INPUT ---        16 16 16 16 16 ;
  INPUT ---        16 16 16 16 ;
  INPUT ---        16 16 16 ;
  INPUT ---        16 16 ;
  INPUT ---        16 ;

  INPUT ---    group=1 r    rows=7 cols=7 Triang ;
  INPUT ---        17 18 19 20 21 22 23 ;
  INPUT ---        17 18 19 20 21 22 ;
  INPUT ---        17 18 19 20 21 ;
  INPUT ---        17 18 19 20 ;
  INPUT ---        17 18 19 ;
  INPUT ---        17 18 ;
  INPUT ---        17 ;

  INPUT ---    group=2 r    rows=7 cols=7 Triang ;
  INPUT ---        17 18 19 20 21 22 23 ;
  INPUT ---        17 18 19 20 21 22 ;
  INPUT ---        17 18 19 20 21 ;
  INPUT ---        17 18 19 20 ;
  INPUT ---        17 18 19 ;
  INPUT ---        17 18 ;
  INPUT ---        17 ;

  INPUT ---    group=3 r    rows=7 cols=7 Triang ;
  INPUT ---        17 18 19 20 21 22 23 ;
  INPUT ---        17 18 19 20 21 22 ;
  INPUT ---        17 18 19 20 21 ;
  INPUT ---        17 18 19 20 ;
  INPUT ---        17 18 19 ;
  INPUT ---        17 18 ;
  INPUT ---        17 ;

  INPUT ---    group=4 r    rows=7 cols=7 Triang ;
  INPUT ---        17 18 19 20 21 22 23 ;

  Program  MARK  - Survival Rate Estimation with Capture-Recapture Data
   gfortran(Win64) Vers. 8.0 Jun 2014   25-Jan-2015 15:09:58    Page  005
 - - - - - - - - - - - - - - - - - - - - - - - - - - - - - - - - - - - - - -
 
  INPUT ---        17 18 19 20 21 22 ;
  INPUT ---        17 18 19 20 21 ;
  INPUT ---        17 18 19 20 ;
  INPUT ---        17 18 19 ;
  INPUT ---        17 18 ;
  INPUT ---        17 ;

  INPUT ---    group=5 r    rows=7 cols=7 Triang ;
  INPUT ---        17 18 19 20 21 22 23 ;
  INPUT ---        17 18 19 20 21 22 ;
  INPUT ---        17 18 19 20 21 ;
  INPUT ---        17 18 19 20 ;
  INPUT ---        17 18 19 ;
  INPUT ---        17 18 ;
  INPUT ---        17 ;

  INPUT ---    group=6 r    rows=7 cols=7 Triang ;
  INPUT ---        17 18 19 20 21 22 23 ;
  INPUT ---        17 18 19 20 21 22 ;
  INPUT ---        17 18 19 20 21 ;
  INPUT ---        17 18 19 20 ;
  INPUT ---        17 18 19 ;
  INPUT ---        17 18 ;
  INPUT ---        17 ;

  INPUT ---    group=1 F    rows=6 cols=6 Triang ;
  INPUT ---        24 24 24 24 24 24 ;
  INPUT ---        24 24 24 24 24 ;
  INPUT ---        24 24 24 24 ;
  INPUT ---        24 24 24 ;
  INPUT ---        24 24 ;
  INPUT ---        24 ;

  INPUT ---    group=2 F    rows=6 cols=6 Triang ;
  INPUT ---        24 24 24 24 24 24 ;
  INPUT ---        24 24 24 24 24 ;
  INPUT ---        24 24 24 24 ;
  INPUT ---        24 24 24 ;
  INPUT ---        24 24 ;
  INPUT ---        24 ;

  INPUT ---    group=3 F    rows=6 cols=6 Triang ;
  INPUT ---        24 24 24 24 24 24 ;
  INPUT ---        24 24 24 24 24 ;
  INPUT ---        24 24 24 24 ;
  INPUT ---        24 24 24 ;

  Program  MARK  - Survival Rate Estimation with Capture-Recapture Data
   gfortran(Win64) Vers. 8.0 Jun 2014   25-Jan-2015 15:09:58    Page  006
 - - - - - - - - - - - - - - - - - - - - - - - - - - - - - - - - - - - - - -
 
  INPUT ---        24 24 ;
  INPUT ---        24 ;

  INPUT ---    group=4 F    rows=6 cols=6 Triang ;
  INPUT ---        24 24 24 24 24 24 ;
  INPUT ---        24 24 24 24 24 ;
  INPUT ---        24 24 24 24 ;
  INPUT ---        24 24 24 ;
  INPUT ---        24 24 ;
  INPUT ---        24 ;

  INPUT ---    group=5 F    rows=6 cols=6 Triang ;
  INPUT ---        24 24 24 24 24 24 ;
  INPUT ---        24 24 24 24 24 ;
  INPUT ---        24 24 24 24 ;
  INPUT ---        24 24 24 ;
  INPUT ---        24 24 ;
  INPUT ---        24 ;

  INPUT ---    group=6 F    rows=6 cols=6 Triang ;
  INPUT ---        24 24 24 24 24 24 ;
  INPUT ---        24 24 24 24 24 ;
  INPUT ---        24 24 24 24 ;
  INPUT ---        24 24 24 ;
  INPUT ---        24 24 ;
  INPUT ---        24 ;

  INPUT ---    design matrix constraints=24 covariates=18;
  INPUT ---        1 0 0 0 0 0 0 0 0 0 0 0 0 0 0 0 0 0;
  INPUT ---        1 1 0 0 0 0 0 0 0 0 0 0 0 0 0 0 0 0;
  INPUT ---        1 0 1 0 0 0 0 0 0 0 0 0 0 0 0 0 0 0;
  INPUT ---        1 0 0 1 0 0 0 0 0 0 0 0 0 0 0 0 0 0;
  INPUT ---        1 0 0 0 1 0 0 0 0 0 0 0 0 0 0 0 0 0;
  INPUT ---        1 0 0 0 0 1 0 0 0 0 0 0 0 0 0 0 0 0;
  INPUT ---        1 0 0 0 0 0 1 0 0 0 0 0 0 0 0 0 0 0;
  INPUT ---        1 0 0 0 0 0 0 1 0 0 0 0 0 0 0 0 0 0;
  INPUT ---        1 1 0 0 0 0 0 1 0 0 0 0 0 0 0 0 0 0;
  INPUT ---        1 0 1 0 0 0 0 1 0 0 0 0 0 0 0 0 0 0;
  INPUT ---        1 0 0 1 0 0 0 1 0 0 0 0 0 0 0 0 0 0;
  INPUT ---        1 0 0 0 1 0 0 1 0 0 0 0 0 0 0 0 0 0;
  INPUT ---        1 0 0 0 0 1 0 1 0 0 0 0 0 0 0 0 0 0;
  INPUT ---        1 0 0 0 0 0 1 1 0 0 0 0 0 0 0 0 0 0;
  INPUT ---        0 0 0 0 0 0 0 0 1 0 0 0 0 0 0 0 0 0;
  INPUT ---        0 0 0 0 0 0 0 0 1 1 0 0 0 0 0 0 0 0;
  INPUT ---        0 0 0 0 0 0 0 0 0 0 1 0 0 0 0 0 0 0;
  INPUT ---        0 0 0 0 0 0 0 0 0 0 1 1 0 0 0 0 0 0;

  Program  MARK  - Survival Rate Estimation with Capture-Recapture Data
   gfortran(Win64) Vers. 8.0 Jun 2014   25-Jan-2015 15:09:58    Page  007
 - - - - - - - - - - - - - - - - - - - - - - - - - - - - - - - - - - - - - -
 
  INPUT ---        0 0 0 0 0 0 0 0 0 0 1 0 1 0 0 0 0 0;
  INPUT ---        0 0 0 0 0 0 0 0 0 0 1 0 0 1 0 0 0 0;
  INPUT ---        0 0 0 0 0 0 0 0 0 0 1 0 0 0 1 0 0 0;
  INPUT ---        0 0 0 0 0 0 0 0 0 0 1 0 0 0 0 1 0 0;
  INPUT ---        0 0 0 0 0 0 0 0 0 0 1 0 0 0 0 0 1 0;
  INPUT ---        0 0 0 0 0 0 0 0 0 0 0 0 0 0 0 0 0 1;

  INPUT ---    blabel(1)=S:(Intercept);

  INPUT ---    blabel(2)=S:age1;

  INPUT ---    blabel(3)=S:age2;

  INPUT ---    blabel(4)=S:age3;

  INPUT ---    blabel(5)=S:age4;

  INPUT ---    blabel(6)=S:age5;

  INPUT ---    blabel(7)=S:age6;

  INPUT ---    blabel(8)=S:sex5;

  INPUT ---    blabel(9)=p:(Intercept);

  INPUT ---    blabel(10)=p:sex5;

  INPUT ---    blabel(11)=r:(Intercept);

  INPUT ---    blabel(12)=r:age1;

  INPUT ---    blabel(13)=r:age2;

  INPUT ---    blabel(14)=r:age3;

  INPUT ---    blabel(15)=r:age4;

  INPUT ---    blabel(16)=r:age5;

  INPUT ---    blabel(17)=r:age6;

  INPUT ---    blabel(18)=F:(Intercept);

  INPUT ---    rlabel(1)=S g41 c2005 c1 a0 t2005;

  INPUT ---    rlabel(2)=S g41 c2005 c1 a1 t2006;

  Program  MARK  - Survival Rate Estimation with Capture-Recapture Data
   gfortran(Win64) Vers. 8.0 Jun 2014   25-Jan-2015 15:09:58    Page  008
 - - - - - - - - - - - - - - - - - - - - - - - - - - - - - - - - - - - - - -
 

  INPUT ---    rlabel(3)=S g41 c2005 c1 a2 t2007;

  INPUT ---    rlabel(4)=S g41 c2005 c1 a3 t2008;

  INPUT ---    rlabel(5)=S g41 c2005 c1 a4 t2009;

  INPUT ---    rlabel(6)=S g41 c2005 c1 a5 t2010;

  INPUT ---    rlabel(7)=S g41 c2005 c1 a6 t2011;

  INPUT ---    rlabel(8)=S g51 c2005 c1 a0 t2005;

  INPUT ---    rlabel(9)=S g51 c2005 c1 a1 t2006;

  INPUT ---    rlabel(10)=S g51 c2005 c1 a2 t2007;

  INPUT ---    rlabel(11)=S g51 c2005 c1 a3 t2008;

  INPUT ---    rlabel(12)=S g51 c2005 c1 a4 t2009;

  INPUT ---    rlabel(13)=S g51 c2005 c1 a5 t2010;

  INPUT ---    rlabel(14)=S g51 c2005 c1 a6 t2011;

  INPUT ---    rlabel(15)=p g41 c2005 c1 a1 t2006;

  INPUT ---    rlabel(16)=p g51 c2005 c1 a1 t2006;

  INPUT ---    rlabel(17)=r g41 c2005 c1 a0 t2005;

  INPUT ---    rlabel(18)=r g41 c2005 c1 a1 t2006;

  INPUT ---    rlabel(19)=r g41 c2005 c1 a2 t2007;

  INPUT ---    rlabel(20)=r g41 c2005 c1 a3 t2008;

  INPUT ---    rlabel(21)=r g41 c2005 c1 a4 t2009;

  INPUT ---    rlabel(22)=r g41 c2005 c1 a5 t2010;

  INPUT ---    rlabel(23)=r g41 c2005 c1 a6 t2011;

  INPUT ---    rlabel(24)=F g41 c2005 c1 a0 t2005;

 Link Function Used is LOGIT        

  Program  MARK  - Survival Rate Estimation with Capture-Recapture Data
   gfortran(Win64) Vers. 8.0 Jun 2014   25-Jan-2015 15:09:58    Page  009
 - - - - - - - - - - - - - - - - - - - - - - - - - - - - - - - - - - - - - -
 

 Variance Estimation Procedure Used is 2ndPart 

 M(t+1):



 -2logL(saturated) = 1739.8188     
 Effective Sample Size = 7075

 Number of function evaluations was 493 for 18 parameters.
 Time for numerical optimization was 7.49 seconds.
 -2logL { S(~age + sex)p(~sex)r(~age)F(~1) } = 2686.6100     
 Penalty { S(~age + sex)p(~sex)r(~age)F(~1) } = -0.0000000    
 Gradient { S(~age + sex)p(~sex)r(~age)F(~1) }:
  0.1018007E-02  0.000000     0.2785465E-04 0.2203990E-07 0.4092477E-06
  0.2882888E-06 0.5616082E-05 0.1786419E-03-0.2952413E-04  0.000000    
 -0.4695042E-04 0.2385837E-06 0.1376478E-05 0.5141913E-07 0.1268814E-06
  0.3700782E-06 0.4936505E-06-0.2586505E-04
 S Vector { S(~age + sex)p(~sex)r(~age)F(~1) }:
   380.8673      53.74714      14.08658      2.353136     0.9967549    
  0.3312999     0.2172796E-01 0.2700420E-04 0.1752186E-06 0.8212853E-08
  0.1927535E-08 0.9170522E-09 0.7399244E-09 0.4855607E-09 0.2769414E-09
  0.5981168E-10 0.1734195E-10 0.2670527E-11
 Time to compute number of parameters was 0.53 seconds.
   Threshold =  0.3800000E-06     Condition index =  0.7011699E-14     New Threshold =  0.1133009E-10
 New Guessimate of Estimated Parameters { S(~age + sex)p(~sex)r(~age)F(~1) } = 10          
 Conditioned S Vector { S(~age + sex)p(~sex)r(~age)F(~1) }:
   1.000000     0.1411177     0.3698553E-01 0.6178361E-02 0.2617066E-02
  0.8698564E-03 0.5704863E-04 0.7090186E-07 0.4600515E-09 0.2156355E-10
  0.5060908E-11 0.2407800E-11 0.1942735E-11 0.1274882E-11 0.7271335E-12
  0.1570407E-12 0.4553279E-13 0.7011699E-14
 Number of Estimated Parameters { S(~age + sex)p(~sex)r(~age)F(~1) } = 7          
 DEVIANCE { S(~age + sex)p(~sex)r(~age)F(~1) } = 946.79125                     
 DEVIANCE Degrees of Freedom { S(~age + sex)p(~sex)r(~age)F(~1) } = 8            
 c-hat { S(~age + sex)p(~sex)r(~age)F(~1) } = 118.34891                     
 AIC { S(~age + sex)p(~sex)r(~age)F(~1) } = 2700.6100                  
 AICc { S(~age + sex)p(~sex)r(~age)F(~1) } = 2700.6258                    
 BIC { S(~age + sex)p(~sex)r(~age)F(~1) } = 2748.6603                    
 Pearson Chisquare { S(~age + sex)p(~sex)r(~age)F(~1) } = Not a Number               
 Possible Encounter Histories { S(~age + sex)p(~sex)r(~age)F(~1) } = 896             
 Pearson Chisquare df { S(~age + sex)p(~sex)r(~age)F(~1) } = 853        
 Pearson chat { S(~age + sex)p(~sex)r(~age)F(~1) } = Not a Number               
 Sum(Observed/Expected) { S(~age + sex)p(~sex)r(~age)F(~1) } = Not a Number               
 Fletcher chat { S(~age + sex)p(~sex)r(~age)F(~1) } = Not a Number               


             LOGIT Link Function Parameters of { S(~age + sex)p(~sex)r(~age)F(~1) }
                                                              95% Confidence Interval
 Parameter                    Beta         Standard Error      Lower           Upper
 -------------------------  --------------  --------------  --------------  --------------
    1:S:(Intercept)         3.1096732       4.2264232       -5.1741164      11.393463     
    2:S:age1                5.4875729       4.1670405       -2.6798267      13.654972     
    3:S:age2                -2.2651455      5.8390137       -13.709613      9.1793216     
    4:S:age3                2062.2917       0.0014321       2062.2889       2062.2945     
    5:S:age4                110.11787       0.8215941       108.50755       111.72820     
    6:S:age5                156.74019       61.576006       36.051213       277.42916     
    7:S:age6                -7.0972347      2371.8271       -4655.8784      4641.6839     
    8:S:sex5                -0.0182323      0.1185840       -0.2506570      0.2141924     
    9:p:(Intercept)         -6.7012815      0.7554949       -8.1820516      -5.2205115    
   10:p:sex5                -0.7012506      0.6129374       -1.9026080      0.5001067     
   11:r:(Intercept)         3.8428464       192.76940       -373.98518      381.67088     
   12:r:age1                189.60282       49.960114       91.680994       287.52464     

  Program  MARK  - Survival Rate Estimation with Capture-Recapture Data
   gfortran(Win64) Vers. 8.0 Jun 2014   25-Jan-2015 15:10:00    Page  010
 - - - - - - - - - - - - - - - - - - - - - - - - - - - - - - - - - - - - - -
 
   13:r:age2                -32.037029      274.06867       -569.21163      505.13757     
   14:r:age3                -883.39332      0.4082426       -884.19348      -882.59317    
   15:r:age4                357.40343       0.0353719       357.33410       357.47276     
   16:r:age5                121.87870       1.4835034       118.97104       124.78637     
   17:r:age6                -91.119299      2.9471979       -96.895807      -85.342791    
   18:F:(Intercept)         2.5163076       5.6936822       -8.6433096      13.675925     


             Real Function Parameters of { S(~age + sex)p(~sex)r(~age)F(~1) }
                                                               95% Confidence Interval
  Parameter                  Estimate       Standard Error      Lower           Upper
 --------------------------  --------------  --------------  --------------  --------------
     1:S g41 c2005 c1 a0 t2  0.9572900       0.1728009       0.0056293       0.9999887                           
     2:S g41 c2005 c1 a1 t2  0.9998154       0.1878827E-003  0.9986439       0.9999749                           
     3:S g41 c2005 c1 a2 t2  0.6994179       0.8473481       0.8620720E-003  0.9998407                           
     4:S g41 c2005 c1 a3 t2  1.0000000       0.0000000       1.0000000       1.0000000                           
     5:S g41 c2005 c1 a4 t2  1.0000000       0.0000000       1.0000000       1.0000000                           
     6:S g41 c2005 c1 a5 t2  1.0000000       0.0000000       1.0000000       1.0000000                           
     7:S g41 c2005 c1 a6 t2  0.0182072       42.392948       0.1828465E-305  1.0000000                           
     8:S g51 c2005 c1 a0 t2  0.9565383       0.1758182       0.0054987       0.9999886                           
     9:S g51 c2005 c1 a1 t2  0.9998120       0.1914094E-003  0.9986180       0.9999745                           
    10:S g51 c2005 c1 a2 t2  0.6955710       0.8518816       0.8590562E-003  0.9998353                           
    11:S g51 c2005 c1 a3 t2  1.0000000       0.0000000       1.0000000       1.0000000                           
    12:S g51 c2005 c1 a4 t2  1.0000000       0.0000000       1.0000000       1.0000000                           
    13:S g51 c2005 c1 a5 t2  1.0000000       0.0000000       1.0000000       1.0000000                           
    14:S g51 c2005 c1 a6 t2  0.0178842       41.654429       0.1795430E-305  1.0000000                           
    15:p g41 c2005 c1 a1 t2  0.0012278       0.9264774E-003  0.2795495E-003  0.0053755                           
    16:p g51 c2005 c1 a1 t2  0.6093354E-003  0.5066401E-003  0.1193663E-003  0.0031043                           
    17:r g41 c2005 c1 a0 t2  0.9790172       3.9599688       0.3804506E-162  1.0000000                           
    18:r g41 c2005 c1 a1 t2  1.0000000       0.0000000       1.0000000       1.0000000                           
    19:r g41 c2005 c1 a2 t2  0.5694061E-012  0.1845726E-009  -.3611930E-009  0.3623318E-009                      
    20:r g41 c2005 c1 a3 t2  0.9859677E-304  0.0000000       0.9859677E-304  0.9859677E-304                      
    21:r g41 c2005 c1 a4 t2  1.0000000       0.0000000       1.0000000       1.0000000                           
    22:r g41 c2005 c1 a5 t2  1.0000000       0.0000000       1.0000000       1.0000000                           
    23:r g41 c2005 c1 a6 t2  0.1248297E-037  0.2404042E-035  -.4699439E-035  0.4724405E-035                      
    24:F g41 c2005 c1 a0 t2  0.9252772       0.3936574       0.1762714E-003  0.9999989                           

 Attempted ordering of parameters by estimatibility:
   1  8  9 10  2  3 18 11  7 13 17  5 16  6 12 15 14  4
 Beta number 4 is a singular value.

     CPU Time in seconds for last procedure was 8.03

  Program  MARK  - Survival Rate Estimation with Capture-Recapture Data
   gfortran(Win64) Vers. 8.0 Jun 2014   25-Jan-2015 15:10:00    Page  011
 - - - - - - - - - - - - - - - - - - - - - - - - - - - - - - - - - - - - - -
 


  INPUT --- proc stop;

     CPU Time in minutes for this job was 0.13

     Time Start = 15:09:58.338   Time End = 15:10:00.315

     Wall Clock Time in minutes for this job was 0.03


          E X E C U T I O N   S U C C E S S F U L 
