
   Program  MARK  - Survival Rate Estimation with Capture-Recapture Data
   gfortran(Win64) Vers. 8.0 Jun 2014   25-Jan-2015 15:07:50    Page  001
 - - - - - - - - - - - - - - - - - - - - - - - - - - - - - - - - - - - - - -
 
   This version was compiled by GCC version 4.8.1 using the options 
   -m64 -mtune=generic -march=x86-64 -mthreads -O2 -fimplicit-none -fbounds-check -funroll-loops -ftree-vectorize -fopenmp.
   This problem will use 7 of 8 possible threads.


  INPUT --- proc title ;

     CPU Time in seconds for last procedure was 0.00


  INPUT --- proc chmatrix occasions= 7 groups= 6 etype= Both ICMeans 
  INPUT --- NoHist hist= 51 ;

  INPUT ---    time  interval 1 1 1 1 1 1 1 ;

  INPUT ---    glabel(1)=sex4.age1;

  INPUT ---    glabel(2)=sex5.age1;

  INPUT ---    glabel(3)=sex4.age2;

  INPUT ---    glabel(4)=sex5.age2;

  INPUT ---    glabel(5)=sex4.age4;

  INPUT ---    glabel(6)=sex5.age4;

   * *  WARNING  * *   At least a pair of the encounter histories are duplicates. 

      Number of unique encounter histories read was 17.

      Number of individual covariates read was 0.
      Time interval lengths are all equal to 1.

      Data type number is 3
      Data type is Joint Live and Dead Encounters (Burnham)                                                            

     CPU Time in seconds for last procedure was 0.00

  Program  MARK  - Survival Rate Estimation with Capture-Recapture Data
   gfortran(Win64) Vers. 8.0 Jun 2014   25-Jan-2015 15:07:50    Page  002
 - - - - - - - - - - - - - - - - - - - - - - - - - - - - - - - - - - - - - -
 


  INPUT --- proc estimate link=Logit NOLOOP varest=2ndPart    ;


  INPUT --- model={ S(~age + time)p(~age)r(~1)F(~1) };

  INPUT ---    group=1 S    rows=7 cols=7 Triang ;
  INPUT ---        1 2 3 4 5 6 7 ;
  INPUT ---        8 9 10 11 12 13 ;
  INPUT ---        14 15 16 17 18 ;
  INPUT ---        19 20 21 22 ;
  INPUT ---        23 24 25 ;
  INPUT ---        26 27 ;
  INPUT ---        28 ;

  INPUT ---    group=2 S    rows=7 cols=7 Triang ;
  INPUT ---        1 2 3 4 5 6 7 ;
  INPUT ---        8 9 10 11 12 13 ;
  INPUT ---        14 15 16 17 18 ;
  INPUT ---        19 20 21 22 ;
  INPUT ---        23 24 25 ;
  INPUT ---        26 27 ;
  INPUT ---        28 ;

  INPUT ---    group=3 S    rows=7 cols=7 Triang ;
  INPUT ---        1 2 3 4 5 6 7 ;
  INPUT ---        8 9 10 11 12 13 ;
  INPUT ---        14 15 16 17 18 ;
  INPUT ---        19 20 21 22 ;
  INPUT ---        23 24 25 ;
  INPUT ---        26 27 ;
  INPUT ---        28 ;

  INPUT ---    group=4 S    rows=7 cols=7 Triang ;
  INPUT ---        1 2 3 4 5 6 7 ;
  INPUT ---        8 9 10 11 12 13 ;
  INPUT ---        14 15 16 17 18 ;
  INPUT ---        19 20 21 22 ;
  INPUT ---        23 24 25 ;
  INPUT ---        26 27 ;
  INPUT ---        28 ;

  INPUT ---    group=5 S    rows=7 cols=7 Triang ;
  INPUT ---        1 2 3 4 5 6 7 ;
  INPUT ---        8 9 10 11 12 13 ;

  Program  MARK  - Survival Rate Estimation with Capture-Recapture Data
   gfortran(Win64) Vers. 8.0 Jun 2014   25-Jan-2015 15:07:50    Page  003
 - - - - - - - - - - - - - - - - - - - - - - - - - - - - - - - - - - - - - -
 
  INPUT ---        14 15 16 17 18 ;
  INPUT ---        19 20 21 22 ;
  INPUT ---        23 24 25 ;
  INPUT ---        26 27 ;
  INPUT ---        28 ;

  INPUT ---    group=6 S    rows=7 cols=7 Triang ;
  INPUT ---        1 2 3 4 5 6 7 ;
  INPUT ---        8 9 10 11 12 13 ;
  INPUT ---        14 15 16 17 18 ;
  INPUT ---        19 20 21 22 ;
  INPUT ---        23 24 25 ;
  INPUT ---        26 27 ;
  INPUT ---        28 ;

  INPUT ---    group=1 p    rows=6 cols=6 Triang ;
  INPUT ---        29 30 31 32 33 34 ;
  INPUT ---        29 30 31 32 33 ;
  INPUT ---        29 30 31 32 ;
  INPUT ---        29 30 31 ;
  INPUT ---        29 30 ;
  INPUT ---        29 ;

  INPUT ---    group=2 p    rows=6 cols=6 Triang ;
  INPUT ---        29 30 31 32 33 34 ;
  INPUT ---        29 30 31 32 33 ;
  INPUT ---        29 30 31 32 ;
  INPUT ---        29 30 31 ;
  INPUT ---        29 30 ;
  INPUT ---        29 ;

  INPUT ---    group=3 p    rows=6 cols=6 Triang ;
  INPUT ---        29 30 31 32 33 34 ;
  INPUT ---        29 30 31 32 33 ;
  INPUT ---        29 30 31 32 ;
  INPUT ---        29 30 31 ;
  INPUT ---        29 30 ;
  INPUT ---        29 ;

  INPUT ---    group=4 p    rows=6 cols=6 Triang ;
  INPUT ---        29 30 31 32 33 34 ;
  INPUT ---        29 30 31 32 33 ;
  INPUT ---        29 30 31 32 ;
  INPUT ---        29 30 31 ;
  INPUT ---        29 30 ;
  INPUT ---        29 ;

  Program  MARK  - Survival Rate Estimation with Capture-Recapture Data
   gfortran(Win64) Vers. 8.0 Jun 2014   25-Jan-2015 15:07:50    Page  004
 - - - - - - - - - - - - - - - - - - - - - - - - - - - - - - - - - - - - - -
 

  INPUT ---    group=5 p    rows=6 cols=6 Triang ;
  INPUT ---        29 30 31 32 33 34 ;
  INPUT ---        29 30 31 32 33 ;
  INPUT ---        29 30 31 32 ;
  INPUT ---        29 30 31 ;
  INPUT ---        29 30 ;
  INPUT ---        29 ;

  INPUT ---    group=6 p    rows=6 cols=6 Triang ;
  INPUT ---        29 30 31 32 33 34 ;
  INPUT ---        29 30 31 32 33 ;
  INPUT ---        29 30 31 32 ;
  INPUT ---        29 30 31 ;
  INPUT ---        29 30 ;
  INPUT ---        29 ;

  INPUT ---    group=1 r    rows=7 cols=7 Triang ;
  INPUT ---        35 35 35 35 35 35 35 ;
  INPUT ---        35 35 35 35 35 35 ;
  INPUT ---        35 35 35 35 35 ;
  INPUT ---        35 35 35 35 ;
  INPUT ---        35 35 35 ;
  INPUT ---        35 35 ;
  INPUT ---        35 ;

  INPUT ---    group=2 r    rows=7 cols=7 Triang ;
  INPUT ---        35 35 35 35 35 35 35 ;
  INPUT ---        35 35 35 35 35 35 ;
  INPUT ---        35 35 35 35 35 ;
  INPUT ---        35 35 35 35 ;
  INPUT ---        35 35 35 ;
  INPUT ---        35 35 ;
  INPUT ---        35 ;

  INPUT ---    group=3 r    rows=7 cols=7 Triang ;
  INPUT ---        35 35 35 35 35 35 35 ;
  INPUT ---        35 35 35 35 35 35 ;
  INPUT ---        35 35 35 35 35 ;
  INPUT ---        35 35 35 35 ;
  INPUT ---        35 35 35 ;
  INPUT ---        35 35 ;
  INPUT ---        35 ;

  INPUT ---    group=4 r    rows=7 cols=7 Triang ;
  INPUT ---        35 35 35 35 35 35 35 ;

  Program  MARK  - Survival Rate Estimation with Capture-Recapture Data
   gfortran(Win64) Vers. 8.0 Jun 2014   25-Jan-2015 15:07:50    Page  005
 - - - - - - - - - - - - - - - - - - - - - - - - - - - - - - - - - - - - - -
 
  INPUT ---        35 35 35 35 35 35 ;
  INPUT ---        35 35 35 35 35 ;
  INPUT ---        35 35 35 35 ;
  INPUT ---        35 35 35 ;
  INPUT ---        35 35 ;
  INPUT ---        35 ;

  INPUT ---    group=5 r    rows=7 cols=7 Triang ;
  INPUT ---        35 35 35 35 35 35 35 ;
  INPUT ---        35 35 35 35 35 35 ;
  INPUT ---        35 35 35 35 35 ;
  INPUT ---        35 35 35 35 ;
  INPUT ---        35 35 35 ;
  INPUT ---        35 35 ;
  INPUT ---        35 ;

  INPUT ---    group=6 r    rows=7 cols=7 Triang ;
  INPUT ---        35 35 35 35 35 35 35 ;
  INPUT ---        35 35 35 35 35 35 ;
  INPUT ---        35 35 35 35 35 ;
  INPUT ---        35 35 35 35 ;
  INPUT ---        35 35 35 ;
  INPUT ---        35 35 ;
  INPUT ---        35 ;

  INPUT ---    group=1 F    rows=6 cols=6 Triang ;
  INPUT ---        36 36 36 36 36 36 ;
  INPUT ---        36 36 36 36 36 ;
  INPUT ---        36 36 36 36 ;
  INPUT ---        36 36 36 ;
  INPUT ---        36 36 ;
  INPUT ---        36 ;

  INPUT ---    group=2 F    rows=6 cols=6 Triang ;
  INPUT ---        36 36 36 36 36 36 ;
  INPUT ---        36 36 36 36 36 ;
  INPUT ---        36 36 36 36 ;
  INPUT ---        36 36 36 ;
  INPUT ---        36 36 ;
  INPUT ---        36 ;

  INPUT ---    group=3 F    rows=6 cols=6 Triang ;
  INPUT ---        36 36 36 36 36 36 ;
  INPUT ---        36 36 36 36 36 ;
  INPUT ---        36 36 36 36 ;
  INPUT ---        36 36 36 ;

  Program  MARK  - Survival Rate Estimation with Capture-Recapture Data
   gfortran(Win64) Vers. 8.0 Jun 2014   25-Jan-2015 15:07:50    Page  006
 - - - - - - - - - - - - - - - - - - - - - - - - - - - - - - - - - - - - - -
 
  INPUT ---        36 36 ;
  INPUT ---        36 ;

  INPUT ---    group=4 F    rows=6 cols=6 Triang ;
  INPUT ---        36 36 36 36 36 36 ;
  INPUT ---        36 36 36 36 36 ;
  INPUT ---        36 36 36 36 ;
  INPUT ---        36 36 36 ;
  INPUT ---        36 36 ;
  INPUT ---        36 ;

  INPUT ---    group=5 F    rows=6 cols=6 Triang ;
  INPUT ---        36 36 36 36 36 36 ;
  INPUT ---        36 36 36 36 36 ;
  INPUT ---        36 36 36 36 ;
  INPUT ---        36 36 36 ;
  INPUT ---        36 36 ;
  INPUT ---        36 ;

  INPUT ---    group=6 F    rows=6 cols=6 Triang ;
  INPUT ---        36 36 36 36 36 36 ;
  INPUT ---        36 36 36 36 36 ;
  INPUT ---        36 36 36 36 ;
  INPUT ---        36 36 36 ;
  INPUT ---        36 36 ;
  INPUT ---        36 ;

  INPUT ---    design matrix constraints=36 covariates=21;
  INPUT ---        1 0 0 0 0 0 0 0 0 0 0 0 0 0 0 0 0 0 0 0 0;
  INPUT ---        1 1 0 0 0 0 0 1 0 0 0 0 0 0 0 0 0 0 0 0 0;
  INPUT ---        1 0 1 0 0 0 0 0 1 0 0 0 0 0 0 0 0 0 0 0 0;
  INPUT ---        1 0 0 1 0 0 0 0 0 1 0 0 0 0 0 0 0 0 0 0 0;
  INPUT ---        1 0 0 0 1 0 0 0 0 0 1 0 0 0 0 0 0 0 0 0 0;
  INPUT ---        1 0 0 0 0 1 0 0 0 0 0 1 0 0 0 0 0 0 0 0 0;
  INPUT ---        1 0 0 0 0 0 1 0 0 0 0 0 1 0 0 0 0 0 0 0 0;
  INPUT ---        1 0 0 0 0 0 0 1 0 0 0 0 0 0 0 0 0 0 0 0 0;
  INPUT ---        1 1 0 0 0 0 0 0 1 0 0 0 0 0 0 0 0 0 0 0 0;
  INPUT ---        1 0 1 0 0 0 0 0 0 1 0 0 0 0 0 0 0 0 0 0 0;
  INPUT ---        1 0 0 1 0 0 0 0 0 0 1 0 0 0 0 0 0 0 0 0 0;
  INPUT ---        1 0 0 0 1 0 0 0 0 0 0 1 0 0 0 0 0 0 0 0 0;
  INPUT ---        1 0 0 0 0 1 0 0 0 0 0 0 1 0 0 0 0 0 0 0 0;
  INPUT ---        1 0 0 0 0 0 0 0 1 0 0 0 0 0 0 0 0 0 0 0 0;
  INPUT ---        1 1 0 0 0 0 0 0 0 1 0 0 0 0 0 0 0 0 0 0 0;
  INPUT ---        1 0 1 0 0 0 0 0 0 0 1 0 0 0 0 0 0 0 0 0 0;
  INPUT ---        1 0 0 1 0 0 0 0 0 0 0 1 0 0 0 0 0 0 0 0 0;
  INPUT ---        1 0 0 0 1 0 0 0 0 0 0 0 1 0 0 0 0 0 0 0 0;

  Program  MARK  - Survival Rate Estimation with Capture-Recapture Data
   gfortran(Win64) Vers. 8.0 Jun 2014   25-Jan-2015 15:07:50    Page  007
 - - - - - - - - - - - - - - - - - - - - - - - - - - - - - - - - - - - - - -
 
  INPUT ---        1 0 0 0 0 0 0 0 0 1 0 0 0 0 0 0 0 0 0 0 0;
  INPUT ---        1 1 0 0 0 0 0 0 0 0 1 0 0 0 0 0 0 0 0 0 0;
  INPUT ---        1 0 1 0 0 0 0 0 0 0 0 1 0 0 0 0 0 0 0 0 0;
  INPUT ---        1 0 0 1 0 0 0 0 0 0 0 0 1 0 0 0 0 0 0 0 0;
  INPUT ---        1 0 0 0 0 0 0 0 0 0 1 0 0 0 0 0 0 0 0 0 0;
  INPUT ---        1 1 0 0 0 0 0 0 0 0 0 1 0 0 0 0 0 0 0 0 0;
  INPUT ---        1 0 1 0 0 0 0 0 0 0 0 0 1 0 0 0 0 0 0 0 0;
  INPUT ---        1 0 0 0 0 0 0 0 0 0 0 1 0 0 0 0 0 0 0 0 0;
  INPUT ---        1 1 0 0 0 0 0 0 0 0 0 0 1 0 0 0 0 0 0 0 0;
  INPUT ---        1 0 0 0 0 0 0 0 0 0 0 0 1 0 0 0 0 0 0 0 0;
  INPUT ---        0 0 0 0 0 0 0 0 0 0 0 0 0 1 0 0 0 0 0 0 0;
  INPUT ---        0 0 0 0 0 0 0 0 0 0 0 0 0 1 1 0 0 0 0 0 0;
  INPUT ---        0 0 0 0 0 0 0 0 0 0 0 0 0 1 0 1 0 0 0 0 0;
  INPUT ---        0 0 0 0 0 0 0 0 0 0 0 0 0 1 0 0 1 0 0 0 0;
  INPUT ---        0 0 0 0 0 0 0 0 0 0 0 0 0 1 0 0 0 1 0 0 0;
  INPUT ---        0 0 0 0 0 0 0 0 0 0 0 0 0 1 0 0 0 0 1 0 0;
  INPUT ---        0 0 0 0 0 0 0 0 0 0 0 0 0 0 0 0 0 0 0 1 0;
  INPUT ---        0 0 0 0 0 0 0 0 0 0 0 0 0 0 0 0 0 0 0 0 1;

  INPUT ---    blabel(1)=S:(Intercept);

  INPUT ---    blabel(2)=S:age1;

  INPUT ---    blabel(3)=S:age2;

  INPUT ---    blabel(4)=S:age3;

  INPUT ---    blabel(5)=S:age4;

  INPUT ---    blabel(6)=S:age5;

  INPUT ---    blabel(7)=S:age6;

  INPUT ---    blabel(8)=S:time2006;

  INPUT ---    blabel(9)=S:time2007;

  INPUT ---    blabel(10)=S:time2008;

  INPUT ---    blabel(11)=S:time2009;

  INPUT ---    blabel(12)=S:time2010;

  INPUT ---    blabel(13)=S:time2011;

  INPUT ---    blabel(14)=p:(Intercept);

  Program  MARK  - Survival Rate Estimation with Capture-Recapture Data
   gfortran(Win64) Vers. 8.0 Jun 2014   25-Jan-2015 15:07:50    Page  008
 - - - - - - - - - - - - - - - - - - - - - - - - - - - - - - - - - - - - - -
 

  INPUT ---    blabel(15)=p:age2;

  INPUT ---    blabel(16)=p:age3;

  INPUT ---    blabel(17)=p:age4;

  INPUT ---    blabel(18)=p:age5;

  INPUT ---    blabel(19)=p:age6;

  INPUT ---    blabel(20)=r:(Intercept);

  INPUT ---    blabel(21)=F:(Intercept);

  INPUT ---    rlabel(1)=S g41 c2005 c1 a0 t2005;

  INPUT ---    rlabel(2)=S g41 c2005 c1 a1 t2006;

  INPUT ---    rlabel(3)=S g41 c2005 c1 a2 t2007;

  INPUT ---    rlabel(4)=S g41 c2005 c1 a3 t2008;

  INPUT ---    rlabel(5)=S g41 c2005 c1 a4 t2009;

  INPUT ---    rlabel(6)=S g41 c2005 c1 a5 t2010;

  INPUT ---    rlabel(7)=S g41 c2005 c1 a6 t2011;

  INPUT ---    rlabel(8)=S g41 c2006 c2 a0 t2006;

  INPUT ---    rlabel(9)=S g41 c2006 c2 a1 t2007;

  INPUT ---    rlabel(10)=S g41 c2006 c2 a2 t2008;

  INPUT ---    rlabel(11)=S g41 c2006 c2 a3 t2009;

  INPUT ---    rlabel(12)=S g41 c2006 c2 a4 t2010;

  INPUT ---    rlabel(13)=S g41 c2006 c2 a5 t2011;

  INPUT ---    rlabel(14)=S g41 c2007 c3 a0 t2007;

  INPUT ---    rlabel(15)=S g41 c2007 c3 a1 t2008;

  INPUT ---    rlabel(16)=S g41 c2007 c3 a2 t2009;

  Program  MARK  - Survival Rate Estimation with Capture-Recapture Data
   gfortran(Win64) Vers. 8.0 Jun 2014   25-Jan-2015 15:07:50    Page  009
 - - - - - - - - - - - - - - - - - - - - - - - - - - - - - - - - - - - - - -
 

  INPUT ---    rlabel(17)=S g41 c2007 c3 a3 t2010;

  INPUT ---    rlabel(18)=S g41 c2007 c3 a4 t2011;

  INPUT ---    rlabel(19)=S g41 c2008 c4 a0 t2008;

  INPUT ---    rlabel(20)=S g41 c2008 c4 a1 t2009;

  INPUT ---    rlabel(21)=S g41 c2008 c4 a2 t2010;

  INPUT ---    rlabel(22)=S g41 c2008 c4 a3 t2011;

  INPUT ---    rlabel(23)=S g41 c2009 c5 a0 t2009;

  INPUT ---    rlabel(24)=S g41 c2009 c5 a1 t2010;

  INPUT ---    rlabel(25)=S g41 c2009 c5 a2 t2011;

  INPUT ---    rlabel(26)=S g41 c2010 c6 a0 t2010;

  INPUT ---    rlabel(27)=S g41 c2010 c6 a1 t2011;

  INPUT ---    rlabel(28)=S g41 c2011 c7 a0 t2011;

  INPUT ---    rlabel(29)=p g41 c2005 c1 a1 t2006;

  INPUT ---    rlabel(30)=p g41 c2005 c1 a2 t2007;

  INPUT ---    rlabel(31)=p g41 c2005 c1 a3 t2008;

  INPUT ---    rlabel(32)=p g41 c2005 c1 a4 t2009;

  INPUT ---    rlabel(33)=p g41 c2005 c1 a5 t2010;

  INPUT ---    rlabel(34)=p g41 c2005 c1 a6 t2011;

  INPUT ---    rlabel(35)=r g41 c2005 c1 a0 t2005;

  INPUT ---    rlabel(36)=F g41 c2005 c1 a0 t2005;

 Link Function Used is LOGIT        

 Variance Estimation Procedure Used is 2ndPart 

 M(t+1):

  Program  MARK  - Survival Rate Estimation with Capture-Recapture Data
   gfortran(Win64) Vers. 8.0 Jun 2014   25-Jan-2015 15:07:50    Page  010
 - - - - - - - - - - - - - - - - - - - - - - - - - - - - - - - - - - - - - -
 



 -2logL(saturated) = 1739.8188     
 Effective Sample Size = 7075

 Number of function evaluations was 143 for 21 parameters.
 Time for numerical optimization was 2.71 seconds.
 -2logL { S(~age + time)p(~age)r(~1)F(~1) } = 2471.5706     
 Penalty { S(~age + time)p(~age)r(~1)F(~1) } = -0.0000000    
 Gradient { S(~age + time)p(~age)r(~1)F(~1) }:
  0.5787002E-04-0.1719745E-04  0.000000     0.4159318E-04 0.3700161E-04
   0.000000      0.000000      0.000000    -0.3718703E-04 0.1643678E-04
   0.000000      0.000000     0.7534485E-05-0.3212642E-04 0.3422651E-04
  0.3262894E-04-0.9467546E-05  0.000000      0.000000     0.3838460E-03
  0.2484518E-05
 S Vector { S(~age + time)p(~age)r(~1)F(~1) }:
   281.6714      19.28935      7.455932      2.157077      1.694386    
   1.486402     0.7718260     0.3549353     0.1180053     0.6238701E-01
  0.2512397E-04 0.1208190E-04 0.1295879E-05 0.6621088E-06 0.5249485E-06
  0.3047465E-06 0.2402422E-06 0.1889443E-06 0.1566007E-06 0.5421157E-08
  0.2576061E-08
 Time to compute number of parameters was 0.48 seconds.
   Threshold =  0.4400000E-06     Condition index =  0.9145623E-11     New Threshold =  0.1180499E-07
 New Guessimate of Estimated Parameters { S(~age + time)p(~age)r(~1)F(~1) } = 12          
 Conditioned S Vector { S(~age + time)p(~age)r(~1)F(~1) }:
   1.000000     0.6848173E-01 0.2647031E-01 0.7658131E-02 0.6015468E-02
  0.5277077E-02 0.2740164E-02 0.1260104E-02 0.4189467E-03 0.2214886E-03
  0.8919601E-07 0.4289359E-07 0.4600677E-08 0.2350642E-08 0.1863691E-08
  0.1081922E-08 0.8529165E-09 0.6707968E-09 0.5559694E-09 0.1924638E-10
  0.9145623E-11
 Number of Estimated Parameters { S(~age + time)p(~age)r(~1)F(~1) } = 10          
 DEVIANCE { S(~age + time)p(~age)r(~1)F(~1) } = 731.75183                     
 DEVIANCE Degrees of Freedom { S(~age + time)p(~age)r(~1)F(~1) } = 5            
 c-hat { S(~age + time)p(~age)r(~1)F(~1) } = 146.35037                     
 AIC { S(~age + time)p(~age)r(~1)F(~1) } = 2491.5706                  
 AICc { S(~age + time)p(~age)r(~1)F(~1) } = 2491.6017                    
 BIC { S(~age + time)p(~age)r(~1)F(~1) } = 2560.2138                    
 Pearson Chisquare { S(~age + time)p(~age)r(~1)F(~1) } = Not a Number               
 Possible Encounter Histories { S(~age + time)p(~age)r(~1)F(~1) } = 896             
 Pearson Chisquare df { S(~age + time)p(~age)r(~1)F(~1) } = 850        
 Pearson chat { S(~age + time)p(~age)r(~1)F(~1) } = Not a Number               
 Sum(Observed/Expected) { S(~age + time)p(~age)r(~1)F(~1) } = Not a Number               
 Fletcher chat { S(~age + time)p(~age)r(~1)F(~1) } = Not a Number               


             LOGIT Link Function Parameters of { S(~age + time)p(~age)r(~1)F(~1) }
                                                              95% Confidence Interval
 Parameter                    Beta         Standard Error      Lower           Upper
 -------------------------  --------------  --------------  --------------  --------------
    1:S:(Intercept)         -0.5716164      1.6044199       -3.7162795      2.5730467     
    2:S:age1                51.885439       0.0000000       51.885439       51.885439     
    3:S:age2                67.483010       2500.1446       -4832.8006      4967.7666     
    4:S:age3                49.292809       0.0000000       49.292809       49.292809     
    5:S:age4                0.2289933       207.20528       -405.89336      406.35135     
    6:S:age5                3.0537497       0.0000000       3.0537497       3.0537497     
    7:S:age6                -3.4009849      1569.6643       -3079.9430      3073.1410     
    8:S:time2006            -28.780417      188.50429       -398.24883      340.68799     
    9:S:time2007            0.2228656       2.3186817       -4.3217507      4.7674819     
   10:S:time2008            -54.332903      0.0000000       -54.332903      -54.332903    
   11:S:time2009            18.894754       1267.1187       -2464.6579      2502.4474     

  Program  MARK  - Survival Rate Estimation with Capture-Recapture Data
   gfortran(Win64) Vers. 8.0 Jun 2014   25-Jan-2015 15:07:50    Page  011
 - - - - - - - - - - - - - - - - - - - - - - - - - - - - - - - - - - - - - -
 
   12:S:time2010            19.712757       1851.0216       -3608.2896      3647.7151     
   13:S:time2011            -47.284370      0.0000000       -47.284370      -47.284370    
   14:p:(Intercept)         -6.0774668      0.4659543       -6.9907372      -5.1641964    
   15:p:age2                -0.3286409      0.8453330       -1.9854935      1.3282118     
   16:p:age3                0.3936932       1.3977851       -2.3459655      3.1333520     
   17:p:age4                3.8032230       2.4823014       -1.0620879      8.6685340     
   18:p:age5                -10.748444      2114.1818       -4154.5448      4133.0479     
   19:p:age6                27.701967       175.70777       -316.68527      372.08921     
   20:r:(Intercept)         -2.7910821      0.0596791       -2.9080531      -2.6741111    
   21:F:(Intercept)         17.303240       2046.0208       -3992.8977      4027.5042     


             Real Function Parameters of { S(~age + time)p(~age)r(~1)F(~1) }
                                                               95% Confidence Interval
  Parameter                  Estimate       Standard Error      Lower           Upper
 --------------------------  --------------  --------------  --------------  --------------
     1:S g41 c2005 c1 a0 t2  0.3608639       0.3700453       0.0237467       0.9291066                           
     2:S g41 c2005 c1 a1 t2  1.0000000       0.2032795E-007  1.0000000       1.0000000                           
     3:S g41 c2005 c1 a2 t2  1.0000000       0.0000000       1.0000000       1.0000000                           
     4:S g41 c2005 c1 a3 t2  0.0036415       0.0052082       0.2192233E-003  0.0574204                           
     5:S g41 c2005 c1 a4 t2  1.0000000       0.1155791E-004  0.9999773       1.0000226                           
     6:S g41 c2005 c1 a5 t2  1.0000000       0.3735464E-006  0.9999993       1.0000007                           
     7:S g41 c2005 c1 a6 t2  0.5487572E-022  0.8575753E-019  -.1680299E-018  0.1681396E-018                      
     8:S g41 c2006 c2 a0 t2  0.1788850E-012  0.3372193E-010  -.6591610E-010  0.6627387E-010                      
     9:S g41 c2006 c2 a1 t2  1.0000000       0.0000000       1.0000000       1.0000000                           
    10:S g41 c2006 c2 a2 t2  0.9999966       0.0086264       0.2861750E-298  1.0000000                           
    11:S g41 c2006 c2 a3 t2  1.0000000       0.0000000       1.0000000       1.0000000                           
    12:S g41 c2006 c2 a4 t2  1.0000000       0.7160724E-005  0.9999860       1.0000140                           
    13:S g41 c2006 c2 a5 t2  0.3488477E-019  0.0000000       0.3488477E-019  0.3488477E-019                      
    14:S g41 c2007 c3 a0 t2  0.4136854       0.4539519       0.0176875       0.9650935                           
    15:S g41 c2007 c3 a1 t2  0.0465713       0.1152502       0.3015034E-003  0.8877803                           
    16:S g41 c2007 c3 a2 t2  1.0000000       0.0000000       1.0000000       1.0000000                           
    17:S g41 c2007 c3 a3 t2  1.0000000       0.0000000       1.0000000       1.0000000                           
    18:S g41 c2007 c3 a4 t2  0.2069473E-020  0.3042175E-018  -.5941969E-018  0.5983358E-018                      
    19:S g41 c2008 c4 a0 t2  0.1429783E-023  0.0000000       0.1429783E-023  0.1429783E-023                      
    20:S g41 c2008 c4 a1 t2  1.0000000       0.0000000       1.0000000       1.0000000                           
    21:S g41 c2008 c4 a2 t2  1.0000000       0.0000000       1.0000000       1.0000000                           
    22:S g41 c2008 c4 a3 t2  0.8079622       0.4987439       0.0076650       0.9995638                           
    23:S g41 c2009 c5 a0 t2  1.0000000       0.1396945E-004  0.8943352E-296  1.0000000                           
    24:S g41 c2009 c5 a1 t2  1.0000000       0.0000000       1.0000000       1.0000000                           
    25:S g41 c2009 c5 a2 t2  1.0000000       0.7493687E-005  0.9999853       1.0000147                           
    26:S g41 c2010 c6 a0 t2  1.0000000       0.9005749E-005  0.9999823       1.0000176                           
    27:S g41 c2010 c6 a1 t2  0.9825267       0.0174921       0.8841620       0.9975918                           
    28:S g41 c2011 c7 a0 t2  0.1645922E-020  0.0000000       0.1645922E-020  0.1645922E-020                      
    29:p g41 c2005 c1 a1 t2  0.0022887       0.0010640       0.9195215E-003  0.0056852                           
    30:p g41 c2005 c1 a2 t2  0.0016487       0.0012306       0.3813080E-003  0.0070989                           

  Program  MARK  - Survival Rate Estimation with Capture-Recapture Data
   gfortran(Win64) Vers. 8.0 Jun 2014   25-Jan-2015 15:07:50    Page  012
 - - - - - - - - - - - - - - - - - - - - - - - - - - - - - - - - - - - - - -
 
    31:p g41 c2005 c1 a3 t2  0.0033892       0.0047649       0.2141287E-003  0.0512306                           
    32:p g41 c2005 c1 a4 t2  0.0932787       0.2078954       0.8310406E-003  0.9271365                           
    33:p g41 c2005 c1 a5 t2  0.4927197E-007  0.1041699E-003  0.4858057E-311  1.0000000                           
    34:p g41 c2005 c1 a6 t2  1.0000000       0.7134959E-007  0.9999999       1.0000001                           
    35:r g41 c2005 c1 a0 t2  0.0578080       0.0032505       0.0517569       0.0645184                           
    36:F g41 c2005 c1 a0 t2  1.0000000       0.6254726E-004  0.3225258E-296  1.0000000                           

 Attempted ordering of parameters by estimatibility:
  20  1 14 15  2 17 16  9 10 13  5  4  6 11  7 12 21 18  3 19  8
 Beta number 8 is a singular value.

     CPU Time in seconds for last procedure was 3.21


  INPUT --- proc stop;

     CPU Time in minutes for this job was 0.05

     Time Start = 15:07:50.021   Time End = 15:07:50.813

     Wall Clock Time in minutes for this job was 0.01


          E X E C U T I O N   S U C C E S S F U L 
