
   Program  MARK  - Survival Rate Estimation with Capture-Recapture Data
   gfortran(Win64) Vers. 8.0 Jun 2014   21-Jan-2015 17:24:56    Page  001
 - - - - - - - - - - - - - - - - - - - - - - - - - - - - - - - - - - - - - -
 
   This version was compiled by GCC version 4.8.1 using the options 
   -m64 -mtune=generic -march=x86-64 -mthreads -O2 -fimplicit-none -fbounds-check -funroll-loops -ftree-vectorize -fopenmp.
   This problem will use 3 of 4 possible threads.


  INPUT --- proc title ;

     CPU Time in seconds for last procedure was 0.00


  INPUT --- proc chmatrix occasions= 7 groups= 2 etype= Live ICMeans 
  INPUT --- NoHist hist= 55 ;

  INPUT ---    time  interval 1 1 1 1 1 1 ;

  INPUT ---    glabel(1)=sexFemale;

  INPUT ---    glabel(2)=sexMale;

   * *  WARNING  * *   At least a pair of the encounter histories are duplicates. 

      Number of unique encounter histories read was 32.

      Number of individual covariates read was 0.
      Time interval lengths are all equal to 1.

      Data type number is 1
      Data type is Live Recaptures (CJS)                                                                               

     CPU Time in seconds for last procedure was 0.00

  Program  MARK  - Survival Rate Estimation with Capture-Recapture Data
   gfortran(Win64) Vers. 8.0 Jun 2014   21-Jan-2015 17:24:56    Page  002
 - - - - - - - - - - - - - - - - - - - - - - - - - - - - - - - - - - - - - -
 


  INPUT --- proc estimate link=Logit NOLOOP varest=2ndPart    ;


  INPUT --- model={ Phi(~sex * time)p(~sex) };

  INPUT ---    group=1 Phi    rows=6 cols=6 Triang ;
  INPUT ---        1 2 3 4 5 6 ;
  INPUT ---        2 3 4 5 6 ;
  INPUT ---        3 4 5 6 ;
  INPUT ---        4 5 6 ;
  INPUT ---        5 6 ;
  INPUT ---        6 ;

  INPUT ---    group=2 Phi    rows=6 cols=6 Triang ;
  INPUT ---        7 8 9 10 11 12 ;
  INPUT ---        8 9 10 11 12 ;
  INPUT ---        9 10 11 12 ;
  INPUT ---        10 11 12 ;
  INPUT ---        11 12 ;
  INPUT ---        12 ;

  INPUT ---    group=1 p    rows=6 cols=6 Triang ;
  INPUT ---        13 13 13 13 13 13 ;
  INPUT ---        13 13 13 13 13 ;
  INPUT ---        13 13 13 13 ;
  INPUT ---        13 13 13 ;
  INPUT ---        13 13 ;
  INPUT ---        13 ;

  INPUT ---    group=2 p    rows=6 cols=6 Triang ;
  INPUT ---        14 14 14 14 14 14 ;
  INPUT ---        14 14 14 14 14 ;
  INPUT ---        14 14 14 14 ;
  INPUT ---        14 14 14 ;
  INPUT ---        14 14 ;
  INPUT ---        14 ;

  INPUT ---    design matrix constraints=14 covariates=14;
  INPUT ---        1 0 0 0 0 0 0 0 0 0 0 0 0 0;
  INPUT ---        1 0 1 0 0 0 0 0 0 0 0 0 0 0;
  INPUT ---        1 0 0 1 0 0 0 0 0 0 0 0 0 0;
  INPUT ---        1 0 0 0 1 0 0 0 0 0 0 0 0 0;
  INPUT ---        1 0 0 0 0 1 0 0 0 0 0 0 0 0;
  INPUT ---        1 0 0 0 0 0 1 0 0 0 0 0 0 0;

  Program  MARK  - Survival Rate Estimation with Capture-Recapture Data
   gfortran(Win64) Vers. 8.0 Jun 2014   21-Jan-2015 17:24:56    Page  003
 - - - - - - - - - - - - - - - - - - - - - - - - - - - - - - - - - - - - - -
 
  INPUT ---        1 1 0 0 0 0 0 0 0 0 0 0 0 0;
  INPUT ---        1 1 1 0 0 0 0 1 0 0 0 0 0 0;
  INPUT ---        1 1 0 1 0 0 0 0 1 0 0 0 0 0;
  INPUT ---        1 1 0 0 1 0 0 0 0 1 0 0 0 0;
  INPUT ---        1 1 0 0 0 1 0 0 0 0 1 0 0 0;
  INPUT ---        1 1 0 0 0 0 1 0 0 0 0 1 0 0;
  INPUT ---        0 0 0 0 0 0 0 0 0 0 0 0 1 0;
  INPUT ---        0 0 0 0 0 0 0 0 0 0 0 0 1 1;

  INPUT ---    blabel(1)=Phi:(Intercept);

  INPUT ---    blabel(2)=Phi:sexMale;

  INPUT ---    blabel(3)=Phi:time2;

  INPUT ---    blabel(4)=Phi:time3;

  INPUT ---    blabel(5)=Phi:time4;

  INPUT ---    blabel(6)=Phi:time5;

  INPUT ---    blabel(7)=Phi:time6;

  INPUT ---    blabel(8)=Phi:sexMale:time2;

  INPUT ---    blabel(9)=Phi:sexMale:time3;

  INPUT ---    blabel(10)=Phi:sexMale:time4;

  INPUT ---    blabel(11)=Phi:sexMale:time5;

  INPUT ---    blabel(12)=Phi:sexMale:time6;

  INPUT ---    blabel(13)=p:(Intercept);

  INPUT ---    blabel(14)=p:sexMale;

  INPUT ---    rlabel(1)=Phi gFemale c1 c1 a0 t1;

  INPUT ---    rlabel(2)=Phi gFemale c1 c1 a1 t2;

  INPUT ---    rlabel(3)=Phi gFemale c1 c1 a2 t3;

  INPUT ---    rlabel(4)=Phi gFemale c1 c1 a3 t4;

  INPUT ---    rlabel(5)=Phi gFemale c1 c1 a4 t5;

  Program  MARK  - Survival Rate Estimation with Capture-Recapture Data
   gfortran(Win64) Vers. 8.0 Jun 2014   21-Jan-2015 17:24:56    Page  004
 - - - - - - - - - - - - - - - - - - - - - - - - - - - - - - - - - - - - - -
 

  INPUT ---    rlabel(6)=Phi gFemale c1 c1 a5 t6;

  INPUT ---    rlabel(7)=Phi gMale c1 c1 a0 t1;

  INPUT ---    rlabel(8)=Phi gMale c1 c1 a1 t2;

  INPUT ---    rlabel(9)=Phi gMale c1 c1 a2 t3;

  INPUT ---    rlabel(10)=Phi gMale c1 c1 a3 t4;

  INPUT ---    rlabel(11)=Phi gMale c1 c1 a4 t5;

  INPUT ---    rlabel(12)=Phi gMale c1 c1 a5 t6;

  INPUT ---    rlabel(13)=p gFemale c1 c1 a1 t2;

  INPUT ---    rlabel(14)=p gMale c1 c1 a1 t2;

 Link Function Used is LOGIT        

 Variance Estimation Procedure Used is 2ndPart 
 -2logL(saturated) = 582.47711     
 Effective Sample Size = 426

 Number of function evaluations was 27 for 14 parameters.
 Time for numerical optimization was 0.05 seconds.
 -2logL { Phi(~sex * time)p(~sex) } = 657.89959     
 Penalty { Phi(~sex * time)p(~sex) } = -0.0000000    
 Gradient { Phi(~sex * time)p(~sex) }:
  0.1433965E-04 0.1002192E-04-0.6398168E-05  0.000000      0.000000    
  0.2252703E-04  0.000000     0.9815131E-05  0.000000     0.1091621E-04
   0.000000     0.7401243E-05  0.000000      0.000000    
 S Vector { Phi(~sex * time)p(~sex) }:
   154.4457      25.28013      24.80233      22.49246      21.64446    
   18.18141      10.86240      3.787408      3.423497      3.075777    
   2.860380      1.798261     0.9887015     0.1254819    
 Time to compute number of parameters was 0.05 seconds.
   Threshold =  0.3000000E-06     Condition index =  0.8124661E-03     New Threshold =  0.4695102    
 New Guessimate of Estimated Parameters { Phi(~sex * time)p(~sex) } = 1          
 Conditioned S Vector { Phi(~sex * time)p(~sex) }:
   1.000000     0.1636830     0.1605893     0.1456335     0.1401429    
  0.1177204     0.7033151E-01 0.2452259E-01 0.2216635E-01 0.1991494E-01
  0.1852030E-01 0.1164332E-01 0.6401613E-02 0.8124661E-03
 Number of Estimated Parameters { Phi(~sex * time)p(~sex) } = 14          
 DEVIANCE { Phi(~sex * time)p(~sex) } = 75.422480                     
 DEVIANCE Degrees of Freedom { Phi(~sex * time)p(~sex) } = 27            
 c-hat { Phi(~sex * time)p(~sex) } = 2.7934252                     
 AIC { Phi(~sex * time)p(~sex) } = 685.89959                  
 AICc { Phi(~sex * time)p(~sex) } = 686.92149                    
 BIC { Phi(~sex * time)p(~sex) } = 742.66174                    
 Pearson Chisquare { Phi(~sex * time)p(~sex) } = 160.55497                  
 Possible Encounter Histories { Phi(~sex * time)p(~sex) } = 252             
 Pearson Chisquare df { Phi(~sex * time)p(~sex) } = 226        
 Pearson chat { Phi(~sex * time)p(~sex) } = 0.7104202                  
 Sum(Observed/Expected) { Phi(~sex * time)p(~sex) } = 193.57633                  
 Fletcher chat { Phi(~sex * time)p(~sex) } = 0.9248336                  

  Program  MARK  - Survival Rate Estimation with Capture-Recapture Data
   gfortran(Win64) Vers. 8.0 Jun 2014   21-Jan-2015 17:24:56    Page  005
 - - - - - - - - - - - - - - - - - - - - - - - - - - - - - - - - - - - - - -
 


                 LOGIT Link Function Parameters of { Phi(~sex * time)p(~sex) }
                                                              95% Confidence Interval
 Parameter                    Beta         Standard Error      Lower           Upper
 -------------------------  --------------  --------------  --------------  --------------
    1:Phi:(Intercept)       0.5856288       0.7264327       -0.8381792      2.0094369     
    2:Phi:sexMale           -0.1343823      0.9616306       -2.0191782      1.7504137     
    3:Phi:time2             -0.7768655      0.8206849       -2.3854078      0.8316769     
    4:Phi:time3             -0.7360899      0.7934787       -2.2913081      0.8191283     
    5:Phi:time4             -0.0330272      0.8014841       -1.6039360      1.5378817     
    6:Phi:time5             0.0093372       0.8001682       -1.5589925      1.5776669     
    7:Phi:time6             -0.4466183      0.7890133       -1.9930844      1.0998478     
    8:Phi:sexMale:time2     0.1582814       1.1161194       -2.0293128      2.3458755     
    9:Phi:sexMale:time3     0.2689383       1.0678575       -1.8240624      2.3619390     
   10:Phi:sexMale:time4     0.0414499       1.0740617       -2.0637111      2.1466109     
   11:Phi:sexMale:time5     -0.1631655      1.0641842       -2.2489666      1.9226356     
   12:Phi:sexMale:time6     0.5360505       1.0613989       -1.5442914      2.6163924     
   13:p:(Intercept)         2.0467507       0.4276389       1.2085784       2.8849229     
   14:p:sexMale             0.3882555       0.6703651       -0.9256600      1.7021710     


                 Real Function Parameters of { Phi(~sex * time)p(~sex) }
                                                               95% Confidence Interval
  Parameter                  Estimate       Standard Error      Lower           Upper
 --------------------------  --------------  --------------  --------------  --------------
     1:Phi gFemale c1 c1 a0  0.6423616       0.1668857       0.3019184       0.8817843                           
     2:Phi gFemale c1 c1 a1  0.4523360       0.0897293       0.2888109       0.6268420                           
     3:Phi gFemale c1 c1 a2  0.4624555       0.0802982       0.3135513       0.6183726                           
     4:Phi gFemale c1 c1 a3  0.6347390       0.0799293       0.4692604       0.7735239                           
     5:Phi gFemale c1 c1 a4  0.6445038       0.0788864       0.4800433       0.7807087                           
     6:Phi gFemale c1 c1 a5  0.5346968       0.0810460       0.3776666       0.6851379                           
     7:Phi gMale c1 c1 a0 t  0.6109356       0.1497750       0.3135044       0.8437343                           
     8:Phi gMale c1 c1 a1 t  0.4582630       0.0998609       0.2777317       0.6504609                           
     9:Phi gMale c1 c1 a2 t  0.4960238       0.0850993       0.3355641       0.6573068                           
    10:Phi gMale c1 c1 a3 t  0.6129357       0.0812828       0.4472353       0.7560577                           
    11:Phi gMale c1 c1 a4 t  0.5738113       0.0762503       0.4222114       0.7127010                           
    12:Phi gMale c1 c1 a5 t  0.6319703       0.0796463       0.4674198       0.7706285                           
    13:p gFemale c1 c1 a1 t  0.8856189       0.0433190       0.7700473       0.9470961                           
    14:p gMale c1 c1 a1 t2   0.9194580       0.0382309       0.8058324       0.9691373                           

     CPU Time in seconds for last procedure was 0.11

  Program  MARK  - Survival Rate Estimation with Capture-Recapture Data
   gfortran(Win64) Vers. 8.0 Jun 2014   21-Jan-2015 17:24:56    Page  006
 - - - - - - - - - - - - - - - - - - - - - - - - - - - - - - - - - - - - - -
 


  INPUT --- proc stop;

     CPU Time in minutes for this job was 0.00

     Time Start = 17:24:56.481   Time End = 17:24:56.564

     Wall Clock Time in minutes for this job was 0.00


          E X E C U T I O N   S U C C E S S F U L 
