
   Program  MARK  - Survival Rate Estimation with Capture-Recapture Data
   gfortran(Win64) Vers. 8.0 Jun 2014   25-Jan-2015 15:07:57    Page  001
 - - - - - - - - - - - - - - - - - - - - - - - - - - - - - - - - - - - - - -
 
   This version was compiled by GCC version 4.8.1 using the options 
   -m64 -mtune=generic -march=x86-64 -mthreads -O2 -fimplicit-none -fbounds-check -funroll-loops -ftree-vectorize -fopenmp.
   This problem will use 7 of 8 possible threads.


  INPUT --- proc title ;

     CPU Time in seconds for last procedure was 0.00


  INPUT --- proc chmatrix occasions= 7 groups= 6 etype= Both ICMeans 
  INPUT --- NoHist hist= 51 ;

  INPUT ---    time  interval 1 1 1 1 1 1 1 ;

  INPUT ---    glabel(1)=sex4.age1;

  INPUT ---    glabel(2)=sex5.age1;

  INPUT ---    glabel(3)=sex4.age2;

  INPUT ---    glabel(4)=sex5.age2;

  INPUT ---    glabel(5)=sex4.age4;

  INPUT ---    glabel(6)=sex5.age4;

   * *  WARNING  * *   At least a pair of the encounter histories are duplicates. 

      Number of unique encounter histories read was 17.

      Number of individual covariates read was 0.
      Time interval lengths are all equal to 1.

      Data type number is 3
      Data type is Joint Live and Dead Encounters (Burnham)                                                            

     CPU Time in seconds for last procedure was 0.00

  Program  MARK  - Survival Rate Estimation with Capture-Recapture Data
   gfortran(Win64) Vers. 8.0 Jun 2014   25-Jan-2015 15:07:57    Page  002
 - - - - - - - - - - - - - - - - - - - - - - - - - - - - - - - - - - - - - -
 


  INPUT --- proc estimate link=Logit NOLOOP varest=2ndPart    ;


  INPUT --- model={ S(~age + time)p(~1)r(~1)F(~1) };

  INPUT ---    group=1 S    rows=7 cols=7 Triang ;
  INPUT ---        1 2 3 4 5 6 7 ;
  INPUT ---        8 9 10 11 12 13 ;
  INPUT ---        14 15 16 17 18 ;
  INPUT ---        19 20 21 22 ;
  INPUT ---        23 24 25 ;
  INPUT ---        26 27 ;
  INPUT ---        28 ;

  INPUT ---    group=2 S    rows=7 cols=7 Triang ;
  INPUT ---        1 2 3 4 5 6 7 ;
  INPUT ---        8 9 10 11 12 13 ;
  INPUT ---        14 15 16 17 18 ;
  INPUT ---        19 20 21 22 ;
  INPUT ---        23 24 25 ;
  INPUT ---        26 27 ;
  INPUT ---        28 ;

  INPUT ---    group=3 S    rows=7 cols=7 Triang ;
  INPUT ---        1 2 3 4 5 6 7 ;
  INPUT ---        8 9 10 11 12 13 ;
  INPUT ---        14 15 16 17 18 ;
  INPUT ---        19 20 21 22 ;
  INPUT ---        23 24 25 ;
  INPUT ---        26 27 ;
  INPUT ---        28 ;

  INPUT ---    group=4 S    rows=7 cols=7 Triang ;
  INPUT ---        1 2 3 4 5 6 7 ;
  INPUT ---        8 9 10 11 12 13 ;
  INPUT ---        14 15 16 17 18 ;
  INPUT ---        19 20 21 22 ;
  INPUT ---        23 24 25 ;
  INPUT ---        26 27 ;
  INPUT ---        28 ;

  INPUT ---    group=5 S    rows=7 cols=7 Triang ;
  INPUT ---        1 2 3 4 5 6 7 ;
  INPUT ---        8 9 10 11 12 13 ;

  Program  MARK  - Survival Rate Estimation with Capture-Recapture Data
   gfortran(Win64) Vers. 8.0 Jun 2014   25-Jan-2015 15:07:57    Page  003
 - - - - - - - - - - - - - - - - - - - - - - - - - - - - - - - - - - - - - -
 
  INPUT ---        14 15 16 17 18 ;
  INPUT ---        19 20 21 22 ;
  INPUT ---        23 24 25 ;
  INPUT ---        26 27 ;
  INPUT ---        28 ;

  INPUT ---    group=6 S    rows=7 cols=7 Triang ;
  INPUT ---        1 2 3 4 5 6 7 ;
  INPUT ---        8 9 10 11 12 13 ;
  INPUT ---        14 15 16 17 18 ;
  INPUT ---        19 20 21 22 ;
  INPUT ---        23 24 25 ;
  INPUT ---        26 27 ;
  INPUT ---        28 ;

  INPUT ---    group=1 p    rows=6 cols=6 Triang ;
  INPUT ---        29 29 29 29 29 29 ;
  INPUT ---        29 29 29 29 29 ;
  INPUT ---        29 29 29 29 ;
  INPUT ---        29 29 29 ;
  INPUT ---        29 29 ;
  INPUT ---        29 ;

  INPUT ---    group=2 p    rows=6 cols=6 Triang ;
  INPUT ---        29 29 29 29 29 29 ;
  INPUT ---        29 29 29 29 29 ;
  INPUT ---        29 29 29 29 ;
  INPUT ---        29 29 29 ;
  INPUT ---        29 29 ;
  INPUT ---        29 ;

  INPUT ---    group=3 p    rows=6 cols=6 Triang ;
  INPUT ---        29 29 29 29 29 29 ;
  INPUT ---        29 29 29 29 29 ;
  INPUT ---        29 29 29 29 ;
  INPUT ---        29 29 29 ;
  INPUT ---        29 29 ;
  INPUT ---        29 ;

  INPUT ---    group=4 p    rows=6 cols=6 Triang ;
  INPUT ---        29 29 29 29 29 29 ;
  INPUT ---        29 29 29 29 29 ;
  INPUT ---        29 29 29 29 ;
  INPUT ---        29 29 29 ;
  INPUT ---        29 29 ;
  INPUT ---        29 ;

  Program  MARK  - Survival Rate Estimation with Capture-Recapture Data
   gfortran(Win64) Vers. 8.0 Jun 2014   25-Jan-2015 15:07:57    Page  004
 - - - - - - - - - - - - - - - - - - - - - - - - - - - - - - - - - - - - - -
 

  INPUT ---    group=5 p    rows=6 cols=6 Triang ;
  INPUT ---        29 29 29 29 29 29 ;
  INPUT ---        29 29 29 29 29 ;
  INPUT ---        29 29 29 29 ;
  INPUT ---        29 29 29 ;
  INPUT ---        29 29 ;
  INPUT ---        29 ;

  INPUT ---    group=6 p    rows=6 cols=6 Triang ;
  INPUT ---        29 29 29 29 29 29 ;
  INPUT ---        29 29 29 29 29 ;
  INPUT ---        29 29 29 29 ;
  INPUT ---        29 29 29 ;
  INPUT ---        29 29 ;
  INPUT ---        29 ;

  INPUT ---    group=1 r    rows=7 cols=7 Triang ;
  INPUT ---        30 30 30 30 30 30 30 ;
  INPUT ---        30 30 30 30 30 30 ;
  INPUT ---        30 30 30 30 30 ;
  INPUT ---        30 30 30 30 ;
  INPUT ---        30 30 30 ;
  INPUT ---        30 30 ;
  INPUT ---        30 ;

  INPUT ---    group=2 r    rows=7 cols=7 Triang ;
  INPUT ---        30 30 30 30 30 30 30 ;
  INPUT ---        30 30 30 30 30 30 ;
  INPUT ---        30 30 30 30 30 ;
  INPUT ---        30 30 30 30 ;
  INPUT ---        30 30 30 ;
  INPUT ---        30 30 ;
  INPUT ---        30 ;

  INPUT ---    group=3 r    rows=7 cols=7 Triang ;
  INPUT ---        30 30 30 30 30 30 30 ;
  INPUT ---        30 30 30 30 30 30 ;
  INPUT ---        30 30 30 30 30 ;
  INPUT ---        30 30 30 30 ;
  INPUT ---        30 30 30 ;
  INPUT ---        30 30 ;
  INPUT ---        30 ;

  INPUT ---    group=4 r    rows=7 cols=7 Triang ;
  INPUT ---        30 30 30 30 30 30 30 ;

  Program  MARK  - Survival Rate Estimation with Capture-Recapture Data
   gfortran(Win64) Vers. 8.0 Jun 2014   25-Jan-2015 15:07:57    Page  005
 - - - - - - - - - - - - - - - - - - - - - - - - - - - - - - - - - - - - - -
 
  INPUT ---        30 30 30 30 30 30 ;
  INPUT ---        30 30 30 30 30 ;
  INPUT ---        30 30 30 30 ;
  INPUT ---        30 30 30 ;
  INPUT ---        30 30 ;
  INPUT ---        30 ;

  INPUT ---    group=5 r    rows=7 cols=7 Triang ;
  INPUT ---        30 30 30 30 30 30 30 ;
  INPUT ---        30 30 30 30 30 30 ;
  INPUT ---        30 30 30 30 30 ;
  INPUT ---        30 30 30 30 ;
  INPUT ---        30 30 30 ;
  INPUT ---        30 30 ;
  INPUT ---        30 ;

  INPUT ---    group=6 r    rows=7 cols=7 Triang ;
  INPUT ---        30 30 30 30 30 30 30 ;
  INPUT ---        30 30 30 30 30 30 ;
  INPUT ---        30 30 30 30 30 ;
  INPUT ---        30 30 30 30 ;
  INPUT ---        30 30 30 ;
  INPUT ---        30 30 ;
  INPUT ---        30 ;

  INPUT ---    group=1 F    rows=6 cols=6 Triang ;
  INPUT ---        31 31 31 31 31 31 ;
  INPUT ---        31 31 31 31 31 ;
  INPUT ---        31 31 31 31 ;
  INPUT ---        31 31 31 ;
  INPUT ---        31 31 ;
  INPUT ---        31 ;

  INPUT ---    group=2 F    rows=6 cols=6 Triang ;
  INPUT ---        31 31 31 31 31 31 ;
  INPUT ---        31 31 31 31 31 ;
  INPUT ---        31 31 31 31 ;
  INPUT ---        31 31 31 ;
  INPUT ---        31 31 ;
  INPUT ---        31 ;

  INPUT ---    group=3 F    rows=6 cols=6 Triang ;
  INPUT ---        31 31 31 31 31 31 ;
  INPUT ---        31 31 31 31 31 ;
  INPUT ---        31 31 31 31 ;
  INPUT ---        31 31 31 ;

  Program  MARK  - Survival Rate Estimation with Capture-Recapture Data
   gfortran(Win64) Vers. 8.0 Jun 2014   25-Jan-2015 15:07:57    Page  006
 - - - - - - - - - - - - - - - - - - - - - - - - - - - - - - - - - - - - - -
 
  INPUT ---        31 31 ;
  INPUT ---        31 ;

  INPUT ---    group=4 F    rows=6 cols=6 Triang ;
  INPUT ---        31 31 31 31 31 31 ;
  INPUT ---        31 31 31 31 31 ;
  INPUT ---        31 31 31 31 ;
  INPUT ---        31 31 31 ;
  INPUT ---        31 31 ;
  INPUT ---        31 ;

  INPUT ---    group=5 F    rows=6 cols=6 Triang ;
  INPUT ---        31 31 31 31 31 31 ;
  INPUT ---        31 31 31 31 31 ;
  INPUT ---        31 31 31 31 ;
  INPUT ---        31 31 31 ;
  INPUT ---        31 31 ;
  INPUT ---        31 ;

  INPUT ---    group=6 F    rows=6 cols=6 Triang ;
  INPUT ---        31 31 31 31 31 31 ;
  INPUT ---        31 31 31 31 31 ;
  INPUT ---        31 31 31 31 ;
  INPUT ---        31 31 31 ;
  INPUT ---        31 31 ;
  INPUT ---        31 ;

  INPUT ---    design matrix constraints=31 covariates=16;
  INPUT ---        1 0 0 0 0 0 0 0 0 0 0 0 0 0 0 0;
  INPUT ---        1 1 0 0 0 0 0 1 0 0 0 0 0 0 0 0;
  INPUT ---        1 0 1 0 0 0 0 0 1 0 0 0 0 0 0 0;
  INPUT ---        1 0 0 1 0 0 0 0 0 1 0 0 0 0 0 0;
  INPUT ---        1 0 0 0 1 0 0 0 0 0 1 0 0 0 0 0;
  INPUT ---        1 0 0 0 0 1 0 0 0 0 0 1 0 0 0 0;
  INPUT ---        1 0 0 0 0 0 1 0 0 0 0 0 1 0 0 0;
  INPUT ---        1 0 0 0 0 0 0 1 0 0 0 0 0 0 0 0;
  INPUT ---        1 1 0 0 0 0 0 0 1 0 0 0 0 0 0 0;
  INPUT ---        1 0 1 0 0 0 0 0 0 1 0 0 0 0 0 0;
  INPUT ---        1 0 0 1 0 0 0 0 0 0 1 0 0 0 0 0;
  INPUT ---        1 0 0 0 1 0 0 0 0 0 0 1 0 0 0 0;
  INPUT ---        1 0 0 0 0 1 0 0 0 0 0 0 1 0 0 0;
  INPUT ---        1 0 0 0 0 0 0 0 1 0 0 0 0 0 0 0;
  INPUT ---        1 1 0 0 0 0 0 0 0 1 0 0 0 0 0 0;
  INPUT ---        1 0 1 0 0 0 0 0 0 0 1 0 0 0 0 0;
  INPUT ---        1 0 0 1 0 0 0 0 0 0 0 1 0 0 0 0;
  INPUT ---        1 0 0 0 1 0 0 0 0 0 0 0 1 0 0 0;

  Program  MARK  - Survival Rate Estimation with Capture-Recapture Data
   gfortran(Win64) Vers. 8.0 Jun 2014   25-Jan-2015 15:07:57    Page  007
 - - - - - - - - - - - - - - - - - - - - - - - - - - - - - - - - - - - - - -
 
  INPUT ---        1 0 0 0 0 0 0 0 0 1 0 0 0 0 0 0;
  INPUT ---        1 1 0 0 0 0 0 0 0 0 1 0 0 0 0 0;
  INPUT ---        1 0 1 0 0 0 0 0 0 0 0 1 0 0 0 0;
  INPUT ---        1 0 0 1 0 0 0 0 0 0 0 0 1 0 0 0;
  INPUT ---        1 0 0 0 0 0 0 0 0 0 1 0 0 0 0 0;
  INPUT ---        1 1 0 0 0 0 0 0 0 0 0 1 0 0 0 0;
  INPUT ---        1 0 1 0 0 0 0 0 0 0 0 0 1 0 0 0;
  INPUT ---        1 0 0 0 0 0 0 0 0 0 0 1 0 0 0 0;
  INPUT ---        1 1 0 0 0 0 0 0 0 0 0 0 1 0 0 0;
  INPUT ---        1 0 0 0 0 0 0 0 0 0 0 0 1 0 0 0;
  INPUT ---        0 0 0 0 0 0 0 0 0 0 0 0 0 1 0 0;
  INPUT ---        0 0 0 0 0 0 0 0 0 0 0 0 0 0 1 0;
  INPUT ---        0 0 0 0 0 0 0 0 0 0 0 0 0 0 0 1;

  INPUT ---    blabel(1)=S:(Intercept);

  INPUT ---    blabel(2)=S:age1;

  INPUT ---    blabel(3)=S:age2;

  INPUT ---    blabel(4)=S:age3;

  INPUT ---    blabel(5)=S:age4;

  INPUT ---    blabel(6)=S:age5;

  INPUT ---    blabel(7)=S:age6;

  INPUT ---    blabel(8)=S:time2006;

  INPUT ---    blabel(9)=S:time2007;

  INPUT ---    blabel(10)=S:time2008;

  INPUT ---    blabel(11)=S:time2009;

  INPUT ---    blabel(12)=S:time2010;

  INPUT ---    blabel(13)=S:time2011;

  INPUT ---    blabel(14)=p:(Intercept);

  INPUT ---    blabel(15)=r:(Intercept);

  INPUT ---    blabel(16)=F:(Intercept);


  Program  MARK  - Survival Rate Estimation with Capture-Recapture Data
   gfortran(Win64) Vers. 8.0 Jun 2014   25-Jan-2015 15:07:57    Page  008
 - - - - - - - - - - - - - - - - - - - - - - - - - - - - - - - - - - - - - -
 
  INPUT ---    rlabel(1)=S g41 c2005 c1 a0 t2005;

  INPUT ---    rlabel(2)=S g41 c2005 c1 a1 t2006;

  INPUT ---    rlabel(3)=S g41 c2005 c1 a2 t2007;

  INPUT ---    rlabel(4)=S g41 c2005 c1 a3 t2008;

  INPUT ---    rlabel(5)=S g41 c2005 c1 a4 t2009;

  INPUT ---    rlabel(6)=S g41 c2005 c1 a5 t2010;

  INPUT ---    rlabel(7)=S g41 c2005 c1 a6 t2011;

  INPUT ---    rlabel(8)=S g41 c2006 c2 a0 t2006;

  INPUT ---    rlabel(9)=S g41 c2006 c2 a1 t2007;

  INPUT ---    rlabel(10)=S g41 c2006 c2 a2 t2008;

  INPUT ---    rlabel(11)=S g41 c2006 c2 a3 t2009;

  INPUT ---    rlabel(12)=S g41 c2006 c2 a4 t2010;

  INPUT ---    rlabel(13)=S g41 c2006 c2 a5 t2011;

  INPUT ---    rlabel(14)=S g41 c2007 c3 a0 t2007;

  INPUT ---    rlabel(15)=S g41 c2007 c3 a1 t2008;

  INPUT ---    rlabel(16)=S g41 c2007 c3 a2 t2009;

  INPUT ---    rlabel(17)=S g41 c2007 c3 a3 t2010;

  INPUT ---    rlabel(18)=S g41 c2007 c3 a4 t2011;

  INPUT ---    rlabel(19)=S g41 c2008 c4 a0 t2008;

  INPUT ---    rlabel(20)=S g41 c2008 c4 a1 t2009;

  INPUT ---    rlabel(21)=S g41 c2008 c4 a2 t2010;

  INPUT ---    rlabel(22)=S g41 c2008 c4 a3 t2011;

  INPUT ---    rlabel(23)=S g41 c2009 c5 a0 t2009;


  Program  MARK  - Survival Rate Estimation with Capture-Recapture Data
   gfortran(Win64) Vers. 8.0 Jun 2014   25-Jan-2015 15:07:57    Page  009
 - - - - - - - - - - - - - - - - - - - - - - - - - - - - - - - - - - - - - -
 
  INPUT ---    rlabel(24)=S g41 c2009 c5 a1 t2010;

  INPUT ---    rlabel(25)=S g41 c2009 c5 a2 t2011;

  INPUT ---    rlabel(26)=S g41 c2010 c6 a0 t2010;

  INPUT ---    rlabel(27)=S g41 c2010 c6 a1 t2011;

  INPUT ---    rlabel(28)=S g41 c2011 c7 a0 t2011;

  INPUT ---    rlabel(29)=p g41 c2005 c1 a1 t2006;

  INPUT ---    rlabel(30)=r g41 c2005 c1 a0 t2005;

  INPUT ---    rlabel(31)=F g41 c2005 c1 a0 t2005;

 Link Function Used is LOGIT        

 Variance Estimation Procedure Used is 2ndPart 

 M(t+1):



 -2logL(saturated) = 1739.8188     
 Effective Sample Size = 7075

 Number of function evaluations was 85 for 16 parameters.
 Time for numerical optimization was 1.11 seconds.
 -2logL { S(~age + time)p(~1)r(~1)F(~1) } = 2578.6016     
 Penalty { S(~age + time)p(~1)r(~1)F(~1) } = -0.0000000    
 Gradient { S(~age + time)p(~1)r(~1)F(~1) }:
  0.6799650E-04-0.1562362E-03-0.2621986E-05 0.2207969E-04-0.1316668E-04
 -0.1012718E-04-0.1272937E-04-0.9694739E-06-0.1687977E-03 0.2222857E-04
 -0.9218285E-06  0.000000    -0.1565403E-03 0.6354343E-05-0.5506247E-03
   0.000000    
 S Vector { S(~age + time)p(~1)r(~1)F(~1) }:
   284.2915      14.31578      3.391746      1.201264     0.8145229    
  0.1111033     0.1077030E-04 0.5575073E-05 0.4610635E-05 0.1656708E-05
  0.1100791E-05 0.1069682E-05 0.1582296E-06 0.3934651E-07 0.1500341E-07
  0.1235247E-07
 Time to compute number of parameters was 0.30 seconds.
   Threshold =  0.3400000E-06     Condition index =  0.4345001E-10     New Threshold =  0.4940987E-07
 New Guessimate of Estimated Parameters { S(~age + time)p(~1)r(~1)F(~1) } = 6          
 Conditioned S Vector { S(~age + time)p(~1)r(~1)F(~1) }:
   1.000000     0.5035601E-01 0.1193052E-01 0.4225466E-02 0.2865098E-02
  0.3908078E-03 0.3788471E-07 0.1961041E-07 0.1621799E-07 0.5827499E-08
  0.3872050E-08 0.3762624E-08 0.5565754E-09 0.1384020E-09 0.5277474E-10
  0.4345001E-10
 Number of Estimated Parameters { S(~age + time)p(~1)r(~1)F(~1) } = 6          
 DEVIANCE { S(~age + time)p(~1)r(~1)F(~1) } = 838.78289                     
 DEVIANCE Degrees of Freedom { S(~age + time)p(~1)r(~1)F(~1) } = 9            
 c-hat { S(~age + time)p(~1)r(~1)F(~1) } = 93.198099                     
 AIC { S(~age + time)p(~1)r(~1)F(~1) } = 2590.6016                  
 AICc { S(~age + time)p(~1)r(~1)F(~1) } = 2590.6135                    
 BIC { S(~age + time)p(~1)r(~1)F(~1) } = 2631.7876                    
 Pearson Chisquare { S(~age + time)p(~1)r(~1)F(~1) } = Not a Number               
 Possible Encounter Histories { S(~age + time)p(~1)r(~1)F(~1) } = 896             
 Pearson Chisquare df { S(~age + time)p(~1)r(~1)F(~1) } = 854        
 Pearson chat { S(~age + time)p(~1)r(~1)F(~1) } = Not a Number               
 Sum(Observed/Expected) { S(~age + time)p(~1)r(~1)F(~1) } = Not a Number               
 Fletcher chat { S(~age + time)p(~1)r(~1)F(~1) } = Not a Number               

  Program  MARK  - Survival Rate Estimation with Capture-Recapture Data
   gfortran(Win64) Vers. 8.0 Jun 2014   25-Jan-2015 15:07:57    Page  010
 - - - - - - - - - - - - - - - - - - - - - - - - - - - - - - - - - - - - - -
 


              LOGIT Link Function Parameters of { S(~age + time)p(~1)r(~1)F(~1) }
                                                              95% Confidence Interval
 Parameter                    Beta         Standard Error      Lower           Upper
 -------------------------  --------------  --------------  --------------  --------------
    1:S:(Intercept)         -0.3375610      1.3921273       -3.0661305      2.3910085     
    2:S:age1                67.400046       0.0000000       67.400046       67.400046     
    3:S:age2                16.343620       2527.2595       -4937.0851      4969.7724     
    4:S:age3                48.429757       683.29252       -1290.8236      1387.6831     
    5:S:age4                2.4537734       444.17525       -868.12974      873.03728     
    6:S:age5                3.4903630       797.88142       -1560.3573      1567.3380     
    7:S:age6                -2.5724257      463.72495       -911.47334      906.32849     
    8:S:time2006            -45.906609      5041.6229       -9927.4877      9835.6744     
    9:S:time2007            -0.3470186      1.4879119       -3.2633260      2.5692888     
   10:S:time2008            -48.098698      683.29190       -1387.3508      1291.1534     
   11:S:time2009            48.331015       8994.4930       -17580.876      17677.538     
   12:S:time2010            63.113247       8159.8259       -15930.146      16056.372     
   13:S:time2011            -63.200178      0.0000000       -63.200178      -63.200178    
   14:p:(Intercept)         -6.1564809      0.4086862       -6.9575059      -5.3554559    
   15:r:(Intercept)         -2.9642014      0.0594043       -3.0806338      -2.8477690    
   16:F:(Intercept)         15.123490       955.99095       -1858.6188      1888.8658     


              Real Function Parameters of { S(~age + time)p(~1)r(~1)F(~1) }
                                                               95% Confidence Interval
  Parameter                  Estimate       Standard Error      Lower           Upper
 --------------------------  --------------  --------------  --------------  --------------
     1:S g41 c2005 c1 a0 t2  0.4164021       0.3383028       0.0445262       0.9161391                           
     2:S g41 c2005 c1 a1 t2  1.0000000       0.3268081E-005  0.9999936       1.0000064                           
     3:S g41 c2005 c1 a2 t2  0.9999998       0.3999584E-003  0.6230136E-297  1.0000000                           
     4:S g41 c2005 c1 a3 t2  0.4983746       0.6084485       0.0083527       0.9915390                           
     5:S g41 c2005 c1 a4 t2  1.0000000       0.0000000       1.0000000       1.0000000                           
     6:S g41 c2005 c1 a5 t2  1.0000000       0.0000000       1.0000000       1.0000000                           
     7:S g41 c2005 c1 a6 t2  0.1944108E-028  0.7982304E-026  -.1562588E-025  0.1566476E-025                      
     8:S g41 c2006 c2 a0 t2  0.8249205E-020  0.4158940E-016  -.8150697E-016  0.8152347E-016                      
     9:S g41 c2006 c2 a1 t2  1.0000000       0.0000000       1.0000000       1.0000000                           
    10:S g41 c2006 c2 a2 t2  0.1154367E-013  0.3009282E-010  -.5897038E-010  0.5899347E-010                      
    11:S g41 c2006 c2 a3 t2  1.0000000       0.0000000       1.0000000       1.0000000                           
    12:S g41 c2006 c2 a4 t2  1.0000000       0.0000000       1.0000000       1.0000000                           
    13:S g41 c2006 c2 a5 t2  0.8351337E-026  0.6415101E-023  -.1256525E-022  0.1258195E-022                      
    14:S g41 c2007 c3 a0 t2  0.3352400       0.2364922       0.0592715       0.8014477                           
    15:S g41 c2007 c3 a1 t2  1.0000000       0.3766659E-005  0.9999926       1.0000074                           
    16:S g41 c2007 c3 a2 t2  1.0000000       0.0000000       1.0000000       1.0000000                           
    17:S g41 c2007 c3 a3 t2  1.0000000       0.0000000       1.0000000       1.0000000                           
    18:S g41 c2007 c3 a4 t2  0.2961903E-026  0.1148595E-023  -.2248283E-023  0.2254207E-023                      

  Program  MARK  - Survival Rate Estimation with Capture-Recapture Data
   gfortran(Win64) Vers. 8.0 Jun 2014   25-Jan-2015 15:07:57    Page  011
 - - - - - - - - - - - - - - - - - - - - - - - - - - - - - - - - - - - - - -
 
    19:S g41 c2008 c4 a0 t2  0.9212979E-021  0.6295146E-018  -.1232927E-017  0.1234770E-017                      
    20:S g41 c2008 c4 a1 t2  1.0000000       0.0000000       1.0000000       1.0000000                           
    21:S g41 c2008 c4 a2 t2  1.0000000       0.0000000       1.0000000       1.0000000                           
    22:S g41 c2008 c4 a3 t2  0.2745913E-006  0.1780375E-003  0.2707382E-310  1.0000000                           
    23:S g41 c2009 c5 a0 t2  1.0000000       0.0000000       1.0000000       1.0000000                           
    24:S g41 c2009 c5 a1 t2  1.0000000       0.0000000       1.0000000       1.0000000                           
    25:S g41 c2009 c5 a2 t2  0.3190469E-020  0.8035553E-017  -.1574649E-016  0.1575287E-016                      
    26:S g41 c2010 c6 a0 t2  1.0000000       0.0000000       1.0000000       1.0000000                           
    27:S g41 c2010 c6 a1 t2  0.9794133       0.0206083       0.8651818       0.9971727                           
    28:S g41 c2011 c7 a0 t2  0.2546306E-027  0.0000000       0.2546306E-027  0.2546306E-027                      
    29:p g41 c2005 c1 a1 t2  0.0021152       0.8626311E-003  0.9505622E-003  0.0047001                           
    30:r g41 c2005 c1 a0 t2  0.0490696       0.0027719       0.0439132       0.0547968                           
    31:F g41 c2005 c1 a0 t2  0.9999997       0.2584671E-003  0.3646791E-297  1.0000000                           

 Attempted ordering of parameters by estimatibility:
  15 14  1  9 13 10  2  5  7  6  4 16  3  8 12 11
 Beta number 11 is a singular value.

     CPU Time in seconds for last procedure was 1.42


  INPUT --- proc stop;

     CPU Time in minutes for this job was 0.02

     Time Start = 15:07:57.117   Time End = 15:07:57.534

     Wall Clock Time in minutes for this job was 0.01


          E X E C U T I O N   S U C C E S S F U L 
