
   Program  MARK  - Survival Rate Estimation with Capture-Recapture Data
   gfortran(Win64) Vers. 8.0 Jun 2014   25-Jan-2015 15:10:11    Page  001
 - - - - - - - - - - - - - - - - - - - - - - - - - - - - - - - - - - - - - -
 
   This version was compiled by GCC version 4.8.1 using the options 
   -m64 -mtune=generic -march=x86-64 -mthreads -O2 -fimplicit-none -fbounds-check -funroll-loops -ftree-vectorize -fopenmp.
   This problem will use 7 of 8 possible threads.


  INPUT --- proc title ;

     CPU Time in seconds for last procedure was 0.00


  INPUT --- proc chmatrix occasions= 7 groups= 6 etype= Both ICMeans 
  INPUT --- NoHist hist= 51 ;

  INPUT ---    time  interval 1 1 1 1 1 1 1 ;

  INPUT ---    glabel(1)=sex4.age1;

  INPUT ---    glabel(2)=sex5.age1;

  INPUT ---    glabel(3)=sex4.age2;

  INPUT ---    glabel(4)=sex5.age2;

  INPUT ---    glabel(5)=sex4.age4;

  INPUT ---    glabel(6)=sex5.age4;

   * *  WARNING  * *   At least a pair of the encounter histories are duplicates. 

      Number of unique encounter histories read was 17.

      Number of individual covariates read was 0.
      Time interval lengths are all equal to 1.

      Data type number is 3
      Data type is Joint Live and Dead Encounters (Burnham)                                                            

     CPU Time in seconds for last procedure was 0.02

  Program  MARK  - Survival Rate Estimation with Capture-Recapture Data
   gfortran(Win64) Vers. 8.0 Jun 2014   25-Jan-2015 15:10:11    Page  002
 - - - - - - - - - - - - - - - - - - - - - - - - - - - - - - - - - - - - - -
 


  INPUT --- proc estimate link=Logit NOLOOP varest=2ndPart    ;


  INPUT --- model={ S(~sex + time)p(~age + sex)r(~age)F(~1) };

  INPUT ---    group=1 S    rows=7 cols=7 Triang ;
  INPUT ---        1 2 3 4 5 6 7 ;
  INPUT ---        2 3 4 5 6 7 ;
  INPUT ---        3 4 5 6 7 ;
  INPUT ---        4 5 6 7 ;
  INPUT ---        5 6 7 ;
  INPUT ---        6 7 ;
  INPUT ---        7 ;

  INPUT ---    group=2 S    rows=7 cols=7 Triang ;
  INPUT ---        8 9 10 11 12 13 14 ;
  INPUT ---        9 10 11 12 13 14 ;
  INPUT ---        10 11 12 13 14 ;
  INPUT ---        11 12 13 14 ;
  INPUT ---        12 13 14 ;
  INPUT ---        13 14 ;
  INPUT ---        14 ;

  INPUT ---    group=3 S    rows=7 cols=7 Triang ;
  INPUT ---        1 2 3 4 5 6 7 ;
  INPUT ---        2 3 4 5 6 7 ;
  INPUT ---        3 4 5 6 7 ;
  INPUT ---        4 5 6 7 ;
  INPUT ---        5 6 7 ;
  INPUT ---        6 7 ;
  INPUT ---        7 ;

  INPUT ---    group=4 S    rows=7 cols=7 Triang ;
  INPUT ---        8 9 10 11 12 13 14 ;
  INPUT ---        9 10 11 12 13 14 ;
  INPUT ---        10 11 12 13 14 ;
  INPUT ---        11 12 13 14 ;
  INPUT ---        12 13 14 ;
  INPUT ---        13 14 ;
  INPUT ---        14 ;

  INPUT ---    group=5 S    rows=7 cols=7 Triang ;
  INPUT ---        1 2 3 4 5 6 7 ;
  INPUT ---        2 3 4 5 6 7 ;

  Program  MARK  - Survival Rate Estimation with Capture-Recapture Data
   gfortran(Win64) Vers. 8.0 Jun 2014   25-Jan-2015 15:10:11    Page  003
 - - - - - - - - - - - - - - - - - - - - - - - - - - - - - - - - - - - - - -
 
  INPUT ---        3 4 5 6 7 ;
  INPUT ---        4 5 6 7 ;
  INPUT ---        5 6 7 ;
  INPUT ---        6 7 ;
  INPUT ---        7 ;

  INPUT ---    group=6 S    rows=7 cols=7 Triang ;
  INPUT ---        8 9 10 11 12 13 14 ;
  INPUT ---        9 10 11 12 13 14 ;
  INPUT ---        10 11 12 13 14 ;
  INPUT ---        11 12 13 14 ;
  INPUT ---        12 13 14 ;
  INPUT ---        13 14 ;
  INPUT ---        14 ;

  INPUT ---    group=1 p    rows=6 cols=6 Triang ;
  INPUT ---        15 16 17 18 19 20 ;
  INPUT ---        15 16 17 18 19 ;
  INPUT ---        15 16 17 18 ;
  INPUT ---        15 16 17 ;
  INPUT ---        15 16 ;
  INPUT ---        15 ;

  INPUT ---    group=2 p    rows=6 cols=6 Triang ;
  INPUT ---        21 22 23 24 25 26 ;
  INPUT ---        21 22 23 24 25 ;
  INPUT ---        21 22 23 24 ;
  INPUT ---        21 22 23 ;
  INPUT ---        21 22 ;
  INPUT ---        21 ;

  INPUT ---    group=3 p    rows=6 cols=6 Triang ;
  INPUT ---        15 16 17 18 19 20 ;
  INPUT ---        15 16 17 18 19 ;
  INPUT ---        15 16 17 18 ;
  INPUT ---        15 16 17 ;
  INPUT ---        15 16 ;
  INPUT ---        15 ;

  INPUT ---    group=4 p    rows=6 cols=6 Triang ;
  INPUT ---        21 22 23 24 25 26 ;
  INPUT ---        21 22 23 24 25 ;
  INPUT ---        21 22 23 24 ;
  INPUT ---        21 22 23 ;
  INPUT ---        21 22 ;
  INPUT ---        21 ;

  Program  MARK  - Survival Rate Estimation with Capture-Recapture Data
   gfortran(Win64) Vers. 8.0 Jun 2014   25-Jan-2015 15:10:11    Page  004
 - - - - - - - - - - - - - - - - - - - - - - - - - - - - - - - - - - - - - -
 

  INPUT ---    group=5 p    rows=6 cols=6 Triang ;
  INPUT ---        15 16 17 18 19 20 ;
  INPUT ---        15 16 17 18 19 ;
  INPUT ---        15 16 17 18 ;
  INPUT ---        15 16 17 ;
  INPUT ---        15 16 ;
  INPUT ---        15 ;

  INPUT ---    group=6 p    rows=6 cols=6 Triang ;
  INPUT ---        21 22 23 24 25 26 ;
  INPUT ---        21 22 23 24 25 ;
  INPUT ---        21 22 23 24 ;
  INPUT ---        21 22 23 ;
  INPUT ---        21 22 ;
  INPUT ---        21 ;

  INPUT ---    group=1 r    rows=7 cols=7 Triang ;
  INPUT ---        27 28 29 30 31 32 33 ;
  INPUT ---        27 28 29 30 31 32 ;
  INPUT ---        27 28 29 30 31 ;
  INPUT ---        27 28 29 30 ;
  INPUT ---        27 28 29 ;
  INPUT ---        27 28 ;
  INPUT ---        27 ;

  INPUT ---    group=2 r    rows=7 cols=7 Triang ;
  INPUT ---        27 28 29 30 31 32 33 ;
  INPUT ---        27 28 29 30 31 32 ;
  INPUT ---        27 28 29 30 31 ;
  INPUT ---        27 28 29 30 ;
  INPUT ---        27 28 29 ;
  INPUT ---        27 28 ;
  INPUT ---        27 ;

  INPUT ---    group=3 r    rows=7 cols=7 Triang ;
  INPUT ---        27 28 29 30 31 32 33 ;
  INPUT ---        27 28 29 30 31 32 ;
  INPUT ---        27 28 29 30 31 ;
  INPUT ---        27 28 29 30 ;
  INPUT ---        27 28 29 ;
  INPUT ---        27 28 ;
  INPUT ---        27 ;

  INPUT ---    group=4 r    rows=7 cols=7 Triang ;
  INPUT ---        27 28 29 30 31 32 33 ;

  Program  MARK  - Survival Rate Estimation with Capture-Recapture Data
   gfortran(Win64) Vers. 8.0 Jun 2014   25-Jan-2015 15:10:11    Page  005
 - - - - - - - - - - - - - - - - - - - - - - - - - - - - - - - - - - - - - -
 
  INPUT ---        27 28 29 30 31 32 ;
  INPUT ---        27 28 29 30 31 ;
  INPUT ---        27 28 29 30 ;
  INPUT ---        27 28 29 ;
  INPUT ---        27 28 ;
  INPUT ---        27 ;

  INPUT ---    group=5 r    rows=7 cols=7 Triang ;
  INPUT ---        27 28 29 30 31 32 33 ;
  INPUT ---        27 28 29 30 31 32 ;
  INPUT ---        27 28 29 30 31 ;
  INPUT ---        27 28 29 30 ;
  INPUT ---        27 28 29 ;
  INPUT ---        27 28 ;
  INPUT ---        27 ;

  INPUT ---    group=6 r    rows=7 cols=7 Triang ;
  INPUT ---        27 28 29 30 31 32 33 ;
  INPUT ---        27 28 29 30 31 32 ;
  INPUT ---        27 28 29 30 31 ;
  INPUT ---        27 28 29 30 ;
  INPUT ---        27 28 29 ;
  INPUT ---        27 28 ;
  INPUT ---        27 ;

  INPUT ---    group=1 F    rows=6 cols=6 Triang ;
  INPUT ---        34 34 34 34 34 34 ;
  INPUT ---        34 34 34 34 34 ;
  INPUT ---        34 34 34 34 ;
  INPUT ---        34 34 34 ;
  INPUT ---        34 34 ;
  INPUT ---        34 ;

  INPUT ---    group=2 F    rows=6 cols=6 Triang ;
  INPUT ---        34 34 34 34 34 34 ;
  INPUT ---        34 34 34 34 34 ;
  INPUT ---        34 34 34 34 ;
  INPUT ---        34 34 34 ;
  INPUT ---        34 34 ;
  INPUT ---        34 ;

  INPUT ---    group=3 F    rows=6 cols=6 Triang ;
  INPUT ---        34 34 34 34 34 34 ;
  INPUT ---        34 34 34 34 34 ;
  INPUT ---        34 34 34 34 ;
  INPUT ---        34 34 34 ;

  Program  MARK  - Survival Rate Estimation with Capture-Recapture Data
   gfortran(Win64) Vers. 8.0 Jun 2014   25-Jan-2015 15:10:11    Page  006
 - - - - - - - - - - - - - - - - - - - - - - - - - - - - - - - - - - - - - -
 
  INPUT ---        34 34 ;
  INPUT ---        34 ;

  INPUT ---    group=4 F    rows=6 cols=6 Triang ;
  INPUT ---        34 34 34 34 34 34 ;
  INPUT ---        34 34 34 34 34 ;
  INPUT ---        34 34 34 34 ;
  INPUT ---        34 34 34 ;
  INPUT ---        34 34 ;
  INPUT ---        34 ;

  INPUT ---    group=5 F    rows=6 cols=6 Triang ;
  INPUT ---        34 34 34 34 34 34 ;
  INPUT ---        34 34 34 34 34 ;
  INPUT ---        34 34 34 34 ;
  INPUT ---        34 34 34 ;
  INPUT ---        34 34 ;
  INPUT ---        34 ;

  INPUT ---    group=6 F    rows=6 cols=6 Triang ;
  INPUT ---        34 34 34 34 34 34 ;
  INPUT ---        34 34 34 34 34 ;
  INPUT ---        34 34 34 34 ;
  INPUT ---        34 34 34 ;
  INPUT ---        34 34 ;
  INPUT ---        34 ;

  INPUT ---    design matrix constraints=34 covariates=23;
  INPUT ---        1 0 0 0 0 0 0 0 0 0 0 0 0 0 0 0 0 0 0 0 0 0 0;
  INPUT ---        1 0 1 0 0 0 0 0 0 0 0 0 0 0 0 0 0 0 0 0 0 0 0;
  INPUT ---        1 0 0 1 0 0 0 0 0 0 0 0 0 0 0 0 0 0 0 0 0 0 0;
  INPUT ---        1 0 0 0 1 0 0 0 0 0 0 0 0 0 0 0 0 0 0 0 0 0 0;
  INPUT ---        1 0 0 0 0 1 0 0 0 0 0 0 0 0 0 0 0 0 0 0 0 0 0;
  INPUT ---        1 0 0 0 0 0 1 0 0 0 0 0 0 0 0 0 0 0 0 0 0 0 0;
  INPUT ---        1 0 0 0 0 0 0 1 0 0 0 0 0 0 0 0 0 0 0 0 0 0 0;
  INPUT ---        1 1 0 0 0 0 0 0 0 0 0 0 0 0 0 0 0 0 0 0 0 0 0;
  INPUT ---        1 1 1 0 0 0 0 0 0 0 0 0 0 0 0 0 0 0 0 0 0 0 0;
  INPUT ---        1 1 0 1 0 0 0 0 0 0 0 0 0 0 0 0 0 0 0 0 0 0 0;
  INPUT ---        1 1 0 0 1 0 0 0 0 0 0 0 0 0 0 0 0 0 0 0 0 0 0;
  INPUT ---        1 1 0 0 0 1 0 0 0 0 0 0 0 0 0 0 0 0 0 0 0 0 0;
  INPUT ---        1 1 0 0 0 0 1 0 0 0 0 0 0 0 0 0 0 0 0 0 0 0 0;
  INPUT ---        1 1 0 0 0 0 0 1 0 0 0 0 0 0 0 0 0 0 0 0 0 0 0;
  INPUT ---        0 0 0 0 0 0 0 0 1 0 0 0 0 0 0 0 0 0 0 0 0 0 0;
  INPUT ---        0 0 0 0 0 0 0 0 1 1 0 0 0 0 0 0 0 0 0 0 0 0 0;
  INPUT ---        0 0 0 0 0 0 0 0 1 0 1 0 0 0 0 0 0 0 0 0 0 0 0;
  INPUT ---        0 0 0 0 0 0 0 0 1 0 0 1 0 0 0 0 0 0 0 0 0 0 0;

  Program  MARK  - Survival Rate Estimation with Capture-Recapture Data
   gfortran(Win64) Vers. 8.0 Jun 2014   25-Jan-2015 15:10:11    Page  007
 - - - - - - - - - - - - - - - - - - - - - - - - - - - - - - - - - - - - - -
 
  INPUT ---        0 0 0 0 0 0 0 0 1 0 0 0 1 0 0 0 0 0 0 0 0 0 0;
  INPUT ---        0 0 0 0 0 0 0 0 1 0 0 0 0 1 0 0 0 0 0 0 0 0 0;
  INPUT ---        0 0 0 0 0 0 0 0 1 0 0 0 0 0 1 0 0 0 0 0 0 0 0;
  INPUT ---        0 0 0 0 0 0 0 0 1 1 0 0 0 0 1 0 0 0 0 0 0 0 0;
  INPUT ---        0 0 0 0 0 0 0 0 1 0 1 0 0 0 1 0 0 0 0 0 0 0 0;
  INPUT ---        0 0 0 0 0 0 0 0 1 0 0 1 0 0 1 0 0 0 0 0 0 0 0;
  INPUT ---        0 0 0 0 0 0 0 0 1 0 0 0 1 0 1 0 0 0 0 0 0 0 0;
  INPUT ---        0 0 0 0 0 0 0 0 1 0 0 0 0 1 1 0 0 0 0 0 0 0 0;
  INPUT ---        0 0 0 0 0 0 0 0 0 0 0 0 0 0 0 1 0 0 0 0 0 0 0;
  INPUT ---        0 0 0 0 0 0 0 0 0 0 0 0 0 0 0 1 1 0 0 0 0 0 0;
  INPUT ---        0 0 0 0 0 0 0 0 0 0 0 0 0 0 0 1 0 1 0 0 0 0 0;
  INPUT ---        0 0 0 0 0 0 0 0 0 0 0 0 0 0 0 1 0 0 1 0 0 0 0;
  INPUT ---        0 0 0 0 0 0 0 0 0 0 0 0 0 0 0 1 0 0 0 1 0 0 0;
  INPUT ---        0 0 0 0 0 0 0 0 0 0 0 0 0 0 0 1 0 0 0 0 1 0 0;
  INPUT ---        0 0 0 0 0 0 0 0 0 0 0 0 0 0 0 1 0 0 0 0 0 1 0;
  INPUT ---        0 0 0 0 0 0 0 0 0 0 0 0 0 0 0 0 0 0 0 0 0 0 1;

  INPUT ---    blabel(1)=S:(Intercept);

  INPUT ---    blabel(2)=S:sex5;

  INPUT ---    blabel(3)=S:time2006;

  INPUT ---    blabel(4)=S:time2007;

  INPUT ---    blabel(5)=S:time2008;

  INPUT ---    blabel(6)=S:time2009;

  INPUT ---    blabel(7)=S:time2010;

  INPUT ---    blabel(8)=S:time2011;

  INPUT ---    blabel(9)=p:(Intercept);

  INPUT ---    blabel(10)=p:age2;

  INPUT ---    blabel(11)=p:age3;

  INPUT ---    blabel(12)=p:age4;

  INPUT ---    blabel(13)=p:age5;

  INPUT ---    blabel(14)=p:age6;

  INPUT ---    blabel(15)=p:sex5;

  Program  MARK  - Survival Rate Estimation with Capture-Recapture Data
   gfortran(Win64) Vers. 8.0 Jun 2014   25-Jan-2015 15:10:11    Page  008
 - - - - - - - - - - - - - - - - - - - - - - - - - - - - - - - - - - - - - -
 

  INPUT ---    blabel(16)=r:(Intercept);

  INPUT ---    blabel(17)=r:age1;

  INPUT ---    blabel(18)=r:age2;

  INPUT ---    blabel(19)=r:age3;

  INPUT ---    blabel(20)=r:age4;

  INPUT ---    blabel(21)=r:age5;

  INPUT ---    blabel(22)=r:age6;

  INPUT ---    blabel(23)=F:(Intercept);

  INPUT ---    rlabel(1)=S g41 c2005 c1 a0 t2005;

  INPUT ---    rlabel(2)=S g41 c2005 c1 a1 t2006;

  INPUT ---    rlabel(3)=S g41 c2005 c1 a2 t2007;

  INPUT ---    rlabel(4)=S g41 c2005 c1 a3 t2008;

  INPUT ---    rlabel(5)=S g41 c2005 c1 a4 t2009;

  INPUT ---    rlabel(6)=S g41 c2005 c1 a5 t2010;

  INPUT ---    rlabel(7)=S g41 c2005 c1 a6 t2011;

  INPUT ---    rlabel(8)=S g51 c2005 c1 a0 t2005;

  INPUT ---    rlabel(9)=S g51 c2005 c1 a1 t2006;

  INPUT ---    rlabel(10)=S g51 c2005 c1 a2 t2007;

  INPUT ---    rlabel(11)=S g51 c2005 c1 a3 t2008;

  INPUT ---    rlabel(12)=S g51 c2005 c1 a4 t2009;

  INPUT ---    rlabel(13)=S g51 c2005 c1 a5 t2010;

  INPUT ---    rlabel(14)=S g51 c2005 c1 a6 t2011;

  INPUT ---    rlabel(15)=p g41 c2005 c1 a1 t2006;

  Program  MARK  - Survival Rate Estimation with Capture-Recapture Data
   gfortran(Win64) Vers. 8.0 Jun 2014   25-Jan-2015 15:10:11    Page  009
 - - - - - - - - - - - - - - - - - - - - - - - - - - - - - - - - - - - - - -
 

  INPUT ---    rlabel(16)=p g41 c2005 c1 a2 t2007;

  INPUT ---    rlabel(17)=p g41 c2005 c1 a3 t2008;

  INPUT ---    rlabel(18)=p g41 c2005 c1 a4 t2009;

  INPUT ---    rlabel(19)=p g41 c2005 c1 a5 t2010;

  INPUT ---    rlabel(20)=p g41 c2005 c1 a6 t2011;

  INPUT ---    rlabel(21)=p g51 c2005 c1 a1 t2006;

  INPUT ---    rlabel(22)=p g51 c2005 c1 a2 t2007;

  INPUT ---    rlabel(23)=p g51 c2005 c1 a3 t2008;

  INPUT ---    rlabel(24)=p g51 c2005 c1 a4 t2009;

  INPUT ---    rlabel(25)=p g51 c2005 c1 a5 t2010;

  INPUT ---    rlabel(26)=p g51 c2005 c1 a6 t2011;

  INPUT ---    rlabel(27)=r g41 c2005 c1 a0 t2005;

  INPUT ---    rlabel(28)=r g41 c2005 c1 a1 t2006;

  INPUT ---    rlabel(29)=r g41 c2005 c1 a2 t2007;

  INPUT ---    rlabel(30)=r g41 c2005 c1 a3 t2008;

  INPUT ---    rlabel(31)=r g41 c2005 c1 a4 t2009;

  INPUT ---    rlabel(32)=r g41 c2005 c1 a5 t2010;

  INPUT ---    rlabel(33)=r g41 c2005 c1 a6 t2011;

  INPUT ---    rlabel(34)=F g41 c2005 c1 a0 t2005;

 Link Function Used is LOGIT        

 Variance Estimation Procedure Used is 2ndPart 

 M(t+1):




  Program  MARK  - Survival Rate Estimation with Capture-Recapture Data
   gfortran(Win64) Vers. 8.0 Jun 2014   25-Jan-2015 15:10:11    Page  010
 - - - - - - - - - - - - - - - - - - - - - - - - - - - - - - - - - - - - - -
 
 -2logL(saturated) = 1739.8188     
 Effective Sample Size = 7075

 Number of function evaluations was 98 for 23 parameters.
 Time for numerical optimization was 2.12 seconds.
 -2logL { S(~sex + time)p(~age + sex)r(~age)F(~1) } = 1783.4222     
 Penalty { S(~sex + time)p(~age + sex)r(~age)F(~1) } = -0.0000000    
 Gradient { S(~sex + time)p(~age + sex)r(~age)F(~1) }:
 -0.1559467E-06  0.000000    -0.1823285E-06  0.000000      0.000000    
   0.000000      0.000000      0.000000     0.2121605E-04 0.5991493E-04
  0.2892529E-04 0.1621866E-04  0.000000     0.1171942E-03-0.1334441E-04
  0.8052099E-04 0.6439904E-04  0.000000      0.000000      0.000000    
   0.000000      0.000000      0.000000    
 S Vector { S(~sex + time)p(~age + sex)r(~age)F(~1) }:
   246.4563      14.51290      2.382361      1.998638      1.454011    
  0.9991089     0.9949554     0.6342496     0.2045123E-06 0.1014571E-06
  0.2522066E-07 0.4611416E-08 0.3476315E-08 0.2600878E-08 0.2257766E-08
  0.1626770E-08 0.1117316E-08 0.5055562E-09 0.1855746E-09 0.1044151E-09
  0.8190895E-10 0.1722592E-10 0.1221253E-10
 Time to compute number of parameters was 0.90 seconds.
   Threshold =  0.4800000E-06     Condition index =  0.4955249E-13     New Threshold =  0.5856922E-10
 New Guessimate of Estimated Parameters { S(~sex + time)p(~age + sex)r(~age)F(~1) } = 11          
 Conditioned S Vector { S(~sex + time)p(~age + sex)r(~age)F(~1) }:
   1.000000     0.5888630E-01 0.9666464E-02 0.8109500E-02 0.5899668E-02
  0.4053898E-02 0.4037045E-02 0.2573477E-02 0.8298113E-09 0.4116635E-09
  0.1023332E-09 0.1871088E-10 0.1410520E-10 0.1055310E-10 0.9160918E-11
  0.6600641E-11 0.4533523E-11 0.2051301E-11 0.7529713E-12 0.4236657E-12
  0.3323467E-12 0.6989442E-13 0.4955249E-13
 Number of Estimated Parameters { S(~sex + time)p(~age + sex)r(~age)F(~1) } = 8          
 DEVIANCE { S(~sex + time)p(~age + sex)r(~age)F(~1) } = 43.603478                     
 DEVIANCE Degrees of Freedom { S(~sex + time)p(~age + sex)r(~age)F(~1) } = 7            
 c-hat { S(~sex + time)p(~age + sex)r(~age)F(~1) } = 6.2290683                     
 AIC { S(~sex + time)p(~age + sex)r(~age)F(~1) } = 1799.4222                  
 AICc { S(~sex + time)p(~age + sex)r(~age)F(~1) } = 1799.4426                    
 BIC { S(~sex + time)p(~age + sex)r(~age)F(~1) } = 1854.3368                    
 Pearson Chisquare { S(~sex + time)p(~age + sex)r(~age)F(~1) } = Not a Number               
 Possible Encounter Histories { S(~sex + time)p(~age + sex)r(~age)F(~1) } = 896             
 Pearson Chisquare df { S(~sex + time)p(~age + sex)r(~age)F(~1) } = 852        
 Pearson chat { S(~sex + time)p(~age + sex)r(~age)F(~1) } = Not a Number               
 Sum(Observed/Expected) { S(~sex + time)p(~age + sex)r(~age)F(~1) } = Not a Number               
 Fletcher chat { S(~sex + time)p(~age + sex)r(~age)F(~1) } = Not a Number               


         LOGIT Link Function Parameters of { S(~sex + time)p(~age + sex)r(~age)F(~1) }
                                                              95% Confidence Interval
 Parameter                    Beta         Standard Error      Lower           Upper
 -------------------------  --------------  --------------  --------------  --------------
    1:S:(Intercept)         144.80213       2235.8614       -4237.4863      4527.0906     
    2:S:sex5                60.763526       0.0000000       60.763526       60.763526     
    3:S:time2006            -123.70548      2199.5022       -4434.7299      4187.3190     
    4:S:time2007            483.17667       0.0000000       483.17667       483.17667     
    5:S:time2008            -37.058242      11.500703       -59.599621      -14.516863    
    6:S:time2009            5.8240796       0.0000000       5.8240796       5.8240796     
    7:S:time2010            247.89579       0.0000000       247.89579       247.89579     
    8:S:time2011            -535.07254      0.0000000       -535.07254      -535.07254    
    9:p:(Intercept)         -6.5019401      0.4572094       -7.3980705      -5.6058097    
   10:p:age2                -0.8974710      0.8167779       -2.4983557      0.7034137     
   11:p:age3                -1.3582164      1.0803743       -3.4757500      0.7593172     
   12:p:age4                -0.4019267      0.8168889       -2.0030290      1.1991756     
   13:p:age5                -72.170468      0.0000000       -72.170468      -72.170468    
   14:p:age6                0.1640869       1.0808855       -1.9544487      2.2826225     
   15:p:sex5                -0.7038871      0.6126256       -1.9046332      0.4968590     

  Program  MARK  - Survival Rate Estimation with Capture-Recapture Data
   gfortran(Win64) Vers. 8.0 Jun 2014   25-Jan-2015 15:10:11    Page  011
 - - - - - - - - - - - - - - - - - - - - - - - - - - - - - - - - - - - - - -
 
   16:r:(Intercept)         -1.5414033      0.0638286       -1.6665075      -1.4162992    
   17:r:age1                -5.3552594      1.0025236       -7.3202057      -3.3903131    
   18:r:age2                -562.46510      0.0000000       -562.46510      -562.46510    
   19:r:age3                -422.95980      0.0000000       -422.95980      -422.95980    
   20:r:age4                -158.84357      0.0000000       -158.84357      -158.84357    
   21:r:age5                -29.291467      0.0000000       -29.291467      -29.291467    
   22:r:age6                -54.336047      0.0000000       -54.336047      -54.336047    
   23:F:(Intercept)         67.309200       7.0787859       53.434779       81.183620     


         Real Function Parameters of { S(~sex + time)p(~age + sex)r(~age)F(~1) }
                                                               95% Confidence Interval
  Parameter                  Estimate       Standard Error      Lower           Upper
 --------------------------  --------------  --------------  --------------  --------------
     1:S g41 c2005 c1 a0 t2  1.0000000       0.0000000       1.0000000       1.0000000                           
     2:S g41 c2005 c1 a1 t2  1.0000000       0.3054748E-005  0.9999940       1.0000060                           
     3:S g41 c2005 c1 a2 t2  1.0000000       0.0000000       1.0000000       1.0000000                           
     4:S g41 c2005 c1 a3 t2  1.0000000       0.0000000       1.0000000       1.0000000                           
     5:S g41 c2005 c1 a4 t2  1.0000000       0.0000000       1.0000000       1.0000000                           
     6:S g41 c2005 c1 a5 t2  1.0000000       0.0000000       1.0000000       1.0000000                           
     7:S g41 c2005 c1 a6 t2  0.3218945E-169  0.0000000       0.3218945E-169  0.3218945E-169                      
     8:S g51 c2005 c1 a0 t2  1.0000000       0.0000000       1.0000000       1.0000000                           
     9:S g51 c2005 c1 a1 t2  1.0000000       0.0000000       1.0000000       1.0000000                           
    10:S g51 c2005 c1 a2 t2  1.0000000       0.0000000       1.0000000       1.0000000                           
    11:S g51 c2005 c1 a3 t2  1.0000000       0.0000000       1.0000000       1.0000000                           
    12:S g51 c2005 c1 a4 t2  1.0000000       0.0000000       1.0000000       1.0000000                           
    13:S g51 c2005 c1 a5 t2  1.0000000       0.0000000       1.0000000       1.0000000                           
    14:S g51 c2005 c1 a6 t2  0.7888193E-143  0.1639875E-139  -.3213367E-139  0.3214944E-139                      
    15:p g41 c2005 c1 a1 t2  0.0014983       0.6839999E-003  0.6120585E-003  0.0036630                           
    16:p g41 c2005 c1 a2 t2  0.6112390E-003  0.4496256E-003  0.1445034E-003  0.0025816                           
    17:p g41 c2005 c1 a3 t2  0.3856647E-003  0.3933463E-003  0.5222137E-004  0.0028422                           
    18:p g41 c2005 c1 a4 t2  0.0010029       0.7370556E-003  0.2373398E-003  0.0042273                           
    19:p g41 c2005 c1 a5 t2  0.6807805E-034  0.0000000       0.6807805E-034  0.6807805E-034                      
    20:p g41 c2005 c1 a6 t2  0.0017650       0.0018002       0.2386047E-003  0.0129293                           
    21:p g51 c2005 c1 a1 t2  0.7416974E-003  0.4275352E-003  0.2395606E-003  0.0022939                           
    22:p g51 c2005 c1 a2 t2  0.3024482E-003  0.2470117E-003  0.6100281E-004  0.0014981                           
    23:p g51 c2005 c1 a3 t2  0.1908096E-003  0.2062740E-003  0.2292410E-004  0.0015863                           
    24:p g51 c2005 c1 a4 t2  0.4963395E-003  0.4057832E-003  0.9992897E-004  0.0024614                           
    25:p g51 c2005 c1 a5 t2  0.3367540E-034  0.0000000       0.3367540E-034  0.3367540E-034                      
    26:p g51 c2005 c1 a6 t2  0.8738389E-003  0.9430008E-003  0.1052866E-003  0.0072121                           
    27:r g41 c2005 c1 a0 t2  0.1763314       0.0092704       0.1588904       0.1952424                           
    28:r g41 c2005 c1 a1 t2  0.0010101       0.0010096       0.1422727E-003  0.0071341                           
    29:r g41 c2005 c1 a2 t2  0.1135241E-244  0.0000000       0.1135241E-244  0.1135241E-244                      
    30:r g41 c2005 c1 a3 t2  0.4379970E-184  0.0000000       0.4379970E-184  0.4379970E-184                      
    31:r g41 c2005 c1 a4 t2  0.2216618E-069  0.0000000       0.2216618E-069  0.2216618E-069                      
    32:r g41 c2005 c1 a5 t2  0.4068691E-013  0.0000000       0.4068691E-013  0.4068691E-013                      

  Program  MARK  - Survival Rate Estimation with Capture-Recapture Data
   gfortran(Win64) Vers. 8.0 Jun 2014   25-Jan-2015 15:10:11    Page  012
 - - - - - - - - - - - - - - - - - - - - - - - - - - - - - - - - - - - - - -
 
    33:r g41 c2005 c1 a6 t2  0.5404204E-024  0.0000000       0.5404204E-024  0.5404204E-024                      
    34:F g41 c2005 c1 a0 t2  1.0000000       0.0000000       1.0000000       1.0000000                           

 Attempted ordering of parameters by estimatibility:
  16  9 15 10 12 17 11 14  6  1 21 13  5  2 23 22 20  7  3 19  8 18  4
 Beta number 4 is a singular value.

     CPU Time in seconds for last procedure was 3.03


  INPUT --- proc stop;

     CPU Time in minutes for this job was 0.05

     Time Start = 15:10:11.098   Time End = 15:10:11.792

     Wall Clock Time in minutes for this job was 0.01


          E X E C U T I O N   S U C C E S S F U L 
