
   Program  MARK  - Survival Rate Estimation with Capture-Recapture Data
   gfortran(Win64) Vers. 8.0 Jun 2014   25-Jan-2015 15:09:52    Page  001
 - - - - - - - - - - - - - - - - - - - - - - - - - - - - - - - - - - - - - -
 
   This version was compiled by GCC version 4.8.1 using the options 
   -m64 -mtune=generic -march=x86-64 -mthreads -O2 -fimplicit-none -fbounds-check -funroll-loops -ftree-vectorize -fopenmp.
   This problem will use 7 of 8 possible threads.


  INPUT --- proc title ;

     CPU Time in seconds for last procedure was 0.00


  INPUT --- proc chmatrix occasions= 7 groups= 6 etype= Both ICMeans 
  INPUT --- NoHist hist= 51 ;

  INPUT ---    time  interval 1 1 1 1 1 1 1 ;

  INPUT ---    glabel(1)=sex4.age1;

  INPUT ---    glabel(2)=sex5.age1;

  INPUT ---    glabel(3)=sex4.age2;

  INPUT ---    glabel(4)=sex5.age2;

  INPUT ---    glabel(5)=sex4.age4;

  INPUT ---    glabel(6)=sex5.age4;

   * *  WARNING  * *   At least a pair of the encounter histories are duplicates. 

      Number of unique encounter histories read was 17.

      Number of individual covariates read was 0.
      Time interval lengths are all equal to 1.

      Data type number is 3
      Data type is Joint Live and Dead Encounters (Burnham)                                                            

     CPU Time in seconds for last procedure was 0.02

  Program  MARK  - Survival Rate Estimation with Capture-Recapture Data
   gfortran(Win64) Vers. 8.0 Jun 2014   25-Jan-2015 15:09:52    Page  002
 - - - - - - - - - - - - - - - - - - - - - - - - - - - - - - - - - - - - - -
 


  INPUT --- proc estimate link=Logit NOLOOP varest=2ndPart    ;


  INPUT --- model={ S(~sex + time)p(~1)r(~age)F(~1) };

  INPUT ---    group=1 S    rows=7 cols=7 Triang ;
  INPUT ---        1 2 3 4 5 6 7 ;
  INPUT ---        2 3 4 5 6 7 ;
  INPUT ---        3 4 5 6 7 ;
  INPUT ---        4 5 6 7 ;
  INPUT ---        5 6 7 ;
  INPUT ---        6 7 ;
  INPUT ---        7 ;

  INPUT ---    group=2 S    rows=7 cols=7 Triang ;
  INPUT ---        8 9 10 11 12 13 14 ;
  INPUT ---        9 10 11 12 13 14 ;
  INPUT ---        10 11 12 13 14 ;
  INPUT ---        11 12 13 14 ;
  INPUT ---        12 13 14 ;
  INPUT ---        13 14 ;
  INPUT ---        14 ;

  INPUT ---    group=3 S    rows=7 cols=7 Triang ;
  INPUT ---        1 2 3 4 5 6 7 ;
  INPUT ---        2 3 4 5 6 7 ;
  INPUT ---        3 4 5 6 7 ;
  INPUT ---        4 5 6 7 ;
  INPUT ---        5 6 7 ;
  INPUT ---        6 7 ;
  INPUT ---        7 ;

  INPUT ---    group=4 S    rows=7 cols=7 Triang ;
  INPUT ---        8 9 10 11 12 13 14 ;
  INPUT ---        9 10 11 12 13 14 ;
  INPUT ---        10 11 12 13 14 ;
  INPUT ---        11 12 13 14 ;
  INPUT ---        12 13 14 ;
  INPUT ---        13 14 ;
  INPUT ---        14 ;

  INPUT ---    group=5 S    rows=7 cols=7 Triang ;
  INPUT ---        1 2 3 4 5 6 7 ;
  INPUT ---        2 3 4 5 6 7 ;

  Program  MARK  - Survival Rate Estimation with Capture-Recapture Data
   gfortran(Win64) Vers. 8.0 Jun 2014   25-Jan-2015 15:09:52    Page  003
 - - - - - - - - - - - - - - - - - - - - - - - - - - - - - - - - - - - - - -
 
  INPUT ---        3 4 5 6 7 ;
  INPUT ---        4 5 6 7 ;
  INPUT ---        5 6 7 ;
  INPUT ---        6 7 ;
  INPUT ---        7 ;

  INPUT ---    group=6 S    rows=7 cols=7 Triang ;
  INPUT ---        8 9 10 11 12 13 14 ;
  INPUT ---        9 10 11 12 13 14 ;
  INPUT ---        10 11 12 13 14 ;
  INPUT ---        11 12 13 14 ;
  INPUT ---        12 13 14 ;
  INPUT ---        13 14 ;
  INPUT ---        14 ;

  INPUT ---    group=1 p    rows=6 cols=6 Triang ;
  INPUT ---        15 15 15 15 15 15 ;
  INPUT ---        15 15 15 15 15 ;
  INPUT ---        15 15 15 15 ;
  INPUT ---        15 15 15 ;
  INPUT ---        15 15 ;
  INPUT ---        15 ;

  INPUT ---    group=2 p    rows=6 cols=6 Triang ;
  INPUT ---        15 15 15 15 15 15 ;
  INPUT ---        15 15 15 15 15 ;
  INPUT ---        15 15 15 15 ;
  INPUT ---        15 15 15 ;
  INPUT ---        15 15 ;
  INPUT ---        15 ;

  INPUT ---    group=3 p    rows=6 cols=6 Triang ;
  INPUT ---        15 15 15 15 15 15 ;
  INPUT ---        15 15 15 15 15 ;
  INPUT ---        15 15 15 15 ;
  INPUT ---        15 15 15 ;
  INPUT ---        15 15 ;
  INPUT ---        15 ;

  INPUT ---    group=4 p    rows=6 cols=6 Triang ;
  INPUT ---        15 15 15 15 15 15 ;
  INPUT ---        15 15 15 15 15 ;
  INPUT ---        15 15 15 15 ;
  INPUT ---        15 15 15 ;
  INPUT ---        15 15 ;
  INPUT ---        15 ;

  Program  MARK  - Survival Rate Estimation with Capture-Recapture Data
   gfortran(Win64) Vers. 8.0 Jun 2014   25-Jan-2015 15:09:52    Page  004
 - - - - - - - - - - - - - - - - - - - - - - - - - - - - - - - - - - - - - -
 

  INPUT ---    group=5 p    rows=6 cols=6 Triang ;
  INPUT ---        15 15 15 15 15 15 ;
  INPUT ---        15 15 15 15 15 ;
  INPUT ---        15 15 15 15 ;
  INPUT ---        15 15 15 ;
  INPUT ---        15 15 ;
  INPUT ---        15 ;

  INPUT ---    group=6 p    rows=6 cols=6 Triang ;
  INPUT ---        15 15 15 15 15 15 ;
  INPUT ---        15 15 15 15 15 ;
  INPUT ---        15 15 15 15 ;
  INPUT ---        15 15 15 ;
  INPUT ---        15 15 ;
  INPUT ---        15 ;

  INPUT ---    group=1 r    rows=7 cols=7 Triang ;
  INPUT ---        16 17 18 19 20 21 22 ;
  INPUT ---        16 17 18 19 20 21 ;
  INPUT ---        16 17 18 19 20 ;
  INPUT ---        16 17 18 19 ;
  INPUT ---        16 17 18 ;
  INPUT ---        16 17 ;
  INPUT ---        16 ;

  INPUT ---    group=2 r    rows=7 cols=7 Triang ;
  INPUT ---        16 17 18 19 20 21 22 ;
  INPUT ---        16 17 18 19 20 21 ;
  INPUT ---        16 17 18 19 20 ;
  INPUT ---        16 17 18 19 ;
  INPUT ---        16 17 18 ;
  INPUT ---        16 17 ;
  INPUT ---        16 ;

  INPUT ---    group=3 r    rows=7 cols=7 Triang ;
  INPUT ---        16 17 18 19 20 21 22 ;
  INPUT ---        16 17 18 19 20 21 ;
  INPUT ---        16 17 18 19 20 ;
  INPUT ---        16 17 18 19 ;
  INPUT ---        16 17 18 ;
  INPUT ---        16 17 ;
  INPUT ---        16 ;

  INPUT ---    group=4 r    rows=7 cols=7 Triang ;
  INPUT ---        16 17 18 19 20 21 22 ;

  Program  MARK  - Survival Rate Estimation with Capture-Recapture Data
   gfortran(Win64) Vers. 8.0 Jun 2014   25-Jan-2015 15:09:52    Page  005
 - - - - - - - - - - - - - - - - - - - - - - - - - - - - - - - - - - - - - -
 
  INPUT ---        16 17 18 19 20 21 ;
  INPUT ---        16 17 18 19 20 ;
  INPUT ---        16 17 18 19 ;
  INPUT ---        16 17 18 ;
  INPUT ---        16 17 ;
  INPUT ---        16 ;

  INPUT ---    group=5 r    rows=7 cols=7 Triang ;
  INPUT ---        16 17 18 19 20 21 22 ;
  INPUT ---        16 17 18 19 20 21 ;
  INPUT ---        16 17 18 19 20 ;
  INPUT ---        16 17 18 19 ;
  INPUT ---        16 17 18 ;
  INPUT ---        16 17 ;
  INPUT ---        16 ;

  INPUT ---    group=6 r    rows=7 cols=7 Triang ;
  INPUT ---        16 17 18 19 20 21 22 ;
  INPUT ---        16 17 18 19 20 21 ;
  INPUT ---        16 17 18 19 20 ;
  INPUT ---        16 17 18 19 ;
  INPUT ---        16 17 18 ;
  INPUT ---        16 17 ;
  INPUT ---        16 ;

  INPUT ---    group=1 F    rows=6 cols=6 Triang ;
  INPUT ---        23 23 23 23 23 23 ;
  INPUT ---        23 23 23 23 23 ;
  INPUT ---        23 23 23 23 ;
  INPUT ---        23 23 23 ;
  INPUT ---        23 23 ;
  INPUT ---        23 ;

  INPUT ---    group=2 F    rows=6 cols=6 Triang ;
  INPUT ---        23 23 23 23 23 23 ;
  INPUT ---        23 23 23 23 23 ;
  INPUT ---        23 23 23 23 ;
  INPUT ---        23 23 23 ;
  INPUT ---        23 23 ;
  INPUT ---        23 ;

  INPUT ---    group=3 F    rows=6 cols=6 Triang ;
  INPUT ---        23 23 23 23 23 23 ;
  INPUT ---        23 23 23 23 23 ;
  INPUT ---        23 23 23 23 ;
  INPUT ---        23 23 23 ;

  Program  MARK  - Survival Rate Estimation with Capture-Recapture Data
   gfortran(Win64) Vers. 8.0 Jun 2014   25-Jan-2015 15:09:52    Page  006
 - - - - - - - - - - - - - - - - - - - - - - - - - - - - - - - - - - - - - -
 
  INPUT ---        23 23 ;
  INPUT ---        23 ;

  INPUT ---    group=4 F    rows=6 cols=6 Triang ;
  INPUT ---        23 23 23 23 23 23 ;
  INPUT ---        23 23 23 23 23 ;
  INPUT ---        23 23 23 23 ;
  INPUT ---        23 23 23 ;
  INPUT ---        23 23 ;
  INPUT ---        23 ;

  INPUT ---    group=5 F    rows=6 cols=6 Triang ;
  INPUT ---        23 23 23 23 23 23 ;
  INPUT ---        23 23 23 23 23 ;
  INPUT ---        23 23 23 23 ;
  INPUT ---        23 23 23 ;
  INPUT ---        23 23 ;
  INPUT ---        23 ;

  INPUT ---    group=6 F    rows=6 cols=6 Triang ;
  INPUT ---        23 23 23 23 23 23 ;
  INPUT ---        23 23 23 23 23 ;
  INPUT ---        23 23 23 23 ;
  INPUT ---        23 23 23 ;
  INPUT ---        23 23 ;
  INPUT ---        23 ;

  INPUT ---    design matrix constraints=23 covariates=17;
  INPUT ---        1 0 0 0 0 0 0 0 0 0 0 0 0 0 0 0 0;
  INPUT ---        1 0 1 0 0 0 0 0 0 0 0 0 0 0 0 0 0;
  INPUT ---        1 0 0 1 0 0 0 0 0 0 0 0 0 0 0 0 0;
  INPUT ---        1 0 0 0 1 0 0 0 0 0 0 0 0 0 0 0 0;
  INPUT ---        1 0 0 0 0 1 0 0 0 0 0 0 0 0 0 0 0;
  INPUT ---        1 0 0 0 0 0 1 0 0 0 0 0 0 0 0 0 0;
  INPUT ---        1 0 0 0 0 0 0 1 0 0 0 0 0 0 0 0 0;
  INPUT ---        1 1 0 0 0 0 0 0 0 0 0 0 0 0 0 0 0;
  INPUT ---        1 1 1 0 0 0 0 0 0 0 0 0 0 0 0 0 0;
  INPUT ---        1 1 0 1 0 0 0 0 0 0 0 0 0 0 0 0 0;
  INPUT ---        1 1 0 0 1 0 0 0 0 0 0 0 0 0 0 0 0;
  INPUT ---        1 1 0 0 0 1 0 0 0 0 0 0 0 0 0 0 0;
  INPUT ---        1 1 0 0 0 0 1 0 0 0 0 0 0 0 0 0 0;
  INPUT ---        1 1 0 0 0 0 0 1 0 0 0 0 0 0 0 0 0;
  INPUT ---        0 0 0 0 0 0 0 0 1 0 0 0 0 0 0 0 0;
  INPUT ---        0 0 0 0 0 0 0 0 0 1 0 0 0 0 0 0 0;
  INPUT ---        0 0 0 0 0 0 0 0 0 1 1 0 0 0 0 0 0;
  INPUT ---        0 0 0 0 0 0 0 0 0 1 0 1 0 0 0 0 0;

  Program  MARK  - Survival Rate Estimation with Capture-Recapture Data
   gfortran(Win64) Vers. 8.0 Jun 2014   25-Jan-2015 15:09:52    Page  007
 - - - - - - - - - - - - - - - - - - - - - - - - - - - - - - - - - - - - - -
 
  INPUT ---        0 0 0 0 0 0 0 0 0 1 0 0 1 0 0 0 0;
  INPUT ---        0 0 0 0 0 0 0 0 0 1 0 0 0 1 0 0 0;
  INPUT ---        0 0 0 0 0 0 0 0 0 1 0 0 0 0 1 0 0;
  INPUT ---        0 0 0 0 0 0 0 0 0 1 0 0 0 0 0 1 0;
  INPUT ---        0 0 0 0 0 0 0 0 0 0 0 0 0 0 0 0 1;

  INPUT ---    blabel(1)=S:(Intercept);

  INPUT ---    blabel(2)=S:sex5;

  INPUT ---    blabel(3)=S:time2006;

  INPUT ---    blabel(4)=S:time2007;

  INPUT ---    blabel(5)=S:time2008;

  INPUT ---    blabel(6)=S:time2009;

  INPUT ---    blabel(7)=S:time2010;

  INPUT ---    blabel(8)=S:time2011;

  INPUT ---    blabel(9)=p:(Intercept);

  INPUT ---    blabel(10)=r:(Intercept);

  INPUT ---    blabel(11)=r:age1;

  INPUT ---    blabel(12)=r:age2;

  INPUT ---    blabel(13)=r:age3;

  INPUT ---    blabel(14)=r:age4;

  INPUT ---    blabel(15)=r:age5;

  INPUT ---    blabel(16)=r:age6;

  INPUT ---    blabel(17)=F:(Intercept);

  INPUT ---    rlabel(1)=S g41 c2005 c1 a0 t2005;

  INPUT ---    rlabel(2)=S g41 c2005 c1 a1 t2006;

  INPUT ---    rlabel(3)=S g41 c2005 c1 a2 t2007;


  Program  MARK  - Survival Rate Estimation with Capture-Recapture Data
   gfortran(Win64) Vers. 8.0 Jun 2014   25-Jan-2015 15:09:52    Page  008
 - - - - - - - - - - - - - - - - - - - - - - - - - - - - - - - - - - - - - -
 
  INPUT ---    rlabel(4)=S g41 c2005 c1 a3 t2008;

  INPUT ---    rlabel(5)=S g41 c2005 c1 a4 t2009;

  INPUT ---    rlabel(6)=S g41 c2005 c1 a5 t2010;

  INPUT ---    rlabel(7)=S g41 c2005 c1 a6 t2011;

  INPUT ---    rlabel(8)=S g51 c2005 c1 a0 t2005;

  INPUT ---    rlabel(9)=S g51 c2005 c1 a1 t2006;

  INPUT ---    rlabel(10)=S g51 c2005 c1 a2 t2007;

  INPUT ---    rlabel(11)=S g51 c2005 c1 a3 t2008;

  INPUT ---    rlabel(12)=S g51 c2005 c1 a4 t2009;

  INPUT ---    rlabel(13)=S g51 c2005 c1 a5 t2010;

  INPUT ---    rlabel(14)=S g51 c2005 c1 a6 t2011;

  INPUT ---    rlabel(15)=p g41 c2005 c1 a1 t2006;

  INPUT ---    rlabel(16)=r g41 c2005 c1 a0 t2005;

  INPUT ---    rlabel(17)=r g41 c2005 c1 a1 t2006;

  INPUT ---    rlabel(18)=r g41 c2005 c1 a2 t2007;

  INPUT ---    rlabel(19)=r g41 c2005 c1 a3 t2008;

  INPUT ---    rlabel(20)=r g41 c2005 c1 a4 t2009;

  INPUT ---    rlabel(21)=r g41 c2005 c1 a5 t2010;

  INPUT ---    rlabel(22)=r g41 c2005 c1 a6 t2011;

  INPUT ---    rlabel(23)=F g41 c2005 c1 a0 t2005;

 Link Function Used is LOGIT        

 Variance Estimation Procedure Used is 2ndPart 

 M(t+1):

  Program  MARK  - Survival Rate Estimation with Capture-Recapture Data
   gfortran(Win64) Vers. 8.0 Jun 2014   25-Jan-2015 15:09:52    Page  009
 - - - - - - - - - - - - - - - - - - - - - - - - - - - - - - - - - - - - - -
 



 -2logL(saturated) = 1739.8188     
 Effective Sample Size = 7075

 Number of function evaluations was 73 for 17 parameters.
 Time for numerical optimization was 1.19 seconds.
 -2logL { S(~sex + time)p(~1)r(~age)F(~1) } = 1789.1906     
 Penalty { S(~sex + time)p(~1)r(~age)F(~1) } = -0.0000000    
 Gradient { S(~sex + time)p(~1)r(~age)F(~1) }:
   0.000000      0.000000      0.000000      0.000000      0.000000    
 -0.4080263E-06  0.000000    -0.1846987E-06 0.2888700E-05  0.000000    
 -0.3577706E-05-0.2732527E-06-0.5739233E-06  0.000000      0.000000    
   0.000000    -0.2643633E-04
 S Vector { S(~sex + time)p(~1)r(~age)F(~1) }:
   246.4563      13.83153     0.9949229     0.5343974     0.3084537E-06
  0.9379851E-07 0.4916546E-07 0.4607791E-07 0.4523939E-07 0.3556593E-07
  0.1716668E-07 0.1062797E-07 0.5475931E-08 0.1291734E-08 0.1145125E-08
  0.7531985E-09 0.5617932E-09
 Time to compute number of parameters was 0.41 seconds.
   Threshold =  0.3600000E-06     Condition index =  0.2279484E-11     New Threshold =  0.2316333E-08
 New Guessimate of Estimated Parameters { S(~sex + time)p(~1)r(~age)F(~1) } = 4          
 Conditioned S Vector { S(~sex + time)p(~1)r(~age)F(~1) }:
   1.000000     0.5612165E-01 0.4036914E-02 0.2168325E-02 0.1251555E-08
  0.3805888E-09 0.1994896E-09 0.1869618E-09 0.1835595E-09 0.1443093E-09
  0.6965404E-10 0.4312315E-10 0.2221867E-10 0.5241229E-11 0.4646362E-11
  0.3056114E-11 0.2279484E-11
 Number of Estimated Parameters { S(~sex + time)p(~1)r(~age)F(~1) } = 4          
 DEVIANCE { S(~sex + time)p(~1)r(~age)F(~1) } = 49.371887                     
 DEVIANCE Degrees of Freedom { S(~sex + time)p(~1)r(~age)F(~1) } = 11            
 c-hat { S(~sex + time)p(~1)r(~age)F(~1) } = 4.4883534                     
 AIC { S(~sex + time)p(~1)r(~age)F(~1) } = 1797.1906                  
 AICc { S(~sex + time)p(~1)r(~age)F(~1) } = 1797.1963                    
 BIC { S(~sex + time)p(~1)r(~age)F(~1) } = 1824.6479                    
 Pearson Chisquare { S(~sex + time)p(~1)r(~age)F(~1) } = Not a Number               
 Possible Encounter Histories { S(~sex + time)p(~1)r(~age)F(~1) } = 896             
 Pearson Chisquare df { S(~sex + time)p(~1)r(~age)F(~1) } = 856        
 Pearson chat { S(~sex + time)p(~1)r(~age)F(~1) } = Not a Number               
 Sum(Observed/Expected) { S(~sex + time)p(~1)r(~age)F(~1) } = Not a Number               
 Fletcher chat { S(~sex + time)p(~1)r(~age)F(~1) } = Not a Number               


             LOGIT Link Function Parameters of { S(~sex + time)p(~1)r(~age)F(~1) }
                                                              95% Confidence Interval
 Parameter                    Beta         Standard Error      Lower           Upper
 -------------------------  --------------  --------------  --------------  --------------
    1:S:(Intercept)         43.792778       2578.6291       -5010.3204      5097.9060     
    2:S:sex5                4.3270325       0.0000000       4.3270325       4.3270325     
    3:S:time2006            9.4375412       0.0000000       9.4375412       9.4375412     
    4:S:time2007            -21.967051      0.0000000       -21.967051      -21.967051    
    5:S:time2008            6.7881059       0.0000000       6.7881059       6.7881059     
    6:S:time2009            54.725244       0.0000000       54.725244       54.725244     
    7:S:time2010            30.418400       0.0000000       30.418400       30.418400     
    8:S:time2011            -122.10518      0.0000000       -122.10518      -122.10518    
    9:p:(Intercept)         -6.8711415      0.5687573       -7.9859059      -5.7563771    
   10:r:(Intercept)         -1.5414034      0.0638286       -1.6665075      -1.4162992    
   11:r:age1                -5.3552915      1.0025400       -7.3202700      -3.3903131    
   12:r:age2                -82.210028      0.0000000       -82.210028      -82.210028    
   13:r:age3                -38.617435      0.0000000       -38.617435      -38.617435    
   14:r:age4                -29.580849      0.0000000       -29.580849      -29.580849    

  Program  MARK  - Survival Rate Estimation with Capture-Recapture Data
   gfortran(Win64) Vers. 8.0 Jun 2014   25-Jan-2015 15:09:52    Page  010
 - - - - - - - - - - - - - - - - - - - - - - - - - - - - - - - - - - - - - -
 
   15:r:age5                -28.664542      0.0000000       -28.664542      -28.664542    
   16:r:age6                -30.243547      0.0000000       -30.243547      -30.243547    
   17:F:(Intercept)         1.5802410       1.2728236       -0.9144932      4.0749753     


             Real Function Parameters of { S(~sex + time)p(~1)r(~age)F(~1) }
                                                               95% Confidence Interval
  Parameter                  Estimate       Standard Error      Lower           Upper
 --------------------------  --------------  --------------  --------------  --------------
     1:S g41 c2005 c1 a0 t2  1.0000000       0.0000000       1.0000000       1.0000000                           
     2:S g41 c2005 c1 a1 t2  1.0000000       0.0000000       1.0000000       1.0000000                           
     3:S g41 c2005 c1 a2 t2  1.0000000       0.1736729E-005  0.9999966       1.0000034                           
     4:S g41 c2005 c1 a3 t2  1.0000000       0.0000000       1.0000000       1.0000000                           
     5:S g41 c2005 c1 a4 t2  1.0000000       0.0000000       1.0000000       1.0000000                           
     6:S g41 c2005 c1 a5 t2  1.0000000       0.0000000       1.0000000       1.0000000                           
     7:S g41 c2005 c1 a6 t2  0.9757922E-034  0.2676242E-030  -.5244458E-030  0.5246410E-030                      
     8:S g51 c2005 c1 a0 t2  1.0000000       0.0000000       1.0000000       1.0000000                           
     9:S g51 c2005 c1 a1 t2  1.0000000       0.0000000       1.0000000       1.0000000                           
    10:S g51 c2005 c1 a2 t2  1.0000000       0.1840243E-007  1.0000000       1.0000000                           
    11:S g51 c2005 c1 a3 t2  1.0000000       0.0000000       1.0000000       1.0000000                           
    12:S g51 c2005 c1 a4 t2  1.0000000       0.0000000       1.0000000       1.0000000                           
    13:S g51 c2005 c1 a5 t2  1.0000000       0.0000000       1.0000000       1.0000000                           
    14:S g51 c2005 c1 a6 t2  0.7388626E-032  0.0000000       0.7388626E-032  0.7388626E-032                      
    15:p g41 c2005 c1 a1 t2  0.0010362       0.5887456E-003  0.3401084E-003  0.0031526                           
    16:r g41 c2005 c1 a0 t2  0.1763314       0.0092704       0.1588904       0.1952424                           
    17:r g41 c2005 c1 a1 t2  0.0010101       0.0010096       0.1422636E-003  0.0071341                           
    18:r g41 c2005 c1 a2 t2  0.4238533E-036  0.0000000       0.4238533E-036  0.4238533E-036                      
    19:r g41 c2005 c1 a3 t2  0.3624417E-017  0.0000000       0.3624417E-017  0.3624417E-017                      
    20:r g41 c2005 c1 a4 t2  0.3046336E-013  0.0000000       0.3046336E-013  0.3046336E-013                      
    21:r g41 c2005 c1 a5 t2  0.7615963E-013  0.0000000       0.7615963E-013  0.7615963E-013                      
    22:r g41 c2005 c1 a6 t2  0.1570260E-013  0.0000000       0.1570260E-013  0.1570260E-013                      
    23:F g41 c2005 c1 a0 t2  0.8292387       0.1802342       0.2860813       0.9832913                           

 Attempted ordering of parameters by estimatibility:
  10  9 11 17  2  3 15 16  1  5  4 13 14  6 12  7  8
 Beta number 8 is a singular value.

     CPU Time in seconds for last procedure was 1.62

  Program  MARK  - Survival Rate Estimation with Capture-Recapture Data
   gfortran(Win64) Vers. 8.0 Jun 2014   25-Jan-2015 15:09:52    Page  011
 - - - - - - - - - - - - - - - - - - - - - - - - - - - - - - - - - - - - - -
 


  INPUT --- proc stop;

     CPU Time in minutes for this job was 0.03

     Time Start = 15:09:52.369   Time End = 15:09:52.785

     Wall Clock Time in minutes for this job was 0.01


          E X E C U T I O N   S U C C E S S F U L 
