
   Program  MARK  - Survival Rate Estimation with Capture-Recapture Data
   gfortran(Win64) Vers. 8.0 Jun 2014   21-Jan-2015 17:34:13    Page  001
 - - - - - - - - - - - - - - - - - - - - - - - - - - - - - - - - - - - - - -
 
   This version was compiled by GCC version 4.8.1 using the options 
   -m64 -mtune=generic -march=x86-64 -mthreads -O2 -fimplicit-none -fbounds-check -funroll-loops -ftree-vectorize -fopenmp.
   This problem will use 3 of 4 possible threads.


  INPUT --- proc title ;

     CPU Time in seconds for last procedure was 0.00


  INPUT --- proc chmatrix occasions= 7 groups= 2 etype= Live ICMeans 
  INPUT --- NoHist hist= 55 ;

  INPUT ---    time  interval 1 1 1 1 1 1 ;

  INPUT ---    glabel(1)=sexFemale;

  INPUT ---    glabel(2)=sexMale;

   * *  WARNING  * *   At least a pair of the encounter histories are duplicates. 

      Number of unique encounter histories read was 32.

      Number of individual covariates read was 0.
      Time interval lengths are all equal to 1.

      Data type number is 1
      Data type is Live Recaptures (CJS)                                                                               

     CPU Time in seconds for last procedure was 0.02

  Program  MARK  - Survival Rate Estimation with Capture-Recapture Data
   gfortran(Win64) Vers. 8.0 Jun 2014   21-Jan-2015 17:34:13    Page  002
 - - - - - - - - - - - - - - - - - - - - - - - - - - - - - - - - - - - - - -
 


  INPUT --- proc estimate link=Logit NOLOOP varest=2ndPart    ;


  INPUT --- model={ Phi(~sex)p(~sex * time) };

  INPUT ---    group=1 Phi    rows=6 cols=6 Triang ;
  INPUT ---        1 1 1 1 1 1 ;
  INPUT ---        1 1 1 1 1 ;
  INPUT ---        1 1 1 1 ;
  INPUT ---        1 1 1 ;
  INPUT ---        1 1 ;
  INPUT ---        1 ;

  INPUT ---    group=2 Phi    rows=6 cols=6 Triang ;
  INPUT ---        2 2 2 2 2 2 ;
  INPUT ---        2 2 2 2 2 ;
  INPUT ---        2 2 2 2 ;
  INPUT ---        2 2 2 ;
  INPUT ---        2 2 ;
  INPUT ---        2 ;

  INPUT ---    group=1 p    rows=6 cols=6 Triang ;
  INPUT ---        3 4 5 6 7 8 ;
  INPUT ---        4 5 6 7 8 ;
  INPUT ---        5 6 7 8 ;
  INPUT ---        6 7 8 ;
  INPUT ---        7 8 ;
  INPUT ---        8 ;

  INPUT ---    group=2 p    rows=6 cols=6 Triang ;
  INPUT ---        9 10 11 12 13 14 ;
  INPUT ---        10 11 12 13 14 ;
  INPUT ---        11 12 13 14 ;
  INPUT ---        12 13 14 ;
  INPUT ---        13 14 ;
  INPUT ---        14 ;

  INPUT ---    design matrix constraints=14 covariates=14;
  INPUT ---        1 0 0 0 0 0 0 0 0 0 0 0 0 0;
  INPUT ---        1 1 0 0 0 0 0 0 0 0 0 0 0 0;
  INPUT ---        0 0 1 0 0 0 0 0 0 0 0 0 0 0;
  INPUT ---        0 0 1 0 1 0 0 0 0 0 0 0 0 0;
  INPUT ---        0 0 1 0 0 1 0 0 0 0 0 0 0 0;
  INPUT ---        0 0 1 0 0 0 1 0 0 0 0 0 0 0;

  Program  MARK  - Survival Rate Estimation with Capture-Recapture Data
   gfortran(Win64) Vers. 8.0 Jun 2014   21-Jan-2015 17:34:13    Page  003
 - - - - - - - - - - - - - - - - - - - - - - - - - - - - - - - - - - - - - -
 
  INPUT ---        0 0 1 0 0 0 0 1 0 0 0 0 0 0;
  INPUT ---        0 0 1 0 0 0 0 0 1 0 0 0 0 0;
  INPUT ---        0 0 1 1 0 0 0 0 0 0 0 0 0 0;
  INPUT ---        0 0 1 1 1 0 0 0 0 1 0 0 0 0;
  INPUT ---        0 0 1 1 0 1 0 0 0 0 1 0 0 0;
  INPUT ---        0 0 1 1 0 0 1 0 0 0 0 1 0 0;
  INPUT ---        0 0 1 1 0 0 0 1 0 0 0 0 1 0;
  INPUT ---        0 0 1 1 0 0 0 0 1 0 0 0 0 1;

  INPUT ---    blabel(1)=Phi:(Intercept);

  INPUT ---    blabel(2)=Phi:sexMale;

  INPUT ---    blabel(3)=p:(Intercept);

  INPUT ---    blabel(4)=p:sexMale;

  INPUT ---    blabel(5)=p:time3;

  INPUT ---    blabel(6)=p:time4;

  INPUT ---    blabel(7)=p:time5;

  INPUT ---    blabel(8)=p:time6;

  INPUT ---    blabel(9)=p:time7;

  INPUT ---    blabel(10)=p:sexMale:time3;

  INPUT ---    blabel(11)=p:sexMale:time4;

  INPUT ---    blabel(12)=p:sexMale:time5;

  INPUT ---    blabel(13)=p:sexMale:time6;

  INPUT ---    blabel(14)=p:sexMale:time7;

  INPUT ---    rlabel(1)=Phi gFemale c1 c1 a0 t1;

  INPUT ---    rlabel(2)=Phi gMale c1 c1 a0 t1;

  INPUT ---    rlabel(3)=p gFemale c1 c1 a1 t2;

  INPUT ---    rlabel(4)=p gFemale c1 c1 a2 t3;

  INPUT ---    rlabel(5)=p gFemale c1 c1 a3 t4;

  Program  MARK  - Survival Rate Estimation with Capture-Recapture Data
   gfortran(Win64) Vers. 8.0 Jun 2014   21-Jan-2015 17:34:13    Page  004
 - - - - - - - - - - - - - - - - - - - - - - - - - - - - - - - - - - - - - -
 

  INPUT ---    rlabel(6)=p gFemale c1 c1 a4 t5;

  INPUT ---    rlabel(7)=p gFemale c1 c1 a5 t6;

  INPUT ---    rlabel(8)=p gFemale c1 c1 a6 t7;

  INPUT ---    rlabel(9)=p gMale c1 c1 a1 t2;

  INPUT ---    rlabel(10)=p gMale c1 c1 a2 t3;

  INPUT ---    rlabel(11)=p gMale c1 c1 a3 t4;

  INPUT ---    rlabel(12)=p gMale c1 c1 a4 t5;

  INPUT ---    rlabel(13)=p gMale c1 c1 a5 t6;

  INPUT ---    rlabel(14)=p gMale c1 c1 a6 t7;

 Link Function Used is LOGIT        

 Variance Estimation Procedure Used is 2ndPart 
 -2logL(saturated) = 582.47711     
 Effective Sample Size = 426

 Number of function evaluations was 89 for 14 parameters.
 Time for numerical optimization was 0.17 seconds.
 -2logL { Phi(~sex)p(~sex * time) } = 662.24967     
 Penalty { Phi(~sex)p(~sex * time) } = -0.0000000    
 Gradient { Phi(~sex)p(~sex * time) }:
   0.000000      0.000000     0.1030942E-04 0.9631050E-05  0.000000    
   0.000000     0.1238701E-04 0.8796249E-05 0.1359049E-04  0.000000    
   0.000000     0.3190295E-04 0.8828899E-05  0.000000    
 S Vector { Phi(~sex)p(~sex * time) }:
   137.2944      20.82568      13.30557      3.373923      2.727908    
   2.351739      1.257882     0.8326460     0.5313641     0.4013523    
  0.3482927     0.6606602E-01 0.4087618E-06 0.3363197E-07
 Time to compute number of parameters was 0.08 seconds.
   Threshold =  0.3000000E-06     Condition index =  0.2449624E-09     New Threshold =  0.1258393E-06
 New Guessimate of Estimated Parameters { Phi(~sex)p(~sex * time) } = 12          
 Conditioned S Vector { Phi(~sex)p(~sex * time) }:
   1.000000     0.1516863     0.9691266E-01 0.2457436E-01 0.1986904E-01
  0.1712917E-01 0.9161929E-02 0.6064675E-02 0.3870252E-02 0.2923296E-02
  0.2536830E-02 0.4811996E-03 0.2977264E-08 0.2449624E-09
 Number of Estimated Parameters { Phi(~sex)p(~sex * time) } = 12          
 DEVIANCE { Phi(~sex)p(~sex * time) } = 79.772561                     
 DEVIANCE Degrees of Freedom { Phi(~sex)p(~sex * time) } = 29            
 c-hat { Phi(~sex)p(~sex * time) } = 2.7507780                     
 AIC { Phi(~sex)p(~sex * time) } = 686.24967                  
 AICc { Phi(~sex)p(~sex * time) } = 687.00512                    
 BIC { Phi(~sex)p(~sex * time) } = 734.90294                    
 Pearson Chisquare { Phi(~sex)p(~sex * time) } = 195.10284                  
 Possible Encounter Histories { Phi(~sex)p(~sex * time) } = 252             
 Pearson Chisquare df { Phi(~sex)p(~sex * time) } = 228        
 Pearson chat { Phi(~sex)p(~sex * time) } = 0.8557142                  
 Sum(Observed/Expected) { Phi(~sex)p(~sex * time) } = 221.72211                  
 Fletcher chat { Phi(~sex)p(~sex * time) } = 0.9725687                  

  Program  MARK  - Survival Rate Estimation with Capture-Recapture Data
   gfortran(Win64) Vers. 8.0 Jun 2014   21-Jan-2015 17:34:13    Page  005
 - - - - - - - - - - - - - - - - - - - - - - - - - - - - - - - - - - - - - -
 


                 LOGIT Link Function Parameters of { Phi(~sex)p(~sex * time) }
                                                              95% Confidence Interval
 Parameter                    Beta         Standard Error      Lower           Upper
 -------------------------  --------------  --------------  --------------  --------------
    1:Phi:(Intercept)       0.2326853       0.1563901       -0.0738393      0.5392100     
    2:Phi:sexMale           -0.0074304      0.2091489       -0.4173622      0.4025014     
    3:p:(Intercept)         1.2054938       1.0581493       -0.8684789      3.2794665     
    4:p:sexMale             0.1804200       1.4887968       -2.7376218      3.0984617     
    5:p:time3               0.3517930       1.3760497       -2.3452644      3.0488504     
    6:p:time4               0.6180917       1.4021973       -2.1302151      3.3663986     
    7:p:time5               0.8355822       1.2796417       -1.6725157      3.3436801     
    8:p:time6               1.5848935       1.4603099       -1.2773139      4.4471010     
    9:p:time7               0.6730350       1.6059783       -2.4746826      3.8207525     
   10:p:sexMale:time3       20.817415       5451.4973       -10664.118      10705.752     
   11:p:sexMale:time4       0.0583105       2.0021433       -3.8658906      3.9825115     
   12:p:sexMale:time5       0.4254083       1.9348924       -3.3669808      4.2177975     
   13:p:sexMale:time6       -0.2876673      2.0567269       -4.3188520      3.7435175     
   14:p:sexMale:time7       13.920126       1568.8224       -3060.9719      3088.8121     


                 Real Function Parameters of { Phi(~sex)p(~sex * time) }
                                                               95% Confidence Interval
  Parameter                  Estimate       Standard Error      Lower           Upper
 --------------------------  --------------  --------------  --------------  --------------
     1:Phi gFemale c1 c1 a0  0.5579103       0.0385731       0.4815486       0.6316286                           
     2:Phi gMale c1 c1 a0 t  0.5560768       0.0342813       0.4882687       0.6218584                           
     3:p gFemale c1 c1 a1 t  0.7695007       0.1876833       0.2955709       0.9637176                           
     4:p gFemale c1 c1 a2 t  0.8259637       0.1308640       0.4434815       0.9658293                           
     5:p gFemale c1 c1 a3 t  0.8609958       0.1110930       0.5010614       0.9744920                           
     6:p gFemale c1 c1 a4 t  0.8850428       0.0734700       0.6515182       0.9694224                           
     7:p gFemale c1 c1 a5 t  0.9421542       0.0550232       0.6924422       0.9915844                           
     8:p gFemale c1 c1 a6 t  0.8674420       0.1405601       0.3734629       0.9862714                           
     9:p gMale c1 c1 a1 t2   0.7999391       0.1676111       0.3392019       0.9688918                           
    10:p gMale c1 c1 a2 t3   1.0000000       0.8728731E-006  0.9999983       1.0000017                           
    11:p gMale c1 c1 a3 t4   0.8871862       0.0974767       0.5382828       0.9814980                           
    12:p gMale c1 c1 a4 t5   0.9338199       0.0621565       0.6627570       0.9902260                           
    13:p gMale c1 c1 a5 t6   0.9360244       0.0599696       0.6726721       0.9904912                           
    14:p gMale c1 c1 a6 t7   0.9999999       0.1802808E-003  0.8579985E-297  1.0000000                           

 Attempted ordering of parameters by estimatibility:
   1  2  3  7  4  6  8  5 12  9 11 13 14 10
 Beta number 10 is a singular value.

     CPU Time in seconds for last procedure was 0.25

  Program  MARK  - Survival Rate Estimation with Capture-Recapture Data
   gfortran(Win64) Vers. 8.0 Jun 2014   21-Jan-2015 17:34:13    Page  006
 - - - - - - - - - - - - - - - - - - - - - - - - - - - - - - - - - - - - - -
 


  INPUT --- proc stop;

     CPU Time in minutes for this job was 0.00

     Time Start = 17:34:13.016   Time End = 17:34:13.169

     Wall Clock Time in minutes for this job was 0.00


          E X E C U T I O N   S U C C E S S F U L 
