
   Program  MARK  - Survival Rate Estimation with Capture-Recapture Data
   gfortran(Win64) Vers. 8.0 Jun 2014   21-Jan-2015 17:35:15    Page  001
 - - - - - - - - - - - - - - - - - - - - - - - - - - - - - - - - - - - - - -
 
   This version was compiled by GCC version 4.8.1 using the options 
   -m64 -mtune=generic -march=x86-64 -mthreads -O2 -fimplicit-none -fbounds-check -funroll-loops -ftree-vectorize -fopenmp.
   This problem will use 3 of 4 possible threads.


  INPUT --- proc title ;

     CPU Time in seconds for last procedure was 0.00


  INPUT --- proc chmatrix occasions= 7 groups= 2 etype= POPAN ICMeans 
  INPUT --- NoHist hist= 55 ;

  INPUT ---    time  interval 1 1 1 1 1 1 ;

  INPUT ---    glabel(1)=sexFemale;

  INPUT ---    glabel(2)=sexMale;

   * *  WARNING  * *   At least a pair of the encounter histories are duplicates. 

      Number of unique encounter histories read was 32.

      Number of individual covariates read was 0.
      Time interval lengths are all equal to 1.

      Data type number is 19
      Data type is POPAN                                                                                               

     CPU Time in seconds for last procedure was 0.02

  Program  MARK  - Survival Rate Estimation with Capture-Recapture Data
   gfortran(Win64) Vers. 8.0 Jun 2014   21-Jan-2015 17:35:15    Page  002
 - - - - - - - - - - - - - - - - - - - - - - - - - - - - - - - - - - - - - -
 


  INPUT --- proc estimate link=Parm-Specific NOLOOP varest=2ndPart    ;


  INPUT --- model={ Phi(~sex * time)p(~sex)pent(~sex * time)N(~sex) };

  INPUT ---    group=1 Phi    rows=1 cols=6 Square ;
  INPUT ---        1 2 3 4 5 6 ;

  INPUT ---    group=2 Phi    rows=1 cols=6 Square ;
  INPUT ---        7 8 9 10 11 12 ;

  INPUT ---    group=1 p    rows=1 cols=7 Square ;
  INPUT ---        13 13 13 13 13 13 13 ;

  INPUT ---    group=2 p    rows=1 cols=7 Square ;
  INPUT ---        14 14 14 14 14 14 14 ;

  INPUT ---    group=1 pent    rows=1 cols=6 Square ;
  INPUT ---        17 18 19 20 21 22 ;

  INPUT ---    group=2 pent    rows=1 cols=6 Square ;
  INPUT ---        23 24 25 26 27 28 ;

  INPUT ---    group=1 N    rows=1 cols=1 Square ;
  INPUT ---        15 ;

  INPUT ---    group=2 N    rows=1 cols=1 Square ;
  INPUT ---        16 ;

  INPUT ---    design matrix constraints=28 covariates=28;
  INPUT ---        1 0 0 0 0 0 0 0 0 0 0 0 0 0 0 0 0 0 0 0 0 0 0 0 0 0 0 0;
  INPUT ---        1 0 1 0 0 0 0 0 0 0 0 0 0 0 0 0 0 0 0 0 0 0 0 0 0 0 0 0;
  INPUT ---        1 0 0 1 0 0 0 0 0 0 0 0 0 0 0 0 0 0 0 0 0 0 0 0 0 0 0 0;
  INPUT ---        1 0 0 0 1 0 0 0 0 0 0 0 0 0 0 0 0 0 0 0 0 0 0 0 0 0 0 0;
  INPUT ---        1 0 0 0 0 1 0 0 0 0 0 0 0 0 0 0 0 0 0 0 0 0 0 0 0 0 0 0;
  INPUT ---        1 0 0 0 0 0 1 0 0 0 0 0 0 0 0 0 0 0 0 0 0 0 0 0 0 0 0 0;
  INPUT ---        1 1 0 0 0 0 0 0 0 0 0 0 0 0 0 0 0 0 0 0 0 0 0 0 0 0 0 0;
  INPUT ---        1 1 1 0 0 0 0 1 0 0 0 0 0 0 0 0 0 0 0 0 0 0 0 0 0 0 0 0;
  INPUT ---        1 1 0 1 0 0 0 0 1 0 0 0 0 0 0 0 0 0 0 0 0 0 0 0 0 0 0 0;
  INPUT ---        1 1 0 0 1 0 0 0 0 1 0 0 0 0 0 0 0 0 0 0 0 0 0 0 0 0 0 0;
  INPUT ---        1 1 0 0 0 1 0 0 0 0 1 0 0 0 0 0 0 0 0 0 0 0 0 0 0 0 0 0;
  INPUT ---        1 1 0 0 0 0 1 0 0 0 0 1 0 0 0 0 0 0 0 0 0 0 0 0 0 0 0 0;
  INPUT ---        0 0 0 0 0 0 0 0 0 0 0 0 1 0 0 0 0 0 0 0 0 0 0 0 0 0 0 0;
  INPUT ---        0 0 0 0 0 0 0 0 0 0 0 0 1 1 0 0 0 0 0 0 0 0 0 0 0 0 0 0;

  Program  MARK  - Survival Rate Estimation with Capture-Recapture Data
   gfortran(Win64) Vers. 8.0 Jun 2014   21-Jan-2015 17:35:15    Page  003
 - - - - - - - - - - - - - - - - - - - - - - - - - - - - - - - - - - - - - -
 
  INPUT ---        0 0 0 0 0 0 0 0 0 0 0 0 0 0 0 0 0 0 0 0 0 0 0 0 0 0 1 0;
  INPUT ---        0 0 0 0 0 0 0 0 0 0 0 0 0 0 0 0 0 0 0 0 0 0 0 0 0 0 1 1;
  INPUT ---        0 0 0 0 0 0 0 0 0 0 0 0 0 0 1 0 0 0 0 0 0 0 0 0 0 0 0 0;
  INPUT ---        0 0 0 0 0 0 0 0 0 0 0 0 0 0 1 0 1 0 0 0 0 0 0 0 0 0 0 0;
  INPUT ---        0 0 0 0 0 0 0 0 0 0 0 0 0 0 1 0 0 1 0 0 0 0 0 0 0 0 0 0;
  INPUT ---        0 0 0 0 0 0 0 0 0 0 0 0 0 0 1 0 0 0 1 0 0 0 0 0 0 0 0 0;
  INPUT ---        0 0 0 0 0 0 0 0 0 0 0 0 0 0 1 0 0 0 0 1 0 0 0 0 0 0 0 0;
  INPUT ---        0 0 0 0 0 0 0 0 0 0 0 0 0 0 1 0 0 0 0 0 1 0 0 0 0 0 0 0;
  INPUT ---        0 0 0 0 0 0 0 0 0 0 0 0 0 0 1 1 0 0 0 0 0 0 0 0 0 0 0 0;
  INPUT ---        0 0 0 0 0 0 0 0 0 0 0 0 0 0 1 1 1 0 0 0 0 1 0 0 0 0 0 0;
  INPUT ---        0 0 0 0 0 0 0 0 0 0 0 0 0 0 1 1 0 1 0 0 0 0 1 0 0 0 0 0;
  INPUT ---        0 0 0 0 0 0 0 0 0 0 0 0 0 0 1 1 0 0 1 0 0 0 0 1 0 0 0 0;
  INPUT ---        0 0 0 0 0 0 0 0 0 0 0 0 0 0 1 1 0 0 0 1 0 0 0 0 1 0 0 0;
  INPUT ---        0 0 0 0 0 0 0 0 0 0 0 0 0 0 1 1 0 0 0 0 1 0 0 0 0 1 0 0;

  INPUT ---    links=28;

  INPUT ---    Logit;

  INPUT ---    Logit;

  INPUT ---    Logit;

  INPUT ---    Logit;

  INPUT ---    Logit;

  INPUT ---    Logit;

  INPUT ---    Logit;

  INPUT ---    Logit;

  INPUT ---    Logit;

  INPUT ---    Logit;

  INPUT ---    Logit;

  INPUT ---    Logit;

  INPUT ---    Logit;

  INPUT ---    Logit;

  INPUT ---    Log;

  Program  MARK  - Survival Rate Estimation with Capture-Recapture Data
   gfortran(Win64) Vers. 8.0 Jun 2014   21-Jan-2015 17:35:15    Page  004
 - - - - - - - - - - - - - - - - - - - - - - - - - - - - - - - - - - - - - -
 

  INPUT ---    Log;

  INPUT ---    mlogit(1);

  INPUT ---    mlogit(1);

  INPUT ---    mlogit(1);

  INPUT ---    mlogit(1);

  INPUT ---    mlogit(1);

  INPUT ---    mlogit(1);

  INPUT ---    mlogit(2);

  INPUT ---    mlogit(2);

  INPUT ---    mlogit(2);

  INPUT ---    mlogit(2);

  INPUT ---    mlogit(2);

  INPUT ---    mlogit(2);

  INPUT ---    blabel(1)=Phi:(Intercept);

  INPUT ---    blabel(2)=Phi:sexMale;

  INPUT ---    blabel(3)=Phi:time2;

  INPUT ---    blabel(4)=Phi:time3;

  INPUT ---    blabel(5)=Phi:time4;

  INPUT ---    blabel(6)=Phi:time5;

  INPUT ---    blabel(7)=Phi:time6;

  INPUT ---    blabel(8)=Phi:sexMale:time2;

  INPUT ---    blabel(9)=Phi:sexMale:time3;

  INPUT ---    blabel(10)=Phi:sexMale:time4;

  Program  MARK  - Survival Rate Estimation with Capture-Recapture Data
   gfortran(Win64) Vers. 8.0 Jun 2014   21-Jan-2015 17:35:15    Page  005
 - - - - - - - - - - - - - - - - - - - - - - - - - - - - - - - - - - - - - -
 

  INPUT ---    blabel(11)=Phi:sexMale:time5;

  INPUT ---    blabel(12)=Phi:sexMale:time6;

  INPUT ---    blabel(13)=p:(Intercept);

  INPUT ---    blabel(14)=p:sexMale;

  INPUT ---    blabel(15)=pent:(Intercept);

  INPUT ---    blabel(16)=pent:sexMale;

  INPUT ---    blabel(17)=pent:time3;

  INPUT ---    blabel(18)=pent:time4;

  INPUT ---    blabel(19)=pent:time5;

  INPUT ---    blabel(20)=pent:time6;

  INPUT ---    blabel(21)=pent:time7;

  INPUT ---    blabel(22)=pent:sexMale:time3;

  INPUT ---    blabel(23)=pent:sexMale:time4;

  INPUT ---    blabel(24)=pent:sexMale:time5;

  INPUT ---    blabel(25)=pent:sexMale:time6;

  INPUT ---    blabel(26)=pent:sexMale:time7;

  INPUT ---    blabel(27)=N:(Intercept);

  INPUT ---    blabel(28)=N:sexMale;

  INPUT ---    rlabel(1)=Phi gFemale a0 t1;

  INPUT ---    rlabel(2)=Phi gFemale a1 t2;

  INPUT ---    rlabel(3)=Phi gFemale a2 t3;

  INPUT ---    rlabel(4)=Phi gFemale a3 t4;

  INPUT ---    rlabel(5)=Phi gFemale a4 t5;

  Program  MARK  - Survival Rate Estimation with Capture-Recapture Data
   gfortran(Win64) Vers. 8.0 Jun 2014   21-Jan-2015 17:35:15    Page  006
 - - - - - - - - - - - - - - - - - - - - - - - - - - - - - - - - - - - - - -
 

  INPUT ---    rlabel(6)=Phi gFemale a5 t6;

  INPUT ---    rlabel(7)=Phi gMale a0 t1;

  INPUT ---    rlabel(8)=Phi gMale a1 t2;

  INPUT ---    rlabel(9)=Phi gMale a2 t3;

  INPUT ---    rlabel(10)=Phi gMale a3 t4;

  INPUT ---    rlabel(11)=Phi gMale a4 t5;

  INPUT ---    rlabel(12)=Phi gMale a5 t6;

  INPUT ---    rlabel(13)=p gFemale a0 t1;

  INPUT ---    rlabel(14)=p gMale a0 t1;

  INPUT ---    rlabel(15)=N gFemale a0 t1;

  INPUT ---    rlabel(16)=N gMale a0 t1;

  INPUT ---    rlabel(17)=pent gFemale a1 t2;

  INPUT ---    rlabel(18)=pent gFemale a2 t3;

  INPUT ---    rlabel(19)=pent gFemale a3 t4;

  INPUT ---    rlabel(20)=pent gFemale a4 t5;

  INPUT ---    rlabel(21)=pent gFemale a5 t6;

  INPUT ---    rlabel(22)=pent gFemale a6 t7;

  INPUT ---    rlabel(23)=pent gMale a1 t2;

  INPUT ---    rlabel(24)=pent gMale a2 t3;

  INPUT ---    rlabel(25)=pent gMale a3 t4;

  INPUT ---    rlabel(26)=pent gMale a4 t5;

  INPUT ---    rlabel(27)=pent gMale a5 t6;

  INPUT ---    rlabel(28)=pent gMale a6 t7;

  Program  MARK  - Survival Rate Estimation with Capture-Recapture Data
   gfortran(Win64) Vers. 8.0 Jun 2014   21-Jan-2015 17:35:15    Page  007
 - - - - - - - - - - - - - - - - - - - - - - - - - - - - - - - - - - - - - -
 

 Link Function Used is PARM-SPECIFIC

 Variance Estimation Procedure Used is 2ndPart 

 M(t+1):
     153    141



 Group: 1

 U(t)+UL(t):
      10   29   27   23   19   23   22

 U(t):
      10   29   27   23   19   23   22

 UL(t):
       0    0    0    0    0    0    0

 Not Released(t):
       0    0    0    0    0    0    0

 Group: 2

 U(t)+UL(t):
      12   20   25   22   22   23   17

 U(t):
      12   20   25   22   22   23   17

 UL(t):
       0    0    0    0    0    0    0

 Not Released(t):
       0    0    0    0    0    0    0
 -2logL(saturated) = 1708.6668     
 Effective Sample Size = 519

 Number of function evaluations was 58 for 28 parameters.
 Time for numerical optimization was 0.22 seconds.
 -2logL { Phi(~sex * time)p(~sex)pent(~sex * time)N(~sex) } = 719.85234     
 Penalty { Phi(~sex * time)p(~sex)pent(~sex * time)N(~sex) } = -0.0000000    
 Gradient { Phi(~sex * time)p(~sex)pent(~sex * time)N(~sex) }:
  0.1441458E-04-0.2006713E-04-0.1283687E-04 0.1316309E-04 0.4428045E-04
  0.4492205E-04 0.4704842E-04  0.000000      0.000000      0.000000    
 -0.3919441E-04  0.000000     0.2176817E-04  0.000000     0.1114615E-04
   0.000000     0.8264855E-04 0.5387114E-04 0.1533369E-04 0.3593140E-04
  0.5183113E-04  0.000000      0.000000      0.000000      0.000000    
   0.000000    -0.2825525E-04-0.1407957E-04
 S Vector { Phi(~sex * time)p(~sex)pent(~sex * time)N(~sex) }:
   160.3030      60.57382      53.89531      47.98550      45.01853    
   36.37839      31.87782      25.59012      24.38963      23.32672    
   21.98602      18.35077      8.876980      7.845654      7.666165    
   7.077548      6.357056      5.893756      4.440266      3.912738    
   3.721983      3.452844      3.129153      2.881251      1.230336    
   1.006048     0.6619598     0.1277807    
 Time to compute number of parameters was 0.19 seconds.
   Threshold =  0.5800000E-06     Condition index =  0.7971197E-03     New Threshold =  0.6761516    
 New Guessimate of Estimated Parameters { Phi(~sex * time)p(~sex)pent(~sex * time)N(~sex) } = 1          
 Conditioned S Vector { Phi(~sex * time)p(~sex)pent(~sex * time)N(~sex) }:
   1.000000     0.3778709     0.3362091     0.2993426     0.2808340    
  0.2269352     0.1988598     0.1596360     0.1521471     0.1455165    
  0.1371530     0.1144756     0.5537627E-01 0.4894266E-01 0.4782298E-01
  0.4415108E-01 0.3965651E-01 0.3676636E-01 0.2769922E-01 0.2440840E-01
  0.2321843E-01 0.2153949E-01 0.1952025E-01 0.1797379E-01 0.7675070E-02
  0.6275915E-02 0.4129430E-02 0.7971197E-03
 Number of Estimated Parameters { Phi(~sex * time)p(~sex)pent(~sex * time)N(~sex) } = 28          
 DEVIANCE { Phi(~sex * time)p(~sex)pent(~sex * time)N(~sex) } = -988.81443                    
 DEVIANCE Degrees of Freedom { Phi(~sex * time)p(~sex)pent(~sex * time)N(~sex) } = 27            
 c-hat { Phi(~sex * time)p(~sex)pent(~sex * time)N(~sex) } = -36.622757                    
 AIC { Phi(~sex * time)p(~sex)pent(~sex * time)N(~sex) } = 775.85234                  
 AICc { Phi(~sex * time)p(~sex)pent(~sex * time)N(~sex) } = 779.16663                    
 BIC { Phi(~sex * time)p(~sex)pent(~sex * time)N(~sex) } = 894.90565                    
 Pearson Chisquare { Phi(~sex * time)p(~sex)pent(~sex * time)N(~sex) } = 1444.8287                  
 Possible Encounter Histories { Phi(~sex * time)p(~sex)pent(~sex * time)N(~sex) } = 254             
 Pearson Chisquare df { Phi(~sex * time)p(~sex)pent(~sex * time)N(~sex) } = 224        
 Pearson chat { Phi(~sex * time)p(~sex)pent(~sex * time)N(~sex) } = 6.4501280                  
 Sum(Observed/Expected) { Phi(~sex * time)p(~sex)pent(~sex * time)N(~sex) } = 26.420445                  
 Fletcher chat { Phi(~sex * time)p(~sex)pent(~sex * time)N(~sex) } = 62.010027                  


     PARM-SPECIFIC Link Function Parameters of { Phi(~sex * time)p(~sex)pent(~sex * time)N(~sex) }
                                                              95% Confidence Interval
 Parameter                    Beta         Standard Error      Lower           Upper
 -------------------------  --------------  --------------  --------------  --------------
    1:Phi:(Intercept)       0.5773871       0.7196443       -0.8331157      1.9878899     
    2:Phi:sexMale           -0.1330654      0.9528693       -2.0006893      1.7345585     
    3:Phi:time2             -0.7712542      0.8130954       -2.3649212      0.8224128     
    4:Phi:time3             -0.7273583      0.7869109       -2.2697036      0.8149870     

  Program  MARK  - Survival Rate Estimation with Capture-Recapture Data
   gfortran(Win64) Vers. 8.0 Jun 2014   21-Jan-2015 17:35:15    Page  008
 - - - - - - - - - - - - - - - - - - - - - - - - - - - - - - - - - - - - - -
 
    5:Phi:time4             -0.0269709      0.7945374       -1.5842644      1.5303225     
    6:Phi:time5             0.0123032       0.7929366       -1.5418526      1.5664590     
    7:Phi:time6             -0.4498277      0.7817400       -1.9820381      1.0823826     
    8:Phi:sexMale:time2     0.1579399       1.1059218       -2.0096668      2.3255467     
    9:Phi:sexMale:time3     0.2671316       1.0593315       -1.8091582      2.3434214     
   10:Phi:sexMale:time4     0.0394537       1.0649718       -2.0478911      2.1267984     
   11:Phi:sexMale:time5     -0.1602351      1.0550169       -2.2280683      1.9075981     
   12:Phi:sexMale:time6     0.5285088       1.0511254       -1.5316970      2.5887146     
   13:p:(Intercept)         2.1335701       0.4453640       1.2606567       3.0064836     
   14:p:sexMale             0.4358842       0.7084433       -0.9526647      1.8244330     
   15:pent:(Intercept)      1.0399298       0.3757194       0.3035198       1.7763399     
   16:pent:sexMale          -0.5565141      0.5310218       -1.5973169      0.4842886     
   17:pent:time3            -0.1004364      0.2856929       -0.6603944      0.4595216     
   18:pent:time4            -0.2662086      0.2926709       -0.8398437      0.3074264     
   19:pent:time5            -0.4828369      0.3158292       -1.1018622      0.1361884     
   20:pent:time6            -0.2655987      0.2924369       -0.8387751      0.3075776     
   21:pent:time7            -0.3160449      0.2969043       -0.8979775      0.2658876     
   22:pent:sexMale:time3    0.3238242       0.4235869       -0.5064061      1.1540545     
   23:pent:sexMale:time4    0.3480633       0.4335600       -0.5017143      1.1978410     
   24:pent:sexMale:time5    0.5607744       0.4499688       -0.3211644      1.4427133     
   25:pent:sexMale:time6    0.3931075       0.4307699       -0.4512015      1.2374164     
   26:pent:sexMale:time7    0.1141802       0.4564339       -0.7804304      1.0087907     
   27:N:(Intercept)         2.2188521       0.5766020       1.0887121       3.3489921     
   28:N:sexMale             -0.6149194      0.9586550       -2.4938833      1.2640445     


     Real Function Parameters of { Phi(~sex * time)p(~sex)pent(~sex * time)N(~sex) }
                                                               95% Confidence Interval
  Parameter                  Estimate       Standard Error      Lower           Upper
 --------------------------  --------------  --------------  --------------  --------------
     1:Phi gFemale a0 t1     0.6404660       0.1657120       0.3029867       0.8795197                           
     2:Phi gFemale a1 t2     0.4516845       0.0893190       0.2889009       0.6255081                           
     3:Phi gFemale a2 t3     0.4625773       0.0800542       0.3140760       0.6180287                           
     4:Phi gFemale a3 t4     0.6342322       0.0794677       0.4697864       0.7723862                           
     5:Phi gFemale a4 t5     0.6432941       0.0783054       0.4802208       0.7787745                           
     6:Phi gFemale a5 t6     0.5318467       0.0801883       0.3766768       0.6810924                           
     7:Phi gMale a0 t1       0.6092883       0.1486897       0.3143428       0.8413807                           
     8:Phi gMale a1 t2       0.4578521       0.0994113       0.2780901       0.6493014                           
     9:Phi gMale a2 t3       0.4960238       0.0847636       0.3361512       0.6567137                           
    10:Phi gMale a3 t4       0.6122558       0.0807583       0.4477048       0.7546480                           
    11:Phi gMale a4 t5       0.5735597       0.0758352       0.4227948       0.7117894                           
    12:Phi gMale a5 t6       0.6278496       0.0784764       0.4662283       0.7651811                           
    13:p gFemale a0 t1       0.8941235       0.0421611       0.7791391       0.9528662                           
    14:p gMale a0 t1         0.9288696       0.0364015       0.8160182       0.9746502                           
    15:N gFemale a0 t1       162.19677       5.3028749       156.21803       179.28329                           
    16:N gMale a0 t1         145.97255       3.8082951       142.31304       159.83132                           

  Program  MARK  - Survival Rate Estimation with Capture-Recapture Data
   gfortran(Win64) Vers. 8.0 Jun 2014   21-Jan-2015 17:35:15    Page  009
 - - - - - - - - - - - - - - - - - - - - - - - - - - - - - - - - - - - - - -
 
    17:pent gFemale a1 t2    0.1946659       0.0336171       0.1370202       0.2690040                           
    18:pent gFemale a2 t3    0.1760642       0.0328510       0.1205642       0.2498542                           
    19:pent gFemale a3 t4    0.1491685       0.0308962       0.0981216       0.2202855                           
    20:pent gFemale a4 t5    0.1201148       0.0286108       0.0743344       0.1883531                           
    21:pent gFemale a5 t6    0.1492595       0.0308141       0.0983186       0.2201497                           
    22:pent gFemale a6 t7    0.1419167       0.0299088       0.0927217       0.2111386                           
    23:pent gMale a1 t2      0.1431325       0.0305990       0.0929180       0.2140792                           
    24:pent gMale a2 t3      0.1789594       0.0335625       0.1222689       0.2543187                           
    25:pent gMale a3 t4      0.1553415       0.0320156       0.1023346       0.2288063                           
    26:pent gMale a4 t5      0.1547342       0.0320202       0.1017630       0.2282714                           
    27:pent gMale a5 t6      0.1625978       0.0326116       0.1082769       0.2369298                           
    28:pent gMale a6 t7      0.1169687       0.0285535       0.0715385       0.1854854                           


                      Estimates of Derived Parameters
 Gross Birth+Immigration Estimates of { Phi(~sex * time)p(~sex)pent(~sex * time)N(~sex) }
                                                95% Confidence Interval
 Grp. Occ.   B*-hat          Standard Error      Lower           Upper
 ---- ----   --------------  --------------  --------------  --------------
   1     1   39.128904       8.4320053       25.771749       59.408895     
   1     2   41.392811       8.7432405       27.484263       62.339847     
   1     3   34.707610       7.8136565       22.446854       53.665345     
   1     4   24.253213       6.0064612       15.034509       39.124546     
   1     5   29.940795       6.5011446       19.658949       45.600161     
   1     6   31.045031       7.0182098       20.042599       48.087273     
   2     1   26.495063       6.4979538       16.498465       42.548709     
   2     2   37.642209       8.0559035       24.862207       56.991556     
   2     3   31.546263       7.0244052       20.497260       48.551209     
   2     4   28.578809       6.2283669       18.736163       43.592081     
   2     5   30.939907       6.5504640       20.524607       46.640497     
   2     6   21.355002       5.4149002       13.092227       34.832586     

 Net Birth+Immigration Estimates of { Phi(~sex * time)p(~sex)pent(~sex * time)N(~sex) }
                                                95% Confidence Interval
 Grp. Occ.   B-hat           Standard Error      Lower           Upper
 ---- ----   --------------  --------------  --------------  --------------
   1     1   31.574188       5.6025606       22.359406       44.586575     
   1     2   28.557042       5.4056932       19.769628       41.250380     
   1     3   24.194644       5.0483645       16.143449       36.261199     
   1     4   19.482236       4.6427585       12.290858       30.881287     
   1     5   24.209405       5.0452366       16.161163       36.265663     
   1     6   23.018425       4.9325294       15.195499       34.868739     
   2     1   20.893420       4.5111549       13.750245       31.747433     
   2     2   26.123154       4.9599085       18.064954       37.775859     
   2     3   22.675589       4.6978284       15.172485       33.889131     
   2     4   22.586939       4.6961949       15.091922       33.804165     
   2     5   23.734816       4.7873101       16.047382       35.104884     
   2     6   17.074216       4.1889659       10.630368       27.424154     

 Population Estimates of { Phi(~sex * time)p(~sex)pent(~sex * time)N(~sex) }
                                                95% Confidence Interval
 Grp. Occ.   N-hat           Standard Error      Lower           Upper
 ---- ----   --------------  --------------  --------------  --------------
   1     1   11.160828       3.4595054       6.1641564       20.207806     
   1     2   38.722318       6.0420244       28.571950       52.478668     
   1     3   46.047311       6.3886905       35.129121       60.358893     
   1     4   45.495087       6.2496598       34.799970       59.477147     
   1     5   48.336682       6.3122409       37.461640       62.368728     
   1     6   55.304108       6.7038228       43.646664       70.075099     
   1     7   52.431731       6.9081210       40.543816       67.805320     
   2     1   12.884417       3.5994510       7.5286671       22.050144     
   2     2   28.743744       5.0949717       20.362273       40.575177     
   2     3   39.283538       5.7324575       29.556317       52.212067     
   2     4   42.161160       5.8120330       32.219716       55.170052     
   2     5   48.400355       6.0618726       37.901198       61.807925     
   2     6   51.495311       6.1615419       40.764223       65.051333     
   2     7   49.405529       6.3357615       38.464524       63.458637     

 Gross Population Estimates of { Phi(~sex * time)p(~sex)pent(~sex * time)N(~sex) }
                                                95% Confidence Interval
 Grp. Occ.   N*-hat          Standard Error      Lower           Upper
 ---- ----   --------------  --------------  --------------  --------------

  Program  MARK  - Survival Rate Estimation with Capture-Recapture Data
   gfortran(Win64) Vers. 8.0 Jun 2014   21-Jan-2015 17:35:15    Page  010
 - - - - - - - - - - - - - - - - - - - - - - - - - - - - - - - - - - - - - -
 
   1     0   211.62919       9.5165980       193.78365       231.11812     
   2     0   189.44167       7.5446770       175.22194       204.81537     

     CPU Time in seconds for last procedure was 0.42


  INPUT --- proc stop;

     CPU Time in minutes for this job was 0.01

     Time Start = 17:35:15.439   Time End = 17:35:15.852

     Wall Clock Time in minutes for this job was 0.01


          E X E C U T I O N   S U C C E S S F U L 
