
   Program  MARK  - Survival Rate Estimation with Capture-Recapture Data
   gfortran(Win64) Vers. 8.0 Jun 2014   21-Jan-2015 17:34:16    Page  001
 - - - - - - - - - - - - - - - - - - - - - - - - - - - - - - - - - - - - - -
 
   This version was compiled by GCC version 4.8.1 using the options 
   -m64 -mtune=generic -march=x86-64 -mthreads -O2 -fimplicit-none -fbounds-check -funroll-loops -ftree-vectorize -fopenmp.
   This problem will use 3 of 4 possible threads.


  INPUT --- proc title ;

     CPU Time in seconds for last procedure was 0.00


  INPUT --- proc chmatrix occasions= 7 groups= 2 etype= Live ICMeans 
  INPUT --- NoHist hist= 55 ;

  INPUT ---    time  interval 1 1 1 1 1 1 ;

  INPUT ---    glabel(1)=sexFemale;

  INPUT ---    glabel(2)=sexMale;

   * *  WARNING  * *   At least a pair of the encounter histories are duplicates. 

      Number of unique encounter histories read was 32.

      Number of individual covariates read was 0.
      Time interval lengths are all equal to 1.

      Data type number is 1
      Data type is Live Recaptures (CJS)                                                                               

     CPU Time in seconds for last procedure was 0.00

  Program  MARK  - Survival Rate Estimation with Capture-Recapture Data
   gfortran(Win64) Vers. 8.0 Jun 2014   21-Jan-2015 17:34:16    Page  002
 - - - - - - - - - - - - - - - - - - - - - - - - - - - - - - - - - - - - - -
 


  INPUT --- proc estimate link=Logit NOLOOP varest=2ndPart    ;


  INPUT --- model={ Phi(~sex * time)p(~time) };

  INPUT ---    fixed=1;
  INPUT ---        parm(18)=1 ;

  INPUT ---    group=1 Phi    rows=6 cols=6 Triang ;
  INPUT ---        1 2 3 4 5 6 ;
  INPUT ---        2 3 4 5 6 ;
  INPUT ---        3 4 5 6 ;
  INPUT ---        4 5 6 ;
  INPUT ---        5 6 ;
  INPUT ---        6 ;

  INPUT ---    group=2 Phi    rows=6 cols=6 Triang ;
  INPUT ---        7 8 9 10 11 12 ;
  INPUT ---        8 9 10 11 12 ;
  INPUT ---        9 10 11 12 ;
  INPUT ---        10 11 12 ;
  INPUT ---        11 12 ;
  INPUT ---        12 ;

  INPUT ---    group=1 p    rows=6 cols=6 Triang ;
  INPUT ---        13 14 15 16 17 18 ;
  INPUT ---        14 15 16 17 18 ;
  INPUT ---        15 16 17 18 ;
  INPUT ---        16 17 18 ;
  INPUT ---        17 18 ;
  INPUT ---        18 ;

  INPUT ---    group=2 p    rows=6 cols=6 Triang ;
  INPUT ---        13 14 15 16 17 18 ;
  INPUT ---        14 15 16 17 18 ;
  INPUT ---        15 16 17 18 ;
  INPUT ---        16 17 18 ;
  INPUT ---        17 18 ;
  INPUT ---        18 ;

  INPUT ---    design matrix constraints=18 covariates=17;
  INPUT ---        1 0 0 0 0 0 0 0 0 0 0 0 0 0 0 0 0;
  INPUT ---        1 0 1 0 0 0 0 0 0 0 0 0 0 0 0 0 0;
  INPUT ---        1 0 0 1 0 0 0 0 0 0 0 0 0 0 0 0 0;

  Program  MARK  - Survival Rate Estimation with Capture-Recapture Data
   gfortran(Win64) Vers. 8.0 Jun 2014   21-Jan-2015 17:34:16    Page  003
 - - - - - - - - - - - - - - - - - - - - - - - - - - - - - - - - - - - - - -
 
  INPUT ---        1 0 0 0 1 0 0 0 0 0 0 0 0 0 0 0 0;
  INPUT ---        1 0 0 0 0 1 0 0 0 0 0 0 0 0 0 0 0;
  INPUT ---        1 0 0 0 0 0 1 0 0 0 0 0 0 0 0 0 0;
  INPUT ---        1 1 0 0 0 0 0 0 0 0 0 0 0 0 0 0 0;
  INPUT ---        1 1 1 0 0 0 0 1 0 0 0 0 0 0 0 0 0;
  INPUT ---        1 1 0 1 0 0 0 0 1 0 0 0 0 0 0 0 0;
  INPUT ---        1 1 0 0 1 0 0 0 0 1 0 0 0 0 0 0 0;
  INPUT ---        1 1 0 0 0 1 0 0 0 0 1 0 0 0 0 0 0;
  INPUT ---        1 1 0 0 0 0 1 0 0 0 0 1 0 0 0 0 0;
  INPUT ---        0 0 0 0 0 0 0 0 0 0 0 0 1 0 0 0 0;
  INPUT ---        0 0 0 0 0 0 0 0 0 0 0 0 1 1 0 0 0;
  INPUT ---        0 0 0 0 0 0 0 0 0 0 0 0 1 0 1 0 0;
  INPUT ---        0 0 0 0 0 0 0 0 0 0 0 0 1 0 0 1 0;
  INPUT ---        0 0 0 0 0 0 0 0 0 0 0 0 1 0 0 0 1;
  INPUT ---        0 0 0 0 0 0 0 0 0 0 0 0 0 0 0 0 0;

  INPUT ---    blabel(1)=Phi:(Intercept);

  INPUT ---    blabel(2)=Phi:sexMale;

  INPUT ---    blabel(3)=Phi:time2;

  INPUT ---    blabel(4)=Phi:time3;

  INPUT ---    blabel(5)=Phi:time4;

  INPUT ---    blabel(6)=Phi:time5;

  INPUT ---    blabel(7)=Phi:time6;

  INPUT ---    blabel(8)=Phi:sexMale:time2;

  INPUT ---    blabel(9)=Phi:sexMale:time3;

  INPUT ---    blabel(10)=Phi:sexMale:time4;

  INPUT ---    blabel(11)=Phi:sexMale:time5;

  INPUT ---    blabel(12)=Phi:sexMale:time6;

  INPUT ---    blabel(13)=p:(Intercept);

  INPUT ---    blabel(14)=p:time3;

  INPUT ---    blabel(15)=p:time4;


  Program  MARK  - Survival Rate Estimation with Capture-Recapture Data
   gfortran(Win64) Vers. 8.0 Jun 2014   21-Jan-2015 17:34:16    Page  004
 - - - - - - - - - - - - - - - - - - - - - - - - - - - - - - - - - - - - - -
 
  INPUT ---    blabel(16)=p:time5;

  INPUT ---    blabel(17)=p:time6;

  INPUT ---    rlabel(1)=Phi gFemale c1 c1 a0 t1;

  INPUT ---    rlabel(2)=Phi gFemale c1 c1 a1 t2;

  INPUT ---    rlabel(3)=Phi gFemale c1 c1 a2 t3;

  INPUT ---    rlabel(4)=Phi gFemale c1 c1 a3 t4;

  INPUT ---    rlabel(5)=Phi gFemale c1 c1 a4 t5;

  INPUT ---    rlabel(6)=Phi gFemale c1 c1 a5 t6;

  INPUT ---    rlabel(7)=Phi gMale c1 c1 a0 t1;

  INPUT ---    rlabel(8)=Phi gMale c1 c1 a1 t2;

  INPUT ---    rlabel(9)=Phi gMale c1 c1 a2 t3;

  INPUT ---    rlabel(10)=Phi gMale c1 c1 a3 t4;

  INPUT ---    rlabel(11)=Phi gMale c1 c1 a4 t5;

  INPUT ---    rlabel(12)=Phi gMale c1 c1 a5 t6;

  INPUT ---    rlabel(13)=p gFemale c1 c1 a1 t2;

  INPUT ---    rlabel(14)=p gFemale c1 c1 a2 t3;

  INPUT ---    rlabel(15)=p gFemale c1 c1 a3 t4;

  INPUT ---    rlabel(16)=p gFemale c1 c1 a4 t5;

  INPUT ---    rlabel(17)=p gFemale c1 c1 a5 t6;

  INPUT ---    rlabel(18)=p gFemale c1 c1 a6 t7;

 Link Function Used is LOGIT        

 Variance Estimation Procedure Used is 2ndPart 
 -2logL(saturated) = 582.47711     
 Effective Sample Size = 426

 Number of function evaluations was 31 for 17 parameters.

  Program  MARK  - Survival Rate Estimation with Capture-Recapture Data
   gfortran(Win64) Vers. 8.0 Jun 2014   21-Jan-2015 17:34:16    Page  005
 - - - - - - - - - - - - - - - - - - - - - - - - - - - - - - - - - - - - - -
 
 Time for numerical optimization was 0.09 seconds.
 -2logL { Phi(~sex * time)p(~time) } = 655.47328     
 Penalty { Phi(~sex * time)p(~time) } = -0.0000000    
 Gradient { Phi(~sex * time)p(~time) }:
 -0.5700592E-05-0.1023630E-04-0.5009797E-05  0.000000    -0.7867107E-05
 -0.7780310E-05 0.5486764E-05 0.9977356E-05-0.9036436E-05-0.1092388E-04
   0.000000    -0.7465531E-05 0.6208001E-05  0.000000      0.000000    
 -0.4782354E-05-0.4072990E-05
 S Vector { Phi(~sex * time)p(~time) }:
   162.7249      29.72709      25.97651      23.81175      21.77603    
   18.94374      11.35257      4.415219      3.698260      3.230612    
   3.001092      2.324387      1.855850      1.125107     0.6736392    
  0.2191497     0.6769646E-01
 Time to compute number of parameters was 0.09 seconds.
   Threshold =  0.3600000E-06     Condition index =  0.4160177E-03     New Threshold =  0.2791196    
 New Guessimate of Estimated Parameters { Phi(~sex * time)p(~time) } = 1          
 Conditioned S Vector { Phi(~sex * time)p(~time) }:
   1.000000     0.1826831     0.1596345     0.1463313     0.1338211    
  0.1164157     0.6976538E-01 0.2713302E-01 0.2272706E-01 0.1985320E-01
  0.1844273E-01 0.1428415E-01 0.1140483E-01 0.6914161E-02 0.4139741E-02
  0.1346749E-02 0.4160177E-03
 Number of Estimated Parameters { Phi(~sex * time)p(~time) } = 17          
 DEVIANCE { Phi(~sex * time)p(~time) } = 72.996173                     
 DEVIANCE Degrees of Freedom { Phi(~sex * time)p(~time) } = 24            
 c-hat { Phi(~sex * time)p(~time) } = 3.0415072                     
 AIC { Phi(~sex * time)p(~time) } = 689.47328                  
 AICc { Phi(~sex * time)p(~time) } = 690.97328                    
 BIC { Phi(~sex * time)p(~time) } = 758.39875                    
 Pearson Chisquare { Phi(~sex * time)p(~time) } = 201.66589                  
 Possible Encounter Histories { Phi(~sex * time)p(~time) } = 252             
 Pearson Chisquare df { Phi(~sex * time)p(~time) } = 223        
 Pearson chat { Phi(~sex * time)p(~time) } = 0.9043313                  
 Sum(Observed/Expected) { Phi(~sex * time)p(~time) } = 235.13576                  
 Fletcher chat { Phi(~sex * time)p(~time) } = 0.9691912                  


                 LOGIT Link Function Parameters of { Phi(~sex * time)p(~time) }
                                                              95% Confidence Interval
 Parameter                    Beta         Standard Error      Lower           Upper
 -------------------------  --------------  --------------  --------------  --------------
    1:Phi:(Intercept)       0.9942989       1.0636012       -1.0903595      3.0789572     
    2:Phi:sexMale           -0.1106245      1.2800250       -2.6194736      2.3982245     
    3:Phi:time2             -1.2692901      1.1760572       -3.5743624      1.0357821     
    4:Phi:time3             -1.1508696      1.1117889       -3.3299758      1.0282366     
    5:Phi:time4             -0.4450908      1.1187046       -2.6377519      1.7475703     
    6:Phi:time5             -0.4612121      1.1151865       -2.6469776      1.7245534     
    7:Phi:time6             -1.0720199      1.1002106       -3.2284327      1.0843930     
    8:Phi:sexMale:time2     0.1394486       1.4487605       -2.7001221      2.9790193     
    9:Phi:sexMale:time3     0.2580937       1.3625974       -2.4125973      2.9287847     
   10:Phi:sexMale:time4     0.0407183       1.3689592       -2.6424418      2.7238784     
   11:Phi:sexMale:time5     -0.1492143      1.3567394       -2.8084236      2.5099951     
   12:Phi:sexMale:time6     0.5228232       1.3421835       -2.1078566      3.1535029     
   13:p:(Intercept)         0.8312953       0.7843427       -0.7060164      2.3686071     
   14:p:time3               1.6517526       1.2917929       -0.8801616      4.1836667     
   15:p:time4               1.5201150       1.0733599       -0.5836706      3.6239005     
   16:p:time5               1.3772151       0.9889560       -0.5611386      3.3155689     
   17:p:time6               1.7912379       1.0693801       -0.3047471      3.8872229     

  Program  MARK  - Survival Rate Estimation with Capture-Recapture Data
   gfortran(Win64) Vers. 8.0 Jun 2014   21-Jan-2015 17:34:16    Page  006
 - - - - - - - - - - - - - - - - - - - - - - - - - - - - - - - - - - - - - -
 


                 Real Function Parameters of { Phi(~sex * time)p(~time) }
                                                               95% Confidence Interval
  Parameter                  Estimate       Standard Error      Lower           Upper
 --------------------------  --------------  --------------  --------------  --------------
     1:Phi gFemale c1 c1 a0  0.7299362       0.2096670       0.2515506       0.9560164                           
     2:Phi gFemale c1 c1 a1  0.4316822       0.0893421       0.2711573       0.6079674                           
     3:Phi gFemale c1 c1 a2  0.4609371       0.0804489       0.3119190       0.6172806                           
     4:Phi gFemale c1 c1 a3  0.6339518       0.0804709       0.4674297       0.7736229                           
     5:Phi gFemale c1 c1 a4  0.6302028       0.0781283       0.4690405       0.7667715                           
     6:Phi gFemale c1 c1 a5  0.4805795       0.0702574       0.3476532       0.6163133                           
     7:Phi gMale c1 c1 a0 t  0.7075831       0.1945871       0.2769582       0.9385983                           
     8:Phi gMale c1 c1 a1 t  0.4387671       0.1015258       0.2584101       0.6368954                           
     9:Phi gMale c1 c1 a2 t  0.4977246       0.0864028       0.3348090       0.6611248                           
    10:Phi gMale c1 c1 a3 t  0.6175830       0.0837087       0.4463589       0.7638667                           
    11:Phi gMale c1 c1 a4 t  0.5678901       0.0770318       0.4153178       0.7085848                           
    12:Phi gMale c1 c1 a5 t  0.5828485       0.0709614       0.4408865       0.7122876                           
    13:p gFemale c1 c1 a1 t  0.6966288       0.1657607       0.3304797       0.9144019                           
    14:p gFemale c1 c1 a2 t  0.9229448       0.0729965       0.6156834       0.9889567                           
    15:p gFemale c1 c1 a3 t  0.9130463       0.0581743       0.7140712       0.9778513                           
    16:p gFemale c1 c1 a4 t  0.9010112       0.0537247       0.7365049       0.9673634                           
    17:p gFemale c1 c1 a5 t  0.9322978       0.0458808       0.7681356       0.9828297                           
    18:p gFemale c1 c1 a6 t  1.0000000       0.0000000       1.0000000       1.0000000       Fixed               

     CPU Time in seconds for last procedure was 0.20

  Program  MARK  - Survival Rate Estimation with Capture-Recapture Data
   gfortran(Win64) Vers. 8.0 Jun 2014   21-Jan-2015 17:34:16    Page  007
 - - - - - - - - - - - - - - - - - - - - - - - - - - - - - - - - - - - - - -
 


  INPUT --- proc stop;

     CPU Time in minutes for this job was 0.00

     Time Start = 17:34:16.076   Time End = 17:34:16.182

     Wall Clock Time in minutes for this job was 0.00


          E X E C U T I O N   S U C C E S S F U L 
