
   Program  MARK  - Survival Rate Estimation with Capture-Recapture Data
   gfortran(Win64) Vers. 8.0 Jun 2014   25-Jan-2015 15:10:44    Page  001
 - - - - - - - - - - - - - - - - - - - - - - - - - - - - - - - - - - - - - -
 
   This version was compiled by GCC version 4.8.1 using the options 
   -m64 -mtune=generic -march=x86-64 -mthreads -O2 -fimplicit-none -fbounds-check -funroll-loops -ftree-vectorize -fopenmp.
   This problem will use 7 of 8 possible threads.


  INPUT --- proc title ;

     CPU Time in seconds for last procedure was 0.00


  INPUT --- proc chmatrix occasions= 7 groups= 6 etype= Both ICMeans 
  INPUT --- NoHist hist= 51 ;

  INPUT ---    time  interval 1 1 1 1 1 1 1 ;

  INPUT ---    glabel(1)=sex4.age1;

  INPUT ---    glabel(2)=sex5.age1;

  INPUT ---    glabel(3)=sex4.age2;

  INPUT ---    glabel(4)=sex5.age2;

  INPUT ---    glabel(5)=sex4.age4;

  INPUT ---    glabel(6)=sex5.age4;

   * *  WARNING  * *   At least a pair of the encounter histories are duplicates. 

      Number of unique encounter histories read was 17.

      Number of individual covariates read was 0.
      Time interval lengths are all equal to 1.

      Data type number is 3
      Data type is Joint Live and Dead Encounters (Burnham)                                                            

     CPU Time in seconds for last procedure was 0.00

  Program  MARK  - Survival Rate Estimation with Capture-Recapture Data
   gfortran(Win64) Vers. 8.0 Jun 2014   25-Jan-2015 15:10:44    Page  002
 - - - - - - - - - - - - - - - - - - - - - - - - - - - - - - - - - - - - - -
 


  INPUT --- proc estimate link=Logit NOLOOP varest=2ndPart    ;


  INPUT --- model={ S(~age)p(~age + sex)r(~1)F(~1) };

  INPUT ---    group=1 S    rows=7 cols=7 Triang ;
  INPUT ---        1 2 3 4 5 6 7 ;
  INPUT ---        1 2 3 4 5 6 ;
  INPUT ---        1 2 3 4 5 ;
  INPUT ---        1 2 3 4 ;
  INPUT ---        1 2 3 ;
  INPUT ---        1 2 ;
  INPUT ---        1 ;

  INPUT ---    group=2 S    rows=7 cols=7 Triang ;
  INPUT ---        1 2 3 4 5 6 7 ;
  INPUT ---        1 2 3 4 5 6 ;
  INPUT ---        1 2 3 4 5 ;
  INPUT ---        1 2 3 4 ;
  INPUT ---        1 2 3 ;
  INPUT ---        1 2 ;
  INPUT ---        1 ;

  INPUT ---    group=3 S    rows=7 cols=7 Triang ;
  INPUT ---        1 2 3 4 5 6 7 ;
  INPUT ---        1 2 3 4 5 6 ;
  INPUT ---        1 2 3 4 5 ;
  INPUT ---        1 2 3 4 ;
  INPUT ---        1 2 3 ;
  INPUT ---        1 2 ;
  INPUT ---        1 ;

  INPUT ---    group=4 S    rows=7 cols=7 Triang ;
  INPUT ---        1 2 3 4 5 6 7 ;
  INPUT ---        1 2 3 4 5 6 ;
  INPUT ---        1 2 3 4 5 ;
  INPUT ---        1 2 3 4 ;
  INPUT ---        1 2 3 ;
  INPUT ---        1 2 ;
  INPUT ---        1 ;

  INPUT ---    group=5 S    rows=7 cols=7 Triang ;
  INPUT ---        1 2 3 4 5 6 7 ;
  INPUT ---        1 2 3 4 5 6 ;

  Program  MARK  - Survival Rate Estimation with Capture-Recapture Data
   gfortran(Win64) Vers. 8.0 Jun 2014   25-Jan-2015 15:10:44    Page  003
 - - - - - - - - - - - - - - - - - - - - - - - - - - - - - - - - - - - - - -
 
  INPUT ---        1 2 3 4 5 ;
  INPUT ---        1 2 3 4 ;
  INPUT ---        1 2 3 ;
  INPUT ---        1 2 ;
  INPUT ---        1 ;

  INPUT ---    group=6 S    rows=7 cols=7 Triang ;
  INPUT ---        1 2 3 4 5 6 7 ;
  INPUT ---        1 2 3 4 5 6 ;
  INPUT ---        1 2 3 4 5 ;
  INPUT ---        1 2 3 4 ;
  INPUT ---        1 2 3 ;
  INPUT ---        1 2 ;
  INPUT ---        1 ;

  INPUT ---    group=1 p    rows=6 cols=6 Triang ;
  INPUT ---        8 9 10 11 12 13 ;
  INPUT ---        8 9 10 11 12 ;
  INPUT ---        8 9 10 11 ;
  INPUT ---        8 9 10 ;
  INPUT ---        8 9 ;
  INPUT ---        8 ;

  INPUT ---    group=2 p    rows=6 cols=6 Triang ;
  INPUT ---        14 15 16 17 18 19 ;
  INPUT ---        14 15 16 17 18 ;
  INPUT ---        14 15 16 17 ;
  INPUT ---        14 15 16 ;
  INPUT ---        14 15 ;
  INPUT ---        14 ;

  INPUT ---    group=3 p    rows=6 cols=6 Triang ;
  INPUT ---        8 9 10 11 12 13 ;
  INPUT ---        8 9 10 11 12 ;
  INPUT ---        8 9 10 11 ;
  INPUT ---        8 9 10 ;
  INPUT ---        8 9 ;
  INPUT ---        8 ;

  INPUT ---    group=4 p    rows=6 cols=6 Triang ;
  INPUT ---        14 15 16 17 18 19 ;
  INPUT ---        14 15 16 17 18 ;
  INPUT ---        14 15 16 17 ;
  INPUT ---        14 15 16 ;
  INPUT ---        14 15 ;
  INPUT ---        14 ;

  Program  MARK  - Survival Rate Estimation with Capture-Recapture Data
   gfortran(Win64) Vers. 8.0 Jun 2014   25-Jan-2015 15:10:44    Page  004
 - - - - - - - - - - - - - - - - - - - - - - - - - - - - - - - - - - - - - -
 

  INPUT ---    group=5 p    rows=6 cols=6 Triang ;
  INPUT ---        8 9 10 11 12 13 ;
  INPUT ---        8 9 10 11 12 ;
  INPUT ---        8 9 10 11 ;
  INPUT ---        8 9 10 ;
  INPUT ---        8 9 ;
  INPUT ---        8 ;

  INPUT ---    group=6 p    rows=6 cols=6 Triang ;
  INPUT ---        14 15 16 17 18 19 ;
  INPUT ---        14 15 16 17 18 ;
  INPUT ---        14 15 16 17 ;
  INPUT ---        14 15 16 ;
  INPUT ---        14 15 ;
  INPUT ---        14 ;

  INPUT ---    group=1 r    rows=7 cols=7 Triang ;
  INPUT ---        20 20 20 20 20 20 20 ;
  INPUT ---        20 20 20 20 20 20 ;
  INPUT ---        20 20 20 20 20 ;
  INPUT ---        20 20 20 20 ;
  INPUT ---        20 20 20 ;
  INPUT ---        20 20 ;
  INPUT ---        20 ;

  INPUT ---    group=2 r    rows=7 cols=7 Triang ;
  INPUT ---        20 20 20 20 20 20 20 ;
  INPUT ---        20 20 20 20 20 20 ;
  INPUT ---        20 20 20 20 20 ;
  INPUT ---        20 20 20 20 ;
  INPUT ---        20 20 20 ;
  INPUT ---        20 20 ;
  INPUT ---        20 ;

  INPUT ---    group=3 r    rows=7 cols=7 Triang ;
  INPUT ---        20 20 20 20 20 20 20 ;
  INPUT ---        20 20 20 20 20 20 ;
  INPUT ---        20 20 20 20 20 ;
  INPUT ---        20 20 20 20 ;
  INPUT ---        20 20 20 ;
  INPUT ---        20 20 ;
  INPUT ---        20 ;

  INPUT ---    group=4 r    rows=7 cols=7 Triang ;
  INPUT ---        20 20 20 20 20 20 20 ;

  Program  MARK  - Survival Rate Estimation with Capture-Recapture Data
   gfortran(Win64) Vers. 8.0 Jun 2014   25-Jan-2015 15:10:44    Page  005
 - - - - - - - - - - - - - - - - - - - - - - - - - - - - - - - - - - - - - -
 
  INPUT ---        20 20 20 20 20 20 ;
  INPUT ---        20 20 20 20 20 ;
  INPUT ---        20 20 20 20 ;
  INPUT ---        20 20 20 ;
  INPUT ---        20 20 ;
  INPUT ---        20 ;

  INPUT ---    group=5 r    rows=7 cols=7 Triang ;
  INPUT ---        20 20 20 20 20 20 20 ;
  INPUT ---        20 20 20 20 20 20 ;
  INPUT ---        20 20 20 20 20 ;
  INPUT ---        20 20 20 20 ;
  INPUT ---        20 20 20 ;
  INPUT ---        20 20 ;
  INPUT ---        20 ;

  INPUT ---    group=6 r    rows=7 cols=7 Triang ;
  INPUT ---        20 20 20 20 20 20 20 ;
  INPUT ---        20 20 20 20 20 20 ;
  INPUT ---        20 20 20 20 20 ;
  INPUT ---        20 20 20 20 ;
  INPUT ---        20 20 20 ;
  INPUT ---        20 20 ;
  INPUT ---        20 ;

  INPUT ---    group=1 F    rows=6 cols=6 Triang ;
  INPUT ---        21 21 21 21 21 21 ;
  INPUT ---        21 21 21 21 21 ;
  INPUT ---        21 21 21 21 ;
  INPUT ---        21 21 21 ;
  INPUT ---        21 21 ;
  INPUT ---        21 ;

  INPUT ---    group=2 F    rows=6 cols=6 Triang ;
  INPUT ---        21 21 21 21 21 21 ;
  INPUT ---        21 21 21 21 21 ;
  INPUT ---        21 21 21 21 ;
  INPUT ---        21 21 21 ;
  INPUT ---        21 21 ;
  INPUT ---        21 ;

  INPUT ---    group=3 F    rows=6 cols=6 Triang ;
  INPUT ---        21 21 21 21 21 21 ;
  INPUT ---        21 21 21 21 21 ;
  INPUT ---        21 21 21 21 ;
  INPUT ---        21 21 21 ;

  Program  MARK  - Survival Rate Estimation with Capture-Recapture Data
   gfortran(Win64) Vers. 8.0 Jun 2014   25-Jan-2015 15:10:44    Page  006
 - - - - - - - - - - - - - - - - - - - - - - - - - - - - - - - - - - - - - -
 
  INPUT ---        21 21 ;
  INPUT ---        21 ;

  INPUT ---    group=4 F    rows=6 cols=6 Triang ;
  INPUT ---        21 21 21 21 21 21 ;
  INPUT ---        21 21 21 21 21 ;
  INPUT ---        21 21 21 21 ;
  INPUT ---        21 21 21 ;
  INPUT ---        21 21 ;
  INPUT ---        21 ;

  INPUT ---    group=5 F    rows=6 cols=6 Triang ;
  INPUT ---        21 21 21 21 21 21 ;
  INPUT ---        21 21 21 21 21 ;
  INPUT ---        21 21 21 21 ;
  INPUT ---        21 21 21 ;
  INPUT ---        21 21 ;
  INPUT ---        21 ;

  INPUT ---    group=6 F    rows=6 cols=6 Triang ;
  INPUT ---        21 21 21 21 21 21 ;
  INPUT ---        21 21 21 21 21 ;
  INPUT ---        21 21 21 21 ;
  INPUT ---        21 21 21 ;
  INPUT ---        21 21 ;
  INPUT ---        21 ;

  INPUT ---    design matrix constraints=21 covariates=16;
  INPUT ---        1 0 0 0 0 0 0 0 0 0 0 0 0 0 0 0;
  INPUT ---        1 1 0 0 0 0 0 0 0 0 0 0 0 0 0 0;
  INPUT ---        1 0 1 0 0 0 0 0 0 0 0 0 0 0 0 0;
  INPUT ---        1 0 0 1 0 0 0 0 0 0 0 0 0 0 0 0;
  INPUT ---        1 0 0 0 1 0 0 0 0 0 0 0 0 0 0 0;
  INPUT ---        1 0 0 0 0 1 0 0 0 0 0 0 0 0 0 0;
  INPUT ---        1 0 0 0 0 0 1 0 0 0 0 0 0 0 0 0;
  INPUT ---        0 0 0 0 0 0 0 1 0 0 0 0 0 0 0 0;
  INPUT ---        0 0 0 0 0 0 0 1 1 0 0 0 0 0 0 0;
  INPUT ---        0 0 0 0 0 0 0 1 0 1 0 0 0 0 0 0;
  INPUT ---        0 0 0 0 0 0 0 1 0 0 1 0 0 0 0 0;
  INPUT ---        0 0 0 0 0 0 0 1 0 0 0 1 0 0 0 0;
  INPUT ---        0 0 0 0 0 0 0 1 0 0 0 0 1 0 0 0;
  INPUT ---        0 0 0 0 0 0 0 1 0 0 0 0 0 1 0 0;
  INPUT ---        0 0 0 0 0 0 0 1 1 0 0 0 0 1 0 0;
  INPUT ---        0 0 0 0 0 0 0 1 0 1 0 0 0 1 0 0;
  INPUT ---        0 0 0 0 0 0 0 1 0 0 1 0 0 1 0 0;
  INPUT ---        0 0 0 0 0 0 0 1 0 0 0 1 0 1 0 0;

  Program  MARK  - Survival Rate Estimation with Capture-Recapture Data
   gfortran(Win64) Vers. 8.0 Jun 2014   25-Jan-2015 15:10:44    Page  007
 - - - - - - - - - - - - - - - - - - - - - - - - - - - - - - - - - - - - - -
 
  INPUT ---        0 0 0 0 0 0 0 1 0 0 0 0 1 1 0 0;
  INPUT ---        0 0 0 0 0 0 0 0 0 0 0 0 0 0 1 0;
  INPUT ---        0 0 0 0 0 0 0 0 0 0 0 0 0 0 0 1;

  INPUT ---    blabel(1)=S:(Intercept);

  INPUT ---    blabel(2)=S:age1;

  INPUT ---    blabel(3)=S:age2;

  INPUT ---    blabel(4)=S:age3;

  INPUT ---    blabel(5)=S:age4;

  INPUT ---    blabel(6)=S:age5;

  INPUT ---    blabel(7)=S:age6;

  INPUT ---    blabel(8)=p:(Intercept);

  INPUT ---    blabel(9)=p:age2;

  INPUT ---    blabel(10)=p:age3;

  INPUT ---    blabel(11)=p:age4;

  INPUT ---    blabel(12)=p:age5;

  INPUT ---    blabel(13)=p:age6;

  INPUT ---    blabel(14)=p:sex5;

  INPUT ---    blabel(15)=r:(Intercept);

  INPUT ---    blabel(16)=F:(Intercept);

  INPUT ---    rlabel(1)=S g41 c2005 c1 a0 t2005;

  INPUT ---    rlabel(2)=S g41 c2005 c1 a1 t2006;

  INPUT ---    rlabel(3)=S g41 c2005 c1 a2 t2007;

  INPUT ---    rlabel(4)=S g41 c2005 c1 a3 t2008;

  INPUT ---    rlabel(5)=S g41 c2005 c1 a4 t2009;


  Program  MARK  - Survival Rate Estimation with Capture-Recapture Data
   gfortran(Win64) Vers. 8.0 Jun 2014   25-Jan-2015 15:10:44    Page  008
 - - - - - - - - - - - - - - - - - - - - - - - - - - - - - - - - - - - - - -
 
  INPUT ---    rlabel(6)=S g41 c2005 c1 a5 t2010;

  INPUT ---    rlabel(7)=S g41 c2005 c1 a6 t2011;

  INPUT ---    rlabel(8)=p g41 c2005 c1 a1 t2006;

  INPUT ---    rlabel(9)=p g41 c2005 c1 a2 t2007;

  INPUT ---    rlabel(10)=p g41 c2005 c1 a3 t2008;

  INPUT ---    rlabel(11)=p g41 c2005 c1 a4 t2009;

  INPUT ---    rlabel(12)=p g41 c2005 c1 a5 t2010;

  INPUT ---    rlabel(13)=p g41 c2005 c1 a6 t2011;

  INPUT ---    rlabel(14)=p g51 c2005 c1 a1 t2006;

  INPUT ---    rlabel(15)=p g51 c2005 c1 a2 t2007;

  INPUT ---    rlabel(16)=p g51 c2005 c1 a3 t2008;

  INPUT ---    rlabel(17)=p g51 c2005 c1 a4 t2009;

  INPUT ---    rlabel(18)=p g51 c2005 c1 a5 t2010;

  INPUT ---    rlabel(19)=p g51 c2005 c1 a6 t2011;

  INPUT ---    rlabel(20)=r g41 c2005 c1 a0 t2005;

  INPUT ---    rlabel(21)=F g41 c2005 c1 a0 t2005;

 Link Function Used is LOGIT        

 Variance Estimation Procedure Used is 2ndPart 

 M(t+1):



 -2logL(saturated) = 1739.8188     
 Effective Sample Size = 7075

 Number of function evaluations was 69 for 16 parameters.
 Time for numerical optimization was 1.05 seconds.

  Program  MARK  - Survival Rate Estimation with Capture-Recapture Data
   gfortran(Win64) Vers. 8.0 Jun 2014   25-Jan-2015 15:10:44    Page  009
 - - - - - - - - - - - - - - - - - - - - - - - - - - - - - - - - - - - - - -
 
 -2logL { S(~age)p(~age + sex)r(~1)F(~1) } = 2684.3284     
 Penalty { S(~age)p(~age + sex)r(~1)F(~1) } = -0.0000000    
 Gradient { S(~age)p(~age + sex)r(~1)F(~1) }:
   0.000000    -0.1592123E-04  0.000000    -0.1066645E-04  0.000000    
   0.000000     0.2534009E-05-0.1607898E-04-0.3347740E-04-0.2591449E-04
 -0.1279041E-04  0.000000      0.000000    -0.1890799E-04 0.1105620E-04
  0.4269890E-06
 S Vector { S(~age)p(~age + sex)r(~1)F(~1) }:
   286.2226      29.96735      5.159639      1.839117      1.463432    
  0.9753806     0.6083356     0.3439826     0.2691241     0.2176888E-06
  0.1359647E-08 0.1052840E-08 0.4679098E-09 0.1334180E-09 0.1086312E-09
  0.3779541E-10
 Time to compute number of parameters was 0.34 seconds.
   Threshold =  0.3400000E-06     Condition index =  0.1320490E-12     New Threshold =  0.1511816E-09
 New Guessimate of Estimated Parameters { S(~age)p(~age + sex)r(~1)F(~1) } = 10          
 Conditioned S Vector { S(~age)p(~age + sex)r(~1)F(~1) }:
   1.000000     0.1046995     0.1802667E-01 0.6425480E-02 0.5112916E-02
  0.3407770E-02 0.2125394E-02 0.1201801E-02 0.9402616E-03 0.7605576E-09
  0.4750312E-11 0.3678394E-11 0.1634776E-11 0.4661337E-12 0.3795339E-12
  0.1320490E-12
 Number of Estimated Parameters { S(~age)p(~age + sex)r(~1)F(~1) } = 9          
 DEVIANCE { S(~age)p(~age + sex)r(~1)F(~1) } = 944.50965                     
 DEVIANCE Degrees of Freedom { S(~age)p(~age + sex)r(~1)F(~1) } = 6            
 c-hat { S(~age)p(~age + sex)r(~1)F(~1) } = 157.41828                     
 AIC { S(~age)p(~age + sex)r(~1)F(~1) } = 2702.3284                  
 AICc { S(~age)p(~age + sex)r(~1)F(~1) } = 2702.3539                    
 BIC { S(~age)p(~age + sex)r(~1)F(~1) } = 2764.1073                    
 Pearson Chisquare { S(~age)p(~age + sex)r(~1)F(~1) } = Not a Number               
 Possible Encounter Histories { S(~age)p(~age + sex)r(~1)F(~1) } = 896             
 Pearson Chisquare df { S(~age)p(~age + sex)r(~1)F(~1) } = 851        
 Pearson chat { S(~age)p(~age + sex)r(~1)F(~1) } = Not a Number               
 Sum(Observed/Expected) { S(~age)p(~age + sex)r(~1)F(~1) } = Not a Number               
 Fletcher chat { S(~age)p(~age + sex)r(~1)F(~1) } = Not a Number               


              LOGIT Link Function Parameters of { S(~age)p(~age + sex)r(~1)F(~1) }
                                                              95% Confidence Interval
 Parameter                    Beta         Standard Error      Lower           Upper
 -------------------------  --------------  --------------  --------------  --------------
    1:S:(Intercept)         -4.3962573      0.5073221       -5.3906085      -3.4019060    
    2:S:age1                4.7124635       1.4199634       1.9293351       7.4955919     
    3:S:age2                603.87198       0.4374073E-005  603.87197       603.87199     
    4:S:age3                3.2633418       1.3992621       0.5207880       6.0058955     
    5:S:age4                330.67051       0.1348936E-004  330.67048       330.67053     
    6:S:age5                322.52595       0.9323153E-007  322.52595       322.52595     
    7:S:age6                16.945769       2143.2952       -4183.9129      4217.8044     
    8:p:(Intercept)         -1.8282099      0.7494801       -3.2971909      -0.3592289    
    9:p:age2                -0.3583710      1.0525432       -2.4213558      1.7046137     
   10:p:age3                -0.7547996      1.2659719       -3.2361046      1.7265054     
   11:p:age4                2.5553763       1.5817606       -0.5448745      5.6556272     
   12:p:age5                -184.48899      0.4093895E-004  -184.48907      -184.48891    
   13:p:age6                121.69598       0.1477374E-004  121.69595       121.69601     
   14:p:sex5                -1.4050536      0.8604466       -3.0915289      0.2814217     
   15:r:(Intercept)         -3.1130517      0.0591735       -3.2290317      -2.9970716    
   16:F:(Intercept)         105.50095       0.1042954E-003  105.50074       105.50115     


              Real Function Parameters of { S(~age)p(~age + sex)r(~1)F(~1) }
                                                               95% Confidence Interval
  Parameter                  Estimate       Standard Error      Lower           Upper
 --------------------------  --------------  --------------  --------------  --------------

  Program  MARK  - Survival Rate Estimation with Capture-Recapture Data
   gfortran(Win64) Vers. 8.0 Jun 2014   25-Jan-2015 15:10:44    Page  010
 - - - - - - - - - - - - - - - - - - - - - - - - - - - - - - - - - - - - - -
 
     1:S g41 c2005 c1 a0 t2  0.0121734       0.0061006       0.0045385       0.0322360                           
     2:S g41 c2005 c1 a1 t2  0.5783994       0.3155520       0.0979619       0.9454473                           
     3:S g41 c2005 c1 a2 t2  1.0000000       0.0000000       1.0000000       1.0000000                           
     4:S g41 c2005 c1 a3 t2  0.2436235       0.2027517       0.0359337       0.7356836                           
     5:S g41 c2005 c1 a4 t2  1.0000000       0.0000000       1.0000000       1.0000000                           
     6:S g41 c2005 c1 a5 t2  1.0000000       0.0000000       1.0000000       1.0000000                           
     7:S g41 c2005 c1 a6 t2  0.9999965       0.0076014       0.2780011E-298  1.0000000                           
     8:p g41 c2005 c1 a1 t2  0.1384517       0.0894001       0.0356677       0.4111462                           
     9:p g41 c2005 c1 a2 t2  0.1009620       0.1016275       0.0123575       0.5019744                           
    10:p g41 c2005 c1 a3 t2  0.0702399       0.0869837       0.0055213       0.5068950                           
    11:p g41 c2005 c1 a4 t2  0.6741832       0.3500111       0.0834830       0.9791692                           
    12:p g41 c2005 c1 a5 t2  0.1211905E-080  0.9082985E-081  -.5683604E-081  0.2992170E-080                      
    13:p g41 c2005 c1 a6 t2  1.0000000       0.0000000       1.0000000       1.0000000                           
    14:p g51 c2005 c1 a1 t2  0.0379330       0.0333186       0.0065435       0.1909560                           
    15:p g51 c2005 c1 a2 t2  0.0268144       0.0312779       0.0026228       0.2240208                           
    16:p g51 c2005 c1 a3 t2  0.0181983       0.0250519       0.0011857       0.2244547                           
    17:p g51 c2005 c1 a4 t2  0.3367330       0.3088230       0.0326718       0.8841420                           
    18:p g51 c2005 c1 a5 t2  0.2973456E-081  0.2714725E-081  -.2347405E-081  0.8294316E-081                      
    19:p g51 c2005 c1 a6 t2  1.0000000       0.0000000       1.0000000       1.0000000                           
    20:r g41 c2005 c1 a0 t2  0.0425721       0.0024119       0.0380877       0.0475583                           
    21:F g41 c2005 c1 a0 t2  1.0000000       0.0000000       1.0000000       1.0000000                           

 Attempted ordering of parameters by estimatibility:
  15  1  8 14  9 10  4  2 11  7 16 13 12  5  6  3
 Beta number 3 is a singular value.

     CPU Time in seconds for last procedure was 1.40

  Program  MARK  - Survival Rate Estimation with Capture-Recapture Data
   gfortran(Win64) Vers. 8.0 Jun 2014   25-Jan-2015 15:10:44    Page  011
 - - - - - - - - - - - - - - - - - - - - - - - - - - - - - - - - - - - - - -
 


  INPUT --- proc stop;

     CPU Time in minutes for this job was 0.02

     Time Start = 15:10:44.034   Time End = 15:10:44.348

     Wall Clock Time in minutes for this job was 0.01


          E X E C U T I O N   S U C C E S S F U L 
