
   Program  MARK  - Survival Rate Estimation with Capture-Recapture Data
   gfortran(Win64) Vers. 8.0 Jun 2014   25-Jan-2015 15:11:40    Page  001
 - - - - - - - - - - - - - - - - - - - - - - - - - - - - - - - - - - - - - -
 
   This version was compiled by GCC version 4.8.1 using the options 
   -m64 -mtune=generic -march=x86-64 -mthreads -O2 -fimplicit-none -fbounds-check -funroll-loops -ftree-vectorize -fopenmp.
   This problem will use 7 of 8 possible threads.


  INPUT --- proc title ;

     CPU Time in seconds for last procedure was 0.00


  INPUT --- proc chmatrix occasions= 7 groups= 6 etype= Both ICMeans 
  INPUT --- NoHist hist= 51 ;

  INPUT ---    time  interval 1 1 1 1 1 1 1 ;

  INPUT ---    glabel(1)=sex4.age1;

  INPUT ---    glabel(2)=sex5.age1;

  INPUT ---    glabel(3)=sex4.age2;

  INPUT ---    glabel(4)=sex5.age2;

  INPUT ---    glabel(5)=sex4.age4;

  INPUT ---    glabel(6)=sex5.age4;

   * *  WARNING  * *   At least a pair of the encounter histories are duplicates. 

      Number of unique encounter histories read was 17.

      Number of individual covariates read was 0.
      Time interval lengths are all equal to 1.

      Data type number is 3
      Data type is Joint Live and Dead Encounters (Burnham)                                                            

     CPU Time in seconds for last procedure was 0.00

  Program  MARK  - Survival Rate Estimation with Capture-Recapture Data
   gfortran(Win64) Vers. 8.0 Jun 2014   25-Jan-2015 15:11:40    Page  002
 - - - - - - - - - - - - - - - - - - - - - - - - - - - - - - - - - - - - - -
 


  INPUT --- proc estimate link=Logit NOLOOP varest=2ndPart    ;


  INPUT --- model={ S(~age + time)p(~sex)r(~age + sex)F(~1) };

  INPUT ---    group=1 S    rows=7 cols=7 Triang ;
  INPUT ---        1 2 3 4 5 6 7 ;
  INPUT ---        8 9 10 11 12 13 ;
  INPUT ---        14 15 16 17 18 ;
  INPUT ---        19 20 21 22 ;
  INPUT ---        23 24 25 ;
  INPUT ---        26 27 ;
  INPUT ---        28 ;

  INPUT ---    group=2 S    rows=7 cols=7 Triang ;
  INPUT ---        1 2 3 4 5 6 7 ;
  INPUT ---        8 9 10 11 12 13 ;
  INPUT ---        14 15 16 17 18 ;
  INPUT ---        19 20 21 22 ;
  INPUT ---        23 24 25 ;
  INPUT ---        26 27 ;
  INPUT ---        28 ;

  INPUT ---    group=3 S    rows=7 cols=7 Triang ;
  INPUT ---        1 2 3 4 5 6 7 ;
  INPUT ---        8 9 10 11 12 13 ;
  INPUT ---        14 15 16 17 18 ;
  INPUT ---        19 20 21 22 ;
  INPUT ---        23 24 25 ;
  INPUT ---        26 27 ;
  INPUT ---        28 ;

  INPUT ---    group=4 S    rows=7 cols=7 Triang ;
  INPUT ---        1 2 3 4 5 6 7 ;
  INPUT ---        8 9 10 11 12 13 ;
  INPUT ---        14 15 16 17 18 ;
  INPUT ---        19 20 21 22 ;
  INPUT ---        23 24 25 ;
  INPUT ---        26 27 ;
  INPUT ---        28 ;

  INPUT ---    group=5 S    rows=7 cols=7 Triang ;
  INPUT ---        1 2 3 4 5 6 7 ;
  INPUT ---        8 9 10 11 12 13 ;

  Program  MARK  - Survival Rate Estimation with Capture-Recapture Data
   gfortran(Win64) Vers. 8.0 Jun 2014   25-Jan-2015 15:11:40    Page  003
 - - - - - - - - - - - - - - - - - - - - - - - - - - - - - - - - - - - - - -
 
  INPUT ---        14 15 16 17 18 ;
  INPUT ---        19 20 21 22 ;
  INPUT ---        23 24 25 ;
  INPUT ---        26 27 ;
  INPUT ---        28 ;

  INPUT ---    group=6 S    rows=7 cols=7 Triang ;
  INPUT ---        1 2 3 4 5 6 7 ;
  INPUT ---        8 9 10 11 12 13 ;
  INPUT ---        14 15 16 17 18 ;
  INPUT ---        19 20 21 22 ;
  INPUT ---        23 24 25 ;
  INPUT ---        26 27 ;
  INPUT ---        28 ;

  INPUT ---    group=1 p    rows=6 cols=6 Triang ;
  INPUT ---        29 29 29 29 29 29 ;
  INPUT ---        29 29 29 29 29 ;
  INPUT ---        29 29 29 29 ;
  INPUT ---        29 29 29 ;
  INPUT ---        29 29 ;
  INPUT ---        29 ;

  INPUT ---    group=2 p    rows=6 cols=6 Triang ;
  INPUT ---        30 30 30 30 30 30 ;
  INPUT ---        30 30 30 30 30 ;
  INPUT ---        30 30 30 30 ;
  INPUT ---        30 30 30 ;
  INPUT ---        30 30 ;
  INPUT ---        30 ;

  INPUT ---    group=3 p    rows=6 cols=6 Triang ;
  INPUT ---        29 29 29 29 29 29 ;
  INPUT ---        29 29 29 29 29 ;
  INPUT ---        29 29 29 29 ;
  INPUT ---        29 29 29 ;
  INPUT ---        29 29 ;
  INPUT ---        29 ;

  INPUT ---    group=4 p    rows=6 cols=6 Triang ;
  INPUT ---        30 30 30 30 30 30 ;
  INPUT ---        30 30 30 30 30 ;
  INPUT ---        30 30 30 30 ;
  INPUT ---        30 30 30 ;
  INPUT ---        30 30 ;
  INPUT ---        30 ;

  Program  MARK  - Survival Rate Estimation with Capture-Recapture Data
   gfortran(Win64) Vers. 8.0 Jun 2014   25-Jan-2015 15:11:40    Page  004
 - - - - - - - - - - - - - - - - - - - - - - - - - - - - - - - - - - - - - -
 

  INPUT ---    group=5 p    rows=6 cols=6 Triang ;
  INPUT ---        29 29 29 29 29 29 ;
  INPUT ---        29 29 29 29 29 ;
  INPUT ---        29 29 29 29 ;
  INPUT ---        29 29 29 ;
  INPUT ---        29 29 ;
  INPUT ---        29 ;

  INPUT ---    group=6 p    rows=6 cols=6 Triang ;
  INPUT ---        30 30 30 30 30 30 ;
  INPUT ---        30 30 30 30 30 ;
  INPUT ---        30 30 30 30 ;
  INPUT ---        30 30 30 ;
  INPUT ---        30 30 ;
  INPUT ---        30 ;

  INPUT ---    group=1 r    rows=7 cols=7 Triang ;
  INPUT ---        31 32 33 34 35 36 37 ;
  INPUT ---        31 32 33 34 35 36 ;
  INPUT ---        31 32 33 34 35 ;
  INPUT ---        31 32 33 34 ;
  INPUT ---        31 32 33 ;
  INPUT ---        31 32 ;
  INPUT ---        31 ;

  INPUT ---    group=2 r    rows=7 cols=7 Triang ;
  INPUT ---        38 39 40 41 42 43 44 ;
  INPUT ---        38 39 40 41 42 43 ;
  INPUT ---        38 39 40 41 42 ;
  INPUT ---        38 39 40 41 ;
  INPUT ---        38 39 40 ;
  INPUT ---        38 39 ;
  INPUT ---        38 ;

  INPUT ---    group=3 r    rows=7 cols=7 Triang ;
  INPUT ---        31 32 33 34 35 36 37 ;
  INPUT ---        31 32 33 34 35 36 ;
  INPUT ---        31 32 33 34 35 ;
  INPUT ---        31 32 33 34 ;
  INPUT ---        31 32 33 ;
  INPUT ---        31 32 ;
  INPUT ---        31 ;

  INPUT ---    group=4 r    rows=7 cols=7 Triang ;
  INPUT ---        38 39 40 41 42 43 44 ;

  Program  MARK  - Survival Rate Estimation with Capture-Recapture Data
   gfortran(Win64) Vers. 8.0 Jun 2014   25-Jan-2015 15:11:40    Page  005
 - - - - - - - - - - - - - - - - - - - - - - - - - - - - - - - - - - - - - -
 
  INPUT ---        38 39 40 41 42 43 ;
  INPUT ---        38 39 40 41 42 ;
  INPUT ---        38 39 40 41 ;
  INPUT ---        38 39 40 ;
  INPUT ---        38 39 ;
  INPUT ---        38 ;

  INPUT ---    group=5 r    rows=7 cols=7 Triang ;
  INPUT ---        31 32 33 34 35 36 37 ;
  INPUT ---        31 32 33 34 35 36 ;
  INPUT ---        31 32 33 34 35 ;
  INPUT ---        31 32 33 34 ;
  INPUT ---        31 32 33 ;
  INPUT ---        31 32 ;
  INPUT ---        31 ;

  INPUT ---    group=6 r    rows=7 cols=7 Triang ;
  INPUT ---        38 39 40 41 42 43 44 ;
  INPUT ---        38 39 40 41 42 43 ;
  INPUT ---        38 39 40 41 42 ;
  INPUT ---        38 39 40 41 ;
  INPUT ---        38 39 40 ;
  INPUT ---        38 39 ;
  INPUT ---        38 ;

  INPUT ---    group=1 F    rows=6 cols=6 Triang ;
  INPUT ---        45 45 45 45 45 45 ;
  INPUT ---        45 45 45 45 45 ;
  INPUT ---        45 45 45 45 ;
  INPUT ---        45 45 45 ;
  INPUT ---        45 45 ;
  INPUT ---        45 ;

  INPUT ---    group=2 F    rows=6 cols=6 Triang ;
  INPUT ---        45 45 45 45 45 45 ;
  INPUT ---        45 45 45 45 45 ;
  INPUT ---        45 45 45 45 ;
  INPUT ---        45 45 45 ;
  INPUT ---        45 45 ;
  INPUT ---        45 ;

  INPUT ---    group=3 F    rows=6 cols=6 Triang ;
  INPUT ---        45 45 45 45 45 45 ;
  INPUT ---        45 45 45 45 45 ;
  INPUT ---        45 45 45 45 ;
  INPUT ---        45 45 45 ;

  Program  MARK  - Survival Rate Estimation with Capture-Recapture Data
   gfortran(Win64) Vers. 8.0 Jun 2014   25-Jan-2015 15:11:40    Page  006
 - - - - - - - - - - - - - - - - - - - - - - - - - - - - - - - - - - - - - -
 
  INPUT ---        45 45 ;
  INPUT ---        45 ;

  INPUT ---    group=4 F    rows=6 cols=6 Triang ;
  INPUT ---        45 45 45 45 45 45 ;
  INPUT ---        45 45 45 45 45 ;
  INPUT ---        45 45 45 45 ;
  INPUT ---        45 45 45 ;
  INPUT ---        45 45 ;
  INPUT ---        45 ;

  INPUT ---    group=5 F    rows=6 cols=6 Triang ;
  INPUT ---        45 45 45 45 45 45 ;
  INPUT ---        45 45 45 45 45 ;
  INPUT ---        45 45 45 45 ;
  INPUT ---        45 45 45 ;
  INPUT ---        45 45 ;
  INPUT ---        45 ;

  INPUT ---    group=6 F    rows=6 cols=6 Triang ;
  INPUT ---        45 45 45 45 45 45 ;
  INPUT ---        45 45 45 45 45 ;
  INPUT ---        45 45 45 45 ;
  INPUT ---        45 45 45 ;
  INPUT ---        45 45 ;
  INPUT ---        45 ;

  INPUT ---    design matrix constraints=45 covariates=24;
  INPUT ---        1 0 0 0 0 0 0 0 0 0 0 0 0 0 0 0 0 0 0 0 0 0 0 0;
  INPUT ---        1 1 0 0 0 0 0 1 0 0 0 0 0 0 0 0 0 0 0 0 0 0 0 0;
  INPUT ---        1 0 1 0 0 0 0 0 1 0 0 0 0 0 0 0 0 0 0 0 0 0 0 0;
  INPUT ---        1 0 0 1 0 0 0 0 0 1 0 0 0 0 0 0 0 0 0 0 0 0 0 0;
  INPUT ---        1 0 0 0 1 0 0 0 0 0 1 0 0 0 0 0 0 0 0 0 0 0 0 0;
  INPUT ---        1 0 0 0 0 1 0 0 0 0 0 1 0 0 0 0 0 0 0 0 0 0 0 0;
  INPUT ---        1 0 0 0 0 0 1 0 0 0 0 0 1 0 0 0 0 0 0 0 0 0 0 0;
  INPUT ---        1 0 0 0 0 0 0 1 0 0 0 0 0 0 0 0 0 0 0 0 0 0 0 0;
  INPUT ---        1 1 0 0 0 0 0 0 1 0 0 0 0 0 0 0 0 0 0 0 0 0 0 0;
  INPUT ---        1 0 1 0 0 0 0 0 0 1 0 0 0 0 0 0 0 0 0 0 0 0 0 0;
  INPUT ---        1 0 0 1 0 0 0 0 0 0 1 0 0 0 0 0 0 0 0 0 0 0 0 0;
  INPUT ---        1 0 0 0 1 0 0 0 0 0 0 1 0 0 0 0 0 0 0 0 0 0 0 0;
  INPUT ---        1 0 0 0 0 1 0 0 0 0 0 0 1 0 0 0 0 0 0 0 0 0 0 0;
  INPUT ---        1 0 0 0 0 0 0 0 1 0 0 0 0 0 0 0 0 0 0 0 0 0 0 0;
  INPUT ---        1 1 0 0 0 0 0 0 0 1 0 0 0 0 0 0 0 0 0 0 0 0 0 0;
  INPUT ---        1 0 1 0 0 0 0 0 0 0 1 0 0 0 0 0 0 0 0 0 0 0 0 0;
  INPUT ---        1 0 0 1 0 0 0 0 0 0 0 1 0 0 0 0 0 0 0 0 0 0 0 0;
  INPUT ---        1 0 0 0 1 0 0 0 0 0 0 0 1 0 0 0 0 0 0 0 0 0 0 0;

  Program  MARK  - Survival Rate Estimation with Capture-Recapture Data
   gfortran(Win64) Vers. 8.0 Jun 2014   25-Jan-2015 15:11:40    Page  007
 - - - - - - - - - - - - - - - - - - - - - - - - - - - - - - - - - - - - - -
 
  INPUT ---        1 0 0 0 0 0 0 0 0 1 0 0 0 0 0 0 0 0 0 0 0 0 0 0;
  INPUT ---        1 1 0 0 0 0 0 0 0 0 1 0 0 0 0 0 0 0 0 0 0 0 0 0;
  INPUT ---        1 0 1 0 0 0 0 0 0 0 0 1 0 0 0 0 0 0 0 0 0 0 0 0;
  INPUT ---        1 0 0 1 0 0 0 0 0 0 0 0 1 0 0 0 0 0 0 0 0 0 0 0;
  INPUT ---        1 0 0 0 0 0 0 0 0 0 1 0 0 0 0 0 0 0 0 0 0 0 0 0;
  INPUT ---        1 1 0 0 0 0 0 0 0 0 0 1 0 0 0 0 0 0 0 0 0 0 0 0;
  INPUT ---        1 0 1 0 0 0 0 0 0 0 0 0 1 0 0 0 0 0 0 0 0 0 0 0;
  INPUT ---        1 0 0 0 0 0 0 0 0 0 0 1 0 0 0 0 0 0 0 0 0 0 0 0;
  INPUT ---        1 1 0 0 0 0 0 0 0 0 0 0 1 0 0 0 0 0 0 0 0 0 0 0;
  INPUT ---        1 0 0 0 0 0 0 0 0 0 0 0 1 0 0 0 0 0 0 0 0 0 0 0;
  INPUT ---        0 0 0 0 0 0 0 0 0 0 0 0 0 1 0 0 0 0 0 0 0 0 0 0;
  INPUT ---        0 0 0 0 0 0 0 0 0 0 0 0 0 1 1 0 0 0 0 0 0 0 0 0;
  INPUT ---        0 0 0 0 0 0 0 0 0 0 0 0 0 0 0 1 0 0 0 0 0 0 0 0;
  INPUT ---        0 0 0 0 0 0 0 0 0 0 0 0 0 0 0 1 1 0 0 0 0 0 0 0;
  INPUT ---        0 0 0 0 0 0 0 0 0 0 0 0 0 0 0 1 0 1 0 0 0 0 0 0;
  INPUT ---        0 0 0 0 0 0 0 0 0 0 0 0 0 0 0 1 0 0 1 0 0 0 0 0;
  INPUT ---        0 0 0 0 0 0 0 0 0 0 0 0 0 0 0 1 0 0 0 1 0 0 0 0;
  INPUT ---        0 0 0 0 0 0 0 0 0 0 0 0 0 0 0 1 0 0 0 0 1 0 0 0;
  INPUT ---        0 0 0 0 0 0 0 0 0 0 0 0 0 0 0 1 0 0 0 0 0 1 0 0;
  INPUT ---        0 0 0 0 0 0 0 0 0 0 0 0 0 0 0 1 0 0 0 0 0 0 1 0;
  INPUT ---        0 0 0 0 0 0 0 0 0 0 0 0 0 0 0 1 1 0 0 0 0 0 1 0;
  INPUT ---        0 0 0 0 0 0 0 0 0 0 0 0 0 0 0 1 0 1 0 0 0 0 1 0;
  INPUT ---        0 0 0 0 0 0 0 0 0 0 0 0 0 0 0 1 0 0 1 0 0 0 1 0;
  INPUT ---        0 0 0 0 0 0 0 0 0 0 0 0 0 0 0 1 0 0 0 1 0 0 1 0;
  INPUT ---        0 0 0 0 0 0 0 0 0 0 0 0 0 0 0 1 0 0 0 0 1 0 1 0;
  INPUT ---        0 0 0 0 0 0 0 0 0 0 0 0 0 0 0 1 0 0 0 0 0 1 1 0;
  INPUT ---        0 0 0 0 0 0 0 0 0 0 0 0 0 0 0 0 0 0 0 0 0 0 0 1;

  INPUT ---    blabel(1)=S:(Intercept);

  INPUT ---    blabel(2)=S:age1;

  INPUT ---    blabel(3)=S:age2;

  INPUT ---    blabel(4)=S:age3;

  INPUT ---    blabel(5)=S:age4;

  INPUT ---    blabel(6)=S:age5;

  INPUT ---    blabel(7)=S:age6;

  INPUT ---    blabel(8)=S:time2006;

  INPUT ---    blabel(9)=S:time2007;


  Program  MARK  - Survival Rate Estimation with Capture-Recapture Data
   gfortran(Win64) Vers. 8.0 Jun 2014   25-Jan-2015 15:11:40    Page  008
 - - - - - - - - - - - - - - - - - - - - - - - - - - - - - - - - - - - - - -
 
  INPUT ---    blabel(10)=S:time2008;

  INPUT ---    blabel(11)=S:time2009;

  INPUT ---    blabel(12)=S:time2010;

  INPUT ---    blabel(13)=S:time2011;

  INPUT ---    blabel(14)=p:(Intercept);

  INPUT ---    blabel(15)=p:sex5;

  INPUT ---    blabel(16)=r:(Intercept);

  INPUT ---    blabel(17)=r:age1;

  INPUT ---    blabel(18)=r:age2;

  INPUT ---    blabel(19)=r:age3;

  INPUT ---    blabel(20)=r:age4;

  INPUT ---    blabel(21)=r:age5;

  INPUT ---    blabel(22)=r:age6;

  INPUT ---    blabel(23)=r:sex5;

  INPUT ---    blabel(24)=F:(Intercept);

  INPUT ---    rlabel(1)=S g41 c2005 c1 a0 t2005;

  INPUT ---    rlabel(2)=S g41 c2005 c1 a1 t2006;

  INPUT ---    rlabel(3)=S g41 c2005 c1 a2 t2007;

  INPUT ---    rlabel(4)=S g41 c2005 c1 a3 t2008;

  INPUT ---    rlabel(5)=S g41 c2005 c1 a4 t2009;

  INPUT ---    rlabel(6)=S g41 c2005 c1 a5 t2010;

  INPUT ---    rlabel(7)=S g41 c2005 c1 a6 t2011;

  INPUT ---    rlabel(8)=S g41 c2006 c2 a0 t2006;


  Program  MARK  - Survival Rate Estimation with Capture-Recapture Data
   gfortran(Win64) Vers. 8.0 Jun 2014   25-Jan-2015 15:11:40    Page  009
 - - - - - - - - - - - - - - - - - - - - - - - - - - - - - - - - - - - - - -
 
  INPUT ---    rlabel(9)=S g41 c2006 c2 a1 t2007;

  INPUT ---    rlabel(10)=S g41 c2006 c2 a2 t2008;

  INPUT ---    rlabel(11)=S g41 c2006 c2 a3 t2009;

  INPUT ---    rlabel(12)=S g41 c2006 c2 a4 t2010;

  INPUT ---    rlabel(13)=S g41 c2006 c2 a5 t2011;

  INPUT ---    rlabel(14)=S g41 c2007 c3 a0 t2007;

  INPUT ---    rlabel(15)=S g41 c2007 c3 a1 t2008;

  INPUT ---    rlabel(16)=S g41 c2007 c3 a2 t2009;

  INPUT ---    rlabel(17)=S g41 c2007 c3 a3 t2010;

  INPUT ---    rlabel(18)=S g41 c2007 c3 a4 t2011;

  INPUT ---    rlabel(19)=S g41 c2008 c4 a0 t2008;

  INPUT ---    rlabel(20)=S g41 c2008 c4 a1 t2009;

  INPUT ---    rlabel(21)=S g41 c2008 c4 a2 t2010;

  INPUT ---    rlabel(22)=S g41 c2008 c4 a3 t2011;

  INPUT ---    rlabel(23)=S g41 c2009 c5 a0 t2009;

  INPUT ---    rlabel(24)=S g41 c2009 c5 a1 t2010;

  INPUT ---    rlabel(25)=S g41 c2009 c5 a2 t2011;

  INPUT ---    rlabel(26)=S g41 c2010 c6 a0 t2010;

  INPUT ---    rlabel(27)=S g41 c2010 c6 a1 t2011;

  INPUT ---    rlabel(28)=S g41 c2011 c7 a0 t2011;

  INPUT ---    rlabel(29)=p g41 c2005 c1 a1 t2006;

  INPUT ---    rlabel(30)=p g51 c2005 c1 a1 t2006;

  INPUT ---    rlabel(31)=r g41 c2005 c1 a0 t2005;


  Program  MARK  - Survival Rate Estimation with Capture-Recapture Data
   gfortran(Win64) Vers. 8.0 Jun 2014   25-Jan-2015 15:11:40    Page  010
 - - - - - - - - - - - - - - - - - - - - - - - - - - - - - - - - - - - - - -
 
  INPUT ---    rlabel(32)=r g41 c2005 c1 a1 t2006;

  INPUT ---    rlabel(33)=r g41 c2005 c1 a2 t2007;

  INPUT ---    rlabel(34)=r g41 c2005 c1 a3 t2008;

  INPUT ---    rlabel(35)=r g41 c2005 c1 a4 t2009;

  INPUT ---    rlabel(36)=r g41 c2005 c1 a5 t2010;

  INPUT ---    rlabel(37)=r g41 c2005 c1 a6 t2011;

  INPUT ---    rlabel(38)=r g51 c2005 c1 a0 t2005;

  INPUT ---    rlabel(39)=r g51 c2005 c1 a1 t2006;

  INPUT ---    rlabel(40)=r g51 c2005 c1 a2 t2007;

  INPUT ---    rlabel(41)=r g51 c2005 c1 a3 t2008;

  INPUT ---    rlabel(42)=r g51 c2005 c1 a4 t2009;

  INPUT ---    rlabel(43)=r g51 c2005 c1 a5 t2010;

  INPUT ---    rlabel(44)=r g51 c2005 c1 a6 t2011;

  INPUT ---    rlabel(45)=F g41 c2005 c1 a0 t2005;

 Link Function Used is LOGIT        

 Variance Estimation Procedure Used is 2ndPart 

 M(t+1):



 -2logL(saturated) = 1739.8188     
 Effective Sample Size = 7075

 Number of function evaluations was 70 for 24 parameters.
 Time for numerical optimization was 1.45 seconds.

  Program  MARK  - Survival Rate Estimation with Capture-Recapture Data
   gfortran(Win64) Vers. 8.0 Jun 2014   25-Jan-2015 15:11:41    Page  011
 - - - - - - - - - - - - - - - - - - - - - - - - - - - - - - - - - - - - - -
 
 -2logL { S(~age + time)p(~sex)r(~age + sex)F(~1) } = 1786.9876     
 Penalty { S(~age + time)p(~sex)r(~age + sex)F(~1) } = -0.0000000    
 Gradient { S(~age + time)p(~sex)r(~age + sex)F(~1) }:
 -0.3212627E-05  0.000000    -0.3327994E-05  0.000000      0.000000    
   0.000000      0.000000      0.000000    -0.4185131E-05  0.000000    
   0.000000      0.000000      0.000000     0.3000773E-05  0.000000    
  0.9167235E-05-0.5005974E-04  0.000000      0.000000      0.000000    
   0.000000      0.000000     0.4283485E-03  0.000000    
 S Vector { S(~age + time)p(~sex)r(~age + sex)F(~1) }:
   329.3087      45.96681      15.44088      2.396618     0.9948693    
  0.5337253     0.5089851E-05 0.4318216E-05 0.6475677E-06 0.1684628E-06
  0.1535773E-06 0.8964484E-07 0.7125878E-07 0.5955225E-07 0.3845422E-07
  0.2465835E-07 0.1777173E-07 0.1578977E-07 0.1359502E-07 0.1238909E-07
  0.6332791E-08 0.4442141E-08 0.1920034E-08 0.7496725E-10
 Time to compute number of parameters was 0.62 seconds.
   Threshold =  0.5000000E-06     Condition index =  0.2276504E-12     New Threshold =  0.3672630E-09
 New Guessimate of Estimated Parameters { S(~age + time)p(~sex)r(~age + sex)F(~1) } = 11          
 Conditioned S Vector { S(~age + time)p(~sex)r(~age + sex)F(~1) }:
   1.000000     0.1395858     0.4688878E-01 0.7277726E-02 0.3021084E-02
  0.1620745E-02 0.1545617E-07 0.1311297E-07 0.1966446E-08 0.5115649E-09
  0.4663626E-09 0.2722213E-09 0.2163890E-09 0.1808402E-09 0.1167726E-09
  0.7487915E-10 0.5396677E-10 0.4794823E-10 0.4128351E-10 0.3762151E-10
  0.1923056E-10 0.1348929E-10 0.5830499E-11 0.2276504E-12
 Number of Estimated Parameters { S(~age + time)p(~sex)r(~age + sex)F(~1) } = 6          
 DEVIANCE { S(~age + time)p(~sex)r(~age + sex)F(~1) } = 47.168833                     
 DEVIANCE Degrees of Freedom { S(~age + time)p(~sex)r(~age + sex)F(~1) } = 9            
 c-hat { S(~age + time)p(~sex)r(~age + sex)F(~1) } = 5.2409814                     
 AIC { S(~age + time)p(~sex)r(~age + sex)F(~1) } = 1798.9876                  
 AICc { S(~age + time)p(~sex)r(~age + sex)F(~1) } = 1798.9995                    
 BIC { S(~age + time)p(~sex)r(~age + sex)F(~1) } = 1840.1735                    
 Pearson Chisquare { S(~age + time)p(~sex)r(~age + sex)F(~1) } = Not a Number               
 Possible Encounter Histories { S(~age + time)p(~sex)r(~age + sex)F(~1) } = 896             
 Pearson Chisquare df { S(~age + time)p(~sex)r(~age + sex)F(~1) } = 854        
 Pearson chat { S(~age + time)p(~sex)r(~age + sex)F(~1) } = Not a Number               
 Sum(Observed/Expected) { S(~age + time)p(~sex)r(~age + sex)F(~1) } = Not a Number               
 Fletcher chat { S(~age + time)p(~sex)r(~age + sex)F(~1) } = Not a Number               


         LOGIT Link Function Parameters of { S(~age + time)p(~sex)r(~age + sex)F(~1) }
                                                              95% Confidence Interval
 Parameter                    Beta         Standard Error      Lower           Upper
 -------------------------  --------------  --------------  --------------  --------------
    1:S:(Intercept)         34.387503       2242.1103       -4360.1489      4428.9239     
    2:S:age1                12.868209       0.0000000       12.868209       12.868209     
    3:S:age2                -5.8321532      3863.1330       -7577.5729      7565.9086     
    4:S:age3                17.079388       0.0000000       17.079388       17.079388     
    5:S:age4                11.143701       0.0000000       11.143701       11.143701     
    6:S:age5                22.559413       0.0000000       22.559413       22.559413     
    7:S:age6                -0.0595189      0.0000000       -0.0595189      -0.0595189    
    8:S:time2006            -9.8928743      0.0000000       -9.8928743      -9.8928743    
    9:S:time2007            -15.298679      0.0000000       -15.298679      -15.298679    
   10:S:time2008            -13.469172      0.0000000       -13.469172      -13.469172    
   11:S:time2009            -9.3783006      1727.8701       -3396.0037      3377.2471     
   12:S:time2010            -9.5813275      0.0000000       -9.5813275      -9.5813275    
   13:S:time2011            -77.431042      1082.1000       -2198.3472      2043.4851     
   14:p:(Intercept)         -6.5771696      0.6054510       -7.7638535      -5.3904856    
   15:p:sex5                -0.7028424      0.6129486       -1.9042216      0.4985368     
   16:r:(Intercept)         -1.4802864      0.0923963       -1.6613832      -1.2991897    
   17:r:age1                -5.3588649      1.0025654       -7.3238933      -3.3938366    
   18:r:age2                -27.513922      0.0000000       -27.513922      -27.513922    
   19:r:age3                -35.682086      7334.8478       -14411.984      14340.620     

  Program  MARK  - Survival Rate Estimation with Capture-Recapture Data
   gfortran(Win64) Vers. 8.0 Jun 2014   25-Jan-2015 15:11:41    Page  012
 - - - - - - - - - - - - - - - - - - - - - - - - - - - - - - - - - - - - - -
 
   20:r:age4                -35.355680      1030.2489       -2054.6435      1983.9321     
   21:r:age5                -35.629276      7743.5724       -15213.031      15141.773     
   22:r:age6                -23.498235      0.0000000       -23.498235      -23.498235    
   23:r:sex5                -0.1147109      0.1275699       -0.3647479      0.1353262     
   24:F:(Intercept)         1.5765324       1.2701836       -0.9130276      4.0660924     


         Real Function Parameters of { S(~age + time)p(~sex)r(~age + sex)F(~1) }
                                                               95% Confidence Interval
  Parameter                  Estimate       Standard Error      Lower           Upper
 --------------------------  --------------  --------------  --------------  --------------
     1:S g41 c2005 c1 a0 t2  1.0000000       0.2489243E-011  1.0000000       1.0000000                           
     2:S g41 c2005 c1 a1 t2  1.0000000       0.0000000       1.0000000       1.0000000                           
     3:S g41 c2005 c1 a2 t2  0.9999983       0.0036767       0.5638477E-298  1.0000000                           
     4:S g41 c2005 c1 a3 t2  1.0000000       0.0000000       1.0000000       1.0000000                           
     5:S g41 c2005 c1 a4 t2  1.0000000       0.0000000       1.0000000       1.0000000                           
     6:S g41 c2005 c1 a5 t2  1.0000000       0.0000000       1.0000000       1.0000000                           
     7:S g41 c2005 c1 a6 t2  0.1908007E-018  0.4775911E-015  -.9358877E-015  0.9362693E-015                      
     8:S g41 c2006 c2 a0 t2  1.0000000       0.2504060E-007  1.0000000       1.0000000                           
     9:S g41 c2006 c2 a1 t2  1.0000000       0.0000000       1.0000000       1.0000000                           
    10:S g41 c2006 c2 a2 t2  0.9999997       0.0000000       0.9999997       0.9999997                           
    11:S g41 c2006 c2 a3 t2  1.0000000       0.0000000       1.0000000       1.0000000                           
    12:S g41 c2006 c2 a4 t2  1.0000000       0.0000000       1.0000000       1.0000000                           
    13:S g41 c2006 c2 a5 t2  0.1270157E-008  0.0000000       0.1270157E-008  0.1270157E-008                      
    14:S g41 c2007 c3 a0 t2  1.0000000       0.1029583E-004  0.9999798       1.0000202                           
    15:S g41 c2007 c3 a1 t2  1.0000000       0.2879182E-011  1.0000000       1.0000000                           
    16:S g41 c2007 c3 a2 t2  1.0000000       0.0000000       1.0000000       1.0000000                           
    17:S g41 c2007 c3 a3 t2  1.0000000       0.0000000       1.0000000       1.0000000                           
    18:S g41 c2007 c3 a4 t2  0.1399834E-013  0.0000000       0.1399834E-013  0.1399834E-013                      
    19:S g41 c2008 c4 a0 t2  1.0000000       0.3402189E-005  0.9999933       1.0000067                           
    20:S g41 c2008 c4 a1 t2  1.0000000       0.0000000       1.0000000       1.0000000                           
    21:S g41 c2008 c4 a2 t2  1.0000000       0.0000000       1.0000000       1.0000000                           
    22:S g41 c2008 c4 a3 t2  0.5295569E-011  0.0000000       0.5295569E-011  0.5295569E-011                      
    23:S g41 c2009 c5 a0 t2  1.0000000       0.5081367E-007  0.9999999       1.0000001                           
    24:S g41 c2009 c5 a1 t2  1.0000000       0.0000000       1.0000000       1.0000000                           
    25:S g41 c2009 c5 a2 t2  0.5936860E-021  0.0000000       0.5936860E-021  0.5936860E-021                      
    26:S g41 c2010 c6 a0 t2  1.0000000       0.0000000       1.0000000       1.0000000                           
    27:S g41 c2010 c6 a1 t2  0.7852733E-013  0.0000000       0.7852733E-013  0.7852733E-013                      
    28:S g41 c2011 c7 a0 t2  0.2025017E-018  0.4885799E-015  -.9574141E-015  0.9578191E-015                      
    29:p g41 c2005 c1 a1 t2  0.0013898       0.8403157E-003  0.4246360E-003  0.0045391                           
    30:p g51 c2005 c1 a1 t2  0.6887027E-003  0.4815529E-003  0.1748473E-003  0.0027086                           
    31:r g41 c2005 c1 a0 t2  0.1853842       0.0139534       0.1595764       0.2143014                           
    32:r g41 c2005 c1 a1 t2  0.0010699       0.0010713       0.1501154E-003  0.0075822                           
    33:r g41 c2005 c1 a2 t2  0.2558440E-012  0.0000000       0.2558440E-012  0.2558440E-012                      
    34:r g41 c2005 c1 a3 t2  0.7254156E-016  0.5320813E-012  -.1042807E-011  0.1042952E-011                      
    35:r g41 c2005 c1 a4 t2  0.1005409E-015  0.1035822E-012  -.2029206E-012  0.2031216E-012                      

  Program  MARK  - Survival Rate Estimation with Capture-Recapture Data
   gfortran(Win64) Vers. 8.0 Jun 2014   25-Jan-2015 15:11:41    Page  013
 - - - - - - - - - - - - - - - - - - - - - - - - - - - - - - - - - - - - - -
 
    36:r g41 c2005 c1 a5 t2  0.7647539E-016  0.5921927E-012  -.1160621E-011  0.1160774E-011                      
    37:r g41 c2005 c1 a6 t2  0.1418946E-010  0.0000000       0.1418946E-010  0.1418946E-010                      
    38:r g51 c2005 c1 a0 t2  0.1686820       0.0123609       0.1458201       0.1943127                           
    39:r g51 c2005 c1 a1 t2  0.9540288E-003  0.9556477E-003  0.1337957E-003  0.0067687                           
    40:r g51 c2005 c1 a2 t2  0.2281167E-012  0.0000000       0.2281167E-012  0.2281167E-012                      
    41:r g51 c2005 c1 a3 t2  0.6467979E-016  0.4744164E-012  -.9297915E-012  0.9299209E-012                      
    42:r g51 c2005 c1 a4 t2  0.8964471E-016  0.9235636E-013  -.1809288E-012  0.1811081E-012                      
    43:r g51 c2005 c1 a5 t2  0.6818729E-016  0.5280132E-012  -.1034838E-011  0.1034974E-011                      
    44:r g51 c2005 c1 a6 t2  0.1265166E-010  0.0000000       0.1265166E-010  0.1265166E-010                      
    45:F g41 c2005 c1 a0 t2  0.8287129       0.1802998       0.2863807       0.9831447                           

 Attempted ordering of parameters by estimatibility:
  16 23 14 15 17 24  7  9  3  8 11 12 10  1  2  5 19 22 18 21  4 20 13  6
 Beta number 6 is a singular value.

     CPU Time in seconds for last procedure was 2.11


  INPUT --- proc stop;

     CPU Time in minutes for this job was 0.04

     Time Start = 15:11:40.690   Time End = 15:11:41.263

     Wall Clock Time in minutes for this job was 0.01


          E X E C U T I O N   S U C C E S S F U L 
