
   Program  MARK  - Survival Rate Estimation with Capture-Recapture Data
   gfortran(Win64) Vers. 8.0 Jun 2014   25-Jan-2015 15:08:04    Page  001
 - - - - - - - - - - - - - - - - - - - - - - - - - - - - - - - - - - - - - -
 
   This version was compiled by GCC version 4.8.1 using the options 
   -m64 -mtune=generic -march=x86-64 -mthreads -O2 -fimplicit-none -fbounds-check -funroll-loops -ftree-vectorize -fopenmp.
   This problem will use 7 of 8 possible threads.


  INPUT --- proc title ;

     CPU Time in seconds for last procedure was 0.00


  INPUT --- proc chmatrix occasions= 7 groups= 6 etype= Both ICMeans 
  INPUT --- NoHist hist= 51 ;

  INPUT ---    time  interval 1 1 1 1 1 1 1 ;

  INPUT ---    glabel(1)=sex4.age1;

  INPUT ---    glabel(2)=sex5.age1;

  INPUT ---    glabel(3)=sex4.age2;

  INPUT ---    glabel(4)=sex5.age2;

  INPUT ---    glabel(5)=sex4.age4;

  INPUT ---    glabel(6)=sex5.age4;

   * *  WARNING  * *   At least a pair of the encounter histories are duplicates. 

      Number of unique encounter histories read was 17.

      Number of individual covariates read was 0.
      Time interval lengths are all equal to 1.

      Data type number is 3
      Data type is Joint Live and Dead Encounters (Burnham)                                                            

     CPU Time in seconds for last procedure was 0.00

  Program  MARK  - Survival Rate Estimation with Capture-Recapture Data
   gfortran(Win64) Vers. 8.0 Jun 2014   25-Jan-2015 15:08:04    Page  002
 - - - - - - - - - - - - - - - - - - - - - - - - - - - - - - - - - - - - - -
 


  INPUT --- proc estimate link=Logit NOLOOP varest=2ndPart    ;


  INPUT --- model={ S(~sex)p(~sex)r(~1)F(~1) };

  INPUT ---    group=1 S    rows=7 cols=7 Triang ;
  INPUT ---        1 1 1 1 1 1 1 ;
  INPUT ---        1 1 1 1 1 1 ;
  INPUT ---        1 1 1 1 1 ;
  INPUT ---        1 1 1 1 ;
  INPUT ---        1 1 1 ;
  INPUT ---        1 1 ;
  INPUT ---        1 ;

  INPUT ---    group=2 S    rows=7 cols=7 Triang ;
  INPUT ---        2 2 2 2 2 2 2 ;
  INPUT ---        2 2 2 2 2 2 ;
  INPUT ---        2 2 2 2 2 ;
  INPUT ---        2 2 2 2 ;
  INPUT ---        2 2 2 ;
  INPUT ---        2 2 ;
  INPUT ---        2 ;

  INPUT ---    group=3 S    rows=7 cols=7 Triang ;
  INPUT ---        1 1 1 1 1 1 1 ;
  INPUT ---        1 1 1 1 1 1 ;
  INPUT ---        1 1 1 1 1 ;
  INPUT ---        1 1 1 1 ;
  INPUT ---        1 1 1 ;
  INPUT ---        1 1 ;
  INPUT ---        1 ;

  INPUT ---    group=4 S    rows=7 cols=7 Triang ;
  INPUT ---        2 2 2 2 2 2 2 ;
  INPUT ---        2 2 2 2 2 2 ;
  INPUT ---        2 2 2 2 2 ;
  INPUT ---        2 2 2 2 ;
  INPUT ---        2 2 2 ;
  INPUT ---        2 2 ;
  INPUT ---        2 ;

  INPUT ---    group=5 S    rows=7 cols=7 Triang ;
  INPUT ---        1 1 1 1 1 1 1 ;
  INPUT ---        1 1 1 1 1 1 ;

  Program  MARK  - Survival Rate Estimation with Capture-Recapture Data
   gfortran(Win64) Vers. 8.0 Jun 2014   25-Jan-2015 15:08:04    Page  003
 - - - - - - - - - - - - - - - - - - - - - - - - - - - - - - - - - - - - - -
 
  INPUT ---        1 1 1 1 1 ;
  INPUT ---        1 1 1 1 ;
  INPUT ---        1 1 1 ;
  INPUT ---        1 1 ;
  INPUT ---        1 ;

  INPUT ---    group=6 S    rows=7 cols=7 Triang ;
  INPUT ---        2 2 2 2 2 2 2 ;
  INPUT ---        2 2 2 2 2 2 ;
  INPUT ---        2 2 2 2 2 ;
  INPUT ---        2 2 2 2 ;
  INPUT ---        2 2 2 ;
  INPUT ---        2 2 ;
  INPUT ---        2 ;

  INPUT ---    group=1 p    rows=6 cols=6 Triang ;
  INPUT ---        3 3 3 3 3 3 ;
  INPUT ---        3 3 3 3 3 ;
  INPUT ---        3 3 3 3 ;
  INPUT ---        3 3 3 ;
  INPUT ---        3 3 ;
  INPUT ---        3 ;

  INPUT ---    group=2 p    rows=6 cols=6 Triang ;
  INPUT ---        4 4 4 4 4 4 ;
  INPUT ---        4 4 4 4 4 ;
  INPUT ---        4 4 4 4 ;
  INPUT ---        4 4 4 ;
  INPUT ---        4 4 ;
  INPUT ---        4 ;

  INPUT ---    group=3 p    rows=6 cols=6 Triang ;
  INPUT ---        3 3 3 3 3 3 ;
  INPUT ---        3 3 3 3 3 ;
  INPUT ---        3 3 3 3 ;
  INPUT ---        3 3 3 ;
  INPUT ---        3 3 ;
  INPUT ---        3 ;

  INPUT ---    group=4 p    rows=6 cols=6 Triang ;
  INPUT ---        4 4 4 4 4 4 ;
  INPUT ---        4 4 4 4 4 ;
  INPUT ---        4 4 4 4 ;
  INPUT ---        4 4 4 ;
  INPUT ---        4 4 ;
  INPUT ---        4 ;

  Program  MARK  - Survival Rate Estimation with Capture-Recapture Data
   gfortran(Win64) Vers. 8.0 Jun 2014   25-Jan-2015 15:08:04    Page  004
 - - - - - - - - - - - - - - - - - - - - - - - - - - - - - - - - - - - - - -
 

  INPUT ---    group=5 p    rows=6 cols=6 Triang ;
  INPUT ---        3 3 3 3 3 3 ;
  INPUT ---        3 3 3 3 3 ;
  INPUT ---        3 3 3 3 ;
  INPUT ---        3 3 3 ;
  INPUT ---        3 3 ;
  INPUT ---        3 ;

  INPUT ---    group=6 p    rows=6 cols=6 Triang ;
  INPUT ---        4 4 4 4 4 4 ;
  INPUT ---        4 4 4 4 4 ;
  INPUT ---        4 4 4 4 ;
  INPUT ---        4 4 4 ;
  INPUT ---        4 4 ;
  INPUT ---        4 ;

  INPUT ---    group=1 r    rows=7 cols=7 Triang ;
  INPUT ---        5 5 5 5 5 5 5 ;
  INPUT ---        5 5 5 5 5 5 ;
  INPUT ---        5 5 5 5 5 ;
  INPUT ---        5 5 5 5 ;
  INPUT ---        5 5 5 ;
  INPUT ---        5 5 ;
  INPUT ---        5 ;

  INPUT ---    group=2 r    rows=7 cols=7 Triang ;
  INPUT ---        5 5 5 5 5 5 5 ;
  INPUT ---        5 5 5 5 5 5 ;
  INPUT ---        5 5 5 5 5 ;
  INPUT ---        5 5 5 5 ;
  INPUT ---        5 5 5 ;
  INPUT ---        5 5 ;
  INPUT ---        5 ;

  INPUT ---    group=3 r    rows=7 cols=7 Triang ;
  INPUT ---        5 5 5 5 5 5 5 ;
  INPUT ---        5 5 5 5 5 5 ;
  INPUT ---        5 5 5 5 5 ;
  INPUT ---        5 5 5 5 ;
  INPUT ---        5 5 5 ;
  INPUT ---        5 5 ;
  INPUT ---        5 ;

  INPUT ---    group=4 r    rows=7 cols=7 Triang ;
  INPUT ---        5 5 5 5 5 5 5 ;

  Program  MARK  - Survival Rate Estimation with Capture-Recapture Data
   gfortran(Win64) Vers. 8.0 Jun 2014   25-Jan-2015 15:08:04    Page  005
 - - - - - - - - - - - - - - - - - - - - - - - - - - - - - - - - - - - - - -
 
  INPUT ---        5 5 5 5 5 5 ;
  INPUT ---        5 5 5 5 5 ;
  INPUT ---        5 5 5 5 ;
  INPUT ---        5 5 5 ;
  INPUT ---        5 5 ;
  INPUT ---        5 ;

  INPUT ---    group=5 r    rows=7 cols=7 Triang ;
  INPUT ---        5 5 5 5 5 5 5 ;
  INPUT ---        5 5 5 5 5 5 ;
  INPUT ---        5 5 5 5 5 ;
  INPUT ---        5 5 5 5 ;
  INPUT ---        5 5 5 ;
  INPUT ---        5 5 ;
  INPUT ---        5 ;

  INPUT ---    group=6 r    rows=7 cols=7 Triang ;
  INPUT ---        5 5 5 5 5 5 5 ;
  INPUT ---        5 5 5 5 5 5 ;
  INPUT ---        5 5 5 5 5 ;
  INPUT ---        5 5 5 5 ;
  INPUT ---        5 5 5 ;
  INPUT ---        5 5 ;
  INPUT ---        5 ;

  INPUT ---    group=1 F    rows=6 cols=6 Triang ;
  INPUT ---        6 6 6 6 6 6 ;
  INPUT ---        6 6 6 6 6 ;
  INPUT ---        6 6 6 6 ;
  INPUT ---        6 6 6 ;
  INPUT ---        6 6 ;
  INPUT ---        6 ;

  INPUT ---    group=2 F    rows=6 cols=6 Triang ;
  INPUT ---        6 6 6 6 6 6 ;
  INPUT ---        6 6 6 6 6 ;
  INPUT ---        6 6 6 6 ;
  INPUT ---        6 6 6 ;
  INPUT ---        6 6 ;
  INPUT ---        6 ;

  INPUT ---    group=3 F    rows=6 cols=6 Triang ;
  INPUT ---        6 6 6 6 6 6 ;
  INPUT ---        6 6 6 6 6 ;
  INPUT ---        6 6 6 6 ;
  INPUT ---        6 6 6 ;

  Program  MARK  - Survival Rate Estimation with Capture-Recapture Data
   gfortran(Win64) Vers. 8.0 Jun 2014   25-Jan-2015 15:08:04    Page  006
 - - - - - - - - - - - - - - - - - - - - - - - - - - - - - - - - - - - - - -
 
  INPUT ---        6 6 ;
  INPUT ---        6 ;

  INPUT ---    group=4 F    rows=6 cols=6 Triang ;
  INPUT ---        6 6 6 6 6 6 ;
  INPUT ---        6 6 6 6 6 ;
  INPUT ---        6 6 6 6 ;
  INPUT ---        6 6 6 ;
  INPUT ---        6 6 ;
  INPUT ---        6 ;

  INPUT ---    group=5 F    rows=6 cols=6 Triang ;
  INPUT ---        6 6 6 6 6 6 ;
  INPUT ---        6 6 6 6 6 ;
  INPUT ---        6 6 6 6 ;
  INPUT ---        6 6 6 ;
  INPUT ---        6 6 ;
  INPUT ---        6 ;

  INPUT ---    group=6 F    rows=6 cols=6 Triang ;
  INPUT ---        6 6 6 6 6 6 ;
  INPUT ---        6 6 6 6 6 ;
  INPUT ---        6 6 6 6 ;
  INPUT ---        6 6 6 ;
  INPUT ---        6 6 ;
  INPUT ---        6 ;

  INPUT ---    design matrix constraints=6 covariates=6;
  INPUT ---        1 0 0 0 0 0;
  INPUT ---        1 1 0 0 0 0;
  INPUT ---        0 0 1 0 0 0;
  INPUT ---        0 0 1 1 0 0;
  INPUT ---        0 0 0 0 1 0;
  INPUT ---        0 0 0 0 0 1;

  INPUT ---    blabel(1)=S:(Intercept);

  INPUT ---    blabel(2)=S:sex5;

  INPUT ---    blabel(3)=p:(Intercept);

  INPUT ---    blabel(4)=p:sex5;

  INPUT ---    blabel(5)=r:(Intercept);

  INPUT ---    blabel(6)=F:(Intercept);

  Program  MARK  - Survival Rate Estimation with Capture-Recapture Data
   gfortran(Win64) Vers. 8.0 Jun 2014   25-Jan-2015 15:08:04    Page  007
 - - - - - - - - - - - - - - - - - - - - - - - - - - - - - - - - - - - - - -
 

  INPUT ---    rlabel(1)=S g41 c2005 c1 a0 t2005;

  INPUT ---    rlabel(2)=S g51 c2005 c1 a0 t2005;

  INPUT ---    rlabel(3)=p g41 c2005 c1 a1 t2006;

  INPUT ---    rlabel(4)=p g51 c2005 c1 a1 t2006;

  INPUT ---    rlabel(5)=r g41 c2005 c1 a0 t2005;

  INPUT ---    rlabel(6)=F g41 c2005 c1 a0 t2005;

 Link Function Used is LOGIT        

 Variance Estimation Procedure Used is 2ndPart 

 M(t+1):



 -2logL(saturated) = 1739.8188     
 Effective Sample Size = 7075

 Number of function evaluations was 47 for 6 parameters.
 Time for numerical optimization was 0.22 seconds.
 -2logL { S(~sex)p(~sex)r(~1)F(~1) } = 2766.4957     
 Penalty { S(~sex)p(~sex)r(~1)F(~1) } = -0.0000000    
 Gradient { S(~sex)p(~sex)r(~1)F(~1) }:
 -0.4785585E-04-0.1131864E-03-0.3419777E-04  0.000000    -0.5539720E-04
 -0.2580538E-05
 S Vector { S(~sex)p(~sex)r(~1)F(~1) }:
   286.0870      39.21912      7.939426      5.415148      1.029709    
  0.1147088E-05
 Time to compute number of parameters was 0.05 seconds.
   Threshold =  0.1400000E-06     Condition index =  0.4009578E-08     New Threshold =  0.2809781E-05
 New Guessimate of Estimated Parameters { S(~sex)p(~sex)r(~1)F(~1) } = 5          
 Conditioned S Vector { S(~sex)p(~sex)r(~1)F(~1) }:
   1.000000     0.1370881     0.2775179E-01 0.1892833E-01 0.3599285E-02
  0.4009578E-08
 Number of Estimated Parameters { S(~sex)p(~sex)r(~1)F(~1) } = 5          
 DEVIANCE { S(~sex)p(~sex)r(~1)F(~1) } = 1026.6770                     
 DEVIANCE Degrees of Freedom { S(~sex)p(~sex)r(~1)F(~1) } = 10            
 c-hat { S(~sex)p(~sex)r(~1)F(~1) } = 102.66770                     
 AIC { S(~sex)p(~sex)r(~1)F(~1) } = 2776.4957                  
 AICc { S(~sex)p(~sex)r(~1)F(~1) } = 2776.5042                    
 BIC { S(~sex)p(~sex)r(~1)F(~1) } = 2810.8173                    
 Pearson Chisquare { S(~sex)p(~sex)r(~1)F(~1) } = Not a Number               
 Possible Encounter Histories { S(~sex)p(~sex)r(~1)F(~1) } = 896             
 Pearson Chisquare df { S(~sex)p(~sex)r(~1)F(~1) } = 855        
 Pearson chat { S(~sex)p(~sex)r(~1)F(~1) } = Not a Number               
 Sum(Observed/Expected) { S(~sex)p(~sex)r(~1)F(~1) } = Not a Number               
 Fletcher chat { S(~sex)p(~sex)r(~1)F(~1) } = Not a Number               


                 LOGIT Link Function Parameters of { S(~sex)p(~sex)r(~1)F(~1) }
                                                              95% Confidence Interval
 Parameter                    Beta         Standard Error      Lower           Upper
 -------------------------  --------------  --------------  --------------  --------------
    1:S:(Intercept)         -2.8009763      0.3723216       -3.5307266      -2.0712260    
    2:S:sex5                0.2053060       0.5041082       -0.7827460      1.1933580     
    3:p:(Intercept)         -2.9892718      0.5234836       -4.0152997      -1.9632440    
    4:p:sex5                -0.9436371      0.8002934       -2.5122123      0.6249380     

  Program  MARK  - Survival Rate Estimation with Capture-Recapture Data
   gfortran(Win64) Vers. 8.0 Jun 2014   25-Jan-2015 15:08:04    Page  008
 - - - - - - - - - - - - - - - - - - - - - - - - - - - - - - - - - - - - - -
 
    5:r:(Intercept)         -3.1044253      0.0592418       -3.2205393      -2.9883113    
    6:F:(Intercept)         16.622193       933.68757       -1813.4055      1846.6499     


                 Real Function Parameters of { S(~sex)p(~sex)r(~1)F(~1) }
                                                               95% Confidence Interval
  Parameter                  Estimate       Standard Error      Lower           Upper
 --------------------------  --------------  --------------  --------------  --------------
     1:S g41 c2005 c1 a0 t2  0.0572714       0.0201022       0.0284505       0.1119251                           
     2:S g51 c2005 c1 a0 t2  0.0694176       0.0219975       0.0368591       0.1269452                           
     3:p g41 c2005 c1 a1 t2  0.0479129       0.0238799       0.0177180       0.1231164                           
     4:p g51 c2005 c1 a1 t2  0.0192103       0.0114122       0.0059400       0.0603278                           
     5:r g41 c2005 c1 a0 t2  0.0429251       0.0024338       0.0384001       0.0479567                           
     6:F g41 c2005 c1 a0 t2  0.9999999       0.5639942E-004  0.1632261E-296  1.0000000                           

 Attempted ordering of parameters by estimatibility:
  5 1 3 2 4 6
 Beta number 6 is a singular value.

     CPU Time in seconds for last procedure was 0.28


  INPUT --- proc stop;

     CPU Time in minutes for this job was 0.00

     Time Start = 15:08:04.318   Time End = 15:08:04.411

     Wall Clock Time in minutes for this job was 0.00


          E X E C U T I O N   S U C C E S S F U L 
