
   Program  MARK  - Survival Rate Estimation with Capture-Recapture Data
   gfortran(Win64) Vers. 8.0 Jun 2014   25-Jan-2015 15:09:55    Page  001
 - - - - - - - - - - - - - - - - - - - - - - - - - - - - - - - - - - - - - -
 
   This version was compiled by GCC version 4.8.1 using the options 
   -m64 -mtune=generic -march=x86-64 -mthreads -O2 -fimplicit-none -fbounds-check -funroll-loops -ftree-vectorize -fopenmp.
   This problem will use 7 of 8 possible threads.


  INPUT --- proc title ;

     CPU Time in seconds for last procedure was 0.00


  INPUT --- proc chmatrix occasions= 7 groups= 6 etype= Both ICMeans 
  INPUT --- NoHist hist= 51 ;

  INPUT ---    time  interval 1 1 1 1 1 1 1 ;

  INPUT ---    glabel(1)=sex4.age1;

  INPUT ---    glabel(2)=sex5.age1;

  INPUT ---    glabel(3)=sex4.age2;

  INPUT ---    glabel(4)=sex5.age2;

  INPUT ---    glabel(5)=sex4.age4;

  INPUT ---    glabel(6)=sex5.age4;

   * *  WARNING  * *   At least a pair of the encounter histories are duplicates. 

      Number of unique encounter histories read was 17.

      Number of individual covariates read was 0.
      Time interval lengths are all equal to 1.

      Data type number is 3
      Data type is Joint Live and Dead Encounters (Burnham)                                                            

     CPU Time in seconds for last procedure was 0.00

  Program  MARK  - Survival Rate Estimation with Capture-Recapture Data
   gfortran(Win64) Vers. 8.0 Jun 2014   25-Jan-2015 15:09:55    Page  002
 - - - - - - - - - - - - - - - - - - - - - - - - - - - - - - - - - - - - - -
 


  INPUT --- proc estimate link=Logit NOLOOP varest=2ndPart    ;


  INPUT --- model={ S(~age + time)p(~sex)r(~age)F(~1) };

  INPUT ---    group=1 S    rows=7 cols=7 Triang ;
  INPUT ---        1 2 3 4 5 6 7 ;
  INPUT ---        8 9 10 11 12 13 ;
  INPUT ---        14 15 16 17 18 ;
  INPUT ---        19 20 21 22 ;
  INPUT ---        23 24 25 ;
  INPUT ---        26 27 ;
  INPUT ---        28 ;

  INPUT ---    group=2 S    rows=7 cols=7 Triang ;
  INPUT ---        1 2 3 4 5 6 7 ;
  INPUT ---        8 9 10 11 12 13 ;
  INPUT ---        14 15 16 17 18 ;
  INPUT ---        19 20 21 22 ;
  INPUT ---        23 24 25 ;
  INPUT ---        26 27 ;
  INPUT ---        28 ;

  INPUT ---    group=3 S    rows=7 cols=7 Triang ;
  INPUT ---        1 2 3 4 5 6 7 ;
  INPUT ---        8 9 10 11 12 13 ;
  INPUT ---        14 15 16 17 18 ;
  INPUT ---        19 20 21 22 ;
  INPUT ---        23 24 25 ;
  INPUT ---        26 27 ;
  INPUT ---        28 ;

  INPUT ---    group=4 S    rows=7 cols=7 Triang ;
  INPUT ---        1 2 3 4 5 6 7 ;
  INPUT ---        8 9 10 11 12 13 ;
  INPUT ---        14 15 16 17 18 ;
  INPUT ---        19 20 21 22 ;
  INPUT ---        23 24 25 ;
  INPUT ---        26 27 ;
  INPUT ---        28 ;

  INPUT ---    group=5 S    rows=7 cols=7 Triang ;
  INPUT ---        1 2 3 4 5 6 7 ;
  INPUT ---        8 9 10 11 12 13 ;

  Program  MARK  - Survival Rate Estimation with Capture-Recapture Data
   gfortran(Win64) Vers. 8.0 Jun 2014   25-Jan-2015 15:09:55    Page  003
 - - - - - - - - - - - - - - - - - - - - - - - - - - - - - - - - - - - - - -
 
  INPUT ---        14 15 16 17 18 ;
  INPUT ---        19 20 21 22 ;
  INPUT ---        23 24 25 ;
  INPUT ---        26 27 ;
  INPUT ---        28 ;

  INPUT ---    group=6 S    rows=7 cols=7 Triang ;
  INPUT ---        1 2 3 4 5 6 7 ;
  INPUT ---        8 9 10 11 12 13 ;
  INPUT ---        14 15 16 17 18 ;
  INPUT ---        19 20 21 22 ;
  INPUT ---        23 24 25 ;
  INPUT ---        26 27 ;
  INPUT ---        28 ;

  INPUT ---    group=1 p    rows=6 cols=6 Triang ;
  INPUT ---        29 29 29 29 29 29 ;
  INPUT ---        29 29 29 29 29 ;
  INPUT ---        29 29 29 29 ;
  INPUT ---        29 29 29 ;
  INPUT ---        29 29 ;
  INPUT ---        29 ;

  INPUT ---    group=2 p    rows=6 cols=6 Triang ;
  INPUT ---        30 30 30 30 30 30 ;
  INPUT ---        30 30 30 30 30 ;
  INPUT ---        30 30 30 30 ;
  INPUT ---        30 30 30 ;
  INPUT ---        30 30 ;
  INPUT ---        30 ;

  INPUT ---    group=3 p    rows=6 cols=6 Triang ;
  INPUT ---        29 29 29 29 29 29 ;
  INPUT ---        29 29 29 29 29 ;
  INPUT ---        29 29 29 29 ;
  INPUT ---        29 29 29 ;
  INPUT ---        29 29 ;
  INPUT ---        29 ;

  INPUT ---    group=4 p    rows=6 cols=6 Triang ;
  INPUT ---        30 30 30 30 30 30 ;
  INPUT ---        30 30 30 30 30 ;
  INPUT ---        30 30 30 30 ;
  INPUT ---        30 30 30 ;
  INPUT ---        30 30 ;
  INPUT ---        30 ;

  Program  MARK  - Survival Rate Estimation with Capture-Recapture Data
   gfortran(Win64) Vers. 8.0 Jun 2014   25-Jan-2015 15:09:55    Page  004
 - - - - - - - - - - - - - - - - - - - - - - - - - - - - - - - - - - - - - -
 

  INPUT ---    group=5 p    rows=6 cols=6 Triang ;
  INPUT ---        29 29 29 29 29 29 ;
  INPUT ---        29 29 29 29 29 ;
  INPUT ---        29 29 29 29 ;
  INPUT ---        29 29 29 ;
  INPUT ---        29 29 ;
  INPUT ---        29 ;

  INPUT ---    group=6 p    rows=6 cols=6 Triang ;
  INPUT ---        30 30 30 30 30 30 ;
  INPUT ---        30 30 30 30 30 ;
  INPUT ---        30 30 30 30 ;
  INPUT ---        30 30 30 ;
  INPUT ---        30 30 ;
  INPUT ---        30 ;

  INPUT ---    group=1 r    rows=7 cols=7 Triang ;
  INPUT ---        31 32 33 34 35 36 37 ;
  INPUT ---        31 32 33 34 35 36 ;
  INPUT ---        31 32 33 34 35 ;
  INPUT ---        31 32 33 34 ;
  INPUT ---        31 32 33 ;
  INPUT ---        31 32 ;
  INPUT ---        31 ;

  INPUT ---    group=2 r    rows=7 cols=7 Triang ;
  INPUT ---        31 32 33 34 35 36 37 ;
  INPUT ---        31 32 33 34 35 36 ;
  INPUT ---        31 32 33 34 35 ;
  INPUT ---        31 32 33 34 ;
  INPUT ---        31 32 33 ;
  INPUT ---        31 32 ;
  INPUT ---        31 ;

  INPUT ---    group=3 r    rows=7 cols=7 Triang ;
  INPUT ---        31 32 33 34 35 36 37 ;
  INPUT ---        31 32 33 34 35 36 ;
  INPUT ---        31 32 33 34 35 ;
  INPUT ---        31 32 33 34 ;
  INPUT ---        31 32 33 ;
  INPUT ---        31 32 ;
  INPUT ---        31 ;

  INPUT ---    group=4 r    rows=7 cols=7 Triang ;
  INPUT ---        31 32 33 34 35 36 37 ;

  Program  MARK  - Survival Rate Estimation with Capture-Recapture Data
   gfortran(Win64) Vers. 8.0 Jun 2014   25-Jan-2015 15:09:55    Page  005
 - - - - - - - - - - - - - - - - - - - - - - - - - - - - - - - - - - - - - -
 
  INPUT ---        31 32 33 34 35 36 ;
  INPUT ---        31 32 33 34 35 ;
  INPUT ---        31 32 33 34 ;
  INPUT ---        31 32 33 ;
  INPUT ---        31 32 ;
  INPUT ---        31 ;

  INPUT ---    group=5 r    rows=7 cols=7 Triang ;
  INPUT ---        31 32 33 34 35 36 37 ;
  INPUT ---        31 32 33 34 35 36 ;
  INPUT ---        31 32 33 34 35 ;
  INPUT ---        31 32 33 34 ;
  INPUT ---        31 32 33 ;
  INPUT ---        31 32 ;
  INPUT ---        31 ;

  INPUT ---    group=6 r    rows=7 cols=7 Triang ;
  INPUT ---        31 32 33 34 35 36 37 ;
  INPUT ---        31 32 33 34 35 36 ;
  INPUT ---        31 32 33 34 35 ;
  INPUT ---        31 32 33 34 ;
  INPUT ---        31 32 33 ;
  INPUT ---        31 32 ;
  INPUT ---        31 ;

  INPUT ---    group=1 F    rows=6 cols=6 Triang ;
  INPUT ---        38 38 38 38 38 38 ;
  INPUT ---        38 38 38 38 38 ;
  INPUT ---        38 38 38 38 ;
  INPUT ---        38 38 38 ;
  INPUT ---        38 38 ;
  INPUT ---        38 ;

  INPUT ---    group=2 F    rows=6 cols=6 Triang ;
  INPUT ---        38 38 38 38 38 38 ;
  INPUT ---        38 38 38 38 38 ;
  INPUT ---        38 38 38 38 ;
  INPUT ---        38 38 38 ;
  INPUT ---        38 38 ;
  INPUT ---        38 ;

  INPUT ---    group=3 F    rows=6 cols=6 Triang ;
  INPUT ---        38 38 38 38 38 38 ;
  INPUT ---        38 38 38 38 38 ;
  INPUT ---        38 38 38 38 ;
  INPUT ---        38 38 38 ;

  Program  MARK  - Survival Rate Estimation with Capture-Recapture Data
   gfortran(Win64) Vers. 8.0 Jun 2014   25-Jan-2015 15:09:55    Page  006
 - - - - - - - - - - - - - - - - - - - - - - - - - - - - - - - - - - - - - -
 
  INPUT ---        38 38 ;
  INPUT ---        38 ;

  INPUT ---    group=4 F    rows=6 cols=6 Triang ;
  INPUT ---        38 38 38 38 38 38 ;
  INPUT ---        38 38 38 38 38 ;
  INPUT ---        38 38 38 38 ;
  INPUT ---        38 38 38 ;
  INPUT ---        38 38 ;
  INPUT ---        38 ;

  INPUT ---    group=5 F    rows=6 cols=6 Triang ;
  INPUT ---        38 38 38 38 38 38 ;
  INPUT ---        38 38 38 38 38 ;
  INPUT ---        38 38 38 38 ;
  INPUT ---        38 38 38 ;
  INPUT ---        38 38 ;
  INPUT ---        38 ;

  INPUT ---    group=6 F    rows=6 cols=6 Triang ;
  INPUT ---        38 38 38 38 38 38 ;
  INPUT ---        38 38 38 38 38 ;
  INPUT ---        38 38 38 38 ;
  INPUT ---        38 38 38 ;
  INPUT ---        38 38 ;
  INPUT ---        38 ;

  INPUT ---    design matrix constraints=38 covariates=23;
  INPUT ---        1 0 0 0 0 0 0 0 0 0 0 0 0 0 0 0 0 0 0 0 0 0 0;
  INPUT ---        1 1 0 0 0 0 0 1 0 0 0 0 0 0 0 0 0 0 0 0 0 0 0;
  INPUT ---        1 0 1 0 0 0 0 0 1 0 0 0 0 0 0 0 0 0 0 0 0 0 0;
  INPUT ---        1 0 0 1 0 0 0 0 0 1 0 0 0 0 0 0 0 0 0 0 0 0 0;
  INPUT ---        1 0 0 0 1 0 0 0 0 0 1 0 0 0 0 0 0 0 0 0 0 0 0;
  INPUT ---        1 0 0 0 0 1 0 0 0 0 0 1 0 0 0 0 0 0 0 0 0 0 0;
  INPUT ---        1 0 0 0 0 0 1 0 0 0 0 0 1 0 0 0 0 0 0 0 0 0 0;
  INPUT ---        1 0 0 0 0 0 0 1 0 0 0 0 0 0 0 0 0 0 0 0 0 0 0;
  INPUT ---        1 1 0 0 0 0 0 0 1 0 0 0 0 0 0 0 0 0 0 0 0 0 0;
  INPUT ---        1 0 1 0 0 0 0 0 0 1 0 0 0 0 0 0 0 0 0 0 0 0 0;
  INPUT ---        1 0 0 1 0 0 0 0 0 0 1 0 0 0 0 0 0 0 0 0 0 0 0;
  INPUT ---        1 0 0 0 1 0 0 0 0 0 0 1 0 0 0 0 0 0 0 0 0 0 0;
  INPUT ---        1 0 0 0 0 1 0 0 0 0 0 0 1 0 0 0 0 0 0 0 0 0 0;
  INPUT ---        1 0 0 0 0 0 0 0 1 0 0 0 0 0 0 0 0 0 0 0 0 0 0;
  INPUT ---        1 1 0 0 0 0 0 0 0 1 0 0 0 0 0 0 0 0 0 0 0 0 0;
  INPUT ---        1 0 1 0 0 0 0 0 0 0 1 0 0 0 0 0 0 0 0 0 0 0 0;
  INPUT ---        1 0 0 1 0 0 0 0 0 0 0 1 0 0 0 0 0 0 0 0 0 0 0;
  INPUT ---        1 0 0 0 1 0 0 0 0 0 0 0 1 0 0 0 0 0 0 0 0 0 0;

  Program  MARK  - Survival Rate Estimation with Capture-Recapture Data
   gfortran(Win64) Vers. 8.0 Jun 2014   25-Jan-2015 15:09:55    Page  007
 - - - - - - - - - - - - - - - - - - - - - - - - - - - - - - - - - - - - - -
 
  INPUT ---        1 0 0 0 0 0 0 0 0 1 0 0 0 0 0 0 0 0 0 0 0 0 0;
  INPUT ---        1 1 0 0 0 0 0 0 0 0 1 0 0 0 0 0 0 0 0 0 0 0 0;
  INPUT ---        1 0 1 0 0 0 0 0 0 0 0 1 0 0 0 0 0 0 0 0 0 0 0;
  INPUT ---        1 0 0 1 0 0 0 0 0 0 0 0 1 0 0 0 0 0 0 0 0 0 0;
  INPUT ---        1 0 0 0 0 0 0 0 0 0 1 0 0 0 0 0 0 0 0 0 0 0 0;
  INPUT ---        1 1 0 0 0 0 0 0 0 0 0 1 0 0 0 0 0 0 0 0 0 0 0;
  INPUT ---        1 0 1 0 0 0 0 0 0 0 0 0 1 0 0 0 0 0 0 0 0 0 0;
  INPUT ---        1 0 0 0 0 0 0 0 0 0 0 1 0 0 0 0 0 0 0 0 0 0 0;
  INPUT ---        1 1 0 0 0 0 0 0 0 0 0 0 1 0 0 0 0 0 0 0 0 0 0;
  INPUT ---        1 0 0 0 0 0 0 0 0 0 0 0 1 0 0 0 0 0 0 0 0 0 0;
  INPUT ---        0 0 0 0 0 0 0 0 0 0 0 0 0 1 0 0 0 0 0 0 0 0 0;
  INPUT ---        0 0 0 0 0 0 0 0 0 0 0 0 0 1 1 0 0 0 0 0 0 0 0;
  INPUT ---        0 0 0 0 0 0 0 0 0 0 0 0 0 0 0 1 0 0 0 0 0 0 0;
  INPUT ---        0 0 0 0 0 0 0 0 0 0 0 0 0 0 0 1 1 0 0 0 0 0 0;
  INPUT ---        0 0 0 0 0 0 0 0 0 0 0 0 0 0 0 1 0 1 0 0 0 0 0;
  INPUT ---        0 0 0 0 0 0 0 0 0 0 0 0 0 0 0 1 0 0 1 0 0 0 0;
  INPUT ---        0 0 0 0 0 0 0 0 0 0 0 0 0 0 0 1 0 0 0 1 0 0 0;
  INPUT ---        0 0 0 0 0 0 0 0 0 0 0 0 0 0 0 1 0 0 0 0 1 0 0;
  INPUT ---        0 0 0 0 0 0 0 0 0 0 0 0 0 0 0 1 0 0 0 0 0 1 0;
  INPUT ---        0 0 0 0 0 0 0 0 0 0 0 0 0 0 0 0 0 0 0 0 0 0 1;

  INPUT ---    blabel(1)=S:(Intercept);

  INPUT ---    blabel(2)=S:age1;

  INPUT ---    blabel(3)=S:age2;

  INPUT ---    blabel(4)=S:age3;

  INPUT ---    blabel(5)=S:age4;

  INPUT ---    blabel(6)=S:age5;

  INPUT ---    blabel(7)=S:age6;

  INPUT ---    blabel(8)=S:time2006;

  INPUT ---    blabel(9)=S:time2007;

  INPUT ---    blabel(10)=S:time2008;

  INPUT ---    blabel(11)=S:time2009;

  INPUT ---    blabel(12)=S:time2010;

  INPUT ---    blabel(13)=S:time2011;

  Program  MARK  - Survival Rate Estimation with Capture-Recapture Data
   gfortran(Win64) Vers. 8.0 Jun 2014   25-Jan-2015 15:09:55    Page  008
 - - - - - - - - - - - - - - - - - - - - - - - - - - - - - - - - - - - - - -
 

  INPUT ---    blabel(14)=p:(Intercept);

  INPUT ---    blabel(15)=p:sex5;

  INPUT ---    blabel(16)=r:(Intercept);

  INPUT ---    blabel(17)=r:age1;

  INPUT ---    blabel(18)=r:age2;

  INPUT ---    blabel(19)=r:age3;

  INPUT ---    blabel(20)=r:age4;

  INPUT ---    blabel(21)=r:age5;

  INPUT ---    blabel(22)=r:age6;

  INPUT ---    blabel(23)=F:(Intercept);

  INPUT ---    rlabel(1)=S g41 c2005 c1 a0 t2005;

  INPUT ---    rlabel(2)=S g41 c2005 c1 a1 t2006;

  INPUT ---    rlabel(3)=S g41 c2005 c1 a2 t2007;

  INPUT ---    rlabel(4)=S g41 c2005 c1 a3 t2008;

  INPUT ---    rlabel(5)=S g41 c2005 c1 a4 t2009;

  INPUT ---    rlabel(6)=S g41 c2005 c1 a5 t2010;

  INPUT ---    rlabel(7)=S g41 c2005 c1 a6 t2011;

  INPUT ---    rlabel(8)=S g41 c2006 c2 a0 t2006;

  INPUT ---    rlabel(9)=S g41 c2006 c2 a1 t2007;

  INPUT ---    rlabel(10)=S g41 c2006 c2 a2 t2008;

  INPUT ---    rlabel(11)=S g41 c2006 c2 a3 t2009;

  INPUT ---    rlabel(12)=S g41 c2006 c2 a4 t2010;

  INPUT ---    rlabel(13)=S g41 c2006 c2 a5 t2011;

  Program  MARK  - Survival Rate Estimation with Capture-Recapture Data
   gfortran(Win64) Vers. 8.0 Jun 2014   25-Jan-2015 15:09:55    Page  009
 - - - - - - - - - - - - - - - - - - - - - - - - - - - - - - - - - - - - - -
 

  INPUT ---    rlabel(14)=S g41 c2007 c3 a0 t2007;

  INPUT ---    rlabel(15)=S g41 c2007 c3 a1 t2008;

  INPUT ---    rlabel(16)=S g41 c2007 c3 a2 t2009;

  INPUT ---    rlabel(17)=S g41 c2007 c3 a3 t2010;

  INPUT ---    rlabel(18)=S g41 c2007 c3 a4 t2011;

  INPUT ---    rlabel(19)=S g41 c2008 c4 a0 t2008;

  INPUT ---    rlabel(20)=S g41 c2008 c4 a1 t2009;

  INPUT ---    rlabel(21)=S g41 c2008 c4 a2 t2010;

  INPUT ---    rlabel(22)=S g41 c2008 c4 a3 t2011;

  INPUT ---    rlabel(23)=S g41 c2009 c5 a0 t2009;

  INPUT ---    rlabel(24)=S g41 c2009 c5 a1 t2010;

  INPUT ---    rlabel(25)=S g41 c2009 c5 a2 t2011;

  INPUT ---    rlabel(26)=S g41 c2010 c6 a0 t2010;

  INPUT ---    rlabel(27)=S g41 c2010 c6 a1 t2011;

  INPUT ---    rlabel(28)=S g41 c2011 c7 a0 t2011;

  INPUT ---    rlabel(29)=p g41 c2005 c1 a1 t2006;

  INPUT ---    rlabel(30)=p g51 c2005 c1 a1 t2006;

  INPUT ---    rlabel(31)=r g41 c2005 c1 a0 t2005;

  INPUT ---    rlabel(32)=r g41 c2005 c1 a1 t2006;

  INPUT ---    rlabel(33)=r g41 c2005 c1 a2 t2007;

  INPUT ---    rlabel(34)=r g41 c2005 c1 a3 t2008;

  INPUT ---    rlabel(35)=r g41 c2005 c1 a4 t2009;

  INPUT ---    rlabel(36)=r g41 c2005 c1 a5 t2010;

  Program  MARK  - Survival Rate Estimation with Capture-Recapture Data
   gfortran(Win64) Vers. 8.0 Jun 2014   25-Jan-2015 15:09:55    Page  010
 - - - - - - - - - - - - - - - - - - - - - - - - - - - - - - - - - - - - - -
 

  INPUT ---    rlabel(37)=r g41 c2005 c1 a6 t2011;

  INPUT ---    rlabel(38)=F g41 c2005 c1 a0 t2005;

 Link Function Used is LOGIT        

 Variance Estimation Procedure Used is 2ndPart 

 M(t+1):



 -2logL(saturated) = 1739.8188     
 Effective Sample Size = 7075

 Number of function evaluations was 70 for 23 parameters.
 Time for numerical optimization was 1.58 seconds.
 -2logL { S(~age + time)p(~sex)r(~age)F(~1) } = 1782.7032     
 Penalty { S(~age + time)p(~sex)r(~age)F(~1) } = -0.0000000    
 Gradient { S(~age + time)p(~sex)r(~age)F(~1) }:
 -0.7390571E-05-0.5144310E-05  0.000000      0.000000      0.000000    
 -0.7418431E-06  0.000000      0.000000      0.000000    -0.9930676E-05
  0.5950505E-06  0.000000      0.000000    -0.2986478E-03-0.1335685E-03
  0.3220840E-03 0.1531472E-04-0.5949067E-06-0.5315285E-06-0.3714787E-06
 -0.3585985E-06-0.3410130E-06-0.9276985E-04
 S Vector { S(~age + time)p(~sex)r(~age)F(~1) }:
   246.4571      13.85931      2.347373      1.012259     0.2398137    
  0.6379248E-01 0.5865073E-05 0.2708018E-05 0.2408321E-05 0.1769326E-05
  0.1351753E-05 0.9775831E-06 0.3134452E-06 0.1435246E-06 0.1171798E-06
  0.4246957E-07 0.1463343E-07 0.9137361E-08 0.8379781E-08 0.6544460E-08
  0.2821808E-08 0.2044814E-08 0.2607811E-09
 Time to compute number of parameters was 0.83 seconds.
   Threshold =  0.4800000E-06     Condition index =  0.1058120E-11     New Threshold =  0.1250662E-08
 New Guessimate of Estimated Parameters { S(~age + time)p(~sex)r(~age)F(~1) } = 13          
 Conditioned S Vector { S(~age + time)p(~sex)r(~age)F(~1) }:
   1.000000     0.5623416E-01 0.9524468E-02 0.4107242E-02 0.9730445E-03
  0.2588381E-03 0.2379754E-07 0.1098779E-07 0.9771766E-08 0.7179041E-08
  0.5484738E-08 0.3966545E-08 0.1271804E-08 0.5823513E-09 0.4754571E-09
  0.1723203E-09 0.5937516E-10 0.3707485E-10 0.3400097E-10 0.2655415E-10
  0.1144949E-10 0.8296835E-11 0.1058120E-11
 Number of Estimated Parameters { S(~age + time)p(~sex)r(~age)F(~1) } = 6          
 DEVIANCE { S(~age + time)p(~sex)r(~age)F(~1) } = 42.884451                     
 DEVIANCE Degrees of Freedom { S(~age + time)p(~sex)r(~age)F(~1) } = 9            
 c-hat { S(~age + time)p(~sex)r(~age)F(~1) } = 4.7649390                     
 AIC { S(~age + time)p(~sex)r(~age)F(~1) } = 1794.7032                  
 AICc { S(~age + time)p(~sex)r(~age)F(~1) } = 1794.7151                    
 BIC { S(~age + time)p(~sex)r(~age)F(~1) } = 1835.8891                    
 Pearson Chisquare { S(~age + time)p(~sex)r(~age)F(~1) } = Not a Number               
 Possible Encounter Histories { S(~age + time)p(~sex)r(~age)F(~1) } = 896             
 Pearson Chisquare df { S(~age + time)p(~sex)r(~age)F(~1) } = 854        
 Pearson chat { S(~age + time)p(~sex)r(~age)F(~1) } = Not a Number               
 Sum(Observed/Expected) { S(~age + time)p(~sex)r(~age)F(~1) } = Not a Number               
 Fletcher chat { S(~age + time)p(~sex)r(~age)F(~1) } = Not a Number               


            LOGIT Link Function Parameters of { S(~age + time)p(~sex)r(~age)F(~1) }
                                                              95% Confidence Interval
 Parameter                    Beta         Standard Error      Lower           Upper
 -------------------------  --------------  --------------  --------------  --------------
    1:S:(Intercept)         57.454212       0.0000000       57.454212       57.454212     
    2:S:age1                -34.359249      0.0000000       -34.359249      -34.359249    
    3:S:age2                -2.0837243      657.49434       -1290.7727      1286.6052     

  Program  MARK  - Survival Rate Estimation with Capture-Recapture Data
   gfortran(Win64) Vers. 8.0 Jun 2014   25-Jan-2015 15:09:56    Page  011
 - - - - - - - - - - - - - - - - - - - - - - - - - - - - - - - - - - - - - -
 
    4:S:age3                14.843547       2638.9609       -5157.5199      5187.2070     
    5:S:age4                19.944613       4726.7456       -9244.4770      9284.3662     
    6:S:age5                29.649832       216.38410       -394.46301      453.76267     
    7:S:age6                -0.0637578      425.40387       -833.85537      833.72785     
    8:S:time2006            -8.3919167      2993.6284       -5875.9036      5859.1198     
    9:S:time2007            -37.966916      247.40395       -522.87866      446.94483     
   10:S:time2008            -21.896092      0.0000000       -21.896092      -21.896092    
   11:S:time2009            -37.210820      223.53000       -475.32964      400.90800     
   12:S:time2010            -4.5789730      1025.9861       -2015.5119      2006.3539     
   13:S:time2011            -89.209987      125.21201       -334.62553      156.20556     
   14:p:(Intercept)         -6.5373048      0.5620330       -7.6388895      -5.4357201    
   15:p:sex5                -0.7023005      0.6129007       -1.9035859      0.4989849     
   16:r:(Intercept)         -1.5414028      0.0638286       -1.6665069      -1.4162987    
   17:r:age1                -6.4233712      1.0305813       -8.4433107      -4.4034317    
   18:r:age2                -37.220057      8150.2172       -16011.646      15937.206     
   19:r:age3                -41.777322      315.65588       -660.46286      576.90822     
   20:r:age4                -60.207736      727.17095       -1485.4628      1365.0473     
   21:r:age5                -62.406195      20.979900       -103.52680      -21.285590    
   22:r:age6                -65.675953      1374.4039       -2759.5076      2628.1557     
   23:F:(Intercept)         2.9215098       3.8873776       -4.6977503      10.540770     


            Real Function Parameters of { S(~age + time)p(~sex)r(~age)F(~1) }
                                                               95% Confidence Interval
  Parameter                  Estimate       Standard Error      Lower           Upper
 --------------------------  --------------  --------------  --------------  --------------
     1:S g41 c2005 c1 a0 t2  1.0000000       0.0000000       1.0000000       1.0000000                           
     2:S g41 c2005 c1 a1 t2  0.9999996       0.0011281       0.2395051E-297  1.0000000                           
     3:S g41 c2005 c1 a2 t2  1.0000000       0.2170075E-004  0.3565644E-296  1.0000000                           
     4:S g41 c2005 c1 a3 t2  1.0000000       0.0000000       1.0000000       1.0000000                           
     5:S g41 c2005 c1 a4 t2  1.0000000       0.0000000       1.0000000       1.0000000                           
     6:S g41 c2005 c1 a5 t2  1.0000000       0.0000000       1.0000000       1.0000000                           
     7:S g41 c2005 c1 a6 t2  0.1516885E-013  0.0000000       0.1516885E-013  0.1516885E-013                      
     8:S g41 c2006 c2 a0 t2  1.0000000       0.0000000       1.0000000       1.0000000                           
     9:S g41 c2006 c2 a1 t2  0.3476906E-006  0.2317601E-003  0.3428118E-310  1.0000000                           
    10:S g41 c2006 c2 a2 t2  1.0000000       0.0000000       1.0000000       1.0000000                           
    11:S g41 c2006 c2 a3 t2  1.0000000       0.1794403E-011  1.0000000       1.0000000                           
    12:S g41 c2006 c2 a4 t2  1.0000000       0.0000000       1.0000000       1.0000000                           
    13:S g41 c2006 c2 a5 t2  0.1085206       0.0000000       0.1085206       0.1085206                           
    14:S g41 c2007 c3 a0 t2  1.0000000       0.1552931E-005  0.9999970       1.0000030                           
    15:S g41 c2007 c3 a1 t2  0.7683239       0.6515836       0.0025331       0.9997692                           
    16:S g41 c2007 c3 a2 t2  1.0000000       0.9545748E-005  0.7594627E-296  1.0000000                           
    17:S g41 c2007 c3 a3 t2  1.0000000       0.0000000       1.0000000       1.0000000                           
    18:S g41 c2007 c3 a4 t2  0.7421203E-005  0.0339907       0.7317121E-309  1.0000000                           
    19:S g41 c2008 c4 a0 t2  1.0000000       0.0000000       1.0000000       1.0000000                           
    20:S g41 c2008 c4 a1 t2  0.7405617E-006  0.6464351E-003  0.7301704E-310  1.0000000                           

  Program  MARK  - Survival Rate Estimation with Capture-Recapture Data
   gfortran(Win64) Vers. 8.0 Jun 2014   25-Jan-2015 15:09:56    Page  012
 - - - - - - - - - - - - - - - - - - - - - - - - - - - - - - - - - - - - - -
 
    21:S g41 c2008 c4 a2 t2  1.0000000       0.0000000       1.0000000       1.0000000                           
    22:S g41 c2008 c4 a3 t2  0.4519736E-007  0.1165724E-003  0.4456314E-311  1.0000000                           
    23:S g41 c2009 c5 a0 t2  1.0000000       0.6111285E-006  0.9999988       1.0000012                           
    24:S g41 c2009 c5 a1 t2  1.0000000       0.0000000       1.0000000       1.0000000                           
    25:S g41 c2009 c5 a2 t2  0.2012298E-014  0.7497937E-012  -.1467583E-011  0.1471608E-011                      
    26:S g41 c2010 c6 a0 t2  1.0000000       0.0000000       1.0000000       1.0000000                           
    27:S g41 c2010 c6 a1 t2  0.1934685E-028  0.0000000       0.1934685E-028  0.1934685E-028                      
    28:S g41 c2011 c7 a0 t2  0.1616748E-013  0.0000000       0.1616748E-013  0.1616748E-013                      
    29:p g41 c2005 c1 a1 t2  0.0014463       0.8116882E-003  0.4811311E-003  0.0043392                           
    30:p g51 c2005 c1 a1 t2  0.7170804E-003  0.4741337E-003  0.1961396E-003  0.0026180                           
    31:r g41 c2005 c1 a0 t2  0.1763314       0.0092704       0.1588905       0.1952425                           
    32:r g41 c2005 c1 a1 t2  0.3473695E-003  0.3571812E-003  0.4627624E-004  0.0026024                           
    33:r g41 c2005 c1 a2 t2  0.1465926E-016  0.1194761E-012  -.2341585E-012  0.2341879E-012                      
    34:r g41 c2005 c1 a3 t2  0.1537861E-018  0.4854348E-016  -.9499144E-016  0.9529901E-016                      
    35:r g41 c2005 c1 a4 t2  0.1522965E-026  0.1107456E-023  -.2169090E-023  0.2172136E-023                      
    36:r g41 c2005 c1 a5 t2  0.1690095E-027  0.3545819E-026  -.6780796E-026  0.7118815E-026                      
    37:r g41 c2005 c1 a6 t2  0.6425000E-029  0.8830545E-026  -.1730144E-025  0.1731429E-025                      
    38:F g41 c2005 c1 a0 t2  0.9488996       0.1884958       0.0090334       0.9999736                           

 Attempted ordering of parameters by estimatibility:
  16 14 15 17  1 23  7  3 10  9 11 12  2  4  8  5 18 21 20  6 19 13 22
 Beta number 22 is a singular value.

     CPU Time in seconds for last procedure was 2.42

  Program  MARK  - Survival Rate Estimation with Capture-Recapture Data
   gfortran(Win64) Vers. 8.0 Jun 2014   25-Jan-2015 15:09:56    Page  013
 - - - - - - - - - - - - - - - - - - - - - - - - - - - - - - - - - - - - - -
 


  INPUT --- proc stop;

     CPU Time in minutes for this job was 0.04

     Time Start = 15:09:55.751   Time End = 15:09:56.315

     Wall Clock Time in minutes for this job was 0.01


          E X E C U T I O N   S U C C E S S F U L 
