
   Program  MARK  - Survival Rate Estimation with Capture-Recapture Data
   gfortran(Win64) Vers. 8.0 Jun 2014   31-Jan-2015 13:38:04    Page  001
 - - - - - - - - - - - - - - - - - - - - - - - - - - - - - - - - - - - - - -
 
   This version was compiled by GCC version 4.8.1 using the options 
   -m64 -mtune=generic -march=x86-64 -mthreads -O2 -fimplicit-none -fbounds-check -funroll-loops -ftree-vectorize -fopenmp.
   This problem will use 7 of 8 possible threads.


  INPUT --- proc title ;

     CPU Time in seconds for last procedure was 0.00


  INPUT --- proc chmatrix occasions= 7 groups= 6 etype= Both ICMeans 
  INPUT --- NoHist hist= 51 ;

  INPUT ---    time  interval 1 1 1 1 1 1 1 ;

  INPUT ---    glabel(1)=sex4.age1;

  INPUT ---    glabel(2)=sex5.age1;

  INPUT ---    glabel(3)=sex4.age2;

  INPUT ---    glabel(4)=sex5.age2;

  INPUT ---    glabel(5)=sex4.age4;

  INPUT ---    glabel(6)=sex5.age4;

   * *  WARNING  * *   At least a pair of the encounter histories are duplicates. 

      Number of unique encounter histories read was 17.

      Number of individual covariates read was 0.
      Time interval lengths are all equal to 1.

      Data type number is 3
      Data type is Joint Live and Dead Encounters (Burnham)                                                            

     CPU Time in seconds for last procedure was 0.00

  Program  MARK  - Survival Rate Estimation with Capture-Recapture Data
   gfortran(Win64) Vers. 8.0 Jun 2014   31-Jan-2015 13:38:04    Page  002
 - - - - - - - - - - - - - - - - - - - - - - - - - - - - - - - - - - - - - -
 


  INPUT --- proc estimate link=Logit NOLOOP varest=2ndPart    ;


  INPUT --- model={ S(~time)p(~age + sex)r(~1)F(~age) };

  INPUT ---    group=1 S    rows=7 cols=7 Triang ;
  INPUT ---        1 2 3 4 5 6 7 ;
  INPUT ---        2 3 4 5 6 7 ;
  INPUT ---        3 4 5 6 7 ;
  INPUT ---        4 5 6 7 ;
  INPUT ---        5 6 7 ;
  INPUT ---        6 7 ;
  INPUT ---        7 ;

  INPUT ---    group=2 S    rows=7 cols=7 Triang ;
  INPUT ---        1 2 3 4 5 6 7 ;
  INPUT ---        2 3 4 5 6 7 ;
  INPUT ---        3 4 5 6 7 ;
  INPUT ---        4 5 6 7 ;
  INPUT ---        5 6 7 ;
  INPUT ---        6 7 ;
  INPUT ---        7 ;

  INPUT ---    group=3 S    rows=7 cols=7 Triang ;
  INPUT ---        1 2 3 4 5 6 7 ;
  INPUT ---        2 3 4 5 6 7 ;
  INPUT ---        3 4 5 6 7 ;
  INPUT ---        4 5 6 7 ;
  INPUT ---        5 6 7 ;
  INPUT ---        6 7 ;
  INPUT ---        7 ;

  INPUT ---    group=4 S    rows=7 cols=7 Triang ;
  INPUT ---        1 2 3 4 5 6 7 ;
  INPUT ---        2 3 4 5 6 7 ;
  INPUT ---        3 4 5 6 7 ;
  INPUT ---        4 5 6 7 ;
  INPUT ---        5 6 7 ;
  INPUT ---        6 7 ;
  INPUT ---        7 ;

  INPUT ---    group=5 S    rows=7 cols=7 Triang ;
  INPUT ---        1 2 3 4 5 6 7 ;
  INPUT ---        2 3 4 5 6 7 ;

  Program  MARK  - Survival Rate Estimation with Capture-Recapture Data
   gfortran(Win64) Vers. 8.0 Jun 2014   31-Jan-2015 13:38:04    Page  003
 - - - - - - - - - - - - - - - - - - - - - - - - - - - - - - - - - - - - - -
 
  INPUT ---        3 4 5 6 7 ;
  INPUT ---        4 5 6 7 ;
  INPUT ---        5 6 7 ;
  INPUT ---        6 7 ;
  INPUT ---        7 ;

  INPUT ---    group=6 S    rows=7 cols=7 Triang ;
  INPUT ---        1 2 3 4 5 6 7 ;
  INPUT ---        2 3 4 5 6 7 ;
  INPUT ---        3 4 5 6 7 ;
  INPUT ---        4 5 6 7 ;
  INPUT ---        5 6 7 ;
  INPUT ---        6 7 ;
  INPUT ---        7 ;

  INPUT ---    group=1 p    rows=6 cols=6 Triang ;
  INPUT ---        8 9 10 11 12 13 ;
  INPUT ---        8 9 10 11 12 ;
  INPUT ---        8 9 10 11 ;
  INPUT ---        8 9 10 ;
  INPUT ---        8 9 ;
  INPUT ---        8 ;

  INPUT ---    group=2 p    rows=6 cols=6 Triang ;
  INPUT ---        14 15 16 17 18 19 ;
  INPUT ---        14 15 16 17 18 ;
  INPUT ---        14 15 16 17 ;
  INPUT ---        14 15 16 ;
  INPUT ---        14 15 ;
  INPUT ---        14 ;

  INPUT ---    group=3 p    rows=6 cols=6 Triang ;
  INPUT ---        8 9 10 11 12 13 ;
  INPUT ---        8 9 10 11 12 ;
  INPUT ---        8 9 10 11 ;
  INPUT ---        8 9 10 ;
  INPUT ---        8 9 ;
  INPUT ---        8 ;

  INPUT ---    group=4 p    rows=6 cols=6 Triang ;
  INPUT ---        14 15 16 17 18 19 ;
  INPUT ---        14 15 16 17 18 ;
  INPUT ---        14 15 16 17 ;
  INPUT ---        14 15 16 ;
  INPUT ---        14 15 ;
  INPUT ---        14 ;

  Program  MARK  - Survival Rate Estimation with Capture-Recapture Data
   gfortran(Win64) Vers. 8.0 Jun 2014   31-Jan-2015 13:38:04    Page  004
 - - - - - - - - - - - - - - - - - - - - - - - - - - - - - - - - - - - - - -
 

  INPUT ---    group=5 p    rows=6 cols=6 Triang ;
  INPUT ---        8 9 10 11 12 13 ;
  INPUT ---        8 9 10 11 12 ;
  INPUT ---        8 9 10 11 ;
  INPUT ---        8 9 10 ;
  INPUT ---        8 9 ;
  INPUT ---        8 ;

  INPUT ---    group=6 p    rows=6 cols=6 Triang ;
  INPUT ---        14 15 16 17 18 19 ;
  INPUT ---        14 15 16 17 18 ;
  INPUT ---        14 15 16 17 ;
  INPUT ---        14 15 16 ;
  INPUT ---        14 15 ;
  INPUT ---        14 ;

  INPUT ---    group=1 r    rows=7 cols=7 Triang ;
  INPUT ---        20 20 20 20 20 20 20 ;
  INPUT ---        20 20 20 20 20 20 ;
  INPUT ---        20 20 20 20 20 ;
  INPUT ---        20 20 20 20 ;
  INPUT ---        20 20 20 ;
  INPUT ---        20 20 ;
  INPUT ---        20 ;

  INPUT ---    group=2 r    rows=7 cols=7 Triang ;
  INPUT ---        20 20 20 20 20 20 20 ;
  INPUT ---        20 20 20 20 20 20 ;
  INPUT ---        20 20 20 20 20 ;
  INPUT ---        20 20 20 20 ;
  INPUT ---        20 20 20 ;
  INPUT ---        20 20 ;
  INPUT ---        20 ;

  INPUT ---    group=3 r    rows=7 cols=7 Triang ;
  INPUT ---        20 20 20 20 20 20 20 ;
  INPUT ---        20 20 20 20 20 20 ;
  INPUT ---        20 20 20 20 20 ;
  INPUT ---        20 20 20 20 ;
  INPUT ---        20 20 20 ;
  INPUT ---        20 20 ;
  INPUT ---        20 ;

  INPUT ---    group=4 r    rows=7 cols=7 Triang ;
  INPUT ---        20 20 20 20 20 20 20 ;

  Program  MARK  - Survival Rate Estimation with Capture-Recapture Data
   gfortran(Win64) Vers. 8.0 Jun 2014   31-Jan-2015 13:38:04    Page  005
 - - - - - - - - - - - - - - - - - - - - - - - - - - - - - - - - - - - - - -
 
  INPUT ---        20 20 20 20 20 20 ;
  INPUT ---        20 20 20 20 20 ;
  INPUT ---        20 20 20 20 ;
  INPUT ---        20 20 20 ;
  INPUT ---        20 20 ;
  INPUT ---        20 ;

  INPUT ---    group=5 r    rows=7 cols=7 Triang ;
  INPUT ---        20 20 20 20 20 20 20 ;
  INPUT ---        20 20 20 20 20 20 ;
  INPUT ---        20 20 20 20 20 ;
  INPUT ---        20 20 20 20 ;
  INPUT ---        20 20 20 ;
  INPUT ---        20 20 ;
  INPUT ---        20 ;

  INPUT ---    group=6 r    rows=7 cols=7 Triang ;
  INPUT ---        20 20 20 20 20 20 20 ;
  INPUT ---        20 20 20 20 20 20 ;
  INPUT ---        20 20 20 20 20 ;
  INPUT ---        20 20 20 20 ;
  INPUT ---        20 20 20 ;
  INPUT ---        20 20 ;
  INPUT ---        20 ;

  INPUT ---    group=1 F    rows=6 cols=6 Triang ;
  INPUT ---        21 22 23 24 25 26 ;
  INPUT ---        21 22 23 24 25 ;
  INPUT ---        21 22 23 24 ;
  INPUT ---        21 22 23 ;
  INPUT ---        21 22 ;
  INPUT ---        21 ;

  INPUT ---    group=2 F    rows=6 cols=6 Triang ;
  INPUT ---        21 22 23 24 25 26 ;
  INPUT ---        21 22 23 24 25 ;
  INPUT ---        21 22 23 24 ;
  INPUT ---        21 22 23 ;
  INPUT ---        21 22 ;
  INPUT ---        21 ;

  INPUT ---    group=3 F    rows=6 cols=6 Triang ;
  INPUT ---        21 22 23 24 25 26 ;
  INPUT ---        21 22 23 24 25 ;
  INPUT ---        21 22 23 24 ;
  INPUT ---        21 22 23 ;

  Program  MARK  - Survival Rate Estimation with Capture-Recapture Data
   gfortran(Win64) Vers. 8.0 Jun 2014   31-Jan-2015 13:38:04    Page  006
 - - - - - - - - - - - - - - - - - - - - - - - - - - - - - - - - - - - - - -
 
  INPUT ---        21 22 ;
  INPUT ---        21 ;

  INPUT ---    group=4 F    rows=6 cols=6 Triang ;
  INPUT ---        21 22 23 24 25 26 ;
  INPUT ---        21 22 23 24 25 ;
  INPUT ---        21 22 23 24 ;
  INPUT ---        21 22 23 ;
  INPUT ---        21 22 ;
  INPUT ---        21 ;

  INPUT ---    group=5 F    rows=6 cols=6 Triang ;
  INPUT ---        21 22 23 24 25 26 ;
  INPUT ---        21 22 23 24 25 ;
  INPUT ---        21 22 23 24 ;
  INPUT ---        21 22 23 ;
  INPUT ---        21 22 ;
  INPUT ---        21 ;

  INPUT ---    group=6 F    rows=6 cols=6 Triang ;
  INPUT ---        21 22 23 24 25 26 ;
  INPUT ---        21 22 23 24 25 ;
  INPUT ---        21 22 23 24 ;
  INPUT ---        21 22 23 ;
  INPUT ---        21 22 ;
  INPUT ---        21 ;

  INPUT ---    design matrix constraints=26 covariates=21;
  INPUT ---        1 0 0 0 0 0 0 0 0 0 0 0 0 0 0 0 0 0 0 0 0;
  INPUT ---        1 1 0 0 0 0 0 0 0 0 0 0 0 0 0 0 0 0 0 0 0;
  INPUT ---        1 0 1 0 0 0 0 0 0 0 0 0 0 0 0 0 0 0 0 0 0;
  INPUT ---        1 0 0 1 0 0 0 0 0 0 0 0 0 0 0 0 0 0 0 0 0;
  INPUT ---        1 0 0 0 1 0 0 0 0 0 0 0 0 0 0 0 0 0 0 0 0;
  INPUT ---        1 0 0 0 0 1 0 0 0 0 0 0 0 0 0 0 0 0 0 0 0;
  INPUT ---        1 0 0 0 0 0 1 0 0 0 0 0 0 0 0 0 0 0 0 0 0;
  INPUT ---        0 0 0 0 0 0 0 1 0 0 0 0 0 0 0 0 0 0 0 0 0;
  INPUT ---        0 0 0 0 0 0 0 1 1 0 0 0 0 0 0 0 0 0 0 0 0;
  INPUT ---        0 0 0 0 0 0 0 1 0 1 0 0 0 0 0 0 0 0 0 0 0;
  INPUT ---        0 0 0 0 0 0 0 1 0 0 1 0 0 0 0 0 0 0 0 0 0;
  INPUT ---        0 0 0 0 0 0 0 1 0 0 0 1 0 0 0 0 0 0 0 0 0;
  INPUT ---        0 0 0 0 0 0 0 1 0 0 0 0 1 0 0 0 0 0 0 0 0;
  INPUT ---        0 0 0 0 0 0 0 1 0 0 0 0 0 1 0 0 0 0 0 0 0;
  INPUT ---        0 0 0 0 0 0 0 1 1 0 0 0 0 1 0 0 0 0 0 0 0;
  INPUT ---        0 0 0 0 0 0 0 1 0 1 0 0 0 1 0 0 0 0 0 0 0;
  INPUT ---        0 0 0 0 0 0 0 1 0 0 1 0 0 1 0 0 0 0 0 0 0;
  INPUT ---        0 0 0 0 0 0 0 1 0 0 0 1 0 1 0 0 0 0 0 0 0;

  Program  MARK  - Survival Rate Estimation with Capture-Recapture Data
   gfortran(Win64) Vers. 8.0 Jun 2014   31-Jan-2015 13:38:04    Page  007
 - - - - - - - - - - - - - - - - - - - - - - - - - - - - - - - - - - - - - -
 
  INPUT ---        0 0 0 0 0 0 0 1 0 0 0 0 1 1 0 0 0 0 0 0 0;
  INPUT ---        0 0 0 0 0 0 0 0 0 0 0 0 0 0 1 0 0 0 0 0 0;
  INPUT ---        0 0 0 0 0 0 0 0 0 0 0 0 0 0 0 1 0 0 0 0 0;
  INPUT ---        0 0 0 0 0 0 0 0 0 0 0 0 0 0 0 1 1 0 0 0 0;
  INPUT ---        0 0 0 0 0 0 0 0 0 0 0 0 0 0 0 1 0 1 0 0 0;
  INPUT ---        0 0 0 0 0 0 0 0 0 0 0 0 0 0 0 1 0 0 1 0 0;
  INPUT ---        0 0 0 0 0 0 0 0 0 0 0 0 0 0 0 1 0 0 0 1 0;
  INPUT ---        0 0 0 0 0 0 0 0 0 0 0 0 0 0 0 1 0 0 0 0 1;

  INPUT ---    blabel(1)=S:(Intercept);

  INPUT ---    blabel(2)=S:time2006;

  INPUT ---    blabel(3)=S:time2007;

  INPUT ---    blabel(4)=S:time2008;

  INPUT ---    blabel(5)=S:time2009;

  INPUT ---    blabel(6)=S:time2010;

  INPUT ---    blabel(7)=S:time2011;

  INPUT ---    blabel(8)=p:(Intercept);

  INPUT ---    blabel(9)=p:age2;

  INPUT ---    blabel(10)=p:age3;

  INPUT ---    blabel(11)=p:age4;

  INPUT ---    blabel(12)=p:age5;

  INPUT ---    blabel(13)=p:age6;

  INPUT ---    blabel(14)=p:sex5;

  INPUT ---    blabel(15)=r:(Intercept);

  INPUT ---    blabel(16)=F:(Intercept);

  INPUT ---    blabel(17)=F:age1;

  INPUT ---    blabel(18)=F:age2;

  INPUT ---    blabel(19)=F:age3;

  Program  MARK  - Survival Rate Estimation with Capture-Recapture Data
   gfortran(Win64) Vers. 8.0 Jun 2014   31-Jan-2015 13:38:04    Page  008
 - - - - - - - - - - - - - - - - - - - - - - - - - - - - - - - - - - - - - -
 

  INPUT ---    blabel(20)=F:age4;

  INPUT ---    blabel(21)=F:age5;

  INPUT ---    rlabel(1)=S g41 c2005 c1 a0 t2005;

  INPUT ---    rlabel(2)=S g41 c2005 c1 a1 t2006;

  INPUT ---    rlabel(3)=S g41 c2005 c1 a2 t2007;

  INPUT ---    rlabel(4)=S g41 c2005 c1 a3 t2008;

  INPUT ---    rlabel(5)=S g41 c2005 c1 a4 t2009;

  INPUT ---    rlabel(6)=S g41 c2005 c1 a5 t2010;

  INPUT ---    rlabel(7)=S g41 c2005 c1 a6 t2011;

  INPUT ---    rlabel(8)=p g41 c2005 c1 a1 t2006;

  INPUT ---    rlabel(9)=p g41 c2005 c1 a2 t2007;

  INPUT ---    rlabel(10)=p g41 c2005 c1 a3 t2008;

  INPUT ---    rlabel(11)=p g41 c2005 c1 a4 t2009;

  INPUT ---    rlabel(12)=p g41 c2005 c1 a5 t2010;

  INPUT ---    rlabel(13)=p g41 c2005 c1 a6 t2011;

  INPUT ---    rlabel(14)=p g51 c2005 c1 a1 t2006;

  INPUT ---    rlabel(15)=p g51 c2005 c1 a2 t2007;

  INPUT ---    rlabel(16)=p g51 c2005 c1 a3 t2008;

  INPUT ---    rlabel(17)=p g51 c2005 c1 a4 t2009;

  INPUT ---    rlabel(18)=p g51 c2005 c1 a5 t2010;

  INPUT ---    rlabel(19)=p g51 c2005 c1 a6 t2011;

  INPUT ---    rlabel(20)=r g41 c2005 c1 a0 t2005;

  INPUT ---    rlabel(21)=F g41 c2005 c1 a0 t2005;

  Program  MARK  - Survival Rate Estimation with Capture-Recapture Data
   gfortran(Win64) Vers. 8.0 Jun 2014   31-Jan-2015 13:38:04    Page  009
 - - - - - - - - - - - - - - - - - - - - - - - - - - - - - - - - - - - - - -
 

  INPUT ---    rlabel(22)=F g41 c2005 c1 a1 t2006;

  INPUT ---    rlabel(23)=F g41 c2005 c1 a2 t2007;

  INPUT ---    rlabel(24)=F g41 c2005 c1 a3 t2008;

  INPUT ---    rlabel(25)=F g41 c2005 c1 a4 t2009;

  INPUT ---    rlabel(26)=F g41 c2005 c1 a5 t2010;

 Link Function Used is LOGIT        

 Variance Estimation Procedure Used is 2ndPart 

 M(t+1):



 -2logL(saturated) = 1739.8188     
 Effective Sample Size = 7075

 Number of function evaluations was 69 for 21 parameters.
 Time for numerical optimization was 1.76 seconds.
 -2logL { S(~time)p(~age + sex)r(~1)F(~age) } = 2656.2919     
 Penalty { S(~time)p(~age + sex)r(~1)F(~age) } = -0.0000000    
 Gradient { S(~time)p(~age + sex)r(~1)F(~age) }:
  0.7307868E-03 0.6262578E-04  0.000000     0.1390950E-04-0.4337848E-04
 -0.1561164E-05 0.3050961E-03-0.3439992E-03 0.1646871E-03-0.2698911E-03
 -0.1076938E-03  0.000000      0.000000    -0.2532118E-03-0.3985591E-02
 -0.1967548E-03-0.1921126E-03  0.000000    -0.3387024E-06-0.2391565E-05
   0.000000    
 S Vector { S(~time)p(~age + sex)r(~1)F(~age) }:
   286.3405      21.48323      7.877726      2.143450      1.628353    
   1.487830     0.5351478     0.2683576     0.2375481     0.2178156E-01
  0.1955718E-03 0.1533935E-03 0.2084218E-04 0.7051413E-06 0.4294791E-07
  0.3715027E-07 0.3477643E-07 0.1808883E-07 0.6601813E-08 0.2675421E-08
  0.6615939E-09
 Time to compute number of parameters was 0.70 seconds.
   Threshold =  0.4400000E-06     Condition index =  0.2310514E-11     New Threshold =  0.3031804E-08
 New Guessimate of Estimated Parameters { S(~time)p(~age + sex)r(~1)F(~age) } = 13          
 Conditioned S Vector { S(~time)p(~age + sex)r(~1)F(~age) }:
   1.000000     0.7502688E-01 0.2751174E-01 0.7485668E-02 0.5686771E-02
  0.5196018E-02 0.1868921E-02 0.9371973E-03 0.8296001E-03 0.7606873E-04
  0.6830044E-06 0.5357029E-06 0.7278809E-07 0.2462597E-08 0.1499889E-09
  0.1297416E-09 0.1214513E-09 0.6317244E-10 0.2305581E-10 0.9343493E-11
  0.2310514E-11
 Number of Estimated Parameters { S(~time)p(~age + sex)r(~1)F(~age) } = 12          
 DEVIANCE { S(~time)p(~age + sex)r(~1)F(~age) } = 916.47312                     
 DEVIANCE Degrees of Freedom { S(~time)p(~age + sex)r(~1)F(~age) } = 3            
 c-hat { S(~time)p(~age + sex)r(~1)F(~age) } = 305.49104                     
 AIC { S(~time)p(~age + sex)r(~1)F(~age) } = 2680.2919                  
 AICc { S(~time)p(~age + sex)r(~1)F(~age) } = 2680.3361                    
 BIC { S(~time)p(~age + sex)r(~1)F(~age) } = 2762.6637                    
 Pearson Chisquare { S(~time)p(~age + sex)r(~1)F(~age) } = Not a Number               
 Possible Encounter Histories { S(~time)p(~age + sex)r(~1)F(~age) } = 896             
 Pearson Chisquare df { S(~time)p(~age + sex)r(~1)F(~age) } = 848        
 Pearson chat { S(~time)p(~age + sex)r(~1)F(~age) } = Not a Number               
 Sum(Observed/Expected) { S(~time)p(~age + sex)r(~1)F(~age) } = Not a Number               
 Fletcher chat { S(~time)p(~age + sex)r(~1)F(~age) } = Not a Number               

  Program  MARK  - Survival Rate Estimation with Capture-Recapture Data
   gfortran(Win64) Vers. 8.0 Jun 2014   31-Jan-2015 13:38:05    Page  010
 - - - - - - - - - - - - - - - - - - - - - - - - - - - - - - - - - - - - - -
 


            LOGIT Link Function Parameters of { S(~time)p(~age + sex)r(~1)F(~age) }
                                                              95% Confidence Interval
 Parameter                    Beta         Standard Error      Lower           Upper
 -------------------------  --------------  --------------  --------------  --------------
    1:S:(Intercept)         0.9912669       3.1553701       -5.1932585      7.1757924     
    2:S:time2006            -1.9045379      3.8522164       -9.4548821      5.6458064     
    3:S:time2007            -0.8436642      3.6324528       -7.9632718      6.2759435     
    4:S:time2008            -5.5386586      3.6518100       -12.696206      1.6188892     
    5:S:time2009            10.531572       219.30166       -419.29969      440.36283     
    6:S:time2010            28.128745       0.0000000       28.128745       28.128745     
    7:S:time2011            -14.799356      80.733214       -173.03646      143.43775     
    8:p:(Intercept)         -5.8741043      0.4864082       -6.8274643      -4.9207442    
    9:p:age2                -0.1045121      0.8404877       -1.7518680      1.5428438     
   10:p:age3                1.6958863       1.3138683       -0.8792956      4.2710682     
   11:p:age4                5.3338910       1.7842662       1.8367291       8.8310529     
   12:p:age5                -20.458832      5180.7582       -10174.745      10133.827     
   13:p:age6                129.89783       448.18363       -748.54210      1008.3378     
   14:p:sex5                -1.1551006      0.7378932       -2.6013714      0.2911702     
   15:r:(Intercept)         -3.1189326      0.0590961       -3.2347609      -3.0031043    
   16:F:(Intercept)         13.560803       849.88797       -1652.2197      1679.3413     
   17:F:age1                -5.8645527      844.81913       -1661.7101      1649.9810     
   18:F:age2                39.979286       0.0000000       39.979286       39.979286     
   19:F:age3                133.26165       0.0000000       133.26165       133.26165     
   20:F:age4                18.014632       4757.3882       -9306.4664      9342.4957     
   21:F:age5                19.808554       5349.6489       -10465.503      10505.121     


            Real Function Parameters of { S(~time)p(~age + sex)r(~1)F(~age) }
                                                               95% Confidence Interval
  Parameter                  Estimate       Standard Error      Lower           Upper
 --------------------------  --------------  --------------  --------------  --------------
     1:S g41 c2005 c1 a0 t2  0.7293381       0.6228828       0.0055232       0.9992357                           
     2:S g41 c2005 c1 a1 t2  0.2863310       0.2603707       0.0319645       0.8297844                           
     3:S g41 c2005 c1 a2 t2  0.5368338       0.4710203       0.0275090       0.9793778                           
     4:S g41 c2005 c1 a3 t2  0.0104837       0.0125951       0.9799071E-003  0.1026878                           
     5:S g41 c2005 c1 a4 t2  0.9999901       0.0021711       0.2232593E-181  1.0000000                           
     6:S g41 c2005 c1 a5 t2  1.0000000       0.0000000       1.0000000       1.0000000                           
     7:S g41 c2005 c1 a6 t2  0.1007448E-005  0.8127295E-004  0.2156219E-074  1.0000000                           
     8:p g41 c2005 c1 a1 t2  0.0028034       0.0013598       0.0010824       0.0072409                           
     9:p g41 c2005 c1 a2 t2  0.0025259       0.0019008       0.5768718E-003  0.0109878                           
    10:p g41 c2005 c1 a3 t2  0.0150945       0.0202914       0.0010547       0.1819765                           
    11:p g41 c2005 c1 a4 t2  0.3681380       0.4125721       0.0176960       0.9496040                           
    12:p g41 c2005 c1 a5 t2  0.3662277E-011  0.1897337E-007  -.3718415E-007  0.3719147E-007                      
    13:p g41 c2005 c1 a6 t2  1.0000000       0.0000000       1.0000000       1.0000000                           

  Program  MARK  - Survival Rate Estimation with Capture-Recapture Data
   gfortran(Win64) Vers. 8.0 Jun 2014   31-Jan-2015 13:38:05    Page  011
 - - - - - - - - - - - - - - - - - - - - - - - - - - - - - - - - - - - - - -
 
    14:p g51 c2005 c1 a1 t2  0.8848520E-003  0.6340977E-003  0.2170831E-003  0.0035993                           
    15:p g51 c2005 c1 a2 t2  0.7971128E-003  0.7362461E-003  0.1303056E-003  0.0048596                           
    16:p g51 c2005 c1 a3 t2  0.0048048       0.0069837       0.2757065E-003  0.0779351                           
    17:p g51 c2005 c1 a4 t2  0.1550783       0.2141356       0.0074028       0.8187405                           
    18:p g51 c2005 c1 a5 t2  0.1153712E-011  0.5977102E-008  -.1171397E-007  0.1171627E-007                      
    19:p g51 c2005 c1 a6 t2  1.0000000       0.0000000       1.0000000       1.0000000                           
    20:r g41 c2005 c1 a0 t2  0.0423330       0.0023958       0.0378784       0.0472858                           
    21:F g41 c2005 c1 a0 t2  0.9999987       0.0010964       0.7642664E-298  1.0000000                           
    22:F g41 c2005 c1 a1 t2  0.9995457       0.0459866       0.1388947E-082  1.0000000                           
    23:F g41 c2005 c1 a2 t2  1.0000000       0.0000000       1.0000000       1.0000000                           
    24:F g41 c2005 c1 a3 t2  1.0000000       0.0000000       1.0000000       1.0000000                           
    25:F g41 c2005 c1 a4 t2  1.0000000       0.9334511E-010  1.0000000       1.0000000                           
    26:F g41 c2005 c1 a5 t2  1.0000000       0.1829474E-010  1.0000000       1.0000000                           

 Attempted ordering of parameters by estimatibility:
  15  1  8 14  9  4 10 11  3  2  7 17  5 16 20 12 21  6 18 19 13
 Beta number 13 is a singular value.

     CPU Time in seconds for last procedure was 2.50


  INPUT --- proc stop;

     CPU Time in minutes for this job was 0.04

     Time Start = 13:38:04.462   Time End = 13:38:05.042

     Wall Clock Time in minutes for this job was 0.01


          E X E C U T I O N   S U C C E S S F U L 
