
   Program  MARK  - Survival Rate Estimation with Capture-Recapture Data
   gfortran(Win64) Vers. 8.0 Jun 2014   21-Jan-2015 17:34:11    Page  001
 - - - - - - - - - - - - - - - - - - - - - - - - - - - - - - - - - - - - - -
 
   This version was compiled by GCC version 4.8.1 using the options 
   -m64 -mtune=generic -march=x86-64 -mthreads -O2 -fimplicit-none -fbounds-check -funroll-loops -ftree-vectorize -fopenmp.
   This problem will use 3 of 4 possible threads.


  INPUT --- proc title ;

     CPU Time in seconds for last procedure was 0.00


  INPUT --- proc chmatrix occasions= 7 groups= 2 etype= Live ICMeans 
  INPUT --- NoHist hist= 55 ;

  INPUT ---    time  interval 1 1 1 1 1 1 ;

  INPUT ---    glabel(1)=sexFemale;

  INPUT ---    glabel(2)=sexMale;

   * *  WARNING  * *   At least a pair of the encounter histories are duplicates. 

      Number of unique encounter histories read was 32.

      Number of individual covariates read was 0.
      Time interval lengths are all equal to 1.

      Data type number is 1
      Data type is Live Recaptures (CJS)                                                                               

     CPU Time in seconds for last procedure was 0.00

  Program  MARK  - Survival Rate Estimation with Capture-Recapture Data
   gfortran(Win64) Vers. 8.0 Jun 2014   21-Jan-2015 17:34:11    Page  002
 - - - - - - - - - - - - - - - - - - - - - - - - - - - - - - - - - - - - - -
 


  INPUT --- proc estimate link=Logit NOLOOP varest=2ndPart    ;


  INPUT --- model={ Phi(~time)p(~sex) };

  INPUT ---    group=1 Phi    rows=6 cols=6 Triang ;
  INPUT ---        1 2 3 4 5 6 ;
  INPUT ---        2 3 4 5 6 ;
  INPUT ---        3 4 5 6 ;
  INPUT ---        4 5 6 ;
  INPUT ---        5 6 ;
  INPUT ---        6 ;

  INPUT ---    group=2 Phi    rows=6 cols=6 Triang ;
  INPUT ---        1 2 3 4 5 6 ;
  INPUT ---        2 3 4 5 6 ;
  INPUT ---        3 4 5 6 ;
  INPUT ---        4 5 6 ;
  INPUT ---        5 6 ;
  INPUT ---        6 ;

  INPUT ---    group=1 p    rows=6 cols=6 Triang ;
  INPUT ---        7 7 7 7 7 7 ;
  INPUT ---        7 7 7 7 7 ;
  INPUT ---        7 7 7 7 ;
  INPUT ---        7 7 7 ;
  INPUT ---        7 7 ;
  INPUT ---        7 ;

  INPUT ---    group=2 p    rows=6 cols=6 Triang ;
  INPUT ---        8 8 8 8 8 8 ;
  INPUT ---        8 8 8 8 8 ;
  INPUT ---        8 8 8 8 ;
  INPUT ---        8 8 8 ;
  INPUT ---        8 8 ;
  INPUT ---        8 ;

  INPUT ---    design matrix constraints=8 covariates=8;
  INPUT ---        1 0 0 0 0 0 0 0;
  INPUT ---        1 1 0 0 0 0 0 0;
  INPUT ---        1 0 1 0 0 0 0 0;
  INPUT ---        1 0 0 1 0 0 0 0;
  INPUT ---        1 0 0 0 1 0 0 0;
  INPUT ---        1 0 0 0 0 1 0 0;

  Program  MARK  - Survival Rate Estimation with Capture-Recapture Data
   gfortran(Win64) Vers. 8.0 Jun 2014   21-Jan-2015 17:34:11    Page  003
 - - - - - - - - - - - - - - - - - - - - - - - - - - - - - - - - - - - - - -
 
  INPUT ---        0 0 0 0 0 0 1 0;
  INPUT ---        0 0 0 0 0 0 1 1;

  INPUT ---    blabel(1)=Phi:(Intercept);

  INPUT ---    blabel(2)=Phi:time2;

  INPUT ---    blabel(3)=Phi:time3;

  INPUT ---    blabel(4)=Phi:time4;

  INPUT ---    blabel(5)=Phi:time5;

  INPUT ---    blabel(6)=Phi:time6;

  INPUT ---    blabel(7)=p:(Intercept);

  INPUT ---    blabel(8)=p:sexMale;

  INPUT ---    rlabel(1)=Phi gFemale c1 c1 a0 t1;

  INPUT ---    rlabel(2)=Phi gFemale c1 c1 a1 t2;

  INPUT ---    rlabel(3)=Phi gFemale c1 c1 a2 t3;

  INPUT ---    rlabel(4)=Phi gFemale c1 c1 a3 t4;

  INPUT ---    rlabel(5)=Phi gFemale c1 c1 a4 t5;

  INPUT ---    rlabel(6)=Phi gFemale c1 c1 a5 t6;

  INPUT ---    rlabel(7)=p gFemale c1 c1 a1 t2;

  INPUT ---    rlabel(8)=p gMale c1 c1 a1 t2;

 Link Function Used is LOGIT        

 Variance Estimation Procedure Used is 2ndPart 
 -2logL(saturated) = 582.47711     
 Effective Sample Size = 426

 Number of function evaluations was 23 for 8 parameters.
 Time for numerical optimization was 0.02 seconds.

  Program  MARK  - Survival Rate Estimation with Capture-Recapture Data
   gfortran(Win64) Vers. 8.0 Jun 2014   21-Jan-2015 17:34:11    Page  004
 - - - - - - - - - - - - - - - - - - - - - - - - - - - - - - - - - - - - - -
 
 -2logL { Phi(~time)p(~sex) } = 659.15831     
 Penalty { Phi(~time)p(~sex) } = -0.0000000    
 Gradient { Phi(~time)p(~sex) }:
  0.1505584E-04  0.000000      0.000000     0.1133984E-04  0.000000    
  0.9745889E-05  0.000000      0.000000    
 S Vector { Phi(~time)p(~sex) }:
   119.8517      19.60405      18.47610      16.42602      14.50481    
   10.73832      2.032146     0.7140134    
 Time to compute number of parameters was 0.03 seconds.
   Threshold =  0.1800000E-06     Condition index =  0.5957474E-02     New Threshold =   2.019535    
 New Guessimate of Estimated Parameters { Phi(~time)p(~sex) } = 1          
 Conditioned S Vector { Phi(~time)p(~sex) }:
   1.000000     0.1635692     0.1541580     0.1370529     0.1210230    
  0.8959676E-01 0.1695550E-01 0.5957474E-02
 Number of Estimated Parameters { Phi(~time)p(~sex) } = 8          
 DEVIANCE { Phi(~time)p(~sex) } = 76.681197                     
 DEVIANCE Degrees of Freedom { Phi(~time)p(~sex) } = 33            
 c-hat { Phi(~time)p(~sex) } = 2.3236726                     
 AIC { Phi(~time)p(~sex) } = 675.15831                  
 AICc { Phi(~time)p(~sex) } = 675.50363                    
 BIC { Phi(~time)p(~sex) } = 707.59382                    
 Pearson Chisquare { Phi(~time)p(~sex) } = 169.09894                  
 Possible Encounter Histories { Phi(~time)p(~sex) } = 252             
 Pearson Chisquare df { Phi(~time)p(~sex) } = 232        
 Pearson chat { Phi(~time)p(~sex) } = 0.7288747                  
 Sum(Observed/Expected) { Phi(~time)p(~sex) } = 200.75630                  
 Fletcher chat { Phi(~time)p(~sex) } = 0.9149224                  


                    LOGIT Link Function Parameters of { Phi(~time)p(~sex) }
                                                              95% Confidence Interval
 Parameter                    Beta         Standard Error      Lower           Upper
 -------------------------  --------------  --------------  --------------  --------------
    1:Phi:(Intercept)       0.5102021       0.4752573       -0.4213022      1.4417064     
    2:Phi:time2             -0.6899815      0.5524486       -1.7727808      0.3928177     
    3:Phi:time3             -0.5958171      0.5288608       -1.6323842      0.4407501     
    4:Phi:time4             -0.0025436      0.5321615       -1.0455801      1.0404929     
    5:Phi:time5             -0.0737886      0.5261814       -1.1051043      0.9575270     
    6:Phi:time6             -0.1665107      0.5258770       -1.1972296      0.8642082     
    7:p:(Intercept)         2.0021458       0.4147928       1.1891519       2.8151398     
    8:p:sexMale             0.4783794       0.6400180       -0.7760559      1.7328148     


                    Real Function Parameters of { Phi(~time)p(~sex) }
                                                               95% Confidence Interval
  Parameter                  Estimate       Standard Error      Lower           Upper
 --------------------------  --------------  --------------  --------------  --------------
     1:Phi gFemale c1 c1 a0  0.6248538       0.1114058       0.3962052       0.8087188                           
     2:Phi gFemale c1 c1 a1  0.4551758       0.0667781       0.3301379       0.5861331                           
     3:Phi gFemale c1 c1 a2  0.4786093       0.0585101       0.3669845       0.5924120                           
     4:Phi gFemale c1 c1 a3  0.6242574       0.0570311       0.5077751       0.7279436                           
     5:Phi gFemale c1 c1 a4  0.6074041       0.0547420       0.4966187       0.7081368                           
     6:Phi gFemale c1 c1 a5  0.5850869       0.0574347       0.4700295       0.6915570                           
     7:p gFemale c1 c1 a1 t  0.8810222       0.0434794       0.7665893       0.9434885                           
     8:p gMale c1 c1 a1 t2   0.9227652       0.0361568       0.8155026       0.9699646                           

     CPU Time in seconds for last procedure was 0.05

  Program  MARK  - Survival Rate Estimation with Capture-Recapture Data
   gfortran(Win64) Vers. 8.0 Jun 2014   21-Jan-2015 17:34:11    Page  005
 - - - - - - - - - - - - - - - - - - - - - - - - - - - - - - - - - - - - - -
 


  INPUT --- proc stop;

     CPU Time in minutes for this job was 0.00

     Time Start = 17:34:11.180   Time End = 17:34:11.217

     Wall Clock Time in minutes for this job was 0.00


          E X E C U T I O N   S U C C E S S F U L 
