
   Program  MARK  - Survival Rate Estimation with Capture-Recapture Data
   gfortran(Win64) Vers. 8.0 Jun 2014   25-Jan-2015 15:11:38    Page  001
 - - - - - - - - - - - - - - - - - - - - - - - - - - - - - - - - - - - - - -
 
   This version was compiled by GCC version 4.8.1 using the options 
   -m64 -mtune=generic -march=x86-64 -mthreads -O2 -fimplicit-none -fbounds-check -funroll-loops -ftree-vectorize -fopenmp.
   This problem will use 7 of 8 possible threads.


  INPUT --- proc title ;

     CPU Time in seconds for last procedure was 0.00


  INPUT --- proc chmatrix occasions= 7 groups= 6 etype= Both ICMeans 
  INPUT --- NoHist hist= 51 ;

  INPUT ---    time  interval 1 1 1 1 1 1 1 ;

  INPUT ---    glabel(1)=sex4.age1;

  INPUT ---    glabel(2)=sex5.age1;

  INPUT ---    glabel(3)=sex4.age2;

  INPUT ---    glabel(4)=sex5.age2;

  INPUT ---    glabel(5)=sex4.age4;

  INPUT ---    glabel(6)=sex5.age4;

   * *  WARNING  * *   At least a pair of the encounter histories are duplicates. 

      Number of unique encounter histories read was 17.

      Number of individual covariates read was 0.
      Time interval lengths are all equal to 1.

      Data type number is 3
      Data type is Joint Live and Dead Encounters (Burnham)                                                            

     CPU Time in seconds for last procedure was 0.00

  Program  MARK  - Survival Rate Estimation with Capture-Recapture Data
   gfortran(Win64) Vers. 8.0 Jun 2014   25-Jan-2015 15:11:38    Page  002
 - - - - - - - - - - - - - - - - - - - - - - - - - - - - - - - - - - - - - -
 


  INPUT --- proc estimate link=Logit NOLOOP varest=2ndPart    ;


  INPUT --- model={ S(~age)p(~sex)r(~age + sex)F(~1) };

  INPUT ---    group=1 S    rows=7 cols=7 Triang ;
  INPUT ---        1 2 3 4 5 6 7 ;
  INPUT ---        1 2 3 4 5 6 ;
  INPUT ---        1 2 3 4 5 ;
  INPUT ---        1 2 3 4 ;
  INPUT ---        1 2 3 ;
  INPUT ---        1 2 ;
  INPUT ---        1 ;

  INPUT ---    group=2 S    rows=7 cols=7 Triang ;
  INPUT ---        1 2 3 4 5 6 7 ;
  INPUT ---        1 2 3 4 5 6 ;
  INPUT ---        1 2 3 4 5 ;
  INPUT ---        1 2 3 4 ;
  INPUT ---        1 2 3 ;
  INPUT ---        1 2 ;
  INPUT ---        1 ;

  INPUT ---    group=3 S    rows=7 cols=7 Triang ;
  INPUT ---        1 2 3 4 5 6 7 ;
  INPUT ---        1 2 3 4 5 6 ;
  INPUT ---        1 2 3 4 5 ;
  INPUT ---        1 2 3 4 ;
  INPUT ---        1 2 3 ;
  INPUT ---        1 2 ;
  INPUT ---        1 ;

  INPUT ---    group=4 S    rows=7 cols=7 Triang ;
  INPUT ---        1 2 3 4 5 6 7 ;
  INPUT ---        1 2 3 4 5 6 ;
  INPUT ---        1 2 3 4 5 ;
  INPUT ---        1 2 3 4 ;
  INPUT ---        1 2 3 ;
  INPUT ---        1 2 ;
  INPUT ---        1 ;

  INPUT ---    group=5 S    rows=7 cols=7 Triang ;
  INPUT ---        1 2 3 4 5 6 7 ;
  INPUT ---        1 2 3 4 5 6 ;

  Program  MARK  - Survival Rate Estimation with Capture-Recapture Data
   gfortran(Win64) Vers. 8.0 Jun 2014   25-Jan-2015 15:11:38    Page  003
 - - - - - - - - - - - - - - - - - - - - - - - - - - - - - - - - - - - - - -
 
  INPUT ---        1 2 3 4 5 ;
  INPUT ---        1 2 3 4 ;
  INPUT ---        1 2 3 ;
  INPUT ---        1 2 ;
  INPUT ---        1 ;

  INPUT ---    group=6 S    rows=7 cols=7 Triang ;
  INPUT ---        1 2 3 4 5 6 7 ;
  INPUT ---        1 2 3 4 5 6 ;
  INPUT ---        1 2 3 4 5 ;
  INPUT ---        1 2 3 4 ;
  INPUT ---        1 2 3 ;
  INPUT ---        1 2 ;
  INPUT ---        1 ;

  INPUT ---    group=1 p    rows=6 cols=6 Triang ;
  INPUT ---        8 8 8 8 8 8 ;
  INPUT ---        8 8 8 8 8 ;
  INPUT ---        8 8 8 8 ;
  INPUT ---        8 8 8 ;
  INPUT ---        8 8 ;
  INPUT ---        8 ;

  INPUT ---    group=2 p    rows=6 cols=6 Triang ;
  INPUT ---        9 9 9 9 9 9 ;
  INPUT ---        9 9 9 9 9 ;
  INPUT ---        9 9 9 9 ;
  INPUT ---        9 9 9 ;
  INPUT ---        9 9 ;
  INPUT ---        9 ;

  INPUT ---    group=3 p    rows=6 cols=6 Triang ;
  INPUT ---        8 8 8 8 8 8 ;
  INPUT ---        8 8 8 8 8 ;
  INPUT ---        8 8 8 8 ;
  INPUT ---        8 8 8 ;
  INPUT ---        8 8 ;
  INPUT ---        8 ;

  INPUT ---    group=4 p    rows=6 cols=6 Triang ;
  INPUT ---        9 9 9 9 9 9 ;
  INPUT ---        9 9 9 9 9 ;
  INPUT ---        9 9 9 9 ;
  INPUT ---        9 9 9 ;
  INPUT ---        9 9 ;
  INPUT ---        9 ;

  Program  MARK  - Survival Rate Estimation with Capture-Recapture Data
   gfortran(Win64) Vers. 8.0 Jun 2014   25-Jan-2015 15:11:38    Page  004
 - - - - - - - - - - - - - - - - - - - - - - - - - - - - - - - - - - - - - -
 

  INPUT ---    group=5 p    rows=6 cols=6 Triang ;
  INPUT ---        8 8 8 8 8 8 ;
  INPUT ---        8 8 8 8 8 ;
  INPUT ---        8 8 8 8 ;
  INPUT ---        8 8 8 ;
  INPUT ---        8 8 ;
  INPUT ---        8 ;

  INPUT ---    group=6 p    rows=6 cols=6 Triang ;
  INPUT ---        9 9 9 9 9 9 ;
  INPUT ---        9 9 9 9 9 ;
  INPUT ---        9 9 9 9 ;
  INPUT ---        9 9 9 ;
  INPUT ---        9 9 ;
  INPUT ---        9 ;

  INPUT ---    group=1 r    rows=7 cols=7 Triang ;
  INPUT ---        10 11 12 13 14 15 16 ;
  INPUT ---        10 11 12 13 14 15 ;
  INPUT ---        10 11 12 13 14 ;
  INPUT ---        10 11 12 13 ;
  INPUT ---        10 11 12 ;
  INPUT ---        10 11 ;
  INPUT ---        10 ;

  INPUT ---    group=2 r    rows=7 cols=7 Triang ;
  INPUT ---        17 18 19 20 21 22 23 ;
  INPUT ---        17 18 19 20 21 22 ;
  INPUT ---        17 18 19 20 21 ;
  INPUT ---        17 18 19 20 ;
  INPUT ---        17 18 19 ;
  INPUT ---        17 18 ;
  INPUT ---        17 ;

  INPUT ---    group=3 r    rows=7 cols=7 Triang ;
  INPUT ---        10 11 12 13 14 15 16 ;
  INPUT ---        10 11 12 13 14 15 ;
  INPUT ---        10 11 12 13 14 ;
  INPUT ---        10 11 12 13 ;
  INPUT ---        10 11 12 ;
  INPUT ---        10 11 ;
  INPUT ---        10 ;

  INPUT ---    group=4 r    rows=7 cols=7 Triang ;
  INPUT ---        17 18 19 20 21 22 23 ;

  Program  MARK  - Survival Rate Estimation with Capture-Recapture Data
   gfortran(Win64) Vers. 8.0 Jun 2014   25-Jan-2015 15:11:38    Page  005
 - - - - - - - - - - - - - - - - - - - - - - - - - - - - - - - - - - - - - -
 
  INPUT ---        17 18 19 20 21 22 ;
  INPUT ---        17 18 19 20 21 ;
  INPUT ---        17 18 19 20 ;
  INPUT ---        17 18 19 ;
  INPUT ---        17 18 ;
  INPUT ---        17 ;

  INPUT ---    group=5 r    rows=7 cols=7 Triang ;
  INPUT ---        10 11 12 13 14 15 16 ;
  INPUT ---        10 11 12 13 14 15 ;
  INPUT ---        10 11 12 13 14 ;
  INPUT ---        10 11 12 13 ;
  INPUT ---        10 11 12 ;
  INPUT ---        10 11 ;
  INPUT ---        10 ;

  INPUT ---    group=6 r    rows=7 cols=7 Triang ;
  INPUT ---        17 18 19 20 21 22 23 ;
  INPUT ---        17 18 19 20 21 22 ;
  INPUT ---        17 18 19 20 21 ;
  INPUT ---        17 18 19 20 ;
  INPUT ---        17 18 19 ;
  INPUT ---        17 18 ;
  INPUT ---        17 ;

  INPUT ---    group=1 F    rows=6 cols=6 Triang ;
  INPUT ---        24 24 24 24 24 24 ;
  INPUT ---        24 24 24 24 24 ;
  INPUT ---        24 24 24 24 ;
  INPUT ---        24 24 24 ;
  INPUT ---        24 24 ;
  INPUT ---        24 ;

  INPUT ---    group=2 F    rows=6 cols=6 Triang ;
  INPUT ---        24 24 24 24 24 24 ;
  INPUT ---        24 24 24 24 24 ;
  INPUT ---        24 24 24 24 ;
  INPUT ---        24 24 24 ;
  INPUT ---        24 24 ;
  INPUT ---        24 ;

  INPUT ---    group=3 F    rows=6 cols=6 Triang ;
  INPUT ---        24 24 24 24 24 24 ;
  INPUT ---        24 24 24 24 24 ;
  INPUT ---        24 24 24 24 ;
  INPUT ---        24 24 24 ;

  Program  MARK  - Survival Rate Estimation with Capture-Recapture Data
   gfortran(Win64) Vers. 8.0 Jun 2014   25-Jan-2015 15:11:38    Page  006
 - - - - - - - - - - - - - - - - - - - - - - - - - - - - - - - - - - - - - -
 
  INPUT ---        24 24 ;
  INPUT ---        24 ;

  INPUT ---    group=4 F    rows=6 cols=6 Triang ;
  INPUT ---        24 24 24 24 24 24 ;
  INPUT ---        24 24 24 24 24 ;
  INPUT ---        24 24 24 24 ;
  INPUT ---        24 24 24 ;
  INPUT ---        24 24 ;
  INPUT ---        24 ;

  INPUT ---    group=5 F    rows=6 cols=6 Triang ;
  INPUT ---        24 24 24 24 24 24 ;
  INPUT ---        24 24 24 24 24 ;
  INPUT ---        24 24 24 24 ;
  INPUT ---        24 24 24 ;
  INPUT ---        24 24 ;
  INPUT ---        24 ;

  INPUT ---    group=6 F    rows=6 cols=6 Triang ;
  INPUT ---        24 24 24 24 24 24 ;
  INPUT ---        24 24 24 24 24 ;
  INPUT ---        24 24 24 24 ;
  INPUT ---        24 24 24 ;
  INPUT ---        24 24 ;
  INPUT ---        24 ;

  INPUT ---    design matrix constraints=24 covariates=18;
  INPUT ---        1 0 0 0 0 0 0 0 0 0 0 0 0 0 0 0 0 0;
  INPUT ---        1 1 0 0 0 0 0 0 0 0 0 0 0 0 0 0 0 0;
  INPUT ---        1 0 1 0 0 0 0 0 0 0 0 0 0 0 0 0 0 0;
  INPUT ---        1 0 0 1 0 0 0 0 0 0 0 0 0 0 0 0 0 0;
  INPUT ---        1 0 0 0 1 0 0 0 0 0 0 0 0 0 0 0 0 0;
  INPUT ---        1 0 0 0 0 1 0 0 0 0 0 0 0 0 0 0 0 0;
  INPUT ---        1 0 0 0 0 0 1 0 0 0 0 0 0 0 0 0 0 0;
  INPUT ---        0 0 0 0 0 0 0 1 0 0 0 0 0 0 0 0 0 0;
  INPUT ---        0 0 0 0 0 0 0 1 1 0 0 0 0 0 0 0 0 0;
  INPUT ---        0 0 0 0 0 0 0 0 0 1 0 0 0 0 0 0 0 0;
  INPUT ---        0 0 0 0 0 0 0 0 0 1 1 0 0 0 0 0 0 0;
  INPUT ---        0 0 0 0 0 0 0 0 0 1 0 1 0 0 0 0 0 0;
  INPUT ---        0 0 0 0 0 0 0 0 0 1 0 0 1 0 0 0 0 0;
  INPUT ---        0 0 0 0 0 0 0 0 0 1 0 0 0 1 0 0 0 0;
  INPUT ---        0 0 0 0 0 0 0 0 0 1 0 0 0 0 1 0 0 0;
  INPUT ---        0 0 0 0 0 0 0 0 0 1 0 0 0 0 0 1 0 0;
  INPUT ---        0 0 0 0 0 0 0 0 0 1 0 0 0 0 0 0 1 0;
  INPUT ---        0 0 0 0 0 0 0 0 0 1 1 0 0 0 0 0 1 0;

  Program  MARK  - Survival Rate Estimation with Capture-Recapture Data
   gfortran(Win64) Vers. 8.0 Jun 2014   25-Jan-2015 15:11:38    Page  007
 - - - - - - - - - - - - - - - - - - - - - - - - - - - - - - - - - - - - - -
 
  INPUT ---        0 0 0 0 0 0 0 0 0 1 0 1 0 0 0 0 1 0;
  INPUT ---        0 0 0 0 0 0 0 0 0 1 0 0 1 0 0 0 1 0;
  INPUT ---        0 0 0 0 0 0 0 0 0 1 0 0 0 1 0 0 1 0;
  INPUT ---        0 0 0 0 0 0 0 0 0 1 0 0 0 0 1 0 1 0;
  INPUT ---        0 0 0 0 0 0 0 0 0 1 0 0 0 0 0 1 1 0;
  INPUT ---        0 0 0 0 0 0 0 0 0 0 0 0 0 0 0 0 0 1;

  INPUT ---    blabel(1)=S:(Intercept);

  INPUT ---    blabel(2)=S:age1;

  INPUT ---    blabel(3)=S:age2;

  INPUT ---    blabel(4)=S:age3;

  INPUT ---    blabel(5)=S:age4;

  INPUT ---    blabel(6)=S:age5;

  INPUT ---    blabel(7)=S:age6;

  INPUT ---    blabel(8)=p:(Intercept);

  INPUT ---    blabel(9)=p:sex5;

  INPUT ---    blabel(10)=r:(Intercept);

  INPUT ---    blabel(11)=r:age1;

  INPUT ---    blabel(12)=r:age2;

  INPUT ---    blabel(13)=r:age3;

  INPUT ---    blabel(14)=r:age4;

  INPUT ---    blabel(15)=r:age5;

  INPUT ---    blabel(16)=r:age6;

  INPUT ---    blabel(17)=r:sex5;

  INPUT ---    blabel(18)=F:(Intercept);

  INPUT ---    rlabel(1)=S g41 c2005 c1 a0 t2005;

  INPUT ---    rlabel(2)=S g41 c2005 c1 a1 t2006;

  Program  MARK  - Survival Rate Estimation with Capture-Recapture Data
   gfortran(Win64) Vers. 8.0 Jun 2014   25-Jan-2015 15:11:38    Page  008
 - - - - - - - - - - - - - - - - - - - - - - - - - - - - - - - - - - - - - -
 

  INPUT ---    rlabel(3)=S g41 c2005 c1 a2 t2007;

  INPUT ---    rlabel(4)=S g41 c2005 c1 a3 t2008;

  INPUT ---    rlabel(5)=S g41 c2005 c1 a4 t2009;

  INPUT ---    rlabel(6)=S g41 c2005 c1 a5 t2010;

  INPUT ---    rlabel(7)=S g41 c2005 c1 a6 t2011;

  INPUT ---    rlabel(8)=p g41 c2005 c1 a1 t2006;

  INPUT ---    rlabel(9)=p g51 c2005 c1 a1 t2006;

  INPUT ---    rlabel(10)=r g41 c2005 c1 a0 t2005;

  INPUT ---    rlabel(11)=r g41 c2005 c1 a1 t2006;

  INPUT ---    rlabel(12)=r g41 c2005 c1 a2 t2007;

  INPUT ---    rlabel(13)=r g41 c2005 c1 a3 t2008;

  INPUT ---    rlabel(14)=r g41 c2005 c1 a4 t2009;

  INPUT ---    rlabel(15)=r g41 c2005 c1 a5 t2010;

  INPUT ---    rlabel(16)=r g41 c2005 c1 a6 t2011;

  INPUT ---    rlabel(17)=r g51 c2005 c1 a0 t2005;

  INPUT ---    rlabel(18)=r g51 c2005 c1 a1 t2006;

  INPUT ---    rlabel(19)=r g51 c2005 c1 a2 t2007;

  INPUT ---    rlabel(20)=r g51 c2005 c1 a3 t2008;

  INPUT ---    rlabel(21)=r g51 c2005 c1 a4 t2009;

  INPUT ---    rlabel(22)=r g51 c2005 c1 a5 t2010;

  INPUT ---    rlabel(23)=r g51 c2005 c1 a6 t2011;

  INPUT ---    rlabel(24)=F g41 c2005 c1 a0 t2005;

 Link Function Used is LOGIT        

  Program  MARK  - Survival Rate Estimation with Capture-Recapture Data
   gfortran(Win64) Vers. 8.0 Jun 2014   25-Jan-2015 15:11:38    Page  009
 - - - - - - - - - - - - - - - - - - - - - - - - - - - - - - - - - - - - - -
 

 Variance Estimation Procedure Used is 2ndPart 

 M(t+1):



 -2logL(saturated) = 1739.8188     
 Effective Sample Size = 7075

 Number of function evaluations was 334 for 18 parameters.
 Time for numerical optimization was 5.54 seconds.
 -2logL { S(~age)p(~sex)r(~age + sex)F(~1) } = 2686.5783     
 Penalty { S(~age)p(~sex)r(~age + sex)F(~1) } = -0.0000000    
 Gradient { S(~age)p(~sex)r(~age + sex)F(~1) }:
 -0.9642230E-03 0.8079620E-04-0.3008475E-04  0.000000      0.000000    
   0.000000      0.000000    -0.4139115E-04-0.1600902E-03-0.6670885E-04
 -0.4859314E-05  0.000000      0.000000      0.000000      0.000000    
   0.000000    -0.4107998E-03-0.1274132E-04
 S Vector { S(~age)p(~sex)r(~age + sex)F(~1) }:
   302.7169      14.08694      4.470574      2.354202      1.057175    
  0.3513225     0.2130071E-01 0.3041185E-04 0.3939542E-05 0.1824505E-06
  0.2564294E-07 0.1925648E-07 0.1511479E-07 0.7648714E-08 0.4807563E-08
  0.3317141E-08 0.8465182E-09 0.4550581E-09
 Time to compute number of parameters was 0.56 seconds.
   Threshold =  0.3800000E-06     Condition index =  0.1503246E-11     New Threshold =  0.1930648E-08
 New Guessimate of Estimated Parameters { S(~age)p(~sex)r(~age + sex)F(~1) } = 9          
 Conditioned S Vector { S(~age)p(~sex)r(~age + sex)F(~1) }:
   1.000000     0.4653502E-01 0.1476817E-01 0.7776908E-02 0.3492288E-02
  0.1160565E-02 0.7036510E-04 0.1004630E-06 0.1301395E-07 0.6027099E-09
  0.8470931E-10 0.6361216E-10 0.4993043E-10 0.2526688E-10 0.1588138E-10
  0.1095790E-10 0.2796402E-11 0.1503246E-11
 Number of Estimated Parameters { S(~age)p(~sex)r(~age + sex)F(~1) } = 7          
 DEVIANCE { S(~age)p(~sex)r(~age + sex)F(~1) } = 946.75959                     
 DEVIANCE Degrees of Freedom { S(~age)p(~sex)r(~age + sex)F(~1) } = 8            
 c-hat { S(~age)p(~sex)r(~age + sex)F(~1) } = 118.34495                     
 AIC { S(~age)p(~sex)r(~age + sex)F(~1) } = 2700.5783                  
 AICc { S(~age)p(~sex)r(~age + sex)F(~1) } = 2700.5942                    
 BIC { S(~age)p(~sex)r(~age + sex)F(~1) } = 2748.6286                    
 Pearson Chisquare { S(~age)p(~sex)r(~age + sex)F(~1) } = Not a Number               
 Possible Encounter Histories { S(~age)p(~sex)r(~age + sex)F(~1) } = 896             
 Pearson Chisquare df { S(~age)p(~sex)r(~age + sex)F(~1) } = 853        
 Pearson chat { S(~age)p(~sex)r(~age + sex)F(~1) } = Not a Number               
 Sum(Observed/Expected) { S(~age)p(~sex)r(~age + sex)F(~1) } = Not a Number               
 Fletcher chat { S(~age)p(~sex)r(~age + sex)F(~1) } = Not a Number               


             LOGIT Link Function Parameters of { S(~age)p(~sex)r(~age + sex)F(~1) }
                                                              95% Confidence Interval
 Parameter                    Beta         Standard Error      Lower           Upper
 -------------------------  --------------  --------------  --------------  --------------
    1:S:(Intercept)         2.8201675       44.613198       -84.621702      90.262037     
    2:S:age1                5.7539516       42.104605       -76.771076      88.278979     
    3:S:age2                -2.0231996      44.761535       -89.755810      85.709411     
    4:S:age3                115.07539       0.0000000       115.07539       115.07539     
    5:S:age4                222.38717       0.0000000       222.38717       222.38717     
    6:S:age5                29.952487       0.0000000       29.952487       29.952487     
    7:S:age6                7.5217638       0.0000000       7.5217638       7.5217638     
    8:p:(Intercept)         -6.6906207      2.6095631       -11.805364      -1.5758770    
    9:p:sex5                -0.7043444      0.6128413       -1.9055134      0.4968247     
   10:r:(Intercept)         1.0452287       161.85280       -316.18627      318.27672     
   11:r:age1                8.3528570       503.64696       -978.79520      995.50091     
   12:r:age2                -43.977266      0.0000000       -43.977266      -43.977266    

  Program  MARK  - Survival Rate Estimation with Capture-Recapture Data
   gfortran(Win64) Vers. 8.0 Jun 2014   25-Jan-2015 15:11:40    Page  010
 - - - - - - - - - - - - - - - - - - - - - - - - - - - - - - - - - - - - - -
 
   13:r:age3                81.873296       0.0000000       81.873296       81.873296     
   14:r:age4                55.511884       0.0000000       55.511884       55.511884     
   15:r:age5                17.713169       0.0000000       17.713169       17.713169     
   16:r:age6                -88.040137      0.0000000       -88.040137      -88.040137    
   17:r:sex5                0.1069821       13.523209       -26.398508      26.612472     
   18:F:(Intercept)         2.5691700       5.9375200       -9.0683694      14.206710     


             Real Function Parameters of { S(~age)p(~sex)r(~age + sex)F(~1) }
                                                               95% Confidence Interval
  Parameter                  Estimate       Standard Error      Lower           Upper
 --------------------------  --------------  --------------  --------------  --------------
     1:S g41 c2005 c1 a0 t2  0.9437560       2.3680975       0.1775260E-036  1.0000000                           
     2:S g41 c2005 c1 a1 t2  0.9998111       0.5121823E-003  0.9629845       0.9999991                           
     3:S g41 c2005 c1 a2 t2  0.6893255       0.8311153       0.0011019       0.9997760                           
     4:S g41 c2005 c1 a3 t2  1.0000000       0.0000000       1.0000000       1.0000000                           
     5:S g41 c2005 c1 a4 t2  1.0000000       0.0000000       1.0000000       1.0000000                           
     6:S g41 c2005 c1 a5 t2  1.0000000       0.0000000       1.0000000       1.0000000                           
     7:S g41 c2005 c1 a6 t2  0.9999677       0.0000000       0.9999677       0.9999677                           
     8:p g41 c2005 c1 a1 t2  0.0012410       0.0032344       0.7464352E-005  0.1713802                           
     9:p g51 c2005 c1 a1 t2  0.6139610E-003  0.0016140       0.3542135E-005  0.0962892                           
    10:r g41 c2005 c1 a0 t2  0.7398576       31.151537       0.4808942E-137  1.0000000                           
    11:r g41 c2005 c1 a1 t2  0.9999171       0.0430414       0.1189596E-299  1.0000000                           
    12:r g41 c2005 c1 a2 t2  0.2263877E-018  0.0000000       0.2263877E-018  0.2263877E-018                      
    13:r g41 c2005 c1 a3 t2  1.0000000       0.0000000       1.0000000       1.0000000                           
    14:r g41 c2005 c1 a4 t2  1.0000000       0.0000000       1.0000000       1.0000000                           
    15:r g41 c2005 c1 a5 t2  1.0000000       0.0000000       1.0000000       1.0000000                           
    16:r g41 c2005 c1 a6 t2  0.1654213E-037  0.0000000       0.1654213E-037  0.1654213E-037                      
    17:r g51 c2005 c1 a0 t2  0.7599145       31.994990       0.1674229E-148  1.0000000                           
    18:r g51 c2005 c1 a1 t2  0.9999255       0.0389409       0.1323918E-299  1.0000000                           
    19:r g51 c2005 c1 a2 t2  0.2519502E-018  0.0000000       0.2519502E-018  0.2519502E-018                      
    20:r g51 c2005 c1 a3 t2  1.0000000       0.0000000       1.0000000       1.0000000                           
    21:r g51 c2005 c1 a4 t2  1.0000000       0.0000000       1.0000000       1.0000000                           
    22:r g51 c2005 c1 a5 t2  1.0000000       0.0000000       1.0000000       1.0000000                           
    23:r g51 c2005 c1 a6 t2  0.1840997E-037  0.0000000       0.1840997E-037  0.1840997E-037                      
    24:F g41 c2005 c1 a0 t2  0.9288509       0.3923925       0.1152410E-003  0.9999993                           

 Attempted ordering of parameters by estimatibility:
   1  8 17  9  2  3 18 10 11 15  7 14 12 16  6 13  4  5
 Beta number 5 is a singular value.

     CPU Time in seconds for last procedure was 6.12

  Program  MARK  - Survival Rate Estimation with Capture-Recapture Data
   gfortran(Win64) Vers. 8.0 Jun 2014   25-Jan-2015 15:11:40    Page  011
 - - - - - - - - - - - - - - - - - - - - - - - - - - - - - - - - - - - - - -
 


  INPUT --- proc stop;

     CPU Time in minutes for this job was 0.10

     Time Start = 15:11:38.674   Time End = 15:11:40.061

     Wall Clock Time in minutes for this job was 0.02


          E X E C U T I O N   S U C C E S S F U L 
