
   Program  MARK  - Survival Rate Estimation with Capture-Recapture Data
   gfortran(Win64) Vers. 8.0 Jun 2014   21-Jan-2015 17:31:50    Page  001
 - - - - - - - - - - - - - - - - - - - - - - - - - - - - - - - - - - - - - -
 
   This version was compiled by GCC version 4.8.1 using the options 
   -m64 -mtune=generic -march=x86-64 -mthreads -O2 -fimplicit-none -fbounds-check -funroll-loops -ftree-vectorize -fopenmp.
   This problem will use 3 of 4 possible threads.


  INPUT --- proc title ;

     CPU Time in seconds for last procedure was 0.00


  INPUT --- proc chmatrix occasions= 7 groups= 2 etype= Live ICMeans 
  INPUT --- NoHist hist= 55 ;

  INPUT ---    time  interval 1 1 1 1 1 1 ;

  INPUT ---    glabel(1)=sexFemale;

  INPUT ---    glabel(2)=sexMale;

   * *  WARNING  * *   At least a pair of the encounter histories are duplicates. 

      Number of unique encounter histories read was 32.

      Number of individual covariates read was 0.
      Time interval lengths are all equal to 1.

      Data type number is 1
      Data type is Live Recaptures (CJS)                                                                               

     CPU Time in seconds for last procedure was 0.02

  Program  MARK  - Survival Rate Estimation with Capture-Recapture Data
   gfortran(Win64) Vers. 8.0 Jun 2014   21-Jan-2015 17:31:50    Page  002
 - - - - - - - - - - - - - - - - - - - - - - - - - - - - - - - - - - - - - -
 


  INPUT --- proc estimate link=Logit NOLOOP varest=2ndPart    ;


  INPUT --- model={ Phi(~sex * time)p(~sex) };

  INPUT ---    group=1 Phi    rows=6 cols=6 Triang ;
  INPUT ---        1 2 3 4 5 6 ;
  INPUT ---        2 3 4 5 6 ;
  INPUT ---        3 4 5 6 ;
  INPUT ---        4 5 6 ;
  INPUT ---        5 6 ;
  INPUT ---        6 ;

  INPUT ---    group=2 Phi    rows=6 cols=6 Triang ;
  INPUT ---        7 8 9 10 11 12 ;
  INPUT ---        8 9 10 11 12 ;
  INPUT ---        9 10 11 12 ;
  INPUT ---        10 11 12 ;
  INPUT ---        11 12 ;
  INPUT ---        12 ;

  INPUT ---    group=1 p    rows=6 cols=6 Triang ;
  INPUT ---        13 13 13 13 13 13 ;
  INPUT ---        13 13 13 13 13 ;
  INPUT ---        13 13 13 13 ;
  INPUT ---        13 13 13 ;
  INPUT ---        13 13 ;
  INPUT ---        13 ;

  INPUT ---    group=2 p    rows=6 cols=6 Triang ;
  INPUT ---        14 14 14 14 14 14 ;
  INPUT ---        14 14 14 14 14 ;
  INPUT ---        14 14 14 14 ;
  INPUT ---        14 14 14 ;
  INPUT ---        14 14 ;
  INPUT ---        14 ;

  INPUT ---    design matrix constraints=14 covariates=14;
  INPUT ---        1 0 0 0 0 0 0 0 0 0 0 0 0 0;
  INPUT ---        1 0 1 0 0 0 0 0 0 0 0 0 0 0;
  INPUT ---        1 0 0 1 0 0 0 0 0 0 0 0 0 0;
  INPUT ---        1 0 0 0 1 0 0 0 0 0 0 0 0 0;
  INPUT ---        1 0 0 0 0 1 0 0 0 0 0 0 0 0;
  INPUT ---        1 0 0 0 0 0 1 0 0 0 0 0 0 0;

  Program  MARK  - Survival Rate Estimation with Capture-Recapture Data
   gfortran(Win64) Vers. 8.0 Jun 2014   21-Jan-2015 17:31:50    Page  003
 - - - - - - - - - - - - - - - - - - - - - - - - - - - - - - - - - - - - - -
 
  INPUT ---        1 1 0 0 0 0 0 0 0 0 0 0 0 0;
  INPUT ---        1 1 1 0 0 0 0 1 0 0 0 0 0 0;
  INPUT ---        1 1 0 1 0 0 0 0 1 0 0 0 0 0;
  INPUT ---        1 1 0 0 1 0 0 0 0 1 0 0 0 0;
  INPUT ---        1 1 0 0 0 1 0 0 0 0 1 0 0 0;
  INPUT ---        1 1 0 0 0 0 1 0 0 0 0 1 0 0;
  INPUT ---        0 0 0 0 0 0 0 0 0 0 0 0 1 0;
  INPUT ---        0 0 0 0 0 0 0 0 0 0 0 0 1 1;

  INPUT ---    blabel(1)=Phi:(Intercept);

  INPUT ---    blabel(2)=Phi:sexMale;

  INPUT ---    blabel(3)=Phi:time2;

  INPUT ---    blabel(4)=Phi:time3;

  INPUT ---    blabel(5)=Phi:time4;

  INPUT ---    blabel(6)=Phi:time5;

  INPUT ---    blabel(7)=Phi:time6;

  INPUT ---    blabel(8)=Phi:sexMale:time2;

  INPUT ---    blabel(9)=Phi:sexMale:time3;

  INPUT ---    blabel(10)=Phi:sexMale:time4;

  INPUT ---    blabel(11)=Phi:sexMale:time5;

  INPUT ---    blabel(12)=Phi:sexMale:time6;

  INPUT ---    blabel(13)=p:(Intercept);

  INPUT ---    blabel(14)=p:sexMale;

  INPUT ---    rlabel(1)=Phi gFemale c1 c1 a0 t1;

  INPUT ---    rlabel(2)=Phi gFemale c1 c1 a1 t2;

  INPUT ---    rlabel(3)=Phi gFemale c1 c1 a2 t3;

  INPUT ---    rlabel(4)=Phi gFemale c1 c1 a3 t4;

  INPUT ---    rlabel(5)=Phi gFemale c1 c1 a4 t5;

  Program  MARK  - Survival Rate Estimation with Capture-Recapture Data
   gfortran(Win64) Vers. 8.0 Jun 2014   21-Jan-2015 17:31:50    Page  004
 - - - - - - - - - - - - - - - - - - - - - - - - - - - - - - - - - - - - - -
 

  INPUT ---    rlabel(6)=Phi gFemale c1 c1 a5 t6;

  INPUT ---    rlabel(7)=Phi gMale c1 c1 a0 t1;

  INPUT ---    rlabel(8)=Phi gMale c1 c1 a1 t2;

  INPUT ---    rlabel(9)=Phi gMale c1 c1 a2 t3;

  INPUT ---    rlabel(10)=Phi gMale c1 c1 a3 t4;

  INPUT ---    rlabel(11)=Phi gMale c1 c1 a4 t5;

  INPUT ---    rlabel(12)=Phi gMale c1 c1 a5 t6;

  INPUT ---    rlabel(13)=p gFemale c1 c1 a1 t2;

  INPUT ---    rlabel(14)=p gMale c1 c1 a1 t2;

 Link Function Used is LOGIT        

 Variance Estimation Procedure Used is 2ndPart 
 -2logL(saturated) = 582.47711     
 Effective Sample Size = 426

 Number of function evaluations was 30 for 14 parameters.
 Time for numerical optimization was 0.03 seconds.
 -2logL { Phi(~sex * time)p(~sex) } = 657.89959     
 Penalty { Phi(~sex * time)p(~sex) } = -0.0000000    
 Gradient { Phi(~sex * time)p(~sex) }:
   0.000000      0.000000      0.000000    -0.1309688E-04  0.000000    
   0.000000      0.000000      0.000000      0.000000      0.000000    
 -0.9773926E-05  0.000000     0.7462825E-05  0.000000    
 S Vector { Phi(~sex * time)p(~sex) }:
   154.4457      25.28013      24.80232      22.49245      21.64445    
   18.18140      10.86239      3.787404      3.423486      3.075758    
   2.860371      1.798253     0.9886933     0.1254727    
 Time to compute number of parameters was 0.03 seconds.
   Threshold =  0.3000000E-06     Condition index =  0.8124069E-03     New Threshold =  0.4694760    
 New Guessimate of Estimated Parameters { Phi(~sex * time)p(~sex) } = 1          
 Conditioned S Vector { Phi(~sex * time)p(~sex) }:
   1.000000     0.1636830     0.1605893     0.1456334     0.1401428    
  0.1177203     0.7033143E-01 0.2452257E-01 0.2216628E-01 0.1991482E-01
  0.1852024E-01 0.1164327E-01 0.6401560E-02 0.8124069E-03
 Number of Estimated Parameters { Phi(~sex * time)p(~sex) } = 14          
 DEVIANCE { Phi(~sex * time)p(~sex) } = 75.422480                     
 DEVIANCE Degrees of Freedom { Phi(~sex * time)p(~sex) } = 27            
 c-hat { Phi(~sex * time)p(~sex) } = 2.7934252                     
 AIC { Phi(~sex * time)p(~sex) } = 685.89959                  
 AICc { Phi(~sex * time)p(~sex) } = 686.92149                    
 BIC { Phi(~sex * time)p(~sex) } = 742.66174                    
 Pearson Chisquare { Phi(~sex * time)p(~sex) } = 160.55507                  
 Possible Encounter Histories { Phi(~sex * time)p(~sex) } = 252             
 Pearson Chisquare df { Phi(~sex * time)p(~sex) } = 226        
 Pearson chat { Phi(~sex * time)p(~sex) } = 0.7104207                  
 Sum(Observed/Expected) { Phi(~sex * time)p(~sex) } = 193.57644                  
 Fletcher chat { Phi(~sex * time)p(~sex) } = 0.9248337                  

  Program  MARK  - Survival Rate Estimation with Capture-Recapture Data
   gfortran(Win64) Vers. 8.0 Jun 2014   21-Jan-2015 17:31:50    Page  005
 - - - - - - - - - - - - - - - - - - - - - - - - - - - - - - - - - - - - - -
 


                 LOGIT Link Function Parameters of { Phi(~sex * time)p(~sex) }
                                                              95% Confidence Interval
 Parameter                    Beta         Standard Error      Lower           Upper
 -------------------------  --------------  --------------  --------------  --------------
    1:Phi:(Intercept)       0.5856287       0.7264513       -0.8382159      2.0094733     
    2:Phi:sexMale           -0.1343844      0.9616649       -2.0192477      1.7504789     
    3:Phi:time2             -0.7768645      0.8207018       -2.3854400      0.8317110     
    4:Phi:time3             -0.7360903      0.7934957       -2.2913418      0.8191613     
    5:Phi:time4             -0.0330269      0.8015043       -1.6039754      1.5379216     
    6:Phi:time5             0.0093368       0.8001868       -1.5590293      1.5777029     
    7:Phi:time6             -0.4466178      0.7890310       -1.9931185      1.0998829     
    8:Phi:sexMale:time2     0.1582823       1.1161503       -2.0293724      2.3459369     
    9:Phi:sexMale:time3     0.2689415       1.0678889       -1.8241207      2.3620037     
   10:Phi:sexMale:time4     0.0414519       1.0740995       -2.0637832      2.1466869     
   11:Phi:sexMale:time5     -0.1631630      1.0642177       -2.2490297      1.9227038     
   12:Phi:sexMale:time6     0.5360523       1.0614305       -1.5443515      2.6164561     
   13:p:(Intercept)         2.0467502       0.4276393       1.2085772       2.8849233     
   14:p:sexMale             0.3882576       0.6703666       -0.9256610      1.7021762     


                 Real Function Parameters of { Phi(~sex * time)p(~sex) }
                                                               95% Confidence Interval
  Parameter                  Estimate       Standard Error      Lower           Upper
 --------------------------  --------------  --------------  --------------  --------------
     1:Phi gFemale c1 c1 a0  0.6423615       0.1668900       0.3019107       0.8817881                           
     2:Phi gFemale c1 c1 a1  0.4523362       0.0897294       0.2888110       0.6268424                           
     3:Phi gFemale c1 c1 a2  0.4624554       0.0802982       0.3135512       0.6183725                           
     4:Phi gFemale c1 c1 a3  0.6347390       0.0799296       0.4692599       0.7735243                           
     5:Phi gFemale c1 c1 a4  0.6445036       0.0788865       0.4800430       0.7807087                           
     6:Phi gFemale c1 c1 a5  0.5346969       0.0810460       0.3776665       0.6851381                           
     7:Phi gMale c1 c1 a0 t  0.6109350       0.1497772       0.3135002       0.8437362                           
     8:Phi gMale c1 c1 a1 t  0.4582629       0.0998610       0.2777316       0.6504609                           
     9:Phi gMale c1 c1 a2 t  0.4960240       0.0850993       0.3355642       0.6573070                           
    10:Phi gMale c1 c1 a3 t  0.6129357       0.0812830       0.4472350       0.7560579                           
    11:Phi gMale c1 c1 a4 t  0.5738112       0.0762503       0.4222114       0.7127010                           
    12:Phi gMale c1 c1 a5 t  0.6319703       0.0796463       0.4674197       0.7706285                           
    13:p gFemale c1 c1 a1 t  0.8856188       0.0433191       0.7700471       0.9470961                           
    14:p gMale c1 c1 a1 t2   0.9194582       0.0382310       0.8058324       0.9691374                           

     CPU Time in seconds for last procedure was 0.08

  Program  MARK  - Survival Rate Estimation with Capture-Recapture Data
   gfortran(Win64) Vers. 8.0 Jun 2014   21-Jan-2015 17:31:50    Page  006
 - - - - - - - - - - - - - - - - - - - - - - - - - - - - - - - - - - - - - -
 


  INPUT --- proc stop;

     CPU Time in minutes for this job was 0.00

     Time Start = 17:31:50.813   Time End = 17:31:50.894

     Wall Clock Time in minutes for this job was 0.00


          E X E C U T I O N   S U C C E S S F U L 
