
   Program  MARK  - Survival Rate Estimation with Capture-Recapture Data
   gfortran(Win64) Vers. 8.0 Jun 2014   25-Jan-2015 15:11:37    Page  001
 - - - - - - - - - - - - - - - - - - - - - - - - - - - - - - - - - - - - - -
 
   This version was compiled by GCC version 4.8.1 using the options 
   -m64 -mtune=generic -march=x86-64 -mthreads -O2 -fimplicit-none -fbounds-check -funroll-loops -ftree-vectorize -fopenmp.
   This problem will use 7 of 8 possible threads.


  INPUT --- proc title ;

     CPU Time in seconds for last procedure was 0.00


  INPUT --- proc chmatrix occasions= 7 groups= 6 etype= Both ICMeans 
  INPUT --- NoHist hist= 51 ;

  INPUT ---    time  interval 1 1 1 1 1 1 1 ;

  INPUT ---    glabel(1)=sex4.age1;

  INPUT ---    glabel(2)=sex5.age1;

  INPUT ---    glabel(3)=sex4.age2;

  INPUT ---    glabel(4)=sex5.age2;

  INPUT ---    glabel(5)=sex4.age4;

  INPUT ---    glabel(6)=sex5.age4;

   * *  WARNING  * *   At least a pair of the encounter histories are duplicates. 

      Number of unique encounter histories read was 17.

      Number of individual covariates read was 0.
      Time interval lengths are all equal to 1.

      Data type number is 3
      Data type is Joint Live and Dead Encounters (Burnham)                                                            

     CPU Time in seconds for last procedure was 0.00

  Program  MARK  - Survival Rate Estimation with Capture-Recapture Data
   gfortran(Win64) Vers. 8.0 Jun 2014   25-Jan-2015 15:11:37    Page  002
 - - - - - - - - - - - - - - - - - - - - - - - - - - - - - - - - - - - - - -
 


  INPUT --- proc estimate link=Logit NOLOOP varest=2ndPart    ;


  INPUT --- model={ S(~time)p(~1)r(~age + sex)F(~1) };

  INPUT ---    group=1 S    rows=7 cols=7 Triang ;
  INPUT ---        1 2 3 4 5 6 7 ;
  INPUT ---        2 3 4 5 6 7 ;
  INPUT ---        3 4 5 6 7 ;
  INPUT ---        4 5 6 7 ;
  INPUT ---        5 6 7 ;
  INPUT ---        6 7 ;
  INPUT ---        7 ;

  INPUT ---    group=2 S    rows=7 cols=7 Triang ;
  INPUT ---        1 2 3 4 5 6 7 ;
  INPUT ---        2 3 4 5 6 7 ;
  INPUT ---        3 4 5 6 7 ;
  INPUT ---        4 5 6 7 ;
  INPUT ---        5 6 7 ;
  INPUT ---        6 7 ;
  INPUT ---        7 ;

  INPUT ---    group=3 S    rows=7 cols=7 Triang ;
  INPUT ---        1 2 3 4 5 6 7 ;
  INPUT ---        2 3 4 5 6 7 ;
  INPUT ---        3 4 5 6 7 ;
  INPUT ---        4 5 6 7 ;
  INPUT ---        5 6 7 ;
  INPUT ---        6 7 ;
  INPUT ---        7 ;

  INPUT ---    group=4 S    rows=7 cols=7 Triang ;
  INPUT ---        1 2 3 4 5 6 7 ;
  INPUT ---        2 3 4 5 6 7 ;
  INPUT ---        3 4 5 6 7 ;
  INPUT ---        4 5 6 7 ;
  INPUT ---        5 6 7 ;
  INPUT ---        6 7 ;
  INPUT ---        7 ;

  INPUT ---    group=5 S    rows=7 cols=7 Triang ;
  INPUT ---        1 2 3 4 5 6 7 ;
  INPUT ---        2 3 4 5 6 7 ;

  Program  MARK  - Survival Rate Estimation with Capture-Recapture Data
   gfortran(Win64) Vers. 8.0 Jun 2014   25-Jan-2015 15:11:37    Page  003
 - - - - - - - - - - - - - - - - - - - - - - - - - - - - - - - - - - - - - -
 
  INPUT ---        3 4 5 6 7 ;
  INPUT ---        4 5 6 7 ;
  INPUT ---        5 6 7 ;
  INPUT ---        6 7 ;
  INPUT ---        7 ;

  INPUT ---    group=6 S    rows=7 cols=7 Triang ;
  INPUT ---        1 2 3 4 5 6 7 ;
  INPUT ---        2 3 4 5 6 7 ;
  INPUT ---        3 4 5 6 7 ;
  INPUT ---        4 5 6 7 ;
  INPUT ---        5 6 7 ;
  INPUT ---        6 7 ;
  INPUT ---        7 ;

  INPUT ---    group=1 p    rows=6 cols=6 Triang ;
  INPUT ---        8 8 8 8 8 8 ;
  INPUT ---        8 8 8 8 8 ;
  INPUT ---        8 8 8 8 ;
  INPUT ---        8 8 8 ;
  INPUT ---        8 8 ;
  INPUT ---        8 ;

  INPUT ---    group=2 p    rows=6 cols=6 Triang ;
  INPUT ---        8 8 8 8 8 8 ;
  INPUT ---        8 8 8 8 8 ;
  INPUT ---        8 8 8 8 ;
  INPUT ---        8 8 8 ;
  INPUT ---        8 8 ;
  INPUT ---        8 ;

  INPUT ---    group=3 p    rows=6 cols=6 Triang ;
  INPUT ---        8 8 8 8 8 8 ;
  INPUT ---        8 8 8 8 8 ;
  INPUT ---        8 8 8 8 ;
  INPUT ---        8 8 8 ;
  INPUT ---        8 8 ;
  INPUT ---        8 ;

  INPUT ---    group=4 p    rows=6 cols=6 Triang ;
  INPUT ---        8 8 8 8 8 8 ;
  INPUT ---        8 8 8 8 8 ;
  INPUT ---        8 8 8 8 ;
  INPUT ---        8 8 8 ;
  INPUT ---        8 8 ;
  INPUT ---        8 ;

  Program  MARK  - Survival Rate Estimation with Capture-Recapture Data
   gfortran(Win64) Vers. 8.0 Jun 2014   25-Jan-2015 15:11:37    Page  004
 - - - - - - - - - - - - - - - - - - - - - - - - - - - - - - - - - - - - - -
 

  INPUT ---    group=5 p    rows=6 cols=6 Triang ;
  INPUT ---        8 8 8 8 8 8 ;
  INPUT ---        8 8 8 8 8 ;
  INPUT ---        8 8 8 8 ;
  INPUT ---        8 8 8 ;
  INPUT ---        8 8 ;
  INPUT ---        8 ;

  INPUT ---    group=6 p    rows=6 cols=6 Triang ;
  INPUT ---        8 8 8 8 8 8 ;
  INPUT ---        8 8 8 8 8 ;
  INPUT ---        8 8 8 8 ;
  INPUT ---        8 8 8 ;
  INPUT ---        8 8 ;
  INPUT ---        8 ;

  INPUT ---    group=1 r    rows=7 cols=7 Triang ;
  INPUT ---        9 10 11 12 13 14 15 ;
  INPUT ---        9 10 11 12 13 14 ;
  INPUT ---        9 10 11 12 13 ;
  INPUT ---        9 10 11 12 ;
  INPUT ---        9 10 11 ;
  INPUT ---        9 10 ;
  INPUT ---        9 ;

  INPUT ---    group=2 r    rows=7 cols=7 Triang ;
  INPUT ---        16 17 18 19 20 21 22 ;
  INPUT ---        16 17 18 19 20 21 ;
  INPUT ---        16 17 18 19 20 ;
  INPUT ---        16 17 18 19 ;
  INPUT ---        16 17 18 ;
  INPUT ---        16 17 ;
  INPUT ---        16 ;

  INPUT ---    group=3 r    rows=7 cols=7 Triang ;
  INPUT ---        9 10 11 12 13 14 15 ;
  INPUT ---        9 10 11 12 13 14 ;
  INPUT ---        9 10 11 12 13 ;
  INPUT ---        9 10 11 12 ;
  INPUT ---        9 10 11 ;
  INPUT ---        9 10 ;
  INPUT ---        9 ;

  INPUT ---    group=4 r    rows=7 cols=7 Triang ;
  INPUT ---        16 17 18 19 20 21 22 ;

  Program  MARK  - Survival Rate Estimation with Capture-Recapture Data
   gfortran(Win64) Vers. 8.0 Jun 2014   25-Jan-2015 15:11:37    Page  005
 - - - - - - - - - - - - - - - - - - - - - - - - - - - - - - - - - - - - - -
 
  INPUT ---        16 17 18 19 20 21 ;
  INPUT ---        16 17 18 19 20 ;
  INPUT ---        16 17 18 19 ;
  INPUT ---        16 17 18 ;
  INPUT ---        16 17 ;
  INPUT ---        16 ;

  INPUT ---    group=5 r    rows=7 cols=7 Triang ;
  INPUT ---        9 10 11 12 13 14 15 ;
  INPUT ---        9 10 11 12 13 14 ;
  INPUT ---        9 10 11 12 13 ;
  INPUT ---        9 10 11 12 ;
  INPUT ---        9 10 11 ;
  INPUT ---        9 10 ;
  INPUT ---        9 ;

  INPUT ---    group=6 r    rows=7 cols=7 Triang ;
  INPUT ---        16 17 18 19 20 21 22 ;
  INPUT ---        16 17 18 19 20 21 ;
  INPUT ---        16 17 18 19 20 ;
  INPUT ---        16 17 18 19 ;
  INPUT ---        16 17 18 ;
  INPUT ---        16 17 ;
  INPUT ---        16 ;

  INPUT ---    group=1 F    rows=6 cols=6 Triang ;
  INPUT ---        23 23 23 23 23 23 ;
  INPUT ---        23 23 23 23 23 ;
  INPUT ---        23 23 23 23 ;
  INPUT ---        23 23 23 ;
  INPUT ---        23 23 ;
  INPUT ---        23 ;

  INPUT ---    group=2 F    rows=6 cols=6 Triang ;
  INPUT ---        23 23 23 23 23 23 ;
  INPUT ---        23 23 23 23 23 ;
  INPUT ---        23 23 23 23 ;
  INPUT ---        23 23 23 ;
  INPUT ---        23 23 ;
  INPUT ---        23 ;

  INPUT ---    group=3 F    rows=6 cols=6 Triang ;
  INPUT ---        23 23 23 23 23 23 ;
  INPUT ---        23 23 23 23 23 ;
  INPUT ---        23 23 23 23 ;
  INPUT ---        23 23 23 ;

  Program  MARK  - Survival Rate Estimation with Capture-Recapture Data
   gfortran(Win64) Vers. 8.0 Jun 2014   25-Jan-2015 15:11:37    Page  006
 - - - - - - - - - - - - - - - - - - - - - - - - - - - - - - - - - - - - - -
 
  INPUT ---        23 23 ;
  INPUT ---        23 ;

  INPUT ---    group=4 F    rows=6 cols=6 Triang ;
  INPUT ---        23 23 23 23 23 23 ;
  INPUT ---        23 23 23 23 23 ;
  INPUT ---        23 23 23 23 ;
  INPUT ---        23 23 23 ;
  INPUT ---        23 23 ;
  INPUT ---        23 ;

  INPUT ---    group=5 F    rows=6 cols=6 Triang ;
  INPUT ---        23 23 23 23 23 23 ;
  INPUT ---        23 23 23 23 23 ;
  INPUT ---        23 23 23 23 ;
  INPUT ---        23 23 23 ;
  INPUT ---        23 23 ;
  INPUT ---        23 ;

  INPUT ---    group=6 F    rows=6 cols=6 Triang ;
  INPUT ---        23 23 23 23 23 23 ;
  INPUT ---        23 23 23 23 23 ;
  INPUT ---        23 23 23 23 ;
  INPUT ---        23 23 23 ;
  INPUT ---        23 23 ;
  INPUT ---        23 ;

  INPUT ---    design matrix constraints=23 covariates=17;
  INPUT ---        1 0 0 0 0 0 0 0 0 0 0 0 0 0 0 0 0;
  INPUT ---        1 1 0 0 0 0 0 0 0 0 0 0 0 0 0 0 0;
  INPUT ---        1 0 1 0 0 0 0 0 0 0 0 0 0 0 0 0 0;
  INPUT ---        1 0 0 1 0 0 0 0 0 0 0 0 0 0 0 0 0;
  INPUT ---        1 0 0 0 1 0 0 0 0 0 0 0 0 0 0 0 0;
  INPUT ---        1 0 0 0 0 1 0 0 0 0 0 0 0 0 0 0 0;
  INPUT ---        1 0 0 0 0 0 1 0 0 0 0 0 0 0 0 0 0;
  INPUT ---        0 0 0 0 0 0 0 1 0 0 0 0 0 0 0 0 0;
  INPUT ---        0 0 0 0 0 0 0 0 1 0 0 0 0 0 0 0 0;
  INPUT ---        0 0 0 0 0 0 0 0 1 1 0 0 0 0 0 0 0;
  INPUT ---        0 0 0 0 0 0 0 0 1 0 1 0 0 0 0 0 0;
  INPUT ---        0 0 0 0 0 0 0 0 1 0 0 1 0 0 0 0 0;
  INPUT ---        0 0 0 0 0 0 0 0 1 0 0 0 1 0 0 0 0;
  INPUT ---        0 0 0 0 0 0 0 0 1 0 0 0 0 1 0 0 0;
  INPUT ---        0 0 0 0 0 0 0 0 1 0 0 0 0 0 1 0 0;
  INPUT ---        0 0 0 0 0 0 0 0 1 0 0 0 0 0 0 1 0;
  INPUT ---        0 0 0 0 0 0 0 0 1 1 0 0 0 0 0 1 0;
  INPUT ---        0 0 0 0 0 0 0 0 1 0 1 0 0 0 0 1 0;

  Program  MARK  - Survival Rate Estimation with Capture-Recapture Data
   gfortran(Win64) Vers. 8.0 Jun 2014   25-Jan-2015 15:11:37    Page  007
 - - - - - - - - - - - - - - - - - - - - - - - - - - - - - - - - - - - - - -
 
  INPUT ---        0 0 0 0 0 0 0 0 1 0 0 1 0 0 0 1 0;
  INPUT ---        0 0 0 0 0 0 0 0 1 0 0 0 1 0 0 1 0;
  INPUT ---        0 0 0 0 0 0 0 0 1 0 0 0 0 1 0 1 0;
  INPUT ---        0 0 0 0 0 0 0 0 1 0 0 0 0 0 1 1 0;
  INPUT ---        0 0 0 0 0 0 0 0 0 0 0 0 0 0 0 0 1;

  INPUT ---    blabel(1)=S:(Intercept);

  INPUT ---    blabel(2)=S:time2006;

  INPUT ---    blabel(3)=S:time2007;

  INPUT ---    blabel(4)=S:time2008;

  INPUT ---    blabel(5)=S:time2009;

  INPUT ---    blabel(6)=S:time2010;

  INPUT ---    blabel(7)=S:time2011;

  INPUT ---    blabel(8)=p:(Intercept);

  INPUT ---    blabel(9)=r:(Intercept);

  INPUT ---    blabel(10)=r:age1;

  INPUT ---    blabel(11)=r:age2;

  INPUT ---    blabel(12)=r:age3;

  INPUT ---    blabel(13)=r:age4;

  INPUT ---    blabel(14)=r:age5;

  INPUT ---    blabel(15)=r:age6;

  INPUT ---    blabel(16)=r:sex5;

  INPUT ---    blabel(17)=F:(Intercept);

  INPUT ---    rlabel(1)=S g41 c2005 c1 a0 t2005;

  INPUT ---    rlabel(2)=S g41 c2005 c1 a1 t2006;

  INPUT ---    rlabel(3)=S g41 c2005 c1 a2 t2007;


  Program  MARK  - Survival Rate Estimation with Capture-Recapture Data
   gfortran(Win64) Vers. 8.0 Jun 2014   25-Jan-2015 15:11:37    Page  008
 - - - - - - - - - - - - - - - - - - - - - - - - - - - - - - - - - - - - - -
 
  INPUT ---    rlabel(4)=S g41 c2005 c1 a3 t2008;

  INPUT ---    rlabel(5)=S g41 c2005 c1 a4 t2009;

  INPUT ---    rlabel(6)=S g41 c2005 c1 a5 t2010;

  INPUT ---    rlabel(7)=S g41 c2005 c1 a6 t2011;

  INPUT ---    rlabel(8)=p g41 c2005 c1 a1 t2006;

  INPUT ---    rlabel(9)=r g41 c2005 c1 a0 t2005;

  INPUT ---    rlabel(10)=r g41 c2005 c1 a1 t2006;

  INPUT ---    rlabel(11)=r g41 c2005 c1 a2 t2007;

  INPUT ---    rlabel(12)=r g41 c2005 c1 a3 t2008;

  INPUT ---    rlabel(13)=r g41 c2005 c1 a4 t2009;

  INPUT ---    rlabel(14)=r g41 c2005 c1 a5 t2010;

  INPUT ---    rlabel(15)=r g41 c2005 c1 a6 t2011;

  INPUT ---    rlabel(16)=r g51 c2005 c1 a0 t2005;

  INPUT ---    rlabel(17)=r g51 c2005 c1 a1 t2006;

  INPUT ---    rlabel(18)=r g51 c2005 c1 a2 t2007;

  INPUT ---    rlabel(19)=r g51 c2005 c1 a3 t2008;

  INPUT ---    rlabel(20)=r g51 c2005 c1 a4 t2009;

  INPUT ---    rlabel(21)=r g51 c2005 c1 a5 t2010;

  INPUT ---    rlabel(22)=r g51 c2005 c1 a6 t2011;

  INPUT ---    rlabel(23)=F g41 c2005 c1 a0 t2005;

 Link Function Used is LOGIT        

 Variance Estimation Procedure Used is 2ndPart 

 M(t+1):

  Program  MARK  - Survival Rate Estimation with Capture-Recapture Data
   gfortran(Win64) Vers. 8.0 Jun 2014   25-Jan-2015 15:11:37    Page  009
 - - - - - - - - - - - - - - - - - - - - - - - - - - - - - - - - - - - - - -
 



 -2logL(saturated) = 1739.8188     
 Effective Sample Size = 7075

 Number of function evaluations was 75 for 17 parameters.
 Time for numerical optimization was 1.12 seconds.
 -2logL { S(~time)p(~1)r(~age + sex)F(~1) } = 1788.3830     
 Penalty { S(~time)p(~1)r(~age + sex)F(~1) } = -0.0000000    
 Gradient { S(~time)p(~1)r(~age + sex)F(~1) }:
   0.000000      0.000000      0.000000      0.000000      0.000000    
 -0.7288094E-07  0.000000    -0.2888696E-05 0.1833448E-04-0.3575710E-05
   0.000000    -0.5032744E-07-0.1833306E-06  0.000000    -0.1740820E-06
  0.2039749E-04-0.8812009E-05
 S Vector { S(~time)p(~1)r(~age + sex)F(~1) }:
   329.3085      45.96687      13.83145     0.9948943     0.5343587    
  0.3772850E-08 0.3294400E-08 0.1806022E-08 0.4022150E-09 0.3239149E-09
  0.2913625E-09 0.1265812E-09 0.1186961E-09 0.1066100E-09 0.8685856E-10
  0.8203466E-10 0.1938987E-10
 Time to compute number of parameters was 0.33 seconds.
   Threshold =  0.3600000E-06     Condition index =  0.5888055E-13     New Threshold =  0.7994648E-10
 New Guessimate of Estimated Parameters { S(~time)p(~1)r(~age + sex)F(~1) } = 5          
 Conditioned S Vector { S(~time)p(~1)r(~age + sex)F(~1) }:
   1.000000     0.1395860     0.4200149E-01 0.3021162E-02 0.1622669E-02
  0.1145689E-10 0.1000399E-10 0.5484286E-11 0.1221393E-11 0.9836213E-12
  0.8847704E-12 0.3843849E-12 0.3604403E-12 0.3237390E-12 0.2637604E-12
  0.2491119E-12 0.5888055E-13
 Number of Estimated Parameters { S(~time)p(~1)r(~age + sex)F(~1) } = 5          
 DEVIANCE { S(~time)p(~1)r(~age + sex)F(~1) } = 48.564208                     
 DEVIANCE Degrees of Freedom { S(~time)p(~1)r(~age + sex)F(~1) } = 10            
 c-hat { S(~time)p(~1)r(~age + sex)F(~1) } = 4.8564208                     
 AIC { S(~time)p(~1)r(~age + sex)F(~1) } = 1798.3830                  
 AICc { S(~time)p(~1)r(~age + sex)F(~1) } = 1798.3914                    
 BIC { S(~time)p(~1)r(~age + sex)F(~1) } = 1832.7046                    
 Pearson Chisquare { S(~time)p(~1)r(~age + sex)F(~1) } = Not a Number               
 Possible Encounter Histories { S(~time)p(~1)r(~age + sex)F(~1) } = 896             
 Pearson Chisquare df { S(~time)p(~1)r(~age + sex)F(~1) } = 855        
 Pearson chat { S(~time)p(~1)r(~age + sex)F(~1) } = Not a Number               
 Sum(Observed/Expected) { S(~time)p(~1)r(~age + sex)F(~1) } = Not a Number               
 Fletcher chat { S(~time)p(~1)r(~age + sex)F(~1) } = Not a Number               


             LOGIT Link Function Parameters of { S(~time)p(~1)r(~age + sex)F(~1) }
                                                              95% Confidence Interval
 Parameter                    Beta         Standard Error      Lower           Upper
 -------------------------  --------------  --------------  --------------  --------------
    1:S:(Intercept)         286.73401       0.1200928E-008  286.73401       286.73401     
    2:S:time2006            -72.909414      0.4674310E-008  -72.909414      -72.909414    
    3:S:time2007            -198.80030      0.3005890E-010  -198.80030      -198.80030    
    4:S:time2008            -52.729900      0.8288202E-008  -52.729900      -52.729900    
    5:S:time2009            -224.14468      0.1534460E-008  -224.14468      -224.14468    
    6:S:time2010            310.97963       0.8384091E-008  310.97963       310.97963     
    7:S:time2011            -643.06428      0.1098013E-010  -643.06428      -643.06428    
    8:p:(Intercept)         -6.8711530      0.5687653       -7.9859330      -5.7563729    
    9:r:(Intercept)         -1.4802849      0.0923962       -1.6613815      -1.2991883    
   10:r:age1                -5.3588398      1.0025528       -7.3238434      -3.3938362    
   11:r:age2                -224.09763      0.2023536E-008  -224.09763      -224.09763    
   12:r:age3                -450.78870      0.9969359E-009  -450.78870      -450.78870    
   13:r:age4                -123.02383      0.2109008E-007  -123.02383      -123.02383    
   14:r:age5                -26.636608      0.1250221E-007  -26.636608      -26.636608    

  Program  MARK  - Survival Rate Estimation with Capture-Recapture Data
   gfortran(Win64) Vers. 8.0 Jun 2014   25-Jan-2015 15:11:38    Page  010
 - - - - - - - - - - - - - - - - - - - - - - - - - - - - - - - - - - - - - -
 
   15:r:age6                -129.61295      0.2646354E-008  -129.61295      -129.61295    
   16:r:sex5                -0.1147140      0.1275699       -0.3647509      0.1353230     
   17:F:(Intercept)         1.5802705       1.2728736       -0.9145618      4.0751028     


             Real Function Parameters of { S(~time)p(~1)r(~age + sex)F(~1) }
                                                               95% Confidence Interval
  Parameter                  Estimate       Standard Error      Lower           Upper
 --------------------------  --------------  --------------  --------------  --------------
     1:S g41 c2005 c1 a0 t2  1.0000000       0.0000000       1.0000000       1.0000000                           
     2:S g41 c2005 c1 a1 t2  1.0000000       0.0000000       1.0000000       1.0000000                           
     3:S g41 c2005 c1 a2 t2  1.0000000       0.0000000       1.0000000       1.0000000                           
     4:S g41 c2005 c1 a3 t2  1.0000000       0.0000000       1.0000000       1.0000000                           
     5:S g41 c2005 c1 a4 t2  1.0000000       0.0000000       1.0000000       1.0000000                           
     6:S g41 c2005 c1 a5 t2  1.0000000       0.0000000       1.0000000       1.0000000                           
     7:S g41 c2005 c1 a6 t2  0.1769009E-154  0.0000000       0.1769009E-154  0.1769009E-154                      
     8:p g41 c2005 c1 a1 t2  0.0010362       0.5887471E-003  0.3400992E-003  0.0031526                           
     9:r g41 c2005 c1 a0 t2  0.1853844       0.0139534       0.1595766       0.2143017                           
    10:r g41 c2005 c1 a1 t2  0.0010699       0.0010714       0.1501231E-003  0.0075822                           
    11:r g41 c2005 c1 a2 t2  0.1078339E-097  0.9963449E-099  0.8830557E-098  0.1273623E-097                      
    12:r g41 c2005 c1 a3 t2  0.3820122E-196  0.0000000       0.3820122E-196  0.3820122E-196                      
    13:r g41 c2005 c1 a4 t2  0.8483009E-054  0.7837981E-055  0.6946765E-054  0.1001925E-053                      
    14:r g41 c2005 c1 a5 t2  0.6151608E-012  0.5683854E-013  0.5037573E-012  0.7265643E-012                      
    15:r g41 c2005 c1 a6 t2  0.1166620E-056  0.1077913E-057  0.9553488E-057  0.1377891E-056                      
    16:r g51 c2005 c1 a0 t2  0.1686818       0.0123609       0.1458199       0.1943125                           
    17:r g51 c2005 c1 a1 t2  0.9540512E-003  0.9556581E-003  0.1338021E-003  0.0067686                           
    18:r g51 c2005 c1 a2 t2  0.9614702E-098  0.8475195E-099  0.7953563E-098  0.1127584E-097                      
    19:r g51 c2005 c1 a3 t2  0.3406102E-196  0.0000000       0.3406102E-196  0.3406102E-196                      
    20:r g51 c2005 c1 a4 t2  0.7563631E-054  0.6667211E-055  0.6256857E-054  0.8870404E-054                      
    21:r g51 c2005 c1 a5 t2  0.5484904E-012  0.4834849E-013  0.4537273E-012  0.6432534E-012                      
    22:r g51 c2005 c1 a6 t2  0.1040183E-056  0.9169033E-058  0.8604697E-057  0.1219896E-056                      
    23:F g41 c2005 c1 a0 t2  0.8292428       0.1802378       0.2860673       0.9832934                           

 Attempted ordering of parameters by estimatibility:
   9 16  8 10 17 14  4  2 13 15  6  5  1 11 12  3  7
 Beta number 7 is a singular value.

     CPU Time in seconds for last procedure was 1.48

  Program  MARK  - Survival Rate Estimation with Capture-Recapture Data
   gfortran(Win64) Vers. 8.0 Jun 2014   25-Jan-2015 15:11:38    Page  011
 - - - - - - - - - - - - - - - - - - - - - - - - - - - - - - - - - - - - - -
 


  INPUT --- proc stop;

     CPU Time in minutes for this job was 0.02

     Time Start = 15:11:37.734   Time End = 15:11:38.144

     Wall Clock Time in minutes for this job was 0.01


          E X E C U T I O N   S U C C E S S F U L 
