
   Program  MARK  - Survival Rate Estimation with Capture-Recapture Data
   gfortran(Win64) Vers. 8.0 Jun 2014   25-Jan-2015 15:10:37    Page  001
 - - - - - - - - - - - - - - - - - - - - - - - - - - - - - - - - - - - - - -
 
   This version was compiled by GCC version 4.8.1 using the options 
   -m64 -mtune=generic -march=x86-64 -mthreads -O2 -fimplicit-none -fbounds-check -funroll-loops -ftree-vectorize -fopenmp.
   This problem will use 7 of 8 possible threads.


  INPUT --- proc title ;

     CPU Time in seconds for last procedure was 0.00


  INPUT --- proc chmatrix occasions= 7 groups= 6 etype= Both ICMeans 
  INPUT --- NoHist hist= 51 ;

  INPUT ---    time  interval 1 1 1 1 1 1 1 ;

  INPUT ---    glabel(1)=sex4.age1;

  INPUT ---    glabel(2)=sex5.age1;

  INPUT ---    glabel(3)=sex4.age2;

  INPUT ---    glabel(4)=sex5.age2;

  INPUT ---    glabel(5)=sex4.age4;

  INPUT ---    glabel(6)=sex5.age4;

   * *  WARNING  * *   At least a pair of the encounter histories are duplicates. 

      Number of unique encounter histories read was 17.

      Number of individual covariates read was 0.
      Time interval lengths are all equal to 1.

      Data type number is 3
      Data type is Joint Live and Dead Encounters (Burnham)                                                            

     CPU Time in seconds for last procedure was 0.02

  Program  MARK  - Survival Rate Estimation with Capture-Recapture Data
   gfortran(Win64) Vers. 8.0 Jun 2014   25-Jan-2015 15:10:37    Page  002
 - - - - - - - - - - - - - - - - - - - - - - - - - - - - - - - - - - - - - -
 


  INPUT --- proc estimate link=Logit NOLOOP varest=2ndPart    ;


  INPUT --- model={ S(~age)p(~sex)r(~1)F(~1) };

  INPUT ---    group=1 S    rows=7 cols=7 Triang ;
  INPUT ---        1 2 3 4 5 6 7 ;
  INPUT ---        1 2 3 4 5 6 ;
  INPUT ---        1 2 3 4 5 ;
  INPUT ---        1 2 3 4 ;
  INPUT ---        1 2 3 ;
  INPUT ---        1 2 ;
  INPUT ---        1 ;

  INPUT ---    group=2 S    rows=7 cols=7 Triang ;
  INPUT ---        1 2 3 4 5 6 7 ;
  INPUT ---        1 2 3 4 5 6 ;
  INPUT ---        1 2 3 4 5 ;
  INPUT ---        1 2 3 4 ;
  INPUT ---        1 2 3 ;
  INPUT ---        1 2 ;
  INPUT ---        1 ;

  INPUT ---    group=3 S    rows=7 cols=7 Triang ;
  INPUT ---        1 2 3 4 5 6 7 ;
  INPUT ---        1 2 3 4 5 6 ;
  INPUT ---        1 2 3 4 5 ;
  INPUT ---        1 2 3 4 ;
  INPUT ---        1 2 3 ;
  INPUT ---        1 2 ;
  INPUT ---        1 ;

  INPUT ---    group=4 S    rows=7 cols=7 Triang ;
  INPUT ---        1 2 3 4 5 6 7 ;
  INPUT ---        1 2 3 4 5 6 ;
  INPUT ---        1 2 3 4 5 ;
  INPUT ---        1 2 3 4 ;
  INPUT ---        1 2 3 ;
  INPUT ---        1 2 ;
  INPUT ---        1 ;

  INPUT ---    group=5 S    rows=7 cols=7 Triang ;
  INPUT ---        1 2 3 4 5 6 7 ;
  INPUT ---        1 2 3 4 5 6 ;

  Program  MARK  - Survival Rate Estimation with Capture-Recapture Data
   gfortran(Win64) Vers. 8.0 Jun 2014   25-Jan-2015 15:10:37    Page  003
 - - - - - - - - - - - - - - - - - - - - - - - - - - - - - - - - - - - - - -
 
  INPUT ---        1 2 3 4 5 ;
  INPUT ---        1 2 3 4 ;
  INPUT ---        1 2 3 ;
  INPUT ---        1 2 ;
  INPUT ---        1 ;

  INPUT ---    group=6 S    rows=7 cols=7 Triang ;
  INPUT ---        1 2 3 4 5 6 7 ;
  INPUT ---        1 2 3 4 5 6 ;
  INPUT ---        1 2 3 4 5 ;
  INPUT ---        1 2 3 4 ;
  INPUT ---        1 2 3 ;
  INPUT ---        1 2 ;
  INPUT ---        1 ;

  INPUT ---    group=1 p    rows=6 cols=6 Triang ;
  INPUT ---        8 8 8 8 8 8 ;
  INPUT ---        8 8 8 8 8 ;
  INPUT ---        8 8 8 8 ;
  INPUT ---        8 8 8 ;
  INPUT ---        8 8 ;
  INPUT ---        8 ;

  INPUT ---    group=2 p    rows=6 cols=6 Triang ;
  INPUT ---        9 9 9 9 9 9 ;
  INPUT ---        9 9 9 9 9 ;
  INPUT ---        9 9 9 9 ;
  INPUT ---        9 9 9 ;
  INPUT ---        9 9 ;
  INPUT ---        9 ;

  INPUT ---    group=3 p    rows=6 cols=6 Triang ;
  INPUT ---        8 8 8 8 8 8 ;
  INPUT ---        8 8 8 8 8 ;
  INPUT ---        8 8 8 8 ;
  INPUT ---        8 8 8 ;
  INPUT ---        8 8 ;
  INPUT ---        8 ;

  INPUT ---    group=4 p    rows=6 cols=6 Triang ;
  INPUT ---        9 9 9 9 9 9 ;
  INPUT ---        9 9 9 9 9 ;
  INPUT ---        9 9 9 9 ;
  INPUT ---        9 9 9 ;
  INPUT ---        9 9 ;
  INPUT ---        9 ;

  Program  MARK  - Survival Rate Estimation with Capture-Recapture Data
   gfortran(Win64) Vers. 8.0 Jun 2014   25-Jan-2015 15:10:37    Page  004
 - - - - - - - - - - - - - - - - - - - - - - - - - - - - - - - - - - - - - -
 

  INPUT ---    group=5 p    rows=6 cols=6 Triang ;
  INPUT ---        8 8 8 8 8 8 ;
  INPUT ---        8 8 8 8 8 ;
  INPUT ---        8 8 8 8 ;
  INPUT ---        8 8 8 ;
  INPUT ---        8 8 ;
  INPUT ---        8 ;

  INPUT ---    group=6 p    rows=6 cols=6 Triang ;
  INPUT ---        9 9 9 9 9 9 ;
  INPUT ---        9 9 9 9 9 ;
  INPUT ---        9 9 9 9 ;
  INPUT ---        9 9 9 ;
  INPUT ---        9 9 ;
  INPUT ---        9 ;

  INPUT ---    group=1 r    rows=7 cols=7 Triang ;
  INPUT ---        10 10 10 10 10 10 10 ;
  INPUT ---        10 10 10 10 10 10 ;
  INPUT ---        10 10 10 10 10 ;
  INPUT ---        10 10 10 10 ;
  INPUT ---        10 10 10 ;
  INPUT ---        10 10 ;
  INPUT ---        10 ;

  INPUT ---    group=2 r    rows=7 cols=7 Triang ;
  INPUT ---        10 10 10 10 10 10 10 ;
  INPUT ---        10 10 10 10 10 10 ;
  INPUT ---        10 10 10 10 10 ;
  INPUT ---        10 10 10 10 ;
  INPUT ---        10 10 10 ;
  INPUT ---        10 10 ;
  INPUT ---        10 ;

  INPUT ---    group=3 r    rows=7 cols=7 Triang ;
  INPUT ---        10 10 10 10 10 10 10 ;
  INPUT ---        10 10 10 10 10 10 ;
  INPUT ---        10 10 10 10 10 ;
  INPUT ---        10 10 10 10 ;
  INPUT ---        10 10 10 ;
  INPUT ---        10 10 ;
  INPUT ---        10 ;

  INPUT ---    group=4 r    rows=7 cols=7 Triang ;
  INPUT ---        10 10 10 10 10 10 10 ;

  Program  MARK  - Survival Rate Estimation with Capture-Recapture Data
   gfortran(Win64) Vers. 8.0 Jun 2014   25-Jan-2015 15:10:37    Page  005
 - - - - - - - - - - - - - - - - - - - - - - - - - - - - - - - - - - - - - -
 
  INPUT ---        10 10 10 10 10 10 ;
  INPUT ---        10 10 10 10 10 ;
  INPUT ---        10 10 10 10 ;
  INPUT ---        10 10 10 ;
  INPUT ---        10 10 ;
  INPUT ---        10 ;

  INPUT ---    group=5 r    rows=7 cols=7 Triang ;
  INPUT ---        10 10 10 10 10 10 10 ;
  INPUT ---        10 10 10 10 10 10 ;
  INPUT ---        10 10 10 10 10 ;
  INPUT ---        10 10 10 10 ;
  INPUT ---        10 10 10 ;
  INPUT ---        10 10 ;
  INPUT ---        10 ;

  INPUT ---    group=6 r    rows=7 cols=7 Triang ;
  INPUT ---        10 10 10 10 10 10 10 ;
  INPUT ---        10 10 10 10 10 10 ;
  INPUT ---        10 10 10 10 10 ;
  INPUT ---        10 10 10 10 ;
  INPUT ---        10 10 10 ;
  INPUT ---        10 10 ;
  INPUT ---        10 ;

  INPUT ---    group=1 F    rows=6 cols=6 Triang ;
  INPUT ---        11 11 11 11 11 11 ;
  INPUT ---        11 11 11 11 11 ;
  INPUT ---        11 11 11 11 ;
  INPUT ---        11 11 11 ;
  INPUT ---        11 11 ;
  INPUT ---        11 ;

  INPUT ---    group=2 F    rows=6 cols=6 Triang ;
  INPUT ---        11 11 11 11 11 11 ;
  INPUT ---        11 11 11 11 11 ;
  INPUT ---        11 11 11 11 ;
  INPUT ---        11 11 11 ;
  INPUT ---        11 11 ;
  INPUT ---        11 ;

  INPUT ---    group=3 F    rows=6 cols=6 Triang ;
  INPUT ---        11 11 11 11 11 11 ;
  INPUT ---        11 11 11 11 11 ;
  INPUT ---        11 11 11 11 ;
  INPUT ---        11 11 11 ;

  Program  MARK  - Survival Rate Estimation with Capture-Recapture Data
   gfortran(Win64) Vers. 8.0 Jun 2014   25-Jan-2015 15:10:37    Page  006
 - - - - - - - - - - - - - - - - - - - - - - - - - - - - - - - - - - - - - -
 
  INPUT ---        11 11 ;
  INPUT ---        11 ;

  INPUT ---    group=4 F    rows=6 cols=6 Triang ;
  INPUT ---        11 11 11 11 11 11 ;
  INPUT ---        11 11 11 11 11 ;
  INPUT ---        11 11 11 11 ;
  INPUT ---        11 11 11 ;
  INPUT ---        11 11 ;
  INPUT ---        11 ;

  INPUT ---    group=5 F    rows=6 cols=6 Triang ;
  INPUT ---        11 11 11 11 11 11 ;
  INPUT ---        11 11 11 11 11 ;
  INPUT ---        11 11 11 11 ;
  INPUT ---        11 11 11 ;
  INPUT ---        11 11 ;
  INPUT ---        11 ;

  INPUT ---    group=6 F    rows=6 cols=6 Triang ;
  INPUT ---        11 11 11 11 11 11 ;
  INPUT ---        11 11 11 11 11 ;
  INPUT ---        11 11 11 11 ;
  INPUT ---        11 11 11 ;
  INPUT ---        11 11 ;
  INPUT ---        11 ;

  INPUT ---    design matrix constraints=11 covariates=11;
  INPUT ---        1 0 0 0 0 0 0 0 0 0 0;
  INPUT ---        1 1 0 0 0 0 0 0 0 0 0;
  INPUT ---        1 0 1 0 0 0 0 0 0 0 0;
  INPUT ---        1 0 0 1 0 0 0 0 0 0 0;
  INPUT ---        1 0 0 0 1 0 0 0 0 0 0;
  INPUT ---        1 0 0 0 0 1 0 0 0 0 0;
  INPUT ---        1 0 0 0 0 0 1 0 0 0 0;
  INPUT ---        0 0 0 0 0 0 0 1 0 0 0;
  INPUT ---        0 0 0 0 0 0 0 1 1 0 0;
  INPUT ---        0 0 0 0 0 0 0 0 0 1 0;
  INPUT ---        0 0 0 0 0 0 0 0 0 0 1;

  INPUT ---    blabel(1)=S:(Intercept);

  INPUT ---    blabel(2)=S:age1;

  INPUT ---    blabel(3)=S:age2;


  Program  MARK  - Survival Rate Estimation with Capture-Recapture Data
   gfortran(Win64) Vers. 8.0 Jun 2014   25-Jan-2015 15:10:37    Page  007
 - - - - - - - - - - - - - - - - - - - - - - - - - - - - - - - - - - - - - -
 
  INPUT ---    blabel(4)=S:age3;

  INPUT ---    blabel(5)=S:age4;

  INPUT ---    blabel(6)=S:age5;

  INPUT ---    blabel(7)=S:age6;

  INPUT ---    blabel(8)=p:(Intercept);

  INPUT ---    blabel(9)=p:sex5;

  INPUT ---    blabel(10)=r:(Intercept);

  INPUT ---    blabel(11)=F:(Intercept);

  INPUT ---    rlabel(1)=S g41 c2005 c1 a0 t2005;

  INPUT ---    rlabel(2)=S g41 c2005 c1 a1 t2006;

  INPUT ---    rlabel(3)=S g41 c2005 c1 a2 t2007;

  INPUT ---    rlabel(4)=S g41 c2005 c1 a3 t2008;

  INPUT ---    rlabel(5)=S g41 c2005 c1 a4 t2009;

  INPUT ---    rlabel(6)=S g41 c2005 c1 a5 t2010;

  INPUT ---    rlabel(7)=S g41 c2005 c1 a6 t2011;

  INPUT ---    rlabel(8)=p g41 c2005 c1 a1 t2006;

  INPUT ---    rlabel(9)=p g51 c2005 c1 a1 t2006;

  INPUT ---    rlabel(10)=r g41 c2005 c1 a0 t2005;

  INPUT ---    rlabel(11)=F g41 c2005 c1 a0 t2005;

 Link Function Used is LOGIT        

 Variance Estimation Procedure Used is 2ndPart 

 M(t+1):



 -2logL(saturated) = 1739.8188     

  Program  MARK  - Survival Rate Estimation with Capture-Recapture Data
   gfortran(Win64) Vers. 8.0 Jun 2014   25-Jan-2015 15:10:37    Page  008
 - - - - - - - - - - - - - - - - - - - - - - - - - - - - - - - - - - - - - -
 
 Effective Sample Size = 7075

 Number of function evaluations was 514 for 11 parameters.
 Time for numerical optimization was 5.63 seconds.
 -2logL { S(~age)p(~sex)r(~1)F(~1) } = 2686.7298     
 Penalty { S(~age)p(~sex)r(~1)F(~1) } = -0.0000000    
 Gradient { S(~age)p(~sex)r(~1)F(~1) }:
  0.3429861E-01 0.6750839E-03  0.000000      0.000000      0.000000    
   0.000000      0.000000     0.2151218E-02 0.1789439E-02-0.6278368E-02
  0.3177310E-03
 S Vector { S(~age)p(~sex)r(~1)F(~1) }:
   290.4362      15.44374      2.396889     0.9958968     0.5339062    
  0.2577909E-02 0.5534429E-10 0.3105765E-10 0.1377190E-10 0.2667483E-14
  0.1715404E-14
 Time to compute number of parameters was 0.17 seconds.
   Threshold =  0.2400000E-06     Condition index =  0.5906302E-17     New Threshold =  0.5689351E-14
 New Guessimate of Estimated Parameters { S(~age)p(~sex)r(~1)F(~1) } = 9          
 Conditioned S Vector { S(~age)p(~sex)r(~1)F(~1) }:
   1.000000     0.5317431E-01 0.8252723E-02 0.3428970E-02 0.1838291E-02
  0.8875990E-05 0.1905558E-12 0.1069345E-12 0.4741798E-13 0.9184405E-17
  0.5906302E-17
 Number of Estimated Parameters { S(~age)p(~sex)r(~1)F(~1) } = 6          
 DEVIANCE { S(~age)p(~sex)r(~1)F(~1) } = 946.91107                     
 DEVIANCE Degrees of Freedom { S(~age)p(~sex)r(~1)F(~1) } = 9            
 c-hat { S(~age)p(~sex)r(~1)F(~1) } = 105.21234                     
 AIC { S(~age)p(~sex)r(~1)F(~1) } = 2698.7298                  
 AICc { S(~age)p(~sex)r(~1)F(~1) } = 2698.7417                    
 BIC { S(~age)p(~sex)r(~1)F(~1) } = 2739.9158                    
 Pearson Chisquare { S(~age)p(~sex)r(~1)F(~1) } = Not a Number               
 Possible Encounter Histories { S(~age)p(~sex)r(~1)F(~1) } = 896             
 Pearson Chisquare df { S(~age)p(~sex)r(~1)F(~1) } = 854        
 Pearson chat { S(~age)p(~sex)r(~1)F(~1) } = Not a Number               
 Sum(Observed/Expected) { S(~age)p(~sex)r(~1)F(~1) } = Not a Number               
 Fletcher chat { S(~age)p(~sex)r(~1)F(~1) } = Not a Number               


                 LOGIT Link Function Parameters of { S(~age)p(~sex)r(~1)F(~1) }
                                                              95% Confidence Interval
 Parameter                    Beta         Standard Error      Lower           Upper
 -------------------------  --------------  --------------  --------------  --------------
    1:S:(Intercept)         2.9245089       3.5132653       -3.9614912      9.8105091     
    2:S:age1                5.4667140       1.0020536       3.5026889       7.4307390     
    3:S:age2                38.208024       0.1320255E-005  38.208022       38.208027     
    4:S:age3                1044.9153       0.1588844E-004  1044.9153       1044.9154     
    5:S:age4                237.45812       0.6142232E-004  237.45800       237.45824     
    6:S:age5                862.86162       0.1689267E-004  862.86159       862.86166     
    7:S:age6                955.09877       0.2064975E-005  955.09877       955.09878     
    8:p:(Intercept)         -6.5677852      0.6313380       -7.8052078      -5.3303627    
    9:p:sex5                -0.7026610      0.6129110       -1.9039666      0.4986447     
   10:r:(Intercept)         1.5712943       19.378847       -36.411247      39.553835     
   11:F:(Intercept)         1.5762205       1.2699353       -0.9128527      4.0652937     


                 Real Function Parameters of { S(~age)p(~sex)r(~1)F(~1) }
                                                               95% Confidence Interval
  Parameter                  Estimate       Standard Error      Lower           Upper
 --------------------------  --------------  --------------  --------------  --------------
     1:S g41 c2005 c1 a0 t2  0.9490448       0.1698972       0.0186792       0.9999451                           
     2:S g41 c2005 c1 a1 t2  0.9997732       0.8285783E-003  0.7736418       0.9999998                           
     3:S g41 c2005 c1 a2 t2  1.0000000       0.0000000       1.0000000       1.0000000                           
     4:S g41 c2005 c1 a3 t2  1.0000000       0.0000000       1.0000000       1.0000000                           
     5:S g41 c2005 c1 a4 t2  1.0000000       0.0000000       1.0000000       1.0000000                           

  Program  MARK  - Survival Rate Estimation with Capture-Recapture Data
   gfortran(Win64) Vers. 8.0 Jun 2014   25-Jan-2015 15:10:38    Page  009
 - - - - - - - - - - - - - - - - - - - - - - - - - - - - - - - - - - - - - -
 
     6:S g41 c2005 c1 a5 t2  1.0000000       0.0000000       1.0000000       1.0000000                           
     7:S g41 c2005 c1 a6 t2  1.0000000       0.0000000       1.0000000       1.0000000                           
     8:p g41 c2005 c1 a1 t2  0.0014029       0.8844833E-003  0.4074406E-003  0.0048190                           
     9:p g51 c2005 c1 a1 t2  0.6953177E-003  0.5017461E-003  0.1689430E-003  0.0028570                           
    10:r g41 c2005 c1 a0 t2  0.8279680       2.7602641       0.1537434E-015  1.0000000                           
    11:F g41 c2005 c1 a0 t2  0.8286686       0.1803016       0.2864164       0.9831315                           

 Attempted ordering of parameters by estimatibility:
   1  8  9  2 11 10  6  5  7  3  4
 Beta number 4 is a singular value.

     CPU Time in seconds for last procedure was 5.82


  INPUT --- proc stop;

     CPU Time in minutes for this job was 0.10

     Time Start = 15:10:37.181   Time End = 15:10:38.644

     Wall Clock Time in minutes for this job was 0.02


          E X E C U T I O N   S U C C E S S F U L 
