
   Program  MARK  - Survival Rate Estimation with Capture-Recapture Data
   gfortran(Win64) Vers. 8.0 Jun 2014   31-Jan-2015 13:38:13    Page  001
 - - - - - - - - - - - - - - - - - - - - - - - - - - - - - - - - - - - - - -
 
   This version was compiled by GCC version 4.8.1 using the options 
   -m64 -mtune=generic -march=x86-64 -mthreads -O2 -fimplicit-none -fbounds-check -funroll-loops -ftree-vectorize -fopenmp.
   This problem will use 7 of 8 possible threads.


  INPUT --- proc title ;

     CPU Time in seconds for last procedure was 0.00


  INPUT --- proc chmatrix occasions= 7 groups= 6 etype= Both ICMeans 
  INPUT --- NoHist hist= 51 ;

  INPUT ---    time  interval 1 1 1 1 1 1 1 ;

  INPUT ---    glabel(1)=sex4.age1;

  INPUT ---    glabel(2)=sex5.age1;

  INPUT ---    glabel(3)=sex4.age2;

  INPUT ---    glabel(4)=sex5.age2;

  INPUT ---    glabel(5)=sex4.age4;

  INPUT ---    glabel(6)=sex5.age4;

   * *  WARNING  * *   At least a pair of the encounter histories are duplicates. 

      Number of unique encounter histories read was 17.

      Number of individual covariates read was 0.
      Time interval lengths are all equal to 1.

      Data type number is 3
      Data type is Joint Live and Dead Encounters (Burnham)                                                            

     CPU Time in seconds for last procedure was 0.02

  Program  MARK  - Survival Rate Estimation with Capture-Recapture Data
   gfortran(Win64) Vers. 8.0 Jun 2014   31-Jan-2015 13:38:13    Page  002
 - - - - - - - - - - - - - - - - - - - - - - - - - - - - - - - - - - - - - -
 


  INPUT --- proc estimate link=Logit NOLOOP varest=2ndPart    ;


  INPUT --- model={ S(~sex + time)p(~time)r(~1)F(~age) };

  INPUT ---    group=1 S    rows=7 cols=7 Triang ;
  INPUT ---        1 2 3 4 5 6 7 ;
  INPUT ---        2 3 4 5 6 7 ;
  INPUT ---        3 4 5 6 7 ;
  INPUT ---        4 5 6 7 ;
  INPUT ---        5 6 7 ;
  INPUT ---        6 7 ;
  INPUT ---        7 ;

  INPUT ---    group=2 S    rows=7 cols=7 Triang ;
  INPUT ---        8 9 10 11 12 13 14 ;
  INPUT ---        9 10 11 12 13 14 ;
  INPUT ---        10 11 12 13 14 ;
  INPUT ---        11 12 13 14 ;
  INPUT ---        12 13 14 ;
  INPUT ---        13 14 ;
  INPUT ---        14 ;

  INPUT ---    group=3 S    rows=7 cols=7 Triang ;
  INPUT ---        1 2 3 4 5 6 7 ;
  INPUT ---        2 3 4 5 6 7 ;
  INPUT ---        3 4 5 6 7 ;
  INPUT ---        4 5 6 7 ;
  INPUT ---        5 6 7 ;
  INPUT ---        6 7 ;
  INPUT ---        7 ;

  INPUT ---    group=4 S    rows=7 cols=7 Triang ;
  INPUT ---        8 9 10 11 12 13 14 ;
  INPUT ---        9 10 11 12 13 14 ;
  INPUT ---        10 11 12 13 14 ;
  INPUT ---        11 12 13 14 ;
  INPUT ---        12 13 14 ;
  INPUT ---        13 14 ;
  INPUT ---        14 ;

  INPUT ---    group=5 S    rows=7 cols=7 Triang ;
  INPUT ---        1 2 3 4 5 6 7 ;
  INPUT ---        2 3 4 5 6 7 ;

  Program  MARK  - Survival Rate Estimation with Capture-Recapture Data
   gfortran(Win64) Vers. 8.0 Jun 2014   31-Jan-2015 13:38:13    Page  003
 - - - - - - - - - - - - - - - - - - - - - - - - - - - - - - - - - - - - - -
 
  INPUT ---        3 4 5 6 7 ;
  INPUT ---        4 5 6 7 ;
  INPUT ---        5 6 7 ;
  INPUT ---        6 7 ;
  INPUT ---        7 ;

  INPUT ---    group=6 S    rows=7 cols=7 Triang ;
  INPUT ---        8 9 10 11 12 13 14 ;
  INPUT ---        9 10 11 12 13 14 ;
  INPUT ---        10 11 12 13 14 ;
  INPUT ---        11 12 13 14 ;
  INPUT ---        12 13 14 ;
  INPUT ---        13 14 ;
  INPUT ---        14 ;

  INPUT ---    group=1 p    rows=6 cols=6 Triang ;
  INPUT ---        15 16 17 18 19 20 ;
  INPUT ---        16 17 18 19 20 ;
  INPUT ---        17 18 19 20 ;
  INPUT ---        18 19 20 ;
  INPUT ---        19 20 ;
  INPUT ---        20 ;

  INPUT ---    group=2 p    rows=6 cols=6 Triang ;
  INPUT ---        15 16 17 18 19 20 ;
  INPUT ---        16 17 18 19 20 ;
  INPUT ---        17 18 19 20 ;
  INPUT ---        18 19 20 ;
  INPUT ---        19 20 ;
  INPUT ---        20 ;

  INPUT ---    group=3 p    rows=6 cols=6 Triang ;
  INPUT ---        15 16 17 18 19 20 ;
  INPUT ---        16 17 18 19 20 ;
  INPUT ---        17 18 19 20 ;
  INPUT ---        18 19 20 ;
  INPUT ---        19 20 ;
  INPUT ---        20 ;

  INPUT ---    group=4 p    rows=6 cols=6 Triang ;
  INPUT ---        15 16 17 18 19 20 ;
  INPUT ---        16 17 18 19 20 ;
  INPUT ---        17 18 19 20 ;
  INPUT ---        18 19 20 ;
  INPUT ---        19 20 ;
  INPUT ---        20 ;

  Program  MARK  - Survival Rate Estimation with Capture-Recapture Data
   gfortran(Win64) Vers. 8.0 Jun 2014   31-Jan-2015 13:38:13    Page  004
 - - - - - - - - - - - - - - - - - - - - - - - - - - - - - - - - - - - - - -
 

  INPUT ---    group=5 p    rows=6 cols=6 Triang ;
  INPUT ---        15 16 17 18 19 20 ;
  INPUT ---        16 17 18 19 20 ;
  INPUT ---        17 18 19 20 ;
  INPUT ---        18 19 20 ;
  INPUT ---        19 20 ;
  INPUT ---        20 ;

  INPUT ---    group=6 p    rows=6 cols=6 Triang ;
  INPUT ---        15 16 17 18 19 20 ;
  INPUT ---        16 17 18 19 20 ;
  INPUT ---        17 18 19 20 ;
  INPUT ---        18 19 20 ;
  INPUT ---        19 20 ;
  INPUT ---        20 ;

  INPUT ---    group=1 r    rows=7 cols=7 Triang ;
  INPUT ---        21 21 21 21 21 21 21 ;
  INPUT ---        21 21 21 21 21 21 ;
  INPUT ---        21 21 21 21 21 ;
  INPUT ---        21 21 21 21 ;
  INPUT ---        21 21 21 ;
  INPUT ---        21 21 ;
  INPUT ---        21 ;

  INPUT ---    group=2 r    rows=7 cols=7 Triang ;
  INPUT ---        21 21 21 21 21 21 21 ;
  INPUT ---        21 21 21 21 21 21 ;
  INPUT ---        21 21 21 21 21 ;
  INPUT ---        21 21 21 21 ;
  INPUT ---        21 21 21 ;
  INPUT ---        21 21 ;
  INPUT ---        21 ;

  INPUT ---    group=3 r    rows=7 cols=7 Triang ;
  INPUT ---        21 21 21 21 21 21 21 ;
  INPUT ---        21 21 21 21 21 21 ;
  INPUT ---        21 21 21 21 21 ;
  INPUT ---        21 21 21 21 ;
  INPUT ---        21 21 21 ;
  INPUT ---        21 21 ;
  INPUT ---        21 ;

  INPUT ---    group=4 r    rows=7 cols=7 Triang ;
  INPUT ---        21 21 21 21 21 21 21 ;

  Program  MARK  - Survival Rate Estimation with Capture-Recapture Data
   gfortran(Win64) Vers. 8.0 Jun 2014   31-Jan-2015 13:38:13    Page  005
 - - - - - - - - - - - - - - - - - - - - - - - - - - - - - - - - - - - - - -
 
  INPUT ---        21 21 21 21 21 21 ;
  INPUT ---        21 21 21 21 21 ;
  INPUT ---        21 21 21 21 ;
  INPUT ---        21 21 21 ;
  INPUT ---        21 21 ;
  INPUT ---        21 ;

  INPUT ---    group=5 r    rows=7 cols=7 Triang ;
  INPUT ---        21 21 21 21 21 21 21 ;
  INPUT ---        21 21 21 21 21 21 ;
  INPUT ---        21 21 21 21 21 ;
  INPUT ---        21 21 21 21 ;
  INPUT ---        21 21 21 ;
  INPUT ---        21 21 ;
  INPUT ---        21 ;

  INPUT ---    group=6 r    rows=7 cols=7 Triang ;
  INPUT ---        21 21 21 21 21 21 21 ;
  INPUT ---        21 21 21 21 21 21 ;
  INPUT ---        21 21 21 21 21 ;
  INPUT ---        21 21 21 21 ;
  INPUT ---        21 21 21 ;
  INPUT ---        21 21 ;
  INPUT ---        21 ;

  INPUT ---    group=1 F    rows=6 cols=6 Triang ;
  INPUT ---        22 23 24 25 26 27 ;
  INPUT ---        22 23 24 25 26 ;
  INPUT ---        22 23 24 25 ;
  INPUT ---        22 23 24 ;
  INPUT ---        22 23 ;
  INPUT ---        22 ;

  INPUT ---    group=2 F    rows=6 cols=6 Triang ;
  INPUT ---        22 23 24 25 26 27 ;
  INPUT ---        22 23 24 25 26 ;
  INPUT ---        22 23 24 25 ;
  INPUT ---        22 23 24 ;
  INPUT ---        22 23 ;
  INPUT ---        22 ;

  INPUT ---    group=3 F    rows=6 cols=6 Triang ;
  INPUT ---        22 23 24 25 26 27 ;
  INPUT ---        22 23 24 25 26 ;
  INPUT ---        22 23 24 25 ;
  INPUT ---        22 23 24 ;

  Program  MARK  - Survival Rate Estimation with Capture-Recapture Data
   gfortran(Win64) Vers. 8.0 Jun 2014   31-Jan-2015 13:38:13    Page  006
 - - - - - - - - - - - - - - - - - - - - - - - - - - - - - - - - - - - - - -
 
  INPUT ---        22 23 ;
  INPUT ---        22 ;

  INPUT ---    group=4 F    rows=6 cols=6 Triang ;
  INPUT ---        22 23 24 25 26 27 ;
  INPUT ---        22 23 24 25 26 ;
  INPUT ---        22 23 24 25 ;
  INPUT ---        22 23 24 ;
  INPUT ---        22 23 ;
  INPUT ---        22 ;

  INPUT ---    group=5 F    rows=6 cols=6 Triang ;
  INPUT ---        22 23 24 25 26 27 ;
  INPUT ---        22 23 24 25 26 ;
  INPUT ---        22 23 24 25 ;
  INPUT ---        22 23 24 ;
  INPUT ---        22 23 ;
  INPUT ---        22 ;

  INPUT ---    group=6 F    rows=6 cols=6 Triang ;
  INPUT ---        22 23 24 25 26 27 ;
  INPUT ---        22 23 24 25 26 ;
  INPUT ---        22 23 24 25 ;
  INPUT ---        22 23 24 ;
  INPUT ---        22 23 ;
  INPUT ---        22 ;

  INPUT ---    design matrix constraints=27 covariates=21;
  INPUT ---        1 0 0 0 0 0 0 0 0 0 0 0 0 0 0 0 0 0 0 0 0;
  INPUT ---        1 0 1 0 0 0 0 0 0 0 0 0 0 0 0 0 0 0 0 0 0;
  INPUT ---        1 0 0 1 0 0 0 0 0 0 0 0 0 0 0 0 0 0 0 0 0;
  INPUT ---        1 0 0 0 1 0 0 0 0 0 0 0 0 0 0 0 0 0 0 0 0;
  INPUT ---        1 0 0 0 0 1 0 0 0 0 0 0 0 0 0 0 0 0 0 0 0;
  INPUT ---        1 0 0 0 0 0 1 0 0 0 0 0 0 0 0 0 0 0 0 0 0;
  INPUT ---        1 0 0 0 0 0 0 1 0 0 0 0 0 0 0 0 0 0 0 0 0;
  INPUT ---        1 1 0 0 0 0 0 0 0 0 0 0 0 0 0 0 0 0 0 0 0;
  INPUT ---        1 1 1 0 0 0 0 0 0 0 0 0 0 0 0 0 0 0 0 0 0;
  INPUT ---        1 1 0 1 0 0 0 0 0 0 0 0 0 0 0 0 0 0 0 0 0;
  INPUT ---        1 1 0 0 1 0 0 0 0 0 0 0 0 0 0 0 0 0 0 0 0;
  INPUT ---        1 1 0 0 0 1 0 0 0 0 0 0 0 0 0 0 0 0 0 0 0;
  INPUT ---        1 1 0 0 0 0 1 0 0 0 0 0 0 0 0 0 0 0 0 0 0;
  INPUT ---        1 1 0 0 0 0 0 1 0 0 0 0 0 0 0 0 0 0 0 0 0;
  INPUT ---        0 0 0 0 0 0 0 0 1 0 0 0 0 0 0 0 0 0 0 0 0;
  INPUT ---        0 0 0 0 0 0 0 0 1 1 0 0 0 0 0 0 0 0 0 0 0;
  INPUT ---        0 0 0 0 0 0 0 0 1 0 1 0 0 0 0 0 0 0 0 0 0;
  INPUT ---        0 0 0 0 0 0 0 0 1 0 0 1 0 0 0 0 0 0 0 0 0;

  Program  MARK  - Survival Rate Estimation with Capture-Recapture Data
   gfortran(Win64) Vers. 8.0 Jun 2014   31-Jan-2015 13:38:13    Page  007
 - - - - - - - - - - - - - - - - - - - - - - - - - - - - - - - - - - - - - -
 
  INPUT ---        0 0 0 0 0 0 0 0 1 0 0 0 1 0 0 0 0 0 0 0 0;
  INPUT ---        0 0 0 0 0 0 0 0 1 0 0 0 0 1 0 0 0 0 0 0 0;
  INPUT ---        0 0 0 0 0 0 0 0 0 0 0 0 0 0 1 0 0 0 0 0 0;
  INPUT ---        0 0 0 0 0 0 0 0 0 0 0 0 0 0 0 1 0 0 0 0 0;
  INPUT ---        0 0 0 0 0 0 0 0 0 0 0 0 0 0 0 1 1 0 0 0 0;
  INPUT ---        0 0 0 0 0 0 0 0 0 0 0 0 0 0 0 1 0 1 0 0 0;
  INPUT ---        0 0 0 0 0 0 0 0 0 0 0 0 0 0 0 1 0 0 1 0 0;
  INPUT ---        0 0 0 0 0 0 0 0 0 0 0 0 0 0 0 1 0 0 0 1 0;
  INPUT ---        0 0 0 0 0 0 0 0 0 0 0 0 0 0 0 1 0 0 0 0 1;

  INPUT ---    blabel(1)=S:(Intercept);

  INPUT ---    blabel(2)=S:sex5;

  INPUT ---    blabel(3)=S:time2006;

  INPUT ---    blabel(4)=S:time2007;

  INPUT ---    blabel(5)=S:time2008;

  INPUT ---    blabel(6)=S:time2009;

  INPUT ---    blabel(7)=S:time2010;

  INPUT ---    blabel(8)=S:time2011;

  INPUT ---    blabel(9)=p:(Intercept);

  INPUT ---    blabel(10)=p:time2007;

  INPUT ---    blabel(11)=p:time2008;

  INPUT ---    blabel(12)=p:time2009;

  INPUT ---    blabel(13)=p:time2010;

  INPUT ---    blabel(14)=p:time2011;

  INPUT ---    blabel(15)=r:(Intercept);

  INPUT ---    blabel(16)=F:(Intercept);

  INPUT ---    blabel(17)=F:age1;

  INPUT ---    blabel(18)=F:age2;


  Program  MARK  - Survival Rate Estimation with Capture-Recapture Data
   gfortran(Win64) Vers. 8.0 Jun 2014   31-Jan-2015 13:38:13    Page  008
 - - - - - - - - - - - - - - - - - - - - - - - - - - - - - - - - - - - - - -
 
  INPUT ---    blabel(19)=F:age3;

  INPUT ---    blabel(20)=F:age4;

  INPUT ---    blabel(21)=F:age5;

  INPUT ---    rlabel(1)=S g41 c2005 c1 a0 t2005;

  INPUT ---    rlabel(2)=S g41 c2005 c1 a1 t2006;

  INPUT ---    rlabel(3)=S g41 c2005 c1 a2 t2007;

  INPUT ---    rlabel(4)=S g41 c2005 c1 a3 t2008;

  INPUT ---    rlabel(5)=S g41 c2005 c1 a4 t2009;

  INPUT ---    rlabel(6)=S g41 c2005 c1 a5 t2010;

  INPUT ---    rlabel(7)=S g41 c2005 c1 a6 t2011;

  INPUT ---    rlabel(8)=S g51 c2005 c1 a0 t2005;

  INPUT ---    rlabel(9)=S g51 c2005 c1 a1 t2006;

  INPUT ---    rlabel(10)=S g51 c2005 c1 a2 t2007;

  INPUT ---    rlabel(11)=S g51 c2005 c1 a3 t2008;

  INPUT ---    rlabel(12)=S g51 c2005 c1 a4 t2009;

  INPUT ---    rlabel(13)=S g51 c2005 c1 a5 t2010;

  INPUT ---    rlabel(14)=S g51 c2005 c1 a6 t2011;

  INPUT ---    rlabel(15)=p g41 c2005 c1 a1 t2006;

  INPUT ---    rlabel(16)=p g41 c2005 c1 a2 t2007;

  INPUT ---    rlabel(17)=p g41 c2005 c1 a3 t2008;

  INPUT ---    rlabel(18)=p g41 c2005 c1 a4 t2009;

  INPUT ---    rlabel(19)=p g41 c2005 c1 a5 t2010;

  INPUT ---    rlabel(20)=p g41 c2005 c1 a6 t2011;


  Program  MARK  - Survival Rate Estimation with Capture-Recapture Data
   gfortran(Win64) Vers. 8.0 Jun 2014   31-Jan-2015 13:38:13    Page  009
 - - - - - - - - - - - - - - - - - - - - - - - - - - - - - - - - - - - - - -
 
  INPUT ---    rlabel(21)=r g41 c2005 c1 a0 t2005;

  INPUT ---    rlabel(22)=F g41 c2005 c1 a0 t2005;

  INPUT ---    rlabel(23)=F g41 c2005 c1 a1 t2006;

  INPUT ---    rlabel(24)=F g41 c2005 c1 a2 t2007;

  INPUT ---    rlabel(25)=F g41 c2005 c1 a3 t2008;

  INPUT ---    rlabel(26)=F g41 c2005 c1 a4 t2009;

  INPUT ---    rlabel(27)=F g41 c2005 c1 a5 t2010;

 Link Function Used is LOGIT        

 Variance Estimation Procedure Used is 2ndPart 

 M(t+1):



 -2logL(saturated) = 1739.8188     
 Effective Sample Size = 7075

 Number of function evaluations was 72 for 21 parameters.
 Time for numerical optimization was 2.15 seconds.
 -2logL { S(~sex + time)p(~time)r(~1)F(~age) } = 2663.3917     
 Penalty { S(~sex + time)p(~time)r(~1)F(~age) } = -0.0000000    
 Gradient { S(~sex + time)p(~time)r(~1)F(~age) }:
  0.1946247E-03 0.2376679E-03  0.000000      0.000000     0.1938994E-03
   0.000000      0.000000      0.000000     0.3057751E-02 0.2995934E-03
  0.1522434E-03  0.000000     0.1256761E-02 0.1347271E-02-0.3389409E-02
  0.2319903E-03 0.2328556E-03  0.000000      0.000000      0.000000    
   0.000000    
 S Vector { S(~sex + time)p(~time)r(~1)F(~age) }:
   286.3418      17.52399      4.553380      3.164118      1.875431    
   1.140310     0.3408017     0.1669064     0.6753209E-04 0.2149926E-04
  0.3513031E-06 0.7969412E-07 0.3232625E-07 0.7112432E-08 0.6486499E-08
  0.3116597E-08 0.2652524E-08 0.2290477E-08 0.2228809E-08 0.1838819E-08
  0.1185110E-08
 Time to compute number of parameters was 0.64 seconds.
   Threshold =  0.4400000E-06     Condition index =  0.4138793E-11     New Threshold =  0.5430854E-08
 New Guessimate of Estimated Parameters { S(~sex + time)p(~time)r(~1)F(~age) } = 10          
 Conditioned S Vector { S(~sex + time)p(~time)r(~1)F(~age) }:
   1.000000     0.6119955E-01 0.1590190E-01 0.1105014E-01 0.6549622E-02
  0.3982339E-02 0.1190192E-02 0.5828923E-03 0.2358443E-06 0.7508251E-07
  0.1226866E-08 0.2783181E-09 0.1128939E-09 0.2483896E-10 0.2265299E-10
  0.1088418E-10 0.9263487E-11 0.7999099E-11 0.7783735E-11 0.6421762E-11
  0.4138793E-11
 Number of Estimated Parameters { S(~sex + time)p(~time)r(~1)F(~age) } = 8          
 DEVIANCE { S(~sex + time)p(~time)r(~1)F(~age) } = 923.57297                     
 DEVIANCE Degrees of Freedom { S(~sex + time)p(~time)r(~1)F(~age) } = 7            
 c-hat { S(~sex + time)p(~time)r(~1)F(~age) } = 131.93900                     
 AIC { S(~sex + time)p(~time)r(~1)F(~age) } = 2679.3917                  
 AICc { S(~sex + time)p(~time)r(~1)F(~age) } = 2679.4121                    
 BIC { S(~sex + time)p(~time)r(~1)F(~age) } = 2734.3063                    
 Pearson Chisquare { S(~sex + time)p(~time)r(~1)F(~age) } = Not a Number               
 Possible Encounter Histories { S(~sex + time)p(~time)r(~1)F(~age) } = 896             
 Pearson Chisquare df { S(~sex + time)p(~time)r(~1)F(~age) } = 852        
 Pearson chat { S(~sex + time)p(~time)r(~1)F(~age) } = Not a Number               
 Sum(Observed/Expected) { S(~sex + time)p(~time)r(~1)F(~age) } = Not a Number               
 Fletcher chat { S(~sex + time)p(~time)r(~1)F(~age) } = Not a Number               

  Program  MARK  - Survival Rate Estimation with Capture-Recapture Data
   gfortran(Win64) Vers. 8.0 Jun 2014   31-Jan-2015 13:38:13    Page  010
 - - - - - - - - - - - - - - - - - - - - - - - - - - - - - - - - - - - - - -
 


            LOGIT Link Function Parameters of { S(~sex + time)p(~time)r(~1)F(~age) }
                                                              95% Confidence Interval
 Parameter                    Beta         Standard Error      Lower           Upper
 -------------------------  --------------  --------------  --------------  --------------
    1:S:(Intercept)         70.172592       152.66194       -229.04481      369.38999     
    2:S:sex5                0.9130747       1.5913006       -2.2058745      4.0320238     
    3:S:time2006            -37.960627      1.1699469       -40.253723      -35.667531    
    4:S:time2007            -35.496857      0.0000000       -35.496857      -35.496857    
    5:S:time2008            -71.842387      152.66182       -371.05957      227.37479     
    6:S:time2009            -53.740480      3536.1151       -6984.5261      6877.0452     
    7:S:time2010            -16.119144      0.0000000       -16.119144      -16.119144    
    8:S:time2011            -99.897593      78.007464       -252.79222      52.997040     
    9:p:(Intercept)         -67.700970      0.0000000       -67.700970      -67.700970    
   10:p:time2007            60.436386       0.0000000       60.436386       60.436386     
   11:p:time2008            60.655563       0.0000000       60.655563       60.655563     
   12:p:time2009            -88.409458      0.0000000       -88.409458      -88.409458    
   13:p:time2010            61.740518       0.0000000       61.740518       61.740518     
   14:p:time2011            61.556976       0.0000000       61.556976       61.556976     
   15:r:(Intercept)         -3.1189281      0.0590959       -3.2347561      -3.0031001    
   16:F:(Intercept)         10.093230       1200.6046       -2343.0919      2363.2784     
   17:F:age1                -8.8809397      1200.6074       -2362.0714      2344.3096     
   18:F:age2                60.289345       36.391210       -11.037428      131.61612     
   19:F:age3                64.196732       0.0000000       64.196732       64.196732     
   20:F:age4                54.134931       0.1181264       53.903403       54.366459     
   21:F:age5                70.778595       0.0000000       70.778595       70.778595     


            Real Function Parameters of { S(~sex + time)p(~time)r(~1)F(~age) }
                                                               95% Confidence Interval
  Parameter                  Estimate       Standard Error      Lower           Upper
 --------------------------  --------------  --------------  --------------  --------------
     1:S g41 c2005 c1 a0 t2  1.0000000       0.0000000       1.0000000       1.0000000                           
     2:S g41 c2005 c1 a1 t2  1.0000000       0.1559885E-011  1.0000000       1.0000000                           
     3:S g41 c2005 c1 a2 t2  1.0000000       0.1355910E-012  1.0000000       1.0000000                           
     4:S g41 c2005 c1 a3 t2  0.1584514       0.1965435       0.0103666       0.7719141                           
     5:S g41 c2005 c1 a4 t2  0.9999999       0.2580491E-003  0.1349702E-296  1.0000000                           
     6:S g41 c2005 c1 a5 t2  1.0000000       0.0000000       1.0000000       1.0000000                           
     7:S g41 c2005 c1 a6 t2  0.1231959E-012  0.2076983E-010  -.4058568E-010  0.4083207E-010                      
     8:S g51 c2005 c1 a0 t2  1.0000000       0.0000000       1.0000000       1.0000000                           
     9:S g51 c2005 c1 a1 t2  1.0000000       0.6443176E-012  1.0000000       1.0000000                           
    10:S g51 c2005 c1 a2 t2  1.0000000       0.6779733E-013  1.0000000       1.0000000                           
    11:S g51 c2005 c1 a3 t2  0.3193586       0.3256870       0.0242824       0.8984371                           
    12:S g51 c2005 c1 a4 t2  1.0000000       0.1035522E-003  0.3363422E-296  1.0000000                           
    13:S g51 c2005 c1 a5 t2  1.0000000       0.0000000       1.0000000       1.0000000                           

  Program  MARK  - Survival Rate Estimation with Capture-Recapture Data
   gfortran(Win64) Vers. 8.0 Jun 2014   31-Jan-2015 13:38:13    Page  011
 - - - - - - - - - - - - - - - - - - - - - - - - - - - - - - - - - - - - - -
 
    14:S g51 c2005 c1 a6 t2  0.3070007E-012  0.5175907E-010  -.1011408E-009  0.1017548E-009                      
    15:p g41 c2005 c1 a1 t2  0.3961344E-029  0.0000000       0.3961344E-029  0.3961344E-029                      
    16:p g41 c2005 c1 a2 t2  0.6994033E-003  0.7334344E-003  0.8948141E-004  0.0054440                           
    17:p g41 c2005 c1 a3 t2  0.8706438E-003  0.7132290E-003  0.1746709E-003  0.0043277                           
    18:p g41 c2005 c1 a4 t2  0.1592586E-067  0.0000000       0.1592586E-067  0.1592586E-067                      
    19:p g41 c2005 c1 a5 t2  0.0025721       0.0015031       0.8172319E-003  0.0080649                           
    20:p g41 c2005 c1 a6 t2  0.0021417       0.0012037       0.7111290E-003  0.0064318                           
    21:r g41 c2005 c1 a0 t2  0.0423332       0.0023958       0.0378785       0.0472860                           
    22:F g41 c2005 c1 a0 t2  0.9999586       0.0496512       0.2383948E-299  1.0000000                           
    23:F g41 c2005 c1 a1 t2  0.7707039       0.5888545       0.0048752       0.9995665                           
    24:F g41 c2005 c1 a2 t2  1.0000000       0.0000000       1.0000000       1.0000000                           
    25:F g41 c2005 c1 a3 t2  1.0000000       0.0000000       1.0000000       1.0000000                           
    26:F g41 c2005 c1 a4 t2  1.0000000       0.0000000       1.0000000       1.0000000                           
    27:F g41 c2005 c1 a5 t2  1.0000000       0.0000000       1.0000000       1.0000000                           

 Attempted ordering of parameters by estimatibility:
  15  9 14 13  1 10  2 16 11  5 17  6  7  4  3 20 18  8 19 21 12
 Beta number 12 is a singular value.

     CPU Time in seconds for last procedure was 2.82


  INPUT --- proc stop;

     CPU Time in minutes for this job was 0.05

     Time Start = 13:38:13.376   Time End = 13:38:13.992

     Wall Clock Time in minutes for this job was 0.01


          E X E C U T I O N   S U C C E S S F U L 
