
   Program  MARK  - Survival Rate Estimation with Capture-Recapture Data
   gfortran(Win64) Vers. 8.0 Jun 2014   25-Jan-2015 15:10:39    Page  001
 - - - - - - - - - - - - - - - - - - - - - - - - - - - - - - - - - - - - - -
 
   This version was compiled by GCC version 4.8.1 using the options 
   -m64 -mtune=generic -march=x86-64 -mthreads -O2 -fimplicit-none -fbounds-check -funroll-loops -ftree-vectorize -fopenmp.
   This problem will use 7 of 8 possible threads.


  INPUT --- proc title ;

     CPU Time in seconds for last procedure was 0.00


  INPUT --- proc chmatrix occasions= 7 groups= 6 etype= Both ICMeans 
  INPUT --- NoHist hist= 51 ;

  INPUT ---    time  interval 1 1 1 1 1 1 1 ;

  INPUT ---    glabel(1)=sex4.age1;

  INPUT ---    glabel(2)=sex5.age1;

  INPUT ---    glabel(3)=sex4.age2;

  INPUT ---    glabel(4)=sex5.age2;

  INPUT ---    glabel(5)=sex4.age4;

  INPUT ---    glabel(6)=sex5.age4;

   * *  WARNING  * *   At least a pair of the encounter histories are duplicates. 

      Number of unique encounter histories read was 17.

      Number of individual covariates read was 0.
      Time interval lengths are all equal to 1.

      Data type number is 3
      Data type is Joint Live and Dead Encounters (Burnham)                                                            

     CPU Time in seconds for last procedure was 0.00

  Program  MARK  - Survival Rate Estimation with Capture-Recapture Data
   gfortran(Win64) Vers. 8.0 Jun 2014   25-Jan-2015 15:10:39    Page  002
 - - - - - - - - - - - - - - - - - - - - - - - - - - - - - - - - - - - - - -
 


  INPUT --- proc estimate link=Logit NOLOOP varest=2ndPart    ;


  INPUT --- model={ S(~age + time)p(~sex)r(~1)F(~1) };

  INPUT ---    group=1 S    rows=7 cols=7 Triang ;
  INPUT ---        1 2 3 4 5 6 7 ;
  INPUT ---        8 9 10 11 12 13 ;
  INPUT ---        14 15 16 17 18 ;
  INPUT ---        19 20 21 22 ;
  INPUT ---        23 24 25 ;
  INPUT ---        26 27 ;
  INPUT ---        28 ;

  INPUT ---    group=2 S    rows=7 cols=7 Triang ;
  INPUT ---        1 2 3 4 5 6 7 ;
  INPUT ---        8 9 10 11 12 13 ;
  INPUT ---        14 15 16 17 18 ;
  INPUT ---        19 20 21 22 ;
  INPUT ---        23 24 25 ;
  INPUT ---        26 27 ;
  INPUT ---        28 ;

  INPUT ---    group=3 S    rows=7 cols=7 Triang ;
  INPUT ---        1 2 3 4 5 6 7 ;
  INPUT ---        8 9 10 11 12 13 ;
  INPUT ---        14 15 16 17 18 ;
  INPUT ---        19 20 21 22 ;
  INPUT ---        23 24 25 ;
  INPUT ---        26 27 ;
  INPUT ---        28 ;

  INPUT ---    group=4 S    rows=7 cols=7 Triang ;
  INPUT ---        1 2 3 4 5 6 7 ;
  INPUT ---        8 9 10 11 12 13 ;
  INPUT ---        14 15 16 17 18 ;
  INPUT ---        19 20 21 22 ;
  INPUT ---        23 24 25 ;
  INPUT ---        26 27 ;
  INPUT ---        28 ;

  INPUT ---    group=5 S    rows=7 cols=7 Triang ;
  INPUT ---        1 2 3 4 5 6 7 ;
  INPUT ---        8 9 10 11 12 13 ;

  Program  MARK  - Survival Rate Estimation with Capture-Recapture Data
   gfortran(Win64) Vers. 8.0 Jun 2014   25-Jan-2015 15:10:39    Page  003
 - - - - - - - - - - - - - - - - - - - - - - - - - - - - - - - - - - - - - -
 
  INPUT ---        14 15 16 17 18 ;
  INPUT ---        19 20 21 22 ;
  INPUT ---        23 24 25 ;
  INPUT ---        26 27 ;
  INPUT ---        28 ;

  INPUT ---    group=6 S    rows=7 cols=7 Triang ;
  INPUT ---        1 2 3 4 5 6 7 ;
  INPUT ---        8 9 10 11 12 13 ;
  INPUT ---        14 15 16 17 18 ;
  INPUT ---        19 20 21 22 ;
  INPUT ---        23 24 25 ;
  INPUT ---        26 27 ;
  INPUT ---        28 ;

  INPUT ---    group=1 p    rows=6 cols=6 Triang ;
  INPUT ---        29 29 29 29 29 29 ;
  INPUT ---        29 29 29 29 29 ;
  INPUT ---        29 29 29 29 ;
  INPUT ---        29 29 29 ;
  INPUT ---        29 29 ;
  INPUT ---        29 ;

  INPUT ---    group=2 p    rows=6 cols=6 Triang ;
  INPUT ---        30 30 30 30 30 30 ;
  INPUT ---        30 30 30 30 30 ;
  INPUT ---        30 30 30 30 ;
  INPUT ---        30 30 30 ;
  INPUT ---        30 30 ;
  INPUT ---        30 ;

  INPUT ---    group=3 p    rows=6 cols=6 Triang ;
  INPUT ---        29 29 29 29 29 29 ;
  INPUT ---        29 29 29 29 29 ;
  INPUT ---        29 29 29 29 ;
  INPUT ---        29 29 29 ;
  INPUT ---        29 29 ;
  INPUT ---        29 ;

  INPUT ---    group=4 p    rows=6 cols=6 Triang ;
  INPUT ---        30 30 30 30 30 30 ;
  INPUT ---        30 30 30 30 30 ;
  INPUT ---        30 30 30 30 ;
  INPUT ---        30 30 30 ;
  INPUT ---        30 30 ;
  INPUT ---        30 ;

  Program  MARK  - Survival Rate Estimation with Capture-Recapture Data
   gfortran(Win64) Vers. 8.0 Jun 2014   25-Jan-2015 15:10:39    Page  004
 - - - - - - - - - - - - - - - - - - - - - - - - - - - - - - - - - - - - - -
 

  INPUT ---    group=5 p    rows=6 cols=6 Triang ;
  INPUT ---        29 29 29 29 29 29 ;
  INPUT ---        29 29 29 29 29 ;
  INPUT ---        29 29 29 29 ;
  INPUT ---        29 29 29 ;
  INPUT ---        29 29 ;
  INPUT ---        29 ;

  INPUT ---    group=6 p    rows=6 cols=6 Triang ;
  INPUT ---        30 30 30 30 30 30 ;
  INPUT ---        30 30 30 30 30 ;
  INPUT ---        30 30 30 30 ;
  INPUT ---        30 30 30 ;
  INPUT ---        30 30 ;
  INPUT ---        30 ;

  INPUT ---    group=1 r    rows=7 cols=7 Triang ;
  INPUT ---        31 31 31 31 31 31 31 ;
  INPUT ---        31 31 31 31 31 31 ;
  INPUT ---        31 31 31 31 31 ;
  INPUT ---        31 31 31 31 ;
  INPUT ---        31 31 31 ;
  INPUT ---        31 31 ;
  INPUT ---        31 ;

  INPUT ---    group=2 r    rows=7 cols=7 Triang ;
  INPUT ---        31 31 31 31 31 31 31 ;
  INPUT ---        31 31 31 31 31 31 ;
  INPUT ---        31 31 31 31 31 ;
  INPUT ---        31 31 31 31 ;
  INPUT ---        31 31 31 ;
  INPUT ---        31 31 ;
  INPUT ---        31 ;

  INPUT ---    group=3 r    rows=7 cols=7 Triang ;
  INPUT ---        31 31 31 31 31 31 31 ;
  INPUT ---        31 31 31 31 31 31 ;
  INPUT ---        31 31 31 31 31 ;
  INPUT ---        31 31 31 31 ;
  INPUT ---        31 31 31 ;
  INPUT ---        31 31 ;
  INPUT ---        31 ;

  INPUT ---    group=4 r    rows=7 cols=7 Triang ;
  INPUT ---        31 31 31 31 31 31 31 ;

  Program  MARK  - Survival Rate Estimation with Capture-Recapture Data
   gfortran(Win64) Vers. 8.0 Jun 2014   25-Jan-2015 15:10:39    Page  005
 - - - - - - - - - - - - - - - - - - - - - - - - - - - - - - - - - - - - - -
 
  INPUT ---        31 31 31 31 31 31 ;
  INPUT ---        31 31 31 31 31 ;
  INPUT ---        31 31 31 31 ;
  INPUT ---        31 31 31 ;
  INPUT ---        31 31 ;
  INPUT ---        31 ;

  INPUT ---    group=5 r    rows=7 cols=7 Triang ;
  INPUT ---        31 31 31 31 31 31 31 ;
  INPUT ---        31 31 31 31 31 31 ;
  INPUT ---        31 31 31 31 31 ;
  INPUT ---        31 31 31 31 ;
  INPUT ---        31 31 31 ;
  INPUT ---        31 31 ;
  INPUT ---        31 ;

  INPUT ---    group=6 r    rows=7 cols=7 Triang ;
  INPUT ---        31 31 31 31 31 31 31 ;
  INPUT ---        31 31 31 31 31 31 ;
  INPUT ---        31 31 31 31 31 ;
  INPUT ---        31 31 31 31 ;
  INPUT ---        31 31 31 ;
  INPUT ---        31 31 ;
  INPUT ---        31 ;

  INPUT ---    group=1 F    rows=6 cols=6 Triang ;
  INPUT ---        32 32 32 32 32 32 ;
  INPUT ---        32 32 32 32 32 ;
  INPUT ---        32 32 32 32 ;
  INPUT ---        32 32 32 ;
  INPUT ---        32 32 ;
  INPUT ---        32 ;

  INPUT ---    group=2 F    rows=6 cols=6 Triang ;
  INPUT ---        32 32 32 32 32 32 ;
  INPUT ---        32 32 32 32 32 ;
  INPUT ---        32 32 32 32 ;
  INPUT ---        32 32 32 ;
  INPUT ---        32 32 ;
  INPUT ---        32 ;

  INPUT ---    group=3 F    rows=6 cols=6 Triang ;
  INPUT ---        32 32 32 32 32 32 ;
  INPUT ---        32 32 32 32 32 ;
  INPUT ---        32 32 32 32 ;
  INPUT ---        32 32 32 ;

  Program  MARK  - Survival Rate Estimation with Capture-Recapture Data
   gfortran(Win64) Vers. 8.0 Jun 2014   25-Jan-2015 15:10:39    Page  006
 - - - - - - - - - - - - - - - - - - - - - - - - - - - - - - - - - - - - - -
 
  INPUT ---        32 32 ;
  INPUT ---        32 ;

  INPUT ---    group=4 F    rows=6 cols=6 Triang ;
  INPUT ---        32 32 32 32 32 32 ;
  INPUT ---        32 32 32 32 32 ;
  INPUT ---        32 32 32 32 ;
  INPUT ---        32 32 32 ;
  INPUT ---        32 32 ;
  INPUT ---        32 ;

  INPUT ---    group=5 F    rows=6 cols=6 Triang ;
  INPUT ---        32 32 32 32 32 32 ;
  INPUT ---        32 32 32 32 32 ;
  INPUT ---        32 32 32 32 ;
  INPUT ---        32 32 32 ;
  INPUT ---        32 32 ;
  INPUT ---        32 ;

  INPUT ---    group=6 F    rows=6 cols=6 Triang ;
  INPUT ---        32 32 32 32 32 32 ;
  INPUT ---        32 32 32 32 32 ;
  INPUT ---        32 32 32 32 ;
  INPUT ---        32 32 32 ;
  INPUT ---        32 32 ;
  INPUT ---        32 ;

  INPUT ---    design matrix constraints=32 covariates=17;
  INPUT ---        1 0 0 0 0 0 0 0 0 0 0 0 0 0 0 0 0;
  INPUT ---        1 1 0 0 0 0 0 1 0 0 0 0 0 0 0 0 0;
  INPUT ---        1 0 1 0 0 0 0 0 1 0 0 0 0 0 0 0 0;
  INPUT ---        1 0 0 1 0 0 0 0 0 1 0 0 0 0 0 0 0;
  INPUT ---        1 0 0 0 1 0 0 0 0 0 1 0 0 0 0 0 0;
  INPUT ---        1 0 0 0 0 1 0 0 0 0 0 1 0 0 0 0 0;
  INPUT ---        1 0 0 0 0 0 1 0 0 0 0 0 1 0 0 0 0;
  INPUT ---        1 0 0 0 0 0 0 1 0 0 0 0 0 0 0 0 0;
  INPUT ---        1 1 0 0 0 0 0 0 1 0 0 0 0 0 0 0 0;
  INPUT ---        1 0 1 0 0 0 0 0 0 1 0 0 0 0 0 0 0;
  INPUT ---        1 0 0 1 0 0 0 0 0 0 1 0 0 0 0 0 0;
  INPUT ---        1 0 0 0 1 0 0 0 0 0 0 1 0 0 0 0 0;
  INPUT ---        1 0 0 0 0 1 0 0 0 0 0 0 1 0 0 0 0;
  INPUT ---        1 0 0 0 0 0 0 0 1 0 0 0 0 0 0 0 0;
  INPUT ---        1 1 0 0 0 0 0 0 0 1 0 0 0 0 0 0 0;
  INPUT ---        1 0 1 0 0 0 0 0 0 0 1 0 0 0 0 0 0;
  INPUT ---        1 0 0 1 0 0 0 0 0 0 0 1 0 0 0 0 0;
  INPUT ---        1 0 0 0 1 0 0 0 0 0 0 0 1 0 0 0 0;

  Program  MARK  - Survival Rate Estimation with Capture-Recapture Data
   gfortran(Win64) Vers. 8.0 Jun 2014   25-Jan-2015 15:10:39    Page  007
 - - - - - - - - - - - - - - - - - - - - - - - - - - - - - - - - - - - - - -
 
  INPUT ---        1 0 0 0 0 0 0 0 0 1 0 0 0 0 0 0 0;
  INPUT ---        1 1 0 0 0 0 0 0 0 0 1 0 0 0 0 0 0;
  INPUT ---        1 0 1 0 0 0 0 0 0 0 0 1 0 0 0 0 0;
  INPUT ---        1 0 0 1 0 0 0 0 0 0 0 0 1 0 0 0 0;
  INPUT ---        1 0 0 0 0 0 0 0 0 0 1 0 0 0 0 0 0;
  INPUT ---        1 1 0 0 0 0 0 0 0 0 0 1 0 0 0 0 0;
  INPUT ---        1 0 1 0 0 0 0 0 0 0 0 0 1 0 0 0 0;
  INPUT ---        1 0 0 0 0 0 0 0 0 0 0 1 0 0 0 0 0;
  INPUT ---        1 1 0 0 0 0 0 0 0 0 0 0 1 0 0 0 0;
  INPUT ---        1 0 0 0 0 0 0 0 0 0 0 0 1 0 0 0 0;
  INPUT ---        0 0 0 0 0 0 0 0 0 0 0 0 0 1 0 0 0;
  INPUT ---        0 0 0 0 0 0 0 0 0 0 0 0 0 1 1 0 0;
  INPUT ---        0 0 0 0 0 0 0 0 0 0 0 0 0 0 0 1 0;
  INPUT ---        0 0 0 0 0 0 0 0 0 0 0 0 0 0 0 0 1;

  INPUT ---    blabel(1)=S:(Intercept);

  INPUT ---    blabel(2)=S:age1;

  INPUT ---    blabel(3)=S:age2;

  INPUT ---    blabel(4)=S:age3;

  INPUT ---    blabel(5)=S:age4;

  INPUT ---    blabel(6)=S:age5;

  INPUT ---    blabel(7)=S:age6;

  INPUT ---    blabel(8)=S:time2006;

  INPUT ---    blabel(9)=S:time2007;

  INPUT ---    blabel(10)=S:time2008;

  INPUT ---    blabel(11)=S:time2009;

  INPUT ---    blabel(12)=S:time2010;

  INPUT ---    blabel(13)=S:time2011;

  INPUT ---    blabel(14)=p:(Intercept);

  INPUT ---    blabel(15)=p:sex5;

  INPUT ---    blabel(16)=r:(Intercept);

  Program  MARK  - Survival Rate Estimation with Capture-Recapture Data
   gfortran(Win64) Vers. 8.0 Jun 2014   25-Jan-2015 15:10:39    Page  008
 - - - - - - - - - - - - - - - - - - - - - - - - - - - - - - - - - - - - - -
 

  INPUT ---    blabel(17)=F:(Intercept);

  INPUT ---    rlabel(1)=S g41 c2005 c1 a0 t2005;

  INPUT ---    rlabel(2)=S g41 c2005 c1 a1 t2006;

  INPUT ---    rlabel(3)=S g41 c2005 c1 a2 t2007;

  INPUT ---    rlabel(4)=S g41 c2005 c1 a3 t2008;

  INPUT ---    rlabel(5)=S g41 c2005 c1 a4 t2009;

  INPUT ---    rlabel(6)=S g41 c2005 c1 a5 t2010;

  INPUT ---    rlabel(7)=S g41 c2005 c1 a6 t2011;

  INPUT ---    rlabel(8)=S g41 c2006 c2 a0 t2006;

  INPUT ---    rlabel(9)=S g41 c2006 c2 a1 t2007;

  INPUT ---    rlabel(10)=S g41 c2006 c2 a2 t2008;

  INPUT ---    rlabel(11)=S g41 c2006 c2 a3 t2009;

  INPUT ---    rlabel(12)=S g41 c2006 c2 a4 t2010;

  INPUT ---    rlabel(13)=S g41 c2006 c2 a5 t2011;

  INPUT ---    rlabel(14)=S g41 c2007 c3 a0 t2007;

  INPUT ---    rlabel(15)=S g41 c2007 c3 a1 t2008;

  INPUT ---    rlabel(16)=S g41 c2007 c3 a2 t2009;

  INPUT ---    rlabel(17)=S g41 c2007 c3 a3 t2010;

  INPUT ---    rlabel(18)=S g41 c2007 c3 a4 t2011;

  INPUT ---    rlabel(19)=S g41 c2008 c4 a0 t2008;

  INPUT ---    rlabel(20)=S g41 c2008 c4 a1 t2009;

  INPUT ---    rlabel(21)=S g41 c2008 c4 a2 t2010;

  INPUT ---    rlabel(22)=S g41 c2008 c4 a3 t2011;

  Program  MARK  - Survival Rate Estimation with Capture-Recapture Data
   gfortran(Win64) Vers. 8.0 Jun 2014   25-Jan-2015 15:10:39    Page  009
 - - - - - - - - - - - - - - - - - - - - - - - - - - - - - - - - - - - - - -
 

  INPUT ---    rlabel(23)=S g41 c2009 c5 a0 t2009;

  INPUT ---    rlabel(24)=S g41 c2009 c5 a1 t2010;

  INPUT ---    rlabel(25)=S g41 c2009 c5 a2 t2011;

  INPUT ---    rlabel(26)=S g41 c2010 c6 a0 t2010;

  INPUT ---    rlabel(27)=S g41 c2010 c6 a1 t2011;

  INPUT ---    rlabel(28)=S g41 c2011 c7 a0 t2011;

  INPUT ---    rlabel(29)=p g41 c2005 c1 a1 t2006;

  INPUT ---    rlabel(30)=p g51 c2005 c1 a1 t2006;

  INPUT ---    rlabel(31)=r g41 c2005 c1 a0 t2005;

  INPUT ---    rlabel(32)=F g41 c2005 c1 a0 t2005;

 Link Function Used is LOGIT        

 Variance Estimation Procedure Used is 2ndPart 

 M(t+1):



 -2logL(saturated) = 1739.8188     
 Effective Sample Size = 7075

 Number of function evaluations was 108 for 17 parameters.
 Time for numerical optimization was 1.90 seconds.
 -2logL { S(~age + time)p(~sex)r(~1)F(~1) } = 2577.0413     
 Penalty { S(~age + time)p(~sex)r(~1)F(~1) } = -0.0000000    
 Gradient { S(~age + time)p(~sex)r(~1)F(~1) }:
  0.3375920E-04 0.9956808E-06  0.000000    -0.3033087E-05  0.000000    
  0.1107469E-04  0.000000      0.000000     0.4129322E-04 0.1018628E-05
  0.2948657E-05  0.000000    -0.3290297E-05 0.9959004E-04 0.1058548E-03
  0.1491276E-03-0.2950245E-05
 S Vector { S(~age + time)p(~sex)r(~1)F(~1) }:
   284.2918      16.35133      3.952440      2.297988      1.087299    
  0.6081044     0.1490487     0.5267620E-01 0.3965687E-05 0.3432252E-05
  0.2622269E-05 0.1548270E-05 0.1106544E-05 0.1909538E-06 0.6821645E-07
  0.5177847E-07 0.1625691E-07
 Time to compute number of parameters was 0.22 seconds.
   Threshold =  0.3600000E-06     Condition index =  0.5718390E-10     New Threshold =  0.6702898E-07

  Program  MARK  - Survival Rate Estimation with Capture-Recapture Data
   gfortran(Win64) Vers. 8.0 Jun 2014   25-Jan-2015 15:10:39    Page  010
 - - - - - - - - - - - - - - - - - - - - - - - - - - - - - - - - - - - - - -
 
 New Guessimate of Estimated Parameters { S(~age + time)p(~sex)r(~1)F(~1) } = 8          
 Conditioned S Vector { S(~age + time)p(~sex)r(~1)F(~1) }:
   1.000000     0.5751602E-01 0.1390276E-01 0.8083203E-02 0.3824587E-02
  0.2139015E-02 0.5242807E-03 0.1852892E-03 0.1394935E-07 0.1207299E-07
  0.9223865E-08 0.5446060E-08 0.3892283E-08 0.6716825E-09 0.2399522E-09
  0.1821314E-09 0.5718390E-10
 Number of Estimated Parameters { S(~age + time)p(~sex)r(~1)F(~1) } = 8          
 DEVIANCE { S(~age + time)p(~sex)r(~1)F(~1) } = 837.22252                     
 DEVIANCE Degrees of Freedom { S(~age + time)p(~sex)r(~1)F(~1) } = 7            
 c-hat { S(~age + time)p(~sex)r(~1)F(~1) } = 119.60322                     
 AIC { S(~age + time)p(~sex)r(~1)F(~1) } = 2593.0413                  
 AICc { S(~age + time)p(~sex)r(~1)F(~1) } = 2593.0617                    
 BIC { S(~age + time)p(~sex)r(~1)F(~1) } = 2647.9559                    
 Pearson Chisquare { S(~age + time)p(~sex)r(~1)F(~1) } = Not a Number               
 Possible Encounter Histories { S(~age + time)p(~sex)r(~1)F(~1) } = 896             
 Pearson Chisquare df { S(~age + time)p(~sex)r(~1)F(~1) } = 852        
 Pearson chat { S(~age + time)p(~sex)r(~1)F(~1) } = Not a Number               
 Sum(Observed/Expected) { S(~age + time)p(~sex)r(~1)F(~1) } = Not a Number               
 Fletcher chat { S(~age + time)p(~sex)r(~1)F(~1) } = Not a Number               


             LOGIT Link Function Parameters of { S(~age + time)p(~sex)r(~1)F(~1) }
                                                              95% Confidence Interval
 Parameter                    Beta         Standard Error      Lower           Upper
 -------------------------  --------------  --------------  --------------  --------------
    1:S:(Intercept)         -0.3470323      1.3846945       -3.0610336      2.3669690     
    2:S:age1                44.672004       0.0000000       44.672004       44.672004     
    3:S:age2                19.289794       5735.7975       -11222.873      11261.453     
    4:S:age3                43.978666       0.0000000       43.978666       43.978666     
    5:S:age4                0.9564107       543.64027       -1064.5785      1066.4914     
    6:S:age5                3.1061841       0.0000000       3.1061841       3.1061841     
    7:S:age6                0.1444731       292.41117       -572.98143      573.27038     
    8:S:time2006            -27.142452      4056.3415       -7977.5719      7923.2870     
    9:S:time2007            0.1012640       2.1393481       -4.0918583      4.2943864     
   10:S:time2008            -43.643106      0.0000000       -43.643106      -43.643106    
   11:S:time2009            14.422188       957.62337       -1862.5197      1891.3640     
   12:S:time2010            26.778898       6468.0335       -12650.567      12704.125     
   13:S:time2011            -40.462583      0.0000000       -40.462583      -40.462583    
   14:p:(Intercept)         -5.8492897      0.4597830       -6.7504644      -4.9481150    
   15:p:sex5                -0.7183817      0.6139123       -1.9216498      0.4848864     
   16:r:(Intercept)         -2.9641998      0.0594042       -3.0806322      -2.8477675    
   17:F:(Intercept)         14.413886       814.95946       -1582.9067      1611.7345     


             Real Function Parameters of { S(~age + time)p(~sex)r(~1)F(~1) }
                                                               95% Confidence Interval
  Parameter                  Estimate       Standard Error      Lower           Upper
 --------------------------  --------------  --------------  --------------  --------------
     1:S g41 c2005 c1 a0 t2  0.4141023       0.3359568       0.0447435       0.9142736                           
     2:S g41 c2005 c1 a1 t2  1.0000000       0.1394065E-003  0.2858486E-296  1.0000000                           
     3:S g41 c2005 c1 a2 t2  1.0000000       0.3075241E-004  0.9999397       1.0000603                           
     4:S g41 c2005 c1 a3 t2  0.4971318       0.6062359       0.0084549       0.9913506                           
     5:S g41 c2005 c1 a4 t2  0.9999997       0.3203410E-003  0.3326510E-297  1.0000000                           
     6:S g41 c2005 c1 a5 t2  1.0000000       0.1063519E-008  1.0000000       1.0000000                           
     7:S g41 c2005 c1 a6 t2  0.2184506E-017  0.0000000       0.2184506E-017  0.2184506E-017                      
     8:S g41 c2006 c2 a0 t2  0.1152043E-011  0.4673091E-008  -.9158106E-008  0.9160410E-008                      
     9:S g41 c2006 c2 a1 t2  1.0000000       0.0000000       1.0000000       1.0000000                           
    10:S g41 c2006 c2 a2 t2  0.1874031E-010  0.1071963E-006  -.2100860E-006  0.2101235E-006                      
    11:S g41 c2006 c2 a3 t2  1.0000000       0.0000000       1.0000000       1.0000000                           
    12:S g41 c2006 c2 a4 t2  1.0000000       0.8416395E-008  1.0000000       1.0000000                           

  Program  MARK  - Survival Rate Estimation with Capture-Recapture Data
   gfortran(Win64) Vers. 8.0 Jun 2014   25-Jan-2015 15:10:39    Page  011
 - - - - - - - - - - - - - - - - - - - - - - - - - - - - - - - - - - - - - -
 
    13:S g41 c2006 c2 a5 t2  0.4222872E-016  0.0000000       0.4222872E-016  0.4222872E-016                      
    14:S g41 c2007 c3 a0 t2  0.4388654       0.4710638       0.0180755       0.9707850                           
    15:S g41 c2007 c3 a1 t2  0.6641549       0.8087533       0.0016183       0.9995857                           
    16:S g41 c2007 c3 a2 t2  1.0000000       0.1971715E-010  1.0000000       1.0000000                           
    17:S g41 c2007 c3 a3 t2  1.0000000       0.0000000       1.0000000       1.0000000                           
    18:S g41 c2007 c3 a4 t2  0.4920092E-017  0.2200613E-014  -.4308282E-014  0.4318122E-014                      
    19:S g41 c2008 c4 a0 t2  0.7858245E-019  0.0000000       0.7858245E-019  0.7858245E-019                      
    20:S g41 c2008 c4 a1 t2  1.0000000       0.0000000       1.0000000       1.0000000                           
    21:S g41 c2008 c4 a2 t2  1.0000000       0.0000000       1.0000000       1.0000000                           
    22:S g41 c2008 c4 a3 t2  0.9596528       0.1734664       0.0036406       0.9999935                           
    23:S g41 c2009 c5 a0 t2  0.9999992       0.7386380E-003  0.1278277E-297  1.0000000                           
    24:S g41 c2009 c5 a1 t2  1.0000000       0.0000000       1.0000000       1.0000000                           
    25:S g41 c2009 c5 a2 t2  0.4508796E-009  0.2579078E-005  -.5054542E-005  0.5055444E-005                      
    26:S g41 c2010 c6 a0 t2  1.0000000       0.2145671E-007  1.0000000       1.0000000                           
    27:S g41 c2010 c6 a1 t2  0.9794149       0.0206075       0.8651823       0.9971731                           
    28:S g41 c2011 c7 a0 t2  0.1890642E-017  0.0000000       0.1890642E-017  0.1890642E-017                      
    29:p g41 c2005 c1 a1 t2  0.0028737       0.0013175       0.0011690       0.0070468                           
    30:p g51 c2005 c1 a1 t2  0.0014031       0.8045511E-003  0.4557373E-003  0.0043113                           
    31:r g41 c2005 c1 a0 t2  0.0490697       0.0027719       0.0439133       0.0547968                           
    32:F g41 c2005 c1 a0 t2  0.9999995       0.4479859E-003  0.1793634E-297  1.0000000                           

 Attempted ordering of parameters by estimatibility:
  16 14  1 15 13  9 10  4  2  5  7 17 11  6  8  3 12
 Beta number 12 is a singular value.

     CPU Time in seconds for last procedure was 2.15

  Program  MARK  - Survival Rate Estimation with Capture-Recapture Data
   gfortran(Win64) Vers. 8.0 Jun 2014   25-Jan-2015 15:10:39    Page  012
 - - - - - - - - - - - - - - - - - - - - - - - - - - - - - - - - - - - - - -
 


  INPUT --- proc stop;

     CPU Time in minutes for this job was 0.04

     Time Start = 15:10:39.295   Time End = 15:10:39.882

     Wall Clock Time in minutes for this job was 0.01


          E X E C U T I O N   S U C C E S S F U L 
