
   Program  MARK  - Survival Rate Estimation with Capture-Recapture Data
   gfortran(Win64) Vers. 8.0 Jun 2014   21-Jan-2015 17:38:21    Page  001
 - - - - - - - - - - - - - - - - - - - - - - - - - - - - - - - - - - - - - -
 
   This version was compiled by GCC version 4.8.1 using the options 
   -m64 -mtune=generic -march=x86-64 -mthreads -O2 -fimplicit-none -fbounds-check -funroll-loops -ftree-vectorize -fopenmp.
   This problem will use 3 of 4 possible threads.


  INPUT --- proc title ;

     CPU Time in seconds for last procedure was 0.02


  INPUT --- proc chmatrix occasions= 7 groups= 16 etype= Live ICMeans 
  INPUT --- NoHist hist= 341 ;

  INPUT ---    time  interval 1 1 1 1 1 1 ;

  INPUT ---    glabel(1)=sexM.age1.region1;

  INPUT ---    glabel(2)=sexF.age2.region1;

  INPUT ---    glabel(3)=sexM.age2.region1;

  INPUT ---    glabel(4)=sexF.age3.region1;

  INPUT ---    glabel(5)=sexM.age1.region2;

  INPUT ---    glabel(6)=sexF.age2.region2;

  INPUT ---    glabel(7)=sexM.age2.region2;

  INPUT ---    glabel(8)=sexF.age3.region2;

  INPUT ---    glabel(9)=sexM.age1.region3;

  INPUT ---    glabel(10)=sexF.age2.region3;

  INPUT ---    glabel(11)=sexM.age2.region3;

  INPUT ---    glabel(12)=sexF.age3.region3;

  INPUT ---    glabel(13)=sexM.age1.region4;

  INPUT ---    glabel(14)=sexF.age2.region4;

  INPUT ---    glabel(15)=sexM.age2.region4;


  Program  MARK  - Survival Rate Estimation with Capture-Recapture Data
   gfortran(Win64) Vers. 8.0 Jun 2014   21-Jan-2015 17:38:21    Page  002
 - - - - - - - - - - - - - - - - - - - - - - - - - - - - - - - - - - - - - -
 
  INPUT ---    glabel(16)=sexF.age3.region4;

   * *  WARNING  * *   At least a pair of the encounter histories are duplicates. 

      Number of unique encounter histories read was 108.

      Number of individual covariates read was 0.
      Time interval lengths are all equal to 1.

      Data type number is 1
      Data type is Live Recaptures (CJS)                                                                               

     CPU Time in seconds for last procedure was 0.02


  INPUT --- proc estimate link=Logit NOLOOP varest=2ndPart    ;


  INPUT --- model={ Phi(~time)p(~time) };

  INPUT ---    fixed=1;
  INPUT ---        parm(12)=1 ;

  INPUT ---    group=1 Phi    rows=6 cols=6 Triang ;
  INPUT ---        1 2 3 4 5 6 ;
  INPUT ---        2 3 4 5 6 ;
  INPUT ---        3 4 5 6 ;
  INPUT ---        4 5 6 ;
  INPUT ---        5 6 ;
  INPUT ---        6 ;

  INPUT ---    group=2 Phi    rows=6 cols=6 Triang ;
  INPUT ---        1 2 3 4 5 6 ;
  INPUT ---        2 3 4 5 6 ;
  INPUT ---        3 4 5 6 ;
  INPUT ---        4 5 6 ;
  INPUT ---        5 6 ;
  INPUT ---        6 ;

  INPUT ---    group=3 Phi    rows=6 cols=6 Triang ;
  INPUT ---        1 2 3 4 5 6 ;
  INPUT ---        2 3 4 5 6 ;
  INPUT ---        3 4 5 6 ;
  INPUT ---        4 5 6 ;
  INPUT ---        5 6 ;
  INPUT ---        6 ;


  Program  MARK  - Survival Rate Estimation with Capture-Recapture Data
   gfortran(Win64) Vers. 8.0 Jun 2014   21-Jan-2015 17:38:21    Page  003
 - - - - - - - - - - - - - - - - - - - - - - - - - - - - - - - - - - - - - -
 
  INPUT ---    group=4 Phi    rows=6 cols=6 Triang ;
  INPUT ---        1 2 3 4 5 6 ;
  INPUT ---        2 3 4 5 6 ;
  INPUT ---        3 4 5 6 ;
  INPUT ---        4 5 6 ;
  INPUT ---        5 6 ;
  INPUT ---        6 ;

  INPUT ---    group=5 Phi    rows=6 cols=6 Triang ;
  INPUT ---        1 2 3 4 5 6 ;
  INPUT ---        2 3 4 5 6 ;
  INPUT ---        3 4 5 6 ;
  INPUT ---        4 5 6 ;
  INPUT ---        5 6 ;
  INPUT ---        6 ;

  INPUT ---    group=6 Phi    rows=6 cols=6 Triang ;
  INPUT ---        1 2 3 4 5 6 ;
  INPUT ---        2 3 4 5 6 ;
  INPUT ---        3 4 5 6 ;
  INPUT ---        4 5 6 ;
  INPUT ---        5 6 ;
  INPUT ---        6 ;

  INPUT ---    group=7 Phi    rows=6 cols=6 Triang ;
  INPUT ---        1 2 3 4 5 6 ;
  INPUT ---        2 3 4 5 6 ;
  INPUT ---        3 4 5 6 ;
  INPUT ---        4 5 6 ;
  INPUT ---        5 6 ;
  INPUT ---        6 ;

  INPUT ---    group=8 Phi    rows=6 cols=6 Triang ;
  INPUT ---        1 2 3 4 5 6 ;
  INPUT ---        2 3 4 5 6 ;
  INPUT ---        3 4 5 6 ;
  INPUT ---        4 5 6 ;
  INPUT ---        5 6 ;
  INPUT ---        6 ;

  INPUT ---    group=9 Phi    rows=6 cols=6 Triang ;
  INPUT ---        1 2 3 4 5 6 ;
  INPUT ---        2 3 4 5 6 ;
  INPUT ---        3 4 5 6 ;
  INPUT ---        4 5 6 ;
  INPUT ---        5 6 ;

  Program  MARK  - Survival Rate Estimation with Capture-Recapture Data
   gfortran(Win64) Vers. 8.0 Jun 2014   21-Jan-2015 17:38:21    Page  004
 - - - - - - - - - - - - - - - - - - - - - - - - - - - - - - - - - - - - - -
 
  INPUT ---        6 ;

  INPUT ---    group=10 Phi    rows=6 cols=6 Triang ;
  INPUT ---        1 2 3 4 5 6 ;
  INPUT ---        2 3 4 5 6 ;
  INPUT ---        3 4 5 6 ;
  INPUT ---        4 5 6 ;
  INPUT ---        5 6 ;
  INPUT ---        6 ;

  INPUT ---    group=11 Phi    rows=6 cols=6 Triang ;
  INPUT ---        1 2 3 4 5 6 ;
  INPUT ---        2 3 4 5 6 ;
  INPUT ---        3 4 5 6 ;
  INPUT ---        4 5 6 ;
  INPUT ---        5 6 ;
  INPUT ---        6 ;

  INPUT ---    group=12 Phi    rows=6 cols=6 Triang ;
  INPUT ---        1 2 3 4 5 6 ;
  INPUT ---        2 3 4 5 6 ;
  INPUT ---        3 4 5 6 ;
  INPUT ---        4 5 6 ;
  INPUT ---        5 6 ;
  INPUT ---        6 ;

  INPUT ---    group=13 Phi    rows=6 cols=6 Triang ;
  INPUT ---        1 2 3 4 5 6 ;
  INPUT ---        2 3 4 5 6 ;
  INPUT ---        3 4 5 6 ;
  INPUT ---        4 5 6 ;
  INPUT ---        5 6 ;
  INPUT ---        6 ;

  INPUT ---    group=14 Phi    rows=6 cols=6 Triang ;
  INPUT ---        1 2 3 4 5 6 ;
  INPUT ---        2 3 4 5 6 ;
  INPUT ---        3 4 5 6 ;
  INPUT ---        4 5 6 ;
  INPUT ---        5 6 ;
  INPUT ---        6 ;

  INPUT ---    group=15 Phi    rows=6 cols=6 Triang ;
  INPUT ---        1 2 3 4 5 6 ;
  INPUT ---        2 3 4 5 6 ;
  INPUT ---        3 4 5 6 ;

  Program  MARK  - Survival Rate Estimation with Capture-Recapture Data
   gfortran(Win64) Vers. 8.0 Jun 2014   21-Jan-2015 17:38:21    Page  005
 - - - - - - - - - - - - - - - - - - - - - - - - - - - - - - - - - - - - - -
 
  INPUT ---        4 5 6 ;
  INPUT ---        5 6 ;
  INPUT ---        6 ;

  INPUT ---    group=16 Phi    rows=6 cols=6 Triang ;
  INPUT ---        1 2 3 4 5 6 ;
  INPUT ---        2 3 4 5 6 ;
  INPUT ---        3 4 5 6 ;
  INPUT ---        4 5 6 ;
  INPUT ---        5 6 ;
  INPUT ---        6 ;

  INPUT ---    group=1 p    rows=6 cols=6 Triang ;
  INPUT ---        7 8 9 10 11 12 ;
  INPUT ---        8 9 10 11 12 ;
  INPUT ---        9 10 11 12 ;
  INPUT ---        10 11 12 ;
  INPUT ---        11 12 ;
  INPUT ---        12 ;

  INPUT ---    group=2 p    rows=6 cols=6 Triang ;
  INPUT ---        7 8 9 10 11 12 ;
  INPUT ---        8 9 10 11 12 ;
  INPUT ---        9 10 11 12 ;
  INPUT ---        10 11 12 ;
  INPUT ---        11 12 ;
  INPUT ---        12 ;

  INPUT ---    group=3 p    rows=6 cols=6 Triang ;
  INPUT ---        7 8 9 10 11 12 ;
  INPUT ---        8 9 10 11 12 ;
  INPUT ---        9 10 11 12 ;
  INPUT ---        10 11 12 ;
  INPUT ---        11 12 ;
  INPUT ---        12 ;

  INPUT ---    group=4 p    rows=6 cols=6 Triang ;
  INPUT ---        7 8 9 10 11 12 ;
  INPUT ---        8 9 10 11 12 ;
  INPUT ---        9 10 11 12 ;
  INPUT ---        10 11 12 ;
  INPUT ---        11 12 ;
  INPUT ---        12 ;

  INPUT ---    group=5 p    rows=6 cols=6 Triang ;
  INPUT ---        7 8 9 10 11 12 ;

  Program  MARK  - Survival Rate Estimation with Capture-Recapture Data
   gfortran(Win64) Vers. 8.0 Jun 2014   21-Jan-2015 17:38:21    Page  006
 - - - - - - - - - - - - - - - - - - - - - - - - - - - - - - - - - - - - - -
 
  INPUT ---        8 9 10 11 12 ;
  INPUT ---        9 10 11 12 ;
  INPUT ---        10 11 12 ;
  INPUT ---        11 12 ;
  INPUT ---        12 ;

  INPUT ---    group=6 p    rows=6 cols=6 Triang ;
  INPUT ---        7 8 9 10 11 12 ;
  INPUT ---        8 9 10 11 12 ;
  INPUT ---        9 10 11 12 ;
  INPUT ---        10 11 12 ;
  INPUT ---        11 12 ;
  INPUT ---        12 ;

  INPUT ---    group=7 p    rows=6 cols=6 Triang ;
  INPUT ---        7 8 9 10 11 12 ;
  INPUT ---        8 9 10 11 12 ;
  INPUT ---        9 10 11 12 ;
  INPUT ---        10 11 12 ;
  INPUT ---        11 12 ;
  INPUT ---        12 ;

  INPUT ---    group=8 p    rows=6 cols=6 Triang ;
  INPUT ---        7 8 9 10 11 12 ;
  INPUT ---        8 9 10 11 12 ;
  INPUT ---        9 10 11 12 ;
  INPUT ---        10 11 12 ;
  INPUT ---        11 12 ;
  INPUT ---        12 ;

  INPUT ---    group=9 p    rows=6 cols=6 Triang ;
  INPUT ---        7 8 9 10 11 12 ;
  INPUT ---        8 9 10 11 12 ;
  INPUT ---        9 10 11 12 ;
  INPUT ---        10 11 12 ;
  INPUT ---        11 12 ;
  INPUT ---        12 ;

  INPUT ---    group=10 p    rows=6 cols=6 Triang ;
  INPUT ---        7 8 9 10 11 12 ;
  INPUT ---        8 9 10 11 12 ;
  INPUT ---        9 10 11 12 ;
  INPUT ---        10 11 12 ;
  INPUT ---        11 12 ;
  INPUT ---        12 ;


  Program  MARK  - Survival Rate Estimation with Capture-Recapture Data
   gfortran(Win64) Vers. 8.0 Jun 2014   21-Jan-2015 17:38:21    Page  007
 - - - - - - - - - - - - - - - - - - - - - - - - - - - - - - - - - - - - - -
 
  INPUT ---    group=11 p    rows=6 cols=6 Triang ;
  INPUT ---        7 8 9 10 11 12 ;
  INPUT ---        8 9 10 11 12 ;
  INPUT ---        9 10 11 12 ;
  INPUT ---        10 11 12 ;
  INPUT ---        11 12 ;
  INPUT ---        12 ;

  INPUT ---    group=12 p    rows=6 cols=6 Triang ;
  INPUT ---        7 8 9 10 11 12 ;
  INPUT ---        8 9 10 11 12 ;
  INPUT ---        9 10 11 12 ;
  INPUT ---        10 11 12 ;
  INPUT ---        11 12 ;
  INPUT ---        12 ;

  INPUT ---    group=13 p    rows=6 cols=6 Triang ;
  INPUT ---        7 8 9 10 11 12 ;
  INPUT ---        8 9 10 11 12 ;
  INPUT ---        9 10 11 12 ;
  INPUT ---        10 11 12 ;
  INPUT ---        11 12 ;
  INPUT ---        12 ;

  INPUT ---    group=14 p    rows=6 cols=6 Triang ;
  INPUT ---        7 8 9 10 11 12 ;
  INPUT ---        8 9 10 11 12 ;
  INPUT ---        9 10 11 12 ;
  INPUT ---        10 11 12 ;
  INPUT ---        11 12 ;
  INPUT ---        12 ;

  INPUT ---    group=15 p    rows=6 cols=6 Triang ;
  INPUT ---        7 8 9 10 11 12 ;
  INPUT ---        8 9 10 11 12 ;
  INPUT ---        9 10 11 12 ;
  INPUT ---        10 11 12 ;
  INPUT ---        11 12 ;
  INPUT ---        12 ;

  INPUT ---    group=16 p    rows=6 cols=6 Triang ;
  INPUT ---        7 8 9 10 11 12 ;
  INPUT ---        8 9 10 11 12 ;
  INPUT ---        9 10 11 12 ;
  INPUT ---        10 11 12 ;
  INPUT ---        11 12 ;

  Program  MARK  - Survival Rate Estimation with Capture-Recapture Data
   gfortran(Win64) Vers. 8.0 Jun 2014   21-Jan-2015 17:38:21    Page  008
 - - - - - - - - - - - - - - - - - - - - - - - - - - - - - - - - - - - - - -
 
  INPUT ---        12 ;

  INPUT ---    design matrix constraints=12 covariates=11;
  INPUT ---        1 0 0 0 0 0 0 0 0 0 0;
  INPUT ---        1 1 0 0 0 0 0 0 0 0 0;
  INPUT ---        1 0 1 0 0 0 0 0 0 0 0;
  INPUT ---        1 0 0 1 0 0 0 0 0 0 0;
  INPUT ---        1 0 0 0 1 0 0 0 0 0 0;
  INPUT ---        1 0 0 0 0 1 0 0 0 0 0;
  INPUT ---        0 0 0 0 0 0 1 0 0 0 0;
  INPUT ---        0 0 0 0 0 0 1 1 0 0 0;
  INPUT ---        0 0 0 0 0 0 1 0 1 0 0;
  INPUT ---        0 0 0 0 0 0 1 0 0 1 0;
  INPUT ---        0 0 0 0 0 0 1 0 0 0 1;
  INPUT ---        0 0 0 0 0 0 0 0 0 0 0;

  INPUT ---    blabel(1)=Phi:(Intercept);

  INPUT ---    blabel(2)=Phi:time2;

  INPUT ---    blabel(3)=Phi:time3;

  INPUT ---    blabel(4)=Phi:time4;

  INPUT ---    blabel(5)=Phi:time5;

  INPUT ---    blabel(6)=Phi:time6;

  INPUT ---    blabel(7)=p:(Intercept);

  INPUT ---    blabel(8)=p:time3;

  INPUT ---    blabel(9)=p:time4;

  INPUT ---    blabel(10)=p:time5;

  INPUT ---    blabel(11)=p:time6;

  INPUT ---    rlabel(1)=Phi gM11 c1 c1 a0 t1;

  INPUT ---    rlabel(2)=Phi gM11 c1 c1 a1 t2;

  INPUT ---    rlabel(3)=Phi gM11 c1 c1 a2 t3;

  INPUT ---    rlabel(4)=Phi gM11 c1 c1 a3 t4;


  Program  MARK  - Survival Rate Estimation with Capture-Recapture Data
   gfortran(Win64) Vers. 8.0 Jun 2014   21-Jan-2015 17:38:21    Page  009
 - - - - - - - - - - - - - - - - - - - - - - - - - - - - - - - - - - - - - -
 
  INPUT ---    rlabel(5)=Phi gM11 c1 c1 a4 t5;

  INPUT ---    rlabel(6)=Phi gM11 c1 c1 a5 t6;

  INPUT ---    rlabel(7)=p gM11 c1 c1 a1 t2;

  INPUT ---    rlabel(8)=p gM11 c1 c1 a2 t3;

  INPUT ---    rlabel(9)=p gM11 c1 c1 a3 t4;

  INPUT ---    rlabel(10)=p gM11 c1 c1 a4 t5;

  INPUT ---    rlabel(11)=p gM11 c1 c1 a5 t6;

  INPUT ---    rlabel(12)=p gM11 c1 c1 a6 t7;

 Link Function Used is LOGIT        

 Variance Estimation Procedure Used is 2ndPart 
 -2logL(saturated) = 18629.211     
 Effective Sample Size = 10204

 Number of function evaluations was 25 for 11 parameters.
 Time for numerical optimization was 0.06 seconds.
 -2logL { Phi(~time)p(~time) } = 19173.782     
 Penalty { Phi(~time)p(~time) } = -0.0000000    
 Gradient { Phi(~time)p(~time) }:
 -0.6909193E-03-0.2375151E-03-0.5096852E-03-0.1585602E-03  0.000000    
 -0.2585369E-03-0.3476967E-03-0.2444061E-03-0.2979134E-03-0.1934342E-03
 -0.6972518E-03
 S Vector { Phi(~time)p(~time) }:
   3131.902      1289.222      475.3234      402.1393      349.9461    
   171.5764      159.0644      89.63698      59.32250      29.71545    
   17.25263    
 Time to compute number of parameters was 0.08 seconds.
   Threshold =  0.2400000E-06     Condition index =  0.5508673E-02     New Threshold =   57.22049    
 New Guessimate of Estimated Parameters { Phi(~time)p(~time) } = 1          
 Conditioned S Vector { Phi(~time)p(~time) }:
   1.000000     0.4116419     0.1517683     0.1284010     0.1117360    
  0.5478344E-01 0.5078844E-01 0.2862062E-01 0.1894136E-01 0.9487987E-02
  0.5508673E-02
 Number of Estimated Parameters { Phi(~time)p(~time) } = 11          
 DEVIANCE { Phi(~time)p(~time) } = 544.57048                     
 DEVIANCE Degrees of Freedom { Phi(~time)p(~time) } = 306            
 c-hat { Phi(~time)p(~time) } = 1.7796421                     
 AIC { Phi(~time)p(~time) } = 19195.782                  
 AICc { Phi(~time)p(~time) } = 19195.808                    
 BIC { Phi(~time)p(~time) } = 19275.318                    
 Pearson Chisquare { Phi(~time)p(~time) } = Not a Number               
 Possible Encounter Histories { Phi(~time)p(~time) } = 504             
 Pearson Chisquare df { Phi(~time)p(~time) } = 469        
 Pearson chat { Phi(~time)p(~time) } = Not a Number               
 Sum(Observed/Expected) { Phi(~time)p(~time) } = Not a Number               
 Fletcher chat { Phi(~time)p(~time) } = Not a Number               


                    LOGIT Link Function Parameters of { Phi(~time)p(~time) }
                                                              95% Confidence Interval
 Parameter                    Beta         Standard Error      Lower           Upper
 -------------------------  --------------  --------------  --------------  --------------
    1:Phi:(Intercept)       -0.0530836      0.0702875       -0.1908471      0.0846799     
    2:Phi:time2             2.0633660       0.1525412       1.7643852       2.3623468     

  Program  MARK  - Survival Rate Estimation with Capture-Recapture Data
   gfortran(Win64) Vers. 8.0 Jun 2014   21-Jan-2015 17:38:21    Page  010
 - - - - - - - - - - - - - - - - - - - - - - - - - - - - - - - - - - - - - -
 
    3:Phi:time3             0.4275396       0.0933740       0.2445266       0.6105527     
    4:Phi:time4             1.2943831       0.1159656       1.0670905       1.5216758     
    5:Phi:time5             0.4654805       0.0940435       0.2811552       0.6498058     
    6:Phi:time6             0.4071411       0.0846461       0.2412348       0.5730474     
    7:p:(Intercept)         0.0463081       0.0962176       -0.1422785      0.2348947     
    8:p:time3               1.9769952       0.1553393       1.6725302       2.2814602     
    9:p:time4               -0.2211533      0.1149177       -0.4463920      0.0040854     
   10:p:time5               0.8807316       0.1204365       0.6446760       1.1167873     
   11:p:time6               -0.0435194      0.1131450       -0.2652835      0.1782447     


                    Real Function Parameters of { Phi(~time)p(~time) }
                                                               95% Confidence Interval
  Parameter                  Estimate       Standard Error      Lower           Upper
 --------------------------  --------------  --------------  --------------  --------------
     1:Phi gM11 c1 c1 a0 t1  0.4867322       0.0175595       0.4524325       0.5211573                           
     2:Phi gM11 c1 c1 a1 t2  0.8818724       0.0130368       0.8538345       0.9051297                           
     3:Phi gM11 c1 c1 a2 t3  0.5925353       0.0148408       0.5631554       0.6212681                           
     4:Phi gM11 c1 c1 a3 t4  0.7757901       0.0160437       0.7427889       0.8056650                           
     5:Phi gM11 c1 c1 a4 t5  0.6016625       0.0149744       0.5719801       0.6306158                           
     6:Phi gM11 c1 c1 a5 t6  0.5876012       0.0114295       0.5650326       0.6098074                           
     7:p gM11 c1 c1 a1 t2    0.5115750       0.0240415       0.4644903       0.5584552                           
     8:p gM11 c1 c1 a2 t3    0.8832221       0.0125783       0.8562241       0.9057088                           
     9:p gM11 c1 c1 a3 t4    0.4563997       0.0155893       0.4260460       0.4870807                           
    10:p gM11 c1 c1 a4 t5    0.7164743       0.0147148       0.6867703       0.7444098                           
    11:p gM11 c1 c1 a5 t6    0.5006972       0.0148827       0.4715577       0.5298319                           
    12:p gM11 c1 c1 a6 t7    1.0000000       0.0000000       1.0000000       1.0000000       Fixed               

     CPU Time in seconds for last procedure was 0.17

  Program  MARK  - Survival Rate Estimation with Capture-Recapture Data
   gfortran(Win64) Vers. 8.0 Jun 2014   21-Jan-2015 17:38:21    Page  011
 - - - - - - - - - - - - - - - - - - - - - - - - - - - - - - - - - - - - - -
 


  INPUT --- proc stop;

     CPU Time in minutes for this job was 0.00

     Time Start = 17:38:21.645   Time End = 17:38:21.763

     Wall Clock Time in minutes for this job was 0.00


          E X E C U T I O N   S U C C E S S F U L 
