
   Program  MARK  - Survival Rate Estimation with Capture-Recapture Data
   gfortran(Win64) Vers. 8.0 Jun 2014   21-Jan-2015 17:38:37    Page  001
 - - - - - - - - - - - - - - - - - - - - - - - - - - - - - - - - - - - - - -
 
   This version was compiled by GCC version 4.8.1 using the options 
   -m64 -mtune=generic -march=x86-64 -mthreads -O2 -fimplicit-none -fbounds-check -funroll-loops -ftree-vectorize -fopenmp.
   This problem will use 3 of 4 possible threads.


  INPUT --- proc title ;

     CPU Time in seconds for last procedure was 0.00


  INPUT --- proc chmatrix occasions= 7 groups= 16 etype= Live icovar = 
  INPUT --- 1 ICMeans NoHist hist=  6000 ;

  INPUT ---    time interval 1 1 1 1 1 1 ;

  INPUT ---     icovariates weight ;

  INPUT ---    glabel(1)=sexM.age1.region1;

  INPUT ---    glabel(2)=sexF.age2.region1;

  INPUT ---    glabel(3)=sexM.age2.region1;

  INPUT ---    glabel(4)=sexF.age3.region1;

  INPUT ---    glabel(5)=sexM.age1.region2;

  INPUT ---    glabel(6)=sexF.age2.region2;

  INPUT ---    glabel(7)=sexM.age2.region2;

  INPUT ---    glabel(8)=sexF.age3.region2;

  INPUT ---    glabel(9)=sexM.age1.region3;

  INPUT ---    glabel(10)=sexF.age2.region3;

  INPUT ---    glabel(11)=sexM.age2.region3;

  INPUT ---    glabel(12)=sexF.age3.region3;

  INPUT ---    glabel(13)=sexM.age1.region4;

  INPUT ---    glabel(14)=sexF.age2.region4;


  Program  MARK  - Survival Rate Estimation with Capture-Recapture Data
   gfortran(Win64) Vers. 8.0 Jun 2014   21-Jan-2015 17:38:37    Page  002
 - - - - - - - - - - - - - - - - - - - - - - - - - - - - - - - - - - - - - -
 
  INPUT ---    glabel(15)=sexM.age2.region4;

  INPUT ---    glabel(16)=sexF.age3.region4;

      Number of unique encounter histories read was 6000.

      Number of individual covariates read was 1.
      Time interval lengths are all equal to 1.

      Data type number is 1
      Data type is Live Recaptures (CJS)                                                                               

     CPU Time in seconds for last procedure was 0.52


  INPUT --- proc estimate link=Logit NOLOOP varest=2ndPart    ;


  INPUT --- model={ Phi(~weight + time)p(~time) };

  INPUT ---    group=1 Phi    rows=6 cols=6 Triang ;
  INPUT ---        1 2 3 4 5 6 ;
  INPUT ---        2 3 4 5 6 ;
  INPUT ---        3 4 5 6 ;
  INPUT ---        4 5 6 ;
  INPUT ---        5 6 ;
  INPUT ---        6 ;

  INPUT ---    group=2 Phi    rows=6 cols=6 Triang ;
  INPUT ---        1 2 3 4 5 6 ;
  INPUT ---        2 3 4 5 6 ;
  INPUT ---        3 4 5 6 ;
  INPUT ---        4 5 6 ;
  INPUT ---        5 6 ;
  INPUT ---        6 ;

  INPUT ---    group=3 Phi    rows=6 cols=6 Triang ;
  INPUT ---        1 2 3 4 5 6 ;
  INPUT ---        2 3 4 5 6 ;
  INPUT ---        3 4 5 6 ;
  INPUT ---        4 5 6 ;
  INPUT ---        5 6 ;
  INPUT ---        6 ;

  INPUT ---    group=4 Phi    rows=6 cols=6 Triang ;
  INPUT ---        1 2 3 4 5 6 ;
  INPUT ---        2 3 4 5 6 ;

  Program  MARK  - Survival Rate Estimation with Capture-Recapture Data
   gfortran(Win64) Vers. 8.0 Jun 2014   21-Jan-2015 17:38:37    Page  003
 - - - - - - - - - - - - - - - - - - - - - - - - - - - - - - - - - - - - - -
 
  INPUT ---        3 4 5 6 ;
  INPUT ---        4 5 6 ;
  INPUT ---        5 6 ;
  INPUT ---        6 ;

  INPUT ---    group=5 Phi    rows=6 cols=6 Triang ;
  INPUT ---        1 2 3 4 5 6 ;
  INPUT ---        2 3 4 5 6 ;
  INPUT ---        3 4 5 6 ;
  INPUT ---        4 5 6 ;
  INPUT ---        5 6 ;
  INPUT ---        6 ;

  INPUT ---    group=6 Phi    rows=6 cols=6 Triang ;
  INPUT ---        1 2 3 4 5 6 ;
  INPUT ---        2 3 4 5 6 ;
  INPUT ---        3 4 5 6 ;
  INPUT ---        4 5 6 ;
  INPUT ---        5 6 ;
  INPUT ---        6 ;

  INPUT ---    group=7 Phi    rows=6 cols=6 Triang ;
  INPUT ---        1 2 3 4 5 6 ;
  INPUT ---        2 3 4 5 6 ;
  INPUT ---        3 4 5 6 ;
  INPUT ---        4 5 6 ;
  INPUT ---        5 6 ;
  INPUT ---        6 ;

  INPUT ---    group=8 Phi    rows=6 cols=6 Triang ;
  INPUT ---        1 2 3 4 5 6 ;
  INPUT ---        2 3 4 5 6 ;
  INPUT ---        3 4 5 6 ;
  INPUT ---        4 5 6 ;
  INPUT ---        5 6 ;
  INPUT ---        6 ;

  INPUT ---    group=9 Phi    rows=6 cols=6 Triang ;
  INPUT ---        1 2 3 4 5 6 ;
  INPUT ---        2 3 4 5 6 ;
  INPUT ---        3 4 5 6 ;
  INPUT ---        4 5 6 ;
  INPUT ---        5 6 ;
  INPUT ---        6 ;

  INPUT ---    group=10 Phi    rows=6 cols=6 Triang ;

  Program  MARK  - Survival Rate Estimation with Capture-Recapture Data
   gfortran(Win64) Vers. 8.0 Jun 2014   21-Jan-2015 17:38:37    Page  004
 - - - - - - - - - - - - - - - - - - - - - - - - - - - - - - - - - - - - - -
 
  INPUT ---        1 2 3 4 5 6 ;
  INPUT ---        2 3 4 5 6 ;
  INPUT ---        3 4 5 6 ;
  INPUT ---        4 5 6 ;
  INPUT ---        5 6 ;
  INPUT ---        6 ;

  INPUT ---    group=11 Phi    rows=6 cols=6 Triang ;
  INPUT ---        1 2 3 4 5 6 ;
  INPUT ---        2 3 4 5 6 ;
  INPUT ---        3 4 5 6 ;
  INPUT ---        4 5 6 ;
  INPUT ---        5 6 ;
  INPUT ---        6 ;

  INPUT ---    group=12 Phi    rows=6 cols=6 Triang ;
  INPUT ---        1 2 3 4 5 6 ;
  INPUT ---        2 3 4 5 6 ;
  INPUT ---        3 4 5 6 ;
  INPUT ---        4 5 6 ;
  INPUT ---        5 6 ;
  INPUT ---        6 ;

  INPUT ---    group=13 Phi    rows=6 cols=6 Triang ;
  INPUT ---        1 2 3 4 5 6 ;
  INPUT ---        2 3 4 5 6 ;
  INPUT ---        3 4 5 6 ;
  INPUT ---        4 5 6 ;
  INPUT ---        5 6 ;
  INPUT ---        6 ;

  INPUT ---    group=14 Phi    rows=6 cols=6 Triang ;
  INPUT ---        1 2 3 4 5 6 ;
  INPUT ---        2 3 4 5 6 ;
  INPUT ---        3 4 5 6 ;
  INPUT ---        4 5 6 ;
  INPUT ---        5 6 ;
  INPUT ---        6 ;

  INPUT ---    group=15 Phi    rows=6 cols=6 Triang ;
  INPUT ---        1 2 3 4 5 6 ;
  INPUT ---        2 3 4 5 6 ;
  INPUT ---        3 4 5 6 ;
  INPUT ---        4 5 6 ;
  INPUT ---        5 6 ;
  INPUT ---        6 ;

  Program  MARK  - Survival Rate Estimation with Capture-Recapture Data
   gfortran(Win64) Vers. 8.0 Jun 2014   21-Jan-2015 17:38:37    Page  005
 - - - - - - - - - - - - - - - - - - - - - - - - - - - - - - - - - - - - - -
 

  INPUT ---    group=16 Phi    rows=6 cols=6 Triang ;
  INPUT ---        1 2 3 4 5 6 ;
  INPUT ---        2 3 4 5 6 ;
  INPUT ---        3 4 5 6 ;
  INPUT ---        4 5 6 ;
  INPUT ---        5 6 ;
  INPUT ---        6 ;

  INPUT ---    group=1 p    rows=6 cols=6 Triang ;
  INPUT ---        7 8 9 10 11 12 ;
  INPUT ---        8 9 10 11 12 ;
  INPUT ---        9 10 11 12 ;
  INPUT ---        10 11 12 ;
  INPUT ---        11 12 ;
  INPUT ---        12 ;

  INPUT ---    group=2 p    rows=6 cols=6 Triang ;
  INPUT ---        7 8 9 10 11 12 ;
  INPUT ---        8 9 10 11 12 ;
  INPUT ---        9 10 11 12 ;
  INPUT ---        10 11 12 ;
  INPUT ---        11 12 ;
  INPUT ---        12 ;

  INPUT ---    group=3 p    rows=6 cols=6 Triang ;
  INPUT ---        7 8 9 10 11 12 ;
  INPUT ---        8 9 10 11 12 ;
  INPUT ---        9 10 11 12 ;
  INPUT ---        10 11 12 ;
  INPUT ---        11 12 ;
  INPUT ---        12 ;

  INPUT ---    group=4 p    rows=6 cols=6 Triang ;
  INPUT ---        7 8 9 10 11 12 ;
  INPUT ---        8 9 10 11 12 ;
  INPUT ---        9 10 11 12 ;
  INPUT ---        10 11 12 ;
  INPUT ---        11 12 ;
  INPUT ---        12 ;

  INPUT ---    group=5 p    rows=6 cols=6 Triang ;
  INPUT ---        7 8 9 10 11 12 ;
  INPUT ---        8 9 10 11 12 ;
  INPUT ---        9 10 11 12 ;
  INPUT ---        10 11 12 ;

  Program  MARK  - Survival Rate Estimation with Capture-Recapture Data
   gfortran(Win64) Vers. 8.0 Jun 2014   21-Jan-2015 17:38:37    Page  006
 - - - - - - - - - - - - - - - - - - - - - - - - - - - - - - - - - - - - - -
 
  INPUT ---        11 12 ;
  INPUT ---        12 ;

  INPUT ---    group=6 p    rows=6 cols=6 Triang ;
  INPUT ---        7 8 9 10 11 12 ;
  INPUT ---        8 9 10 11 12 ;
  INPUT ---        9 10 11 12 ;
  INPUT ---        10 11 12 ;
  INPUT ---        11 12 ;
  INPUT ---        12 ;

  INPUT ---    group=7 p    rows=6 cols=6 Triang ;
  INPUT ---        7 8 9 10 11 12 ;
  INPUT ---        8 9 10 11 12 ;
  INPUT ---        9 10 11 12 ;
  INPUT ---        10 11 12 ;
  INPUT ---        11 12 ;
  INPUT ---        12 ;

  INPUT ---    group=8 p    rows=6 cols=6 Triang ;
  INPUT ---        7 8 9 10 11 12 ;
  INPUT ---        8 9 10 11 12 ;
  INPUT ---        9 10 11 12 ;
  INPUT ---        10 11 12 ;
  INPUT ---        11 12 ;
  INPUT ---        12 ;

  INPUT ---    group=9 p    rows=6 cols=6 Triang ;
  INPUT ---        7 8 9 10 11 12 ;
  INPUT ---        8 9 10 11 12 ;
  INPUT ---        9 10 11 12 ;
  INPUT ---        10 11 12 ;
  INPUT ---        11 12 ;
  INPUT ---        12 ;

  INPUT ---    group=10 p    rows=6 cols=6 Triang ;
  INPUT ---        7 8 9 10 11 12 ;
  INPUT ---        8 9 10 11 12 ;
  INPUT ---        9 10 11 12 ;
  INPUT ---        10 11 12 ;
  INPUT ---        11 12 ;
  INPUT ---        12 ;

  INPUT ---    group=11 p    rows=6 cols=6 Triang ;
  INPUT ---        7 8 9 10 11 12 ;
  INPUT ---        8 9 10 11 12 ;

  Program  MARK  - Survival Rate Estimation with Capture-Recapture Data
   gfortran(Win64) Vers. 8.0 Jun 2014   21-Jan-2015 17:38:37    Page  007
 - - - - - - - - - - - - - - - - - - - - - - - - - - - - - - - - - - - - - -
 
  INPUT ---        9 10 11 12 ;
  INPUT ---        10 11 12 ;
  INPUT ---        11 12 ;
  INPUT ---        12 ;

  INPUT ---    group=12 p    rows=6 cols=6 Triang ;
  INPUT ---        7 8 9 10 11 12 ;
  INPUT ---        8 9 10 11 12 ;
  INPUT ---        9 10 11 12 ;
  INPUT ---        10 11 12 ;
  INPUT ---        11 12 ;
  INPUT ---        12 ;

  INPUT ---    group=13 p    rows=6 cols=6 Triang ;
  INPUT ---        7 8 9 10 11 12 ;
  INPUT ---        8 9 10 11 12 ;
  INPUT ---        9 10 11 12 ;
  INPUT ---        10 11 12 ;
  INPUT ---        11 12 ;
  INPUT ---        12 ;

  INPUT ---    group=14 p    rows=6 cols=6 Triang ;
  INPUT ---        7 8 9 10 11 12 ;
  INPUT ---        8 9 10 11 12 ;
  INPUT ---        9 10 11 12 ;
  INPUT ---        10 11 12 ;
  INPUT ---        11 12 ;
  INPUT ---        12 ;

  INPUT ---    group=15 p    rows=6 cols=6 Triang ;
  INPUT ---        7 8 9 10 11 12 ;
  INPUT ---        8 9 10 11 12 ;
  INPUT ---        9 10 11 12 ;
  INPUT ---        10 11 12 ;
  INPUT ---        11 12 ;
  INPUT ---        12 ;

  INPUT ---    group=16 p    rows=6 cols=6 Triang ;
  INPUT ---        7 8 9 10 11 12 ;
  INPUT ---        8 9 10 11 12 ;
  INPUT ---        9 10 11 12 ;
  INPUT ---        10 11 12 ;
  INPUT ---        11 12 ;
  INPUT ---        12 ;

  INPUT ---    design matrix constraints=12 covariates=13;

  Program  MARK  - Survival Rate Estimation with Capture-Recapture Data
   gfortran(Win64) Vers. 8.0 Jun 2014   21-Jan-2015 17:38:37    Page  008
 - - - - - - - - - - - - - - - - - - - - - - - - - - - - - - - - - - - - - -
 
  INPUT ---        1 weight 0 0 0 0 0 0 0 0 0 0 0;
  INPUT ---        1 weight 1 0 0 0 0 0 0 0 0 0 0;
  INPUT ---        1 weight 0 1 0 0 0 0 0 0 0 0 0;
  INPUT ---        1 weight 0 0 1 0 0 0 0 0 0 0 0;
  INPUT ---        1 weight 0 0 0 1 0 0 0 0 0 0 0;
  INPUT ---        1 weight 0 0 0 0 1 0 0 0 0 0 0;
  INPUT ---        0 0 0 0 0 0 0 1 0 0 0 0 0;
  INPUT ---        0 0 0 0 0 0 0 1 1 0 0 0 0;
  INPUT ---        0 0 0 0 0 0 0 1 0 1 0 0 0;
  INPUT ---        0 0 0 0 0 0 0 1 0 0 1 0 0;
  INPUT ---        0 0 0 0 0 0 0 1 0 0 0 1 0;
  INPUT ---        0 0 0 0 0 0 0 1 0 0 0 0 1;

  INPUT ---    blabel(1)=Phi:(Intercept);

  INPUT ---    blabel(2)=Phi:weight;

  INPUT ---    blabel(3)=Phi:time2;

  INPUT ---    blabel(4)=Phi:time3;

  INPUT ---    blabel(5)=Phi:time4;

  INPUT ---    blabel(6)=Phi:time5;

  INPUT ---    blabel(7)=Phi:time6;

  INPUT ---    blabel(8)=p:(Intercept);

  INPUT ---    blabel(9)=p:time3;

  INPUT ---    blabel(10)=p:time4;

  INPUT ---    blabel(11)=p:time5;

  INPUT ---    blabel(12)=p:time6;

  INPUT ---    blabel(13)=p:time7;

  INPUT ---    rlabel(1)=Phi gM11 c1 c1 a0 t1;

  INPUT ---    rlabel(2)=Phi gM11 c1 c1 a1 t2;

  INPUT ---    rlabel(3)=Phi gM11 c1 c1 a2 t3;

  INPUT ---    rlabel(4)=Phi gM11 c1 c1 a3 t4;

  Program  MARK  - Survival Rate Estimation with Capture-Recapture Data
   gfortran(Win64) Vers. 8.0 Jun 2014   21-Jan-2015 17:38:37    Page  009
 - - - - - - - - - - - - - - - - - - - - - - - - - - - - - - - - - - - - - -
 

  INPUT ---    rlabel(5)=Phi gM11 c1 c1 a4 t5;

  INPUT ---    rlabel(6)=Phi gM11 c1 c1 a5 t6;

  INPUT ---    rlabel(7)=p gM11 c1 c1 a1 t2;

  INPUT ---    rlabel(8)=p gM11 c1 c1 a2 t3;

  INPUT ---    rlabel(9)=p gM11 c1 c1 a3 t4;

  INPUT ---    rlabel(10)=p gM11 c1 c1 a4 t5;

  INPUT ---    rlabel(11)=p gM11 c1 c1 a5 t6;

  INPUT ---    rlabel(12)=p gM11 c1 c1 a6 t7;

 Link Function Used is LOGIT        

 Variance Estimation Procedure Used is 2ndPart 
 -2logL(saturated) = -0.0000000    
 Effective Sample Size = 10204

 Number of function evaluations was 85 for 13 parameters.
 Time for numerical optimization was 15.06 seconds.
 -2logL { Phi(~weight + time)p(~time) } = 19173.568     
 Penalty { Phi(~weight + time)p(~time) } = -0.0000000    
 Gradient { Phi(~weight + time)p(~time) }:
 -0.7364717E-02-0.8827927E-02-0.5938321E-03-0.3975909E-01 0.4440819E-02
 -0.1191379E-01 0.5499764E-02 0.1390774E-01  0.000000    -0.1131996E-01
  0.1044413E-01 0.1080639E-01 0.6201486E-02
 S Vector { Phi(~weight + time)p(~time) }:
   3275.614      1065.872      475.9502      391.6890      353.3302    
   162.4353      157.8367      90.04738      61.70824      36.59289    
   26.96023      17.23208     0.1142382E-02
 Time to compute number of parameters was 3.19 seconds.
   Threshold =  0.2800000E-06     Condition index =  0.3487537E-06     New Threshold =  0.4118918E-02
 New Guessimate of Estimated Parameters { Phi(~weight + time)p(~time) } = 12          
   Ratio Threshold =   500.0000       Max Gap =   15084.34      Next Max Gap =   2.239462    
 Conditioned S Vector { Phi(~weight + time)p(~time) }:
   1.000000     0.3253962     0.1453011     0.1195773     0.1078669    
  0.4958926E-01 0.4818539E-01 0.2749023E-01 0.1883868E-01 0.1117131E-01
  0.8230588E-02 0.5260720E-02 0.3487537E-06
 Number of Estimated Parameters { Phi(~weight + time)p(~time) } = 12          
 DEVIANCE { Phi(~weight + time)p(~time) } = 19173.568                     
 DEVIANCE Degrees of Freedom { Phi(~weight + time)p(~time) } = 5964            
 c-hat { Phi(~weight + time)p(~time) } = 3.2148839                     
 AIC { Phi(~weight + time)p(~time) } = 19197.568                  
 AICc { Phi(~weight + time)p(~time) } = 19197.598                    
 BIC { Phi(~weight + time)p(~time) } = 19284.334                    
 Pearson Chisquare { Phi(~weight + time)p(~time) } = 160714.06                  
 Possible Encounter Histories { Phi(~weight + time)p(~time) } = 504             
 Pearson Chisquare df { Phi(~weight + time)p(~time) } = 468        
 Pearson chat { Phi(~weight + time)p(~time) } = 343.40610                  
 Sum(Observed/Expected) { Phi(~weight + time)p(~time) } = 141333.75                  
 Fletcher chat { Phi(~weight + time)p(~time) } = 1.2245955                  


               LOGIT Link Function Parameters of { Phi(~weight + time)p(~time) }
                                                              95% Confidence Interval
 Parameter                    Beta         Standard Error      Lower           Upper
 -------------------------  --------------  --------------  --------------  --------------
    1:Phi:(Intercept)       -0.0867429      0.1267980       -0.3352670      0.1617812     

  Program  MARK  - Survival Rate Estimation with Capture-Recapture Data
   gfortran(Win64) Vers. 8.0 Jun 2014   21-Jan-2015 17:38:46    Page  010
 - - - - - - - - - - - - - - - - - - - - - - - - - - - - - - - - - - - - - -
 
    2:Phi:weight            0.0033818       0.0105745       -0.0173443      0.0241079     
    3:Phi:time2             2.0631373       0.1525172       1.7642035       2.3620711     
    4:Phi:time3             0.4274086       0.0933763       0.2443910       0.6104262     
    5:Phi:time4             1.2937979       0.1159481       1.0665396       1.5210561     
    6:Phi:time5             0.4657216       0.0940609       0.2813622       0.6500810     
    7:Phi:time6             0.9844372       15.950129       -30.277816      32.246691     
    8:p:(Intercept)         0.0463180       0.0962123       -0.1422582      0.2348941     
    9:p:time3               1.9771328       0.1553345       1.6726772       2.2815883     
   10:p:time4               -0.2212343      0.1149132       -0.4464641      0.0039956     
   11:p:time5               0.8809694       0.1204322       0.6449222       1.1170165     
   12:p:time6               -0.0436172      0.1131424       -0.2653763      0.1781419     
   13:p:time7               1.4638469       24.918547       -47.376506      50.304199     


               Real Function Parameters of { Phi(~weight + time)p(~time) }

      Following estimates based on unstandardized individual covariate values:
          Variable   Value         
          ---------  ------------- 
          WEIGHT     9.9750681     
                                                               95% Confidence Interval
  Parameter                  Estimate       Standard Error      Lower           Upper
 --------------------------  --------------  --------------  --------------  --------------
     1:Phi gM11 c1 c1 a0 t1  0.4867507       0.0175594       0.4524512       0.5211755                           
     2:Phi gM11 c1 c1 a1 t2  0.8818563       0.0130356       0.8538215       0.9051120                           
     3:Phi gM11 c1 c1 a2 t3  0.5925215       0.0148421       0.5631390       0.6212570                           
     4:Phi gM11 c1 c1 a3 t4  0.7757012       0.0160447       0.7426989       0.8055786                           
     5:Phi gM11 c1 c1 a4 t5  0.6017380       0.0149797       0.5720448       0.6307011                           
     6:Phi gM11 c1 c1 a5 t6  0.7173649       3.2338946       0.6724087E-013  1.0000000                           
     7:p gM11 c1 c1 a1 t2    0.5115774       0.0240402       0.4644953       0.5584550                           
     8:p gM11 c1 c1 a2 t3    0.8832374       0.0125767       0.8562426       0.9057212                           
     9:p gM11 c1 c1 a3 t4    0.4563821       0.0155895       0.4260281       0.4870635                           
    10:p gM11 c1 c1 a4 t5    0.7165246       0.0147134       0.6868232       0.7444572                           
    11:p gM11 c1 c1 a5 t6    0.5006752       0.0148840       0.4715333       0.5298124                           
    12:p gM11 c1 c1 a6 t7    0.8190856       3.6925081       0.2785717E-020  1.0000000                           

 Attempted ordering of parameters by estimatibility:
   1  8 12  4 11  7  6 10  5  3  2  9 13
 Beta number 13 is a singular value.

     CPU Time in seconds for last procedure was 19.17

  Program  MARK  - Survival Rate Estimation with Capture-Recapture Data
   gfortran(Win64) Vers. 8.0 Jun 2014   21-Jan-2015 17:38:46    Page  011
 - - - - - - - - - - - - - - - - - - - - - - - - - - - - - - - - - - - - - -
 


  INPUT --- proc stop;

     CPU Time in minutes for this job was 0.33

     Time Start = 17:38:37.352   Time End = 17:38:46.811

     Wall Clock Time in minutes for this job was 0.16


          E X E C U T I O N   S U C C E S S F U L 
