
   Program  MARK  - Survival Rate Estimation with Capture-Recapture Data
   gfortran(Win64) Vers. 8.0 Jun 2014   31-Jan-2015 13:38:11    Page  001
 - - - - - - - - - - - - - - - - - - - - - - - - - - - - - - - - - - - - - -
 
   This version was compiled by GCC version 4.8.1 using the options 
   -m64 -mtune=generic -march=x86-64 -mthreads -O2 -fimplicit-none -fbounds-check -funroll-loops -ftree-vectorize -fopenmp.
   This problem will use 7 of 8 possible threads.


  INPUT --- proc title ;

     CPU Time in seconds for last procedure was 0.00


  INPUT --- proc chmatrix occasions= 7 groups= 6 etype= Both ICMeans 
  INPUT --- NoHist hist= 51 ;

  INPUT ---    time  interval 1 1 1 1 1 1 1 ;

  INPUT ---    glabel(1)=sex4.age1;

  INPUT ---    glabel(2)=sex5.age1;

  INPUT ---    glabel(3)=sex4.age2;

  INPUT ---    glabel(4)=sex5.age2;

  INPUT ---    glabel(5)=sex4.age4;

  INPUT ---    glabel(6)=sex5.age4;

   * *  WARNING  * *   At least a pair of the encounter histories are duplicates. 

      Number of unique encounter histories read was 17.

      Number of individual covariates read was 0.
      Time interval lengths are all equal to 1.

      Data type number is 3
      Data type is Joint Live and Dead Encounters (Burnham)                                                            

     CPU Time in seconds for last procedure was 0.00

  Program  MARK  - Survival Rate Estimation with Capture-Recapture Data
   gfortran(Win64) Vers. 8.0 Jun 2014   31-Jan-2015 13:38:11    Page  002
 - - - - - - - - - - - - - - - - - - - - - - - - - - - - - - - - - - - - - -
 


  INPUT --- proc estimate link=Logit NOLOOP varest=2ndPart    ;


  INPUT --- model={ S(~age + sex + time)p(~time)r(~1)F(~age) };

  INPUT ---    group=1 S    rows=7 cols=7 Triang ;
  INPUT ---        1 2 3 4 5 6 7 ;
  INPUT ---        8 9 10 11 12 13 ;
  INPUT ---        14 15 16 17 18 ;
  INPUT ---        19 20 21 22 ;
  INPUT ---        23 24 25 ;
  INPUT ---        26 27 ;
  INPUT ---        28 ;

  INPUT ---    group=2 S    rows=7 cols=7 Triang ;
  INPUT ---        29 30 31 32 33 34 35 ;
  INPUT ---        36 37 38 39 40 41 ;
  INPUT ---        42 43 44 45 46 ;
  INPUT ---        47 48 49 50 ;
  INPUT ---        51 52 53 ;
  INPUT ---        54 55 ;
  INPUT ---        56 ;

  INPUT ---    group=3 S    rows=7 cols=7 Triang ;
  INPUT ---        1 2 3 4 5 6 7 ;
  INPUT ---        8 9 10 11 12 13 ;
  INPUT ---        14 15 16 17 18 ;
  INPUT ---        19 20 21 22 ;
  INPUT ---        23 24 25 ;
  INPUT ---        26 27 ;
  INPUT ---        28 ;

  INPUT ---    group=4 S    rows=7 cols=7 Triang ;
  INPUT ---        29 30 31 32 33 34 35 ;
  INPUT ---        36 37 38 39 40 41 ;
  INPUT ---        42 43 44 45 46 ;
  INPUT ---        47 48 49 50 ;
  INPUT ---        51 52 53 ;
  INPUT ---        54 55 ;
  INPUT ---        56 ;

  INPUT ---    group=5 S    rows=7 cols=7 Triang ;
  INPUT ---        1 2 3 4 5 6 7 ;
  INPUT ---        8 9 10 11 12 13 ;

  Program  MARK  - Survival Rate Estimation with Capture-Recapture Data
   gfortran(Win64) Vers. 8.0 Jun 2014   31-Jan-2015 13:38:11    Page  003
 - - - - - - - - - - - - - - - - - - - - - - - - - - - - - - - - - - - - - -
 
  INPUT ---        14 15 16 17 18 ;
  INPUT ---        19 20 21 22 ;
  INPUT ---        23 24 25 ;
  INPUT ---        26 27 ;
  INPUT ---        28 ;

  INPUT ---    group=6 S    rows=7 cols=7 Triang ;
  INPUT ---        29 30 31 32 33 34 35 ;
  INPUT ---        36 37 38 39 40 41 ;
  INPUT ---        42 43 44 45 46 ;
  INPUT ---        47 48 49 50 ;
  INPUT ---        51 52 53 ;
  INPUT ---        54 55 ;
  INPUT ---        56 ;

  INPUT ---    group=1 p    rows=6 cols=6 Triang ;
  INPUT ---        57 58 59 60 61 62 ;
  INPUT ---        58 59 60 61 62 ;
  INPUT ---        59 60 61 62 ;
  INPUT ---        60 61 62 ;
  INPUT ---        61 62 ;
  INPUT ---        62 ;

  INPUT ---    group=2 p    rows=6 cols=6 Triang ;
  INPUT ---        57 58 59 60 61 62 ;
  INPUT ---        58 59 60 61 62 ;
  INPUT ---        59 60 61 62 ;
  INPUT ---        60 61 62 ;
  INPUT ---        61 62 ;
  INPUT ---        62 ;

  INPUT ---    group=3 p    rows=6 cols=6 Triang ;
  INPUT ---        57 58 59 60 61 62 ;
  INPUT ---        58 59 60 61 62 ;
  INPUT ---        59 60 61 62 ;
  INPUT ---        60 61 62 ;
  INPUT ---        61 62 ;
  INPUT ---        62 ;

  INPUT ---    group=4 p    rows=6 cols=6 Triang ;
  INPUT ---        57 58 59 60 61 62 ;
  INPUT ---        58 59 60 61 62 ;
  INPUT ---        59 60 61 62 ;
  INPUT ---        60 61 62 ;
  INPUT ---        61 62 ;
  INPUT ---        62 ;

  Program  MARK  - Survival Rate Estimation with Capture-Recapture Data
   gfortran(Win64) Vers. 8.0 Jun 2014   31-Jan-2015 13:38:11    Page  004
 - - - - - - - - - - - - - - - - - - - - - - - - - - - - - - - - - - - - - -
 

  INPUT ---    group=5 p    rows=6 cols=6 Triang ;
  INPUT ---        57 58 59 60 61 62 ;
  INPUT ---        58 59 60 61 62 ;
  INPUT ---        59 60 61 62 ;
  INPUT ---        60 61 62 ;
  INPUT ---        61 62 ;
  INPUT ---        62 ;

  INPUT ---    group=6 p    rows=6 cols=6 Triang ;
  INPUT ---        57 58 59 60 61 62 ;
  INPUT ---        58 59 60 61 62 ;
  INPUT ---        59 60 61 62 ;
  INPUT ---        60 61 62 ;
  INPUT ---        61 62 ;
  INPUT ---        62 ;

  INPUT ---    group=1 r    rows=7 cols=7 Triang ;
  INPUT ---        63 63 63 63 63 63 63 ;
  INPUT ---        63 63 63 63 63 63 ;
  INPUT ---        63 63 63 63 63 ;
  INPUT ---        63 63 63 63 ;
  INPUT ---        63 63 63 ;
  INPUT ---        63 63 ;
  INPUT ---        63 ;

  INPUT ---    group=2 r    rows=7 cols=7 Triang ;
  INPUT ---        63 63 63 63 63 63 63 ;
  INPUT ---        63 63 63 63 63 63 ;
  INPUT ---        63 63 63 63 63 ;
  INPUT ---        63 63 63 63 ;
  INPUT ---        63 63 63 ;
  INPUT ---        63 63 ;
  INPUT ---        63 ;

  INPUT ---    group=3 r    rows=7 cols=7 Triang ;
  INPUT ---        63 63 63 63 63 63 63 ;
  INPUT ---        63 63 63 63 63 63 ;
  INPUT ---        63 63 63 63 63 ;
  INPUT ---        63 63 63 63 ;
  INPUT ---        63 63 63 ;
  INPUT ---        63 63 ;
  INPUT ---        63 ;

  INPUT ---    group=4 r    rows=7 cols=7 Triang ;
  INPUT ---        63 63 63 63 63 63 63 ;

  Program  MARK  - Survival Rate Estimation with Capture-Recapture Data
   gfortran(Win64) Vers. 8.0 Jun 2014   31-Jan-2015 13:38:11    Page  005
 - - - - - - - - - - - - - - - - - - - - - - - - - - - - - - - - - - - - - -
 
  INPUT ---        63 63 63 63 63 63 ;
  INPUT ---        63 63 63 63 63 ;
  INPUT ---        63 63 63 63 ;
  INPUT ---        63 63 63 ;
  INPUT ---        63 63 ;
  INPUT ---        63 ;

  INPUT ---    group=5 r    rows=7 cols=7 Triang ;
  INPUT ---        63 63 63 63 63 63 63 ;
  INPUT ---        63 63 63 63 63 63 ;
  INPUT ---        63 63 63 63 63 ;
  INPUT ---        63 63 63 63 ;
  INPUT ---        63 63 63 ;
  INPUT ---        63 63 ;
  INPUT ---        63 ;

  INPUT ---    group=6 r    rows=7 cols=7 Triang ;
  INPUT ---        63 63 63 63 63 63 63 ;
  INPUT ---        63 63 63 63 63 63 ;
  INPUT ---        63 63 63 63 63 ;
  INPUT ---        63 63 63 63 ;
  INPUT ---        63 63 63 ;
  INPUT ---        63 63 ;
  INPUT ---        63 ;

  INPUT ---    group=1 F    rows=6 cols=6 Triang ;
  INPUT ---        64 65 66 67 68 69 ;
  INPUT ---        64 65 66 67 68 ;
  INPUT ---        64 65 66 67 ;
  INPUT ---        64 65 66 ;
  INPUT ---        64 65 ;
  INPUT ---        64 ;

  INPUT ---    group=2 F    rows=6 cols=6 Triang ;
  INPUT ---        64 65 66 67 68 69 ;
  INPUT ---        64 65 66 67 68 ;
  INPUT ---        64 65 66 67 ;
  INPUT ---        64 65 66 ;
  INPUT ---        64 65 ;
  INPUT ---        64 ;

  INPUT ---    group=3 F    rows=6 cols=6 Triang ;
  INPUT ---        64 65 66 67 68 69 ;
  INPUT ---        64 65 66 67 68 ;
  INPUT ---        64 65 66 67 ;
  INPUT ---        64 65 66 ;

  Program  MARK  - Survival Rate Estimation with Capture-Recapture Data
   gfortran(Win64) Vers. 8.0 Jun 2014   31-Jan-2015 13:38:11    Page  006
 - - - - - - - - - - - - - - - - - - - - - - - - - - - - - - - - - - - - - -
 
  INPUT ---        64 65 ;
  INPUT ---        64 ;

  INPUT ---    group=4 F    rows=6 cols=6 Triang ;
  INPUT ---        64 65 66 67 68 69 ;
  INPUT ---        64 65 66 67 68 ;
  INPUT ---        64 65 66 67 ;
  INPUT ---        64 65 66 ;
  INPUT ---        64 65 ;
  INPUT ---        64 ;

  INPUT ---    group=5 F    rows=6 cols=6 Triang ;
  INPUT ---        64 65 66 67 68 69 ;
  INPUT ---        64 65 66 67 68 ;
  INPUT ---        64 65 66 67 ;
  INPUT ---        64 65 66 ;
  INPUT ---        64 65 ;
  INPUT ---        64 ;

  INPUT ---    group=6 F    rows=6 cols=6 Triang ;
  INPUT ---        64 65 66 67 68 69 ;
  INPUT ---        64 65 66 67 68 ;
  INPUT ---        64 65 66 67 ;
  INPUT ---        64 65 66 ;
  INPUT ---        64 65 ;
  INPUT ---        64 ;

  INPUT ---    design matrix constraints=69 covariates=27;
  INPUT ---        1 0 0 0 0 0 0 0 0 0 0 0 0 0 0 0 0 0 0 0 0 0 0 0 0 0 0;
  INPUT ---        1 1 0 0 0 0 0 0 1 0 0 0 0 0 0 0 0 0 0 0 0 0 0 0 0 0 0;
  INPUT ---        1 0 1 0 0 0 0 0 0 1 0 0 0 0 0 0 0 0 0 0 0 0 0 0 0 0 0;
  INPUT ---        1 0 0 1 0 0 0 0 0 0 1 0 0 0 0 0 0 0 0 0 0 0 0 0 0 0 0;
  INPUT ---        1 0 0 0 1 0 0 0 0 0 0 1 0 0 0 0 0 0 0 0 0 0 0 0 0 0 0;
  INPUT ---        1 0 0 0 0 1 0 0 0 0 0 0 1 0 0 0 0 0 0 0 0 0 0 0 0 0 0;
  INPUT ---        1 0 0 0 0 0 1 0 0 0 0 0 0 1 0 0 0 0 0 0 0 0 0 0 0 0 0;
  INPUT ---        1 0 0 0 0 0 0 0 1 0 0 0 0 0 0 0 0 0 0 0 0 0 0 0 0 0 0;
  INPUT ---        1 1 0 0 0 0 0 0 0 1 0 0 0 0 0 0 0 0 0 0 0 0 0 0 0 0 0;
  INPUT ---        1 0 1 0 0 0 0 0 0 0 1 0 0 0 0 0 0 0 0 0 0 0 0 0 0 0 0;
  INPUT ---        1 0 0 1 0 0 0 0 0 0 0 1 0 0 0 0 0 0 0 0 0 0 0 0 0 0 0;
  INPUT ---        1 0 0 0 1 0 0 0 0 0 0 0 1 0 0 0 0 0 0 0 0 0 0 0 0 0 0;
  INPUT ---        1 0 0 0 0 1 0 0 0 0 0 0 0 1 0 0 0 0 0 0 0 0 0 0 0 0 0;
  INPUT ---        1 0 0 0 0 0 0 0 0 1 0 0 0 0 0 0 0 0 0 0 0 0 0 0 0 0 0;
  INPUT ---        1 1 0 0 0 0 0 0 0 0 1 0 0 0 0 0 0 0 0 0 0 0 0 0 0 0 0;
  INPUT ---        1 0 1 0 0 0 0 0 0 0 0 1 0 0 0 0 0 0 0 0 0 0 0 0 0 0 0;
  INPUT ---        1 0 0 1 0 0 0 0 0 0 0 0 1 0 0 0 0 0 0 0 0 0 0 0 0 0 0;
  INPUT ---        1 0 0 0 1 0 0 0 0 0 0 0 0 1 0 0 0 0 0 0 0 0 0 0 0 0 0;

  Program  MARK  - Survival Rate Estimation with Capture-Recapture Data
   gfortran(Win64) Vers. 8.0 Jun 2014   31-Jan-2015 13:38:11    Page  007
 - - - - - - - - - - - - - - - - - - - - - - - - - - - - - - - - - - - - - -
 
  INPUT ---        1 0 0 0 0 0 0 0 0 0 1 0 0 0 0 0 0 0 0 0 0 0 0 0 0 0 0;
  INPUT ---        1 1 0 0 0 0 0 0 0 0 0 1 0 0 0 0 0 0 0 0 0 0 0 0 0 0 0;
  INPUT ---        1 0 1 0 0 0 0 0 0 0 0 0 1 0 0 0 0 0 0 0 0 0 0 0 0 0 0;
  INPUT ---        1 0 0 1 0 0 0 0 0 0 0 0 0 1 0 0 0 0 0 0 0 0 0 0 0 0 0;
  INPUT ---        1 0 0 0 0 0 0 0 0 0 0 1 0 0 0 0 0 0 0 0 0 0 0 0 0 0 0;
  INPUT ---        1 1 0 0 0 0 0 0 0 0 0 0 1 0 0 0 0 0 0 0 0 0 0 0 0 0 0;
  INPUT ---        1 0 1 0 0 0 0 0 0 0 0 0 0 1 0 0 0 0 0 0 0 0 0 0 0 0 0;
  INPUT ---        1 0 0 0 0 0 0 0 0 0 0 0 1 0 0 0 0 0 0 0 0 0 0 0 0 0 0;
  INPUT ---        1 1 0 0 0 0 0 0 0 0 0 0 0 1 0 0 0 0 0 0 0 0 0 0 0 0 0;
  INPUT ---        1 0 0 0 0 0 0 0 0 0 0 0 0 1 0 0 0 0 0 0 0 0 0 0 0 0 0;
  INPUT ---        1 0 0 0 0 0 0 1 0 0 0 0 0 0 0 0 0 0 0 0 0 0 0 0 0 0 0;
  INPUT ---        1 1 0 0 0 0 0 1 1 0 0 0 0 0 0 0 0 0 0 0 0 0 0 0 0 0 0;
  INPUT ---        1 0 1 0 0 0 0 1 0 1 0 0 0 0 0 0 0 0 0 0 0 0 0 0 0 0 0;
  INPUT ---        1 0 0 1 0 0 0 1 0 0 1 0 0 0 0 0 0 0 0 0 0 0 0 0 0 0 0;
  INPUT ---        1 0 0 0 1 0 0 1 0 0 0 1 0 0 0 0 0 0 0 0 0 0 0 0 0 0 0;
  INPUT ---        1 0 0 0 0 1 0 1 0 0 0 0 1 0 0 0 0 0 0 0 0 0 0 0 0 0 0;
  INPUT ---        1 0 0 0 0 0 1 1 0 0 0 0 0 1 0 0 0 0 0 0 0 0 0 0 0 0 0;
  INPUT ---        1 0 0 0 0 0 0 1 1 0 0 0 0 0 0 0 0 0 0 0 0 0 0 0 0 0 0;
  INPUT ---        1 1 0 0 0 0 0 1 0 1 0 0 0 0 0 0 0 0 0 0 0 0 0 0 0 0 0;
  INPUT ---        1 0 1 0 0 0 0 1 0 0 1 0 0 0 0 0 0 0 0 0 0 0 0 0 0 0 0;
  INPUT ---        1 0 0 1 0 0 0 1 0 0 0 1 0 0 0 0 0 0 0 0 0 0 0 0 0 0 0;
  INPUT ---        1 0 0 0 1 0 0 1 0 0 0 0 1 0 0 0 0 0 0 0 0 0 0 0 0 0 0;
  INPUT ---        1 0 0 0 0 1 0 1 0 0 0 0 0 1 0 0 0 0 0 0 0 0 0 0 0 0 0;
  INPUT ---        1 0 0 0 0 0 0 1 0 1 0 0 0 0 0 0 0 0 0 0 0 0 0 0 0 0 0;
  INPUT ---        1 1 0 0 0 0 0 1 0 0 1 0 0 0 0 0 0 0 0 0 0 0 0 0 0 0 0;
  INPUT ---        1 0 1 0 0 0 0 1 0 0 0 1 0 0 0 0 0 0 0 0 0 0 0 0 0 0 0;
  INPUT ---        1 0 0 1 0 0 0 1 0 0 0 0 1 0 0 0 0 0 0 0 0 0 0 0 0 0 0;
  INPUT ---        1 0 0 0 1 0 0 1 0 0 0 0 0 1 0 0 0 0 0 0 0 0 0 0 0 0 0;
  INPUT ---        1 0 0 0 0 0 0 1 0 0 1 0 0 0 0 0 0 0 0 0 0 0 0 0 0 0 0;
  INPUT ---        1 1 0 0 0 0 0 1 0 0 0 1 0 0 0 0 0 0 0 0 0 0 0 0 0 0 0;
  INPUT ---        1 0 1 0 0 0 0 1 0 0 0 0 1 0 0 0 0 0 0 0 0 0 0 0 0 0 0;
  INPUT ---        1 0 0 1 0 0 0 1 0 0 0 0 0 1 0 0 0 0 0 0 0 0 0 0 0 0 0;
  INPUT ---        1 0 0 0 0 0 0 1 0 0 0 1 0 0 0 0 0 0 0 0 0 0 0 0 0 0 0;
  INPUT ---        1 1 0 0 0 0 0 1 0 0 0 0 1 0 0 0 0 0 0 0 0 0 0 0 0 0 0;
  INPUT ---        1 0 1 0 0 0 0 1 0 0 0 0 0 1 0 0 0 0 0 0 0 0 0 0 0 0 0;
  INPUT ---        1 0 0 0 0 0 0 1 0 0 0 0 1 0 0 0 0 0 0 0 0 0 0 0 0 0 0;
  INPUT ---        1 1 0 0 0 0 0 1 0 0 0 0 0 1 0 0 0 0 0 0 0 0 0 0 0 0 0;
  INPUT ---        1 0 0 0 0 0 0 1 0 0 0 0 0 1 0 0 0 0 0 0 0 0 0 0 0 0 0;
  INPUT ---        0 0 0 0 0 0 0 0 0 0 0 0 0 0 1 0 0 0 0 0 0 0 0 0 0 0 0;
  INPUT ---        0 0 0 0 0 0 0 0 0 0 0 0 0 0 1 1 0 0 0 0 0 0 0 0 0 0 0;
  INPUT ---        0 0 0 0 0 0 0 0 0 0 0 0 0 0 1 0 1 0 0 0 0 0 0 0 0 0 0;
  INPUT ---        0 0 0 0 0 0 0 0 0 0 0 0 0 0 1 0 0 1 0 0 0 0 0 0 0 0 0;
  INPUT ---        0 0 0 0 0 0 0 0 0 0 0 0 0 0 1 0 0 0 1 0 0 0 0 0 0 0 0;
  INPUT ---        0 0 0 0 0 0 0 0 0 0 0 0 0 0 1 0 0 0 0 1 0 0 0 0 0 0 0;
  INPUT ---        0 0 0 0 0 0 0 0 0 0 0 0 0 0 0 0 0 0 0 0 1 0 0 0 0 0 0;
  INPUT ---        0 0 0 0 0 0 0 0 0 0 0 0 0 0 0 0 0 0 0 0 0 1 0 0 0 0 0;

  Program  MARK  - Survival Rate Estimation with Capture-Recapture Data
   gfortran(Win64) Vers. 8.0 Jun 2014   31-Jan-2015 13:38:11    Page  008
 - - - - - - - - - - - - - - - - - - - - - - - - - - - - - - - - - - - - - -
 
  INPUT ---        0 0 0 0 0 0 0 0 0 0 0 0 0 0 0 0 0 0 0 0 0 1 1 0 0 0 0;
  INPUT ---        0 0 0 0 0 0 0 0 0 0 0 0 0 0 0 0 0 0 0 0 0 1 0 1 0 0 0;
  INPUT ---        0 0 0 0 0 0 0 0 0 0 0 0 0 0 0 0 0 0 0 0 0 1 0 0 1 0 0;
  INPUT ---        0 0 0 0 0 0 0 0 0 0 0 0 0 0 0 0 0 0 0 0 0 1 0 0 0 1 0;
  INPUT ---        0 0 0 0 0 0 0 0 0 0 0 0 0 0 0 0 0 0 0 0 0 1 0 0 0 0 1;

  INPUT ---    blabel(1)=S:(Intercept);

  INPUT ---    blabel(2)=S:age1;

  INPUT ---    blabel(3)=S:age2;

  INPUT ---    blabel(4)=S:age3;

  INPUT ---    blabel(5)=S:age4;

  INPUT ---    blabel(6)=S:age5;

  INPUT ---    blabel(7)=S:age6;

  INPUT ---    blabel(8)=S:sex5;

  INPUT ---    blabel(9)=S:time2006;

  INPUT ---    blabel(10)=S:time2007;

  INPUT ---    blabel(11)=S:time2008;

  INPUT ---    blabel(12)=S:time2009;

  INPUT ---    blabel(13)=S:time2010;

  INPUT ---    blabel(14)=S:time2011;

  INPUT ---    blabel(15)=p:(Intercept);

  INPUT ---    blabel(16)=p:time2007;

  INPUT ---    blabel(17)=p:time2008;

  INPUT ---    blabel(18)=p:time2009;

  INPUT ---    blabel(19)=p:time2010;

  INPUT ---    blabel(20)=p:time2011;


  Program  MARK  - Survival Rate Estimation with Capture-Recapture Data
   gfortran(Win64) Vers. 8.0 Jun 2014   31-Jan-2015 13:38:11    Page  009
 - - - - - - - - - - - - - - - - - - - - - - - - - - - - - - - - - - - - - -
 
  INPUT ---    blabel(21)=r:(Intercept);

  INPUT ---    blabel(22)=F:(Intercept);

  INPUT ---    blabel(23)=F:age1;

  INPUT ---    blabel(24)=F:age2;

  INPUT ---    blabel(25)=F:age3;

  INPUT ---    blabel(26)=F:age4;

  INPUT ---    blabel(27)=F:age5;

  INPUT ---    rlabel(1)=S g41 c2005 c1 a0 t2005;

  INPUT ---    rlabel(2)=S g41 c2005 c1 a1 t2006;

  INPUT ---    rlabel(3)=S g41 c2005 c1 a2 t2007;

  INPUT ---    rlabel(4)=S g41 c2005 c1 a3 t2008;

  INPUT ---    rlabel(5)=S g41 c2005 c1 a4 t2009;

  INPUT ---    rlabel(6)=S g41 c2005 c1 a5 t2010;

  INPUT ---    rlabel(7)=S g41 c2005 c1 a6 t2011;

  INPUT ---    rlabel(8)=S g41 c2006 c2 a0 t2006;

  INPUT ---    rlabel(9)=S g41 c2006 c2 a1 t2007;

  INPUT ---    rlabel(10)=S g41 c2006 c2 a2 t2008;

  INPUT ---    rlabel(11)=S g41 c2006 c2 a3 t2009;

  INPUT ---    rlabel(12)=S g41 c2006 c2 a4 t2010;

  INPUT ---    rlabel(13)=S g41 c2006 c2 a5 t2011;

  INPUT ---    rlabel(14)=S g41 c2007 c3 a0 t2007;

  INPUT ---    rlabel(15)=S g41 c2007 c3 a1 t2008;

  INPUT ---    rlabel(16)=S g41 c2007 c3 a2 t2009;


  Program  MARK  - Survival Rate Estimation with Capture-Recapture Data
   gfortran(Win64) Vers. 8.0 Jun 2014   31-Jan-2015 13:38:11    Page  010
 - - - - - - - - - - - - - - - - - - - - - - - - - - - - - - - - - - - - - -
 
  INPUT ---    rlabel(17)=S g41 c2007 c3 a3 t2010;

  INPUT ---    rlabel(18)=S g41 c2007 c3 a4 t2011;

  INPUT ---    rlabel(19)=S g41 c2008 c4 a0 t2008;

  INPUT ---    rlabel(20)=S g41 c2008 c4 a1 t2009;

  INPUT ---    rlabel(21)=S g41 c2008 c4 a2 t2010;

  INPUT ---    rlabel(22)=S g41 c2008 c4 a3 t2011;

  INPUT ---    rlabel(23)=S g41 c2009 c5 a0 t2009;

  INPUT ---    rlabel(24)=S g41 c2009 c5 a1 t2010;

  INPUT ---    rlabel(25)=S g41 c2009 c5 a2 t2011;

  INPUT ---    rlabel(26)=S g41 c2010 c6 a0 t2010;

  INPUT ---    rlabel(27)=S g41 c2010 c6 a1 t2011;

  INPUT ---    rlabel(28)=S g41 c2011 c7 a0 t2011;

  INPUT ---    rlabel(29)=S g51 c2005 c1 a0 t2005;

  INPUT ---    rlabel(30)=S g51 c2005 c1 a1 t2006;

  INPUT ---    rlabel(31)=S g51 c2005 c1 a2 t2007;

  INPUT ---    rlabel(32)=S g51 c2005 c1 a3 t2008;

  INPUT ---    rlabel(33)=S g51 c2005 c1 a4 t2009;

  INPUT ---    rlabel(34)=S g51 c2005 c1 a5 t2010;

  INPUT ---    rlabel(35)=S g51 c2005 c1 a6 t2011;

  INPUT ---    rlabel(36)=S g51 c2006 c2 a0 t2006;

  INPUT ---    rlabel(37)=S g51 c2006 c2 a1 t2007;

  INPUT ---    rlabel(38)=S g51 c2006 c2 a2 t2008;

  INPUT ---    rlabel(39)=S g51 c2006 c2 a3 t2009;


  Program  MARK  - Survival Rate Estimation with Capture-Recapture Data
   gfortran(Win64) Vers. 8.0 Jun 2014   31-Jan-2015 13:38:11    Page  011
 - - - - - - - - - - - - - - - - - - - - - - - - - - - - - - - - - - - - - -
 
  INPUT ---    rlabel(40)=S g51 c2006 c2 a4 t2010;

  INPUT ---    rlabel(41)=S g51 c2006 c2 a5 t2011;

  INPUT ---    rlabel(42)=S g51 c2007 c3 a0 t2007;

  INPUT ---    rlabel(43)=S g51 c2007 c3 a1 t2008;

  INPUT ---    rlabel(44)=S g51 c2007 c3 a2 t2009;

  INPUT ---    rlabel(45)=S g51 c2007 c3 a3 t2010;

  INPUT ---    rlabel(46)=S g51 c2007 c3 a4 t2011;

  INPUT ---    rlabel(47)=S g51 c2008 c4 a0 t2008;

  INPUT ---    rlabel(48)=S g51 c2008 c4 a1 t2009;

  INPUT ---    rlabel(49)=S g51 c2008 c4 a2 t2010;

  INPUT ---    rlabel(50)=S g51 c2008 c4 a3 t2011;

  INPUT ---    rlabel(51)=S g51 c2009 c5 a0 t2009;

  INPUT ---    rlabel(52)=S g51 c2009 c5 a1 t2010;

  INPUT ---    rlabel(53)=S g51 c2009 c5 a2 t2011;

  INPUT ---    rlabel(54)=S g51 c2010 c6 a0 t2010;

  INPUT ---    rlabel(55)=S g51 c2010 c6 a1 t2011;

  INPUT ---    rlabel(56)=S g51 c2011 c7 a0 t2011;

  INPUT ---    rlabel(57)=p g41 c2005 c1 a1 t2006;

  INPUT ---    rlabel(58)=p g41 c2005 c1 a2 t2007;

  INPUT ---    rlabel(59)=p g41 c2005 c1 a3 t2008;

  INPUT ---    rlabel(60)=p g41 c2005 c1 a4 t2009;

  INPUT ---    rlabel(61)=p g41 c2005 c1 a5 t2010;

  INPUT ---    rlabel(62)=p g41 c2005 c1 a6 t2011;


  Program  MARK  - Survival Rate Estimation with Capture-Recapture Data
   gfortran(Win64) Vers. 8.0 Jun 2014   31-Jan-2015 13:38:11    Page  012
 - - - - - - - - - - - - - - - - - - - - - - - - - - - - - - - - - - - - - -
 
  INPUT ---    rlabel(63)=r g41 c2005 c1 a0 t2005;

  INPUT ---    rlabel(64)=F g41 c2005 c1 a0 t2005;

  INPUT ---    rlabel(65)=F g41 c2005 c1 a1 t2006;

  INPUT ---    rlabel(66)=F g41 c2005 c1 a2 t2007;

  INPUT ---    rlabel(67)=F g41 c2005 c1 a3 t2008;

  INPUT ---    rlabel(68)=F g41 c2005 c1 a4 t2009;

  INPUT ---    rlabel(69)=F g41 c2005 c1 a5 t2010;

 Link Function Used is LOGIT        

 Variance Estimation Procedure Used is 2ndPart 

 M(t+1):



 -2logL(saturated) = 1739.8188     
 Effective Sample Size = 7075

 Number of function evaluations was 96 for 27 parameters.
 Time for numerical optimization was 2.96 seconds.
 -2logL { S(~age + sex + time)p(~time)r(~1)F(~age) } = 2571.4096     
 Penalty { S(~age + sex + time)p(~time)r(~1)F(~age) } = -0.0000000    
 Gradient { S(~age + sex + time)p(~time)r(~1)F(~age) }:
  0.5054516E-03 0.5263967E-03  0.000000    -0.8900784E-06  0.000000    
   0.000000      0.000000    -0.1584477E-05  0.000000      0.000000    
  0.2179542E-03  0.000000      0.000000     0.3072150E-03 0.9104444E-02
  0.2508545E-03 0.1174728E-02  0.000000     0.5193584E-02 0.2480874E-02
 -0.7582539E-02 0.3173095E-02 0.3210956E-02  0.000000      0.000000    
   0.000000      0.000000    
 S Vector { S(~age + sex + time)p(~time)r(~1)F(~age) }:
   284.2888      17.32493      4.443756      2.865165      2.406599    
   1.607471     0.7514838     0.1029285     0.3211550E-04 0.9196744E-05
  0.8741243E-05 0.7553793E-05 0.1578027E-05 0.1470967E-05 0.9582038E-06
  0.4290878E-06 0.3458668E-06 0.3375931E-06 0.1792275E-06 0.1744040E-06
  0.1380826E-06 0.4824977E-07 0.4605097E-07 0.2454465E-07 0.5616129E-08
  0.2265712E-08 0.8517847E-10
 Time to compute number of parameters was 1.00 seconds.
   Threshold =  0.5600000E-06     Condition index =  0.2996195E-12     New Threshold =  0.4426003E-09

  Program  MARK  - Survival Rate Estimation with Capture-Recapture Data
   gfortran(Win64) Vers. 8.0 Jun 2014   31-Jan-2015 13:38:12    Page  013
 - - - - - - - - - - - - - - - - - - - - - - - - - - - - - - - - - - - - - -
 
 New Guessimate of Estimated Parameters { S(~age + sex + time)p(~time)r(~1)F(~age) } = 21          
 Conditioned S Vector { S(~age + sex + time)p(~time)r(~1)F(~age) }:
   1.000000     0.6094128E-01 0.1563113E-01 0.1007836E-01 0.8465331E-02
  0.5654357E-02 0.2643381E-02 0.3620561E-03 0.1129678E-06 0.3235000E-07
  0.3074775E-07 0.2657084E-07 0.5550786E-08 0.5174199E-08 0.3370529E-08
  0.1509337E-08 0.1216604E-08 0.1187500E-08 0.6304416E-09 0.6134746E-09
  0.4857122E-09 0.1697210E-09 0.1619865E-09 0.8633701E-10 0.1975501E-10
  0.7969755E-11 0.2996195E-12
 Number of Estimated Parameters { S(~age + sex + time)p(~time)r(~1)F(~age) } = 8          
 DEVIANCE { S(~age + sex + time)p(~time)r(~1)F(~age) } = 831.59084                     
 DEVIANCE Degrees of Freedom { S(~age + sex + time)p(~time)r(~1)F(~age) } = 7            
 c-hat { S(~age + sex + time)p(~time)r(~1)F(~age) } = 118.79869                     
 AIC { S(~age + sex + time)p(~time)r(~1)F(~age) } = 2587.4096                  
 AICc { S(~age + sex + time)p(~time)r(~1)F(~age) } = 2587.4300                    
 BIC { S(~age + sex + time)p(~time)r(~1)F(~age) } = 2642.3242                    
 Pearson Chisquare { S(~age + sex + time)p(~time)r(~1)F(~age) } = Not a Number               
 Possible Encounter Histories { S(~age + sex + time)p(~time)r(~1)F(~age) } = 896             
 Pearson Chisquare df { S(~age + sex + time)p(~time)r(~1)F(~age) } = 852        
 Pearson chat { S(~age + sex + time)p(~time)r(~1)F(~age) } = Not a Number               
 Sum(Observed/Expected) { S(~age + sex + time)p(~time)r(~1)F(~age) } = Not a Number               
 Fletcher chat { S(~age + sex + time)p(~time)r(~1)F(~age) } = Not a Number               


         LOGIT Link Function Parameters of { S(~age + sex + time)p(~time)r(~1)F(~age) }
                                                              95% Confidence Interval
 Parameter                    Beta         Standard Error      Lower           Upper
 -------------------------  --------------  --------------  --------------  --------------
    1:S:(Intercept)         12.405311       0.0000000       12.405311       12.405311     
    2:S:age1                68.456528       0.0000000       68.456528       68.456528     
    3:S:age2                -6.4015175      512.86516       -1011.6173      998.81422     
    4:S:age3                50.090705       3881.6782       -7557.9987      7658.1801     
    5:S:age4                -0.2867908      475.83096       -932.91549      932.34191     
    6:S:age5                2.1984706       1041.2496       -2038.6508      2043.0477     
    7:S:age6                -0.4229771      203.84174       -399.95280      399.10685     
    8:S:sex5                27.700150       4108.3941       -8024.7523      8080.1526     
    9:S:time2006            -65.139581      2330.0529       -4632.0433      4501.7641     
   10:S:time2007            32.618781       1424.9897       -2760.3611      2825.5987     
   11:S:time2008            -79.953691      0.0000000       -79.953691      -79.953691    
   12:S:time2009            25.925097       0.0000000       25.925097       25.925097     
   13:S:time2010            2.9133822       0.0000000       2.9133822       2.9133822     
   14:S:time2011            -77.747977      0.0000000       -77.747977      -77.747977    
   15:p:(Intercept)         -47.249617      0.0000000       -47.249617      -47.249617    
   16:p:time2007            41.238082       0.0000000       41.238082       41.238082     
   17:p:time2008            40.652899       0.0000000       40.652899       40.652899     
   18:p:time2009            10.803391       2747.9260       -5375.1316      5396.7384     
   19:p:time2010            41.256190       0.0000000       41.256190       41.256190     
   20:p:time2011            41.177614       0.0000000       41.177614       41.177614     
   21:r:(Intercept)         -2.9642129      0.0594046       -3.0806459      -2.8477799    
   22:F:(Intercept)         6.1083495       238.01014       -460.39153      472.60823     
   23:F:age1                -5.9537224      238.01788       -472.46878      460.56133     
   24:F:age2                24.186217       1887.8090       -3675.9195      3724.2919     
   25:F:age3                43.045603       1455.2072       -2809.1605      2895.2517     
   26:F:age4                11.179738       0.0000000       11.179738       11.179738     
   27:F:age5                42.439192       455.93830       -851.19989      936.07828     


         Real Function Parameters of { S(~age + sex + time)p(~time)r(~1)F(~age) }
                                                               95% Confidence Interval
  Parameter                  Estimate       Standard Error      Lower           Upper
 --------------------------  --------------  --------------  --------------  --------------

  Program  MARK  - Survival Rate Estimation with Capture-Recapture Data
   gfortran(Win64) Vers. 8.0 Jun 2014   31-Jan-2015 13:38:12    Page  014
 - - - - - - - - - - - - - - - - - - - - - - - - - - - - - - - - - - - - - -
 
     1:S g41 c2005 c1 a0 t2  0.9999959       0.0000000       0.9999959       0.9999959                           
     2:S g41 c2005 c1 a1 t2  0.9999999       0.3589834E-003  0.6636714E-297  1.0000000                           
     3:S g41 c2005 c1 a2 t2  1.0000000       0.0000000       1.0000000       1.0000000                           
     4:S g41 c2005 c1 a3 t2  0.2619559E-007  0.1085621E-003  0.2582801E-311  1.0000000                           
     5:S g41 c2005 c1 a4 t2  1.0000000       0.0000000       1.0000000       1.0000000                           
     6:S g41 c2005 c1 a5 t2  1.0000000       0.3418246E-004  0.3994573E-296  1.0000000                           
     7:S g41 c2005 c1 a6 t2  0.2743750E-028  0.0000000       0.2743750E-028  0.2743750E-028                      
     8:S g41 c2006 c2 a0 t2  0.1252558E-022  0.3048678E-019  -.5974157E-019  0.5976662E-019                      
     9:S g41 c2006 c2 a1 t2  1.0000000       0.0000000       1.0000000       1.0000000                           
    10:S g41 c2006 c2 a2 t2  0.7655401E-032  0.0000000       0.7655401E-032  0.7655401E-032                      
    11:S g41 c2006 c2 a3 t2  1.0000000       0.0000000       1.0000000       1.0000000                           
    12:S g41 c2006 c2 a4 t2  0.9999997       0.1736046E-003  0.3327630E-297  1.0000000                           
    13:S g41 c2006 c2 a5 t2  0.3774198E-027  0.5352420E-024  -.1048697E-023  0.1049452E-023                      
    14:S g41 c2007 c3 a0 t2  1.0000000       0.0000000       1.0000000       1.0000000                           
    15:S g41 c2007 c3 a1 t2  0.7126213       0.8036280       0.0011315       0.9998158                           
    16:S g41 c2007 c3 a2 t2  1.0000000       0.0000000       1.0000000       1.0000000                           
    17:S g41 c2007 c3 a3 t2  1.0000000       0.0000000       1.0000000       1.0000000                           
    18:S g41 c2007 c3 a4 t2  0.3144050E-028  0.0000000       0.3144050E-028  0.3144050E-028                      
    19:S g41 c2008 c4 a0 t2  0.4614362E-029  0.0000000       0.4614362E-029  0.4614362E-029                      
    20:S g41 c2008 c4 a1 t2  1.0000000       0.0000000       1.0000000       1.0000000                           
    21:S g41 c2008 c4 a2 t2  0.9998660       0.0000000       0.9998660       0.9998660                           
    22:S g41 c2008 c4 a3 t2  0.2377703E-006  0.9853869E-003  0.2344339E-310  1.0000000                           
    23:S g41 c2009 c5 a0 t2  1.0000000       0.0000000       1.0000000       1.0000000                           
    24:S g41 c2009 c5 a1 t2  1.0000000       0.0000000       1.0000000       1.0000000                           
    25:S g41 c2009 c5 a2 t2  0.6948601E-031  0.0000000       0.6948601E-031  0.6948601E-031                      
    26:S g41 c2010 c6 a0 t2  0.9999998       0.1015465E-003  0.4432888E-297  1.0000000                           
    27:S g41 c2010 c6 a1 t2  0.9574610       0.0425657       0.7437403       0.9943037                           
    28:S g41 c2011 c7 a0 t2  0.4188332E-028  0.0000000       0.4188332E-028  0.4188332E-028                      
    29:S g51 c2005 c1 a0 t2  1.0000000       0.0000000       1.0000000       1.0000000                           
    30:S g51 c2005 c1 a1 t2  1.0000000       0.0000000       1.0000000       1.0000000                           
    31:S g51 c2005 c1 a2 t2  1.0000000       0.0000000       1.0000000       1.0000000                           
    32:S g51 c2005 c1 a3 t2  0.9999644       0.0535387       0.2767664E-299  1.0000000                           
    33:S g51 c2005 c1 a4 t2  1.0000000       0.0000000       1.0000000       1.0000000                           
    34:S g51 c2005 c1 a5 t2  1.0000000       0.0000000       1.0000000       1.0000000                           
    35:S g51 c2005 c1 a6 t2  0.2940132E-016  0.1114893E-012  -.2184896E-012  0.2185484E-012                      
    36:S g51 c2006 c2 a0 t2  0.1342209E-010  0.6299892E-007  -.1234645E-006  0.1234913E-006                      
    37:S g51 c2006 c2 a1 t2  1.0000000       0.0000000       1.0000000       1.0000000                           
    38:S g51 c2006 c2 a2 t2  0.8203332E-020  0.3263870E-016  -.6396365E-016  0.6398005E-016                      
    39:S g51 c2006 c2 a3 t2  1.0000000       0.0000000       1.0000000       1.0000000                           
    40:S g51 c2006 c2 a4 t2  1.0000000       0.0000000       1.0000000       1.0000000                           
    41:S g51 c2006 c2 a5 t2  0.4044335E-015  0.1534428E-011  -.3007075E-011  0.3007884E-011                      
    42:S g51 c2007 c3 a0 t2  1.0000000       0.0000000       1.0000000       1.0000000                           
    43:S g51 c2007 c3 a1 t2  1.0000000       0.1546262E-008  1.0000000       1.0000000                           
    44:S g51 c2007 c3 a2 t2  1.0000000       0.0000000       1.0000000       1.0000000                           
    45:S g51 c2007 c3 a3 t2  1.0000000       0.0000000       1.0000000       1.0000000                           
    46:S g51 c2007 c3 a4 t2  0.3369084E-016  0.1319543E-012  -.2585968E-012  0.2586642E-012                      

  Program  MARK  - Survival Rate Estimation with Capture-Recapture Data
   gfortran(Win64) Vers. 8.0 Jun 2014   31-Jan-2015 13:38:12    Page  015
 - - - - - - - - - - - - - - - - - - - - - - - - - - - - - - - - - - - - - -
 
    47:S g51 c2008 c4 a0 t2  0.4944633E-017  0.1892173E-013  -.3708165E-013  0.3709154E-013                      
    48:S g51 c2008 c4 a1 t2  1.0000000       0.0000000       1.0000000       1.0000000                           
    49:S g51 c2008 c4 a2 t2  1.0000000       0.9461121E-012  1.0000000       1.0000000                           
    50:S g51 c2008 c4 a3 t2  0.9999961       0.0058987       0.2512134E-298  1.0000000                           
    51:S g51 c2009 c5 a0 t2  1.0000000       0.0000000       1.0000000       1.0000000                           
    52:S g51 c2009 c5 a1 t2  1.0000000       0.0000000       1.0000000       1.0000000                           
    53:S g51 c2009 c5 a2 t2  0.7445943E-019  0.2962518E-015  -.5805791E-015  0.5807280E-015                      
    54:S g51 c2010 c6 a0 t2  1.0000000       0.0000000       1.0000000       1.0000000                           
    55:S g51 c2010 c6 a1 t2  1.0000000       0.1705901E-009  1.0000000       1.0000000                           
    56:S g51 c2011 c7 a0 t2  0.4488110E-016  0.1717470E-012  -.3365793E-012  0.3366690E-012                      
    57:p g41 c2005 c1 a1 t2  0.3018230E-020  0.0000000       0.3018230E-020  0.3018230E-020                      
    58:p g41 c2005 c1 a2 t2  0.0024443       0.0031897       0.1886484E-003  0.0308395                           
    59:p g41 c2005 c1 a3 t2  0.0013630       0.0012276       0.2329435E-003  0.0079315                           
    60:p g41 c2005 c1 a4 t2  0.1484586E-015  0.4076191E-012  -.7987850E-012  0.7990819E-012                      
    61:p g41 c2005 c1 a5 t2  0.0024889       0.0019290       0.5438344E-003  0.0113118                           
    62:p g41 c2005 c1 a6 t2  0.0023012       0.0017698       0.5088578E-003  0.0103417                           
    63:r g41 c2005 c1 a0 t2  0.0490691       0.0027719       0.0439127       0.0547962                           
    64:F g41 c2005 c1 a0 t2  0.9977807       0.5270395       0.1133702E-199  1.0000000                           
    65:F g41 c2005 c1 a1 t2  0.5385799       0.3527302       0.0673994       0.9496261                           
    66:F g41 c2005 c1 a2 t2  1.0000000       0.1363027E-009  1.0000000       1.0000000                           
    67:F g41 c2005 c1 a3 t2  1.0000000       0.0000000       1.0000000       1.0000000                           
    68:F g41 c2005 c1 a4 t2  1.0000000       0.0000000       1.0000000       1.0000000                           
    69:F g41 c2005 c1 a5 t2  1.0000000       0.0000000       1.0000000       1.0000000                           

 Attempted ordering of parameters by estimatibility:
  21 15 20 19  1 16 22 11 17 23 14  2  5  6  8 26  7 13 24  9 18  3 12  4 10
  25 27
 Beta number 27 is a singular value.

     CPU Time in seconds for last procedure was 4.01

  Program  MARK  - Survival Rate Estimation with Capture-Recapture Data
   gfortran(Win64) Vers. 8.0 Jun 2014   31-Jan-2015 13:38:12    Page  016
 - - - - - - - - - - - - - - - - - - - - - - - - - - - - - - - - - - - - - -
 


  INPUT --- proc stop;

     CPU Time in minutes for this job was 0.07

     Time Start = 13:38:11.905   Time End = 13:38:12.820

     Wall Clock Time in minutes for this job was 0.02


          E X E C U T I O N   S U C C E S S F U L 
