
   Program  MARK  - Survival Rate Estimation with Capture-Recapture Data
   gfortran(Win64) Vers. 8.0 Jun 2014   31-Jan-2015 13:29:11    Page  001
 - - - - - - - - - - - - - - - - - - - - - - - - - - - - - - - - - - - - - -
 
   This version was compiled by GCC version 4.8.1 using the options 
   -m64 -mtune=generic -march=x86-64 -mthreads -O2 -fimplicit-none -fbounds-check -funroll-loops -ftree-vectorize -fopenmp.
   This problem will use 7 of 8 possible threads.


  INPUT --- proc title ;

     CPU Time in seconds for last procedure was 0.00


  INPUT --- proc chmatrix occasions= 7 groups= 1 etype= Both ICMeans 
  INPUT --- NoHist hist= 17 ;

  INPUT ---    time  interval 1 1 1 1 1 1 1 ;

  INPUT ---    glabel(1)=Group 1;

      Number of unique encounter histories read was 17.

      Number of individual covariates read was 0.
      Time interval lengths are all equal to 1.

      Data type number is 3
      Data type is Joint Live and Dead Encounters (Burnham)                                                            

     CPU Time in seconds for last procedure was 0.00

  Program  MARK  - Survival Rate Estimation with Capture-Recapture Data
   gfortran(Win64) Vers. 8.0 Jun 2014   31-Jan-2015 13:29:11    Page  002
 - - - - - - - - - - - - - - - - - - - - - - - - - - - - - - - - - - - - - -
 


  INPUT --- proc estimate link=Logit NOLOOP varest=2ndPart    ;


  INPUT --- model={ S(~1)p(~1)r(~1)F(~1) };

  INPUT ---    group=1 S    rows=7 cols=7 Triang ;
  INPUT ---        1 1 1 1 1 1 1 ;
  INPUT ---        1 1 1 1 1 1 ;
  INPUT ---        1 1 1 1 1 ;
  INPUT ---        1 1 1 1 ;
  INPUT ---        1 1 1 ;
  INPUT ---        1 1 ;
  INPUT ---        1 ;

  INPUT ---    group=1 p    rows=6 cols=6 Triang ;
  INPUT ---        2 2 2 2 2 2 ;
  INPUT ---        2 2 2 2 2 ;
  INPUT ---        2 2 2 2 ;
  INPUT ---        2 2 2 ;
  INPUT ---        2 2 ;
  INPUT ---        2 ;

  INPUT ---    group=1 r    rows=7 cols=7 Triang ;
  INPUT ---        3 3 3 3 3 3 3 ;
  INPUT ---        3 3 3 3 3 3 ;
  INPUT ---        3 3 3 3 3 ;
  INPUT ---        3 3 3 3 ;
  INPUT ---        3 3 3 ;
  INPUT ---        3 3 ;
  INPUT ---        3 ;

  INPUT ---    group=1 F    rows=6 cols=6 Triang ;
  INPUT ---        4 4 4 4 4 4 ;
  INPUT ---        4 4 4 4 4 ;
  INPUT ---        4 4 4 4 ;
  INPUT ---        4 4 4 ;
  INPUT ---        4 4 ;
  INPUT ---        4 ;

  INPUT ---    design matrix constraints=4 covariates=4;
  INPUT ---        1 0 0 0;
  INPUT ---        0 1 0 0;
  INPUT ---        0 0 1 0;
  INPUT ---        0 0 0 1;

  Program  MARK  - Survival Rate Estimation with Capture-Recapture Data
   gfortran(Win64) Vers. 8.0 Jun 2014   31-Jan-2015 13:29:11    Page  003
 - - - - - - - - - - - - - - - - - - - - - - - - - - - - - - - - - - - - - -
 

  INPUT ---    blabel(1)=S:(Intercept);

  INPUT ---    blabel(2)=p:(Intercept);

  INPUT ---    blabel(3)=r:(Intercept);

  INPUT ---    blabel(4)=F:(Intercept);

  INPUT ---    rlabel(1)=S g1 c1 c1 a0 t1;

  INPUT ---    rlabel(2)=p g1 c1 c1 a1 t2;

  INPUT ---    rlabel(3)=r g1 c1 c1 a0 t1;

  INPUT ---    rlabel(4)=F g1 c1 c1 a0 t1;

 Link Function Used is LOGIT        

 Variance Estimation Procedure Used is 2ndPart 

 M(t+1):



 -2logL(saturated) = 1763.8601     
 Effective Sample Size = 7075

 Number of function evaluations was 39 for 4 parameters.
 Time for numerical optimization was 0.08 seconds.
 -2logL { S(~1)p(~1)r(~1)F(~1) } = 2768.1323     
 Penalty { S(~1)p(~1)r(~1)F(~1) } = -0.0000000    
 Gradient { S(~1)p(~1)r(~1)F(~1) }:
  0.2463364E-04 0.1031116E-04  0.000000      0.000000    
 S Vector { S(~1)p(~1)r(~1)F(~1) }:
   286.0636      32.20762      5.520986     0.5487893E-07
 Time to compute number of parameters was 0.50 seconds.
   Threshold =  0.1000000E-06     Condition index =  0.1918417E-09     New Threshold =  0.1097579E-06
 New Guessimate of Estimated Parameters { S(~1)p(~1)r(~1)F(~1) } = 3          
 Conditioned S Vector { S(~1)p(~1)r(~1)F(~1) }:
   1.000000     0.1125890     0.1929986E-01 0.1918417E-09
 Number of Estimated Parameters { S(~1)p(~1)r(~1)F(~1) } = 3          
 DEVIANCE { S(~1)p(~1)r(~1)F(~1) } = 1004.2722                     
 DEVIANCE Degrees of Freedom { S(~1)p(~1)r(~1)F(~1) } = 7            
 c-hat { S(~1)p(~1)r(~1)F(~1) } = 143.46745                     
 AIC { S(~1)p(~1)r(~1)F(~1) } = 2774.1323                  
 AICc { S(~1)p(~1)r(~1)F(~1) } = 2774.1357                    
 BIC { S(~1)p(~1)r(~1)F(~1) } = 2794.7253                    
 Pearson Chisquare { S(~1)p(~1)r(~1)F(~1) } = 782116.83                  
 Possible Encounter Histories { S(~1)p(~1)r(~1)F(~1) } = 162             
 Pearson Chisquare df { S(~1)p(~1)r(~1)F(~1) } = 152        
 Pearson chat { S(~1)p(~1)r(~1)F(~1) } = 5145.5055                  
 Sum(Observed/Expected) { S(~1)p(~1)r(~1)F(~1) } = 776904.66                  
 Fletcher chat { S(~1)p(~1)r(~1)F(~1) } = 1.0729397                  


                   LOGIT Link Function Parameters of { S(~1)p(~1)r(~1)F(~1) }
                                                              95% Confidence Interval
 Parameter                    Beta         Standard Error      Lower           Upper
 -------------------------  --------------  --------------  --------------  --------------
    1:S:(Intercept)         -2.6920840      0.2514664       -3.1849581      -2.1992100    
    2:p:(Intercept)         -3.4102422      0.3859103       -4.1666264      -2.6538580    
    3:r:(Intercept)         -3.1045374      0.0592390       -3.2206459      -2.9884290    

  Program  MARK  - Survival Rate Estimation with Capture-Recapture Data
   gfortran(Win64) Vers. 8.0 Jun 2014   31-Jan-2015 13:29:11    Page  004
 - - - - - - - - - - - - - - - - - - - - - - - - - - - - - - - - - - - - - -
 
    4:F:(Intercept)         18.488256       4268.7152       -8348.1936      8385.1702     


                   Real Function Parameters of { S(~1)p(~1)r(~1)F(~1) }
                                                               95% Confidence Interval
  Parameter                  Estimate       Standard Error      Lower           Upper
 --------------------------  --------------  --------------  --------------  --------------
     1:S g1 c1 c1 a0 t1      0.0634421       0.0149414       0.0397357       0.0998215                           
     2:p g1 c1 c1 a1 t2      0.0319769       0.0119456       0.0152678       0.0657516                           
     3:r g1 c1 c1 a0 t1      0.0429205       0.0024334       0.0383961       0.0479514                           
     4:F g1 c1 c1 a0 t1      1.0000000       0.3989785E-004  0.9999218       1.0000782                           

 Attempted ordering of parameters by estimatibility:
  3 1 2 4
 Beta number 4 is a singular value.

     CPU Time in seconds for last procedure was 0.58


  INPUT --- proc stop;

     CPU Time in minutes for this job was 0.01

     Time Start = 13:29:11.058   Time End = 13:29:11.202

     Wall Clock Time in minutes for this job was 0.00


          E X E C U T I O N   S U C C E S S F U L 
