
   Program  MARK  - Survival Rate Estimation with Capture-Recapture Data
   gfortran(Win64) Vers. 8.0 Jun 2014   25-Jan-2015 15:07:49    Page  001
 - - - - - - - - - - - - - - - - - - - - - - - - - - - - - - - - - - - - - -
 
   This version was compiled by GCC version 4.8.1 using the options 
   -m64 -mtune=generic -march=x86-64 -mthreads -O2 -fimplicit-none -fbounds-check -funroll-loops -ftree-vectorize -fopenmp.
   This problem will use 7 of 8 possible threads.


  INPUT --- proc title ;

     CPU Time in seconds for last procedure was 0.00


  INPUT --- proc chmatrix occasions= 7 groups= 6 etype= Both ICMeans 
  INPUT --- NoHist hist= 51 ;

  INPUT ---    time  interval 1 1 1 1 1 1 1 ;

  INPUT ---    glabel(1)=sex4.age1;

  INPUT ---    glabel(2)=sex5.age1;

  INPUT ---    glabel(3)=sex4.age2;

  INPUT ---    glabel(4)=sex5.age2;

  INPUT ---    glabel(5)=sex4.age4;

  INPUT ---    glabel(6)=sex5.age4;

   * *  WARNING  * *   At least a pair of the encounter histories are duplicates. 

      Number of unique encounter histories read was 17.

      Number of individual covariates read was 0.
      Time interval lengths are all equal to 1.

      Data type number is 3
      Data type is Joint Live and Dead Encounters (Burnham)                                                            

     CPU Time in seconds for last procedure was 0.02

  Program  MARK  - Survival Rate Estimation with Capture-Recapture Data
   gfortran(Win64) Vers. 8.0 Jun 2014   25-Jan-2015 15:07:49    Page  002
 - - - - - - - - - - - - - - - - - - - - - - - - - - - - - - - - - - - - - -
 


  INPUT --- proc estimate link=Logit NOLOOP varest=2ndPart    ;


  INPUT --- model={ S(~age)p(~age)r(~1)F(~1) };

  INPUT ---    group=1 S    rows=7 cols=7 Triang ;
  INPUT ---        1 2 3 4 5 6 7 ;
  INPUT ---        1 2 3 4 5 6 ;
  INPUT ---        1 2 3 4 5 ;
  INPUT ---        1 2 3 4 ;
  INPUT ---        1 2 3 ;
  INPUT ---        1 2 ;
  INPUT ---        1 ;

  INPUT ---    group=2 S    rows=7 cols=7 Triang ;
  INPUT ---        1 2 3 4 5 6 7 ;
  INPUT ---        1 2 3 4 5 6 ;
  INPUT ---        1 2 3 4 5 ;
  INPUT ---        1 2 3 4 ;
  INPUT ---        1 2 3 ;
  INPUT ---        1 2 ;
  INPUT ---        1 ;

  INPUT ---    group=3 S    rows=7 cols=7 Triang ;
  INPUT ---        1 2 3 4 5 6 7 ;
  INPUT ---        1 2 3 4 5 6 ;
  INPUT ---        1 2 3 4 5 ;
  INPUT ---        1 2 3 4 ;
  INPUT ---        1 2 3 ;
  INPUT ---        1 2 ;
  INPUT ---        1 ;

  INPUT ---    group=4 S    rows=7 cols=7 Triang ;
  INPUT ---        1 2 3 4 5 6 7 ;
  INPUT ---        1 2 3 4 5 6 ;
  INPUT ---        1 2 3 4 5 ;
  INPUT ---        1 2 3 4 ;
  INPUT ---        1 2 3 ;
  INPUT ---        1 2 ;
  INPUT ---        1 ;

  INPUT ---    group=5 S    rows=7 cols=7 Triang ;
  INPUT ---        1 2 3 4 5 6 7 ;
  INPUT ---        1 2 3 4 5 6 ;

  Program  MARK  - Survival Rate Estimation with Capture-Recapture Data
   gfortran(Win64) Vers. 8.0 Jun 2014   25-Jan-2015 15:07:49    Page  003
 - - - - - - - - - - - - - - - - - - - - - - - - - - - - - - - - - - - - - -
 
  INPUT ---        1 2 3 4 5 ;
  INPUT ---        1 2 3 4 ;
  INPUT ---        1 2 3 ;
  INPUT ---        1 2 ;
  INPUT ---        1 ;

  INPUT ---    group=6 S    rows=7 cols=7 Triang ;
  INPUT ---        1 2 3 4 5 6 7 ;
  INPUT ---        1 2 3 4 5 6 ;
  INPUT ---        1 2 3 4 5 ;
  INPUT ---        1 2 3 4 ;
  INPUT ---        1 2 3 ;
  INPUT ---        1 2 ;
  INPUT ---        1 ;

  INPUT ---    group=1 p    rows=6 cols=6 Triang ;
  INPUT ---        8 9 10 11 12 13 ;
  INPUT ---        8 9 10 11 12 ;
  INPUT ---        8 9 10 11 ;
  INPUT ---        8 9 10 ;
  INPUT ---        8 9 ;
  INPUT ---        8 ;

  INPUT ---    group=2 p    rows=6 cols=6 Triang ;
  INPUT ---        8 9 10 11 12 13 ;
  INPUT ---        8 9 10 11 12 ;
  INPUT ---        8 9 10 11 ;
  INPUT ---        8 9 10 ;
  INPUT ---        8 9 ;
  INPUT ---        8 ;

  INPUT ---    group=3 p    rows=6 cols=6 Triang ;
  INPUT ---        8 9 10 11 12 13 ;
  INPUT ---        8 9 10 11 12 ;
  INPUT ---        8 9 10 11 ;
  INPUT ---        8 9 10 ;
  INPUT ---        8 9 ;
  INPUT ---        8 ;

  INPUT ---    group=4 p    rows=6 cols=6 Triang ;
  INPUT ---        8 9 10 11 12 13 ;
  INPUT ---        8 9 10 11 12 ;
  INPUT ---        8 9 10 11 ;
  INPUT ---        8 9 10 ;
  INPUT ---        8 9 ;
  INPUT ---        8 ;

  Program  MARK  - Survival Rate Estimation with Capture-Recapture Data
   gfortran(Win64) Vers. 8.0 Jun 2014   25-Jan-2015 15:07:49    Page  004
 - - - - - - - - - - - - - - - - - - - - - - - - - - - - - - - - - - - - - -
 

  INPUT ---    group=5 p    rows=6 cols=6 Triang ;
  INPUT ---        8 9 10 11 12 13 ;
  INPUT ---        8 9 10 11 12 ;
  INPUT ---        8 9 10 11 ;
  INPUT ---        8 9 10 ;
  INPUT ---        8 9 ;
  INPUT ---        8 ;

  INPUT ---    group=6 p    rows=6 cols=6 Triang ;
  INPUT ---        8 9 10 11 12 13 ;
  INPUT ---        8 9 10 11 12 ;
  INPUT ---        8 9 10 11 ;
  INPUT ---        8 9 10 ;
  INPUT ---        8 9 ;
  INPUT ---        8 ;

  INPUT ---    group=1 r    rows=7 cols=7 Triang ;
  INPUT ---        14 14 14 14 14 14 14 ;
  INPUT ---        14 14 14 14 14 14 ;
  INPUT ---        14 14 14 14 14 ;
  INPUT ---        14 14 14 14 ;
  INPUT ---        14 14 14 ;
  INPUT ---        14 14 ;
  INPUT ---        14 ;

  INPUT ---    group=2 r    rows=7 cols=7 Triang ;
  INPUT ---        14 14 14 14 14 14 14 ;
  INPUT ---        14 14 14 14 14 14 ;
  INPUT ---        14 14 14 14 14 ;
  INPUT ---        14 14 14 14 ;
  INPUT ---        14 14 14 ;
  INPUT ---        14 14 ;
  INPUT ---        14 ;

  INPUT ---    group=3 r    rows=7 cols=7 Triang ;
  INPUT ---        14 14 14 14 14 14 14 ;
  INPUT ---        14 14 14 14 14 14 ;
  INPUT ---        14 14 14 14 14 ;
  INPUT ---        14 14 14 14 ;
  INPUT ---        14 14 14 ;
  INPUT ---        14 14 ;
  INPUT ---        14 ;

  INPUT ---    group=4 r    rows=7 cols=7 Triang ;
  INPUT ---        14 14 14 14 14 14 14 ;

  Program  MARK  - Survival Rate Estimation with Capture-Recapture Data
   gfortran(Win64) Vers. 8.0 Jun 2014   25-Jan-2015 15:07:49    Page  005
 - - - - - - - - - - - - - - - - - - - - - - - - - - - - - - - - - - - - - -
 
  INPUT ---        14 14 14 14 14 14 ;
  INPUT ---        14 14 14 14 14 ;
  INPUT ---        14 14 14 14 ;
  INPUT ---        14 14 14 ;
  INPUT ---        14 14 ;
  INPUT ---        14 ;

  INPUT ---    group=5 r    rows=7 cols=7 Triang ;
  INPUT ---        14 14 14 14 14 14 14 ;
  INPUT ---        14 14 14 14 14 14 ;
  INPUT ---        14 14 14 14 14 ;
  INPUT ---        14 14 14 14 ;
  INPUT ---        14 14 14 ;
  INPUT ---        14 14 ;
  INPUT ---        14 ;

  INPUT ---    group=6 r    rows=7 cols=7 Triang ;
  INPUT ---        14 14 14 14 14 14 14 ;
  INPUT ---        14 14 14 14 14 14 ;
  INPUT ---        14 14 14 14 14 ;
  INPUT ---        14 14 14 14 ;
  INPUT ---        14 14 14 ;
  INPUT ---        14 14 ;
  INPUT ---        14 ;

  INPUT ---    group=1 F    rows=6 cols=6 Triang ;
  INPUT ---        15 15 15 15 15 15 ;
  INPUT ---        15 15 15 15 15 ;
  INPUT ---        15 15 15 15 ;
  INPUT ---        15 15 15 ;
  INPUT ---        15 15 ;
  INPUT ---        15 ;

  INPUT ---    group=2 F    rows=6 cols=6 Triang ;
  INPUT ---        15 15 15 15 15 15 ;
  INPUT ---        15 15 15 15 15 ;
  INPUT ---        15 15 15 15 ;
  INPUT ---        15 15 15 ;
  INPUT ---        15 15 ;
  INPUT ---        15 ;

  INPUT ---    group=3 F    rows=6 cols=6 Triang ;
  INPUT ---        15 15 15 15 15 15 ;
  INPUT ---        15 15 15 15 15 ;
  INPUT ---        15 15 15 15 ;
  INPUT ---        15 15 15 ;

  Program  MARK  - Survival Rate Estimation with Capture-Recapture Data
   gfortran(Win64) Vers. 8.0 Jun 2014   25-Jan-2015 15:07:49    Page  006
 - - - - - - - - - - - - - - - - - - - - - - - - - - - - - - - - - - - - - -
 
  INPUT ---        15 15 ;
  INPUT ---        15 ;

  INPUT ---    group=4 F    rows=6 cols=6 Triang ;
  INPUT ---        15 15 15 15 15 15 ;
  INPUT ---        15 15 15 15 15 ;
  INPUT ---        15 15 15 15 ;
  INPUT ---        15 15 15 ;
  INPUT ---        15 15 ;
  INPUT ---        15 ;

  INPUT ---    group=5 F    rows=6 cols=6 Triang ;
  INPUT ---        15 15 15 15 15 15 ;
  INPUT ---        15 15 15 15 15 ;
  INPUT ---        15 15 15 15 ;
  INPUT ---        15 15 15 ;
  INPUT ---        15 15 ;
  INPUT ---        15 ;

  INPUT ---    group=6 F    rows=6 cols=6 Triang ;
  INPUT ---        15 15 15 15 15 15 ;
  INPUT ---        15 15 15 15 15 ;
  INPUT ---        15 15 15 15 ;
  INPUT ---        15 15 15 ;
  INPUT ---        15 15 ;
  INPUT ---        15 ;

  INPUT ---    design matrix constraints=15 covariates=15;
  INPUT ---        1 0 0 0 0 0 0 0 0 0 0 0 0 0 0;
  INPUT ---        1 1 0 0 0 0 0 0 0 0 0 0 0 0 0;
  INPUT ---        1 0 1 0 0 0 0 0 0 0 0 0 0 0 0;
  INPUT ---        1 0 0 1 0 0 0 0 0 0 0 0 0 0 0;
  INPUT ---        1 0 0 0 1 0 0 0 0 0 0 0 0 0 0;
  INPUT ---        1 0 0 0 0 1 0 0 0 0 0 0 0 0 0;
  INPUT ---        1 0 0 0 0 0 1 0 0 0 0 0 0 0 0;
  INPUT ---        0 0 0 0 0 0 0 1 0 0 0 0 0 0 0;
  INPUT ---        0 0 0 0 0 0 0 1 1 0 0 0 0 0 0;
  INPUT ---        0 0 0 0 0 0 0 1 0 1 0 0 0 0 0;
  INPUT ---        0 0 0 0 0 0 0 1 0 0 1 0 0 0 0;
  INPUT ---        0 0 0 0 0 0 0 1 0 0 0 1 0 0 0;
  INPUT ---        0 0 0 0 0 0 0 1 0 0 0 0 1 0 0;
  INPUT ---        0 0 0 0 0 0 0 0 0 0 0 0 0 1 0;
  INPUT ---        0 0 0 0 0 0 0 0 0 0 0 0 0 0 1;

  INPUT ---    blabel(1)=S:(Intercept);


  Program  MARK  - Survival Rate Estimation with Capture-Recapture Data
   gfortran(Win64) Vers. 8.0 Jun 2014   25-Jan-2015 15:07:49    Page  007
 - - - - - - - - - - - - - - - - - - - - - - - - - - - - - - - - - - - - - -
 
  INPUT ---    blabel(2)=S:age1;

  INPUT ---    blabel(3)=S:age2;

  INPUT ---    blabel(4)=S:age3;

  INPUT ---    blabel(5)=S:age4;

  INPUT ---    blabel(6)=S:age5;

  INPUT ---    blabel(7)=S:age6;

  INPUT ---    blabel(8)=p:(Intercept);

  INPUT ---    blabel(9)=p:age2;

  INPUT ---    blabel(10)=p:age3;

  INPUT ---    blabel(11)=p:age4;

  INPUT ---    blabel(12)=p:age5;

  INPUT ---    blabel(13)=p:age6;

  INPUT ---    blabel(14)=r:(Intercept);

  INPUT ---    blabel(15)=F:(Intercept);

  INPUT ---    rlabel(1)=S g41 c2005 c1 a0 t2005;

  INPUT ---    rlabel(2)=S g41 c2005 c1 a1 t2006;

  INPUT ---    rlabel(3)=S g41 c2005 c1 a2 t2007;

  INPUT ---    rlabel(4)=S g41 c2005 c1 a3 t2008;

  INPUT ---    rlabel(5)=S g41 c2005 c1 a4 t2009;

  INPUT ---    rlabel(6)=S g41 c2005 c1 a5 t2010;

  INPUT ---    rlabel(7)=S g41 c2005 c1 a6 t2011;

  INPUT ---    rlabel(8)=p g41 c2005 c1 a1 t2006;

  INPUT ---    rlabel(9)=p g41 c2005 c1 a2 t2007;


  Program  MARK  - Survival Rate Estimation with Capture-Recapture Data
   gfortran(Win64) Vers. 8.0 Jun 2014   25-Jan-2015 15:07:49    Page  008
 - - - - - - - - - - - - - - - - - - - - - - - - - - - - - - - - - - - - - -
 
  INPUT ---    rlabel(10)=p g41 c2005 c1 a3 t2008;

  INPUT ---    rlabel(11)=p g41 c2005 c1 a4 t2009;

  INPUT ---    rlabel(12)=p g41 c2005 c1 a5 t2010;

  INPUT ---    rlabel(13)=p g41 c2005 c1 a6 t2011;

  INPUT ---    rlabel(14)=r g41 c2005 c1 a0 t2005;

  INPUT ---    rlabel(15)=F g41 c2005 c1 a0 t2005;

 Link Function Used is LOGIT        

 Variance Estimation Procedure Used is 2ndPart 

 M(t+1):



 -2logL(saturated) = 1739.8188     
 Effective Sample Size = 7075

 Number of function evaluations was 45 for 15 parameters.
 Time for numerical optimization was 0.62 seconds.
 -2logL { S(~age)p(~age)r(~1)F(~1) } = 2687.5970     
 Penalty { S(~age)p(~age)r(~1)F(~1) } = -0.0000000    
 Gradient { S(~age)p(~age)r(~1)F(~1) }:
  0.1095300E-03 0.3911329E-04 0.5348069E-06 0.5239577E-03 0.9667518E-06
  0.8882770E-06-0.6460031E-05-0.9397330E-03-0.3201055E-04-0.2267387E-03
  0.4462305E-03  0.000000      0.000000     0.1769005E-03-0.2994297E-05
 S Vector { S(~age)p(~age)r(~1)F(~1) }:
   286.2213      29.59589      4.642641      1.659276      1.065744    
  0.8599529     0.3824206     0.2939613     0.1404726E-05 0.8029861E-06
  0.1741931E-06 0.6409375E-07 0.3529963E-08 0.1227701E-08 0.4347826E-09
 Time to compute number of parameters was 0.30 seconds.
   Threshold =  0.3200000E-06     Condition index =  0.1519043E-11     New Threshold =  0.1683906E-08
 New Guessimate of Estimated Parameters { S(~age)p(~age)r(~1)F(~1) } = 10          
 Conditioned S Vector { S(~age)p(~age)r(~1)F(~1) }:
   1.000000     0.1034021     0.1622046E-01 0.5797177E-02 0.3723496E-02
  0.3004503E-02 0.1336101E-02 0.1027042E-02 0.4907831E-08 0.2805473E-08
  0.6085960E-09 0.2239307E-09 0.1233298E-10 0.4289340E-11 0.1519043E-11
 Number of Estimated Parameters { S(~age)p(~age)r(~1)F(~1) } = 8          
 DEVIANCE { S(~age)p(~age)r(~1)F(~1) } = 947.77829                     
 DEVIANCE Degrees of Freedom { S(~age)p(~age)r(~1)F(~1) } = 7            
 c-hat { S(~age)p(~age)r(~1)F(~1) } = 135.39690                     
 AIC { S(~age)p(~age)r(~1)F(~1) } = 2703.5970                  
 AICc { S(~age)p(~age)r(~1)F(~1) } = 2703.6174                    
 BIC { S(~age)p(~age)r(~1)F(~1) } = 2758.5116                    
 Pearson Chisquare { S(~age)p(~age)r(~1)F(~1) } = Not a Number               
 Possible Encounter Histories { S(~age)p(~age)r(~1)F(~1) } = 896             
 Pearson Chisquare df { S(~age)p(~age)r(~1)F(~1) } = 852        
 Pearson chat { S(~age)p(~age)r(~1)F(~1) } = Not a Number               
 Sum(Observed/Expected) { S(~age)p(~age)r(~1)F(~1) } = Not a Number               
 Fletcher chat { S(~age)p(~age)r(~1)F(~1) } = Not a Number               

  Program  MARK  - Survival Rate Estimation with Capture-Recapture Data
   gfortran(Win64) Vers. 8.0 Jun 2014   25-Jan-2015 15:07:49    Page  009
 - - - - - - - - - - - - - - - - - - - - - - - - - - - - - - - - - - - - - -
 


                 LOGIT Link Function Parameters of { S(~age)p(~age)r(~1)F(~1) }
                                                              95% Confidence Interval
 Parameter                    Beta         Standard Error      Lower           Upper
 -------------------------  --------------  --------------  --------------  --------------
    1:S:(Intercept)         -4.3973487      0.5185674       -5.4137408      -3.3809567    
    2:S:age1                4.8132077       1.4034589       2.0624281       7.5639872     
    3:S:age2                84.030190       62.379235       -38.233114      206.29349     
    4:S:age3                3.3395426       1.3902800       0.6145938       6.0644913     
    5:S:age4                46.038684       0.4786004E-005  46.038675       46.038694     
    6:S:age5                50.194317       0.2752809E-003  50.193777       50.194857     
    7:S:age6                -6.0393990      0.0000000       -6.0393990      -6.0393990    
    8:p:(Intercept)         -2.3389874      0.6934334       -3.6981168      -0.9798580    
    9:p:age2                -0.4206171      0.9966911       -2.3741317      1.5328976     
   10:p:age3                -0.8050410      1.2262545       -3.2084999      1.5984179     
   11:p:age4                1.9553501       1.3491939       -0.6890701      4.5997703     
   12:p:age5                -16.244293      2433.5604       -4786.0227      4753.5342     
   13:p:age6                21.065672       3926.4225       -7674.7226      7716.8539     
   14:r:(Intercept)         -3.1130226      0.0591781       -3.2290117      -2.9970335    
   15:F:(Intercept)         14.187114       843.73142       -1639.5265      1667.9007     


                 Real Function Parameters of { S(~age)p(~age)r(~1)F(~1) }
                                                               95% Confidence Interval
  Parameter                  Estimate       Standard Error      Lower           Upper
 --------------------------  --------------  --------------  --------------  --------------
     1:S g41 c2005 c1 a0 t2  0.0121602       0.0062292       0.0044352       0.0328959                           
     2:S g41 c2005 c1 a1 t2  0.6024919       0.3034752       0.1122717       0.9478198                           
     3:S g41 c2005 c1 a2 t2  1.0000000       0.0000000       1.0000000       1.0000000                           
     4:S g41 c2005 c1 a3 t2  0.2577289       0.2068035       0.0400559       0.7428788                           
     5:S g41 c2005 c1 a4 t2  1.0000000       0.0000000       1.0000000       1.0000000                           
     6:S g41 c2005 c1 a5 t2  1.0000000       0.0000000       1.0000000       1.0000000                           
     7:S g41 c2005 c1 a6 t2  0.2933360E-004  0.0000000       0.2933360E-004  0.2933360E-004                      
     8:p g41 c2005 c1 a1 t2  0.0879451       0.0556208       0.0241714       0.2729200                           
     9:p g41 c2005 c1 a2 t2  0.0595465       0.0570917       0.0085115       0.3183379                           
    10:p g41 c2005 c1 a3 t2  0.0413272       0.0498525       0.0036467       0.3367563                           
    11:p g41 c2005 c1 a4 t2  0.4052499       0.2978298       0.0570225       0.8847622                           
    12:p g41 c2005 c1 a5 t2  0.8499310E-008  0.2068358E-004  -.4053133E-004  0.4054833E-004                      
    13:p g41 c2005 c1 a6 t2  1.0000000       0.2891354E-004  0.9999433       1.0000567                           
    14:r g41 c2005 c1 a0 t2  0.0425733       0.0024121       0.0380884       0.0475601                           
    15:F g41 c2005 c1 a0 t2  0.9999993       0.5818599E-003  0.1429710E-297  1.0000000                           

 Attempted ordering of parameters by estimatibility:
  14  1  8  9 10 11  4  2 15  7 12 13  6  5  3
 Beta number 3 is a singular value.

     CPU Time in seconds for last procedure was 0.92

  Program  MARK  - Survival Rate Estimation with Capture-Recapture Data
   gfortran(Win64) Vers. 8.0 Jun 2014   25-Jan-2015 15:07:49    Page  010
 - - - - - - - - - - - - - - - - - - - - - - - - - - - - - - - - - - - - - -
 


  INPUT --- proc stop;

     CPU Time in minutes for this job was 0.02

     Time Start = 15:07:49.234   Time End = 15:07:49.494

     Wall Clock Time in minutes for this job was 0.00


          E X E C U T I O N   S U C C E S S F U L 
