
   Program  MARK  - Survival Rate Estimation with Capture-Recapture Data
   gfortran(Win64) Vers. 8.0 Jun 2014   25-Jan-2015 15:08:02    Page  001
 - - - - - - - - - - - - - - - - - - - - - - - - - - - - - - - - - - - - - -
 
   This version was compiled by GCC version 4.8.1 using the options 
   -m64 -mtune=generic -march=x86-64 -mthreads -O2 -fimplicit-none -fbounds-check -funroll-loops -ftree-vectorize -fopenmp.
   This problem will use 7 of 8 possible threads.


  INPUT --- proc title ;

     CPU Time in seconds for last procedure was 0.00


  INPUT --- proc chmatrix occasions= 7 groups= 6 etype= Both ICMeans 
  INPUT --- NoHist hist= 51 ;

  INPUT ---    time  interval 1 1 1 1 1 1 1 ;

  INPUT ---    glabel(1)=sex4.age1;

  INPUT ---    glabel(2)=sex5.age1;

  INPUT ---    glabel(3)=sex4.age2;

  INPUT ---    glabel(4)=sex5.age2;

  INPUT ---    glabel(5)=sex4.age4;

  INPUT ---    glabel(6)=sex5.age4;

   * *  WARNING  * *   At least a pair of the encounter histories are duplicates. 

      Number of unique encounter histories read was 17.

      Number of individual covariates read was 0.
      Time interval lengths are all equal to 1.

      Data type number is 3
      Data type is Joint Live and Dead Encounters (Burnham)                                                            

     CPU Time in seconds for last procedure was 0.02

  Program  MARK  - Survival Rate Estimation with Capture-Recapture Data
   gfortran(Win64) Vers. 8.0 Jun 2014   25-Jan-2015 15:08:02    Page  002
 - - - - - - - - - - - - - - - - - - - - - - - - - - - - - - - - - - - - - -
 


  INPUT --- proc estimate link=Logit NOLOOP varest=2ndPart    ;


  INPUT --- model={ S(~age + time)p(~sex)r(~1)F(~1) };

  INPUT ---    group=1 S    rows=7 cols=7 Triang ;
  INPUT ---        1 2 3 4 5 6 7 ;
  INPUT ---        8 9 10 11 12 13 ;
  INPUT ---        14 15 16 17 18 ;
  INPUT ---        19 20 21 22 ;
  INPUT ---        23 24 25 ;
  INPUT ---        26 27 ;
  INPUT ---        28 ;

  INPUT ---    group=2 S    rows=7 cols=7 Triang ;
  INPUT ---        1 2 3 4 5 6 7 ;
  INPUT ---        8 9 10 11 12 13 ;
  INPUT ---        14 15 16 17 18 ;
  INPUT ---        19 20 21 22 ;
  INPUT ---        23 24 25 ;
  INPUT ---        26 27 ;
  INPUT ---        28 ;

  INPUT ---    group=3 S    rows=7 cols=7 Triang ;
  INPUT ---        1 2 3 4 5 6 7 ;
  INPUT ---        8 9 10 11 12 13 ;
  INPUT ---        14 15 16 17 18 ;
  INPUT ---        19 20 21 22 ;
  INPUT ---        23 24 25 ;
  INPUT ---        26 27 ;
  INPUT ---        28 ;

  INPUT ---    group=4 S    rows=7 cols=7 Triang ;
  INPUT ---        1 2 3 4 5 6 7 ;
  INPUT ---        8 9 10 11 12 13 ;
  INPUT ---        14 15 16 17 18 ;
  INPUT ---        19 20 21 22 ;
  INPUT ---        23 24 25 ;
  INPUT ---        26 27 ;
  INPUT ---        28 ;

  INPUT ---    group=5 S    rows=7 cols=7 Triang ;
  INPUT ---        1 2 3 4 5 6 7 ;
  INPUT ---        8 9 10 11 12 13 ;

  Program  MARK  - Survival Rate Estimation with Capture-Recapture Data
   gfortran(Win64) Vers. 8.0 Jun 2014   25-Jan-2015 15:08:02    Page  003
 - - - - - - - - - - - - - - - - - - - - - - - - - - - - - - - - - - - - - -
 
  INPUT ---        14 15 16 17 18 ;
  INPUT ---        19 20 21 22 ;
  INPUT ---        23 24 25 ;
  INPUT ---        26 27 ;
  INPUT ---        28 ;

  INPUT ---    group=6 S    rows=7 cols=7 Triang ;
  INPUT ---        1 2 3 4 5 6 7 ;
  INPUT ---        8 9 10 11 12 13 ;
  INPUT ---        14 15 16 17 18 ;
  INPUT ---        19 20 21 22 ;
  INPUT ---        23 24 25 ;
  INPUT ---        26 27 ;
  INPUT ---        28 ;

  INPUT ---    group=1 p    rows=6 cols=6 Triang ;
  INPUT ---        29 29 29 29 29 29 ;
  INPUT ---        29 29 29 29 29 ;
  INPUT ---        29 29 29 29 ;
  INPUT ---        29 29 29 ;
  INPUT ---        29 29 ;
  INPUT ---        29 ;

  INPUT ---    group=2 p    rows=6 cols=6 Triang ;
  INPUT ---        30 30 30 30 30 30 ;
  INPUT ---        30 30 30 30 30 ;
  INPUT ---        30 30 30 30 ;
  INPUT ---        30 30 30 ;
  INPUT ---        30 30 ;
  INPUT ---        30 ;

  INPUT ---    group=3 p    rows=6 cols=6 Triang ;
  INPUT ---        29 29 29 29 29 29 ;
  INPUT ---        29 29 29 29 29 ;
  INPUT ---        29 29 29 29 ;
  INPUT ---        29 29 29 ;
  INPUT ---        29 29 ;
  INPUT ---        29 ;

  INPUT ---    group=4 p    rows=6 cols=6 Triang ;
  INPUT ---        30 30 30 30 30 30 ;
  INPUT ---        30 30 30 30 30 ;
  INPUT ---        30 30 30 30 ;
  INPUT ---        30 30 30 ;
  INPUT ---        30 30 ;
  INPUT ---        30 ;

  Program  MARK  - Survival Rate Estimation with Capture-Recapture Data
   gfortran(Win64) Vers. 8.0 Jun 2014   25-Jan-2015 15:08:02    Page  004
 - - - - - - - - - - - - - - - - - - - - - - - - - - - - - - - - - - - - - -
 

  INPUT ---    group=5 p    rows=6 cols=6 Triang ;
  INPUT ---        29 29 29 29 29 29 ;
  INPUT ---        29 29 29 29 29 ;
  INPUT ---        29 29 29 29 ;
  INPUT ---        29 29 29 ;
  INPUT ---        29 29 ;
  INPUT ---        29 ;

  INPUT ---    group=6 p    rows=6 cols=6 Triang ;
  INPUT ---        30 30 30 30 30 30 ;
  INPUT ---        30 30 30 30 30 ;
  INPUT ---        30 30 30 30 ;
  INPUT ---        30 30 30 ;
  INPUT ---        30 30 ;
  INPUT ---        30 ;

  INPUT ---    group=1 r    rows=7 cols=7 Triang ;
  INPUT ---        31 31 31 31 31 31 31 ;
  INPUT ---        31 31 31 31 31 31 ;
  INPUT ---        31 31 31 31 31 ;
  INPUT ---        31 31 31 31 ;
  INPUT ---        31 31 31 ;
  INPUT ---        31 31 ;
  INPUT ---        31 ;

  INPUT ---    group=2 r    rows=7 cols=7 Triang ;
  INPUT ---        31 31 31 31 31 31 31 ;
  INPUT ---        31 31 31 31 31 31 ;
  INPUT ---        31 31 31 31 31 ;
  INPUT ---        31 31 31 31 ;
  INPUT ---        31 31 31 ;
  INPUT ---        31 31 ;
  INPUT ---        31 ;

  INPUT ---    group=3 r    rows=7 cols=7 Triang ;
  INPUT ---        31 31 31 31 31 31 31 ;
  INPUT ---        31 31 31 31 31 31 ;
  INPUT ---        31 31 31 31 31 ;
  INPUT ---        31 31 31 31 ;
  INPUT ---        31 31 31 ;
  INPUT ---        31 31 ;
  INPUT ---        31 ;

  INPUT ---    group=4 r    rows=7 cols=7 Triang ;
  INPUT ---        31 31 31 31 31 31 31 ;

  Program  MARK  - Survival Rate Estimation with Capture-Recapture Data
   gfortran(Win64) Vers. 8.0 Jun 2014   25-Jan-2015 15:08:02    Page  005
 - - - - - - - - - - - - - - - - - - - - - - - - - - - - - - - - - - - - - -
 
  INPUT ---        31 31 31 31 31 31 ;
  INPUT ---        31 31 31 31 31 ;
  INPUT ---        31 31 31 31 ;
  INPUT ---        31 31 31 ;
  INPUT ---        31 31 ;
  INPUT ---        31 ;

  INPUT ---    group=5 r    rows=7 cols=7 Triang ;
  INPUT ---        31 31 31 31 31 31 31 ;
  INPUT ---        31 31 31 31 31 31 ;
  INPUT ---        31 31 31 31 31 ;
  INPUT ---        31 31 31 31 ;
  INPUT ---        31 31 31 ;
  INPUT ---        31 31 ;
  INPUT ---        31 ;

  INPUT ---    group=6 r    rows=7 cols=7 Triang ;
  INPUT ---        31 31 31 31 31 31 31 ;
  INPUT ---        31 31 31 31 31 31 ;
  INPUT ---        31 31 31 31 31 ;
  INPUT ---        31 31 31 31 ;
  INPUT ---        31 31 31 ;
  INPUT ---        31 31 ;
  INPUT ---        31 ;

  INPUT ---    group=1 F    rows=6 cols=6 Triang ;
  INPUT ---        32 32 32 32 32 32 ;
  INPUT ---        32 32 32 32 32 ;
  INPUT ---        32 32 32 32 ;
  INPUT ---        32 32 32 ;
  INPUT ---        32 32 ;
  INPUT ---        32 ;

  INPUT ---    group=2 F    rows=6 cols=6 Triang ;
  INPUT ---        32 32 32 32 32 32 ;
  INPUT ---        32 32 32 32 32 ;
  INPUT ---        32 32 32 32 ;
  INPUT ---        32 32 32 ;
  INPUT ---        32 32 ;
  INPUT ---        32 ;

  INPUT ---    group=3 F    rows=6 cols=6 Triang ;
  INPUT ---        32 32 32 32 32 32 ;
  INPUT ---        32 32 32 32 32 ;
  INPUT ---        32 32 32 32 ;
  INPUT ---        32 32 32 ;

  Program  MARK  - Survival Rate Estimation with Capture-Recapture Data
   gfortran(Win64) Vers. 8.0 Jun 2014   25-Jan-2015 15:08:02    Page  006
 - - - - - - - - - - - - - - - - - - - - - - - - - - - - - - - - - - - - - -
 
  INPUT ---        32 32 ;
  INPUT ---        32 ;

  INPUT ---    group=4 F    rows=6 cols=6 Triang ;
  INPUT ---        32 32 32 32 32 32 ;
  INPUT ---        32 32 32 32 32 ;
  INPUT ---        32 32 32 32 ;
  INPUT ---        32 32 32 ;
  INPUT ---        32 32 ;
  INPUT ---        32 ;

  INPUT ---    group=5 F    rows=6 cols=6 Triang ;
  INPUT ---        32 32 32 32 32 32 ;
  INPUT ---        32 32 32 32 32 ;
  INPUT ---        32 32 32 32 ;
  INPUT ---        32 32 32 ;
  INPUT ---        32 32 ;
  INPUT ---        32 ;

  INPUT ---    group=6 F    rows=6 cols=6 Triang ;
  INPUT ---        32 32 32 32 32 32 ;
  INPUT ---        32 32 32 32 32 ;
  INPUT ---        32 32 32 32 ;
  INPUT ---        32 32 32 ;
  INPUT ---        32 32 ;
  INPUT ---        32 ;

  INPUT ---    design matrix constraints=32 covariates=17;
  INPUT ---        1 0 0 0 0 0 0 0 0 0 0 0 0 0 0 0 0;
  INPUT ---        1 1 0 0 0 0 0 1 0 0 0 0 0 0 0 0 0;
  INPUT ---        1 0 1 0 0 0 0 0 1 0 0 0 0 0 0 0 0;
  INPUT ---        1 0 0 1 0 0 0 0 0 1 0 0 0 0 0 0 0;
  INPUT ---        1 0 0 0 1 0 0 0 0 0 1 0 0 0 0 0 0;
  INPUT ---        1 0 0 0 0 1 0 0 0 0 0 1 0 0 0 0 0;
  INPUT ---        1 0 0 0 0 0 1 0 0 0 0 0 1 0 0 0 0;
  INPUT ---        1 0 0 0 0 0 0 1 0 0 0 0 0 0 0 0 0;
  INPUT ---        1 1 0 0 0 0 0 0 1 0 0 0 0 0 0 0 0;
  INPUT ---        1 0 1 0 0 0 0 0 0 1 0 0 0 0 0 0 0;
  INPUT ---        1 0 0 1 0 0 0 0 0 0 1 0 0 0 0 0 0;
  INPUT ---        1 0 0 0 1 0 0 0 0 0 0 1 0 0 0 0 0;
  INPUT ---        1 0 0 0 0 1 0 0 0 0 0 0 1 0 0 0 0;
  INPUT ---        1 0 0 0 0 0 0 0 1 0 0 0 0 0 0 0 0;
  INPUT ---        1 1 0 0 0 0 0 0 0 1 0 0 0 0 0 0 0;
  INPUT ---        1 0 1 0 0 0 0 0 0 0 1 0 0 0 0 0 0;
  INPUT ---        1 0 0 1 0 0 0 0 0 0 0 1 0 0 0 0 0;
  INPUT ---        1 0 0 0 1 0 0 0 0 0 0 0 1 0 0 0 0;

  Program  MARK  - Survival Rate Estimation with Capture-Recapture Data
   gfortran(Win64) Vers. 8.0 Jun 2014   25-Jan-2015 15:08:02    Page  007
 - - - - - - - - - - - - - - - - - - - - - - - - - - - - - - - - - - - - - -
 
  INPUT ---        1 0 0 0 0 0 0 0 0 1 0 0 0 0 0 0 0;
  INPUT ---        1 1 0 0 0 0 0 0 0 0 1 0 0 0 0 0 0;
  INPUT ---        1 0 1 0 0 0 0 0 0 0 0 1 0 0 0 0 0;
  INPUT ---        1 0 0 1 0 0 0 0 0 0 0 0 1 0 0 0 0;
  INPUT ---        1 0 0 0 0 0 0 0 0 0 1 0 0 0 0 0 0;
  INPUT ---        1 1 0 0 0 0 0 0 0 0 0 1 0 0 0 0 0;
  INPUT ---        1 0 1 0 0 0 0 0 0 0 0 0 1 0 0 0 0;
  INPUT ---        1 0 0 0 0 0 0 0 0 0 0 1 0 0 0 0 0;
  INPUT ---        1 1 0 0 0 0 0 0 0 0 0 0 1 0 0 0 0;
  INPUT ---        1 0 0 0 0 0 0 0 0 0 0 0 1 0 0 0 0;
  INPUT ---        0 0 0 0 0 0 0 0 0 0 0 0 0 1 0 0 0;
  INPUT ---        0 0 0 0 0 0 0 0 0 0 0 0 0 1 1 0 0;
  INPUT ---        0 0 0 0 0 0 0 0 0 0 0 0 0 0 0 1 0;
  INPUT ---        0 0 0 0 0 0 0 0 0 0 0 0 0 0 0 0 1;

  INPUT ---    blabel(1)=S:(Intercept);

  INPUT ---    blabel(2)=S:age1;

  INPUT ---    blabel(3)=S:age2;

  INPUT ---    blabel(4)=S:age3;

  INPUT ---    blabel(5)=S:age4;

  INPUT ---    blabel(6)=S:age5;

  INPUT ---    blabel(7)=S:age6;

  INPUT ---    blabel(8)=S:time2006;

  INPUT ---    blabel(9)=S:time2007;

  INPUT ---    blabel(10)=S:time2008;

  INPUT ---    blabel(11)=S:time2009;

  INPUT ---    blabel(12)=S:time2010;

  INPUT ---    blabel(13)=S:time2011;

  INPUT ---    blabel(14)=p:(Intercept);

  INPUT ---    blabel(15)=p:sex5;

  INPUT ---    blabel(16)=r:(Intercept);

  Program  MARK  - Survival Rate Estimation with Capture-Recapture Data
   gfortran(Win64) Vers. 8.0 Jun 2014   25-Jan-2015 15:08:02    Page  008
 - - - - - - - - - - - - - - - - - - - - - - - - - - - - - - - - - - - - - -
 

  INPUT ---    blabel(17)=F:(Intercept);

  INPUT ---    rlabel(1)=S g41 c2005 c1 a0 t2005;

  INPUT ---    rlabel(2)=S g41 c2005 c1 a1 t2006;

  INPUT ---    rlabel(3)=S g41 c2005 c1 a2 t2007;

  INPUT ---    rlabel(4)=S g41 c2005 c1 a3 t2008;

  INPUT ---    rlabel(5)=S g41 c2005 c1 a4 t2009;

  INPUT ---    rlabel(6)=S g41 c2005 c1 a5 t2010;

  INPUT ---    rlabel(7)=S g41 c2005 c1 a6 t2011;

  INPUT ---    rlabel(8)=S g41 c2006 c2 a0 t2006;

  INPUT ---    rlabel(9)=S g41 c2006 c2 a1 t2007;

  INPUT ---    rlabel(10)=S g41 c2006 c2 a2 t2008;

  INPUT ---    rlabel(11)=S g41 c2006 c2 a3 t2009;

  INPUT ---    rlabel(12)=S g41 c2006 c2 a4 t2010;

  INPUT ---    rlabel(13)=S g41 c2006 c2 a5 t2011;

  INPUT ---    rlabel(14)=S g41 c2007 c3 a0 t2007;

  INPUT ---    rlabel(15)=S g41 c2007 c3 a1 t2008;

  INPUT ---    rlabel(16)=S g41 c2007 c3 a2 t2009;

  INPUT ---    rlabel(17)=S g41 c2007 c3 a3 t2010;

  INPUT ---    rlabel(18)=S g41 c2007 c3 a4 t2011;

  INPUT ---    rlabel(19)=S g41 c2008 c4 a0 t2008;

  INPUT ---    rlabel(20)=S g41 c2008 c4 a1 t2009;

  INPUT ---    rlabel(21)=S g41 c2008 c4 a2 t2010;

  INPUT ---    rlabel(22)=S g41 c2008 c4 a3 t2011;

  Program  MARK  - Survival Rate Estimation with Capture-Recapture Data
   gfortran(Win64) Vers. 8.0 Jun 2014   25-Jan-2015 15:08:02    Page  009
 - - - - - - - - - - - - - - - - - - - - - - - - - - - - - - - - - - - - - -
 

  INPUT ---    rlabel(23)=S g41 c2009 c5 a0 t2009;

  INPUT ---    rlabel(24)=S g41 c2009 c5 a1 t2010;

  INPUT ---    rlabel(25)=S g41 c2009 c5 a2 t2011;

  INPUT ---    rlabel(26)=S g41 c2010 c6 a0 t2010;

  INPUT ---    rlabel(27)=S g41 c2010 c6 a1 t2011;

  INPUT ---    rlabel(28)=S g41 c2011 c7 a0 t2011;

  INPUT ---    rlabel(29)=p g41 c2005 c1 a1 t2006;

  INPUT ---    rlabel(30)=p g51 c2005 c1 a1 t2006;

  INPUT ---    rlabel(31)=r g41 c2005 c1 a0 t2005;

  INPUT ---    rlabel(32)=F g41 c2005 c1 a0 t2005;

 Link Function Used is LOGIT        

 Variance Estimation Procedure Used is 2ndPart 

 M(t+1):



 -2logL(saturated) = 1739.8188     
 Effective Sample Size = 7075

 Number of function evaluations was 107 for 17 parameters.
 Time for numerical optimization was 1.83 seconds.
 -2logL { S(~age + time)p(~sex)r(~1)F(~1) } = 2577.0413     
 Penalty { S(~age + time)p(~sex)r(~1)F(~1) } = -0.0000000    
 Gradient { S(~age + time)p(~sex)r(~1)F(~1) }:
 -0.3375918E-04-0.7495355E-05-0.1638997E-05-0.3153091E-05  0.000000    
   0.000000      0.000000      0.000000      0.000000    -0.6969231E-05
 -0.1089105E-05  0.000000    -0.4640601E-05-0.1991799E-04 0.2646361E-04
 -0.1147135E-04-0.2105473E-05
 S Vector { S(~age + time)p(~sex)r(~1)F(~1) }:
   284.2917      16.35124      3.952434      2.297974      1.087283    
  0.6080679     0.1490441     0.5266940E-01 0.1270745E-04 0.6901463E-05
  0.2633435E-05 0.1636755E-05 0.5434442E-07 0.4715357E-07 0.1050651E-07
  0.3857651E-08 0.3076768E-08
 Time to compute number of parameters was 0.34 seconds.
   Threshold =  0.3600000E-06     Condition index =  0.1082257E-10     New Threshold =  0.1268584E-07

  Program  MARK  - Survival Rate Estimation with Capture-Recapture Data
   gfortran(Win64) Vers. 8.0 Jun 2014   25-Jan-2015 15:08:03    Page  010
 - - - - - - - - - - - - - - - - - - - - - - - - - - - - - - - - - - - - - -
 
 New Guessimate of Estimated Parameters { S(~age + time)p(~sex)r(~1)F(~1) } = 10          
 Conditioned S Vector { S(~age + time)p(~sex)r(~1)F(~1) }:
   1.000000     0.5751571E-01 0.1390274E-01 0.8083153E-02 0.3824534E-02
  0.2138887E-02 0.5242647E-03 0.1852653E-03 0.4469864E-07 0.2427599E-07
  0.9263142E-08 0.5757309E-08 0.1911572E-09 0.1658633E-09 0.3695677E-10
  0.1356934E-10 0.1082257E-10
 Number of Estimated Parameters { S(~age + time)p(~sex)r(~1)F(~1) } = 8          
 DEVIANCE { S(~age + time)p(~sex)r(~1)F(~1) } = 837.22252                     
 DEVIANCE Degrees of Freedom { S(~age + time)p(~sex)r(~1)F(~1) } = 7            
 c-hat { S(~age + time)p(~sex)r(~1)F(~1) } = 119.60322                     
 AIC { S(~age + time)p(~sex)r(~1)F(~1) } = 2593.0413                  
 AICc { S(~age + time)p(~sex)r(~1)F(~1) } = 2593.0616                    
 BIC { S(~age + time)p(~sex)r(~1)F(~1) } = 2647.9558                    
 Pearson Chisquare { S(~age + time)p(~sex)r(~1)F(~1) } = Not a Number               
 Possible Encounter Histories { S(~age + time)p(~sex)r(~1)F(~1) } = 896             
 Pearson Chisquare df { S(~age + time)p(~sex)r(~1)F(~1) } = 852        
 Pearson chat { S(~age + time)p(~sex)r(~1)F(~1) } = Not a Number               
 Sum(Observed/Expected) { S(~age + time)p(~sex)r(~1)F(~1) } = Not a Number               
 Fletcher chat { S(~age + time)p(~sex)r(~1)F(~1) } = Not a Number               


             LOGIT Link Function Parameters of { S(~age + time)p(~sex)r(~1)F(~1) }
                                                              95% Confidence Interval
 Parameter                    Beta         Standard Error      Lower           Upper
 -------------------------  --------------  --------------  --------------  --------------
    1:S:(Intercept)         -0.3470333      1.3848898       -3.0614174      2.3673509     
    2:S:age1                71.804663       0.0000000       71.804663       71.804663     
    3:S:age2                26.745458       4266.4273       -8335.4522      8388.9431     
    4:S:age3                71.111359       0.0000000       71.111359       71.111359     
    5:S:age4                -1.7875349      0.0000000       -1.7875349      -1.7875349    
    6:S:age5                4.1978953       0.0000000       4.1978953       4.1978953     
    7:S:age6                0.2843960       0.0000000       0.2843960       0.2843960     
    8:S:time2006            -42.186724      6800.6310       -13371.424      13287.050     
    9:S:time2007            0.1012789       2.1395810       -4.0923000      4.2948577     
   10:S:time2008            -70.775790      0.0000000       -70.775790      -70.775790    
   11:S:time2009            40.754227       6901.4931       -13486.173      13567.681     
   12:S:time2010            73.422978       0.0000000       73.422978       73.422978     
   13:S:time2011            -67.595242      0.0000000       -67.595242      -67.595242    
   14:p:(Intercept)         -5.8492947      0.4597936       -6.7504900      -4.9480993    
   15:p:sex5                -0.7183871      0.6139142       -1.9216590      0.4848847     
   16:r:(Intercept)         -2.9642001      0.0594043       -3.0806324      -2.8477678    
   17:F:(Intercept)         20.598346       0.0000000       20.598346       20.598346     


             Real Function Parameters of { S(~age + time)p(~sex)r(~1)F(~1) }
                                                               95% Confidence Interval
  Parameter                  Estimate       Standard Error      Lower           Upper
 --------------------------  --------------  --------------  --------------  --------------
     1:S g41 c2005 c1 a0 t2  0.4141020       0.3360041       0.0447271       0.9143035                           
     2:S g41 c2005 c1 a1 t2  1.0000000       0.1319084E-008  1.0000000       1.0000000                           
     3:S g41 c2005 c1 a2 t2  1.0000000       0.1322484E-007  1.0000000       1.0000000                           
     4:S g41 c2005 c1 a3 t2  0.4971338       0.6062610       0.0084533       0.9913523                           
     5:S g41 c2005 c1 a4 t2  1.0000000       0.0000000       1.0000000       1.0000000                           
     6:S g41 c2005 c1 a5 t2  1.0000000       0.0000000       1.0000000       1.0000000                           
     7:S g41 c2005 c1 a6 t2  0.4135770E-029  0.0000000       0.4135770E-029  0.4135770E-029                      
     8:S g41 c2006 c2 a0 t2  0.3371506E-018  0.2292836E-014  -.4493621E-014  0.4494295E-014                      
     9:S g41 c2006 c2 a1 t2  1.0000000       0.0000000       1.0000000       1.0000000                           
    10:S g41 c2006 c2 a2 t2  0.5335251E-019  0.2273111E-015  -.4454764E-015  0.4455831E-015                      
    11:S g41 c2006 c2 a3 t2  1.0000000       0.0000000       1.0000000       1.0000000                           
    12:S g41 c2006 c2 a4 t2  1.0000000       0.0000000       1.0000000       1.0000000                           

  Program  MARK  - Survival Rate Estimation with Capture-Recapture Data
   gfortran(Win64) Vers. 8.0 Jun 2014   25-Jan-2015 15:08:03    Page  011
 - - - - - - - - - - - - - - - - - - - - - - - - - - - - - - - - - - - - - -
 
    13:S g41 c2006 c2 a5 t2  0.2070940E-027  0.0000000       0.2070940E-027  0.2070940E-027                      
    14:S g41 c2007 c3 a0 t2  0.4388688       0.4710783       0.0180738       0.9707885                           
    15:S g41 c2007 c3 a1 t2  0.6641492       0.8087452       0.0016185       0.9995856                           
    16:S g41 c2007 c3 a2 t2  1.0000000       0.0000000       1.0000000       1.0000000                           
    17:S g41 c2007 c3 a3 t2  1.0000000       0.0000000       1.0000000       1.0000000                           
    18:S g41 c2007 c3 a4 t2  0.5208687E-030  0.0000000       0.5208687E-030  0.5208687E-030                      
    19:S g41 c2008 c4 a0 t2  0.1293451E-030  0.0000000       0.1293451E-030  0.1293451E-030                      
    20:S g41 c2008 c4 a1 t2  1.0000000       0.0000000       1.0000000       1.0000000                           
    21:S g41 c2008 c4 a2 t2  1.0000000       0.0000000       1.0000000       1.0000000                           
    22:S g41 c2008 c4 a3 t2  0.9596541       0.1734640       0.0036402       0.9999935                           
    23:S g41 c2009 c5 a0 t2  1.0000000       0.0000000       1.0000000       1.0000000                           
    24:S g41 c2009 c5 a1 t2  1.0000000       0.0000000       1.0000000       1.0000000                           
    25:S g41 c2009 c5 a2 t2  0.1283659E-017  0.5469102E-014  -.1071816E-013  0.1072072E-013                      
    26:S g41 c2010 c6 a0 t2  1.0000000       0.0000000       1.0000000       1.0000000                           
    27:S g41 c2010 c6 a1 t2  0.9794149       0.0206074       0.8651827       0.9971731                           
    28:S g41 c2011 c7 a0 t2  0.3112037E-029  0.0000000       0.3112037E-029  0.3112037E-029                      
    29:p g41 c2005 c1 a1 t2  0.0028736       0.0013175       0.0011689       0.0070469                           
    30:p g51 c2005 c1 a1 t2  0.0014031       0.8045511E-003  0.4557272E-003  0.0043113                           
    31:r g41 c2005 c1 a0 t2  0.0490697       0.0027719       0.0439133       0.0547968                           
    32:F g41 c2005 c1 a0 t2  1.0000000       0.0000000       1.0000000       1.0000000                           

 Attempted ordering of parameters by estimatibility:
  16 14  1 15 13  9 10  4  2  7  5  6  3 17 11  8 12
 Beta number 12 is a singular value.

     CPU Time in seconds for last procedure was 2.18

  Program  MARK  - Survival Rate Estimation with Capture-Recapture Data
   gfortran(Win64) Vers. 8.0 Jun 2014   25-Jan-2015 15:08:03    Page  012
 - - - - - - - - - - - - - - - - - - - - - - - - - - - - - - - - - - - - - -
 


  INPUT --- proc stop;

     CPU Time in minutes for this job was 0.04

     Time Start = 15:08:02.554   Time End = 15:08:03.144

     Wall Clock Time in minutes for this job was 0.01


          E X E C U T I O N   S U C C E S S F U L 
