
   Program  MARK  - Survival Rate Estimation with Capture-Recapture Data
   gfortran(Win64) Vers. 8.0 Jun 2014   25-Jan-2015 15:10:19    Page  001
 - - - - - - - - - - - - - - - - - - - - - - - - - - - - - - - - - - - - - -
 
   This version was compiled by GCC version 4.8.1 using the options 
   -m64 -mtune=generic -march=x86-64 -mthreads -O2 -fimplicit-none -fbounds-check -funroll-loops -ftree-vectorize -fopenmp.
   This problem will use 7 of 8 possible threads.


  INPUT --- proc title ;

     CPU Time in seconds for last procedure was 0.02


  INPUT --- proc chmatrix occasions= 7 groups= 6 etype= Both ICMeans 
  INPUT --- NoHist hist= 51 ;

  INPUT ---    time  interval 1 1 1 1 1 1 1 ;

  INPUT ---    glabel(1)=sex4.age1;

  INPUT ---    glabel(2)=sex5.age1;

  INPUT ---    glabel(3)=sex4.age2;

  INPUT ---    glabel(4)=sex5.age2;

  INPUT ---    glabel(5)=sex4.age4;

  INPUT ---    glabel(6)=sex5.age4;

   * *  WARNING  * *   At least a pair of the encounter histories are duplicates. 

      Number of unique encounter histories read was 17.

      Number of individual covariates read was 0.
      Time interval lengths are all equal to 1.

      Data type number is 3
      Data type is Joint Live and Dead Encounters (Burnham)                                                            

     CPU Time in seconds for last procedure was 0.00

  Program  MARK  - Survival Rate Estimation with Capture-Recapture Data
   gfortran(Win64) Vers. 8.0 Jun 2014   25-Jan-2015 15:10:19    Page  002
 - - - - - - - - - - - - - - - - - - - - - - - - - - - - - - - - - - - - - -
 


  INPUT --- proc estimate link=Logit NOLOOP varest=2ndPart    ;


  INPUT --- model={ S(~age + time)p(~age)r(~1)F(~1) };

  INPUT ---    group=1 S    rows=7 cols=7 Triang ;
  INPUT ---        1 2 3 4 5 6 7 ;
  INPUT ---        8 9 10 11 12 13 ;
  INPUT ---        14 15 16 17 18 ;
  INPUT ---        19 20 21 22 ;
  INPUT ---        23 24 25 ;
  INPUT ---        26 27 ;
  INPUT ---        28 ;

  INPUT ---    group=2 S    rows=7 cols=7 Triang ;
  INPUT ---        1 2 3 4 5 6 7 ;
  INPUT ---        8 9 10 11 12 13 ;
  INPUT ---        14 15 16 17 18 ;
  INPUT ---        19 20 21 22 ;
  INPUT ---        23 24 25 ;
  INPUT ---        26 27 ;
  INPUT ---        28 ;

  INPUT ---    group=3 S    rows=7 cols=7 Triang ;
  INPUT ---        1 2 3 4 5 6 7 ;
  INPUT ---        8 9 10 11 12 13 ;
  INPUT ---        14 15 16 17 18 ;
  INPUT ---        19 20 21 22 ;
  INPUT ---        23 24 25 ;
  INPUT ---        26 27 ;
  INPUT ---        28 ;

  INPUT ---    group=4 S    rows=7 cols=7 Triang ;
  INPUT ---        1 2 3 4 5 6 7 ;
  INPUT ---        8 9 10 11 12 13 ;
  INPUT ---        14 15 16 17 18 ;
  INPUT ---        19 20 21 22 ;
  INPUT ---        23 24 25 ;
  INPUT ---        26 27 ;
  INPUT ---        28 ;

  INPUT ---    group=5 S    rows=7 cols=7 Triang ;
  INPUT ---        1 2 3 4 5 6 7 ;
  INPUT ---        8 9 10 11 12 13 ;

  Program  MARK  - Survival Rate Estimation with Capture-Recapture Data
   gfortran(Win64) Vers. 8.0 Jun 2014   25-Jan-2015 15:10:19    Page  003
 - - - - - - - - - - - - - - - - - - - - - - - - - - - - - - - - - - - - - -
 
  INPUT ---        14 15 16 17 18 ;
  INPUT ---        19 20 21 22 ;
  INPUT ---        23 24 25 ;
  INPUT ---        26 27 ;
  INPUT ---        28 ;

  INPUT ---    group=6 S    rows=7 cols=7 Triang ;
  INPUT ---        1 2 3 4 5 6 7 ;
  INPUT ---        8 9 10 11 12 13 ;
  INPUT ---        14 15 16 17 18 ;
  INPUT ---        19 20 21 22 ;
  INPUT ---        23 24 25 ;
  INPUT ---        26 27 ;
  INPUT ---        28 ;

  INPUT ---    group=1 p    rows=6 cols=6 Triang ;
  INPUT ---        29 30 31 32 33 34 ;
  INPUT ---        29 30 31 32 33 ;
  INPUT ---        29 30 31 32 ;
  INPUT ---        29 30 31 ;
  INPUT ---        29 30 ;
  INPUT ---        29 ;

  INPUT ---    group=2 p    rows=6 cols=6 Triang ;
  INPUT ---        29 30 31 32 33 34 ;
  INPUT ---        29 30 31 32 33 ;
  INPUT ---        29 30 31 32 ;
  INPUT ---        29 30 31 ;
  INPUT ---        29 30 ;
  INPUT ---        29 ;

  INPUT ---    group=3 p    rows=6 cols=6 Triang ;
  INPUT ---        29 30 31 32 33 34 ;
  INPUT ---        29 30 31 32 33 ;
  INPUT ---        29 30 31 32 ;
  INPUT ---        29 30 31 ;
  INPUT ---        29 30 ;
  INPUT ---        29 ;

  INPUT ---    group=4 p    rows=6 cols=6 Triang ;
  INPUT ---        29 30 31 32 33 34 ;
  INPUT ---        29 30 31 32 33 ;
  INPUT ---        29 30 31 32 ;
  INPUT ---        29 30 31 ;
  INPUT ---        29 30 ;
  INPUT ---        29 ;

  Program  MARK  - Survival Rate Estimation with Capture-Recapture Data
   gfortran(Win64) Vers. 8.0 Jun 2014   25-Jan-2015 15:10:19    Page  004
 - - - - - - - - - - - - - - - - - - - - - - - - - - - - - - - - - - - - - -
 

  INPUT ---    group=5 p    rows=6 cols=6 Triang ;
  INPUT ---        29 30 31 32 33 34 ;
  INPUT ---        29 30 31 32 33 ;
  INPUT ---        29 30 31 32 ;
  INPUT ---        29 30 31 ;
  INPUT ---        29 30 ;
  INPUT ---        29 ;

  INPUT ---    group=6 p    rows=6 cols=6 Triang ;
  INPUT ---        29 30 31 32 33 34 ;
  INPUT ---        29 30 31 32 33 ;
  INPUT ---        29 30 31 32 ;
  INPUT ---        29 30 31 ;
  INPUT ---        29 30 ;
  INPUT ---        29 ;

  INPUT ---    group=1 r    rows=7 cols=7 Triang ;
  INPUT ---        35 35 35 35 35 35 35 ;
  INPUT ---        35 35 35 35 35 35 ;
  INPUT ---        35 35 35 35 35 ;
  INPUT ---        35 35 35 35 ;
  INPUT ---        35 35 35 ;
  INPUT ---        35 35 ;
  INPUT ---        35 ;

  INPUT ---    group=2 r    rows=7 cols=7 Triang ;
  INPUT ---        35 35 35 35 35 35 35 ;
  INPUT ---        35 35 35 35 35 35 ;
  INPUT ---        35 35 35 35 35 ;
  INPUT ---        35 35 35 35 ;
  INPUT ---        35 35 35 ;
  INPUT ---        35 35 ;
  INPUT ---        35 ;

  INPUT ---    group=3 r    rows=7 cols=7 Triang ;
  INPUT ---        35 35 35 35 35 35 35 ;
  INPUT ---        35 35 35 35 35 35 ;
  INPUT ---        35 35 35 35 35 ;
  INPUT ---        35 35 35 35 ;
  INPUT ---        35 35 35 ;
  INPUT ---        35 35 ;
  INPUT ---        35 ;

  INPUT ---    group=4 r    rows=7 cols=7 Triang ;
  INPUT ---        35 35 35 35 35 35 35 ;

  Program  MARK  - Survival Rate Estimation with Capture-Recapture Data
   gfortran(Win64) Vers. 8.0 Jun 2014   25-Jan-2015 15:10:19    Page  005
 - - - - - - - - - - - - - - - - - - - - - - - - - - - - - - - - - - - - - -
 
  INPUT ---        35 35 35 35 35 35 ;
  INPUT ---        35 35 35 35 35 ;
  INPUT ---        35 35 35 35 ;
  INPUT ---        35 35 35 ;
  INPUT ---        35 35 ;
  INPUT ---        35 ;

  INPUT ---    group=5 r    rows=7 cols=7 Triang ;
  INPUT ---        35 35 35 35 35 35 35 ;
  INPUT ---        35 35 35 35 35 35 ;
  INPUT ---        35 35 35 35 35 ;
  INPUT ---        35 35 35 35 ;
  INPUT ---        35 35 35 ;
  INPUT ---        35 35 ;
  INPUT ---        35 ;

  INPUT ---    group=6 r    rows=7 cols=7 Triang ;
  INPUT ---        35 35 35 35 35 35 35 ;
  INPUT ---        35 35 35 35 35 35 ;
  INPUT ---        35 35 35 35 35 ;
  INPUT ---        35 35 35 35 ;
  INPUT ---        35 35 35 ;
  INPUT ---        35 35 ;
  INPUT ---        35 ;

  INPUT ---    group=1 F    rows=6 cols=6 Triang ;
  INPUT ---        36 36 36 36 36 36 ;
  INPUT ---        36 36 36 36 36 ;
  INPUT ---        36 36 36 36 ;
  INPUT ---        36 36 36 ;
  INPUT ---        36 36 ;
  INPUT ---        36 ;

  INPUT ---    group=2 F    rows=6 cols=6 Triang ;
  INPUT ---        36 36 36 36 36 36 ;
  INPUT ---        36 36 36 36 36 ;
  INPUT ---        36 36 36 36 ;
  INPUT ---        36 36 36 ;
  INPUT ---        36 36 ;
  INPUT ---        36 ;

  INPUT ---    group=3 F    rows=6 cols=6 Triang ;
  INPUT ---        36 36 36 36 36 36 ;
  INPUT ---        36 36 36 36 36 ;
  INPUT ---        36 36 36 36 ;
  INPUT ---        36 36 36 ;

  Program  MARK  - Survival Rate Estimation with Capture-Recapture Data
   gfortran(Win64) Vers. 8.0 Jun 2014   25-Jan-2015 15:10:19    Page  006
 - - - - - - - - - - - - - - - - - - - - - - - - - - - - - - - - - - - - - -
 
  INPUT ---        36 36 ;
  INPUT ---        36 ;

  INPUT ---    group=4 F    rows=6 cols=6 Triang ;
  INPUT ---        36 36 36 36 36 36 ;
  INPUT ---        36 36 36 36 36 ;
  INPUT ---        36 36 36 36 ;
  INPUT ---        36 36 36 ;
  INPUT ---        36 36 ;
  INPUT ---        36 ;

  INPUT ---    group=5 F    rows=6 cols=6 Triang ;
  INPUT ---        36 36 36 36 36 36 ;
  INPUT ---        36 36 36 36 36 ;
  INPUT ---        36 36 36 36 ;
  INPUT ---        36 36 36 ;
  INPUT ---        36 36 ;
  INPUT ---        36 ;

  INPUT ---    group=6 F    rows=6 cols=6 Triang ;
  INPUT ---        36 36 36 36 36 36 ;
  INPUT ---        36 36 36 36 36 ;
  INPUT ---        36 36 36 36 ;
  INPUT ---        36 36 36 ;
  INPUT ---        36 36 ;
  INPUT ---        36 ;

  INPUT ---    design matrix constraints=36 covariates=21;
  INPUT ---        1 0 0 0 0 0 0 0 0 0 0 0 0 0 0 0 0 0 0 0 0;
  INPUT ---        1 1 0 0 0 0 0 1 0 0 0 0 0 0 0 0 0 0 0 0 0;
  INPUT ---        1 0 1 0 0 0 0 0 1 0 0 0 0 0 0 0 0 0 0 0 0;
  INPUT ---        1 0 0 1 0 0 0 0 0 1 0 0 0 0 0 0 0 0 0 0 0;
  INPUT ---        1 0 0 0 1 0 0 0 0 0 1 0 0 0 0 0 0 0 0 0 0;
  INPUT ---        1 0 0 0 0 1 0 0 0 0 0 1 0 0 0 0 0 0 0 0 0;
  INPUT ---        1 0 0 0 0 0 1 0 0 0 0 0 1 0 0 0 0 0 0 0 0;
  INPUT ---        1 0 0 0 0 0 0 1 0 0 0 0 0 0 0 0 0 0 0 0 0;
  INPUT ---        1 1 0 0 0 0 0 0 1 0 0 0 0 0 0 0 0 0 0 0 0;
  INPUT ---        1 0 1 0 0 0 0 0 0 1 0 0 0 0 0 0 0 0 0 0 0;
  INPUT ---        1 0 0 1 0 0 0 0 0 0 1 0 0 0 0 0 0 0 0 0 0;
  INPUT ---        1 0 0 0 1 0 0 0 0 0 0 1 0 0 0 0 0 0 0 0 0;
  INPUT ---        1 0 0 0 0 1 0 0 0 0 0 0 1 0 0 0 0 0 0 0 0;
  INPUT ---        1 0 0 0 0 0 0 0 1 0 0 0 0 0 0 0 0 0 0 0 0;
  INPUT ---        1 1 0 0 0 0 0 0 0 1 0 0 0 0 0 0 0 0 0 0 0;
  INPUT ---        1 0 1 0 0 0 0 0 0 0 1 0 0 0 0 0 0 0 0 0 0;
  INPUT ---        1 0 0 1 0 0 0 0 0 0 0 1 0 0 0 0 0 0 0 0 0;
  INPUT ---        1 0 0 0 1 0 0 0 0 0 0 0 1 0 0 0 0 0 0 0 0;

  Program  MARK  - Survival Rate Estimation with Capture-Recapture Data
   gfortran(Win64) Vers. 8.0 Jun 2014   25-Jan-2015 15:10:19    Page  007
 - - - - - - - - - - - - - - - - - - - - - - - - - - - - - - - - - - - - - -
 
  INPUT ---        1 0 0 0 0 0 0 0 0 1 0 0 0 0 0 0 0 0 0 0 0;
  INPUT ---        1 1 0 0 0 0 0 0 0 0 1 0 0 0 0 0 0 0 0 0 0;
  INPUT ---        1 0 1 0 0 0 0 0 0 0 0 1 0 0 0 0 0 0 0 0 0;
  INPUT ---        1 0 0 1 0 0 0 0 0 0 0 0 1 0 0 0 0 0 0 0 0;
  INPUT ---        1 0 0 0 0 0 0 0 0 0 1 0 0 0 0 0 0 0 0 0 0;
  INPUT ---        1 1 0 0 0 0 0 0 0 0 0 1 0 0 0 0 0 0 0 0 0;
  INPUT ---        1 0 1 0 0 0 0 0 0 0 0 0 1 0 0 0 0 0 0 0 0;
  INPUT ---        1 0 0 0 0 0 0 0 0 0 0 1 0 0 0 0 0 0 0 0 0;
  INPUT ---        1 1 0 0 0 0 0 0 0 0 0 0 1 0 0 0 0 0 0 0 0;
  INPUT ---        1 0 0 0 0 0 0 0 0 0 0 0 1 0 0 0 0 0 0 0 0;
  INPUT ---        0 0 0 0 0 0 0 0 0 0 0 0 0 1 0 0 0 0 0 0 0;
  INPUT ---        0 0 0 0 0 0 0 0 0 0 0 0 0 1 1 0 0 0 0 0 0;
  INPUT ---        0 0 0 0 0 0 0 0 0 0 0 0 0 1 0 1 0 0 0 0 0;
  INPUT ---        0 0 0 0 0 0 0 0 0 0 0 0 0 1 0 0 1 0 0 0 0;
  INPUT ---        0 0 0 0 0 0 0 0 0 0 0 0 0 1 0 0 0 1 0 0 0;
  INPUT ---        0 0 0 0 0 0 0 0 0 0 0 0 0 1 0 0 0 0 1 0 0;
  INPUT ---        0 0 0 0 0 0 0 0 0 0 0 0 0 0 0 0 0 0 0 1 0;
  INPUT ---        0 0 0 0 0 0 0 0 0 0 0 0 0 0 0 0 0 0 0 0 1;

  INPUT ---    blabel(1)=S:(Intercept);

  INPUT ---    blabel(2)=S:age1;

  INPUT ---    blabel(3)=S:age2;

  INPUT ---    blabel(4)=S:age3;

  INPUT ---    blabel(5)=S:age4;

  INPUT ---    blabel(6)=S:age5;

  INPUT ---    blabel(7)=S:age6;

  INPUT ---    blabel(8)=S:time2006;

  INPUT ---    blabel(9)=S:time2007;

  INPUT ---    blabel(10)=S:time2008;

  INPUT ---    blabel(11)=S:time2009;

  INPUT ---    blabel(12)=S:time2010;

  INPUT ---    blabel(13)=S:time2011;

  INPUT ---    blabel(14)=p:(Intercept);

  Program  MARK  - Survival Rate Estimation with Capture-Recapture Data
   gfortran(Win64) Vers. 8.0 Jun 2014   25-Jan-2015 15:10:19    Page  008
 - - - - - - - - - - - - - - - - - - - - - - - - - - - - - - - - - - - - - -
 

  INPUT ---    blabel(15)=p:age2;

  INPUT ---    blabel(16)=p:age3;

  INPUT ---    blabel(17)=p:age4;

  INPUT ---    blabel(18)=p:age5;

  INPUT ---    blabel(19)=p:age6;

  INPUT ---    blabel(20)=r:(Intercept);

  INPUT ---    blabel(21)=F:(Intercept);

  INPUT ---    rlabel(1)=S g41 c2005 c1 a0 t2005;

  INPUT ---    rlabel(2)=S g41 c2005 c1 a1 t2006;

  INPUT ---    rlabel(3)=S g41 c2005 c1 a2 t2007;

  INPUT ---    rlabel(4)=S g41 c2005 c1 a3 t2008;

  INPUT ---    rlabel(5)=S g41 c2005 c1 a4 t2009;

  INPUT ---    rlabel(6)=S g41 c2005 c1 a5 t2010;

  INPUT ---    rlabel(7)=S g41 c2005 c1 a6 t2011;

  INPUT ---    rlabel(8)=S g41 c2006 c2 a0 t2006;

  INPUT ---    rlabel(9)=S g41 c2006 c2 a1 t2007;

  INPUT ---    rlabel(10)=S g41 c2006 c2 a2 t2008;

  INPUT ---    rlabel(11)=S g41 c2006 c2 a3 t2009;

  INPUT ---    rlabel(12)=S g41 c2006 c2 a4 t2010;

  INPUT ---    rlabel(13)=S g41 c2006 c2 a5 t2011;

  INPUT ---    rlabel(14)=S g41 c2007 c3 a0 t2007;

  INPUT ---    rlabel(15)=S g41 c2007 c3 a1 t2008;

  INPUT ---    rlabel(16)=S g41 c2007 c3 a2 t2009;

  Program  MARK  - Survival Rate Estimation with Capture-Recapture Data
   gfortran(Win64) Vers. 8.0 Jun 2014   25-Jan-2015 15:10:19    Page  009
 - - - - - - - - - - - - - - - - - - - - - - - - - - - - - - - - - - - - - -
 

  INPUT ---    rlabel(17)=S g41 c2007 c3 a3 t2010;

  INPUT ---    rlabel(18)=S g41 c2007 c3 a4 t2011;

  INPUT ---    rlabel(19)=S g41 c2008 c4 a0 t2008;

  INPUT ---    rlabel(20)=S g41 c2008 c4 a1 t2009;

  INPUT ---    rlabel(21)=S g41 c2008 c4 a2 t2010;

  INPUT ---    rlabel(22)=S g41 c2008 c4 a3 t2011;

  INPUT ---    rlabel(23)=S g41 c2009 c5 a0 t2009;

  INPUT ---    rlabel(24)=S g41 c2009 c5 a1 t2010;

  INPUT ---    rlabel(25)=S g41 c2009 c5 a2 t2011;

  INPUT ---    rlabel(26)=S g41 c2010 c6 a0 t2010;

  INPUT ---    rlabel(27)=S g41 c2010 c6 a1 t2011;

  INPUT ---    rlabel(28)=S g41 c2011 c7 a0 t2011;

  INPUT ---    rlabel(29)=p g41 c2005 c1 a1 t2006;

  INPUT ---    rlabel(30)=p g41 c2005 c1 a2 t2007;

  INPUT ---    rlabel(31)=p g41 c2005 c1 a3 t2008;

  INPUT ---    rlabel(32)=p g41 c2005 c1 a4 t2009;

  INPUT ---    rlabel(33)=p g41 c2005 c1 a5 t2010;

  INPUT ---    rlabel(34)=p g41 c2005 c1 a6 t2011;

  INPUT ---    rlabel(35)=r g41 c2005 c1 a0 t2005;

  INPUT ---    rlabel(36)=F g41 c2005 c1 a0 t2005;

 Link Function Used is LOGIT        

 Variance Estimation Procedure Used is 2ndPart 

 M(t+1):

  Program  MARK  - Survival Rate Estimation with Capture-Recapture Data
   gfortran(Win64) Vers. 8.0 Jun 2014   25-Jan-2015 15:10:19    Page  010
 - - - - - - - - - - - - - - - - - - - - - - - - - - - - - - - - - - - - - -
 



 -2logL(saturated) = 1739.8188     
 Effective Sample Size = 7075

   * *  WARNING  * *   Error number 0 from VA09AD optimization routine. 

 Number of function evaluations was 92 for 21 parameters.
 Time for numerical optimization was 29.83 seconds.
 -2logL { S(~age + time)p(~age)r(~1)F(~1) } = 2571.8247     
 Penalty { S(~age + time)p(~age)r(~1)F(~1) } = -0.0000000    
 Gradient { S(~age + time)p(~age)r(~1)F(~1) }:
 -0.3558163E-02-0.1170275E-02  0.000000    -0.9639727E-03 0.1714119E-04
  0.1381970E-04 0.4142687E-04-0.4633639E-05-0.2971784E-03-0.2045607E-02
 -0.3940459E-04-0.5054978E-05-0.8325630E-04-0.2454377E-02 0.2054195E-03
 -0.2609447E-03-0.2933572E-03 0.4805673E-05 0.1865154E-05 0.6596047E-02
 -0.3169363E-05
 S Vector { S(~age + time)p(~age)r(~1)F(~1) }:
   284.2018      19.27833      7.447614      2.161754      1.663202    
   1.467666     0.7696096     0.3543450     0.1128571     0.8459142E-01
  0.6103926E-01 0.2563039E-04 0.1209774E-04 0.6373025E-05 0.5244436E-05
  0.4741957E-05 0.9999463E-06 0.5050426E-06 0.2637153E-06 0.1605302E-06
  0.7698415E-08
 Time to compute number of parameters was 0.45 seconds.
   Threshold =  0.4400000E-06     Condition index =  0.2708785E-10     New Threshold =  0.3527857E-07
 New Guessimate of Estimated Parameters { S(~age + time)p(~age)r(~1)F(~1) } = 13          
 Conditioned S Vector { S(~age + time)p(~age)r(~1)F(~1) }:
   1.000000     0.6783326E-01 0.2620537E-01 0.7606406E-02 0.5852189E-02
  0.5164168E-02 0.2707969E-02 0.1246808E-02 0.3971021E-03 0.2976456E-03
  0.2147744E-03 0.9018379E-07 0.4256745E-07 0.2242430E-07 0.1845321E-07
  0.1668518E-07 0.3518438E-08 0.1777056E-08 0.9279158E-09 0.5648460E-09
  0.2708785E-10
 Number of Estimated Parameters { S(~age + time)p(~age)r(~1)F(~1) } = 11          
 DEVIANCE { S(~age + time)p(~age)r(~1)F(~1) } = 832.00595                     
 DEVIANCE Degrees of Freedom { S(~age + time)p(~age)r(~1)F(~1) } = 4            
 c-hat { S(~age + time)p(~age)r(~1)F(~1) } = 208.00149                     
 AIC { S(~age + time)p(~age)r(~1)F(~1) } = 2593.8247                  
 AICc { S(~age + time)p(~age)r(~1)F(~1) } = 2593.8621                    
 BIC { S(~age + time)p(~age)r(~1)F(~1) } = 2669.3322                    
 Pearson Chisquare { S(~age + time)p(~age)r(~1)F(~1) } = Not a Number               
 Possible Encounter Histories { S(~age + time)p(~age)r(~1)F(~1) } = 896             
 Pearson Chisquare df { S(~age + time)p(~age)r(~1)F(~1) } = 849        
 Pearson chat { S(~age + time)p(~age)r(~1)F(~1) } = Not a Number               
 Sum(Observed/Expected) { S(~age + time)p(~age)r(~1)F(~1) } = Not a Number               
 Fletcher chat { S(~age + time)p(~age)r(~1)F(~1) } = Not a Number               


             LOGIT Link Function Parameters of { S(~age + time)p(~age)r(~1)F(~1) }
                                                              95% Confidence Interval
 Parameter                    Beta         Standard Error      Lower           Upper
 -------------------------  --------------  --------------  --------------  --------------
    1:S:(Intercept)         -0.5682190      1.6087332       -3.7213361      2.5848981     
    2:S:age1                42.734493       0.0000000       42.734493       42.734493     
    3:S:age2                32.223347       0.0000000       32.223347       32.223347     
    4:S:age3                40.133370       0.0000000       40.133370       40.133370     
    5:S:age4                1.7365468       0.0000000       1.7365468       1.7365468     
    6:S:age5                2.3757608       0.0000000       2.3757608       2.3757608     
    7:S:age6                -0.0409723      0.0000000       -0.0409723      -0.0409723    
    8:S:time2006            -27.218883      2363.8799       -4660.4235      4605.9858     
    9:S:time2007            0.2123793       2.3164792       -4.3279200      4.7526787     

  Program  MARK  - Survival Rate Estimation with Capture-Recapture Data
   gfortran(Win64) Vers. 8.0 Jun 2014   25-Jan-2015 15:10:26    Page  011
 - - - - - - - - - - - - - - - - - - - - - - - - - - - - - - - - - - - - - -
 
   10:S:time2008            -45.173379      0.0000000       -45.173379      -45.173379    
   11:S:time2009            12.262913       287.40198       -551.04498      575.57081     
   12:S:time2010            14.999964       197.52624       -372.15148      402.15141     
   13:S:time2011            -38.304118      0.0000000       -38.304118      -38.304118    
   14:p:(Intercept)         -6.0752496      0.4654643       -6.9875595      -5.1629396    
   15:p:age2                -0.3317967      0.8451741       -1.9883379      1.3247446     
   16:p:age3                0.3897822       1.3980232       -2.3503433      3.1299077     
   17:p:age4                3.7924629       2.4826300       -1.0734919      8.6584177     
   18:p:age5                -8.7371658      0.0000000       -8.7371658      -8.7371658    
   19:p:age6                24.052457       417.16301       -793.58706      841.69198     
   20:r:(Intercept)         -2.9643168      0.0594074       -3.0807552      -2.8478784    
   21:F:(Intercept)         14.077218       1382.5017       -2695.6262      2723.7806     


             Real Function Parameters of { S(~age + time)p(~age)r(~1)F(~1) }
                                                               95% Confidence Interval
  Parameter                  Estimate       Standard Error      Lower           Upper
 --------------------------  --------------  --------------  --------------  --------------
     1:S g41 c2005 c1 a0 t2  0.3616479       0.3713900       0.0236297       0.9298833                           
     2:S g41 c2005 c1 a1 t2  0.9999997       0.7640444E-003  0.3057963E-297  1.0000000                           
     3:S g41 c2005 c1 a2 t2  1.0000000       0.0000000       1.0000000       1.0000000                           
     4:S g41 c2005 c1 a3 t2  0.0036542       0.0052231       0.2203537E-003  0.0575190                           
     5:S g41 c2005 c1 a4 t2  0.9999985       0.0000000       0.9999985       0.9999985                           
     6:S g41 c2005 c1 a5 t2  0.9999999       0.0000000       0.9999999       0.9999999                           
     7:S g41 c2005 c1 a6 t2  0.1259402E-016  0.0000000       0.1259402E-016  0.1259402E-016                      
     8:S g41 c2006 c2 a0 t2  0.8554904E-012  0.2022278E-008  -.3962809E-008  0.3964520E-008                      
     9:S g41 c2006 c2 a1 t2  1.0000000       0.0000000       1.0000000       1.0000000                           
    10:S g41 c2006 c2 a2 t2  0.1346162E-005  0.0000000       0.1346162E-005  0.1346162E-005                      
    11:S g41 c2006 c2 a3 t2  1.0000000       0.0000000       1.0000000       1.0000000                           
    12:S g41 c2006 c2 a4 t2  0.9999999       0.0000000       0.9999999       0.9999999                           
    13:S g41 c2006 c2 a5 t2  0.1411686E-015  0.0000000       0.1411686E-015  0.1411686E-015                      
    14:S g41 c2007 c3 a0 t2  0.4119670       0.4518966       0.0177746       0.9644415                           
    15:S g41 c2007 c3 a1 t2  0.0471059       0.1166222       0.3036156E-003  0.8894597                           
    16:S g41 c2007 c3 a2 t2  1.0000000       0.0000000       1.0000000       1.0000000                           
    17:S g41 c2007 c3 a3 t2  1.0000000       0.0000000       1.0000000       1.0000000                           
    18:S g41 c2007 c3 a4 t2  0.7449567E-016  0.0000000       0.7449567E-016  0.7449567E-016                      
    19:S g41 c2008 c4 a0 t2  0.1363567E-019  0.0000000       0.1363567E-019  0.1363567E-019                      
    20:S g41 c2008 c4 a1 t2  1.0000000       0.0000000       1.0000000       1.0000000                           
    21:S g41 c2008 c4 a2 t2  1.0000000       0.0000000       1.0000000       1.0000000                           
    22:S g41 c2008 c4 a3 t2  0.7792037       0.5536693       0.0063903       0.9994839                           
    23:S g41 c2009 c5 a0 t2  0.9999917       0.0023963       0.2748084E-239  1.0000000                           
    24:S g41 c2009 c5 a1 t2  1.0000000       0.0000000       1.0000000       1.0000000                           
    25:S g41 c2009 c5 a2 t2  0.0012937       0.0000000       0.0012937       0.0012937                           
    26:S g41 c2010 c6 a0 t2  0.9999995       0.1066554E-003  0.1366076E-161  1.0000000                           
    27:S g41 c2010 c6 a1 t2  0.9794102       0.0206110       0.8651672       0.9971722                           
    28:S g41 c2011 c7 a0 t2  0.1312074E-016  0.0000000       0.1312074E-016  0.1312074E-016                      

  Program  MARK  - Survival Rate Estimation with Capture-Recapture Data
   gfortran(Win64) Vers. 8.0 Jun 2014   25-Jan-2015 15:10:26    Page  012
 - - - - - - - - - - - - - - - - - - - - - - - - - - - - - - - - - - - - - -
 
    29:p g41 c2005 c1 a1 t2  0.0022938       0.0010652       0.9224454E-003  0.0056923                           
    30:p g41 c2005 c1 a2 t2  0.0016472       0.0012301       0.3806604E-003  0.0070976                           
    31:p g41 c2005 c1 a3 t2  0.0033835       0.0047596       0.2134299E-003  0.0512249                           
    32:p g41 c2005 c1 a4 t2  0.0925586       0.2065089       0.8229327E-003  0.9266436                           
    33:p g41 c2005 c1 a5 t2  0.3690197E-006  0.0000000       0.3690197E-006  0.3690197E-006                      
    34:p g41 c2005 c1 a6 t2  1.0000000       0.6499872E-005  0.6327976E-296  1.0000000                           
    35:r g41 c2005 c1 a0 t2  0.0490642       0.0027718       0.0439081       0.0547911                           
    36:F g41 c2005 c1 a0 t2  0.9999992       0.0010642       0.1280916E-297  1.0000000                           

 Attempted ordering of parameters by estimatibility:
  20  1 14 15  2 17 16  9 10 13  4 12  3 11  5  7  6 21 18  8 19
 Beta number 19 is a singular value.

     CPU Time in seconds for last procedure was 30.30


  INPUT --- proc stop;

     CPU Time in minutes for this job was 0.51

     Time Start = 15:10:19.875   Time End = 15:10:26.612

     Wall Clock Time in minutes for this job was 0.11


          E X E C U T I O N   S U C C E S S F U L 
