
   Program  MARK  - Survival Rate Estimation with Capture-Recapture Data
   gfortran(Win64) Vers. 8.0 Jun 2014   31-Jan-2015 14:07:34    Page  001
 - - - - - - - - - - - - - - - - - - - - - - - - - - - - - - - - - - - - - -
 
   This version was compiled by GCC version 4.8.1 using the options 
   -m64 -mtune=generic -march=x86-64 -mthreads -O2 -fimplicit-none -fbounds-check -funroll-loops -ftree-vectorize -fopenmp.
   This problem will use 7 of 8 possible threads.


  INPUT --- proc title ;

     CPU Time in seconds for last procedure was 0.00


  INPUT --- proc chmatrix occasions= 7 groups= 6 etype= Both ICMeans 
  INPUT --- NoHist hist= 51 ;

  INPUT ---    time  interval 1 1 1 1 1 1 1 ;

  INPUT ---    glabel(1)=sex4.age1;

  INPUT ---    glabel(2)=sex5.age1;

  INPUT ---    glabel(3)=sex4.age2;

  INPUT ---    glabel(4)=sex5.age2;

  INPUT ---    glabel(5)=sex4.age4;

  INPUT ---    glabel(6)=sex5.age4;

   * *  WARNING  * *   At least a pair of the encounter histories are duplicates. 

      Number of unique encounter histories read was 17.

      Number of individual covariates read was 0.
      Time interval lengths are all equal to 1.

      Data type number is 3
      Data type is Joint Live and Dead Encounters (Burnham)                                                            

     CPU Time in seconds for last procedure was 0.00

  Program  MARK  - Survival Rate Estimation with Capture-Recapture Data
   gfortran(Win64) Vers. 8.0 Jun 2014   31-Jan-2015 14:07:34    Page  002
 - - - - - - - - - - - - - - - - - - - - - - - - - - - - - - - - - - - - - -
 


  INPUT --- proc estimate link=Logit NOLOOP varest=2ndPart    ;


  INPUT --- model={ S(~age + sex + time)p(~1)r(~1)F(~age) };

  INPUT ---    group=1 S    rows=7 cols=7 Triang ;
  INPUT ---        1 2 3 4 5 6 7 ;
  INPUT ---        8 9 10 11 12 13 ;
  INPUT ---        14 15 16 17 18 ;
  INPUT ---        19 20 21 22 ;
  INPUT ---        23 24 25 ;
  INPUT ---        26 27 ;
  INPUT ---        28 ;

  INPUT ---    group=2 S    rows=7 cols=7 Triang ;
  INPUT ---        29 30 31 32 33 34 35 ;
  INPUT ---        36 37 38 39 40 41 ;
  INPUT ---        42 43 44 45 46 ;
  INPUT ---        47 48 49 50 ;
  INPUT ---        51 52 53 ;
  INPUT ---        54 55 ;
  INPUT ---        56 ;

  INPUT ---    group=3 S    rows=7 cols=7 Triang ;
  INPUT ---        1 2 3 4 5 6 7 ;
  INPUT ---        8 9 10 11 12 13 ;
  INPUT ---        14 15 16 17 18 ;
  INPUT ---        19 20 21 22 ;
  INPUT ---        23 24 25 ;
  INPUT ---        26 27 ;
  INPUT ---        28 ;

  INPUT ---    group=4 S    rows=7 cols=7 Triang ;
  INPUT ---        29 30 31 32 33 34 35 ;
  INPUT ---        36 37 38 39 40 41 ;
  INPUT ---        42 43 44 45 46 ;
  INPUT ---        47 48 49 50 ;
  INPUT ---        51 52 53 ;
  INPUT ---        54 55 ;
  INPUT ---        56 ;

  INPUT ---    group=5 S    rows=7 cols=7 Triang ;
  INPUT ---        1 2 3 4 5 6 7 ;
  INPUT ---        8 9 10 11 12 13 ;

  Program  MARK  - Survival Rate Estimation with Capture-Recapture Data
   gfortran(Win64) Vers. 8.0 Jun 2014   31-Jan-2015 14:07:34    Page  003
 - - - - - - - - - - - - - - - - - - - - - - - - - - - - - - - - - - - - - -
 
  INPUT ---        14 15 16 17 18 ;
  INPUT ---        19 20 21 22 ;
  INPUT ---        23 24 25 ;
  INPUT ---        26 27 ;
  INPUT ---        28 ;

  INPUT ---    group=6 S    rows=7 cols=7 Triang ;
  INPUT ---        29 30 31 32 33 34 35 ;
  INPUT ---        36 37 38 39 40 41 ;
  INPUT ---        42 43 44 45 46 ;
  INPUT ---        47 48 49 50 ;
  INPUT ---        51 52 53 ;
  INPUT ---        54 55 ;
  INPUT ---        56 ;

  INPUT ---    group=1 p    rows=6 cols=6 Triang ;
  INPUT ---        57 57 57 57 57 57 ;
  INPUT ---        57 57 57 57 57 ;
  INPUT ---        57 57 57 57 ;
  INPUT ---        57 57 57 ;
  INPUT ---        57 57 ;
  INPUT ---        57 ;

  INPUT ---    group=2 p    rows=6 cols=6 Triang ;
  INPUT ---        57 57 57 57 57 57 ;
  INPUT ---        57 57 57 57 57 ;
  INPUT ---        57 57 57 57 ;
  INPUT ---        57 57 57 ;
  INPUT ---        57 57 ;
  INPUT ---        57 ;

  INPUT ---    group=3 p    rows=6 cols=6 Triang ;
  INPUT ---        57 57 57 57 57 57 ;
  INPUT ---        57 57 57 57 57 ;
  INPUT ---        57 57 57 57 ;
  INPUT ---        57 57 57 ;
  INPUT ---        57 57 ;
  INPUT ---        57 ;

  INPUT ---    group=4 p    rows=6 cols=6 Triang ;
  INPUT ---        57 57 57 57 57 57 ;
  INPUT ---        57 57 57 57 57 ;
  INPUT ---        57 57 57 57 ;
  INPUT ---        57 57 57 ;
  INPUT ---        57 57 ;
  INPUT ---        57 ;

  Program  MARK  - Survival Rate Estimation with Capture-Recapture Data
   gfortran(Win64) Vers. 8.0 Jun 2014   31-Jan-2015 14:07:34    Page  004
 - - - - - - - - - - - - - - - - - - - - - - - - - - - - - - - - - - - - - -
 

  INPUT ---    group=5 p    rows=6 cols=6 Triang ;
  INPUT ---        57 57 57 57 57 57 ;
  INPUT ---        57 57 57 57 57 ;
  INPUT ---        57 57 57 57 ;
  INPUT ---        57 57 57 ;
  INPUT ---        57 57 ;
  INPUT ---        57 ;

  INPUT ---    group=6 p    rows=6 cols=6 Triang ;
  INPUT ---        57 57 57 57 57 57 ;
  INPUT ---        57 57 57 57 57 ;
  INPUT ---        57 57 57 57 ;
  INPUT ---        57 57 57 ;
  INPUT ---        57 57 ;
  INPUT ---        57 ;

  INPUT ---    group=1 r    rows=7 cols=7 Triang ;
  INPUT ---        58 58 58 58 58 58 58 ;
  INPUT ---        58 58 58 58 58 58 ;
  INPUT ---        58 58 58 58 58 ;
  INPUT ---        58 58 58 58 ;
  INPUT ---        58 58 58 ;
  INPUT ---        58 58 ;
  INPUT ---        58 ;

  INPUT ---    group=2 r    rows=7 cols=7 Triang ;
  INPUT ---        58 58 58 58 58 58 58 ;
  INPUT ---        58 58 58 58 58 58 ;
  INPUT ---        58 58 58 58 58 ;
  INPUT ---        58 58 58 58 ;
  INPUT ---        58 58 58 ;
  INPUT ---        58 58 ;
  INPUT ---        58 ;

  INPUT ---    group=3 r    rows=7 cols=7 Triang ;
  INPUT ---        58 58 58 58 58 58 58 ;
  INPUT ---        58 58 58 58 58 58 ;
  INPUT ---        58 58 58 58 58 ;
  INPUT ---        58 58 58 58 ;
  INPUT ---        58 58 58 ;
  INPUT ---        58 58 ;
  INPUT ---        58 ;

  INPUT ---    group=4 r    rows=7 cols=7 Triang ;
  INPUT ---        58 58 58 58 58 58 58 ;

  Program  MARK  - Survival Rate Estimation with Capture-Recapture Data
   gfortran(Win64) Vers. 8.0 Jun 2014   31-Jan-2015 14:07:34    Page  005
 - - - - - - - - - - - - - - - - - - - - - - - - - - - - - - - - - - - - - -
 
  INPUT ---        58 58 58 58 58 58 ;
  INPUT ---        58 58 58 58 58 ;
  INPUT ---        58 58 58 58 ;
  INPUT ---        58 58 58 ;
  INPUT ---        58 58 ;
  INPUT ---        58 ;

  INPUT ---    group=5 r    rows=7 cols=7 Triang ;
  INPUT ---        58 58 58 58 58 58 58 ;
  INPUT ---        58 58 58 58 58 58 ;
  INPUT ---        58 58 58 58 58 ;
  INPUT ---        58 58 58 58 ;
  INPUT ---        58 58 58 ;
  INPUT ---        58 58 ;
  INPUT ---        58 ;

  INPUT ---    group=6 r    rows=7 cols=7 Triang ;
  INPUT ---        58 58 58 58 58 58 58 ;
  INPUT ---        58 58 58 58 58 58 ;
  INPUT ---        58 58 58 58 58 ;
  INPUT ---        58 58 58 58 ;
  INPUT ---        58 58 58 ;
  INPUT ---        58 58 ;
  INPUT ---        58 ;

  INPUT ---    group=1 F    rows=6 cols=6 Triang ;
  INPUT ---        59 60 61 62 63 64 ;
  INPUT ---        59 60 61 62 63 ;
  INPUT ---        59 60 61 62 ;
  INPUT ---        59 60 61 ;
  INPUT ---        59 60 ;
  INPUT ---        59 ;

  INPUT ---    group=2 F    rows=6 cols=6 Triang ;
  INPUT ---        59 60 61 62 63 64 ;
  INPUT ---        59 60 61 62 63 ;
  INPUT ---        59 60 61 62 ;
  INPUT ---        59 60 61 ;
  INPUT ---        59 60 ;
  INPUT ---        59 ;

  INPUT ---    group=3 F    rows=6 cols=6 Triang ;
  INPUT ---        59 60 61 62 63 64 ;
  INPUT ---        59 60 61 62 63 ;
  INPUT ---        59 60 61 62 ;
  INPUT ---        59 60 61 ;

  Program  MARK  - Survival Rate Estimation with Capture-Recapture Data
   gfortran(Win64) Vers. 8.0 Jun 2014   31-Jan-2015 14:07:34    Page  006
 - - - - - - - - - - - - - - - - - - - - - - - - - - - - - - - - - - - - - -
 
  INPUT ---        59 60 ;
  INPUT ---        59 ;

  INPUT ---    group=4 F    rows=6 cols=6 Triang ;
  INPUT ---        59 60 61 62 63 64 ;
  INPUT ---        59 60 61 62 63 ;
  INPUT ---        59 60 61 62 ;
  INPUT ---        59 60 61 ;
  INPUT ---        59 60 ;
  INPUT ---        59 ;

  INPUT ---    group=5 F    rows=6 cols=6 Triang ;
  INPUT ---        59 60 61 62 63 64 ;
  INPUT ---        59 60 61 62 63 ;
  INPUT ---        59 60 61 62 ;
  INPUT ---        59 60 61 ;
  INPUT ---        59 60 ;
  INPUT ---        59 ;

  INPUT ---    group=6 F    rows=6 cols=6 Triang ;
  INPUT ---        59 60 61 62 63 64 ;
  INPUT ---        59 60 61 62 63 ;
  INPUT ---        59 60 61 62 ;
  INPUT ---        59 60 61 ;
  INPUT ---        59 60 ;
  INPUT ---        59 ;

  INPUT ---    design matrix constraints=64 covariates=22;
  INPUT ---        1 0 0 0 0 0 0 0 0 0 0 0 0 0 0 0 0 0 0 0 0 0;
  INPUT ---        1 1 0 0 0 0 0 0 1 0 0 0 0 0 0 0 0 0 0 0 0 0;
  INPUT ---        1 0 1 0 0 0 0 0 0 1 0 0 0 0 0 0 0 0 0 0 0 0;
  INPUT ---        1 0 0 1 0 0 0 0 0 0 1 0 0 0 0 0 0 0 0 0 0 0;
  INPUT ---        1 0 0 0 1 0 0 0 0 0 0 1 0 0 0 0 0 0 0 0 0 0;
  INPUT ---        1 0 0 0 0 1 0 0 0 0 0 0 1 0 0 0 0 0 0 0 0 0;
  INPUT ---        1 0 0 0 0 0 1 0 0 0 0 0 0 1 0 0 0 0 0 0 0 0;
  INPUT ---        1 0 0 0 0 0 0 0 1 0 0 0 0 0 0 0 0 0 0 0 0 0;
  INPUT ---        1 1 0 0 0 0 0 0 0 1 0 0 0 0 0 0 0 0 0 0 0 0;
  INPUT ---        1 0 1 0 0 0 0 0 0 0 1 0 0 0 0 0 0 0 0 0 0 0;
  INPUT ---        1 0 0 1 0 0 0 0 0 0 0 1 0 0 0 0 0 0 0 0 0 0;
  INPUT ---        1 0 0 0 1 0 0 0 0 0 0 0 1 0 0 0 0 0 0 0 0 0;
  INPUT ---        1 0 0 0 0 1 0 0 0 0 0 0 0 1 0 0 0 0 0 0 0 0;
  INPUT ---        1 0 0 0 0 0 0 0 0 1 0 0 0 0 0 0 0 0 0 0 0 0;
  INPUT ---        1 1 0 0 0 0 0 0 0 0 1 0 0 0 0 0 0 0 0 0 0 0;
  INPUT ---        1 0 1 0 0 0 0 0 0 0 0 1 0 0 0 0 0 0 0 0 0 0;
  INPUT ---        1 0 0 1 0 0 0 0 0 0 0 0 1 0 0 0 0 0 0 0 0 0;
  INPUT ---        1 0 0 0 1 0 0 0 0 0 0 0 0 1 0 0 0 0 0 0 0 0;

  Program  MARK  - Survival Rate Estimation with Capture-Recapture Data
   gfortran(Win64) Vers. 8.0 Jun 2014   31-Jan-2015 14:07:34    Page  007
 - - - - - - - - - - - - - - - - - - - - - - - - - - - - - - - - - - - - - -
 
  INPUT ---        1 0 0 0 0 0 0 0 0 0 1 0 0 0 0 0 0 0 0 0 0 0;
  INPUT ---        1 1 0 0 0 0 0 0 0 0 0 1 0 0 0 0 0 0 0 0 0 0;
  INPUT ---        1 0 1 0 0 0 0 0 0 0 0 0 1 0 0 0 0 0 0 0 0 0;
  INPUT ---        1 0 0 1 0 0 0 0 0 0 0 0 0 1 0 0 0 0 0 0 0 0;
  INPUT ---        1 0 0 0 0 0 0 0 0 0 0 1 0 0 0 0 0 0 0 0 0 0;
  INPUT ---        1 1 0 0 0 0 0 0 0 0 0 0 1 0 0 0 0 0 0 0 0 0;
  INPUT ---        1 0 1 0 0 0 0 0 0 0 0 0 0 1 0 0 0 0 0 0 0 0;
  INPUT ---        1 0 0 0 0 0 0 0 0 0 0 0 1 0 0 0 0 0 0 0 0 0;
  INPUT ---        1 1 0 0 0 0 0 0 0 0 0 0 0 1 0 0 0 0 0 0 0 0;
  INPUT ---        1 0 0 0 0 0 0 0 0 0 0 0 0 1 0 0 0 0 0 0 0 0;
  INPUT ---        1 0 0 0 0 0 0 1 0 0 0 0 0 0 0 0 0 0 0 0 0 0;
  INPUT ---        1 1 0 0 0 0 0 1 1 0 0 0 0 0 0 0 0 0 0 0 0 0;
  INPUT ---        1 0 1 0 0 0 0 1 0 1 0 0 0 0 0 0 0 0 0 0 0 0;
  INPUT ---        1 0 0 1 0 0 0 1 0 0 1 0 0 0 0 0 0 0 0 0 0 0;
  INPUT ---        1 0 0 0 1 0 0 1 0 0 0 1 0 0 0 0 0 0 0 0 0 0;
  INPUT ---        1 0 0 0 0 1 0 1 0 0 0 0 1 0 0 0 0 0 0 0 0 0;
  INPUT ---        1 0 0 0 0 0 1 1 0 0 0 0 0 1 0 0 0 0 0 0 0 0;
  INPUT ---        1 0 0 0 0 0 0 1 1 0 0 0 0 0 0 0 0 0 0 0 0 0;
  INPUT ---        1 1 0 0 0 0 0 1 0 1 0 0 0 0 0 0 0 0 0 0 0 0;
  INPUT ---        1 0 1 0 0 0 0 1 0 0 1 0 0 0 0 0 0 0 0 0 0 0;
  INPUT ---        1 0 0 1 0 0 0 1 0 0 0 1 0 0 0 0 0 0 0 0 0 0;
  INPUT ---        1 0 0 0 1 0 0 1 0 0 0 0 1 0 0 0 0 0 0 0 0 0;
  INPUT ---        1 0 0 0 0 1 0 1 0 0 0 0 0 1 0 0 0 0 0 0 0 0;
  INPUT ---        1 0 0 0 0 0 0 1 0 1 0 0 0 0 0 0 0 0 0 0 0 0;
  INPUT ---        1 1 0 0 0 0 0 1 0 0 1 0 0 0 0 0 0 0 0 0 0 0;
  INPUT ---        1 0 1 0 0 0 0 1 0 0 0 1 0 0 0 0 0 0 0 0 0 0;
  INPUT ---        1 0 0 1 0 0 0 1 0 0 0 0 1 0 0 0 0 0 0 0 0 0;
  INPUT ---        1 0 0 0 1 0 0 1 0 0 0 0 0 1 0 0 0 0 0 0 0 0;
  INPUT ---        1 0 0 0 0 0 0 1 0 0 1 0 0 0 0 0 0 0 0 0 0 0;
  INPUT ---        1 1 0 0 0 0 0 1 0 0 0 1 0 0 0 0 0 0 0 0 0 0;
  INPUT ---        1 0 1 0 0 0 0 1 0 0 0 0 1 0 0 0 0 0 0 0 0 0;
  INPUT ---        1 0 0 1 0 0 0 1 0 0 0 0 0 1 0 0 0 0 0 0 0 0;
  INPUT ---        1 0 0 0 0 0 0 1 0 0 0 1 0 0 0 0 0 0 0 0 0 0;
  INPUT ---        1 1 0 0 0 0 0 1 0 0 0 0 1 0 0 0 0 0 0 0 0 0;
  INPUT ---        1 0 1 0 0 0 0 1 0 0 0 0 0 1 0 0 0 0 0 0 0 0;
  INPUT ---        1 0 0 0 0 0 0 1 0 0 0 0 1 0 0 0 0 0 0 0 0 0;
  INPUT ---        1 1 0 0 0 0 0 1 0 0 0 0 0 1 0 0 0 0 0 0 0 0;
  INPUT ---        1 0 0 0 0 0 0 1 0 0 0 0 0 1 0 0 0 0 0 0 0 0;
  INPUT ---        0 0 0 0 0 0 0 0 0 0 0 0 0 0 1 0 0 0 0 0 0 0;
  INPUT ---        0 0 0 0 0 0 0 0 0 0 0 0 0 0 0 1 0 0 0 0 0 0;
  INPUT ---        0 0 0 0 0 0 0 0 0 0 0 0 0 0 0 0 1 0 0 0 0 0;
  INPUT ---        0 0 0 0 0 0 0 0 0 0 0 0 0 0 0 0 1 1 0 0 0 0;
  INPUT ---        0 0 0 0 0 0 0 0 0 0 0 0 0 0 0 0 1 0 1 0 0 0;
  INPUT ---        0 0 0 0 0 0 0 0 0 0 0 0 0 0 0 0 1 0 0 1 0 0;
  INPUT ---        0 0 0 0 0 0 0 0 0 0 0 0 0 0 0 0 1 0 0 0 1 0;
  INPUT ---        0 0 0 0 0 0 0 0 0 0 0 0 0 0 0 0 1 0 0 0 0 1;

  Program  MARK  - Survival Rate Estimation with Capture-Recapture Data
   gfortran(Win64) Vers. 8.0 Jun 2014   31-Jan-2015 14:07:34    Page  008
 - - - - - - - - - - - - - - - - - - - - - - - - - - - - - - - - - - - - - -
 

  INPUT ---    blabel(1)=S:(Intercept);

  INPUT ---    blabel(2)=S:age1;

  INPUT ---    blabel(3)=S:age2;

  INPUT ---    blabel(4)=S:age3;

  INPUT ---    blabel(5)=S:age4;

  INPUT ---    blabel(6)=S:age5;

  INPUT ---    blabel(7)=S:age6;

  INPUT ---    blabel(8)=S:sex5;

  INPUT ---    blabel(9)=S:time2006;

  INPUT ---    blabel(10)=S:time2007;

  INPUT ---    blabel(11)=S:time2008;

  INPUT ---    blabel(12)=S:time2009;

  INPUT ---    blabel(13)=S:time2010;

  INPUT ---    blabel(14)=S:time2011;

  INPUT ---    blabel(15)=p:(Intercept);

  INPUT ---    blabel(16)=r:(Intercept);

  INPUT ---    blabel(17)=F:(Intercept);

  INPUT ---    blabel(18)=F:age1;

  INPUT ---    blabel(19)=F:age2;

  INPUT ---    blabel(20)=F:age3;

  INPUT ---    blabel(21)=F:age4;

  INPUT ---    blabel(22)=F:age5;

  INPUT ---    rlabel(1)=S g41 c2005 c1 a0 t2005;

  Program  MARK  - Survival Rate Estimation with Capture-Recapture Data
   gfortran(Win64) Vers. 8.0 Jun 2014   31-Jan-2015 14:07:34    Page  009
 - - - - - - - - - - - - - - - - - - - - - - - - - - - - - - - - - - - - - -
 

  INPUT ---    rlabel(2)=S g41 c2005 c1 a1 t2006;

  INPUT ---    rlabel(3)=S g41 c2005 c1 a2 t2007;

  INPUT ---    rlabel(4)=S g41 c2005 c1 a3 t2008;

  INPUT ---    rlabel(5)=S g41 c2005 c1 a4 t2009;

  INPUT ---    rlabel(6)=S g41 c2005 c1 a5 t2010;

  INPUT ---    rlabel(7)=S g41 c2005 c1 a6 t2011;

  INPUT ---    rlabel(8)=S g41 c2006 c2 a0 t2006;

  INPUT ---    rlabel(9)=S g41 c2006 c2 a1 t2007;

  INPUT ---    rlabel(10)=S g41 c2006 c2 a2 t2008;

  INPUT ---    rlabel(11)=S g41 c2006 c2 a3 t2009;

  INPUT ---    rlabel(12)=S g41 c2006 c2 a4 t2010;

  INPUT ---    rlabel(13)=S g41 c2006 c2 a5 t2011;

  INPUT ---    rlabel(14)=S g41 c2007 c3 a0 t2007;

  INPUT ---    rlabel(15)=S g41 c2007 c3 a1 t2008;

  INPUT ---    rlabel(16)=S g41 c2007 c3 a2 t2009;

  INPUT ---    rlabel(17)=S g41 c2007 c3 a3 t2010;

  INPUT ---    rlabel(18)=S g41 c2007 c3 a4 t2011;

  INPUT ---    rlabel(19)=S g41 c2008 c4 a0 t2008;

  INPUT ---    rlabel(20)=S g41 c2008 c4 a1 t2009;

  INPUT ---    rlabel(21)=S g41 c2008 c4 a2 t2010;

  INPUT ---    rlabel(22)=S g41 c2008 c4 a3 t2011;

  INPUT ---    rlabel(23)=S g41 c2009 c5 a0 t2009;

  INPUT ---    rlabel(24)=S g41 c2009 c5 a1 t2010;

  Program  MARK  - Survival Rate Estimation with Capture-Recapture Data
   gfortran(Win64) Vers. 8.0 Jun 2014   31-Jan-2015 14:07:34    Page  010
 - - - - - - - - - - - - - - - - - - - - - - - - - - - - - - - - - - - - - -
 

  INPUT ---    rlabel(25)=S g41 c2009 c5 a2 t2011;

  INPUT ---    rlabel(26)=S g41 c2010 c6 a0 t2010;

  INPUT ---    rlabel(27)=S g41 c2010 c6 a1 t2011;

  INPUT ---    rlabel(28)=S g41 c2011 c7 a0 t2011;

  INPUT ---    rlabel(29)=S g51 c2005 c1 a0 t2005;

  INPUT ---    rlabel(30)=S g51 c2005 c1 a1 t2006;

  INPUT ---    rlabel(31)=S g51 c2005 c1 a2 t2007;

  INPUT ---    rlabel(32)=S g51 c2005 c1 a3 t2008;

  INPUT ---    rlabel(33)=S g51 c2005 c1 a4 t2009;

  INPUT ---    rlabel(34)=S g51 c2005 c1 a5 t2010;

  INPUT ---    rlabel(35)=S g51 c2005 c1 a6 t2011;

  INPUT ---    rlabel(36)=S g51 c2006 c2 a0 t2006;

  INPUT ---    rlabel(37)=S g51 c2006 c2 a1 t2007;

  INPUT ---    rlabel(38)=S g51 c2006 c2 a2 t2008;

  INPUT ---    rlabel(39)=S g51 c2006 c2 a3 t2009;

  INPUT ---    rlabel(40)=S g51 c2006 c2 a4 t2010;

  INPUT ---    rlabel(41)=S g51 c2006 c2 a5 t2011;

  INPUT ---    rlabel(42)=S g51 c2007 c3 a0 t2007;

  INPUT ---    rlabel(43)=S g51 c2007 c3 a1 t2008;

  INPUT ---    rlabel(44)=S g51 c2007 c3 a2 t2009;

  INPUT ---    rlabel(45)=S g51 c2007 c3 a3 t2010;

  INPUT ---    rlabel(46)=S g51 c2007 c3 a4 t2011;

  INPUT ---    rlabel(47)=S g51 c2008 c4 a0 t2008;

  Program  MARK  - Survival Rate Estimation with Capture-Recapture Data
   gfortran(Win64) Vers. 8.0 Jun 2014   31-Jan-2015 14:07:34    Page  011
 - - - - - - - - - - - - - - - - - - - - - - - - - - - - - - - - - - - - - -
 

  INPUT ---    rlabel(48)=S g51 c2008 c4 a1 t2009;

  INPUT ---    rlabel(49)=S g51 c2008 c4 a2 t2010;

  INPUT ---    rlabel(50)=S g51 c2008 c4 a3 t2011;

  INPUT ---    rlabel(51)=S g51 c2009 c5 a0 t2009;

  INPUT ---    rlabel(52)=S g51 c2009 c5 a1 t2010;

  INPUT ---    rlabel(53)=S g51 c2009 c5 a2 t2011;

  INPUT ---    rlabel(54)=S g51 c2010 c6 a0 t2010;

  INPUT ---    rlabel(55)=S g51 c2010 c6 a1 t2011;

  INPUT ---    rlabel(56)=S g51 c2011 c7 a0 t2011;

  INPUT ---    rlabel(57)=p g41 c2005 c1 a1 t2006;

  INPUT ---    rlabel(58)=r g41 c2005 c1 a0 t2005;

  INPUT ---    rlabel(59)=F g41 c2005 c1 a0 t2005;

  INPUT ---    rlabel(60)=F g41 c2005 c1 a1 t2006;

  INPUT ---    rlabel(61)=F g41 c2005 c1 a2 t2007;

  INPUT ---    rlabel(62)=F g41 c2005 c1 a3 t2008;

  INPUT ---    rlabel(63)=F g41 c2005 c1 a4 t2009;

  INPUT ---    rlabel(64)=F g41 c2005 c1 a5 t2010;

 Link Function Used is LOGIT        

 Variance Estimation Procedure Used is 2ndPart 

 M(t+1):



 -2logL(saturated) = 1739.8188     
 Effective Sample Size = 7075

 Number of function evaluations was 132 for 22 parameters.
 Time for numerical optimization was 3.70 seconds.

  Program  MARK  - Survival Rate Estimation with Capture-Recapture Data
   gfortran(Win64) Vers. 8.0 Jun 2014   31-Jan-2015 14:07:35    Page  012
 - - - - - - - - - - - - - - - - - - - - - - - - - - - - - - - - - - - - - -
 
 -2logL { S(~age + sex + time)p(~1)r(~1)F(~age) } = 2578.8325     
 Penalty { S(~age + sex + time)p(~1)r(~1)F(~age) } = -0.0000000    
 Gradient { S(~age + sex + time)p(~1)r(~1)F(~age) }:
   0.000000    -0.3463040E-05  0.000000      0.000000      0.000000    
   0.000000      0.000000    -0.4153268E-04-0.1414459E-05  0.000000    
 -0.5888280E-06  0.000000     0.7848351E-06-0.1840537E-05  0.000000    
 -0.9177073E-04-0.4570594E-05  0.000000      0.000000      0.000000    
   0.000000      0.000000    
 S Vector { S(~age + sex + time)p(~1)r(~1)F(~age) }:
   284.2927      15.08238      4.010747     0.9865819     0.9117784    
  0.3837259     0.7676180E-01 0.1259317E-04 0.4449632E-05 0.1985521E-05
  0.1319750E-05 0.5519108E-06 0.4178762E-06 0.1062991E-06 0.8756913E-07
  0.4288390E-07 0.3080544E-07 0.2131486E-07 0.2011198E-07 0.3059857E-08
  0.2513475E-08 0.1091016E-08
 Time to compute number of parameters was 0.59 seconds.
   Threshold =  0.4600000E-06     Condition index =  0.3837651E-11     New Threshold =  0.5117319E-08
 New Guessimate of Estimated Parameters { S(~age + sex + time)p(~1)r(~1)F(~age) } = 10          
 Conditioned S Vector { S(~age + sex + time)p(~1)r(~1)F(~age) }:
   1.000000     0.5305231E-01 0.1410781E-01 0.3470304E-02 0.3207182E-02
  0.1349757E-02 0.2700098E-03 0.4429651E-07 0.1565159E-07 0.6984072E-08
  0.4642224E-08 0.1941347E-08 0.1469880E-08 0.3739072E-09 0.3080246E-09
  0.1508442E-09 0.1083582E-09 0.7497507E-10 0.7074392E-10 0.1076305E-10
  0.8841154E-11 0.3837651E-11
 Number of Estimated Parameters { S(~age + sex + time)p(~1)r(~1)F(~age) } = 7          
 DEVIANCE { S(~age + sex + time)p(~1)r(~1)F(~age) } = 839.01379                     
 DEVIANCE Degrees of Freedom { S(~age + sex + time)p(~1)r(~1)F(~age) } = 8            
 c-hat { S(~age + sex + time)p(~1)r(~1)F(~age) } = 104.87672                     
 AIC { S(~age + sex + time)p(~1)r(~1)F(~age) } = 2592.8325                  
 AICc { S(~age + sex + time)p(~1)r(~1)F(~age) } = 2592.8484                    
 BIC { S(~age + sex + time)p(~1)r(~1)F(~age) } = 2640.8828                    
 Pearson Chisquare { S(~age + sex + time)p(~1)r(~1)F(~age) } = Not a Number               
 Possible Encounter Histories { S(~age + sex + time)p(~1)r(~1)F(~age) } = 896             
 Pearson Chisquare df { S(~age + sex + time)p(~1)r(~1)F(~age) } = 853        
 Pearson chat { S(~age + sex + time)p(~1)r(~1)F(~age) } = Not a Number               
 Sum(Observed/Expected) { S(~age + sex + time)p(~1)r(~1)F(~age) } = Not a Number               
 Fletcher chat { S(~age + sex + time)p(~1)r(~1)F(~age) } = Not a Number               


          LOGIT Link Function Parameters of { S(~age + sex + time)p(~1)r(~1)F(~age) }
                                                              95% Confidence Interval
 Parameter                    Beta         Standard Error      Lower           Upper
 -------------------------  --------------  --------------  --------------  --------------
    1:S:(Intercept)         -0.7553324      1.0830238       -2.8780591      1.3673944     
    2:S:age1                77.788699       0.0000000       77.788699       77.788699     
    3:S:age2                33.756189       5907.1040       -11544.168      11611.680     
    4:S:age3                142.86001       480.37029       -798.66577      1084.3858     
    5:S:age4                3.4603470       1671.8448       -3273.3555      3280.2762     
    6:S:age5                4.6243150       945.26889       -1848.1028      1857.3514     
    7:S:age6                1.4020980       795.17810       -1557.1470      1559.9512     
    8:S:sex5                -0.0949144      1.0038948       -2.0625483      1.8727194     
    9:S:time2006            -63.299841      1353.0214       -2715.2218      2588.6222     
   10:S:time2007            0.5439129       1.9987198       -3.3735780      4.4614039     
   11:S:time2008            -76.229222      0.0000000       -76.229222      -76.229222    
   12:S:time2009            52.729848       6560.2364       -12805.334      12910.793     
   13:S:time2010            56.941760       6747.8450       -13168.835      13282.718     
   14:S:time2011            -73.121935      0.0000000       -73.121935      -73.121935    
   15:p:(Intercept)         -6.1516519      0.4137311       -6.9625649      -5.3407390    
   16:r:(Intercept)         -2.9642037      0.0594045       -3.0806365      -2.8477710    
   17:F:(Intercept)         8.9494144       475.17210       -922.38792      940.28675     
   18:F:age1                124.61706       325.38195       -513.13158      762.36569     
   19:F:age2                24.630962       3108.6064       -6068.2377      6117.4997     

  Program  MARK  - Survival Rate Estimation with Capture-Recapture Data
   gfortran(Win64) Vers. 8.0 Jun 2014   31-Jan-2015 14:07:35    Page  013
 - - - - - - - - - - - - - - - - - - - - - - - - - - - - - - - - - - - - - -
 
   20:F:age3                26.643856       3382.6625       -6603.3747      6656.6624     
   21:F:age4                37.606485       4866.6752       -9501.0771      9576.2900     
   22:F:age5                45.311483       1991.5902       -3858.2054      3948.8283     


          Real Function Parameters of { S(~age + sex + time)p(~1)r(~1)F(~age) }
                                                               95% Confidence Interval
  Parameter                  Estimate       Standard Error      Lower           Upper
 --------------------------  --------------  --------------  --------------  --------------
     1:S g41 c2005 c1 a0 t2  0.3196605       0.2355335       0.0532489       0.7969588                           
     2:S g41 c2005 c1 a1 t2  0.9999989       0.0014787       0.9083581E-298  1.0000000                           
     3:S g41 c2005 c1 a2 t2  1.0000000       0.1573969E-010  1.0000000       1.0000000                           
     4:S g41 c2005 c1 a3 t2  1.0000000       0.0000000       1.0000000       1.0000000                           
     5:S g41 c2005 c1 a4 t2  1.0000000       0.0000000       1.0000000       1.0000000                           
     6:S g41 c2005 c1 a5 t2  1.0000000       0.0000000       1.0000000       1.0000000                           
     7:S g41 c2005 c1 a6 t2  0.3345291E-031  0.2603918E-028  -.5100333E-028  0.5107024E-028                      
     8:S g41 c2006 c2 a0 t2  0.1517720E-027  0.2053504E-024  -.4023351E-024  0.4026387E-024                      
     9:S g41 c2006 c2 a1 t2  1.0000000       0.0000000       1.0000000       1.0000000                           
    10:S g41 c2006 c2 a2 t2  0.1683292E-018  0.9940030E-015  -.1948078E-014  0.1948414E-014                      
    11:S g41 c2006 c2 a3 t2  1.0000000       0.0000000       1.0000000       1.0000000                           
    12:S g41 c2006 c2 a4 t2  1.0000000       0.0000000       1.0000000       1.0000000                           
    13:S g41 c2006 c2 a5 t2  0.8391217E-030  0.7820911E-027  -.1532059E-026  0.1533738E-026                      
    14:S g41 c2007 c3 a0 t2  0.4473411       0.4717476       0.0188650       0.9714897                           
    15:S g41 c2007 c3 a1 t2  0.6908604       0.8665920       0.7852206E-003  0.9998427                           
    16:S g41 c2007 c3 a2 t2  1.0000000       0.0000000       1.0000000       1.0000000                           
    17:S g41 c2007 c3 a3 t2  1.0000000       0.0000000       1.0000000       1.0000000                           
    18:S g41 c2007 c3 a4 t2  0.2620113E-030  0.4362859E-027  -.8548583E-027  0.8553823E-027                      
    19:S g41 c2008 c4 a0 t2  0.3681568E-033  0.0000000       0.3681568E-033  0.3681568E-033                      
    20:S g41 c2008 c4 a1 t2  1.0000000       0.0000000       1.0000000       1.0000000                           
    21:S g41 c2008 c4 a2 t2  1.0000000       0.0000000       1.0000000       1.0000000                           
    22:S g41 c2008 c4 a3 t2  1.0000000       0.0000000       1.0000000       1.0000000                           
    23:S g41 c2009 c5 a0 t2  1.0000000       0.0000000       1.0000000       1.0000000                           
    24:S g41 c2009 c5 a1 t2  1.0000000       0.0000000       1.0000000       1.0000000                           
    25:S g41 c2009 c5 a2 t2  0.3763891E-017  0.2222620E-013  -.4355960E-013  0.4356712E-013                      
    26:S g41 c2010 c6 a0 t2  1.0000000       0.0000000       1.0000000       1.0000000                           
    27:S g41 c2010 c6 a1 t2  0.9803808       0.0221438       0.8395591       0.9979088                           
    28:S g41 c2011 c7 a0 t2  0.8232097E-032  0.0000000       0.8232097E-032  0.8232097E-032                      
    29:S g51 c2005 c1 a0 t2  0.2993811       0.2513143       0.0392177       0.8172948                           
    30:S g51 c2005 c1 a1 t2  0.9999988       0.0016259       0.8261070E-298  1.0000000                           
    31:S g51 c2005 c1 a2 t2  1.0000000       0.1705133E-010  1.0000000       1.0000000                           
    32:S g51 c2005 c1 a3 t2  1.0000000       0.0000000       1.0000000       1.0000000                           
    33:S g51 c2005 c1 a4 t2  1.0000000       0.0000000       1.0000000       1.0000000                           
    34:S g51 c2005 c1 a5 t2  1.0000000       0.0000000       1.0000000       1.0000000                           
    35:S g51 c2005 c1 a6 t2  0.3042377E-031  0.2368136E-028  -.4638503E-028  0.4644588E-028                      
    36:S g51 c2006 c2 a0 t2  0.1380291E-027  0.1867562E-024  -.3659041E-024  0.3661801E-024                      
    37:S g51 c2006 c2 a1 t2  1.0000000       0.0000000       1.0000000       1.0000000                           

  Program  MARK  - Survival Rate Estimation with Capture-Recapture Data
   gfortran(Win64) Vers. 8.0 Jun 2014   31-Jan-2015 14:07:35    Page  014
 - - - - - - - - - - - - - - - - - - - - - - - - - - - - - - - - - - - - - -
 
    38:S g51 c2006 c2 a2 t2  0.1530871E-018  0.9039968E-015  -.1771681E-014  0.1771987E-014                      
    39:S g51 c2006 c2 a3 t2  1.0000000       0.0000000       1.0000000       1.0000000                           
    40:S g51 c2006 c2 a4 t2  1.0000000       0.0000000       1.0000000       1.0000000                           
    41:S g51 c2006 c2 a5 t2  0.7631399E-030  0.7112740E-027  -.1393334E-026  0.1394860E-026                      
    42:S g51 c2007 c3 a0 t2  0.4240099       0.5267334       0.0106282       0.9805620                           
    43:S g51 c2007 c3 a1 t2  0.6702311       0.8515959       0.0010661       0.9997417                           
    44:S g51 c2007 c3 a2 t2  1.0000000       0.0000000       1.0000000       1.0000000                           
    45:S g51 c2007 c3 a3 t2  1.0000000       0.0000000       1.0000000       1.0000000                           
    46:S g51 c2007 c3 a4 t2  0.2382864E-030  0.3967806E-027  -.7774516E-027  0.7779282E-027                      
    47:S g51 c2008 c4 a0 t2  0.3348205E-033  0.0000000       0.3348205E-033  0.3348205E-033                      
    48:S g51 c2008 c4 a1 t2  1.0000000       0.0000000       1.0000000       1.0000000                           
    49:S g51 c2008 c4 a2 t2  1.0000000       0.0000000       1.0000000       1.0000000                           
    50:S g51 c2008 c4 a3 t2  1.0000000       0.0000000       1.0000000       1.0000000                           
    51:S g51 c2009 c5 a0 t2  1.0000000       0.0000000       1.0000000       1.0000000                           
    52:S g51 c2009 c5 a1 t2  1.0000000       0.0000000       1.0000000       1.0000000                           
    53:S g51 c2009 c5 a2 t2  0.3423074E-017  0.2021364E-013  -.3961531E-013  0.3962216E-013                      
    54:S g51 c2010 c6 a0 t2  1.0000000       0.0000000       1.0000000       1.0000000                           
    55:S g51 c2010 c6 a1 t2  0.9784695       0.0237394       0.8331176       0.9975886                           
    56:S g51 c2011 c7 a0 t2  0.7486687E-032  0.0000000       0.7486687E-032  0.7486687E-032                      
    57:p g41 c2005 c1 a1 t2  0.0021254       0.8774888E-003  0.9457700E-003  0.0047695                           
    58:r g41 c2005 c1 a0 t2  0.0490695       0.0027719       0.0439131       0.0547967                           
    59:F g41 c2005 c1 a0 t2  0.9998702       0.0616676       0.7595283E-300  1.0000000                           
    60:F g41 c2005 c1 a1 t2  1.0000000       0.0000000       1.0000000       1.0000000                           
    61:F g41 c2005 c1 a2 t2  1.0000000       0.8427404E-011  1.0000000       1.0000000                           
    62:F g41 c2005 c1 a3 t2  1.0000000       0.1516186E-011  1.0000000       1.0000000                           
    63:F g41 c2005 c1 a4 t2  1.0000000       0.0000000       1.0000000       1.0000000                           
    64:F g41 c2005 c1 a5 t2  1.0000000       0.0000000       1.0000000       1.0000000                           

 Attempted ordering of parameters by estimatibility:
  16 15  1  8 14 10 11  2 17  7  6  9  5 19 20 21  3 12 13 22 18  4
 Beta number 4 is a singular value.

     CPU Time in seconds for last procedure was 4.31

  Program  MARK  - Survival Rate Estimation with Capture-Recapture Data
   gfortran(Win64) Vers. 8.0 Jun 2014   31-Jan-2015 14:07:35    Page  015
 - - - - - - - - - - - - - - - - - - - - - - - - - - - - - - - - - - - - - -
 


  INPUT --- proc stop;

     CPU Time in minutes for this job was 0.07

     Time Start = 14:07:34.838   Time End = 14:07:35.895

     Wall Clock Time in minutes for this job was 0.02


          E X E C U T I O N   S U C C E S S F U L 
