
   Program  MARK  - Survival Rate Estimation with Capture-Recapture Data
   gfortran(Win64) Vers. 8.0 Jun 2014   25-Jan-2015 13:57:54    Page  001
 - - - - - - - - - - - - - - - - - - - - - - - - - - - - - - - - - - - - - -
 
   This version was compiled by GCC version 4.8.1 using the options 
   -m64 -mtune=generic -march=x86-64 -mthreads -O2 -fimplicit-none -fbounds-check -funroll-loops -ftree-vectorize -fopenmp.
   This problem will use 7 of 8 possible threads.


  INPUT --- proc title ;

     CPU Time in seconds for last procedure was 0.00


  INPUT --- proc chmatrix occasions= 7 groups= 6 etype= Both ICMeans 
  INPUT --- NoHist hist= 51 ;

  INPUT ---    time  interval 1 1 1 1 1 1 1 ;

  INPUT ---    glabel(1)=sex4.age1;

  INPUT ---    glabel(2)=sex5.age1;

  INPUT ---    glabel(3)=sex4.age2;

  INPUT ---    glabel(4)=sex5.age2;

  INPUT ---    glabel(5)=sex4.age4;

  INPUT ---    glabel(6)=sex5.age4;

   * *  WARNING  * *   At least a pair of the encounter histories are duplicates. 

      Number of unique encounter histories read was 17.

      Number of individual covariates read was 0.
      Time interval lengths are all equal to 1.

      Data type number is 3
      Data type is Joint Live and Dead Encounters (Burnham)                                                            

     CPU Time in seconds for last procedure was 0.00

  Program  MARK  - Survival Rate Estimation with Capture-Recapture Data
   gfortran(Win64) Vers. 8.0 Jun 2014   25-Jan-2015 13:57:54    Page  002
 - - - - - - - - - - - - - - - - - - - - - - - - - - - - - - - - - - - - - -
 


  INPUT --- proc estimate link=Logit NOLOOP varest=2ndPart    ;


  INPUT --- model={ S(~sex)p(~1)r(~1)F(~1) };

  INPUT ---    group=1 S    rows=7 cols=7 Triang ;
  INPUT ---        1 1 1 1 1 1 1 ;
  INPUT ---        1 1 1 1 1 1 ;
  INPUT ---        1 1 1 1 1 ;
  INPUT ---        1 1 1 1 ;
  INPUT ---        1 1 1 ;
  INPUT ---        1 1 ;
  INPUT ---        1 ;

  INPUT ---    group=2 S    rows=7 cols=7 Triang ;
  INPUT ---        2 2 2 2 2 2 2 ;
  INPUT ---        2 2 2 2 2 2 ;
  INPUT ---        2 2 2 2 2 ;
  INPUT ---        2 2 2 2 ;
  INPUT ---        2 2 2 ;
  INPUT ---        2 2 ;
  INPUT ---        2 ;

  INPUT ---    group=3 S    rows=7 cols=7 Triang ;
  INPUT ---        1 1 1 1 1 1 1 ;
  INPUT ---        1 1 1 1 1 1 ;
  INPUT ---        1 1 1 1 1 ;
  INPUT ---        1 1 1 1 ;
  INPUT ---        1 1 1 ;
  INPUT ---        1 1 ;
  INPUT ---        1 ;

  INPUT ---    group=4 S    rows=7 cols=7 Triang ;
  INPUT ---        2 2 2 2 2 2 2 ;
  INPUT ---        2 2 2 2 2 2 ;
  INPUT ---        2 2 2 2 2 ;
  INPUT ---        2 2 2 2 ;
  INPUT ---        2 2 2 ;
  INPUT ---        2 2 ;
  INPUT ---        2 ;

  INPUT ---    group=5 S    rows=7 cols=7 Triang ;
  INPUT ---        1 1 1 1 1 1 1 ;
  INPUT ---        1 1 1 1 1 1 ;

  Program  MARK  - Survival Rate Estimation with Capture-Recapture Data
   gfortran(Win64) Vers. 8.0 Jun 2014   25-Jan-2015 13:57:54    Page  003
 - - - - - - - - - - - - - - - - - - - - - - - - - - - - - - - - - - - - - -
 
  INPUT ---        1 1 1 1 1 ;
  INPUT ---        1 1 1 1 ;
  INPUT ---        1 1 1 ;
  INPUT ---        1 1 ;
  INPUT ---        1 ;

  INPUT ---    group=6 S    rows=7 cols=7 Triang ;
  INPUT ---        2 2 2 2 2 2 2 ;
  INPUT ---        2 2 2 2 2 2 ;
  INPUT ---        2 2 2 2 2 ;
  INPUT ---        2 2 2 2 ;
  INPUT ---        2 2 2 ;
  INPUT ---        2 2 ;
  INPUT ---        2 ;

  INPUT ---    group=1 p    rows=6 cols=6 Triang ;
  INPUT ---        3 3 3 3 3 3 ;
  INPUT ---        3 3 3 3 3 ;
  INPUT ---        3 3 3 3 ;
  INPUT ---        3 3 3 ;
  INPUT ---        3 3 ;
  INPUT ---        3 ;

  INPUT ---    group=2 p    rows=6 cols=6 Triang ;
  INPUT ---        3 3 3 3 3 3 ;
  INPUT ---        3 3 3 3 3 ;
  INPUT ---        3 3 3 3 ;
  INPUT ---        3 3 3 ;
  INPUT ---        3 3 ;
  INPUT ---        3 ;

  INPUT ---    group=3 p    rows=6 cols=6 Triang ;
  INPUT ---        3 3 3 3 3 3 ;
  INPUT ---        3 3 3 3 3 ;
  INPUT ---        3 3 3 3 ;
  INPUT ---        3 3 3 ;
  INPUT ---        3 3 ;
  INPUT ---        3 ;

  INPUT ---    group=4 p    rows=6 cols=6 Triang ;
  INPUT ---        3 3 3 3 3 3 ;
  INPUT ---        3 3 3 3 3 ;
  INPUT ---        3 3 3 3 ;
  INPUT ---        3 3 3 ;
  INPUT ---        3 3 ;
  INPUT ---        3 ;

  Program  MARK  - Survival Rate Estimation with Capture-Recapture Data
   gfortran(Win64) Vers. 8.0 Jun 2014   25-Jan-2015 13:57:54    Page  004
 - - - - - - - - - - - - - - - - - - - - - - - - - - - - - - - - - - - - - -
 

  INPUT ---    group=5 p    rows=6 cols=6 Triang ;
  INPUT ---        3 3 3 3 3 3 ;
  INPUT ---        3 3 3 3 3 ;
  INPUT ---        3 3 3 3 ;
  INPUT ---        3 3 3 ;
  INPUT ---        3 3 ;
  INPUT ---        3 ;

  INPUT ---    group=6 p    rows=6 cols=6 Triang ;
  INPUT ---        3 3 3 3 3 3 ;
  INPUT ---        3 3 3 3 3 ;
  INPUT ---        3 3 3 3 ;
  INPUT ---        3 3 3 ;
  INPUT ---        3 3 ;
  INPUT ---        3 ;

  INPUT ---    group=1 r    rows=7 cols=7 Triang ;
  INPUT ---        4 4 4 4 4 4 4 ;
  INPUT ---        4 4 4 4 4 4 ;
  INPUT ---        4 4 4 4 4 ;
  INPUT ---        4 4 4 4 ;
  INPUT ---        4 4 4 ;
  INPUT ---        4 4 ;
  INPUT ---        4 ;

  INPUT ---    group=2 r    rows=7 cols=7 Triang ;
  INPUT ---        4 4 4 4 4 4 4 ;
  INPUT ---        4 4 4 4 4 4 ;
  INPUT ---        4 4 4 4 4 ;
  INPUT ---        4 4 4 4 ;
  INPUT ---        4 4 4 ;
  INPUT ---        4 4 ;
  INPUT ---        4 ;

  INPUT ---    group=3 r    rows=7 cols=7 Triang ;
  INPUT ---        4 4 4 4 4 4 4 ;
  INPUT ---        4 4 4 4 4 4 ;
  INPUT ---        4 4 4 4 4 ;
  INPUT ---        4 4 4 4 ;
  INPUT ---        4 4 4 ;
  INPUT ---        4 4 ;
  INPUT ---        4 ;

  INPUT ---    group=4 r    rows=7 cols=7 Triang ;
  INPUT ---        4 4 4 4 4 4 4 ;

  Program  MARK  - Survival Rate Estimation with Capture-Recapture Data
   gfortran(Win64) Vers. 8.0 Jun 2014   25-Jan-2015 13:57:54    Page  005
 - - - - - - - - - - - - - - - - - - - - - - - - - - - - - - - - - - - - - -
 
  INPUT ---        4 4 4 4 4 4 ;
  INPUT ---        4 4 4 4 4 ;
  INPUT ---        4 4 4 4 ;
  INPUT ---        4 4 4 ;
  INPUT ---        4 4 ;
  INPUT ---        4 ;

  INPUT ---    group=5 r    rows=7 cols=7 Triang ;
  INPUT ---        4 4 4 4 4 4 4 ;
  INPUT ---        4 4 4 4 4 4 ;
  INPUT ---        4 4 4 4 4 ;
  INPUT ---        4 4 4 4 ;
  INPUT ---        4 4 4 ;
  INPUT ---        4 4 ;
  INPUT ---        4 ;

  INPUT ---    group=6 r    rows=7 cols=7 Triang ;
  INPUT ---        4 4 4 4 4 4 4 ;
  INPUT ---        4 4 4 4 4 4 ;
  INPUT ---        4 4 4 4 4 ;
  INPUT ---        4 4 4 4 ;
  INPUT ---        4 4 4 ;
  INPUT ---        4 4 ;
  INPUT ---        4 ;

  INPUT ---    group=1 F    rows=6 cols=6 Triang ;
  INPUT ---        5 5 5 5 5 5 ;
  INPUT ---        5 5 5 5 5 ;
  INPUT ---        5 5 5 5 ;
  INPUT ---        5 5 5 ;
  INPUT ---        5 5 ;
  INPUT ---        5 ;

  INPUT ---    group=2 F    rows=6 cols=6 Triang ;
  INPUT ---        5 5 5 5 5 5 ;
  INPUT ---        5 5 5 5 5 ;
  INPUT ---        5 5 5 5 ;
  INPUT ---        5 5 5 ;
  INPUT ---        5 5 ;
  INPUT ---        5 ;

  INPUT ---    group=3 F    rows=6 cols=6 Triang ;
  INPUT ---        5 5 5 5 5 5 ;
  INPUT ---        5 5 5 5 5 ;
  INPUT ---        5 5 5 5 ;
  INPUT ---        5 5 5 ;

  Program  MARK  - Survival Rate Estimation with Capture-Recapture Data
   gfortran(Win64) Vers. 8.0 Jun 2014   25-Jan-2015 13:57:54    Page  006
 - - - - - - - - - - - - - - - - - - - - - - - - - - - - - - - - - - - - - -
 
  INPUT ---        5 5 ;
  INPUT ---        5 ;

  INPUT ---    group=4 F    rows=6 cols=6 Triang ;
  INPUT ---        5 5 5 5 5 5 ;
  INPUT ---        5 5 5 5 5 ;
  INPUT ---        5 5 5 5 ;
  INPUT ---        5 5 5 ;
  INPUT ---        5 5 ;
  INPUT ---        5 ;

  INPUT ---    group=5 F    rows=6 cols=6 Triang ;
  INPUT ---        5 5 5 5 5 5 ;
  INPUT ---        5 5 5 5 5 ;
  INPUT ---        5 5 5 5 ;
  INPUT ---        5 5 5 ;
  INPUT ---        5 5 ;
  INPUT ---        5 ;

  INPUT ---    group=6 F    rows=6 cols=6 Triang ;
  INPUT ---        5 5 5 5 5 5 ;
  INPUT ---        5 5 5 5 5 ;
  INPUT ---        5 5 5 5 ;
  INPUT ---        5 5 5 ;
  INPUT ---        5 5 ;
  INPUT ---        5 ;

  INPUT ---    design matrix constraints=5 covariates=5;
  INPUT ---        1 0 0 0 0;
  INPUT ---        1 1 0 0 0;
  INPUT ---        0 0 1 0 0;
  INPUT ---        0 0 0 1 0;
  INPUT ---        0 0 0 0 1;

  INPUT ---    blabel(1)=S:(Intercept);

  INPUT ---    blabel(2)=S:sex5;

  INPUT ---    blabel(3)=p:(Intercept);

  INPUT ---    blabel(4)=r:(Intercept);

  INPUT ---    blabel(5)=F:(Intercept);

  INPUT ---    rlabel(1)=S g41 c2005 c1 a0 t2005;


  Program  MARK  - Survival Rate Estimation with Capture-Recapture Data
   gfortran(Win64) Vers. 8.0 Jun 2014   25-Jan-2015 13:57:54    Page  007
 - - - - - - - - - - - - - - - - - - - - - - - - - - - - - - - - - - - - - -
 
  INPUT ---    rlabel(2)=S g51 c2005 c1 a0 t2005;

  INPUT ---    rlabel(3)=p g41 c2005 c1 a1 t2006;

  INPUT ---    rlabel(4)=r g41 c2005 c1 a0 t2005;

  INPUT ---    rlabel(5)=F g41 c2005 c1 a0 t2005;

 Link Function Used is LOGIT        

 Variance Estimation Procedure Used is 2ndPart 

 M(t+1):



 -2logL(saturated) = 1739.8188     
 Effective Sample Size = 7075

 Number of function evaluations was 49 for 5 parameters.
 Time for numerical optimization was 0.22 seconds.
 -2logL { S(~sex)p(~1)r(~1)F(~1) } = 2767.9322     
 Penalty { S(~sex)p(~1)r(~1)F(~1) } = -0.0000000    
 Gradient { S(~sex)p(~1)r(~1)F(~1) }:
  0.6555403E-03 0.3486552E-03 0.6701000E-03 0.1750468E-02 0.2427427E-05
 S Vector { S(~sex)p(~1)r(~1)F(~1) }:
   286.0838      38.87174      6.716592      4.494532     0.1727670E-06
 Time to compute number of parameters was 0.06 seconds.
   Threshold =  0.1200000E-06     Condition index =  0.6039033E-09     New Threshold =  0.3863187E-06
 New Guessimate of Estimated Parameters { S(~sex)p(~1)r(~1)F(~1) } = 4          
 Conditioned S Vector { S(~sex)p(~1)r(~1)F(~1) }:
   1.000000     0.1358753     0.2347771E-01 0.1571054E-01 0.6039033E-09
 Number of Estimated Parameters { S(~sex)p(~1)r(~1)F(~1) } = 4          
 DEVIANCE { S(~sex)p(~1)r(~1)F(~1) } = 1028.1134                     
 DEVIANCE Degrees of Freedom { S(~sex)p(~1)r(~1)F(~1) } = 11            
 c-hat { S(~sex)p(~1)r(~1)F(~1) } = 93.464857                     
 AIC { S(~sex)p(~1)r(~1)F(~1) } = 2775.9322                  
 AICc { S(~sex)p(~1)r(~1)F(~1) } = 2775.9378                    
 BIC { S(~sex)p(~1)r(~1)F(~1) } = 2803.3895                    
 Pearson Chisquare { S(~sex)p(~1)r(~1)F(~1) } = Not a Number               
 Possible Encounter Histories { S(~sex)p(~1)r(~1)F(~1) } = 896             
 Pearson Chisquare df { S(~sex)p(~1)r(~1)F(~1) } = 856        
 Pearson chat { S(~sex)p(~1)r(~1)F(~1) } = Not a Number               
 Sum(Observed/Expected) { S(~sex)p(~1)r(~1)F(~1) } = Not a Number               
 Fletcher chat { S(~sex)p(~1)r(~1)F(~1) } = Not a Number               


                  LOGIT Link Function Parameters of { S(~sex)p(~1)r(~1)F(~1) }
                                                              95% Confidence Interval
 Parameter                    Beta         Standard Error      Lower           Upper
 -------------------------  --------------  --------------  --------------  --------------
    1:S:(Intercept)         -2.6072324      0.3109511       -3.2166965      -1.9977682    
    2:S:sex5                -0.1738608      0.3891456       -0.9365862      0.5888647     
    3:p:(Intercept)         -3.4110697      0.3859595       -4.1675503      -2.6545891    
    4:r:(Intercept)         -3.1046214      0.0592379       -3.2207276      -2.9885152    
    5:F:(Intercept)         17.733722       2405.8561       -4697.7443      4733.2117     

  Program  MARK  - Survival Rate Estimation with Capture-Recapture Data
   gfortran(Win64) Vers. 8.0 Jun 2014   25-Jan-2015 13:57:54    Page  008
 - - - - - - - - - - - - - - - - - - - - - - - - - - - - - - - - - - - - - -
 


                  Real Function Parameters of { S(~sex)p(~1)r(~1)F(~1) }
                                                               95% Confidence Interval
  Parameter                  Estimate       Standard Error      Lower           Upper
 --------------------------  --------------  --------------  --------------  --------------
     1:S g41 c2005 c1 a0 t2  0.0686744       0.0198879       0.0385422       0.1194374                           
     2:S g51 c2005 c1 a0 t2  0.0583545       0.0178782       0.0317132       0.1049504                           
     3:p g41 c2005 c1 a1 t2  0.0319513       0.0119379       0.0152539       0.0657067                           
     4:r g41 c2005 c1 a0 t2  0.0429170       0.0024332       0.0383931       0.0479474                           
     5:F g41 c2005 c1 a0 t2  1.0000000       0.4782027E-004  0.4960441E-296  1.0000000                           

 Attempted ordering of parameters by estimatibility:
  4 1 3 2 5
 Beta number 5 is a singular value.

     CPU Time in seconds for last procedure was 0.30


  INPUT --- proc stop;

     CPU Time in minutes for this job was 0.00

     Time Start = 13:57:54.750   Time End = 13:57:54.864

     Wall Clock Time in minutes for this job was 0.00


          E X E C U T I O N   S U C C E S S F U L 
