
   Program  MARK  - Survival Rate Estimation with Capture-Recapture Data
   gfortran(Win64) Vers. 8.0 Jun 2014   31-Jan-2015 14:08:48    Page  001
 - - - - - - - - - - - - - - - - - - - - - - - - - - - - - - - - - - - - - -
 
   This version was compiled by GCC version 4.8.1 using the options 
   -m64 -mtune=generic -march=x86-64 -mthreads -O2 -fimplicit-none -fbounds-check -funroll-loops -ftree-vectorize -fopenmp.
   This problem will use 7 of 8 possible threads.


  INPUT --- proc title ;

     CPU Time in seconds for last procedure was 0.00


  INPUT --- proc chmatrix occasions= 7 groups= 6 etype= Both ICMeans 
  INPUT --- NoHist hist= 51 ;

  INPUT ---    time  interval 1 1 1 1 1 1 1 ;

  INPUT ---    glabel(1)=sex4.age1;

  INPUT ---    glabel(2)=sex5.age1;

  INPUT ---    glabel(3)=sex4.age2;

  INPUT ---    glabel(4)=sex5.age2;

  INPUT ---    glabel(5)=sex4.age4;

  INPUT ---    glabel(6)=sex5.age4;

   * *  WARNING  * *   At least a pair of the encounter histories are duplicates. 

      Number of unique encounter histories read was 17.

      Number of individual covariates read was 0.
      Time interval lengths are all equal to 1.

      Data type number is 3
      Data type is Joint Live and Dead Encounters (Burnham)                                                            

     CPU Time in seconds for last procedure was 0.00

  Program  MARK  - Survival Rate Estimation with Capture-Recapture Data
   gfortran(Win64) Vers. 8.0 Jun 2014   31-Jan-2015 14:08:48    Page  002
 - - - - - - - - - - - - - - - - - - - - - - - - - - - - - - - - - - - - - -
 


  INPUT --- proc estimate link=Logit NOLOOP varest=2ndPart    ;


  INPUT --- model={ S(~age + sex + time)p(~1)r(~1)F(~1) };

  INPUT ---    group=1 S    rows=7 cols=7 Triang ;
  INPUT ---        1 2 3 4 5 6 7 ;
  INPUT ---        8 9 10 11 12 13 ;
  INPUT ---        14 15 16 17 18 ;
  INPUT ---        19 20 21 22 ;
  INPUT ---        23 24 25 ;
  INPUT ---        26 27 ;
  INPUT ---        28 ;

  INPUT ---    group=2 S    rows=7 cols=7 Triang ;
  INPUT ---        29 30 31 32 33 34 35 ;
  INPUT ---        36 37 38 39 40 41 ;
  INPUT ---        42 43 44 45 46 ;
  INPUT ---        47 48 49 50 ;
  INPUT ---        51 52 53 ;
  INPUT ---        54 55 ;
  INPUT ---        56 ;

  INPUT ---    group=3 S    rows=7 cols=7 Triang ;
  INPUT ---        1 2 3 4 5 6 7 ;
  INPUT ---        8 9 10 11 12 13 ;
  INPUT ---        14 15 16 17 18 ;
  INPUT ---        19 20 21 22 ;
  INPUT ---        23 24 25 ;
  INPUT ---        26 27 ;
  INPUT ---        28 ;

  INPUT ---    group=4 S    rows=7 cols=7 Triang ;
  INPUT ---        29 30 31 32 33 34 35 ;
  INPUT ---        36 37 38 39 40 41 ;
  INPUT ---        42 43 44 45 46 ;
  INPUT ---        47 48 49 50 ;
  INPUT ---        51 52 53 ;
  INPUT ---        54 55 ;
  INPUT ---        56 ;

  INPUT ---    group=5 S    rows=7 cols=7 Triang ;
  INPUT ---        1 2 3 4 5 6 7 ;
  INPUT ---        8 9 10 11 12 13 ;

  Program  MARK  - Survival Rate Estimation with Capture-Recapture Data
   gfortran(Win64) Vers. 8.0 Jun 2014   31-Jan-2015 14:08:48    Page  003
 - - - - - - - - - - - - - - - - - - - - - - - - - - - - - - - - - - - - - -
 
  INPUT ---        14 15 16 17 18 ;
  INPUT ---        19 20 21 22 ;
  INPUT ---        23 24 25 ;
  INPUT ---        26 27 ;
  INPUT ---        28 ;

  INPUT ---    group=6 S    rows=7 cols=7 Triang ;
  INPUT ---        29 30 31 32 33 34 35 ;
  INPUT ---        36 37 38 39 40 41 ;
  INPUT ---        42 43 44 45 46 ;
  INPUT ---        47 48 49 50 ;
  INPUT ---        51 52 53 ;
  INPUT ---        54 55 ;
  INPUT ---        56 ;

  INPUT ---    group=1 p    rows=6 cols=6 Triang ;
  INPUT ---        57 57 57 57 57 57 ;
  INPUT ---        57 57 57 57 57 ;
  INPUT ---        57 57 57 57 ;
  INPUT ---        57 57 57 ;
  INPUT ---        57 57 ;
  INPUT ---        57 ;

  INPUT ---    group=2 p    rows=6 cols=6 Triang ;
  INPUT ---        57 57 57 57 57 57 ;
  INPUT ---        57 57 57 57 57 ;
  INPUT ---        57 57 57 57 ;
  INPUT ---        57 57 57 ;
  INPUT ---        57 57 ;
  INPUT ---        57 ;

  INPUT ---    group=3 p    rows=6 cols=6 Triang ;
  INPUT ---        57 57 57 57 57 57 ;
  INPUT ---        57 57 57 57 57 ;
  INPUT ---        57 57 57 57 ;
  INPUT ---        57 57 57 ;
  INPUT ---        57 57 ;
  INPUT ---        57 ;

  INPUT ---    group=4 p    rows=6 cols=6 Triang ;
  INPUT ---        57 57 57 57 57 57 ;
  INPUT ---        57 57 57 57 57 ;
  INPUT ---        57 57 57 57 ;
  INPUT ---        57 57 57 ;
  INPUT ---        57 57 ;
  INPUT ---        57 ;

  Program  MARK  - Survival Rate Estimation with Capture-Recapture Data
   gfortran(Win64) Vers. 8.0 Jun 2014   31-Jan-2015 14:08:48    Page  004
 - - - - - - - - - - - - - - - - - - - - - - - - - - - - - - - - - - - - - -
 

  INPUT ---    group=5 p    rows=6 cols=6 Triang ;
  INPUT ---        57 57 57 57 57 57 ;
  INPUT ---        57 57 57 57 57 ;
  INPUT ---        57 57 57 57 ;
  INPUT ---        57 57 57 ;
  INPUT ---        57 57 ;
  INPUT ---        57 ;

  INPUT ---    group=6 p    rows=6 cols=6 Triang ;
  INPUT ---        57 57 57 57 57 57 ;
  INPUT ---        57 57 57 57 57 ;
  INPUT ---        57 57 57 57 ;
  INPUT ---        57 57 57 ;
  INPUT ---        57 57 ;
  INPUT ---        57 ;

  INPUT ---    group=1 r    rows=7 cols=7 Triang ;
  INPUT ---        58 58 58 58 58 58 58 ;
  INPUT ---        58 58 58 58 58 58 ;
  INPUT ---        58 58 58 58 58 ;
  INPUT ---        58 58 58 58 ;
  INPUT ---        58 58 58 ;
  INPUT ---        58 58 ;
  INPUT ---        58 ;

  INPUT ---    group=2 r    rows=7 cols=7 Triang ;
  INPUT ---        58 58 58 58 58 58 58 ;
  INPUT ---        58 58 58 58 58 58 ;
  INPUT ---        58 58 58 58 58 ;
  INPUT ---        58 58 58 58 ;
  INPUT ---        58 58 58 ;
  INPUT ---        58 58 ;
  INPUT ---        58 ;

  INPUT ---    group=3 r    rows=7 cols=7 Triang ;
  INPUT ---        58 58 58 58 58 58 58 ;
  INPUT ---        58 58 58 58 58 58 ;
  INPUT ---        58 58 58 58 58 ;
  INPUT ---        58 58 58 58 ;
  INPUT ---        58 58 58 ;
  INPUT ---        58 58 ;
  INPUT ---        58 ;

  INPUT ---    group=4 r    rows=7 cols=7 Triang ;
  INPUT ---        58 58 58 58 58 58 58 ;

  Program  MARK  - Survival Rate Estimation with Capture-Recapture Data
   gfortran(Win64) Vers. 8.0 Jun 2014   31-Jan-2015 14:08:48    Page  005
 - - - - - - - - - - - - - - - - - - - - - - - - - - - - - - - - - - - - - -
 
  INPUT ---        58 58 58 58 58 58 ;
  INPUT ---        58 58 58 58 58 ;
  INPUT ---        58 58 58 58 ;
  INPUT ---        58 58 58 ;
  INPUT ---        58 58 ;
  INPUT ---        58 ;

  INPUT ---    group=5 r    rows=7 cols=7 Triang ;
  INPUT ---        58 58 58 58 58 58 58 ;
  INPUT ---        58 58 58 58 58 58 ;
  INPUT ---        58 58 58 58 58 ;
  INPUT ---        58 58 58 58 ;
  INPUT ---        58 58 58 ;
  INPUT ---        58 58 ;
  INPUT ---        58 ;

  INPUT ---    group=6 r    rows=7 cols=7 Triang ;
  INPUT ---        58 58 58 58 58 58 58 ;
  INPUT ---        58 58 58 58 58 58 ;
  INPUT ---        58 58 58 58 58 ;
  INPUT ---        58 58 58 58 ;
  INPUT ---        58 58 58 ;
  INPUT ---        58 58 ;
  INPUT ---        58 ;

  INPUT ---    group=1 F    rows=6 cols=6 Triang ;
  INPUT ---        59 59 59 59 59 59 ;
  INPUT ---        59 59 59 59 59 ;
  INPUT ---        59 59 59 59 ;
  INPUT ---        59 59 59 ;
  INPUT ---        59 59 ;
  INPUT ---        59 ;

  INPUT ---    group=2 F    rows=6 cols=6 Triang ;
  INPUT ---        59 59 59 59 59 59 ;
  INPUT ---        59 59 59 59 59 ;
  INPUT ---        59 59 59 59 ;
  INPUT ---        59 59 59 ;
  INPUT ---        59 59 ;
  INPUT ---        59 ;

  INPUT ---    group=3 F    rows=6 cols=6 Triang ;
  INPUT ---        59 59 59 59 59 59 ;
  INPUT ---        59 59 59 59 59 ;
  INPUT ---        59 59 59 59 ;
  INPUT ---        59 59 59 ;

  Program  MARK  - Survival Rate Estimation with Capture-Recapture Data
   gfortran(Win64) Vers. 8.0 Jun 2014   31-Jan-2015 14:08:48    Page  006
 - - - - - - - - - - - - - - - - - - - - - - - - - - - - - - - - - - - - - -
 
  INPUT ---        59 59 ;
  INPUT ---        59 ;

  INPUT ---    group=4 F    rows=6 cols=6 Triang ;
  INPUT ---        59 59 59 59 59 59 ;
  INPUT ---        59 59 59 59 59 ;
  INPUT ---        59 59 59 59 ;
  INPUT ---        59 59 59 ;
  INPUT ---        59 59 ;
  INPUT ---        59 ;

  INPUT ---    group=5 F    rows=6 cols=6 Triang ;
  INPUT ---        59 59 59 59 59 59 ;
  INPUT ---        59 59 59 59 59 ;
  INPUT ---        59 59 59 59 ;
  INPUT ---        59 59 59 ;
  INPUT ---        59 59 ;
  INPUT ---        59 ;

  INPUT ---    group=6 F    rows=6 cols=6 Triang ;
  INPUT ---        59 59 59 59 59 59 ;
  INPUT ---        59 59 59 59 59 ;
  INPUT ---        59 59 59 59 ;
  INPUT ---        59 59 59 ;
  INPUT ---        59 59 ;
  INPUT ---        59 ;

  INPUT ---    design matrix constraints=59 covariates=17;
  INPUT ---        1 0 0 0 0 0 0 0 0 0 0 0 0 0 0 0 0;
  INPUT ---        1 1 0 0 0 0 0 0 1 0 0 0 0 0 0 0 0;
  INPUT ---        1 0 1 0 0 0 0 0 0 1 0 0 0 0 0 0 0;
  INPUT ---        1 0 0 1 0 0 0 0 0 0 1 0 0 0 0 0 0;
  INPUT ---        1 0 0 0 1 0 0 0 0 0 0 1 0 0 0 0 0;
  INPUT ---        1 0 0 0 0 1 0 0 0 0 0 0 1 0 0 0 0;
  INPUT ---        1 0 0 0 0 0 1 0 0 0 0 0 0 1 0 0 0;
  INPUT ---        1 0 0 0 0 0 0 0 1 0 0 0 0 0 0 0 0;
  INPUT ---        1 1 0 0 0 0 0 0 0 1 0 0 0 0 0 0 0;
  INPUT ---        1 0 1 0 0 0 0 0 0 0 1 0 0 0 0 0 0;
  INPUT ---        1 0 0 1 0 0 0 0 0 0 0 1 0 0 0 0 0;
  INPUT ---        1 0 0 0 1 0 0 0 0 0 0 0 1 0 0 0 0;
  INPUT ---        1 0 0 0 0 1 0 0 0 0 0 0 0 1 0 0 0;
  INPUT ---        1 0 0 0 0 0 0 0 0 1 0 0 0 0 0 0 0;
  INPUT ---        1 1 0 0 0 0 0 0 0 0 1 0 0 0 0 0 0;
  INPUT ---        1 0 1 0 0 0 0 0 0 0 0 1 0 0 0 0 0;
  INPUT ---        1 0 0 1 0 0 0 0 0 0 0 0 1 0 0 0 0;
  INPUT ---        1 0 0 0 1 0 0 0 0 0 0 0 0 1 0 0 0;

  Program  MARK  - Survival Rate Estimation with Capture-Recapture Data
   gfortran(Win64) Vers. 8.0 Jun 2014   31-Jan-2015 14:08:48    Page  007
 - - - - - - - - - - - - - - - - - - - - - - - - - - - - - - - - - - - - - -
 
  INPUT ---        1 0 0 0 0 0 0 0 0 0 1 0 0 0 0 0 0;
  INPUT ---        1 1 0 0 0 0 0 0 0 0 0 1 0 0 0 0 0;
  INPUT ---        1 0 1 0 0 0 0 0 0 0 0 0 1 0 0 0 0;
  INPUT ---        1 0 0 1 0 0 0 0 0 0 0 0 0 1 0 0 0;
  INPUT ---        1 0 0 0 0 0 0 0 0 0 0 1 0 0 0 0 0;
  INPUT ---        1 1 0 0 0 0 0 0 0 0 0 0 1 0 0 0 0;
  INPUT ---        1 0 1 0 0 0 0 0 0 0 0 0 0 1 0 0 0;
  INPUT ---        1 0 0 0 0 0 0 0 0 0 0 0 1 0 0 0 0;
  INPUT ---        1 1 0 0 0 0 0 0 0 0 0 0 0 1 0 0 0;
  INPUT ---        1 0 0 0 0 0 0 0 0 0 0 0 0 1 0 0 0;
  INPUT ---        1 0 0 0 0 0 0 1 0 0 0 0 0 0 0 0 0;
  INPUT ---        1 1 0 0 0 0 0 1 1 0 0 0 0 0 0 0 0;
  INPUT ---        1 0 1 0 0 0 0 1 0 1 0 0 0 0 0 0 0;
  INPUT ---        1 0 0 1 0 0 0 1 0 0 1 0 0 0 0 0 0;
  INPUT ---        1 0 0 0 1 0 0 1 0 0 0 1 0 0 0 0 0;
  INPUT ---        1 0 0 0 0 1 0 1 0 0 0 0 1 0 0 0 0;
  INPUT ---        1 0 0 0 0 0 1 1 0 0 0 0 0 1 0 0 0;
  INPUT ---        1 0 0 0 0 0 0 1 1 0 0 0 0 0 0 0 0;
  INPUT ---        1 1 0 0 0 0 0 1 0 1 0 0 0 0 0 0 0;
  INPUT ---        1 0 1 0 0 0 0 1 0 0 1 0 0 0 0 0 0;
  INPUT ---        1 0 0 1 0 0 0 1 0 0 0 1 0 0 0 0 0;
  INPUT ---        1 0 0 0 1 0 0 1 0 0 0 0 1 0 0 0 0;
  INPUT ---        1 0 0 0 0 1 0 1 0 0 0 0 0 1 0 0 0;
  INPUT ---        1 0 0 0 0 0 0 1 0 1 0 0 0 0 0 0 0;
  INPUT ---        1 1 0 0 0 0 0 1 0 0 1 0 0 0 0 0 0;
  INPUT ---        1 0 1 0 0 0 0 1 0 0 0 1 0 0 0 0 0;
  INPUT ---        1 0 0 1 0 0 0 1 0 0 0 0 1 0 0 0 0;
  INPUT ---        1 0 0 0 1 0 0 1 0 0 0 0 0 1 0 0 0;
  INPUT ---        1 0 0 0 0 0 0 1 0 0 1 0 0 0 0 0 0;
  INPUT ---        1 1 0 0 0 0 0 1 0 0 0 1 0 0 0 0 0;
  INPUT ---        1 0 1 0 0 0 0 1 0 0 0 0 1 0 0 0 0;
  INPUT ---        1 0 0 1 0 0 0 1 0 0 0 0 0 1 0 0 0;
  INPUT ---        1 0 0 0 0 0 0 1 0 0 0 1 0 0 0 0 0;
  INPUT ---        1 1 0 0 0 0 0 1 0 0 0 0 1 0 0 0 0;
  INPUT ---        1 0 1 0 0 0 0 1 0 0 0 0 0 1 0 0 0;
  INPUT ---        1 0 0 0 0 0 0 1 0 0 0 0 1 0 0 0 0;
  INPUT ---        1 1 0 0 0 0 0 1 0 0 0 0 0 1 0 0 0;
  INPUT ---        1 0 0 0 0 0 0 1 0 0 0 0 0 1 0 0 0;
  INPUT ---        0 0 0 0 0 0 0 0 0 0 0 0 0 0 1 0 0;
  INPUT ---        0 0 0 0 0 0 0 0 0 0 0 0 0 0 0 1 0;
  INPUT ---        0 0 0 0 0 0 0 0 0 0 0 0 0 0 0 0 1;

  INPUT ---    blabel(1)=S:(Intercept);

  INPUT ---    blabel(2)=S:age1;


  Program  MARK  - Survival Rate Estimation with Capture-Recapture Data
   gfortran(Win64) Vers. 8.0 Jun 2014   31-Jan-2015 14:08:48    Page  008
 - - - - - - - - - - - - - - - - - - - - - - - - - - - - - - - - - - - - - -
 
  INPUT ---    blabel(3)=S:age2;

  INPUT ---    blabel(4)=S:age3;

  INPUT ---    blabel(5)=S:age4;

  INPUT ---    blabel(6)=S:age5;

  INPUT ---    blabel(7)=S:age6;

  INPUT ---    blabel(8)=S:sex5;

  INPUT ---    blabel(9)=S:time2006;

  INPUT ---    blabel(10)=S:time2007;

  INPUT ---    blabel(11)=S:time2008;

  INPUT ---    blabel(12)=S:time2009;

  INPUT ---    blabel(13)=S:time2010;

  INPUT ---    blabel(14)=S:time2011;

  INPUT ---    blabel(15)=p:(Intercept);

  INPUT ---    blabel(16)=r:(Intercept);

  INPUT ---    blabel(17)=F:(Intercept);

  INPUT ---    rlabel(1)=S g41 c2005 c1 a0 t2005;

  INPUT ---    rlabel(2)=S g41 c2005 c1 a1 t2006;

  INPUT ---    rlabel(3)=S g41 c2005 c1 a2 t2007;

  INPUT ---    rlabel(4)=S g41 c2005 c1 a3 t2008;

  INPUT ---    rlabel(5)=S g41 c2005 c1 a4 t2009;

  INPUT ---    rlabel(6)=S g41 c2005 c1 a5 t2010;

  INPUT ---    rlabel(7)=S g41 c2005 c1 a6 t2011;

  INPUT ---    rlabel(8)=S g41 c2006 c2 a0 t2006;


  Program  MARK  - Survival Rate Estimation with Capture-Recapture Data
   gfortran(Win64) Vers. 8.0 Jun 2014   31-Jan-2015 14:08:48    Page  009
 - - - - - - - - - - - - - - - - - - - - - - - - - - - - - - - - - - - - - -
 
  INPUT ---    rlabel(9)=S g41 c2006 c2 a1 t2007;

  INPUT ---    rlabel(10)=S g41 c2006 c2 a2 t2008;

  INPUT ---    rlabel(11)=S g41 c2006 c2 a3 t2009;

  INPUT ---    rlabel(12)=S g41 c2006 c2 a4 t2010;

  INPUT ---    rlabel(13)=S g41 c2006 c2 a5 t2011;

  INPUT ---    rlabel(14)=S g41 c2007 c3 a0 t2007;

  INPUT ---    rlabel(15)=S g41 c2007 c3 a1 t2008;

  INPUT ---    rlabel(16)=S g41 c2007 c3 a2 t2009;

  INPUT ---    rlabel(17)=S g41 c2007 c3 a3 t2010;

  INPUT ---    rlabel(18)=S g41 c2007 c3 a4 t2011;

  INPUT ---    rlabel(19)=S g41 c2008 c4 a0 t2008;

  INPUT ---    rlabel(20)=S g41 c2008 c4 a1 t2009;

  INPUT ---    rlabel(21)=S g41 c2008 c4 a2 t2010;

  INPUT ---    rlabel(22)=S g41 c2008 c4 a3 t2011;

  INPUT ---    rlabel(23)=S g41 c2009 c5 a0 t2009;

  INPUT ---    rlabel(24)=S g41 c2009 c5 a1 t2010;

  INPUT ---    rlabel(25)=S g41 c2009 c5 a2 t2011;

  INPUT ---    rlabel(26)=S g41 c2010 c6 a0 t2010;

  INPUT ---    rlabel(27)=S g41 c2010 c6 a1 t2011;

  INPUT ---    rlabel(28)=S g41 c2011 c7 a0 t2011;

  INPUT ---    rlabel(29)=S g51 c2005 c1 a0 t2005;

  INPUT ---    rlabel(30)=S g51 c2005 c1 a1 t2006;

  INPUT ---    rlabel(31)=S g51 c2005 c1 a2 t2007;


  Program  MARK  - Survival Rate Estimation with Capture-Recapture Data
   gfortran(Win64) Vers. 8.0 Jun 2014   31-Jan-2015 14:08:48    Page  010
 - - - - - - - - - - - - - - - - - - - - - - - - - - - - - - - - - - - - - -
 
  INPUT ---    rlabel(32)=S g51 c2005 c1 a3 t2008;

  INPUT ---    rlabel(33)=S g51 c2005 c1 a4 t2009;

  INPUT ---    rlabel(34)=S g51 c2005 c1 a5 t2010;

  INPUT ---    rlabel(35)=S g51 c2005 c1 a6 t2011;

  INPUT ---    rlabel(36)=S g51 c2006 c2 a0 t2006;

  INPUT ---    rlabel(37)=S g51 c2006 c2 a1 t2007;

  INPUT ---    rlabel(38)=S g51 c2006 c2 a2 t2008;

  INPUT ---    rlabel(39)=S g51 c2006 c2 a3 t2009;

  INPUT ---    rlabel(40)=S g51 c2006 c2 a4 t2010;

  INPUT ---    rlabel(41)=S g51 c2006 c2 a5 t2011;

  INPUT ---    rlabel(42)=S g51 c2007 c3 a0 t2007;

  INPUT ---    rlabel(43)=S g51 c2007 c3 a1 t2008;

  INPUT ---    rlabel(44)=S g51 c2007 c3 a2 t2009;

  INPUT ---    rlabel(45)=S g51 c2007 c3 a3 t2010;

  INPUT ---    rlabel(46)=S g51 c2007 c3 a4 t2011;

  INPUT ---    rlabel(47)=S g51 c2008 c4 a0 t2008;

  INPUT ---    rlabel(48)=S g51 c2008 c4 a1 t2009;

  INPUT ---    rlabel(49)=S g51 c2008 c4 a2 t2010;

  INPUT ---    rlabel(50)=S g51 c2008 c4 a3 t2011;

  INPUT ---    rlabel(51)=S g51 c2009 c5 a0 t2009;

  INPUT ---    rlabel(52)=S g51 c2009 c5 a1 t2010;

  INPUT ---    rlabel(53)=S g51 c2009 c5 a2 t2011;

  INPUT ---    rlabel(54)=S g51 c2010 c6 a0 t2010;


  Program  MARK  - Survival Rate Estimation with Capture-Recapture Data
   gfortran(Win64) Vers. 8.0 Jun 2014   31-Jan-2015 14:08:48    Page  011
 - - - - - - - - - - - - - - - - - - - - - - - - - - - - - - - - - - - - - -
 
  INPUT ---    rlabel(55)=S g51 c2010 c6 a1 t2011;

  INPUT ---    rlabel(56)=S g51 c2011 c7 a0 t2011;

  INPUT ---    rlabel(57)=p g41 c2005 c1 a1 t2006;

  INPUT ---    rlabel(58)=r g41 c2005 c1 a0 t2005;

  INPUT ---    rlabel(59)=F g41 c2005 c1 a0 t2005;

 Link Function Used is LOGIT        

 Variance Estimation Procedure Used is 2ndPart 

 M(t+1):



 -2logL(saturated) = 1739.8188     
 Effective Sample Size = 7075

 Number of function evaluations was 110 for 17 parameters.
 Time for numerical optimization was 2.18 seconds.
 -2logL { S(~age + sex + time)p(~1)r(~1)F(~1) } = 2578.5753     
 Penalty { S(~age + sex + time)p(~1)r(~1)F(~1) } = -0.0000000    
 Gradient { S(~age + sex + time)p(~1)r(~1)F(~1) }:
  0.1364861E-03-0.5175605E-05  0.000000     0.1446222E-04  0.000000    
   0.000000     0.3392315E-04 0.3853452E-04-0.2289411E-05 0.9724681E-04
  0.1328473E-04  0.000000      0.000000    -0.9354937E-06 0.3107650E-03
  0.7685820E-03-0.6444219E-05
 S Vector { S(~age + sex + time)p(~1)r(~1)F(~1) }:
   284.2927      14.88365      3.722170      1.205350      1.086039    
  0.6175268     0.9674709E-01 0.8579370E-05 0.5671901E-05 0.5542622E-05
  0.2533908E-05 0.1190255E-05 0.9353890E-06 0.6108849E-07 0.1805388E-07
  0.1467941E-07 0.1320507E-07
 Time to compute number of parameters was 0.33 seconds.
   Threshold =  0.3600000E-06     Condition index =  0.4644884E-10     New Threshold =  0.5444589E-07
 New Guessimate of Estimated Parameters { S(~age + sex + time)p(~1)r(~1)F(~1) } = 7          
 Conditioned S Vector { S(~age + sex + time)p(~1)r(~1)F(~1) }:
   1.000000     0.5235325E-01 0.1309274E-01 0.4239820E-02 0.3820144E-02
  0.2172151E-02 0.3403080E-03 0.3017794E-07 0.1995092E-07 0.1949618E-07
  0.8913024E-08 0.4186725E-08 0.3290232E-08 0.2148788E-09 0.6350453E-10
  0.5163485E-10 0.4644884E-10
 Number of Estimated Parameters { S(~age + sex + time)p(~1)r(~1)F(~1) } = 7          
 DEVIANCE { S(~age + sex + time)p(~1)r(~1)F(~1) } = 838.75657                     
 DEVIANCE Degrees of Freedom { S(~age + sex + time)p(~1)r(~1)F(~1) } = 8            
 c-hat { S(~age + sex + time)p(~1)r(~1)F(~1) } = 104.84457                     
 AIC { S(~age + sex + time)p(~1)r(~1)F(~1) } = 2592.5753                  
 AICc { S(~age + sex + time)p(~1)r(~1)F(~1) } = 2592.5912                    
 BIC { S(~age + sex + time)p(~1)r(~1)F(~1) } = 2640.6256                    
 Pearson Chisquare { S(~age + sex + time)p(~1)r(~1)F(~1) } = Not a Number               
 Possible Encounter Histories { S(~age + sex + time)p(~1)r(~1)F(~1) } = 896             
 Pearson Chisquare df { S(~age + sex + time)p(~1)r(~1)F(~1) } = 853        
 Pearson chat { S(~age + sex + time)p(~1)r(~1)F(~1) } = Not a Number               
 Sum(Observed/Expected) { S(~age + sex + time)p(~1)r(~1)F(~1) } = Not a Number               
 Fletcher chat { S(~age + sex + time)p(~1)r(~1)F(~1) } = Not a Number               


           LOGIT Link Function Parameters of { S(~age + sex + time)p(~1)r(~1)F(~1) }
                                                              95% Confidence Interval
 Parameter                    Beta         Standard Error      Lower           Upper
 -------------------------  --------------  --------------  --------------  --------------
    1:S:(Intercept)         -0.3327286      1.4502797       -3.1752769      2.5098197     

  Program  MARK  - Survival Rate Estimation with Capture-Recapture Data
   gfortran(Win64) Vers. 8.0 Jun 2014   31-Jan-2015 14:08:49    Page  012
 - - - - - - - - - - - - - - - - - - - - - - - - - - - - - - - - - - - - - -
 
    2:S:age1                51.718164       0.0000000       51.718164       51.718164     
    3:S:age2                24.367259       8255.8911       -16157.180      16205.914     
    4:S:age3                36.732573       731.25470       -1396.5267      1469.9918     
    5:S:age4                2.7844092       870.67173       -1703.7322      1709.3010     
    6:S:age5                13.769036       0.0000000       13.769036       13.769036     
    7:S:age6                -0.3405222      0.0000000       -0.3405222      -0.3405222    
    8:S:sex5                0.1801038       1.1248462       -2.0245947      2.3848024     
    9:S:time2006            -38.726146      610.54917       -1235.4026      1157.9503     
   10:S:time2007            -0.4028656      1.5649677       -3.4702024      2.6644711     
   11:S:time2008            -36.653916      731.25512       -1469.9140      1396.6061     
   12:S:time2009            29.861912       7425.5287       -14524.175      14583.898     
   13:S:time2010            34.877205       0.0000000       34.877205       34.877205     
   14:S:time2011            -47.610414      0.0000000       -47.610414      -47.610414    
   15:p:(Intercept)         -6.1702468      0.4272748       -7.0077055      -5.3327881    
   16:r:(Intercept)         -2.9641929      0.0594039       -3.0806245      -2.8477613    
   17:F:(Intercept)         13.113343       420.68072       -811.42089      837.64758     


           Real Function Parameters of { S(~age + sex + time)p(~1)r(~1)F(~1) }
                                                               95% Confidence Interval
  Parameter                  Estimate       Standard Error      Lower           Upper
 --------------------------  --------------  --------------  --------------  --------------
     1:S g41 c2005 c1 a0 t2  0.4175769       0.3527174       0.0401068       0.9248274                           
     2:S g41 c2005 c1 a1 t2  0.9999968       0.0021335       0.3102573E-298  1.0000000                           
     3:S g41 c2005 c1 a2 t2  1.0000000       0.4504664E-006  0.9999991       1.0000009                           
     4:S g41 c2005 c1 a3 t2  0.4368215       0.6577647       0.0040920       0.9932166                           
     5:S g41 c2005 c1 a4 t2  1.0000000       0.6861411E-010  1.0000000       1.0000000                           
     6:S g41 c2005 c1 a5 t2  1.0000000       0.0000000       1.0000000       1.0000000                           
     7:S g41 c2005 c1 a6 t2  0.1073175E-020  0.0000000       0.1073175E-020  0.1073175E-020                      
     8:S g41 c2006 c2 a0 t2  0.1088795E-016  0.6647600E-014  -.1301841E-013  0.1304019E-013                      
     9:S g41 c2006 c2 a1 t2  1.0000000       0.0000000       1.0000000       1.0000000                           
    10:S g41 c2006 c2 a2 t2  0.3307264E-005  0.0272997       0.3260866E-309  1.0000000                           
    11:S g41 c2006 c2 a3 t2  1.0000000       0.0000000       1.0000000       1.0000000                           
    12:S g41 c2006 c2 a4 t2  1.0000000       0.0000000       1.0000000       1.0000000                           
    13:S g41 c2006 c2 a5 t2  0.1440038E-014  0.0000000       0.1440038E-014  0.1440038E-014                      
    14:S g41 c2007 c3 a0 t2  0.3239683       0.2452618       0.0506662       0.8114277                           
    15:S g41 c2007 c3 a1 t2  0.9999996       0.2674889E-003  0.2464223E-297  1.0000000                           
    16:S g41 c2007 c3 a2 t2  1.0000000       0.0000000       1.0000000       1.0000000                           
    17:S g41 c2007 c3 a3 t2  1.0000000       0.0000000       1.0000000       1.0000000                           
    18:S g41 c2007 c3 a4 t2  0.2442368E-019  0.2005100E-016  -.3927553E-016  0.3932437E-016                      
    19:S g41 c2008 c4 a0 t2  0.8647775E-016  0.6323717E-013  -.1238584E-012  0.1240313E-012                      
    20:S g41 c2008 c4 a1 t2  1.0000000       0.0000000       1.0000000       1.0000000                           
    21:S g41 c2008 c4 a2 t2  1.0000000       0.0000000       1.0000000       1.0000000                           
    22:S g41 c2008 c4 a3 t2  0.1353023E-004  0.0090453       0.1334055E-308  1.0000000                           
    23:S g41 c2009 c5 a0 t2  1.0000000       0.1112939E-008  1.0000000       1.0000000                           
    24:S g41 c2009 c5 a1 t2  1.0000000       0.0000000       1.0000000       1.0000000                           

  Program  MARK  - Survival Rate Estimation with Capture-Recapture Data
   gfortran(Win64) Vers. 8.0 Jun 2014   31-Jan-2015 14:08:49    Page  013
 - - - - - - - - - - - - - - - - - - - - - - - - - - - - - - - - - - - - - -
 
    25:S g41 c2009 c5 a2 t2  0.5769305E-010  0.4763104E-006  -.9335108E-006  0.9336262E-006                      
    26:S g41 c2010 c6 a0 t2  1.0000000       0.0000000       1.0000000       1.0000000                           
    27:S g41 c2010 c6 a1 t2  0.9775777       0.0251639       0.8212613       0.9975886                           
    28:S g41 c2011 c7 a0 t2  0.1508543E-020  0.0000000       0.1508543E-020  0.1508543E-020                      
    29:S g51 c2005 c1 a0 t2  0.4619177       0.4691807       0.0207861       0.9720017                           
    30:S g51 c2005 c1 a1 t2  0.9999973       0.0017819       0.3714840E-298  1.0000000                           
    31:S g51 c2005 c1 a2 t2  1.0000000       0.3762227E-006  0.9999993       1.0000007                           
    32:S g51 c2005 c1 a3 t2  0.4815164       0.5625957       0.0110879       0.9871670                           
    33:S g51 c2005 c1 a4 t2  1.0000000       0.5717842E-010  1.0000000       1.0000000                           
    34:S g51 c2005 c1 a5 t2  1.0000000       0.0000000       1.0000000       1.0000000                           
    35:S g51 c2005 c1 a6 t2  0.1284958E-020  0.0000000       0.1284958E-020  0.1284958E-020                      
    36:S g51 c2006 c2 a0 t2  0.1303660E-016  0.7959476E-014  -.1558754E-013  0.1561361E-013                      
    37:S g51 c2006 c2 a1 t2  1.0000000       0.0000000       1.0000000       1.0000000                           
    38:S g51 c2006 c2 a2 t2  0.3959922E-005  0.0326870       0.3904371E-309  1.0000000                           
    39:S g51 c2006 c2 a3 t2  1.0000000       0.0000000       1.0000000       1.0000000                           
    40:S g51 c2006 c2 a4 t2  1.0000000       0.0000000       1.0000000       1.0000000                           
    41:S g51 c2006 c2 a5 t2  0.1724217E-014  0.0000000       0.1724217E-014  0.1724217E-014                      
    42:S g51 c2007 c3 a0 t2  0.3645915       0.3190836       0.0371440       0.8951180                           
    43:S g51 c2007 c3 a1 t2  0.9999997       0.2234022E-003  0.2950517E-297  1.0000000                           
    44:S g51 c2007 c3 a2 t2  1.0000000       0.0000000       1.0000000       1.0000000                           
    45:S g51 c2007 c3 a3 t2  1.0000000       0.0000000       1.0000000       1.0000000                           
    46:S g51 c2007 c3 a4 t2  0.2924349E-019  0.2400789E-016  -.4702621E-016  0.4708470E-016                      
    47:S g51 c2008 c4 a0 t2  0.1035434E-015  0.7571650E-013  -.1483008E-012  0.1485079E-012                      
    48:S g51 c2008 c4 a1 t2  1.0000000       0.0000000       1.0000000       1.0000000                           
    49:S g51 c2008 c4 a2 t2  1.0000000       0.0000000       1.0000000       1.0000000                           
    50:S g51 c2008 c4 a3 t2  0.1620027E-004  0.0108302       0.1597320E-308  1.0000000                           
    51:S g51 c2009 c5 a0 t2  1.0000000       0.9299223E-009  1.0000000       1.0000000                           
    52:S g51 c2009 c5 a1 t2  1.0000000       0.0000000       1.0000000       1.0000000                           
    53:S g51 c2009 c5 a2 t2  0.6907829E-010  0.5703062E-006  -.1117731E-005  0.1117869E-005                      
    54:S g51 c2010 c6 a0 t2  1.0000000       0.0000000       1.0000000       1.0000000                           
    55:S g51 c2010 c6 a1 t2  0.9812038       0.0218833       0.8361010       0.9981315                           
    56:S g51 c2011 c7 a0 t2  0.1806241E-020  0.0000000       0.1806241E-020  0.1806241E-020                      
    57:p g41 c2005 c1 a1 t2  0.0020864       0.8895883E-003  0.9040644E-003  0.0048074                           
    58:r g41 c2005 c1 a0 t2  0.0490700       0.0027719       0.0439136       0.0547972                           
    59:F g41 c2005 c1 a0 t2  0.9999980       0.8489819E-003  0.4885568E-298  1.0000000                           

 Attempted ordering of parameters by estimatibility:
  16 15  1  8 10 14  4  7  2 17  9 11  5  6 12 13  3
 Beta number 3 is a singular value.

     CPU Time in seconds for last procedure was 2.53

  Program  MARK  - Survival Rate Estimation with Capture-Recapture Data
   gfortran(Win64) Vers. 8.0 Jun 2014   31-Jan-2015 14:08:49    Page  014
 - - - - - - - - - - - - - - - - - - - - - - - - - - - - - - - - - - - - - -
 


  INPUT --- proc stop;

     CPU Time in minutes for this job was 0.04

     Time Start = 14:08:48.514   Time End = 14:08:49.068

     Wall Clock Time in minutes for this job was 0.01


          E X E C U T I O N   S U C C E S S F U L 
