
   Program  MARK  - Survival Rate Estimation with Capture-Recapture Data
   gfortran(Win64) Vers. 8.0 Jun 2014   25-Jan-2015 15:11:35    Page  001
 - - - - - - - - - - - - - - - - - - - - - - - - - - - - - - - - - - - - - -
 
   This version was compiled by GCC version 4.8.1 using the options 
   -m64 -mtune=generic -march=x86-64 -mthreads -O2 -fimplicit-none -fbounds-check -funroll-loops -ftree-vectorize -fopenmp.
   This problem will use 7 of 8 possible threads.


  INPUT --- proc title ;

     CPU Time in seconds for last procedure was 0.00


  INPUT --- proc chmatrix occasions= 7 groups= 6 etype= Both ICMeans 
  INPUT --- NoHist hist= 51 ;

  INPUT ---    time  interval 1 1 1 1 1 1 1 ;

  INPUT ---    glabel(1)=sex4.age1;

  INPUT ---    glabel(2)=sex5.age1;

  INPUT ---    glabel(3)=sex4.age2;

  INPUT ---    glabel(4)=sex5.age2;

  INPUT ---    glabel(5)=sex4.age4;

  INPUT ---    glabel(6)=sex5.age4;

   * *  WARNING  * *   At least a pair of the encounter histories are duplicates. 

      Number of unique encounter histories read was 17.

      Number of individual covariates read was 0.
      Time interval lengths are all equal to 1.

      Data type number is 3
      Data type is Joint Live and Dead Encounters (Burnham)                                                            

     CPU Time in seconds for last procedure was 0.00

  Program  MARK  - Survival Rate Estimation with Capture-Recapture Data
   gfortran(Win64) Vers. 8.0 Jun 2014   25-Jan-2015 15:11:35    Page  002
 - - - - - - - - - - - - - - - - - - - - - - - - - - - - - - - - - - - - - -
 


  INPUT --- proc estimate link=Logit NOLOOP varest=2ndPart    ;


  INPUT --- model={ S(~age + sex)p(~1)r(~age + sex)F(~1) };

  INPUT ---    group=1 S    rows=7 cols=7 Triang ;
  INPUT ---        1 2 3 4 5 6 7 ;
  INPUT ---        1 2 3 4 5 6 ;
  INPUT ---        1 2 3 4 5 ;
  INPUT ---        1 2 3 4 ;
  INPUT ---        1 2 3 ;
  INPUT ---        1 2 ;
  INPUT ---        1 ;

  INPUT ---    group=2 S    rows=7 cols=7 Triang ;
  INPUT ---        8 9 10 11 12 13 14 ;
  INPUT ---        8 9 10 11 12 13 ;
  INPUT ---        8 9 10 11 12 ;
  INPUT ---        8 9 10 11 ;
  INPUT ---        8 9 10 ;
  INPUT ---        8 9 ;
  INPUT ---        8 ;

  INPUT ---    group=3 S    rows=7 cols=7 Triang ;
  INPUT ---        1 2 3 4 5 6 7 ;
  INPUT ---        1 2 3 4 5 6 ;
  INPUT ---        1 2 3 4 5 ;
  INPUT ---        1 2 3 4 ;
  INPUT ---        1 2 3 ;
  INPUT ---        1 2 ;
  INPUT ---        1 ;

  INPUT ---    group=4 S    rows=7 cols=7 Triang ;
  INPUT ---        8 9 10 11 12 13 14 ;
  INPUT ---        8 9 10 11 12 13 ;
  INPUT ---        8 9 10 11 12 ;
  INPUT ---        8 9 10 11 ;
  INPUT ---        8 9 10 ;
  INPUT ---        8 9 ;
  INPUT ---        8 ;

  INPUT ---    group=5 S    rows=7 cols=7 Triang ;
  INPUT ---        1 2 3 4 5 6 7 ;
  INPUT ---        1 2 3 4 5 6 ;

  Program  MARK  - Survival Rate Estimation with Capture-Recapture Data
   gfortran(Win64) Vers. 8.0 Jun 2014   25-Jan-2015 15:11:35    Page  003
 - - - - - - - - - - - - - - - - - - - - - - - - - - - - - - - - - - - - - -
 
  INPUT ---        1 2 3 4 5 ;
  INPUT ---        1 2 3 4 ;
  INPUT ---        1 2 3 ;
  INPUT ---        1 2 ;
  INPUT ---        1 ;

  INPUT ---    group=6 S    rows=7 cols=7 Triang ;
  INPUT ---        8 9 10 11 12 13 14 ;
  INPUT ---        8 9 10 11 12 13 ;
  INPUT ---        8 9 10 11 12 ;
  INPUT ---        8 9 10 11 ;
  INPUT ---        8 9 10 ;
  INPUT ---        8 9 ;
  INPUT ---        8 ;

  INPUT ---    group=1 p    rows=6 cols=6 Triang ;
  INPUT ---        15 15 15 15 15 15 ;
  INPUT ---        15 15 15 15 15 ;
  INPUT ---        15 15 15 15 ;
  INPUT ---        15 15 15 ;
  INPUT ---        15 15 ;
  INPUT ---        15 ;

  INPUT ---    group=2 p    rows=6 cols=6 Triang ;
  INPUT ---        15 15 15 15 15 15 ;
  INPUT ---        15 15 15 15 15 ;
  INPUT ---        15 15 15 15 ;
  INPUT ---        15 15 15 ;
  INPUT ---        15 15 ;
  INPUT ---        15 ;

  INPUT ---    group=3 p    rows=6 cols=6 Triang ;
  INPUT ---        15 15 15 15 15 15 ;
  INPUT ---        15 15 15 15 15 ;
  INPUT ---        15 15 15 15 ;
  INPUT ---        15 15 15 ;
  INPUT ---        15 15 ;
  INPUT ---        15 ;

  INPUT ---    group=4 p    rows=6 cols=6 Triang ;
  INPUT ---        15 15 15 15 15 15 ;
  INPUT ---        15 15 15 15 15 ;
  INPUT ---        15 15 15 15 ;
  INPUT ---        15 15 15 ;
  INPUT ---        15 15 ;
  INPUT ---        15 ;

  Program  MARK  - Survival Rate Estimation with Capture-Recapture Data
   gfortran(Win64) Vers. 8.0 Jun 2014   25-Jan-2015 15:11:35    Page  004
 - - - - - - - - - - - - - - - - - - - - - - - - - - - - - - - - - - - - - -
 

  INPUT ---    group=5 p    rows=6 cols=6 Triang ;
  INPUT ---        15 15 15 15 15 15 ;
  INPUT ---        15 15 15 15 15 ;
  INPUT ---        15 15 15 15 ;
  INPUT ---        15 15 15 ;
  INPUT ---        15 15 ;
  INPUT ---        15 ;

  INPUT ---    group=6 p    rows=6 cols=6 Triang ;
  INPUT ---        15 15 15 15 15 15 ;
  INPUT ---        15 15 15 15 15 ;
  INPUT ---        15 15 15 15 ;
  INPUT ---        15 15 15 ;
  INPUT ---        15 15 ;
  INPUT ---        15 ;

  INPUT ---    group=1 r    rows=7 cols=7 Triang ;
  INPUT ---        16 17 18 19 20 21 22 ;
  INPUT ---        16 17 18 19 20 21 ;
  INPUT ---        16 17 18 19 20 ;
  INPUT ---        16 17 18 19 ;
  INPUT ---        16 17 18 ;
  INPUT ---        16 17 ;
  INPUT ---        16 ;

  INPUT ---    group=2 r    rows=7 cols=7 Triang ;
  INPUT ---        23 24 25 26 27 28 29 ;
  INPUT ---        23 24 25 26 27 28 ;
  INPUT ---        23 24 25 26 27 ;
  INPUT ---        23 24 25 26 ;
  INPUT ---        23 24 25 ;
  INPUT ---        23 24 ;
  INPUT ---        23 ;

  INPUT ---    group=3 r    rows=7 cols=7 Triang ;
  INPUT ---        16 17 18 19 20 21 22 ;
  INPUT ---        16 17 18 19 20 21 ;
  INPUT ---        16 17 18 19 20 ;
  INPUT ---        16 17 18 19 ;
  INPUT ---        16 17 18 ;
  INPUT ---        16 17 ;
  INPUT ---        16 ;

  INPUT ---    group=4 r    rows=7 cols=7 Triang ;
  INPUT ---        23 24 25 26 27 28 29 ;

  Program  MARK  - Survival Rate Estimation with Capture-Recapture Data
   gfortran(Win64) Vers. 8.0 Jun 2014   25-Jan-2015 15:11:35    Page  005
 - - - - - - - - - - - - - - - - - - - - - - - - - - - - - - - - - - - - - -
 
  INPUT ---        23 24 25 26 27 28 ;
  INPUT ---        23 24 25 26 27 ;
  INPUT ---        23 24 25 26 ;
  INPUT ---        23 24 25 ;
  INPUT ---        23 24 ;
  INPUT ---        23 ;

  INPUT ---    group=5 r    rows=7 cols=7 Triang ;
  INPUT ---        16 17 18 19 20 21 22 ;
  INPUT ---        16 17 18 19 20 21 ;
  INPUT ---        16 17 18 19 20 ;
  INPUT ---        16 17 18 19 ;
  INPUT ---        16 17 18 ;
  INPUT ---        16 17 ;
  INPUT ---        16 ;

  INPUT ---    group=6 r    rows=7 cols=7 Triang ;
  INPUT ---        23 24 25 26 27 28 29 ;
  INPUT ---        23 24 25 26 27 28 ;
  INPUT ---        23 24 25 26 27 ;
  INPUT ---        23 24 25 26 ;
  INPUT ---        23 24 25 ;
  INPUT ---        23 24 ;
  INPUT ---        23 ;

  INPUT ---    group=1 F    rows=6 cols=6 Triang ;
  INPUT ---        30 30 30 30 30 30 ;
  INPUT ---        30 30 30 30 30 ;
  INPUT ---        30 30 30 30 ;
  INPUT ---        30 30 30 ;
  INPUT ---        30 30 ;
  INPUT ---        30 ;

  INPUT ---    group=2 F    rows=6 cols=6 Triang ;
  INPUT ---        30 30 30 30 30 30 ;
  INPUT ---        30 30 30 30 30 ;
  INPUT ---        30 30 30 30 ;
  INPUT ---        30 30 30 ;
  INPUT ---        30 30 ;
  INPUT ---        30 ;

  INPUT ---    group=3 F    rows=6 cols=6 Triang ;
  INPUT ---        30 30 30 30 30 30 ;
  INPUT ---        30 30 30 30 30 ;
  INPUT ---        30 30 30 30 ;
  INPUT ---        30 30 30 ;

  Program  MARK  - Survival Rate Estimation with Capture-Recapture Data
   gfortran(Win64) Vers. 8.0 Jun 2014   25-Jan-2015 15:11:35    Page  006
 - - - - - - - - - - - - - - - - - - - - - - - - - - - - - - - - - - - - - -
 
  INPUT ---        30 30 ;
  INPUT ---        30 ;

  INPUT ---    group=4 F    rows=6 cols=6 Triang ;
  INPUT ---        30 30 30 30 30 30 ;
  INPUT ---        30 30 30 30 30 ;
  INPUT ---        30 30 30 30 ;
  INPUT ---        30 30 30 ;
  INPUT ---        30 30 ;
  INPUT ---        30 ;

  INPUT ---    group=5 F    rows=6 cols=6 Triang ;
  INPUT ---        30 30 30 30 30 30 ;
  INPUT ---        30 30 30 30 30 ;
  INPUT ---        30 30 30 30 ;
  INPUT ---        30 30 30 ;
  INPUT ---        30 30 ;
  INPUT ---        30 ;

  INPUT ---    group=6 F    rows=6 cols=6 Triang ;
  INPUT ---        30 30 30 30 30 30 ;
  INPUT ---        30 30 30 30 30 ;
  INPUT ---        30 30 30 30 ;
  INPUT ---        30 30 30 ;
  INPUT ---        30 30 ;
  INPUT ---        30 ;

  INPUT ---    design matrix constraints=30 covariates=18;
  INPUT ---        1 0 0 0 0 0 0 0 0 0 0 0 0 0 0 0 0 0;
  INPUT ---        1 1 0 0 0 0 0 0 0 0 0 0 0 0 0 0 0 0;
  INPUT ---        1 0 1 0 0 0 0 0 0 0 0 0 0 0 0 0 0 0;
  INPUT ---        1 0 0 1 0 0 0 0 0 0 0 0 0 0 0 0 0 0;
  INPUT ---        1 0 0 0 1 0 0 0 0 0 0 0 0 0 0 0 0 0;
  INPUT ---        1 0 0 0 0 1 0 0 0 0 0 0 0 0 0 0 0 0;
  INPUT ---        1 0 0 0 0 0 1 0 0 0 0 0 0 0 0 0 0 0;
  INPUT ---        1 0 0 0 0 0 0 1 0 0 0 0 0 0 0 0 0 0;
  INPUT ---        1 1 0 0 0 0 0 1 0 0 0 0 0 0 0 0 0 0;
  INPUT ---        1 0 1 0 0 0 0 1 0 0 0 0 0 0 0 0 0 0;
  INPUT ---        1 0 0 1 0 0 0 1 0 0 0 0 0 0 0 0 0 0;
  INPUT ---        1 0 0 0 1 0 0 1 0 0 0 0 0 0 0 0 0 0;
  INPUT ---        1 0 0 0 0 1 0 1 0 0 0 0 0 0 0 0 0 0;
  INPUT ---        1 0 0 0 0 0 1 1 0 0 0 0 0 0 0 0 0 0;
  INPUT ---        0 0 0 0 0 0 0 0 1 0 0 0 0 0 0 0 0 0;
  INPUT ---        0 0 0 0 0 0 0 0 0 1 0 0 0 0 0 0 0 0;
  INPUT ---        0 0 0 0 0 0 0 0 0 1 1 0 0 0 0 0 0 0;
  INPUT ---        0 0 0 0 0 0 0 0 0 1 0 1 0 0 0 0 0 0;

  Program  MARK  - Survival Rate Estimation with Capture-Recapture Data
   gfortran(Win64) Vers. 8.0 Jun 2014   25-Jan-2015 15:11:35    Page  007
 - - - - - - - - - - - - - - - - - - - - - - - - - - - - - - - - - - - - - -
 
  INPUT ---        0 0 0 0 0 0 0 0 0 1 0 0 1 0 0 0 0 0;
  INPUT ---        0 0 0 0 0 0 0 0 0 1 0 0 0 1 0 0 0 0;
  INPUT ---        0 0 0 0 0 0 0 0 0 1 0 0 0 0 1 0 0 0;
  INPUT ---        0 0 0 0 0 0 0 0 0 1 0 0 0 0 0 1 0 0;
  INPUT ---        0 0 0 0 0 0 0 0 0 1 0 0 0 0 0 0 1 0;
  INPUT ---        0 0 0 0 0 0 0 0 0 1 1 0 0 0 0 0 1 0;
  INPUT ---        0 0 0 0 0 0 0 0 0 1 0 1 0 0 0 0 1 0;
  INPUT ---        0 0 0 0 0 0 0 0 0 1 0 0 1 0 0 0 1 0;
  INPUT ---        0 0 0 0 0 0 0 0 0 1 0 0 0 1 0 0 1 0;
  INPUT ---        0 0 0 0 0 0 0 0 0 1 0 0 0 0 1 0 1 0;
  INPUT ---        0 0 0 0 0 0 0 0 0 1 0 0 0 0 0 1 1 0;
  INPUT ---        0 0 0 0 0 0 0 0 0 0 0 0 0 0 0 0 0 1;

  INPUT ---    blabel(1)=S:(Intercept);

  INPUT ---    blabel(2)=S:age1;

  INPUT ---    blabel(3)=S:age2;

  INPUT ---    blabel(4)=S:age3;

  INPUT ---    blabel(5)=S:age4;

  INPUT ---    blabel(6)=S:age5;

  INPUT ---    blabel(7)=S:age6;

  INPUT ---    blabel(8)=S:sex5;

  INPUT ---    blabel(9)=p:(Intercept);

  INPUT ---    blabel(10)=r:(Intercept);

  INPUT ---    blabel(11)=r:age1;

  INPUT ---    blabel(12)=r:age2;

  INPUT ---    blabel(13)=r:age3;

  INPUT ---    blabel(14)=r:age4;

  INPUT ---    blabel(15)=r:age5;

  INPUT ---    blabel(16)=r:age6;

  INPUT ---    blabel(17)=r:sex5;

  Program  MARK  - Survival Rate Estimation with Capture-Recapture Data
   gfortran(Win64) Vers. 8.0 Jun 2014   25-Jan-2015 15:11:35    Page  008
 - - - - - - - - - - - - - - - - - - - - - - - - - - - - - - - - - - - - - -
 

  INPUT ---    blabel(18)=F:(Intercept);

  INPUT ---    rlabel(1)=S g41 c2005 c1 a0 t2005;

  INPUT ---    rlabel(2)=S g41 c2005 c1 a1 t2006;

  INPUT ---    rlabel(3)=S g41 c2005 c1 a2 t2007;

  INPUT ---    rlabel(4)=S g41 c2005 c1 a3 t2008;

  INPUT ---    rlabel(5)=S g41 c2005 c1 a4 t2009;

  INPUT ---    rlabel(6)=S g41 c2005 c1 a5 t2010;

  INPUT ---    rlabel(7)=S g41 c2005 c1 a6 t2011;

  INPUT ---    rlabel(8)=S g51 c2005 c1 a0 t2005;

  INPUT ---    rlabel(9)=S g51 c2005 c1 a1 t2006;

  INPUT ---    rlabel(10)=S g51 c2005 c1 a2 t2007;

  INPUT ---    rlabel(11)=S g51 c2005 c1 a3 t2008;

  INPUT ---    rlabel(12)=S g51 c2005 c1 a4 t2009;

  INPUT ---    rlabel(13)=S g51 c2005 c1 a5 t2010;

  INPUT ---    rlabel(14)=S g51 c2005 c1 a6 t2011;

  INPUT ---    rlabel(15)=p g41 c2005 c1 a1 t2006;

  INPUT ---    rlabel(16)=r g41 c2005 c1 a0 t2005;

  INPUT ---    rlabel(17)=r g41 c2005 c1 a1 t2006;

  INPUT ---    rlabel(18)=r g41 c2005 c1 a2 t2007;

  INPUT ---    rlabel(19)=r g41 c2005 c1 a3 t2008;

  INPUT ---    rlabel(20)=r g41 c2005 c1 a4 t2009;

  INPUT ---    rlabel(21)=r g41 c2005 c1 a5 t2010;

  INPUT ---    rlabel(22)=r g41 c2005 c1 a6 t2011;

  Program  MARK  - Survival Rate Estimation with Capture-Recapture Data
   gfortran(Win64) Vers. 8.0 Jun 2014   25-Jan-2015 15:11:35    Page  009
 - - - - - - - - - - - - - - - - - - - - - - - - - - - - - - - - - - - - - -
 

  INPUT ---    rlabel(23)=r g51 c2005 c1 a0 t2005;

  INPUT ---    rlabel(24)=r g51 c2005 c1 a1 t2006;

  INPUT ---    rlabel(25)=r g51 c2005 c1 a2 t2007;

  INPUT ---    rlabel(26)=r g51 c2005 c1 a3 t2008;

  INPUT ---    rlabel(27)=r g51 c2005 c1 a4 t2009;

  INPUT ---    rlabel(28)=r g51 c2005 c1 a5 t2010;

  INPUT ---    rlabel(29)=r g51 c2005 c1 a6 t2011;

  INPUT ---    rlabel(30)=F g41 c2005 c1 a0 t2005;

 Link Function Used is LOGIT        

 Variance Estimation Procedure Used is 2ndPart 

 M(t+1):



 -2logL(saturated) = 1739.8188     
 Effective Sample Size = 7075

 Number of function evaluations was 85 for 18 parameters.
 Time for numerical optimization was 1.25 seconds.
 -2logL { S(~age + sex)p(~1)r(~age + sex)F(~1) } = 2686.9155     
 Penalty { S(~age + sex)p(~1)r(~age + sex)F(~1) } = -0.0000000    
 Gradient { S(~age + sex)p(~1)r(~age + sex)F(~1) }:
  0.5699955E-04 0.4802998E-05-0.1477964E-05-0.5630212E-05-0.1225883E-05
 -0.1140143E-05 0.5657178E-05-0.2547704E-04 0.1509672E-04-0.3494245E-04
  0.2948809E-05 0.8473719E-05  0.000000      0.000000      0.000000    
   0.000000      0.000000      0.000000    
 S Vector { S(~age + sex)p(~1)r(~age + sex)F(~1) }:
   382.2249      55.28677      22.51464      1.951314      1.008416    
  0.5359480     0.6435100E-01 0.1543691E-04 0.4106795E-05 0.2285810E-05
  0.1502830E-05 0.8880169E-06 0.6779944E-06 0.2288983E-06 0.5579665E-07
  0.4181889E-07 0.2876796E-07 0.3460990E-08
 Time to compute number of parameters was 0.39 seconds.
   Threshold =  0.3800000E-06     Condition index =  0.9054854E-11     New Threshold =  0.1468374E-07
 New Guessimate of Estimated Parameters { S(~age + sex)p(~1)r(~age + sex)F(~1) } = 8          
 Conditioned S Vector { S(~age + sex)p(~1)r(~age + sex)F(~1) }:
   1.000000     0.1446446     0.5890417E-01 0.5105148E-02 0.2638279E-02
  0.1402180E-02 0.1683590E-03 0.4038697E-07 0.1074445E-07 0.5980276E-08
  0.3931796E-08 0.2323284E-08 0.1773810E-08 0.5988576E-09 0.1459786E-09
  0.1094091E-09 0.7526448E-10 0.9054854E-11
 Number of Estimated Parameters { S(~age + sex)p(~1)r(~age + sex)F(~1) } = 7          
 DEVIANCE { S(~age + sex)p(~1)r(~age + sex)F(~1) } = 947.09673                     
 DEVIANCE Degrees of Freedom { S(~age + sex)p(~1)r(~age + sex)F(~1) } = 8            
 c-hat { S(~age + sex)p(~1)r(~age + sex)F(~1) } = 118.38709                     
 AIC { S(~age + sex)p(~1)r(~age + sex)F(~1) } = 2700.9155                  
 AICc { S(~age + sex)p(~1)r(~age + sex)F(~1) } = 2700.9313                    
 BIC { S(~age + sex)p(~1)r(~age + sex)F(~1) } = 2748.9657                    
 Pearson Chisquare { S(~age + sex)p(~1)r(~age + sex)F(~1) } = Not a Number               
 Possible Encounter Histories { S(~age + sex)p(~1)r(~age + sex)F(~1) } = 896             
 Pearson Chisquare df { S(~age + sex)p(~1)r(~age + sex)F(~1) } = 853        
 Pearson chat { S(~age + sex)p(~1)r(~age + sex)F(~1) } = Not a Number               
 Sum(Observed/Expected) { S(~age + sex)p(~1)r(~age + sex)F(~1) } = Not a Number               
 Fletcher chat { S(~age + sex)p(~1)r(~age + sex)F(~1) } = Not a Number               

  Program  MARK  - Survival Rate Estimation with Capture-Recapture Data
   gfortran(Win64) Vers. 8.0 Jun 2014   25-Jan-2015 15:11:36    Page  010
 - - - - - - - - - - - - - - - - - - - - - - - - - - - - - - - - - - - - - -
 


           LOGIT Link Function Parameters of { S(~age + sex)p(~1)r(~age + sex)F(~1) }
                                                              95% Confidence Interval
 Parameter                    Beta         Standard Error      Lower           Upper
 -------------------------  --------------  --------------  --------------  --------------
    1:S:(Intercept)         -1.3934262      2.9904111       -7.2546320      4.4677797     
    2:S:age1                8.4679896       1.0866568       6.3381422       10.597837     
    3:S:age2                29.768509       0.0000000       29.768509       29.768509     
    4:S:age3                15.153826       625.90925       -1211.6283      1241.9360     
    5:S:age4                36.095506       0.0000000       36.095506       36.095506     
    6:S:age5                38.885103       0.0000000       38.885103       38.885103     
    7:S:age6                7.0384134       0.0000000       7.0384134       7.0384134     
    8:S:sex5                -0.7849298      0.7397026       -2.2347468      0.6648872     
    9:p:(Intercept)         -5.0244519      2.4620406       -9.8500516      -0.1988522    
   10:r:(Intercept)         -2.9042539      0.6331992       -4.1453244      -1.6631834    
   11:r:age1                14.421393       0.0000000       14.421393       14.421393     
   12:r:age2                -4.3665616      0.0000000       -4.3665616      -4.3665616    
   13:r:age3                -6.3411852      0.0000000       -6.3411852      -6.3411852    
   14:r:age4                -6.7061293      0.0000000       -6.7061293      -6.7061293    
   15:r:age5                -1.4021426      0.0000000       -1.4021426      -1.4021426    
   16:r:age6                -84.103032      0.0000000       -84.103032      -84.103032    
   17:r:sex5                -0.0923581      0.3654050       -0.8085520      0.6238358     
   18:F:(Intercept)         1.6207302       1.3069220       -0.9408370      4.1822975     


           Real Function Parameters of { S(~age + sex)p(~1)r(~age + sex)F(~1) }
                                                               95% Confidence Interval
  Parameter                  Estimate       Standard Error      Lower           Upper
 --------------------------  --------------  --------------  --------------  --------------
     1:S g41 c2005 c1 a0 t2  0.1988614       0.4764189       0.7063931E-003  0.9886574                           
     2:S g41 c2005 c1 a1 t2  0.9991544       0.0023304       0.8413978       0.9999962                           
     3:S g41 c2005 c1 a2 t2  1.0000000       0.0000000       1.0000000       1.0000000                           
     4:S g41 c2005 c1 a3 t2  0.9999989       0.6613673E-003  0.9331001E-298  1.0000000                           
     5:S g41 c2005 c1 a4 t2  1.0000000       0.0000000       1.0000000       1.0000000                           
     6:S g41 c2005 c1 a5 t2  1.0000000       0.0000000       1.0000000       1.0000000                           
     7:S g41 c2005 c1 a6 t2  0.9964773       0.0000000       0.9964773       0.9964773                           
     8:S g51 c2005 c1 a0 t2  0.1017110       0.2556077       0.4702839E-003  0.9645997                           
     9:S g51 c2005 c1 a1 t2  0.9981480       0.0047756       0.7731472       0.9999883                           
    10:S g51 c2005 c1 a2 t2  1.0000000       0.0000000       1.0000000       1.0000000                           
    11:S g51 c2005 c1 a3 t2  0.9999977       0.0014499       0.4256352E-298  1.0000000                           
    12:S g51 c2005 c1 a4 t2  1.0000000       0.0000000       1.0000000       1.0000000                           
    13:S g51 c2005 c1 a5 t2  1.0000000       0.0000000       1.0000000       1.0000000                           
    14:S g51 c2005 c1 a6 t2  0.9923096       0.0000000       0.9923096       0.9923096                           
    15:p g41 c2005 c1 a1 t2  0.0065322       0.0159776       0.5274169E-004  0.4504501                           
    16:r g41 c2005 c1 a0 t2  0.0519437       0.0311822       0.0155914       0.1593351                           

  Program  MARK  - Survival Rate Estimation with Capture-Recapture Data
   gfortran(Win64) Vers. 8.0 Jun 2014   25-Jan-2015 15:11:36    Page  011
 - - - - - - - - - - - - - - - - - - - - - - - - - - - - - - - - - - - - - -
 
    17:r g41 c2005 c1 a1 t2  0.9999900       0.0000000       0.9999900       0.9999900                           
    18:r g41 c2005 c1 a2 t2  0.6950611E-003  0.0000000       0.6950611E-003  0.6950611E-003                      
    19:r g41 c2005 c1 a3 t2  0.9654169E-004  0.0000000       0.9654169E-004  0.9654169E-004                      
    20:r g41 c2005 c1 a4 t2  0.6702464E-004  0.0000000       0.6702464E-004  0.6702464E-004                      
    21:r g41 c2005 c1 a5 t2  0.0133027       0.0000000       0.0133027       0.0133027                           
    22:r g41 c2005 c1 a6 t2  0.1633865E-037  0.0000000       0.1633865E-037  0.1633865E-037                      
    23:r g51 c2005 c1 a0 t2  0.0475792       0.0140373       0.0264999       0.0839795                           
    24:r g51 c2005 c1 a1 t2  0.9999891       0.0000000       0.9999891       0.9999891                           
    25:r g51 c2005 c1 a2 t2  0.6337807E-003  0.0000000       0.6337807E-003  0.6337807E-003                      
    26:r g51 c2005 c1 a3 t2  0.8802539E-004  0.0000000       0.8802539E-004  0.8802539E-004                      
    27:r g51 c2005 c1 a4 t2  0.6111199E-004  0.0000000       0.6111199E-004  0.6111199E-004                      
    28:r g51 c2005 c1 a5 t2  0.0121434       0.0000000       0.0121434       0.0121434                           
    29:r g51 c2005 c1 a6 t2  0.1489723E-037  0.0000000       0.1489723E-037  0.1489723E-037                      
    30:F g41 c2005 c1 a0 t2  0.8348958       0.1801524       0.2807313       0.9849661                           

 Attempted ordering of parameters by estimatibility:
  10 17  9  8  2 18  1 15 12  4 14  7 11 13  6  5  3 16
 Beta number 16 is a singular value.

     CPU Time in seconds for last procedure was 1.65


  INPUT --- proc stop;

     CPU Time in minutes for this job was 0.03

     Time Start = 15:11:35.698   Time End = 15:11:36.172

     Wall Clock Time in minutes for this job was 0.01


          E X E C U T I O N   S U C C E S S F U L 
