
   Program  MARK  - Survival Rate Estimation with Capture-Recapture Data
   gfortran(Win64) Vers. 8.0 Jun 2014   31-Jan-2015 14:08:32    Page  001
 - - - - - - - - - - - - - - - - - - - - - - - - - - - - - - - - - - - - - -
 
   This version was compiled by GCC version 4.8.1 using the options 
   -m64 -mtune=generic -march=x86-64 -mthreads -O2 -fimplicit-none -fbounds-check -funroll-loops -ftree-vectorize -fopenmp.
   This problem will use 7 of 8 possible threads.


  INPUT --- proc title ;

     CPU Time in seconds for last procedure was 0.00


  INPUT --- proc chmatrix occasions= 7 groups= 6 etype= Both ICMeans 
  INPUT --- NoHist hist= 51 ;

  INPUT ---    time  interval 1 1 1 1 1 1 1 ;

  INPUT ---    glabel(1)=sex4.age1;

  INPUT ---    glabel(2)=sex5.age1;

  INPUT ---    glabel(3)=sex4.age2;

  INPUT ---    glabel(4)=sex5.age2;

  INPUT ---    glabel(5)=sex4.age4;

  INPUT ---    glabel(6)=sex5.age4;

   * *  WARNING  * *   At least a pair of the encounter histories are duplicates. 

      Number of unique encounter histories read was 17.

      Number of individual covariates read was 0.
      Time interval lengths are all equal to 1.

      Data type number is 3
      Data type is Joint Live and Dead Encounters (Burnham)                                                            

     CPU Time in seconds for last procedure was 0.00

  Program  MARK  - Survival Rate Estimation with Capture-Recapture Data
   gfortran(Win64) Vers. 8.0 Jun 2014   31-Jan-2015 14:08:32    Page  002
 - - - - - - - - - - - - - - - - - - - - - - - - - - - - - - - - - - - - - -
 


  INPUT --- proc estimate link=Logit NOLOOP varest=2ndPart    ;


  INPUT --- model={ S(~sex + time)p(~1)r(~1)F(~age) };

  INPUT ---    group=1 S    rows=7 cols=7 Triang ;
  INPUT ---        1 2 3 4 5 6 7 ;
  INPUT ---        2 3 4 5 6 7 ;
  INPUT ---        3 4 5 6 7 ;
  INPUT ---        4 5 6 7 ;
  INPUT ---        5 6 7 ;
  INPUT ---        6 7 ;
  INPUT ---        7 ;

  INPUT ---    group=2 S    rows=7 cols=7 Triang ;
  INPUT ---        8 9 10 11 12 13 14 ;
  INPUT ---        9 10 11 12 13 14 ;
  INPUT ---        10 11 12 13 14 ;
  INPUT ---        11 12 13 14 ;
  INPUT ---        12 13 14 ;
  INPUT ---        13 14 ;
  INPUT ---        14 ;

  INPUT ---    group=3 S    rows=7 cols=7 Triang ;
  INPUT ---        1 2 3 4 5 6 7 ;
  INPUT ---        2 3 4 5 6 7 ;
  INPUT ---        3 4 5 6 7 ;
  INPUT ---        4 5 6 7 ;
  INPUT ---        5 6 7 ;
  INPUT ---        6 7 ;
  INPUT ---        7 ;

  INPUT ---    group=4 S    rows=7 cols=7 Triang ;
  INPUT ---        8 9 10 11 12 13 14 ;
  INPUT ---        9 10 11 12 13 14 ;
  INPUT ---        10 11 12 13 14 ;
  INPUT ---        11 12 13 14 ;
  INPUT ---        12 13 14 ;
  INPUT ---        13 14 ;
  INPUT ---        14 ;

  INPUT ---    group=5 S    rows=7 cols=7 Triang ;
  INPUT ---        1 2 3 4 5 6 7 ;
  INPUT ---        2 3 4 5 6 7 ;

  Program  MARK  - Survival Rate Estimation with Capture-Recapture Data
   gfortran(Win64) Vers. 8.0 Jun 2014   31-Jan-2015 14:08:32    Page  003
 - - - - - - - - - - - - - - - - - - - - - - - - - - - - - - - - - - - - - -
 
  INPUT ---        3 4 5 6 7 ;
  INPUT ---        4 5 6 7 ;
  INPUT ---        5 6 7 ;
  INPUT ---        6 7 ;
  INPUT ---        7 ;

  INPUT ---    group=6 S    rows=7 cols=7 Triang ;
  INPUT ---        8 9 10 11 12 13 14 ;
  INPUT ---        9 10 11 12 13 14 ;
  INPUT ---        10 11 12 13 14 ;
  INPUT ---        11 12 13 14 ;
  INPUT ---        12 13 14 ;
  INPUT ---        13 14 ;
  INPUT ---        14 ;

  INPUT ---    group=1 p    rows=6 cols=6 Triang ;
  INPUT ---        15 15 15 15 15 15 ;
  INPUT ---        15 15 15 15 15 ;
  INPUT ---        15 15 15 15 ;
  INPUT ---        15 15 15 ;
  INPUT ---        15 15 ;
  INPUT ---        15 ;

  INPUT ---    group=2 p    rows=6 cols=6 Triang ;
  INPUT ---        15 15 15 15 15 15 ;
  INPUT ---        15 15 15 15 15 ;
  INPUT ---        15 15 15 15 ;
  INPUT ---        15 15 15 ;
  INPUT ---        15 15 ;
  INPUT ---        15 ;

  INPUT ---    group=3 p    rows=6 cols=6 Triang ;
  INPUT ---        15 15 15 15 15 15 ;
  INPUT ---        15 15 15 15 15 ;
  INPUT ---        15 15 15 15 ;
  INPUT ---        15 15 15 ;
  INPUT ---        15 15 ;
  INPUT ---        15 ;

  INPUT ---    group=4 p    rows=6 cols=6 Triang ;
  INPUT ---        15 15 15 15 15 15 ;
  INPUT ---        15 15 15 15 15 ;
  INPUT ---        15 15 15 15 ;
  INPUT ---        15 15 15 ;
  INPUT ---        15 15 ;
  INPUT ---        15 ;

  Program  MARK  - Survival Rate Estimation with Capture-Recapture Data
   gfortran(Win64) Vers. 8.0 Jun 2014   31-Jan-2015 14:08:32    Page  004
 - - - - - - - - - - - - - - - - - - - - - - - - - - - - - - - - - - - - - -
 

  INPUT ---    group=5 p    rows=6 cols=6 Triang ;
  INPUT ---        15 15 15 15 15 15 ;
  INPUT ---        15 15 15 15 15 ;
  INPUT ---        15 15 15 15 ;
  INPUT ---        15 15 15 ;
  INPUT ---        15 15 ;
  INPUT ---        15 ;

  INPUT ---    group=6 p    rows=6 cols=6 Triang ;
  INPUT ---        15 15 15 15 15 15 ;
  INPUT ---        15 15 15 15 15 ;
  INPUT ---        15 15 15 15 ;
  INPUT ---        15 15 15 ;
  INPUT ---        15 15 ;
  INPUT ---        15 ;

  INPUT ---    group=1 r    rows=7 cols=7 Triang ;
  INPUT ---        16 16 16 16 16 16 16 ;
  INPUT ---        16 16 16 16 16 16 ;
  INPUT ---        16 16 16 16 16 ;
  INPUT ---        16 16 16 16 ;
  INPUT ---        16 16 16 ;
  INPUT ---        16 16 ;
  INPUT ---        16 ;

  INPUT ---    group=2 r    rows=7 cols=7 Triang ;
  INPUT ---        16 16 16 16 16 16 16 ;
  INPUT ---        16 16 16 16 16 16 ;
  INPUT ---        16 16 16 16 16 ;
  INPUT ---        16 16 16 16 ;
  INPUT ---        16 16 16 ;
  INPUT ---        16 16 ;
  INPUT ---        16 ;

  INPUT ---    group=3 r    rows=7 cols=7 Triang ;
  INPUT ---        16 16 16 16 16 16 16 ;
  INPUT ---        16 16 16 16 16 16 ;
  INPUT ---        16 16 16 16 16 ;
  INPUT ---        16 16 16 16 ;
  INPUT ---        16 16 16 ;
  INPUT ---        16 16 ;
  INPUT ---        16 ;

  INPUT ---    group=4 r    rows=7 cols=7 Triang ;
  INPUT ---        16 16 16 16 16 16 16 ;

  Program  MARK  - Survival Rate Estimation with Capture-Recapture Data
   gfortran(Win64) Vers. 8.0 Jun 2014   31-Jan-2015 14:08:32    Page  005
 - - - - - - - - - - - - - - - - - - - - - - - - - - - - - - - - - - - - - -
 
  INPUT ---        16 16 16 16 16 16 ;
  INPUT ---        16 16 16 16 16 ;
  INPUT ---        16 16 16 16 ;
  INPUT ---        16 16 16 ;
  INPUT ---        16 16 ;
  INPUT ---        16 ;

  INPUT ---    group=5 r    rows=7 cols=7 Triang ;
  INPUT ---        16 16 16 16 16 16 16 ;
  INPUT ---        16 16 16 16 16 16 ;
  INPUT ---        16 16 16 16 16 ;
  INPUT ---        16 16 16 16 ;
  INPUT ---        16 16 16 ;
  INPUT ---        16 16 ;
  INPUT ---        16 ;

  INPUT ---    group=6 r    rows=7 cols=7 Triang ;
  INPUT ---        16 16 16 16 16 16 16 ;
  INPUT ---        16 16 16 16 16 16 ;
  INPUT ---        16 16 16 16 16 ;
  INPUT ---        16 16 16 16 ;
  INPUT ---        16 16 16 ;
  INPUT ---        16 16 ;
  INPUT ---        16 ;

  INPUT ---    group=1 F    rows=6 cols=6 Triang ;
  INPUT ---        17 18 19 20 21 22 ;
  INPUT ---        17 18 19 20 21 ;
  INPUT ---        17 18 19 20 ;
  INPUT ---        17 18 19 ;
  INPUT ---        17 18 ;
  INPUT ---        17 ;

  INPUT ---    group=2 F    rows=6 cols=6 Triang ;
  INPUT ---        17 18 19 20 21 22 ;
  INPUT ---        17 18 19 20 21 ;
  INPUT ---        17 18 19 20 ;
  INPUT ---        17 18 19 ;
  INPUT ---        17 18 ;
  INPUT ---        17 ;

  INPUT ---    group=3 F    rows=6 cols=6 Triang ;
  INPUT ---        17 18 19 20 21 22 ;
  INPUT ---        17 18 19 20 21 ;
  INPUT ---        17 18 19 20 ;
  INPUT ---        17 18 19 ;

  Program  MARK  - Survival Rate Estimation with Capture-Recapture Data
   gfortran(Win64) Vers. 8.0 Jun 2014   31-Jan-2015 14:08:32    Page  006
 - - - - - - - - - - - - - - - - - - - - - - - - - - - - - - - - - - - - - -
 
  INPUT ---        17 18 ;
  INPUT ---        17 ;

  INPUT ---    group=4 F    rows=6 cols=6 Triang ;
  INPUT ---        17 18 19 20 21 22 ;
  INPUT ---        17 18 19 20 21 ;
  INPUT ---        17 18 19 20 ;
  INPUT ---        17 18 19 ;
  INPUT ---        17 18 ;
  INPUT ---        17 ;

  INPUT ---    group=5 F    rows=6 cols=6 Triang ;
  INPUT ---        17 18 19 20 21 22 ;
  INPUT ---        17 18 19 20 21 ;
  INPUT ---        17 18 19 20 ;
  INPUT ---        17 18 19 ;
  INPUT ---        17 18 ;
  INPUT ---        17 ;

  INPUT ---    group=6 F    rows=6 cols=6 Triang ;
  INPUT ---        17 18 19 20 21 22 ;
  INPUT ---        17 18 19 20 21 ;
  INPUT ---        17 18 19 20 ;
  INPUT ---        17 18 19 ;
  INPUT ---        17 18 ;
  INPUT ---        17 ;

  INPUT ---    design matrix constraints=22 covariates=16;
  INPUT ---        1 0 0 0 0 0 0 0 0 0 0 0 0 0 0 0;
  INPUT ---        1 0 1 0 0 0 0 0 0 0 0 0 0 0 0 0;
  INPUT ---        1 0 0 1 0 0 0 0 0 0 0 0 0 0 0 0;
  INPUT ---        1 0 0 0 1 0 0 0 0 0 0 0 0 0 0 0;
  INPUT ---        1 0 0 0 0 1 0 0 0 0 0 0 0 0 0 0;
  INPUT ---        1 0 0 0 0 0 1 0 0 0 0 0 0 0 0 0;
  INPUT ---        1 0 0 0 0 0 0 1 0 0 0 0 0 0 0 0;
  INPUT ---        1 1 0 0 0 0 0 0 0 0 0 0 0 0 0 0;
  INPUT ---        1 1 1 0 0 0 0 0 0 0 0 0 0 0 0 0;
  INPUT ---        1 1 0 1 0 0 0 0 0 0 0 0 0 0 0 0;
  INPUT ---        1 1 0 0 1 0 0 0 0 0 0 0 0 0 0 0;
  INPUT ---        1 1 0 0 0 1 0 0 0 0 0 0 0 0 0 0;
  INPUT ---        1 1 0 0 0 0 1 0 0 0 0 0 0 0 0 0;
  INPUT ---        1 1 0 0 0 0 0 1 0 0 0 0 0 0 0 0;
  INPUT ---        0 0 0 0 0 0 0 0 1 0 0 0 0 0 0 0;
  INPUT ---        0 0 0 0 0 0 0 0 0 1 0 0 0 0 0 0;
  INPUT ---        0 0 0 0 0 0 0 0 0 0 1 0 0 0 0 0;
  INPUT ---        0 0 0 0 0 0 0 0 0 0 1 1 0 0 0 0;

  Program  MARK  - Survival Rate Estimation with Capture-Recapture Data
   gfortran(Win64) Vers. 8.0 Jun 2014   31-Jan-2015 14:08:32    Page  007
 - - - - - - - - - - - - - - - - - - - - - - - - - - - - - - - - - - - - - -
 
  INPUT ---        0 0 0 0 0 0 0 0 0 0 1 0 1 0 0 0;
  INPUT ---        0 0 0 0 0 0 0 0 0 0 1 0 0 1 0 0;
  INPUT ---        0 0 0 0 0 0 0 0 0 0 1 0 0 0 1 0;
  INPUT ---        0 0 0 0 0 0 0 0 0 0 1 0 0 0 0 1;

  INPUT ---    blabel(1)=S:(Intercept);

  INPUT ---    blabel(2)=S:sex5;

  INPUT ---    blabel(3)=S:time2006;

  INPUT ---    blabel(4)=S:time2007;

  INPUT ---    blabel(5)=S:time2008;

  INPUT ---    blabel(6)=S:time2009;

  INPUT ---    blabel(7)=S:time2010;

  INPUT ---    blabel(8)=S:time2011;

  INPUT ---    blabel(9)=p:(Intercept);

  INPUT ---    blabel(10)=r:(Intercept);

  INPUT ---    blabel(11)=F:(Intercept);

  INPUT ---    blabel(12)=F:age1;

  INPUT ---    blabel(13)=F:age2;

  INPUT ---    blabel(14)=F:age3;

  INPUT ---    blabel(15)=F:age4;

  INPUT ---    blabel(16)=F:age5;

  INPUT ---    rlabel(1)=S g41 c2005 c1 a0 t2005;

  INPUT ---    rlabel(2)=S g41 c2005 c1 a1 t2006;

  INPUT ---    rlabel(3)=S g41 c2005 c1 a2 t2007;

  INPUT ---    rlabel(4)=S g41 c2005 c1 a3 t2008;

  INPUT ---    rlabel(5)=S g41 c2005 c1 a4 t2009;

  Program  MARK  - Survival Rate Estimation with Capture-Recapture Data
   gfortran(Win64) Vers. 8.0 Jun 2014   31-Jan-2015 14:08:32    Page  008
 - - - - - - - - - - - - - - - - - - - - - - - - - - - - - - - - - - - - - -
 

  INPUT ---    rlabel(6)=S g41 c2005 c1 a5 t2010;

  INPUT ---    rlabel(7)=S g41 c2005 c1 a6 t2011;

  INPUT ---    rlabel(8)=S g51 c2005 c1 a0 t2005;

  INPUT ---    rlabel(9)=S g51 c2005 c1 a1 t2006;

  INPUT ---    rlabel(10)=S g51 c2005 c1 a2 t2007;

  INPUT ---    rlabel(11)=S g51 c2005 c1 a3 t2008;

  INPUT ---    rlabel(12)=S g51 c2005 c1 a4 t2009;

  INPUT ---    rlabel(13)=S g51 c2005 c1 a5 t2010;

  INPUT ---    rlabel(14)=S g51 c2005 c1 a6 t2011;

  INPUT ---    rlabel(15)=p g41 c2005 c1 a1 t2006;

  INPUT ---    rlabel(16)=r g41 c2005 c1 a0 t2005;

  INPUT ---    rlabel(17)=F g41 c2005 c1 a0 t2005;

  INPUT ---    rlabel(18)=F g41 c2005 c1 a1 t2006;

  INPUT ---    rlabel(19)=F g41 c2005 c1 a2 t2007;

  INPUT ---    rlabel(20)=F g41 c2005 c1 a3 t2008;

  INPUT ---    rlabel(21)=F g41 c2005 c1 a4 t2009;

  INPUT ---    rlabel(22)=F g41 c2005 c1 a5 t2010;

 Link Function Used is LOGIT        

 Variance Estimation Procedure Used is 2ndPart 

 M(t+1):



 -2logL(saturated) = 1739.8188     
 Effective Sample Size = 7075

 Number of function evaluations was 114 for 16 parameters.
 Time for numerical optimization was 2.32 seconds.

  Program  MARK  - Survival Rate Estimation with Capture-Recapture Data
   gfortran(Win64) Vers. 8.0 Jun 2014   31-Jan-2015 14:08:33    Page  009
 - - - - - - - - - - - - - - - - - - - - - - - - - - - - - - - - - - - - - -
 
 -2logL { S(~sex + time)p(~1)r(~1)F(~age) } = 2669.3754     
 Penalty { S(~sex + time)p(~1)r(~1)F(~age) } = -0.0000000    
 Gradient { S(~sex + time)p(~1)r(~1)F(~age) }:
 -0.2923773E-03-0.7668245E-03-0.1519123E-03-0.2936294E-06-0.1244138E-03
 -0.1917736E-04  0.000000     0.2178697E-05-0.1608153E-02-0.2881550E-02
 -0.1499512E-04  0.000000      0.000000      0.000000      0.000000    
   0.000000    
 S Vector { S(~sex + time)p(~1)r(~1)F(~age) }:
   286.3410      14.82818      2.953046     0.8216121     0.5949883    
  0.1619117E-03 0.9212559E-05 0.6536766E-05 0.1066567E-05 0.1960708E-06
  0.1459803E-07 0.4252543E-08 0.5004979E-09 0.3437018E-09 0.2464184E-09
  0.1643360E-10
 Time to compute number of parameters was 0.30 seconds.
   Threshold =  0.3400000E-06     Condition index =  0.5739172E-13     New Threshold =  0.6573441E-10
 New Guessimate of Estimated Parameters { S(~sex + time)p(~1)r(~1)F(~age) } = 10          
 Conditioned S Vector { S(~sex + time)p(~1)r(~1)F(~age) }:
   1.000000     0.5178505E-01 0.1031304E-01 0.2869348E-02 0.2077901E-02
  0.5654506E-06 0.3217338E-07 0.2282861E-07 0.3724813E-08 0.6847458E-09
  0.5098126E-10 0.1485132E-10 0.1747908E-11 0.1200323E-11 0.8605767E-12
  0.5739172E-13
 Number of Estimated Parameters { S(~sex + time)p(~1)r(~1)F(~age) } = 6          
 DEVIANCE { S(~sex + time)p(~1)r(~1)F(~age) } = 929.55667                     
 DEVIANCE Degrees of Freedom { S(~sex + time)p(~1)r(~1)F(~age) } = 9            
 c-hat { S(~sex + time)p(~1)r(~1)F(~age) } = 103.28407                     
 AIC { S(~sex + time)p(~1)r(~1)F(~age) } = 2681.3754                  
 AICc { S(~sex + time)p(~1)r(~1)F(~age) } = 2681.3873                    
 BIC { S(~sex + time)p(~1)r(~1)F(~age) } = 2722.5614                    
 Pearson Chisquare { S(~sex + time)p(~1)r(~1)F(~age) } = Not a Number               
 Possible Encounter Histories { S(~sex + time)p(~1)r(~1)F(~age) } = 896             
 Pearson Chisquare df { S(~sex + time)p(~1)r(~1)F(~age) } = 854        
 Pearson chat { S(~sex + time)p(~1)r(~1)F(~age) } = Not a Number               
 Sum(Observed/Expected) { S(~sex + time)p(~1)r(~1)F(~age) } = Not a Number               
 Fletcher chat { S(~sex + time)p(~1)r(~1)F(~age) } = Not a Number               


             LOGIT Link Function Parameters of { S(~sex + time)p(~1)r(~1)F(~age) }
                                                              95% Confidence Interval
 Parameter                    Beta         Standard Error      Lower           Upper
 -------------------------  --------------  --------------  --------------  --------------
    1:S:(Intercept)         168.22146       45.909396       78.239044       258.20388     
    2:S:sex5                0.1267505       1.1525144       -2.1321778      2.3856789     
    3:S:time2006            -168.43135      45.920360       -258.43526      -78.427443    
    4:S:time2007            -153.87120      2258.3610       -4580.2589      4272.5165     
    5:S:time2008            -169.32864      45.914410       -259.32088      -79.336395    
    6:S:time2009            -155.50394      329.27853       -800.88987      489.88200     
    7:S:time2010            -56.365551      2397.0264       -4754.5375      4641.8064     
    8:S:time2011            -186.85205      968.27984       -2084.6806      1710.9765     
    9:p:(Intercept)         -6.5218455      0.3898777       -7.2860058      -5.7576852    
   10:r:(Intercept)         -3.1189312      0.0590960       -3.2347594      -3.0031030    
   11:F:(Intercept)         8.0979045       391.13091       -758.51869      774.71449     
   12:F:age1                32.267684       7917.9504       -15486.915      15551.451     
   13:F:age2                151.79830       222.88239       -285.05120      588.64779     
   14:F:age3                191.10434       87.465562       19.671838       362.53685     
   15:F:age4                224.77666       73.564233       80.590758       368.96256     
   16:F:age5                246.53158       0.1511227       246.23538       246.82778     


             Real Function Parameters of { S(~sex + time)p(~1)r(~1)F(~age) }
                                                               95% Confidence Interval
  Parameter                  Estimate       Standard Error      Lower           Upper
 --------------------------  --------------  --------------  --------------  --------------

  Program  MARK  - Survival Rate Estimation with Capture-Recapture Data
   gfortran(Win64) Vers. 8.0 Jun 2014   31-Jan-2015 14:08:33    Page  010
 - - - - - - - - - - - - - - - - - - - - - - - - - - - - - - - - - - - - - -
 
     1:S g41 c2005 c1 a0 t2  1.0000000       0.0000000       1.0000000       1.0000000                           
     2:S g41 c2005 c1 a1 t2  0.4477199       0.3180572       0.0611676       0.9098040                           
     3:S g41 c2005 c1 a2 t2  0.9999994       0.0013227       0.1683078E-297  1.0000000                           
     4:S g41 c2005 c1 a3 t2  0.2483976       0.2095854       0.0353156       0.7489691                           
     5:S g41 c2005 c1 a4 t2  0.9999970       0.9775704E-003  0.9393377E-272  1.0000000                           
     6:S g41 c2005 c1 a5 t2  1.0000000       0.0000000       1.0000000       1.0000000                           
     7:S g41 c2005 c1 a6 t2  0.8106567E-008  0.7840648E-005  -.1535956E-004  0.1537578E-004                      
     8:S g51 c2005 c1 a0 t2  1.0000000       0.0000000       1.0000000       1.0000000                           
     9:S g51 c2005 c1 a1 t2  0.4792277       0.3760388       0.0458092       0.9463487                           
    10:S g51 c2005 c1 a2 t2  0.9999995       0.0011652       0.1910519E-297  1.0000000                           
    11:S g51 c2005 c1 a3 t2  0.2728072       0.2027189       0.0481879       0.7354413                           
    12:S g51 c2005 c1 a4 t2  0.9999974       0.8611957E-003  0.1065387E-271  1.0000000                           
    13:S g51 c2005 c1 a5 t2  1.0000000       0.0000000       1.0000000       1.0000000                           
    14:S g51 c2005 c1 a6 t2  0.9202038E-008  0.8900183E-005  -.1743516E-004  0.1745356E-004                      
    15:p g41 c2005 c1 a1 t2  0.0014688       0.5718079E-003  0.6845898E-003  0.0031485                           
    16:r g41 c2005 c1 a0 t2  0.0423331       0.0023958       0.0378784       0.0472859                           
    17:F g41 c2005 c1 a0 t2  0.9996959       0.1189002       0.3241439E-300  1.0000000                           
    18:F g41 c2005 c1 a1 t2  1.0000000       0.0000000       1.0000000       1.0000000                           
    19:F g41 c2005 c1 a2 t2  1.0000000       0.0000000       1.0000000       1.0000000                           
    20:F g41 c2005 c1 a3 t2  1.0000000       0.0000000       1.0000000       1.0000000                           
    21:F g41 c2005 c1 a4 t2  1.0000000       0.0000000       1.0000000       1.0000000                           
    22:F g41 c2005 c1 a5 t2  1.0000000       0.0000000       1.0000000       1.0000000                           

 Attempted ordering of parameters by estimatibility:
  10  9  1  2  5  3  6 11  8  4 12  7 14 15 16 13
 Beta number 13 is a singular value.

     CPU Time in seconds for last procedure was 2.62

  Program  MARK  - Survival Rate Estimation with Capture-Recapture Data
   gfortran(Win64) Vers. 8.0 Jun 2014   31-Jan-2015 14:08:33    Page  011
 - - - - - - - - - - - - - - - - - - - - - - - - - - - - - - - - - - - - - -
 


  INPUT --- proc stop;

     CPU Time in minutes for this job was 0.04

     Time Start = 14:08:32.684   Time End = 14:08:33.300

     Wall Clock Time in minutes for this job was 0.01


          E X E C U T I O N   S U C C E S S F U L 
