
   Program  MARK  - Survival Rate Estimation with Capture-Recapture Data
   gfortran(Win64) Vers. 8.0 Jun 2014   31-Jan-2015 13:37:41    Page  001
 - - - - - - - - - - - - - - - - - - - - - - - - - - - - - - - - - - - - - -
 
   This version was compiled by GCC version 4.8.1 using the options 
   -m64 -mtune=generic -march=x86-64 -mthreads -O2 -fimplicit-none -fbounds-check -funroll-loops -ftree-vectorize -fopenmp.
   This problem will use 7 of 8 possible threads.


  INPUT --- proc title ;

     CPU Time in seconds for last procedure was 0.00


  INPUT --- proc chmatrix occasions= 7 groups= 6 etype= Both ICMeans 
  INPUT --- NoHist hist= 51 ;

  INPUT ---    time  interval 1 1 1 1 1 1 1 ;

  INPUT ---    glabel(1)=sex4.age1;

  INPUT ---    glabel(2)=sex5.age1;

  INPUT ---    glabel(3)=sex4.age2;

  INPUT ---    glabel(4)=sex5.age2;

  INPUT ---    glabel(5)=sex4.age4;

  INPUT ---    glabel(6)=sex5.age4;

   * *  WARNING  * *   At least a pair of the encounter histories are duplicates. 

      Number of unique encounter histories read was 17.

      Number of individual covariates read was 0.
      Time interval lengths are all equal to 1.

      Data type number is 3
      Data type is Joint Live and Dead Encounters (Burnham)                                                            

     CPU Time in seconds for last procedure was 0.02

  Program  MARK  - Survival Rate Estimation with Capture-Recapture Data
   gfortran(Win64) Vers. 8.0 Jun 2014   31-Jan-2015 13:37:41    Page  002
 - - - - - - - - - - - - - - - - - - - - - - - - - - - - - - - - - - - - - -
 


  INPUT --- proc estimate link=Logit NOLOOP varest=2ndPart    ;


  INPUT --- model={ S(~sex)p(~1)r(~1)F(~age) };

  INPUT ---    group=1 S    rows=7 cols=7 Triang ;
  INPUT ---        1 1 1 1 1 1 1 ;
  INPUT ---        1 1 1 1 1 1 ;
  INPUT ---        1 1 1 1 1 ;
  INPUT ---        1 1 1 1 ;
  INPUT ---        1 1 1 ;
  INPUT ---        1 1 ;
  INPUT ---        1 ;

  INPUT ---    group=2 S    rows=7 cols=7 Triang ;
  INPUT ---        2 2 2 2 2 2 2 ;
  INPUT ---        2 2 2 2 2 2 ;
  INPUT ---        2 2 2 2 2 ;
  INPUT ---        2 2 2 2 ;
  INPUT ---        2 2 2 ;
  INPUT ---        2 2 ;
  INPUT ---        2 ;

  INPUT ---    group=3 S    rows=7 cols=7 Triang ;
  INPUT ---        1 1 1 1 1 1 1 ;
  INPUT ---        1 1 1 1 1 1 ;
  INPUT ---        1 1 1 1 1 ;
  INPUT ---        1 1 1 1 ;
  INPUT ---        1 1 1 ;
  INPUT ---        1 1 ;
  INPUT ---        1 ;

  INPUT ---    group=4 S    rows=7 cols=7 Triang ;
  INPUT ---        2 2 2 2 2 2 2 ;
  INPUT ---        2 2 2 2 2 2 ;
  INPUT ---        2 2 2 2 2 ;
  INPUT ---        2 2 2 2 ;
  INPUT ---        2 2 2 ;
  INPUT ---        2 2 ;
  INPUT ---        2 ;

  INPUT ---    group=5 S    rows=7 cols=7 Triang ;
  INPUT ---        1 1 1 1 1 1 1 ;
  INPUT ---        1 1 1 1 1 1 ;

  Program  MARK  - Survival Rate Estimation with Capture-Recapture Data
   gfortran(Win64) Vers. 8.0 Jun 2014   31-Jan-2015 13:37:41    Page  003
 - - - - - - - - - - - - - - - - - - - - - - - - - - - - - - - - - - - - - -
 
  INPUT ---        1 1 1 1 1 ;
  INPUT ---        1 1 1 1 ;
  INPUT ---        1 1 1 ;
  INPUT ---        1 1 ;
  INPUT ---        1 ;

  INPUT ---    group=6 S    rows=7 cols=7 Triang ;
  INPUT ---        2 2 2 2 2 2 2 ;
  INPUT ---        2 2 2 2 2 2 ;
  INPUT ---        2 2 2 2 2 ;
  INPUT ---        2 2 2 2 ;
  INPUT ---        2 2 2 ;
  INPUT ---        2 2 ;
  INPUT ---        2 ;

  INPUT ---    group=1 p    rows=6 cols=6 Triang ;
  INPUT ---        3 3 3 3 3 3 ;
  INPUT ---        3 3 3 3 3 ;
  INPUT ---        3 3 3 3 ;
  INPUT ---        3 3 3 ;
  INPUT ---        3 3 ;
  INPUT ---        3 ;

  INPUT ---    group=2 p    rows=6 cols=6 Triang ;
  INPUT ---        3 3 3 3 3 3 ;
  INPUT ---        3 3 3 3 3 ;
  INPUT ---        3 3 3 3 ;
  INPUT ---        3 3 3 ;
  INPUT ---        3 3 ;
  INPUT ---        3 ;

  INPUT ---    group=3 p    rows=6 cols=6 Triang ;
  INPUT ---        3 3 3 3 3 3 ;
  INPUT ---        3 3 3 3 3 ;
  INPUT ---        3 3 3 3 ;
  INPUT ---        3 3 3 ;
  INPUT ---        3 3 ;
  INPUT ---        3 ;

  INPUT ---    group=4 p    rows=6 cols=6 Triang ;
  INPUT ---        3 3 3 3 3 3 ;
  INPUT ---        3 3 3 3 3 ;
  INPUT ---        3 3 3 3 ;
  INPUT ---        3 3 3 ;
  INPUT ---        3 3 ;
  INPUT ---        3 ;

  Program  MARK  - Survival Rate Estimation with Capture-Recapture Data
   gfortran(Win64) Vers. 8.0 Jun 2014   31-Jan-2015 13:37:41    Page  004
 - - - - - - - - - - - - - - - - - - - - - - - - - - - - - - - - - - - - - -
 

  INPUT ---    group=5 p    rows=6 cols=6 Triang ;
  INPUT ---        3 3 3 3 3 3 ;
  INPUT ---        3 3 3 3 3 ;
  INPUT ---        3 3 3 3 ;
  INPUT ---        3 3 3 ;
  INPUT ---        3 3 ;
  INPUT ---        3 ;

  INPUT ---    group=6 p    rows=6 cols=6 Triang ;
  INPUT ---        3 3 3 3 3 3 ;
  INPUT ---        3 3 3 3 3 ;
  INPUT ---        3 3 3 3 ;
  INPUT ---        3 3 3 ;
  INPUT ---        3 3 ;
  INPUT ---        3 ;

  INPUT ---    group=1 r    rows=7 cols=7 Triang ;
  INPUT ---        4 4 4 4 4 4 4 ;
  INPUT ---        4 4 4 4 4 4 ;
  INPUT ---        4 4 4 4 4 ;
  INPUT ---        4 4 4 4 ;
  INPUT ---        4 4 4 ;
  INPUT ---        4 4 ;
  INPUT ---        4 ;

  INPUT ---    group=2 r    rows=7 cols=7 Triang ;
  INPUT ---        4 4 4 4 4 4 4 ;
  INPUT ---        4 4 4 4 4 4 ;
  INPUT ---        4 4 4 4 4 ;
  INPUT ---        4 4 4 4 ;
  INPUT ---        4 4 4 ;
  INPUT ---        4 4 ;
  INPUT ---        4 ;

  INPUT ---    group=3 r    rows=7 cols=7 Triang ;
  INPUT ---        4 4 4 4 4 4 4 ;
  INPUT ---        4 4 4 4 4 4 ;
  INPUT ---        4 4 4 4 4 ;
  INPUT ---        4 4 4 4 ;
  INPUT ---        4 4 4 ;
  INPUT ---        4 4 ;
  INPUT ---        4 ;

  INPUT ---    group=4 r    rows=7 cols=7 Triang ;
  INPUT ---        4 4 4 4 4 4 4 ;

  Program  MARK  - Survival Rate Estimation with Capture-Recapture Data
   gfortran(Win64) Vers. 8.0 Jun 2014   31-Jan-2015 13:37:41    Page  005
 - - - - - - - - - - - - - - - - - - - - - - - - - - - - - - - - - - - - - -
 
  INPUT ---        4 4 4 4 4 4 ;
  INPUT ---        4 4 4 4 4 ;
  INPUT ---        4 4 4 4 ;
  INPUT ---        4 4 4 ;
  INPUT ---        4 4 ;
  INPUT ---        4 ;

  INPUT ---    group=5 r    rows=7 cols=7 Triang ;
  INPUT ---        4 4 4 4 4 4 4 ;
  INPUT ---        4 4 4 4 4 4 ;
  INPUT ---        4 4 4 4 4 ;
  INPUT ---        4 4 4 4 ;
  INPUT ---        4 4 4 ;
  INPUT ---        4 4 ;
  INPUT ---        4 ;

  INPUT ---    group=6 r    rows=7 cols=7 Triang ;
  INPUT ---        4 4 4 4 4 4 4 ;
  INPUT ---        4 4 4 4 4 4 ;
  INPUT ---        4 4 4 4 4 ;
  INPUT ---        4 4 4 4 ;
  INPUT ---        4 4 4 ;
  INPUT ---        4 4 ;
  INPUT ---        4 ;

  INPUT ---    group=1 F    rows=6 cols=6 Triang ;
  INPUT ---        5 6 7 8 9 10 ;
  INPUT ---        5 6 7 8 9 ;
  INPUT ---        5 6 7 8 ;
  INPUT ---        5 6 7 ;
  INPUT ---        5 6 ;
  INPUT ---        5 ;

  INPUT ---    group=2 F    rows=6 cols=6 Triang ;
  INPUT ---        5 6 7 8 9 10 ;
  INPUT ---        5 6 7 8 9 ;
  INPUT ---        5 6 7 8 ;
  INPUT ---        5 6 7 ;
  INPUT ---        5 6 ;
  INPUT ---        5 ;

  INPUT ---    group=3 F    rows=6 cols=6 Triang ;
  INPUT ---        5 6 7 8 9 10 ;
  INPUT ---        5 6 7 8 9 ;
  INPUT ---        5 6 7 8 ;
  INPUT ---        5 6 7 ;

  Program  MARK  - Survival Rate Estimation with Capture-Recapture Data
   gfortran(Win64) Vers. 8.0 Jun 2014   31-Jan-2015 13:37:41    Page  006
 - - - - - - - - - - - - - - - - - - - - - - - - - - - - - - - - - - - - - -
 
  INPUT ---        5 6 ;
  INPUT ---        5 ;

  INPUT ---    group=4 F    rows=6 cols=6 Triang ;
  INPUT ---        5 6 7 8 9 10 ;
  INPUT ---        5 6 7 8 9 ;
  INPUT ---        5 6 7 8 ;
  INPUT ---        5 6 7 ;
  INPUT ---        5 6 ;
  INPUT ---        5 ;

  INPUT ---    group=5 F    rows=6 cols=6 Triang ;
  INPUT ---        5 6 7 8 9 10 ;
  INPUT ---        5 6 7 8 9 ;
  INPUT ---        5 6 7 8 ;
  INPUT ---        5 6 7 ;
  INPUT ---        5 6 ;
  INPUT ---        5 ;

  INPUT ---    group=6 F    rows=6 cols=6 Triang ;
  INPUT ---        5 6 7 8 9 10 ;
  INPUT ---        5 6 7 8 9 ;
  INPUT ---        5 6 7 8 ;
  INPUT ---        5 6 7 ;
  INPUT ---        5 6 ;
  INPUT ---        5 ;

  INPUT ---    design matrix constraints=10 covariates=10;
  INPUT ---        1 0 0 0 0 0 0 0 0 0;
  INPUT ---        1 1 0 0 0 0 0 0 0 0;
  INPUT ---        0 0 1 0 0 0 0 0 0 0;
  INPUT ---        0 0 0 1 0 0 0 0 0 0;
  INPUT ---        0 0 0 0 1 0 0 0 0 0;
  INPUT ---        0 0 0 0 1 1 0 0 0 0;
  INPUT ---        0 0 0 0 1 0 1 0 0 0;
  INPUT ---        0 0 0 0 1 0 0 1 0 0;
  INPUT ---        0 0 0 0 1 0 0 0 1 0;
  INPUT ---        0 0 0 0 1 0 0 0 0 1;

  INPUT ---    blabel(1)=S:(Intercept);

  INPUT ---    blabel(2)=S:sex5;

  INPUT ---    blabel(3)=p:(Intercept);

  INPUT ---    blabel(4)=r:(Intercept);

  Program  MARK  - Survival Rate Estimation with Capture-Recapture Data
   gfortran(Win64) Vers. 8.0 Jun 2014   31-Jan-2015 13:37:41    Page  007
 - - - - - - - - - - - - - - - - - - - - - - - - - - - - - - - - - - - - - -
 

  INPUT ---    blabel(5)=F:(Intercept);

  INPUT ---    blabel(6)=F:age1;

  INPUT ---    blabel(7)=F:age2;

  INPUT ---    blabel(8)=F:age3;

  INPUT ---    blabel(9)=F:age4;

  INPUT ---    blabel(10)=F:age5;

  INPUT ---    rlabel(1)=S g41 c2005 c1 a0 t2005;

  INPUT ---    rlabel(2)=S g51 c2005 c1 a0 t2005;

  INPUT ---    rlabel(3)=p g41 c2005 c1 a1 t2006;

  INPUT ---    rlabel(4)=r g41 c2005 c1 a0 t2005;

  INPUT ---    rlabel(5)=F g41 c2005 c1 a0 t2005;

  INPUT ---    rlabel(6)=F g41 c2005 c1 a1 t2006;

  INPUT ---    rlabel(7)=F g41 c2005 c1 a2 t2007;

  INPUT ---    rlabel(8)=F g41 c2005 c1 a3 t2008;

  INPUT ---    rlabel(9)=F g41 c2005 c1 a4 t2009;

  INPUT ---    rlabel(10)=F g41 c2005 c1 a5 t2010;

 Link Function Used is LOGIT        

 Variance Estimation Procedure Used is 2ndPart 

 M(t+1):



 -2logL(saturated) = 1739.8188     
 Effective Sample Size = 7075

 Number of function evaluations was 81 for 10 parameters.
 Time for numerical optimization was 0.67 seconds.

  Program  MARK  - Survival Rate Estimation with Capture-Recapture Data
   gfortran(Win64) Vers. 8.0 Jun 2014   31-Jan-2015 13:37:41    Page  008
 - - - - - - - - - - - - - - - - - - - - - - - - - - - - - - - - - - - - - -
 
 -2logL { S(~sex)p(~1)r(~1)F(~age) } = 2767.9322     
 Penalty { S(~sex)p(~1)r(~1)F(~age) } = -0.0000000    
 Gradient { S(~sex)p(~1)r(~1)F(~age) }:
  0.3605438E-02 0.2556945E-02 0.3773303E-02-0.3323670E-03-0.3395026E-04
   0.000000    -0.1500341E-04-0.4290158E-04  0.000000      0.000000    
 S Vector { S(~sex)p(~1)r(~1)F(~age) }:
   286.0829      38.87505      6.717001      4.494688     0.2378249E-04
  0.8816962E-05 0.1842045E-05 0.2018643E-07 0.1909651E-07 0.1089101E-08
 Time to compute number of parameters was 0.17 seconds.
   Threshold =  0.2200000E-06     Condition index =  0.3806942E-11     New Threshold =  0.3444039E-08
 New Guessimate of Estimated Parameters { S(~sex)p(~1)r(~1)F(~age) } = 7          
 Conditioned S Vector { S(~sex)p(~1)r(~1)F(~age) }:
   1.000000     0.1358874     0.2347921E-01 0.1571114E-01 0.8313146E-07
  0.3081961E-07 0.6438850E-08 0.7056148E-10 0.6675169E-10 0.3806942E-11
 Number of Estimated Parameters { S(~sex)p(~1)r(~1)F(~age) } = 4          
 DEVIANCE { S(~sex)p(~1)r(~1)F(~age) } = 1028.1135                     
 DEVIANCE Degrees of Freedom { S(~sex)p(~1)r(~1)F(~age) } = 11            
 c-hat { S(~sex)p(~1)r(~1)F(~age) } = 93.464860                     
 AIC { S(~sex)p(~1)r(~1)F(~age) } = 2775.9322                  
 AICc { S(~sex)p(~1)r(~1)F(~age) } = 2775.9379                    
 BIC { S(~sex)p(~1)r(~1)F(~age) } = 2803.3895                    
 Pearson Chisquare { S(~sex)p(~1)r(~1)F(~age) } = Not a Number               
 Possible Encounter Histories { S(~sex)p(~1)r(~1)F(~age) } = 896             
 Pearson Chisquare df { S(~sex)p(~1)r(~1)F(~age) } = 856        
 Pearson chat { S(~sex)p(~1)r(~1)F(~age) } = Not a Number               
 Sum(Observed/Expected) { S(~sex)p(~1)r(~1)F(~age) } = Not a Number               
 Fletcher chat { S(~sex)p(~1)r(~1)F(~age) } = Not a Number               


                 LOGIT Link Function Parameters of { S(~sex)p(~1)r(~1)F(~age) }
                                                              95% Confidence Interval
 Parameter                    Beta         Standard Error      Lower           Upper
 -------------------------  --------------  --------------  --------------  --------------
    1:S:(Intercept)         -2.6072657      0.3109510       -3.2167297      -1.9978016    
    2:S:sex5                -0.1737961      0.3891340       -0.9364988      0.5889066     
    3:p:(Intercept)         -3.4109242      0.3859470       -4.1673805      -2.6544680    
    4:r:(Intercept)         -3.1046251      0.0592380       -3.2207314      -2.9885187    
    5:F:(Intercept)         12.394516       116.22217       -215.40095      240.18998     
    6:F:age1                82.421006       0.0000000       82.421006       82.421006     
    7:F:age2                2.0309593       707.31300       -1384.3025      1388.3645     
    8:F:age3                -0.0599782      0.0000000       -0.0599782      -0.0599782    
    9:F:age4                18.376698       0.0000000       18.376698       18.376698     
   10:F:age5                18.921976       0.0000000       18.921976       18.921976     


                 Real Function Parameters of { S(~sex)p(~1)r(~1)F(~age) }
                                                               95% Confidence Interval
  Parameter                  Estimate       Standard Error      Lower           Upper
 --------------------------  --------------  --------------  --------------  --------------
     1:S g41 c2005 c1 a0 t2  0.0686723       0.0198873       0.0385410       0.1194339                           
     2:S g51 c2005 c1 a0 t2  0.0583562       0.0178783       0.0317146       0.1049520                           
     3:p g41 c2005 c1 a1 t2  0.0319558       0.0119391       0.0152564       0.0657142                           
     4:r g41 c2005 c1 a0 t2  0.0429169       0.0024332       0.0383930       0.0479473                           
     5:F g41 c2005 c1 a0 t2  0.9999959       0.4812997E-003  0.2835024E-093  1.0000000                           
     6:F g41 c2005 c1 a1 t2  1.0000000       0.0000000       1.0000000       1.0000000                           
     7:F g41 c2005 c1 a2 t2  0.9999995       0.4249445E-003  0.1814541E-297  1.0000000                           
     8:F g41 c2005 c1 a3 t2  0.9999956       0.0011948       0.1165202E-225  1.0000000                           
     9:F g41 c2005 c1 a4 t2  1.0000000       0.0000000       1.0000000       1.0000000                           

  Program  MARK  - Survival Rate Estimation with Capture-Recapture Data
   gfortran(Win64) Vers. 8.0 Jun 2014   31-Jan-2015 13:37:41    Page  009
 - - - - - - - - - - - - - - - - - - - - - - - - - - - - - - - - - - - - - -
 
    10:F g41 c2005 c1 a5 t2  1.0000000       0.0000000       1.0000000       1.0000000                           

 Attempted ordering of parameters by estimatibility:
   4  1  3  2  5  8  7  9 10  6
 Beta number 6 is a singular value.

     CPU Time in seconds for last procedure was 0.84


  INPUT --- proc stop;

     CPU Time in minutes for this job was 0.01

     Time Start = 13:37:41.584   Time End = 13:37:41.829

     Wall Clock Time in minutes for this job was 0.00


          E X E C U T I O N   S U C C E S S F U L 
