
   Program  MARK  - Survival Rate Estimation with Capture-Recapture Data
   gfortran(Win64) Vers. 8.0 Jun 2014   21-Jan-2015 17:31:49    Page  001
 - - - - - - - - - - - - - - - - - - - - - - - - - - - - - - - - - - - - - -
 
   This version was compiled by GCC version 4.8.1 using the options 
   -m64 -mtune=generic -march=x86-64 -mthreads -O2 -fimplicit-none -fbounds-check -funroll-loops -ftree-vectorize -fopenmp.
   This problem will use 3 of 4 possible threads.


  INPUT --- proc title ;

     CPU Time in seconds for last procedure was 0.00


  INPUT --- proc chmatrix occasions= 7 groups= 2 etype= Live ICMeans 
  INPUT --- NoHist hist= 55 ;

  INPUT ---    time  interval 1 1 1 1 1 1 ;

  INPUT ---    glabel(1)=sexFemale;

  INPUT ---    glabel(2)=sexMale;

   * *  WARNING  * *   At least a pair of the encounter histories are duplicates. 

      Number of unique encounter histories read was 32.

      Number of individual covariates read was 0.
      Time interval lengths are all equal to 1.

      Data type number is 1
      Data type is Live Recaptures (CJS)                                                                               

     CPU Time in seconds for last procedure was 0.02

  Program  MARK  - Survival Rate Estimation with Capture-Recapture Data
   gfortran(Win64) Vers. 8.0 Jun 2014   21-Jan-2015 17:31:49    Page  002
 - - - - - - - - - - - - - - - - - - - - - - - - - - - - - - - - - - - - - -
 


  INPUT --- proc estimate link=Logit NOLOOP varest=2ndPart    ;


  INPUT --- model={ Phi(~sex * time)p(~sex * time) };

  INPUT ---    group=1 Phi    rows=6 cols=6 Triang ;
  INPUT ---        1 2 3 4 5 6 ;
  INPUT ---        2 3 4 5 6 ;
  INPUT ---        3 4 5 6 ;
  INPUT ---        4 5 6 ;
  INPUT ---        5 6 ;
  INPUT ---        6 ;

  INPUT ---    group=2 Phi    rows=6 cols=6 Triang ;
  INPUT ---        7 8 9 10 11 12 ;
  INPUT ---        8 9 10 11 12 ;
  INPUT ---        9 10 11 12 ;
  INPUT ---        10 11 12 ;
  INPUT ---        11 12 ;
  INPUT ---        12 ;

  INPUT ---    group=1 p    rows=6 cols=6 Triang ;
  INPUT ---        13 14 15 16 17 18 ;
  INPUT ---        14 15 16 17 18 ;
  INPUT ---        15 16 17 18 ;
  INPUT ---        16 17 18 ;
  INPUT ---        17 18 ;
  INPUT ---        18 ;

  INPUT ---    group=2 p    rows=6 cols=6 Triang ;
  INPUT ---        19 20 21 22 23 24 ;
  INPUT ---        20 21 22 23 24 ;
  INPUT ---        21 22 23 24 ;
  INPUT ---        22 23 24 ;
  INPUT ---        23 24 ;
  INPUT ---        24 ;

  INPUT ---    design matrix constraints=24 covariates=24;
  INPUT ---        1 0 0 0 0 0 0 0 0 0 0 0 0 0 0 0 0 0 0 0 0 0 0 0;
  INPUT ---        1 0 1 0 0 0 0 0 0 0 0 0 0 0 0 0 0 0 0 0 0 0 0 0;
  INPUT ---        1 0 0 1 0 0 0 0 0 0 0 0 0 0 0 0 0 0 0 0 0 0 0 0;
  INPUT ---        1 0 0 0 1 0 0 0 0 0 0 0 0 0 0 0 0 0 0 0 0 0 0 0;
  INPUT ---        1 0 0 0 0 1 0 0 0 0 0 0 0 0 0 0 0 0 0 0 0 0 0 0;
  INPUT ---        1 0 0 0 0 0 1 0 0 0 0 0 0 0 0 0 0 0 0 0 0 0 0 0;

  Program  MARK  - Survival Rate Estimation with Capture-Recapture Data
   gfortran(Win64) Vers. 8.0 Jun 2014   21-Jan-2015 17:31:49    Page  003
 - - - - - - - - - - - - - - - - - - - - - - - - - - - - - - - - - - - - - -
 
  INPUT ---        1 1 0 0 0 0 0 0 0 0 0 0 0 0 0 0 0 0 0 0 0 0 0 0;
  INPUT ---        1 1 1 0 0 0 0 1 0 0 0 0 0 0 0 0 0 0 0 0 0 0 0 0;
  INPUT ---        1 1 0 1 0 0 0 0 1 0 0 0 0 0 0 0 0 0 0 0 0 0 0 0;
  INPUT ---        1 1 0 0 1 0 0 0 0 1 0 0 0 0 0 0 0 0 0 0 0 0 0 0;
  INPUT ---        1 1 0 0 0 1 0 0 0 0 1 0 0 0 0 0 0 0 0 0 0 0 0 0;
  INPUT ---        1 1 0 0 0 0 1 0 0 0 0 1 0 0 0 0 0 0 0 0 0 0 0 0;
  INPUT ---        0 0 0 0 0 0 0 0 0 0 0 0 1 0 0 0 0 0 0 0 0 0 0 0;
  INPUT ---        0 0 0 0 0 0 0 0 0 0 0 0 1 0 1 0 0 0 0 0 0 0 0 0;
  INPUT ---        0 0 0 0 0 0 0 0 0 0 0 0 1 0 0 1 0 0 0 0 0 0 0 0;
  INPUT ---        0 0 0 0 0 0 0 0 0 0 0 0 1 0 0 0 1 0 0 0 0 0 0 0;
  INPUT ---        0 0 0 0 0 0 0 0 0 0 0 0 1 0 0 0 0 1 0 0 0 0 0 0;
  INPUT ---        0 0 0 0 0 0 0 0 0 0 0 0 1 0 0 0 0 0 1 0 0 0 0 0;
  INPUT ---        0 0 0 0 0 0 0 0 0 0 0 0 1 1 0 0 0 0 0 0 0 0 0 0;
  INPUT ---        0 0 0 0 0 0 0 0 0 0 0 0 1 1 1 0 0 0 0 1 0 0 0 0;
  INPUT ---        0 0 0 0 0 0 0 0 0 0 0 0 1 1 0 1 0 0 0 0 1 0 0 0;
  INPUT ---        0 0 0 0 0 0 0 0 0 0 0 0 1 1 0 0 1 0 0 0 0 1 0 0;
  INPUT ---        0 0 0 0 0 0 0 0 0 0 0 0 1 1 0 0 0 1 0 0 0 0 1 0;
  INPUT ---        0 0 0 0 0 0 0 0 0 0 0 0 1 1 0 0 0 0 1 0 0 0 0 1;

  INPUT ---    blabel(1)=Phi:(Intercept);

  INPUT ---    blabel(2)=Phi:sexMale;

  INPUT ---    blabel(3)=Phi:time2;

  INPUT ---    blabel(4)=Phi:time3;

  INPUT ---    blabel(5)=Phi:time4;

  INPUT ---    blabel(6)=Phi:time5;

  INPUT ---    blabel(7)=Phi:time6;

  INPUT ---    blabel(8)=Phi:sexMale:time2;

  INPUT ---    blabel(9)=Phi:sexMale:time3;

  INPUT ---    blabel(10)=Phi:sexMale:time4;

  INPUT ---    blabel(11)=Phi:sexMale:time5;

  INPUT ---    blabel(12)=Phi:sexMale:time6;

  INPUT ---    blabel(13)=p:(Intercept);

  INPUT ---    blabel(14)=p:sexMale;

  Program  MARK  - Survival Rate Estimation with Capture-Recapture Data
   gfortran(Win64) Vers. 8.0 Jun 2014   21-Jan-2015 17:31:49    Page  004
 - - - - - - - - - - - - - - - - - - - - - - - - - - - - - - - - - - - - - -
 

  INPUT ---    blabel(15)=p:time3;

  INPUT ---    blabel(16)=p:time4;

  INPUT ---    blabel(17)=p:time5;

  INPUT ---    blabel(18)=p:time6;

  INPUT ---    blabel(19)=p:time7;

  INPUT ---    blabel(20)=p:sexMale:time3;

  INPUT ---    blabel(21)=p:sexMale:time4;

  INPUT ---    blabel(22)=p:sexMale:time5;

  INPUT ---    blabel(23)=p:sexMale:time6;

  INPUT ---    blabel(24)=p:sexMale:time7;

  INPUT ---    rlabel(1)=Phi gFemale c1 c1 a0 t1;

  INPUT ---    rlabel(2)=Phi gFemale c1 c1 a1 t2;

  INPUT ---    rlabel(3)=Phi gFemale c1 c1 a2 t3;

  INPUT ---    rlabel(4)=Phi gFemale c1 c1 a3 t4;

  INPUT ---    rlabel(5)=Phi gFemale c1 c1 a4 t5;

  INPUT ---    rlabel(6)=Phi gFemale c1 c1 a5 t6;

  INPUT ---    rlabel(7)=Phi gMale c1 c1 a0 t1;

  INPUT ---    rlabel(8)=Phi gMale c1 c1 a1 t2;

  INPUT ---    rlabel(9)=Phi gMale c1 c1 a2 t3;

  INPUT ---    rlabel(10)=Phi gMale c1 c1 a3 t4;

  INPUT ---    rlabel(11)=Phi gMale c1 c1 a4 t5;

  INPUT ---    rlabel(12)=Phi gMale c1 c1 a5 t6;

  INPUT ---    rlabel(13)=p gFemale c1 c1 a1 t2;

  Program  MARK  - Survival Rate Estimation with Capture-Recapture Data
   gfortran(Win64) Vers. 8.0 Jun 2014   21-Jan-2015 17:31:49    Page  005
 - - - - - - - - - - - - - - - - - - - - - - - - - - - - - - - - - - - - - -
 

  INPUT ---    rlabel(14)=p gFemale c1 c1 a2 t3;

  INPUT ---    rlabel(15)=p gFemale c1 c1 a3 t4;

  INPUT ---    rlabel(16)=p gFemale c1 c1 a4 t5;

  INPUT ---    rlabel(17)=p gFemale c1 c1 a5 t6;

  INPUT ---    rlabel(18)=p gFemale c1 c1 a6 t7;

  INPUT ---    rlabel(19)=p gMale c1 c1 a1 t2;

  INPUT ---    rlabel(20)=p gMale c1 c1 a2 t3;

  INPUT ---    rlabel(21)=p gMale c1 c1 a3 t4;

  INPUT ---    rlabel(22)=p gMale c1 c1 a4 t5;

  INPUT ---    rlabel(23)=p gMale c1 c1 a5 t6;

  INPUT ---    rlabel(24)=p gMale c1 c1 a6 t7;

 Link Function Used is LOGIT        

 Variance Estimation Procedure Used is 2ndPart 
 -2logL(saturated) = 582.47711     
 Effective Sample Size = 426

 Number of function evaluations was 86 for 24 parameters.
 Time for numerical optimization was 0.31 seconds.
 -2logL { Phi(~sex * time)p(~sex * time) } = 653.95109     
 Penalty { Phi(~sex * time)p(~sex * time) } = -0.0000000    
 Gradient { Phi(~sex * time)p(~sex * time) }:
 -0.5516458E-05-0.9258259E-05-0.1999496E-04 0.1012285E-04 0.7662591E-05
   0.000000     0.7558458E-05  0.000000      0.000000     0.1037721E-04
   0.000000      0.000000     0.1980447E-04 0.1880033E-04  0.000000    
  0.4252306E-05 0.1006227E-04  0.000000     0.6636992E-05  0.000000    
  0.8745577E-05  0.000000      0.000000     0.1603232E-04
 S Vector { Phi(~sex * time)p(~sex * time) }:
   130.0623      52.27417      25.64621      22.15483      19.84083    
   18.86436      8.899808      7.543679      3.743889      3.287778    
   3.098711      2.726615      2.432227      1.361183     0.9692978    
  0.7372903     0.4456037     0.3557889     0.2609595     0.1159150    
  0.3522539E-01 0.3273330E-05 0.2562874E-05 0.4056489E-06
 Time to compute number of parameters was 0.11 seconds.
   Threshold =  0.5000000E-06     Condition index =  0.3118882E-08     New Threshold =  0.1987266E-05

  Program  MARK  - Survival Rate Estimation with Capture-Recapture Data
   gfortran(Win64) Vers. 8.0 Jun 2014   21-Jan-2015 17:31:49    Page  006
 - - - - - - - - - - - - - - - - - - - - - - - - - - - - - - - - - - - - - -
 
 New Guessimate of Estimated Parameters { Phi(~sex * time)p(~sex * time) } = 21          
 Conditioned S Vector { Phi(~sex * time)p(~sex * time) }:
   1.000000     0.4019165     0.1971841     0.1703402     0.1525487    
  0.1450409     0.6842728E-01 0.5800051E-01 0.2878536E-01 0.2527849E-01
  0.2382482E-01 0.2096392E-01 0.1870048E-01 0.1046562E-01 0.7452566E-02
  0.5668748E-02 0.3426079E-02 0.2735527E-02 0.2006419E-02 0.8912268E-03
  0.2708348E-03 0.2516740E-07 0.1970497E-07 0.3118882E-08
 Number of Estimated Parameters { Phi(~sex * time)p(~sex * time) } = 21          
 DEVIANCE { Phi(~sex * time)p(~sex * time) } = 71.473974                     
 DEVIANCE Degrees of Freedom { Phi(~sex * time)p(~sex * time) } = 20            
 c-hat { Phi(~sex * time)p(~sex * time) } = 3.5736987                     
 AIC { Phi(~sex * time)p(~sex * time) } = 695.95109                  
 AICc { Phi(~sex * time)p(~sex * time) } = 698.23821                    
 BIC { Phi(~sex * time)p(~sex * time) } = 781.09431                    
 Pearson Chisquare { Phi(~sex * time)p(~sex * time) } = 173.17992                  
 Possible Encounter Histories { Phi(~sex * time)p(~sex * time) } = 252             
 Pearson Chisquare df { Phi(~sex * time)p(~sex * time) } = 219        
 Pearson chat { Phi(~sex * time)p(~sex * time) } = 0.7907759                  
 Sum(Observed/Expected) { Phi(~sex * time)p(~sex * time) } = 207.13210                  
 Fletcher chat { Phi(~sex * time)p(~sex * time) } = 0.9620697                  


              LOGIT Link Function Parameters of { Phi(~sex * time)p(~sex * time) }
                                                              95% Confidence Interval
 Parameter                    Beta         Standard Error      Lower           Upper
 -------------------------  --------------  --------------  --------------  --------------
    1:Phi:(Intercept)       1.0608667       1.2418154       -1.3730916      3.4948249     
    2:Phi:sexMale           -0.2279505      1.5760666       -3.3170412      2.8611401     
    3:Phi:time2             -1.2743100      1.3759828       -3.9712362      1.4226163     
    4:Phi:time3             -1.2461438      1.2846442       -3.7640465      1.2717589     
    5:Phi:time4             -0.4836606      1.2933438       -3.0186146      2.0512934     
    6:Phi:time5             -0.5370258      1.2893746       -3.0642000      1.9901485     
    7:Phi:time6             2.0082017       0.0000000       2.0082017       2.0082017     
    8:Phi:sexMale:time2     0.1312373       1.7782926       -3.3542162      3.6166908     
    9:Phi:sexMale:time3     0.4343795       1.6476340       -2.7949832      3.6637421     
   10:Phi:sexMale:time4     0.0955429       1.6548930       -3.1480474      3.3391332     
   11:Phi:sexMale:time5     -0.0107009      1.6446721       -3.2342582      3.2128564     
   12:Phi:sexMale:time6     -0.7308964      244.34601       -479.64908      478.18729     
   13:p:(Intercept)         0.7221387       1.1144388       -1.4621615      2.9064389     
   14:p:sexMale             0.2094132       1.5687809       -2.8653975      3.2842239     
   15:p:time3               1.0937214       1.5311953       -1.9074214      4.0948643     
   16:p:time4               1.6735335       1.5209037       -1.3074379      4.6545049     
   17:p:time5               1.2596665       1.3412085       -1.3691022      3.8884353     
   18:p:time6               1.8397285       1.5167916       -1.1331831      4.8126402     
   19:p:time7               -0.7129271      0.0000000       -0.7129271      -0.7129271    
   20:p:sexMale:time3       14.538660       1569.6244       -3061.9253      3091.0026     
   21:p:sexMale:time4       -0.2999352      2.1468493       -4.5077600      3.9078895     
   22:p:sexMale:time5       0.3564862       2.0197002       -3.6021262      4.3150987     
   23:p:sexMale:time6       -0.0913991      2.1388246       -4.2834955      4.1006972     
   24:p:sexMale:time7       0.4182206       0.0000000       0.4182206       0.4182206     


              Real Function Parameters of { Phi(~sex * time)p(~sex * time) }
                                                               95% Confidence Interval
  Parameter                  Estimate       Standard Error      Lower           Upper
 --------------------------  --------------  --------------  --------------  --------------
     1:Phi gFemale c1 c1 a0  0.7428561       0.2372127       0.2021208       0.9705402                           
     2:Phi gFemale c1 c1 a1  0.4468408       0.0982825       0.2703619       0.6378168                           
     3:Phi gFemale c1 c1 a2  0.4538128       0.0815350       0.3036422       0.6128859                           
     4:Phi gFemale c1 c1 a3  0.6404243       0.0832335       0.4672414       0.7834074                           

  Program  MARK  - Survival Rate Estimation with Capture-Recapture Data
   gfortran(Win64) Vers. 8.0 Jun 2014   21-Jan-2015 17:31:49    Page  007
 - - - - - - - - - - - - - - - - - - - - - - - - - - - - - - - - - - - - - -
 
     5:Phi gFemale c1 c1 a4  0.6280455       0.0810516       0.4610286       0.7692150                           
     6:Phi gFemale c1 c1 a5  0.9555987       0.0000000       0.9555987       0.9555987                           
     7:Phi gMale c1 c1 a0 t  0.6969712       0.2049814       0.2555263       0.9390711                           
     8:Phi gMale c1 c1 a1 t  0.4230765       0.0968905       0.2519586       0.6148819                           
     9:Phi gMale c1 c1 a2 t  0.5052878       0.0874934       0.3396457       0.6697771                           
    10:Phi gMale c1 c1 a3 t  0.6094018       0.0838411       0.4389148       0.7567907                           
    11:Phi gMale c1 c1 a4 t  0.5708180       0.0776952       0.4166816       0.7123428                           
    12:Phi gMale c1 c1 a5 t  0.8918927       0.0000000       0.8918927       0.8918927                           
    13:p gFemale c1 c1 a1 t  0.6730778       0.2452257       0.1881370       0.9481638                           
    14:p gFemale c1 c1 a2 t  0.8600686       0.1263735       0.4397373       0.9796467                           
    15:p gFemale c1 c1 a3 t  0.9164967       0.0792069       0.5907650       0.9881583                           
    16:p gFemale c1 c1 a4 t  0.8788735       0.0794408       0.6269551       0.9690647                           
    17:p gFemale c1 c1 a5 t  0.9283667       0.0684258       0.6330130       0.9898348                           
    18:p gFemale c1 c1 a6 t  0.5023029       0.0000000       0.5023029       0.5023029                           
    19:p gMale c1 c1 a1 t2   0.7173900       0.2238539       0.2257352       0.9567132                           
    20:p gMale c1 c1 a2 t3   0.9999999       0.1005011E-003  0.1539883E-296  1.0000000                           
    21:p gMale c1 c1 a3 t4   0.9093027       0.0855744       0.5674371       0.9871172                           
    22:p gMale c1 c1 a4 t5   0.9274192       0.0693438       0.6291490       0.9897161                           
    23:p gMale c1 c1 a5 t6   0.9358290       0.0616788       0.6607911       0.9909234                           
    24:p gMale c1 c1 a6 t7   0.6540400       0.0000000       0.6540400       0.6540400                           

 Attempted ordering of parameters by estimatibility:
   1 13  2  6  5  4 14 19 11  9 10 17 18 24 16  3 15 22 23  8 21 12  7 20
 Beta number 20 is a singular value.

     CPU Time in seconds for last procedure was 0.42

  Program  MARK  - Survival Rate Estimation with Capture-Recapture Data
   gfortran(Win64) Vers. 8.0 Jun 2014   21-Jan-2015 17:31:49    Page  008
 - - - - - - - - - - - - - - - - - - - - - - - - - - - - - - - - - - - - - -
 


  INPUT --- proc stop;

     CPU Time in minutes for this job was 0.01

     Time Start = 17:31:49.126   Time End = 17:31:49.373

     Wall Clock Time in minutes for this job was 0.00


          E X E C U T I O N   S U C C E S S F U L 
