
   Program  MARK  - Survival Rate Estimation with Capture-Recapture Data
   gfortran(Win64) Vers. 8.0 Jun 2014   25-Jan-2015 15:10:52    Page  001
 - - - - - - - - - - - - - - - - - - - - - - - - - - - - - - - - - - - - - -
 
   This version was compiled by GCC version 4.8.1 using the options 
   -m64 -mtune=generic -march=x86-64 -mthreads -O2 -fimplicit-none -fbounds-check -funroll-loops -ftree-vectorize -fopenmp.
   This problem will use 7 of 8 possible threads.


  INPUT --- proc title ;

     CPU Time in seconds for last procedure was 0.00


  INPUT --- proc chmatrix occasions= 7 groups= 6 etype= Both ICMeans 
  INPUT --- NoHist hist= 51 ;

  INPUT ---    time  interval 1 1 1 1 1 1 1 ;

  INPUT ---    glabel(1)=sex4.age1;

  INPUT ---    glabel(2)=sex5.age1;

  INPUT ---    glabel(3)=sex4.age2;

  INPUT ---    glabel(4)=sex5.age2;

  INPUT ---    glabel(5)=sex4.age4;

  INPUT ---    glabel(6)=sex5.age4;

   * *  WARNING  * *   At least a pair of the encounter histories are duplicates. 

      Number of unique encounter histories read was 17.

      Number of individual covariates read was 0.
      Time interval lengths are all equal to 1.

      Data type number is 3
      Data type is Joint Live and Dead Encounters (Burnham)                                                            

     CPU Time in seconds for last procedure was 0.02

  Program  MARK  - Survival Rate Estimation with Capture-Recapture Data
   gfortran(Win64) Vers. 8.0 Jun 2014   25-Jan-2015 15:10:52    Page  002
 - - - - - - - - - - - - - - - - - - - - - - - - - - - - - - - - - - - - - -
 


  INPUT --- proc estimate link=Logit NOLOOP varest=2ndPart    ;


  INPUT --- model={ S(~age + time)p(~age)r(~sex)F(~1) };

  INPUT ---    group=1 S    rows=7 cols=7 Triang ;
  INPUT ---        1 2 3 4 5 6 7 ;
  INPUT ---        8 9 10 11 12 13 ;
  INPUT ---        14 15 16 17 18 ;
  INPUT ---        19 20 21 22 ;
  INPUT ---        23 24 25 ;
  INPUT ---        26 27 ;
  INPUT ---        28 ;

  INPUT ---    group=2 S    rows=7 cols=7 Triang ;
  INPUT ---        1 2 3 4 5 6 7 ;
  INPUT ---        8 9 10 11 12 13 ;
  INPUT ---        14 15 16 17 18 ;
  INPUT ---        19 20 21 22 ;
  INPUT ---        23 24 25 ;
  INPUT ---        26 27 ;
  INPUT ---        28 ;

  INPUT ---    group=3 S    rows=7 cols=7 Triang ;
  INPUT ---        1 2 3 4 5 6 7 ;
  INPUT ---        8 9 10 11 12 13 ;
  INPUT ---        14 15 16 17 18 ;
  INPUT ---        19 20 21 22 ;
  INPUT ---        23 24 25 ;
  INPUT ---        26 27 ;
  INPUT ---        28 ;

  INPUT ---    group=4 S    rows=7 cols=7 Triang ;
  INPUT ---        1 2 3 4 5 6 7 ;
  INPUT ---        8 9 10 11 12 13 ;
  INPUT ---        14 15 16 17 18 ;
  INPUT ---        19 20 21 22 ;
  INPUT ---        23 24 25 ;
  INPUT ---        26 27 ;
  INPUT ---        28 ;

  INPUT ---    group=5 S    rows=7 cols=7 Triang ;
  INPUT ---        1 2 3 4 5 6 7 ;
  INPUT ---        8 9 10 11 12 13 ;

  Program  MARK  - Survival Rate Estimation with Capture-Recapture Data
   gfortran(Win64) Vers. 8.0 Jun 2014   25-Jan-2015 15:10:52    Page  003
 - - - - - - - - - - - - - - - - - - - - - - - - - - - - - - - - - - - - - -
 
  INPUT ---        14 15 16 17 18 ;
  INPUT ---        19 20 21 22 ;
  INPUT ---        23 24 25 ;
  INPUT ---        26 27 ;
  INPUT ---        28 ;

  INPUT ---    group=6 S    rows=7 cols=7 Triang ;
  INPUT ---        1 2 3 4 5 6 7 ;
  INPUT ---        8 9 10 11 12 13 ;
  INPUT ---        14 15 16 17 18 ;
  INPUT ---        19 20 21 22 ;
  INPUT ---        23 24 25 ;
  INPUT ---        26 27 ;
  INPUT ---        28 ;

  INPUT ---    group=1 p    rows=6 cols=6 Triang ;
  INPUT ---        29 30 31 32 33 34 ;
  INPUT ---        29 30 31 32 33 ;
  INPUT ---        29 30 31 32 ;
  INPUT ---        29 30 31 ;
  INPUT ---        29 30 ;
  INPUT ---        29 ;

  INPUT ---    group=2 p    rows=6 cols=6 Triang ;
  INPUT ---        29 30 31 32 33 34 ;
  INPUT ---        29 30 31 32 33 ;
  INPUT ---        29 30 31 32 ;
  INPUT ---        29 30 31 ;
  INPUT ---        29 30 ;
  INPUT ---        29 ;

  INPUT ---    group=3 p    rows=6 cols=6 Triang ;
  INPUT ---        29 30 31 32 33 34 ;
  INPUT ---        29 30 31 32 33 ;
  INPUT ---        29 30 31 32 ;
  INPUT ---        29 30 31 ;
  INPUT ---        29 30 ;
  INPUT ---        29 ;

  INPUT ---    group=4 p    rows=6 cols=6 Triang ;
  INPUT ---        29 30 31 32 33 34 ;
  INPUT ---        29 30 31 32 33 ;
  INPUT ---        29 30 31 32 ;
  INPUT ---        29 30 31 ;
  INPUT ---        29 30 ;
  INPUT ---        29 ;

  Program  MARK  - Survival Rate Estimation with Capture-Recapture Data
   gfortran(Win64) Vers. 8.0 Jun 2014   25-Jan-2015 15:10:52    Page  004
 - - - - - - - - - - - - - - - - - - - - - - - - - - - - - - - - - - - - - -
 

  INPUT ---    group=5 p    rows=6 cols=6 Triang ;
  INPUT ---        29 30 31 32 33 34 ;
  INPUT ---        29 30 31 32 33 ;
  INPUT ---        29 30 31 32 ;
  INPUT ---        29 30 31 ;
  INPUT ---        29 30 ;
  INPUT ---        29 ;

  INPUT ---    group=6 p    rows=6 cols=6 Triang ;
  INPUT ---        29 30 31 32 33 34 ;
  INPUT ---        29 30 31 32 33 ;
  INPUT ---        29 30 31 32 ;
  INPUT ---        29 30 31 ;
  INPUT ---        29 30 ;
  INPUT ---        29 ;

  INPUT ---    group=1 r    rows=7 cols=7 Triang ;
  INPUT ---        35 35 35 35 35 35 35 ;
  INPUT ---        35 35 35 35 35 35 ;
  INPUT ---        35 35 35 35 35 ;
  INPUT ---        35 35 35 35 ;
  INPUT ---        35 35 35 ;
  INPUT ---        35 35 ;
  INPUT ---        35 ;

  INPUT ---    group=2 r    rows=7 cols=7 Triang ;
  INPUT ---        36 36 36 36 36 36 36 ;
  INPUT ---        36 36 36 36 36 36 ;
  INPUT ---        36 36 36 36 36 ;
  INPUT ---        36 36 36 36 ;
  INPUT ---        36 36 36 ;
  INPUT ---        36 36 ;
  INPUT ---        36 ;

  INPUT ---    group=3 r    rows=7 cols=7 Triang ;
  INPUT ---        35 35 35 35 35 35 35 ;
  INPUT ---        35 35 35 35 35 35 ;
  INPUT ---        35 35 35 35 35 ;
  INPUT ---        35 35 35 35 ;
  INPUT ---        35 35 35 ;
  INPUT ---        35 35 ;
  INPUT ---        35 ;

  INPUT ---    group=4 r    rows=7 cols=7 Triang ;
  INPUT ---        36 36 36 36 36 36 36 ;

  Program  MARK  - Survival Rate Estimation with Capture-Recapture Data
   gfortran(Win64) Vers. 8.0 Jun 2014   25-Jan-2015 15:10:52    Page  005
 - - - - - - - - - - - - - - - - - - - - - - - - - - - - - - - - - - - - - -
 
  INPUT ---        36 36 36 36 36 36 ;
  INPUT ---        36 36 36 36 36 ;
  INPUT ---        36 36 36 36 ;
  INPUT ---        36 36 36 ;
  INPUT ---        36 36 ;
  INPUT ---        36 ;

  INPUT ---    group=5 r    rows=7 cols=7 Triang ;
  INPUT ---        35 35 35 35 35 35 35 ;
  INPUT ---        35 35 35 35 35 35 ;
  INPUT ---        35 35 35 35 35 ;
  INPUT ---        35 35 35 35 ;
  INPUT ---        35 35 35 ;
  INPUT ---        35 35 ;
  INPUT ---        35 ;

  INPUT ---    group=6 r    rows=7 cols=7 Triang ;
  INPUT ---        36 36 36 36 36 36 36 ;
  INPUT ---        36 36 36 36 36 36 ;
  INPUT ---        36 36 36 36 36 ;
  INPUT ---        36 36 36 36 ;
  INPUT ---        36 36 36 ;
  INPUT ---        36 36 ;
  INPUT ---        36 ;

  INPUT ---    group=1 F    rows=6 cols=6 Triang ;
  INPUT ---        37 37 37 37 37 37 ;
  INPUT ---        37 37 37 37 37 ;
  INPUT ---        37 37 37 37 ;
  INPUT ---        37 37 37 ;
  INPUT ---        37 37 ;
  INPUT ---        37 ;

  INPUT ---    group=2 F    rows=6 cols=6 Triang ;
  INPUT ---        37 37 37 37 37 37 ;
  INPUT ---        37 37 37 37 37 ;
  INPUT ---        37 37 37 37 ;
  INPUT ---        37 37 37 ;
  INPUT ---        37 37 ;
  INPUT ---        37 ;

  INPUT ---    group=3 F    rows=6 cols=6 Triang ;
  INPUT ---        37 37 37 37 37 37 ;
  INPUT ---        37 37 37 37 37 ;
  INPUT ---        37 37 37 37 ;
  INPUT ---        37 37 37 ;

  Program  MARK  - Survival Rate Estimation with Capture-Recapture Data
   gfortran(Win64) Vers. 8.0 Jun 2014   25-Jan-2015 15:10:52    Page  006
 - - - - - - - - - - - - - - - - - - - - - - - - - - - - - - - - - - - - - -
 
  INPUT ---        37 37 ;
  INPUT ---        37 ;

  INPUT ---    group=4 F    rows=6 cols=6 Triang ;
  INPUT ---        37 37 37 37 37 37 ;
  INPUT ---        37 37 37 37 37 ;
  INPUT ---        37 37 37 37 ;
  INPUT ---        37 37 37 ;
  INPUT ---        37 37 ;
  INPUT ---        37 ;

  INPUT ---    group=5 F    rows=6 cols=6 Triang ;
  INPUT ---        37 37 37 37 37 37 ;
  INPUT ---        37 37 37 37 37 ;
  INPUT ---        37 37 37 37 ;
  INPUT ---        37 37 37 ;
  INPUT ---        37 37 ;
  INPUT ---        37 ;

  INPUT ---    group=6 F    rows=6 cols=6 Triang ;
  INPUT ---        37 37 37 37 37 37 ;
  INPUT ---        37 37 37 37 37 ;
  INPUT ---        37 37 37 37 ;
  INPUT ---        37 37 37 ;
  INPUT ---        37 37 ;
  INPUT ---        37 ;

  INPUT ---    design matrix constraints=37 covariates=22;
  INPUT ---        1 0 0 0 0 0 0 0 0 0 0 0 0 0 0 0 0 0 0 0 0 0;
  INPUT ---        1 1 0 0 0 0 0 1 0 0 0 0 0 0 0 0 0 0 0 0 0 0;
  INPUT ---        1 0 1 0 0 0 0 0 1 0 0 0 0 0 0 0 0 0 0 0 0 0;
  INPUT ---        1 0 0 1 0 0 0 0 0 1 0 0 0 0 0 0 0 0 0 0 0 0;
  INPUT ---        1 0 0 0 1 0 0 0 0 0 1 0 0 0 0 0 0 0 0 0 0 0;
  INPUT ---        1 0 0 0 0 1 0 0 0 0 0 1 0 0 0 0 0 0 0 0 0 0;
  INPUT ---        1 0 0 0 0 0 1 0 0 0 0 0 1 0 0 0 0 0 0 0 0 0;
  INPUT ---        1 0 0 0 0 0 0 1 0 0 0 0 0 0 0 0 0 0 0 0 0 0;
  INPUT ---        1 1 0 0 0 0 0 0 1 0 0 0 0 0 0 0 0 0 0 0 0 0;
  INPUT ---        1 0 1 0 0 0 0 0 0 1 0 0 0 0 0 0 0 0 0 0 0 0;
  INPUT ---        1 0 0 1 0 0 0 0 0 0 1 0 0 0 0 0 0 0 0 0 0 0;
  INPUT ---        1 0 0 0 1 0 0 0 0 0 0 1 0 0 0 0 0 0 0 0 0 0;
  INPUT ---        1 0 0 0 0 1 0 0 0 0 0 0 1 0 0 0 0 0 0 0 0 0;
  INPUT ---        1 0 0 0 0 0 0 0 1 0 0 0 0 0 0 0 0 0 0 0 0 0;
  INPUT ---        1 1 0 0 0 0 0 0 0 1 0 0 0 0 0 0 0 0 0 0 0 0;
  INPUT ---        1 0 1 0 0 0 0 0 0 0 1 0 0 0 0 0 0 0 0 0 0 0;
  INPUT ---        1 0 0 1 0 0 0 0 0 0 0 1 0 0 0 0 0 0 0 0 0 0;
  INPUT ---        1 0 0 0 1 0 0 0 0 0 0 0 1 0 0 0 0 0 0 0 0 0;

  Program  MARK  - Survival Rate Estimation with Capture-Recapture Data
   gfortran(Win64) Vers. 8.0 Jun 2014   25-Jan-2015 15:10:52    Page  007
 - - - - - - - - - - - - - - - - - - - - - - - - - - - - - - - - - - - - - -
 
  INPUT ---        1 0 0 0 0 0 0 0 0 1 0 0 0 0 0 0 0 0 0 0 0 0;
  INPUT ---        1 1 0 0 0 0 0 0 0 0 1 0 0 0 0 0 0 0 0 0 0 0;
  INPUT ---        1 0 1 0 0 0 0 0 0 0 0 1 0 0 0 0 0 0 0 0 0 0;
  INPUT ---        1 0 0 1 0 0 0 0 0 0 0 0 1 0 0 0 0 0 0 0 0 0;
  INPUT ---        1 0 0 0 0 0 0 0 0 0 1 0 0 0 0 0 0 0 0 0 0 0;
  INPUT ---        1 1 0 0 0 0 0 0 0 0 0 1 0 0 0 0 0 0 0 0 0 0;
  INPUT ---        1 0 1 0 0 0 0 0 0 0 0 0 1 0 0 0 0 0 0 0 0 0;
  INPUT ---        1 0 0 0 0 0 0 0 0 0 0 1 0 0 0 0 0 0 0 0 0 0;
  INPUT ---        1 1 0 0 0 0 0 0 0 0 0 0 1 0 0 0 0 0 0 0 0 0;
  INPUT ---        1 0 0 0 0 0 0 0 0 0 0 0 1 0 0 0 0 0 0 0 0 0;
  INPUT ---        0 0 0 0 0 0 0 0 0 0 0 0 0 1 0 0 0 0 0 0 0 0;
  INPUT ---        0 0 0 0 0 0 0 0 0 0 0 0 0 1 1 0 0 0 0 0 0 0;
  INPUT ---        0 0 0 0 0 0 0 0 0 0 0 0 0 1 0 1 0 0 0 0 0 0;
  INPUT ---        0 0 0 0 0 0 0 0 0 0 0 0 0 1 0 0 1 0 0 0 0 0;
  INPUT ---        0 0 0 0 0 0 0 0 0 0 0 0 0 1 0 0 0 1 0 0 0 0;
  INPUT ---        0 0 0 0 0 0 0 0 0 0 0 0 0 1 0 0 0 0 1 0 0 0;
  INPUT ---        0 0 0 0 0 0 0 0 0 0 0 0 0 0 0 0 0 0 0 1 0 0;
  INPUT ---        0 0 0 0 0 0 0 0 0 0 0 0 0 0 0 0 0 0 0 1 1 0;
  INPUT ---        0 0 0 0 0 0 0 0 0 0 0 0 0 0 0 0 0 0 0 0 0 1;

  INPUT ---    blabel(1)=S:(Intercept);

  INPUT ---    blabel(2)=S:age1;

  INPUT ---    blabel(3)=S:age2;

  INPUT ---    blabel(4)=S:age3;

  INPUT ---    blabel(5)=S:age4;

  INPUT ---    blabel(6)=S:age5;

  INPUT ---    blabel(7)=S:age6;

  INPUT ---    blabel(8)=S:time2006;

  INPUT ---    blabel(9)=S:time2007;

  INPUT ---    blabel(10)=S:time2008;

  INPUT ---    blabel(11)=S:time2009;

  INPUT ---    blabel(12)=S:time2010;

  INPUT ---    blabel(13)=S:time2011;


  Program  MARK  - Survival Rate Estimation with Capture-Recapture Data
   gfortran(Win64) Vers. 8.0 Jun 2014   25-Jan-2015 15:10:52    Page  008
 - - - - - - - - - - - - - - - - - - - - - - - - - - - - - - - - - - - - - -
 
  INPUT ---    blabel(14)=p:(Intercept);

  INPUT ---    blabel(15)=p:age2;

  INPUT ---    blabel(16)=p:age3;

  INPUT ---    blabel(17)=p:age4;

  INPUT ---    blabel(18)=p:age5;

  INPUT ---    blabel(19)=p:age6;

  INPUT ---    blabel(20)=r:(Intercept);

  INPUT ---    blabel(21)=r:sex5;

  INPUT ---    blabel(22)=F:(Intercept);

  INPUT ---    rlabel(1)=S g41 c2005 c1 a0 t2005;

  INPUT ---    rlabel(2)=S g41 c2005 c1 a1 t2006;

  INPUT ---    rlabel(3)=S g41 c2005 c1 a2 t2007;

  INPUT ---    rlabel(4)=S g41 c2005 c1 a3 t2008;

  INPUT ---    rlabel(5)=S g41 c2005 c1 a4 t2009;

  INPUT ---    rlabel(6)=S g41 c2005 c1 a5 t2010;

  INPUT ---    rlabel(7)=S g41 c2005 c1 a6 t2011;

  INPUT ---    rlabel(8)=S g41 c2006 c2 a0 t2006;

  INPUT ---    rlabel(9)=S g41 c2006 c2 a1 t2007;

  INPUT ---    rlabel(10)=S g41 c2006 c2 a2 t2008;

  INPUT ---    rlabel(11)=S g41 c2006 c2 a3 t2009;

  INPUT ---    rlabel(12)=S g41 c2006 c2 a4 t2010;

  INPUT ---    rlabel(13)=S g41 c2006 c2 a5 t2011;

  INPUT ---    rlabel(14)=S g41 c2007 c3 a0 t2007;


  Program  MARK  - Survival Rate Estimation with Capture-Recapture Data
   gfortran(Win64) Vers. 8.0 Jun 2014   25-Jan-2015 15:10:52    Page  009
 - - - - - - - - - - - - - - - - - - - - - - - - - - - - - - - - - - - - - -
 
  INPUT ---    rlabel(15)=S g41 c2007 c3 a1 t2008;

  INPUT ---    rlabel(16)=S g41 c2007 c3 a2 t2009;

  INPUT ---    rlabel(17)=S g41 c2007 c3 a3 t2010;

  INPUT ---    rlabel(18)=S g41 c2007 c3 a4 t2011;

  INPUT ---    rlabel(19)=S g41 c2008 c4 a0 t2008;

  INPUT ---    rlabel(20)=S g41 c2008 c4 a1 t2009;

  INPUT ---    rlabel(21)=S g41 c2008 c4 a2 t2010;

  INPUT ---    rlabel(22)=S g41 c2008 c4 a3 t2011;

  INPUT ---    rlabel(23)=S g41 c2009 c5 a0 t2009;

  INPUT ---    rlabel(24)=S g41 c2009 c5 a1 t2010;

  INPUT ---    rlabel(25)=S g41 c2009 c5 a2 t2011;

  INPUT ---    rlabel(26)=S g41 c2010 c6 a0 t2010;

  INPUT ---    rlabel(27)=S g41 c2010 c6 a1 t2011;

  INPUT ---    rlabel(28)=S g41 c2011 c7 a0 t2011;

  INPUT ---    rlabel(29)=p g41 c2005 c1 a1 t2006;

  INPUT ---    rlabel(30)=p g41 c2005 c1 a2 t2007;

  INPUT ---    rlabel(31)=p g41 c2005 c1 a3 t2008;

  INPUT ---    rlabel(32)=p g41 c2005 c1 a4 t2009;

  INPUT ---    rlabel(33)=p g41 c2005 c1 a5 t2010;

  INPUT ---    rlabel(34)=p g41 c2005 c1 a6 t2011;

  INPUT ---    rlabel(35)=r g41 c2005 c1 a0 t2005;

  INPUT ---    rlabel(36)=r g51 c2005 c1 a0 t2005;

  INPUT ---    rlabel(37)=F g41 c2005 c1 a0 t2005;

  Program  MARK  - Survival Rate Estimation with Capture-Recapture Data
   gfortran(Win64) Vers. 8.0 Jun 2014   25-Jan-2015 15:10:52    Page  010
 - - - - - - - - - - - - - - - - - - - - - - - - - - - - - - - - - - - - - -
 

 Link Function Used is LOGIT        

 Variance Estimation Procedure Used is 2ndPart 

 M(t+1):



 -2logL(saturated) = 1739.8188     
 Effective Sample Size = 7075

 Number of function evaluations was 200 for 22 parameters.
 Time for numerical optimization was 5.85 seconds.
 -2logL { S(~age + time)p(~age)r(~sex)F(~1) } = 2471.5253     
 Penalty { S(~age + time)p(~age)r(~sex)F(~1) } = -0.0000000    
 Gradient { S(~age + time)p(~age)r(~sex)F(~1) }:
  0.2893551E-04 0.1399923E-04-0.1256246E-05-0.1220732E-04 0.1615014E-04
  0.3397057E-05 0.3927871E-04 0.1605071E-05 0.1115567E-03-0.1119733E-04
 -0.2420019E-05 0.3111059E-05 0.1012996E-04-0.1285059E-04-0.1369000E-03
   0.000000     0.1893544E-04 0.4121175E-05 0.6463357E-06-0.1434477E-03
 -0.8869945E-04  0.000000    
 S Vector { S(~age + time)p(~age)r(~sex)F(~1) }:
   374.7145      52.86135      19.28918      7.455832      2.157035    
   1.694361      1.486353     0.7717800     0.3549146     0.1180028    
  0.6238464E-01 0.1463807E-04 0.8373099E-05 0.4400195E-05 0.1649015E-05
  0.8512202E-06 0.2459874E-06 0.2074225E-06 0.2855973E-07 0.6422855E-08
  0.4775624E-08 0.4128915E-08
 Time to compute number of parameters was 0.70 seconds.
   Threshold =  0.4600000E-06     Condition index =  0.1101883E-10     New Threshold =  0.1936633E-07
 New Guessimate of Estimated Parameters { S(~age + time)p(~age)r(~sex)F(~1) } = 13          
 Conditioned S Vector { S(~age + time)p(~age)r(~sex)F(~1) }:
   1.000000     0.1410710     0.5147701E-01 0.1989737E-01 0.5756477E-02
  0.4521738E-02 0.3966629E-02 0.2059648E-02 0.9471601E-03 0.3149138E-03
  0.1664858E-03 0.3906459E-07 0.2234528E-07 0.1174279E-07 0.4400724E-08
  0.2271650E-08 0.6564663E-09 0.5535481E-09 0.7621731E-10 0.1714066E-10
  0.1274470E-10 0.1101883E-10
 Number of Estimated Parameters { S(~age + time)p(~age)r(~sex)F(~1) } = 11          
 DEVIANCE { S(~age + time)p(~age)r(~sex)F(~1) } = 731.70657                     
 DEVIANCE Degrees of Freedom { S(~age + time)p(~age)r(~sex)F(~1) } = 4            
 c-hat { S(~age + time)p(~age)r(~sex)F(~1) } = 182.92664                     
 AIC { S(~age + time)p(~age)r(~sex)F(~1) } = 2493.5253                  
 AICc { S(~age + time)p(~age)r(~sex)F(~1) } = 2493.5627                    
 BIC { S(~age + time)p(~age)r(~sex)F(~1) } = 2569.0329                    
 Pearson Chisquare { S(~age + time)p(~age)r(~sex)F(~1) } = Not a Number               
 Possible Encounter Histories { S(~age + time)p(~age)r(~sex)F(~1) } = 896             
 Pearson Chisquare df { S(~age + time)p(~age)r(~sex)F(~1) } = 849        
 Pearson chat { S(~age + time)p(~age)r(~sex)F(~1) } = Not a Number               
 Sum(Observed/Expected) { S(~age + time)p(~age)r(~sex)F(~1) } = Not a Number               
 Fletcher chat { S(~age + time)p(~age)r(~sex)F(~1) } = Not a Number               


            LOGIT Link Function Parameters of { S(~age + time)p(~age)r(~sex)F(~1) }
                                                              95% Confidence Interval
 Parameter                    Beta         Standard Error      Lower           Upper
 -------------------------  --------------  --------------  --------------  --------------
    1:S:(Intercept)         -0.5715892      1.6044466       -3.7163047      2.5731262     
    2:S:age1                57.470736       0.0000000       57.470736       57.470736     
    3:S:age2                71.397801       1083.6536       -2052.5634      2195.3590     
    4:S:age3                54.878028       0.0000000       54.878028       54.878028     
    5:S:age4                -1.8157495      350.89703       -689.57394      685.94244     
    6:S:age5                -12.386510      2172.7738       -4271.0233      4246.2502     
    7:S:age6                -0.1577451      503.61473       -987.24263      986.92714     

  Program  MARK  - Survival Rate Estimation with Capture-Recapture Data
   gfortran(Win64) Vers. 8.0 Jun 2014   25-Jan-2015 15:10:54    Page  011
 - - - - - - - - - - - - - - - - - - - - - - - - - - - - - - - - - - - - - -
 
    8:S:time2006            -27.331910      0.0000000       -27.331910      -27.331910    
    9:S:time2007            0.2229139       2.3186987       -4.3217355      4.7675634     
   10:S:time2008            -59.918193      0.0000000       -59.918193      -59.918193    
   11:S:time2009            17.791065       769.59355       -1490.6123      1526.1944     
   12:S:time2010            28.234247       128.55016       -223.72407      280.19257     
   13:S:time2011            -52.869589      0.0000000       -52.869589      -52.869589    
   14:p:(Intercept)         -6.0774552      0.4659563       -6.9907295      -5.1641809    
   15:p:age2                -0.3286994      0.8453512       -1.9855878      1.3281889     
   16:p:age3                0.3936223       1.3978408       -2.3461456      3.1333902     
   17:p:age4                3.8031337       2.4823413       -1.0622553      8.6685227     
   18:p:age5                -10.034409      1866.1483       -3667.6851      3647.6162     
   19:p:age6                69.357762       0.0000000       69.357762       69.357762     
   20:r:(Intercept)         -2.8041523      0.0858918       -2.9725002      -2.6358045    
   21:r:sex5                0.0253668       0.1192478       -0.2083588      0.2590924     
   22:F:(Intercept)         18.320686       0.0000000       18.320686       18.320686     


            Real Function Parameters of { S(~age + time)p(~age)r(~sex)F(~1) }
                                                               95% Confidence Interval
  Parameter                  Estimate       Standard Error      Lower           Upper
 --------------------------  --------------  --------------  --------------  --------------
     1:S g41 c2005 c1 a0 t2  0.3608702       0.3700542       0.0237461       0.9291119                           
     2:S g41 c2005 c1 a1 t2  1.0000000       0.0000000       1.0000000       1.0000000                           
     3:S g41 c2005 c1 a2 t2  1.0000000       0.0000000       1.0000000       1.0000000                           
     4:S g41 c2005 c1 a3 t2  0.0036413       0.0052080       0.2192069E-003  0.0574196                           
     5:S g41 c2005 c1 a4 t2  0.9999998       0.1700814E-003  0.4826321E-297  1.0000000                           
     6:S g41 c2005 c1 a5 t2  0.9999998       0.5433138E-003  0.4248242E-297  1.0000000                           
     7:S g41 c2005 c1 a6 t2  0.5275741E-023  0.2568191E-020  -.5028379E-020  0.5038930E-020                      
     8:S g41 c2006 c2 a0 t2  0.7614903E-012  0.0000000       0.7614903E-012  0.7614903E-012                      
     9:S g41 c2006 c2 a1 t2  1.0000000       0.0000000       1.0000000       1.0000000                           
    10:S g41 c2006 c2 a2 t2  0.9999817       0.0199847       0.5384620E-299  1.0000000                           
    11:S g41 c2006 c2 a3 t2  1.0000000       0.0000000       1.0000000       1.0000000                           
    12:S g41 c2006 c2 a4 t2  1.0000000       0.2129228E-008  1.0000000       1.0000000                           
    13:S g41 c2006 c2 a5 t2  0.2578686E-028  0.5592500E-025  -.1095872E-024  0.1096388E-024                      
    14:S g41 c2007 c3 a0 t2  0.4137037       0.4539703       0.0176870       0.9650994                           
    15:S g41 c2007 c3 a1 t2  0.0465728       0.1152564       0.3014776E-003  0.8877956                           
    16:S g41 c2007 c3 a2 t2  1.0000000       0.0000000       1.0000000       1.0000000                           
    17:S g41 c2007 c3 a3 t2  1.0000000       0.0000000       1.0000000       1.0000000                           
    18:S g41 c2007 c3 a4 t2  0.1005128E-023  0.3275402E-021  -.6409736E-021  0.6429838E-021                      
    19:S g41 c2008 c4 a0 t2  0.5365636E-026  0.0000000       0.5365636E-026  0.5365636E-026                      
    20:S g41 c2008 c4 a1 t2  1.0000000       0.0000000       1.0000000       1.0000000                           
    21:S g41 c2008 c4 a2 t2  1.0000000       0.0000000       1.0000000       1.0000000                           
    22:S g41 c2008 c4 a3 t2  0.8079663       0.4987455       0.0076642       0.9995639                           
    23:S g41 c2009 c5 a0 t2  1.0000000       0.2558218E-004  0.2966102E-296  1.0000000                           
    24:S g41 c2009 c5 a1 t2  1.0000000       0.0000000       1.0000000       1.0000000                           
    25:S g41 c2009 c5 a2 t2  1.0000000       0.1735967E-004  0.6199050E-296  1.0000000                           

  Program  MARK  - Survival Rate Estimation with Capture-Recapture Data
   gfortran(Win64) Vers. 8.0 Jun 2014   25-Jan-2015 15:10:54    Page  012
 - - - - - - - - - - - - - - - - - - - - - - - - - - - - - - - - - - - - - -
 
    26:S g41 c2010 c6 a0 t2  1.0000000       0.1245434E-009  1.0000000       1.0000000                           
    27:S g41 c2010 c6 a1 t2  0.9825285       0.0174903       0.8841730       0.9975920                           
    28:S g41 c2011 c7 a0 t2  0.6177194E-023  0.0000000       0.6177194E-023  0.6177194E-023                      
    29:p g41 c2005 c1 a1 t2  0.0022888       0.0010640       0.9195286E-003  0.0056852                           
    30:p g41 c2005 c1 a2 t2  0.0016486       0.0012306       0.3812770E-003  0.0070988                           
    31:p g41 c2005 c1 a3 t2  0.0033890       0.0047648       0.2140934E-003  0.0512329                           
    32:p g41 c2005 c1 a4 t2  0.0932721       0.2078856       0.8309130E-003  0.9271364                           
    33:p g41 c2005 c1 a5 t2  0.1006250E-006  0.1877812E-003  0.9921304E-311  1.0000000                           
    34:p g41 c2005 c1 a6 t2  1.0000000       0.0000000       1.0000000       1.0000000                           
    35:r g41 c2005 c1 a0 t2  0.0571002       0.0046244       0.0486838       0.0668694                           
    36:r g51 c2005 c1 a0 t2  0.0584814       0.0045622       0.0501549       0.0680911                           
    37:F g41 c2005 c1 a0 t2  1.0000000       0.0000000       1.0000000       1.0000000                           

 Attempted ordering of parameters by estimatibility:
  20 21  1 14 15  2 17 16  9 10 13  4  5  7 11  3 18  6 22  8 12 19
 Beta number 19 is a singular value.

     CPU Time in seconds for last procedure was 6.57


  INPUT --- proc stop;

     CPU Time in minutes for this job was 0.11

     Time Start = 15:10:52.584   Time End = 15:10:54.008

     Wall Clock Time in minutes for this job was 0.02


          E X E C U T I O N   S U C C E S S F U L 
