
   Program  MARK  - Survival Rate Estimation with Capture-Recapture Data
   gfortran(Win64) Vers. 8.0 Jun 2014   21-Jan-2015 17:39:18    Page  001
 - - - - - - - - - - - - - - - - - - - - - - - - - - - - - - - - - - - - - -
 
   This version was compiled by GCC version 4.8.1 using the options 
   -m64 -mtune=generic -march=x86-64 -mthreads -O2 -fimplicit-none -fbounds-check -funroll-loops -ftree-vectorize -fopenmp.
   This problem will use 3 of 4 possible threads.


  INPUT --- proc title ;

     CPU Time in seconds for last procedure was 0.02


  INPUT --- proc chmatrix occasions= 7 groups= 16 etype= Live ICMeans 
  INPUT --- NoHist hist= 341 ;

  INPUT ---    time  interval 1 1 1 1 1 1 ;

  INPUT ---    glabel(1)=sexM.age1.region1;

  INPUT ---    glabel(2)=sexF.age2.region1;

  INPUT ---    glabel(3)=sexM.age2.region1;

  INPUT ---    glabel(4)=sexF.age3.region1;

  INPUT ---    glabel(5)=sexM.age1.region2;

  INPUT ---    glabel(6)=sexF.age2.region2;

  INPUT ---    glabel(7)=sexM.age2.region2;

  INPUT ---    glabel(8)=sexF.age3.region2;

  INPUT ---    glabel(9)=sexM.age1.region3;

  INPUT ---    glabel(10)=sexF.age2.region3;

  INPUT ---    glabel(11)=sexM.age2.region3;

  INPUT ---    glabel(12)=sexF.age3.region3;

  INPUT ---    glabel(13)=sexM.age1.region4;

  INPUT ---    glabel(14)=sexF.age2.region4;

  INPUT ---    glabel(15)=sexM.age2.region4;


  Program  MARK  - Survival Rate Estimation with Capture-Recapture Data
   gfortran(Win64) Vers. 8.0 Jun 2014   21-Jan-2015 17:39:18    Page  002
 - - - - - - - - - - - - - - - - - - - - - - - - - - - - - - - - - - - - - -
 
  INPUT ---    glabel(16)=sexF.age3.region4;

   * *  WARNING  * *   At least a pair of the encounter histories are duplicates. 

      Number of unique encounter histories read was 108.

      Number of individual covariates read was 0.
      Time interval lengths are all equal to 1.

      Data type number is 1
      Data type is Live Recaptures (CJS)                                                                               

     CPU Time in seconds for last procedure was 0.02


  INPUT --- proc estimate link=Logit NOLOOP varest=2ndPart    ;


  INPUT --- model={ Phi(~time + age)p(~1) };

  INPUT ---    group=1 Phi    rows=6 cols=6 Triang ;
  INPUT ---        1 2 3 4 5 6 ;
  INPUT ---        7 8 9 10 11 ;
  INPUT ---        12 13 14 15 ;
  INPUT ---        16 17 18 ;
  INPUT ---        19 20 ;
  INPUT ---        21 ;

  INPUT ---    group=2 Phi    rows=6 cols=6 Triang ;
  INPUT ---        22 23 24 25 26 27 ;
  INPUT ---        2 3 4 5 6 ;
  INPUT ---        8 9 10 11 ;
  INPUT ---        13 14 15 ;
  INPUT ---        17 18 ;
  INPUT ---        20 ;

  INPUT ---    group=3 Phi    rows=6 cols=6 Triang ;
  INPUT ---        22 23 24 25 26 27 ;
  INPUT ---        2 3 4 5 6 ;
  INPUT ---        8 9 10 11 ;
  INPUT ---        13 14 15 ;
  INPUT ---        17 18 ;
  INPUT ---        20 ;

  INPUT ---    group=4 Phi    rows=6 cols=6 Triang ;
  INPUT ---        28 29 30 31 32 33 ;
  INPUT ---        23 24 25 26 27 ;

  Program  MARK  - Survival Rate Estimation with Capture-Recapture Data
   gfortran(Win64) Vers. 8.0 Jun 2014   21-Jan-2015 17:39:18    Page  003
 - - - - - - - - - - - - - - - - - - - - - - - - - - - - - - - - - - - - - -
 
  INPUT ---        3 4 5 6 ;
  INPUT ---        9 10 11 ;
  INPUT ---        14 15 ;
  INPUT ---        18 ;

  INPUT ---    group=5 Phi    rows=6 cols=6 Triang ;
  INPUT ---        1 2 3 4 5 6 ;
  INPUT ---        7 8 9 10 11 ;
  INPUT ---        12 13 14 15 ;
  INPUT ---        16 17 18 ;
  INPUT ---        19 20 ;
  INPUT ---        21 ;

  INPUT ---    group=6 Phi    rows=6 cols=6 Triang ;
  INPUT ---        22 23 24 25 26 27 ;
  INPUT ---        2 3 4 5 6 ;
  INPUT ---        8 9 10 11 ;
  INPUT ---        13 14 15 ;
  INPUT ---        17 18 ;
  INPUT ---        20 ;

  INPUT ---    group=7 Phi    rows=6 cols=6 Triang ;
  INPUT ---        22 23 24 25 26 27 ;
  INPUT ---        2 3 4 5 6 ;
  INPUT ---        8 9 10 11 ;
  INPUT ---        13 14 15 ;
  INPUT ---        17 18 ;
  INPUT ---        20 ;

  INPUT ---    group=8 Phi    rows=6 cols=6 Triang ;
  INPUT ---        28 29 30 31 32 33 ;
  INPUT ---        23 24 25 26 27 ;
  INPUT ---        3 4 5 6 ;
  INPUT ---        9 10 11 ;
  INPUT ---        14 15 ;
  INPUT ---        18 ;

  INPUT ---    group=9 Phi    rows=6 cols=6 Triang ;
  INPUT ---        1 2 3 4 5 6 ;
  INPUT ---        7 8 9 10 11 ;
  INPUT ---        12 13 14 15 ;
  INPUT ---        16 17 18 ;
  INPUT ---        19 20 ;
  INPUT ---        21 ;

  INPUT ---    group=10 Phi    rows=6 cols=6 Triang ;

  Program  MARK  - Survival Rate Estimation with Capture-Recapture Data
   gfortran(Win64) Vers. 8.0 Jun 2014   21-Jan-2015 17:39:18    Page  004
 - - - - - - - - - - - - - - - - - - - - - - - - - - - - - - - - - - - - - -
 
  INPUT ---        22 23 24 25 26 27 ;
  INPUT ---        2 3 4 5 6 ;
  INPUT ---        8 9 10 11 ;
  INPUT ---        13 14 15 ;
  INPUT ---        17 18 ;
  INPUT ---        20 ;

  INPUT ---    group=11 Phi    rows=6 cols=6 Triang ;
  INPUT ---        22 23 24 25 26 27 ;
  INPUT ---        2 3 4 5 6 ;
  INPUT ---        8 9 10 11 ;
  INPUT ---        13 14 15 ;
  INPUT ---        17 18 ;
  INPUT ---        20 ;

  INPUT ---    group=12 Phi    rows=6 cols=6 Triang ;
  INPUT ---        28 29 30 31 32 33 ;
  INPUT ---        23 24 25 26 27 ;
  INPUT ---        3 4 5 6 ;
  INPUT ---        9 10 11 ;
  INPUT ---        14 15 ;
  INPUT ---        18 ;

  INPUT ---    group=13 Phi    rows=6 cols=6 Triang ;
  INPUT ---        1 2 3 4 5 6 ;
  INPUT ---        7 8 9 10 11 ;
  INPUT ---        12 13 14 15 ;
  INPUT ---        16 17 18 ;
  INPUT ---        19 20 ;
  INPUT ---        21 ;

  INPUT ---    group=14 Phi    rows=6 cols=6 Triang ;
  INPUT ---        22 23 24 25 26 27 ;
  INPUT ---        2 3 4 5 6 ;
  INPUT ---        8 9 10 11 ;
  INPUT ---        13 14 15 ;
  INPUT ---        17 18 ;
  INPUT ---        20 ;

  INPUT ---    group=15 Phi    rows=6 cols=6 Triang ;
  INPUT ---        22 23 24 25 26 27 ;
  INPUT ---        2 3 4 5 6 ;
  INPUT ---        8 9 10 11 ;
  INPUT ---        13 14 15 ;
  INPUT ---        17 18 ;
  INPUT ---        20 ;

  Program  MARK  - Survival Rate Estimation with Capture-Recapture Data
   gfortran(Win64) Vers. 8.0 Jun 2014   21-Jan-2015 17:39:18    Page  005
 - - - - - - - - - - - - - - - - - - - - - - - - - - - - - - - - - - - - - -
 

  INPUT ---    group=16 Phi    rows=6 cols=6 Triang ;
  INPUT ---        28 29 30 31 32 33 ;
  INPUT ---        23 24 25 26 27 ;
  INPUT ---        3 4 5 6 ;
  INPUT ---        9 10 11 ;
  INPUT ---        14 15 ;
  INPUT ---        18 ;

  INPUT ---    group=1 p    rows=6 cols=6 Triang ;
  INPUT ---        34 34 34 34 34 34 ;
  INPUT ---        34 34 34 34 34 ;
  INPUT ---        34 34 34 34 ;
  INPUT ---        34 34 34 ;
  INPUT ---        34 34 ;
  INPUT ---        34 ;

  INPUT ---    group=2 p    rows=6 cols=6 Triang ;
  INPUT ---        34 34 34 34 34 34 ;
  INPUT ---        34 34 34 34 34 ;
  INPUT ---        34 34 34 34 ;
  INPUT ---        34 34 34 ;
  INPUT ---        34 34 ;
  INPUT ---        34 ;

  INPUT ---    group=3 p    rows=6 cols=6 Triang ;
  INPUT ---        34 34 34 34 34 34 ;
  INPUT ---        34 34 34 34 34 ;
  INPUT ---        34 34 34 34 ;
  INPUT ---        34 34 34 ;
  INPUT ---        34 34 ;
  INPUT ---        34 ;

  INPUT ---    group=4 p    rows=6 cols=6 Triang ;
  INPUT ---        34 34 34 34 34 34 ;
  INPUT ---        34 34 34 34 34 ;
  INPUT ---        34 34 34 34 ;
  INPUT ---        34 34 34 ;
  INPUT ---        34 34 ;
  INPUT ---        34 ;

  INPUT ---    group=5 p    rows=6 cols=6 Triang ;
  INPUT ---        34 34 34 34 34 34 ;
  INPUT ---        34 34 34 34 34 ;
  INPUT ---        34 34 34 34 ;
  INPUT ---        34 34 34 ;

  Program  MARK  - Survival Rate Estimation with Capture-Recapture Data
   gfortran(Win64) Vers. 8.0 Jun 2014   21-Jan-2015 17:39:18    Page  006
 - - - - - - - - - - - - - - - - - - - - - - - - - - - - - - - - - - - - - -
 
  INPUT ---        34 34 ;
  INPUT ---        34 ;

  INPUT ---    group=6 p    rows=6 cols=6 Triang ;
  INPUT ---        34 34 34 34 34 34 ;
  INPUT ---        34 34 34 34 34 ;
  INPUT ---        34 34 34 34 ;
  INPUT ---        34 34 34 ;
  INPUT ---        34 34 ;
  INPUT ---        34 ;

  INPUT ---    group=7 p    rows=6 cols=6 Triang ;
  INPUT ---        34 34 34 34 34 34 ;
  INPUT ---        34 34 34 34 34 ;
  INPUT ---        34 34 34 34 ;
  INPUT ---        34 34 34 ;
  INPUT ---        34 34 ;
  INPUT ---        34 ;

  INPUT ---    group=8 p    rows=6 cols=6 Triang ;
  INPUT ---        34 34 34 34 34 34 ;
  INPUT ---        34 34 34 34 34 ;
  INPUT ---        34 34 34 34 ;
  INPUT ---        34 34 34 ;
  INPUT ---        34 34 ;
  INPUT ---        34 ;

  INPUT ---    group=9 p    rows=6 cols=6 Triang ;
  INPUT ---        34 34 34 34 34 34 ;
  INPUT ---        34 34 34 34 34 ;
  INPUT ---        34 34 34 34 ;
  INPUT ---        34 34 34 ;
  INPUT ---        34 34 ;
  INPUT ---        34 ;

  INPUT ---    group=10 p    rows=6 cols=6 Triang ;
  INPUT ---        34 34 34 34 34 34 ;
  INPUT ---        34 34 34 34 34 ;
  INPUT ---        34 34 34 34 ;
  INPUT ---        34 34 34 ;
  INPUT ---        34 34 ;
  INPUT ---        34 ;

  INPUT ---    group=11 p    rows=6 cols=6 Triang ;
  INPUT ---        34 34 34 34 34 34 ;
  INPUT ---        34 34 34 34 34 ;

  Program  MARK  - Survival Rate Estimation with Capture-Recapture Data
   gfortran(Win64) Vers. 8.0 Jun 2014   21-Jan-2015 17:39:18    Page  007
 - - - - - - - - - - - - - - - - - - - - - - - - - - - - - - - - - - - - - -
 
  INPUT ---        34 34 34 34 ;
  INPUT ---        34 34 34 ;
  INPUT ---        34 34 ;
  INPUT ---        34 ;

  INPUT ---    group=12 p    rows=6 cols=6 Triang ;
  INPUT ---        34 34 34 34 34 34 ;
  INPUT ---        34 34 34 34 34 ;
  INPUT ---        34 34 34 34 ;
  INPUT ---        34 34 34 ;
  INPUT ---        34 34 ;
  INPUT ---        34 ;

  INPUT ---    group=13 p    rows=6 cols=6 Triang ;
  INPUT ---        34 34 34 34 34 34 ;
  INPUT ---        34 34 34 34 34 ;
  INPUT ---        34 34 34 34 ;
  INPUT ---        34 34 34 ;
  INPUT ---        34 34 ;
  INPUT ---        34 ;

  INPUT ---    group=14 p    rows=6 cols=6 Triang ;
  INPUT ---        34 34 34 34 34 34 ;
  INPUT ---        34 34 34 34 34 ;
  INPUT ---        34 34 34 34 ;
  INPUT ---        34 34 34 ;
  INPUT ---        34 34 ;
  INPUT ---        34 ;

  INPUT ---    group=15 p    rows=6 cols=6 Triang ;
  INPUT ---        34 34 34 34 34 34 ;
  INPUT ---        34 34 34 34 34 ;
  INPUT ---        34 34 34 34 ;
  INPUT ---        34 34 34 ;
  INPUT ---        34 34 ;
  INPUT ---        34 ;

  INPUT ---    group=16 p    rows=6 cols=6 Triang ;
  INPUT ---        34 34 34 34 34 34 ;
  INPUT ---        34 34 34 34 34 ;
  INPUT ---        34 34 34 34 ;
  INPUT ---        34 34 34 ;
  INPUT ---        34 34 ;
  INPUT ---        34 ;

  INPUT ---    design matrix constraints=34 covariates=14;

  Program  MARK  - Survival Rate Estimation with Capture-Recapture Data
   gfortran(Win64) Vers. 8.0 Jun 2014   21-Jan-2015 17:39:18    Page  008
 - - - - - - - - - - - - - - - - - - - - - - - - - - - - - - - - - - - - - -
 
  INPUT ---        1 0 0 0 0 0 0 0 0 0 0 0 0 0;
  INPUT ---        1 1 0 0 0 0 1 0 0 0 0 0 0 0;
  INPUT ---        1 0 1 0 0 0 0 1 0 0 0 0 0 0;
  INPUT ---        1 0 0 1 0 0 0 0 1 0 0 0 0 0;
  INPUT ---        1 0 0 0 1 0 0 0 0 1 0 0 0 0;
  INPUT ---        1 0 0 0 0 1 0 0 0 0 1 0 0 0;
  INPUT ---        1 1 0 0 0 0 0 0 0 0 0 0 0 0;
  INPUT ---        1 0 1 0 0 0 1 0 0 0 0 0 0 0;
  INPUT ---        1 0 0 1 0 0 0 1 0 0 0 0 0 0;
  INPUT ---        1 0 0 0 1 0 0 0 1 0 0 0 0 0;
  INPUT ---        1 0 0 0 0 1 0 0 0 1 0 0 0 0;
  INPUT ---        1 0 1 0 0 0 0 0 0 0 0 0 0 0;
  INPUT ---        1 0 0 1 0 0 1 0 0 0 0 0 0 0;
  INPUT ---        1 0 0 0 1 0 0 1 0 0 0 0 0 0;
  INPUT ---        1 0 0 0 0 1 0 0 1 0 0 0 0 0;
  INPUT ---        1 0 0 1 0 0 0 0 0 0 0 0 0 0;
  INPUT ---        1 0 0 0 1 0 1 0 0 0 0 0 0 0;
  INPUT ---        1 0 0 0 0 1 0 1 0 0 0 0 0 0;
  INPUT ---        1 0 0 0 1 0 0 0 0 0 0 0 0 0;
  INPUT ---        1 0 0 0 0 1 1 0 0 0 0 0 0 0;
  INPUT ---        1 0 0 0 0 1 0 0 0 0 0 0 0 0;
  INPUT ---        1 0 0 0 0 0 1 0 0 0 0 0 0 0;
  INPUT ---        1 1 0 0 0 0 0 1 0 0 0 0 0 0;
  INPUT ---        1 0 1 0 0 0 0 0 1 0 0 0 0 0;
  INPUT ---        1 0 0 1 0 0 0 0 0 1 0 0 0 0;
  INPUT ---        1 0 0 0 1 0 0 0 0 0 1 0 0 0;
  INPUT ---        1 0 0 0 0 1 0 0 0 0 0 1 0 0;
  INPUT ---        1 0 0 0 0 0 0 1 0 0 0 0 0 0;
  INPUT ---        1 1 0 0 0 0 0 0 1 0 0 0 0 0;
  INPUT ---        1 0 1 0 0 0 0 0 0 1 0 0 0 0;
  INPUT ---        1 0 0 1 0 0 0 0 0 0 1 0 0 0;
  INPUT ---        1 0 0 0 1 0 0 0 0 0 0 1 0 0;
  INPUT ---        1 0 0 0 0 1 0 0 0 0 0 0 1 0;
  INPUT ---        0 0 0 0 0 0 0 0 0 0 0 0 0 1;

  INPUT ---    blabel(1)=Phi:(Intercept);

  INPUT ---    blabel(2)=Phi:time2;

  INPUT ---    blabel(3)=Phi:time3;

  INPUT ---    blabel(4)=Phi:time4;

  INPUT ---    blabel(5)=Phi:time5;

  INPUT ---    blabel(6)=Phi:time6;

  Program  MARK  - Survival Rate Estimation with Capture-Recapture Data
   gfortran(Win64) Vers. 8.0 Jun 2014   21-Jan-2015 17:39:18    Page  009
 - - - - - - - - - - - - - - - - - - - - - - - - - - - - - - - - - - - - - -
 

  INPUT ---    blabel(7)=Phi:age1;

  INPUT ---    blabel(8)=Phi:age2;

  INPUT ---    blabel(9)=Phi:age3;

  INPUT ---    blabel(10)=Phi:age4;

  INPUT ---    blabel(11)=Phi:age5;

  INPUT ---    blabel(12)=Phi:age6;

  INPUT ---    blabel(13)=Phi:age7;

  INPUT ---    blabel(14)=p:(Intercept);

  INPUT ---    rlabel(1)=Phi gM11 c1 c1 a0 t1;

  INPUT ---    rlabel(2)=Phi gM11 c1 c1 a1 t2;

  INPUT ---    rlabel(3)=Phi gM11 c1 c1 a2 t3;

  INPUT ---    rlabel(4)=Phi gM11 c1 c1 a3 t4;

  INPUT ---    rlabel(5)=Phi gM11 c1 c1 a4 t5;

  INPUT ---    rlabel(6)=Phi gM11 c1 c1 a5 t6;

  INPUT ---    rlabel(7)=Phi gM11 c2 c2 a0 t2;

  INPUT ---    rlabel(8)=Phi gM11 c2 c2 a1 t3;

  INPUT ---    rlabel(9)=Phi gM11 c2 c2 a2 t4;

  INPUT ---    rlabel(10)=Phi gM11 c2 c2 a3 t5;

  INPUT ---    rlabel(11)=Phi gM11 c2 c2 a4 t6;

  INPUT ---    rlabel(12)=Phi gM11 c3 c3 a0 t3;

  INPUT ---    rlabel(13)=Phi gM11 c3 c3 a1 t4;

  INPUT ---    rlabel(14)=Phi gM11 c3 c3 a2 t5;

  INPUT ---    rlabel(15)=Phi gM11 c3 c3 a3 t6;

  Program  MARK  - Survival Rate Estimation with Capture-Recapture Data
   gfortran(Win64) Vers. 8.0 Jun 2014   21-Jan-2015 17:39:18    Page  010
 - - - - - - - - - - - - - - - - - - - - - - - - - - - - - - - - - - - - - -
 

  INPUT ---    rlabel(16)=Phi gM11 c4 c4 a0 t4;

  INPUT ---    rlabel(17)=Phi gM11 c4 c4 a1 t5;

  INPUT ---    rlabel(18)=Phi gM11 c4 c4 a2 t6;

  INPUT ---    rlabel(19)=Phi gM11 c5 c5 a0 t5;

  INPUT ---    rlabel(20)=Phi gM11 c5 c5 a1 t6;

  INPUT ---    rlabel(21)=Phi gM11 c6 c6 a0 t6;

  INPUT ---    rlabel(22)=Phi gF21 c1 c1 a1 t1;

  INPUT ---    rlabel(23)=Phi gF21 c1 c1 a2 t2;

  INPUT ---    rlabel(24)=Phi gF21 c1 c1 a3 t3;

  INPUT ---    rlabel(25)=Phi gF21 c1 c1 a4 t4;

  INPUT ---    rlabel(26)=Phi gF21 c1 c1 a5 t5;

  INPUT ---    rlabel(27)=Phi gF21 c1 c1 a6 t6;

  INPUT ---    rlabel(28)=Phi gF31 c1 c1 a2 t1;

  INPUT ---    rlabel(29)=Phi gF31 c1 c1 a3 t2;

  INPUT ---    rlabel(30)=Phi gF31 c1 c1 a4 t3;

  INPUT ---    rlabel(31)=Phi gF31 c1 c1 a5 t4;

  INPUT ---    rlabel(32)=Phi gF31 c1 c1 a6 t5;

  INPUT ---    rlabel(33)=Phi gF31 c1 c1 a7 t6;

  INPUT ---    rlabel(34)=p gM11 c1 c1 a1 t2;

 Link Function Used is LOGIT        

 Variance Estimation Procedure Used is 2ndPart 
 -2logL(saturated) = 18629.211     
 Effective Sample Size = 10204

 Number of function evaluations was 51 for 14 parameters.
 Time for numerical optimization was 0.19 seconds.

  Program  MARK  - Survival Rate Estimation with Capture-Recapture Data
   gfortran(Win64) Vers. 8.0 Jun 2014   21-Jan-2015 17:39:18    Page  011
 - - - - - - - - - - - - - - - - - - - - - - - - - - - - - - - - - - - - - -
 
 -2logL { Phi(~time + age)p(~1) } = 19582.084     
 Penalty { Phi(~time + age)p(~1) } = -0.0000000    
 Gradient { Phi(~time + age)p(~1) }:
 -0.4990702E-02  0.000000    -0.6067554E-03-0.2789763E-02-0.2265919E-02
 -0.2173966E-03-0.2177261E-02 0.2253386E-02-0.3369939E-02-0.1834913E-02
   0.000000      0.000000      0.000000      0.000000    
 S Vector { Phi(~time + age)p(~1) }:
   2750.539      1265.136      741.3513      202.9910      106.2157    
   96.86515      59.28645      28.83318      12.09390     0.3569239E-03
  0.2834031E-03 0.2497404E-04 0.2870850E-05 0.8469645E-06
 Time to compute number of parameters was 0.06 seconds.
   Threshold =  0.3000000E-06     Condition index =  0.3079268E-09     New Threshold =  0.3169051E-05
 New Guessimate of Estimated Parameters { Phi(~time + age)p(~1) } = 9          
 Conditioned S Vector { Phi(~time + age)p(~1) }:
   1.000000     0.4599591     0.2695295     0.7380045E-01 0.3861633E-01
  0.3521679E-01 0.2155449E-01 0.1048274E-01 0.4396922E-02 0.1297651E-06
  0.1030355E-06 0.9079688E-08 0.1043741E-08 0.3079268E-09
 Number of Estimated Parameters { Phi(~time + age)p(~1) } = 9          
 DEVIANCE { Phi(~time + age)p(~1) } = 952.87245                     
 DEVIANCE Degrees of Freedom { Phi(~time + age)p(~1) } = 308            
 c-hat { Phi(~time + age)p(~1) } = 3.0937417                     
 AIC { Phi(~time + age)p(~1) } = 19600.084                  
 AICc { Phi(~time + age)p(~1) } = 19600.102                    
 BIC { Phi(~time + age)p(~1) } = 19665.159                    
 Pearson Chisquare { Phi(~time + age)p(~1) } = Not a Number               
 Possible Encounter Histories { Phi(~time + age)p(~1) } = 504             
 Pearson Chisquare df { Phi(~time + age)p(~1) } = 471        
 Pearson chat { Phi(~time + age)p(~1) } = Not a Number               
 Sum(Observed/Expected) { Phi(~time + age)p(~1) } = Not a Number               
 Fletcher chat { Phi(~time + age)p(~1) } = Not a Number               


                  LOGIT Link Function Parameters of { Phi(~time + age)p(~1) }
                                                              95% Confidence Interval
 Parameter                    Beta         Standard Error      Lower           Upper
 -------------------------  --------------  --------------  --------------  --------------
    1:Phi:(Intercept)       -0.0934269      0.0678426       -0.2263984      0.0395446     
    2:Phi:time2             18.295916       584.68075       -1127.6784      1164.2702     
    3:Phi:time3             0.1991582       0.0000000       0.1991582       0.1991582     
    4:Phi:time4             1.8689007       0.0000000       1.8689007       1.8689007     
    5:Phi:time5             -0.1238639      0.0000000       -0.1238639      -0.1238639    
    6:Phi:time6             2.3468590       0.0000000       2.3468590       2.3468590     
    7:Phi:age1              -0.1696278      0.0000000       -0.1696278      -0.1696278    
    8:Phi:age2              0.1301148       0.0000000       0.1301148       0.1301148     
    9:Phi:age3              0.7272615       0.0000000       0.7272615       0.7272615     
   10:Phi:age4              1.1809085       0.0000000       1.1809085       1.1809085     
   11:Phi:age5              22.196635       0.0000000       22.196635       22.196635     
   12:Phi:age6              -0.1145199      0.0000000       -0.1145199      -0.1145199    
   13:Phi:age7              -0.1474593      0.0000000       -0.1474593      -0.1474593    
   14:p:(Intercept)         0.5530729       0.0303344       0.4936175       0.6125283     


                  Real Function Parameters of { Phi(~time + age)p(~1) }
                                                               95% Confidence Interval
  Parameter                  Estimate       Standard Error      Lower           Upper
 --------------------------  --------------  --------------  --------------  --------------
     1:Phi gM11 c1 c1 a0 t1  0.4766602       0.0169237       0.4436409       0.5098848                           
     2:Phi gM11 c1 c1 a1 t2  1.0000000       0.8713076E-005  0.6690130E-296  1.0000000                           
     3:Phi gM11 c1 c1 a2 t3  0.5586897       0.0231777       0.5128958       0.6035066                           
     4:Phi gM11 c1 c1 a3 t4  0.9243333       0.0106910       0.9005307       0.9428019                           
     5:Phi gM11 c1 c1 a4 t5  0.7238455       0.0384675       0.6425466       0.7926216                           

  Program  MARK  - Survival Rate Estimation with Capture-Recapture Data
   gfortran(Win64) Vers. 8.0 Jun 2014   21-Jan-2015 17:39:18    Page  012
 - - - - - - - - - - - - - - - - - - - - - - - - - - - - - - - - - - - - - -
 
     6:Phi gM11 c1 c1 a5 t6  1.0000000       0.0000000       1.0000000       1.0000000                           
     7:Phi gM11 c2 c2 a0 t2  1.0000000       0.7272412E-005  0.7926893E-296  1.0000000                           
     8:Phi gM11 c2 c2 a1 t3  0.4840313       0.0127302       0.4591405       0.5090015                           
     9:Phi gM11 c2 c2 a2 t4  0.8705227       0.0144269       0.8395271       0.8962712                           
    10:Phi gM11 c2 c2 a3 t5  0.6247996       0.0214256       0.5819621       0.6657684                           
    11:Phi gM11 c2 c2 a4 t6  0.9687607       0.0102984       0.9408866       0.9837186                           
    12:Phi gM11 c3 c3 a0 t3  0.5264082       0.0000000       0.5264082       0.5264082                           
    13:Phi gM11 c3 c3 a1 t4  0.8328338       0.0174249       0.7958463       0.8642631                           
    14:Phi gM11 c3 c3 a2 t5  0.4782198       0.0141739       0.4505346       0.5060394                           
    15:Phi gM11 c3 c3 a3 t6  0.9516943       0.0142449       0.9147741       0.9730910                           
    16:Phi gM11 c4 c4 a0 t4  0.8551371       0.0000000       0.8551371       0.8551371                           
    17:Phi gM11 c4 c4 a1 t5  0.4044593       0.0275574       0.3517956       0.4594190                           
    18:Phi gM11 c4 c4 a2 t6  0.9155640       0.0239193       0.8553390       0.9521198                           
    19:Phi gM11 c5 c5 a0 t5  0.4458900       0.0000000       0.4458900       0.4458900                           
    20:Phi gM11 c5 c5 a1 t6  0.8893190       0.0321961       0.8088725       0.9384805                           
    21:Phi gM11 c6 c6 a0 t6  0.9049462       0.0000000       0.9049462       0.9049462                           
    22:Phi gF21 c1 c1 a1 t1  0.4346129       0.0000000       0.4346129       0.4346129                           
    23:Phi gF21 c1 c1 a2 t2  1.0000000       0.6456467E-005  0.9028407E-296  1.0000000                           
    24:Phi gF21 c1 c1 a3 t3  0.6969874       0.0273975       0.6407753       0.7478644                           
    25:Phi gF21 c1 c1 a4 t4  0.9505643       0.0105889       0.9251676       0.9676432                           
    26:Phi gF21 c1 c1 a5 t5  1.0000000       0.0000000       1.0000000       1.0000000                           
    27:Phi gF21 c1 c1 a6 t6  0.8946281       0.0000000       0.8946281       0.8946281                           
    28:Phi gF31 c1 c1 a2 t1  0.5091709       0.0000000       0.5091709       0.5091709                           
    29:Phi gF31 c1 c1 a3 t2  1.0000000       0.3553509E-005  0.9999930       1.0000070                           
    30:Phi gF31 c1 c1 a4 t3  0.7835779       0.0349997       0.7072618       0.8443763                           
    31:Phi gF31 c1 c1 a5 t4  1.0000000       0.0000000       1.0000000       1.0000000                           
    32:Phi gF31 c1 c1 a6 t5  0.4178001       0.0000000       0.4178001       0.4178001                           
    33:Phi gF31 c1 c1 a7 t6  0.8914823       0.0000000       0.8914823       0.8914823                           
    34:p gM11 c1 c1 a1 t2    0.6348482       0.0070320       0.6209583       0.6485173                           

 Attempted ordering of parameters by estimatibility:
   1 14  3  8  5  7  9  4 10 12 13  6  2 11
 Beta number 11 is a singular value.

     CPU Time in seconds for last procedure was 0.30

  Program  MARK  - Survival Rate Estimation with Capture-Recapture Data
   gfortran(Win64) Vers. 8.0 Jun 2014   21-Jan-2015 17:39:18    Page  013
 - - - - - - - - - - - - - - - - - - - - - - - - - - - - - - - - - - - - - -
 


  INPUT --- proc stop;

     CPU Time in minutes for this job was 0.01

     Time Start = 17:39:18.501   Time End = 17:39:18.693

     Wall Clock Time in minutes for this job was 0.00


          E X E C U T I O N   S U C C E S S F U L 
