
   Program  MARK  - Survival Rate Estimation with Capture-Recapture Data
   gfortran(Win64) Vers. 8.0 Jun 2014   25-Jan-2015 15:10:34    Page  001
 - - - - - - - - - - - - - - - - - - - - - - - - - - - - - - - - - - - - - -
 
   This version was compiled by GCC version 4.8.1 using the options 
   -m64 -mtune=generic -march=x86-64 -mthreads -O2 -fimplicit-none -fbounds-check -funroll-loops -ftree-vectorize -fopenmp.
   This problem will use 7 of 8 possible threads.


  INPUT --- proc title ;

     CPU Time in seconds for last procedure was 0.02


  INPUT --- proc chmatrix occasions= 7 groups= 6 etype= Both ICMeans 
  INPUT --- NoHist hist= 51 ;

  INPUT ---    time  interval 1 1 1 1 1 1 1 ;

  INPUT ---    glabel(1)=sex4.age1;

  INPUT ---    glabel(2)=sex5.age1;

  INPUT ---    glabel(3)=sex4.age2;

  INPUT ---    glabel(4)=sex5.age2;

  INPUT ---    glabel(5)=sex4.age4;

  INPUT ---    glabel(6)=sex5.age4;

   * *  WARNING  * *   At least a pair of the encounter histories are duplicates. 

      Number of unique encounter histories read was 17.

      Number of individual covariates read was 0.
      Time interval lengths are all equal to 1.

      Data type number is 3
      Data type is Joint Live and Dead Encounters (Burnham)                                                            

     CPU Time in seconds for last procedure was 0.00

  Program  MARK  - Survival Rate Estimation with Capture-Recapture Data
   gfortran(Win64) Vers. 8.0 Jun 2014   25-Jan-2015 15:10:34    Page  002
 - - - - - - - - - - - - - - - - - - - - - - - - - - - - - - - - - - - - - -
 


  INPUT --- proc estimate link=Logit NOLOOP varest=2ndPart    ;


  INPUT --- model={ S(~age + sex)p(~1)r(~1)F(~1) };

  INPUT ---    group=1 S    rows=7 cols=7 Triang ;
  INPUT ---        1 2 3 4 5 6 7 ;
  INPUT ---        1 2 3 4 5 6 ;
  INPUT ---        1 2 3 4 5 ;
  INPUT ---        1 2 3 4 ;
  INPUT ---        1 2 3 ;
  INPUT ---        1 2 ;
  INPUT ---        1 ;

  INPUT ---    group=2 S    rows=7 cols=7 Triang ;
  INPUT ---        8 9 10 11 12 13 14 ;
  INPUT ---        8 9 10 11 12 13 ;
  INPUT ---        8 9 10 11 12 ;
  INPUT ---        8 9 10 11 ;
  INPUT ---        8 9 10 ;
  INPUT ---        8 9 ;
  INPUT ---        8 ;

  INPUT ---    group=3 S    rows=7 cols=7 Triang ;
  INPUT ---        1 2 3 4 5 6 7 ;
  INPUT ---        1 2 3 4 5 6 ;
  INPUT ---        1 2 3 4 5 ;
  INPUT ---        1 2 3 4 ;
  INPUT ---        1 2 3 ;
  INPUT ---        1 2 ;
  INPUT ---        1 ;

  INPUT ---    group=4 S    rows=7 cols=7 Triang ;
  INPUT ---        8 9 10 11 12 13 14 ;
  INPUT ---        8 9 10 11 12 13 ;
  INPUT ---        8 9 10 11 12 ;
  INPUT ---        8 9 10 11 ;
  INPUT ---        8 9 10 ;
  INPUT ---        8 9 ;
  INPUT ---        8 ;

  INPUT ---    group=5 S    rows=7 cols=7 Triang ;
  INPUT ---        1 2 3 4 5 6 7 ;
  INPUT ---        1 2 3 4 5 6 ;

  Program  MARK  - Survival Rate Estimation with Capture-Recapture Data
   gfortran(Win64) Vers. 8.0 Jun 2014   25-Jan-2015 15:10:34    Page  003
 - - - - - - - - - - - - - - - - - - - - - - - - - - - - - - - - - - - - - -
 
  INPUT ---        1 2 3 4 5 ;
  INPUT ---        1 2 3 4 ;
  INPUT ---        1 2 3 ;
  INPUT ---        1 2 ;
  INPUT ---        1 ;

  INPUT ---    group=6 S    rows=7 cols=7 Triang ;
  INPUT ---        8 9 10 11 12 13 14 ;
  INPUT ---        8 9 10 11 12 13 ;
  INPUT ---        8 9 10 11 12 ;
  INPUT ---        8 9 10 11 ;
  INPUT ---        8 9 10 ;
  INPUT ---        8 9 ;
  INPUT ---        8 ;

  INPUT ---    group=1 p    rows=6 cols=6 Triang ;
  INPUT ---        15 15 15 15 15 15 ;
  INPUT ---        15 15 15 15 15 ;
  INPUT ---        15 15 15 15 ;
  INPUT ---        15 15 15 ;
  INPUT ---        15 15 ;
  INPUT ---        15 ;

  INPUT ---    group=2 p    rows=6 cols=6 Triang ;
  INPUT ---        15 15 15 15 15 15 ;
  INPUT ---        15 15 15 15 15 ;
  INPUT ---        15 15 15 15 ;
  INPUT ---        15 15 15 ;
  INPUT ---        15 15 ;
  INPUT ---        15 ;

  INPUT ---    group=3 p    rows=6 cols=6 Triang ;
  INPUT ---        15 15 15 15 15 15 ;
  INPUT ---        15 15 15 15 15 ;
  INPUT ---        15 15 15 15 ;
  INPUT ---        15 15 15 ;
  INPUT ---        15 15 ;
  INPUT ---        15 ;

  INPUT ---    group=4 p    rows=6 cols=6 Triang ;
  INPUT ---        15 15 15 15 15 15 ;
  INPUT ---        15 15 15 15 15 ;
  INPUT ---        15 15 15 15 ;
  INPUT ---        15 15 15 ;
  INPUT ---        15 15 ;
  INPUT ---        15 ;

  Program  MARK  - Survival Rate Estimation with Capture-Recapture Data
   gfortran(Win64) Vers. 8.0 Jun 2014   25-Jan-2015 15:10:34    Page  004
 - - - - - - - - - - - - - - - - - - - - - - - - - - - - - - - - - - - - - -
 

  INPUT ---    group=5 p    rows=6 cols=6 Triang ;
  INPUT ---        15 15 15 15 15 15 ;
  INPUT ---        15 15 15 15 15 ;
  INPUT ---        15 15 15 15 ;
  INPUT ---        15 15 15 ;
  INPUT ---        15 15 ;
  INPUT ---        15 ;

  INPUT ---    group=6 p    rows=6 cols=6 Triang ;
  INPUT ---        15 15 15 15 15 15 ;
  INPUT ---        15 15 15 15 15 ;
  INPUT ---        15 15 15 15 ;
  INPUT ---        15 15 15 ;
  INPUT ---        15 15 ;
  INPUT ---        15 ;

  INPUT ---    group=1 r    rows=7 cols=7 Triang ;
  INPUT ---        16 16 16 16 16 16 16 ;
  INPUT ---        16 16 16 16 16 16 ;
  INPUT ---        16 16 16 16 16 ;
  INPUT ---        16 16 16 16 ;
  INPUT ---        16 16 16 ;
  INPUT ---        16 16 ;
  INPUT ---        16 ;

  INPUT ---    group=2 r    rows=7 cols=7 Triang ;
  INPUT ---        16 16 16 16 16 16 16 ;
  INPUT ---        16 16 16 16 16 16 ;
  INPUT ---        16 16 16 16 16 ;
  INPUT ---        16 16 16 16 ;
  INPUT ---        16 16 16 ;
  INPUT ---        16 16 ;
  INPUT ---        16 ;

  INPUT ---    group=3 r    rows=7 cols=7 Triang ;
  INPUT ---        16 16 16 16 16 16 16 ;
  INPUT ---        16 16 16 16 16 16 ;
  INPUT ---        16 16 16 16 16 ;
  INPUT ---        16 16 16 16 ;
  INPUT ---        16 16 16 ;
  INPUT ---        16 16 ;
  INPUT ---        16 ;

  INPUT ---    group=4 r    rows=7 cols=7 Triang ;
  INPUT ---        16 16 16 16 16 16 16 ;

  Program  MARK  - Survival Rate Estimation with Capture-Recapture Data
   gfortran(Win64) Vers. 8.0 Jun 2014   25-Jan-2015 15:10:34    Page  005
 - - - - - - - - - - - - - - - - - - - - - - - - - - - - - - - - - - - - - -
 
  INPUT ---        16 16 16 16 16 16 ;
  INPUT ---        16 16 16 16 16 ;
  INPUT ---        16 16 16 16 ;
  INPUT ---        16 16 16 ;
  INPUT ---        16 16 ;
  INPUT ---        16 ;

  INPUT ---    group=5 r    rows=7 cols=7 Triang ;
  INPUT ---        16 16 16 16 16 16 16 ;
  INPUT ---        16 16 16 16 16 16 ;
  INPUT ---        16 16 16 16 16 ;
  INPUT ---        16 16 16 16 ;
  INPUT ---        16 16 16 ;
  INPUT ---        16 16 ;
  INPUT ---        16 ;

  INPUT ---    group=6 r    rows=7 cols=7 Triang ;
  INPUT ---        16 16 16 16 16 16 16 ;
  INPUT ---        16 16 16 16 16 16 ;
  INPUT ---        16 16 16 16 16 ;
  INPUT ---        16 16 16 16 ;
  INPUT ---        16 16 16 ;
  INPUT ---        16 16 ;
  INPUT ---        16 ;

  INPUT ---    group=1 F    rows=6 cols=6 Triang ;
  INPUT ---        17 17 17 17 17 17 ;
  INPUT ---        17 17 17 17 17 ;
  INPUT ---        17 17 17 17 ;
  INPUT ---        17 17 17 ;
  INPUT ---        17 17 ;
  INPUT ---        17 ;

  INPUT ---    group=2 F    rows=6 cols=6 Triang ;
  INPUT ---        17 17 17 17 17 17 ;
  INPUT ---        17 17 17 17 17 ;
  INPUT ---        17 17 17 17 ;
  INPUT ---        17 17 17 ;
  INPUT ---        17 17 ;
  INPUT ---        17 ;

  INPUT ---    group=3 F    rows=6 cols=6 Triang ;
  INPUT ---        17 17 17 17 17 17 ;
  INPUT ---        17 17 17 17 17 ;
  INPUT ---        17 17 17 17 ;
  INPUT ---        17 17 17 ;

  Program  MARK  - Survival Rate Estimation with Capture-Recapture Data
   gfortran(Win64) Vers. 8.0 Jun 2014   25-Jan-2015 15:10:34    Page  006
 - - - - - - - - - - - - - - - - - - - - - - - - - - - - - - - - - - - - - -
 
  INPUT ---        17 17 ;
  INPUT ---        17 ;

  INPUT ---    group=4 F    rows=6 cols=6 Triang ;
  INPUT ---        17 17 17 17 17 17 ;
  INPUT ---        17 17 17 17 17 ;
  INPUT ---        17 17 17 17 ;
  INPUT ---        17 17 17 ;
  INPUT ---        17 17 ;
  INPUT ---        17 ;

  INPUT ---    group=5 F    rows=6 cols=6 Triang ;
  INPUT ---        17 17 17 17 17 17 ;
  INPUT ---        17 17 17 17 17 ;
  INPUT ---        17 17 17 17 ;
  INPUT ---        17 17 17 ;
  INPUT ---        17 17 ;
  INPUT ---        17 ;

  INPUT ---    group=6 F    rows=6 cols=6 Triang ;
  INPUT ---        17 17 17 17 17 17 ;
  INPUT ---        17 17 17 17 17 ;
  INPUT ---        17 17 17 17 ;
  INPUT ---        17 17 17 ;
  INPUT ---        17 17 ;
  INPUT ---        17 ;

  INPUT ---    design matrix constraints=17 covariates=11;
  INPUT ---        1 0 0 0 0 0 0 0 0 0 0;
  INPUT ---        1 1 0 0 0 0 0 0 0 0 0;
  INPUT ---        1 0 1 0 0 0 0 0 0 0 0;
  INPUT ---        1 0 0 1 0 0 0 0 0 0 0;
  INPUT ---        1 0 0 0 1 0 0 0 0 0 0;
  INPUT ---        1 0 0 0 0 1 0 0 0 0 0;
  INPUT ---        1 0 0 0 0 0 1 0 0 0 0;
  INPUT ---        1 0 0 0 0 0 0 1 0 0 0;
  INPUT ---        1 1 0 0 0 0 0 1 0 0 0;
  INPUT ---        1 0 1 0 0 0 0 1 0 0 0;
  INPUT ---        1 0 0 1 0 0 0 1 0 0 0;
  INPUT ---        1 0 0 0 1 0 0 1 0 0 0;
  INPUT ---        1 0 0 0 0 1 0 1 0 0 0;
  INPUT ---        1 0 0 0 0 0 1 1 0 0 0;
  INPUT ---        0 0 0 0 0 0 0 0 1 0 0;
  INPUT ---        0 0 0 0 0 0 0 0 0 1 0;
  INPUT ---        0 0 0 0 0 0 0 0 0 0 1;


  Program  MARK  - Survival Rate Estimation with Capture-Recapture Data
   gfortran(Win64) Vers. 8.0 Jun 2014   25-Jan-2015 15:10:34    Page  007
 - - - - - - - - - - - - - - - - - - - - - - - - - - - - - - - - - - - - - -
 
  INPUT ---    blabel(1)=S:(Intercept);

  INPUT ---    blabel(2)=S:age1;

  INPUT ---    blabel(3)=S:age2;

  INPUT ---    blabel(4)=S:age3;

  INPUT ---    blabel(5)=S:age4;

  INPUT ---    blabel(6)=S:age5;

  INPUT ---    blabel(7)=S:age6;

  INPUT ---    blabel(8)=S:sex5;

  INPUT ---    blabel(9)=p:(Intercept);

  INPUT ---    blabel(10)=r:(Intercept);

  INPUT ---    blabel(11)=F:(Intercept);

  INPUT ---    rlabel(1)=S g41 c2005 c1 a0 t2005;

  INPUT ---    rlabel(2)=S g41 c2005 c1 a1 t2006;

  INPUT ---    rlabel(3)=S g41 c2005 c1 a2 t2007;

  INPUT ---    rlabel(4)=S g41 c2005 c1 a3 t2008;

  INPUT ---    rlabel(5)=S g41 c2005 c1 a4 t2009;

  INPUT ---    rlabel(6)=S g41 c2005 c1 a5 t2010;

  INPUT ---    rlabel(7)=S g41 c2005 c1 a6 t2011;

  INPUT ---    rlabel(8)=S g51 c2005 c1 a0 t2005;

  INPUT ---    rlabel(9)=S g51 c2005 c1 a1 t2006;

  INPUT ---    rlabel(10)=S g51 c2005 c1 a2 t2007;

  INPUT ---    rlabel(11)=S g51 c2005 c1 a3 t2008;

  INPUT ---    rlabel(12)=S g51 c2005 c1 a4 t2009;


  Program  MARK  - Survival Rate Estimation with Capture-Recapture Data
   gfortran(Win64) Vers. 8.0 Jun 2014   25-Jan-2015 15:10:34    Page  008
 - - - - - - - - - - - - - - - - - - - - - - - - - - - - - - - - - - - - - -
 
  INPUT ---    rlabel(13)=S g51 c2005 c1 a5 t2010;

  INPUT ---    rlabel(14)=S g51 c2005 c1 a6 t2011;

  INPUT ---    rlabel(15)=p g41 c2005 c1 a1 t2006;

  INPUT ---    rlabel(16)=r g41 c2005 c1 a0 t2005;

  INPUT ---    rlabel(17)=F g41 c2005 c1 a0 t2005;

 Link Function Used is LOGIT        

 Variance Estimation Procedure Used is 2ndPart 

 M(t+1):



 -2logL(saturated) = 1739.8188     
 Effective Sample Size = 7075

 Number of function evaluations was 76 for 11 parameters.
 Time for numerical optimization was 0.72 seconds.
 -2logL { S(~age + sex)p(~1)r(~1)F(~1) } = 2687.3840     
 Penalty { S(~age + sex)p(~1)r(~1)F(~1) } = -0.0000000    
 Gradient { S(~age + sex)p(~1)r(~1)F(~1) }:
  0.1041403E-04-0.1155520E-03-0.9177238E-04 0.1444675E-05 0.1196867E-05
  0.8376736E-06  0.000000     0.1136436E-03 0.5649551E-03 0.5739340E-02
  0.7098628E-03
 S Vector { S(~age + sex)p(~1)r(~1)F(~1) }:
   286.0140      26.96007      3.250838     0.7879169     0.8636405E-01
  0.3507239E-03 0.4577250E-04 0.1017587E-05 0.1501391E-07 0.6671909E-08
  0.2176772E-08
 Time to compute number of parameters was 0.12 seconds.
   Threshold =  0.2400000E-06     Condition index =  0.7610717E-11     New Threshold =  0.7219535E-08
 New Guessimate of Estimated Parameters { S(~age + sex)p(~1)r(~1)F(~1) } = 7          
 Conditioned S Vector { S(~age + sex)p(~1)r(~1)F(~1) }:
   1.000000     0.9426136E-01 0.1136601E-01 0.2754820E-02 0.3019574E-03
  0.1226247E-05 0.1600359E-06 0.3557821E-08 0.5249362E-10 0.2332721E-10
  0.7610717E-11
 Number of Estimated Parameters { S(~age + sex)p(~1)r(~1)F(~1) } = 6          
 DEVIANCE { S(~age + sex)p(~1)r(~1)F(~1) } = 947.56521                     
 DEVIANCE Degrees of Freedom { S(~age + sex)p(~1)r(~1)F(~1) } = 9            
 c-hat { S(~age + sex)p(~1)r(~1)F(~1) } = 105.28502                     
 AIC { S(~age + sex)p(~1)r(~1)F(~1) } = 2699.3840                  
 AICc { S(~age + sex)p(~1)r(~1)F(~1) } = 2699.3958                    
 BIC { S(~age + sex)p(~1)r(~1)F(~1) } = 2740.5699                    
 Pearson Chisquare { S(~age + sex)p(~1)r(~1)F(~1) } = Not a Number               
 Possible Encounter Histories { S(~age + sex)p(~1)r(~1)F(~1) } = 896             
 Pearson Chisquare df { S(~age + sex)p(~1)r(~1)F(~1) } = 854        
 Pearson chat { S(~age + sex)p(~1)r(~1)F(~1) } = Not a Number               
 Sum(Observed/Expected) { S(~age + sex)p(~1)r(~1)F(~1) } = Not a Number               
 Fletcher chat { S(~age + sex)p(~1)r(~1)F(~1) } = Not a Number               


               LOGIT Link Function Parameters of { S(~age + sex)p(~1)r(~1)F(~1) }
                                                              95% Confidence Interval
 Parameter                    Beta         Standard Error      Lower           Upper
 -------------------------  --------------  --------------  --------------  --------------
    1:S:(Intercept)         -3.3666801      2.0705222       -7.4249036      0.6915434     
    2:S:age1                4.9031497       1.5986338       1.7698274       8.0364721     
    3:S:age2                14.856530       147.74786       -274.72928      304.44234     
    4:S:age3                30.477486       0.0000000       30.477486       30.477486     

  Program  MARK  - Survival Rate Estimation with Capture-Recapture Data
   gfortran(Win64) Vers. 8.0 Jun 2014   25-Jan-2015 15:10:35    Page  009
 - - - - - - - - - - - - - - - - - - - - - - - - - - - - - - - - - - - - - -
 
    5:S:age4                36.994817       0.0000000       36.994817       36.994817     
    6:S:age5                53.286937       0.0000000       53.286937       53.286937     
    7:S:age6                16.948056       991.32103       -1926.0412      1959.9373     
    8:S:sex5                -0.6006081      0.6075597       -1.7914252      0.5902090     
    9:p:(Intercept)         -3.5075887      2.4393857       -8.2887848      1.2736074     
   10:r:(Intercept)         -3.0963662      0.0804453       -3.2540389      -2.9386935    
   11:F:(Intercept)         8.7373185       0.0000000       8.7373185       8.7373185     


               Real Function Parameters of { S(~age + sex)p(~1)r(~1)F(~1) }
                                                               95% Confidence Interval
  Parameter                  Estimate       Standard Error      Lower           Upper
 --------------------------  --------------  --------------  --------------  --------------
     1:S g41 c2005 c1 a0 t2  0.0333532       0.0667552       0.5958631E-003  0.6663102                           
     2:S g41 c2005 c1 a1 t2  0.8229509       0.4849483       0.0067793       0.9996842                           
     3:S g41 c2005 c1 a2 t2  0.9999898       0.0015122       0.1601139E-120  1.0000000                           
     4:S g41 c2005 c1 a3 t2  1.0000000       0.0000000       1.0000000       1.0000000                           
     5:S g41 c2005 c1 a4 t2  1.0000000       0.0000000       1.0000000       1.0000000                           
     6:S g41 c2005 c1 a5 t2  1.0000000       0.0000000       1.0000000       1.0000000                           
     7:S g41 c2005 c1 a6 t2  0.9999987       0.0012528       0.7801524E-298  1.0000000                           
     8:S g51 c2005 c1 a0 t2  0.0185732       0.0334155       0.5204451E-003  0.4075094                           
     9:S g51 c2005 c1 a1 t2  0.7182629       0.6207940       0.0062003       0.9990410                           
    10:S g51 c2005 c1 a2 t2  0.9999813       0.0027569       0.8871218E-121  1.0000000                           
    11:S g51 c2005 c1 a3 t2  1.0000000       0.0000000       1.0000000       1.0000000                           
    12:S g51 c2005 c1 a4 t2  1.0000000       0.0000000       1.0000000       1.0000000                           
    13:S g51 c2005 c1 a5 t2  1.0000000       0.0000000       1.0000000       1.0000000                           
    14:S g51 c2005 c1 a6 t2  0.9999977       0.0022842       0.4278965E-298  1.0000000                           
    15:p g41 c2005 c1 a1 t2  0.0290971       0.0689137       0.2512565E-003  0.7813597                           
    16:r g41 c2005 c1 a0 t2  0.0432574       0.0033293       0.0371820       0.0502736                           
    17:F g41 c2005 c1 a0 t2  0.9998395       0.0000000       0.9998395       0.9998395                           

 Attempted ordering of parameters by estimatibility:
  10  1  8  2  9 11  3  7  4  5  6
 Beta number 6 is a singular value.

     CPU Time in seconds for last procedure was 0.84

  Program  MARK  - Survival Rate Estimation with Capture-Recapture Data
   gfortran(Win64) Vers. 8.0 Jun 2014   25-Jan-2015 15:10:35    Page  010
 - - - - - - - - - - - - - - - - - - - - - - - - - - - - - - - - - - - - - -
 


  INPUT --- proc stop;

     CPU Time in minutes for this job was 0.01

     Time Start = 15:10:34.860   Time End = 15:10:35.146

     Wall Clock Time in minutes for this job was 0.00


          E X E C U T I O N   S U C C E S S F U L 
