
   Program  MARK  - Survival Rate Estimation with Capture-Recapture Data
   gfortran(Win64) Vers. 8.0 Jun 2014   31-Jan-2015 14:08:29    Page  001
 - - - - - - - - - - - - - - - - - - - - - - - - - - - - - - - - - - - - - -
 
   This version was compiled by GCC version 4.8.1 using the options 
   -m64 -mtune=generic -march=x86-64 -mthreads -O2 -fimplicit-none -fbounds-check -funroll-loops -ftree-vectorize -fopenmp.
   This problem will use 7 of 8 possible threads.


  INPUT --- proc title ;

     CPU Time in seconds for last procedure was 0.00


  INPUT --- proc chmatrix occasions= 7 groups= 6 etype= Both ICMeans 
  INPUT --- NoHist hist= 51 ;

  INPUT ---    time  interval 1 1 1 1 1 1 1 ;

  INPUT ---    glabel(1)=sex4.age1;

  INPUT ---    glabel(2)=sex5.age1;

  INPUT ---    glabel(3)=sex4.age2;

  INPUT ---    glabel(4)=sex5.age2;

  INPUT ---    glabel(5)=sex4.age4;

  INPUT ---    glabel(6)=sex5.age4;

   * *  WARNING  * *   At least a pair of the encounter histories are duplicates. 

      Number of unique encounter histories read was 17.

      Number of individual covariates read was 0.
      Time interval lengths are all equal to 1.

      Data type number is 3
      Data type is Joint Live and Dead Encounters (Burnham)                                                            

     CPU Time in seconds for last procedure was 0.00

  Program  MARK  - Survival Rate Estimation with Capture-Recapture Data
   gfortran(Win64) Vers. 8.0 Jun 2014   31-Jan-2015 14:08:29    Page  002
 - - - - - - - - - - - - - - - - - - - - - - - - - - - - - - - - - - - - - -
 


  INPUT --- proc estimate link=Logit NOLOOP varest=2ndPart    ;


  INPUT --- model={ S(~sex)p(~1)r(~1)F(~age) };

  INPUT ---    group=1 S    rows=7 cols=7 Triang ;
  INPUT ---        1 1 1 1 1 1 1 ;
  INPUT ---        1 1 1 1 1 1 ;
  INPUT ---        1 1 1 1 1 ;
  INPUT ---        1 1 1 1 ;
  INPUT ---        1 1 1 ;
  INPUT ---        1 1 ;
  INPUT ---        1 ;

  INPUT ---    group=2 S    rows=7 cols=7 Triang ;
  INPUT ---        2 2 2 2 2 2 2 ;
  INPUT ---        2 2 2 2 2 2 ;
  INPUT ---        2 2 2 2 2 ;
  INPUT ---        2 2 2 2 ;
  INPUT ---        2 2 2 ;
  INPUT ---        2 2 ;
  INPUT ---        2 ;

  INPUT ---    group=3 S    rows=7 cols=7 Triang ;
  INPUT ---        1 1 1 1 1 1 1 ;
  INPUT ---        1 1 1 1 1 1 ;
  INPUT ---        1 1 1 1 1 ;
  INPUT ---        1 1 1 1 ;
  INPUT ---        1 1 1 ;
  INPUT ---        1 1 ;
  INPUT ---        1 ;

  INPUT ---    group=4 S    rows=7 cols=7 Triang ;
  INPUT ---        2 2 2 2 2 2 2 ;
  INPUT ---        2 2 2 2 2 2 ;
  INPUT ---        2 2 2 2 2 ;
  INPUT ---        2 2 2 2 ;
  INPUT ---        2 2 2 ;
  INPUT ---        2 2 ;
  INPUT ---        2 ;

  INPUT ---    group=5 S    rows=7 cols=7 Triang ;
  INPUT ---        1 1 1 1 1 1 1 ;
  INPUT ---        1 1 1 1 1 1 ;

  Program  MARK  - Survival Rate Estimation with Capture-Recapture Data
   gfortran(Win64) Vers. 8.0 Jun 2014   31-Jan-2015 14:08:29    Page  003
 - - - - - - - - - - - - - - - - - - - - - - - - - - - - - - - - - - - - - -
 
  INPUT ---        1 1 1 1 1 ;
  INPUT ---        1 1 1 1 ;
  INPUT ---        1 1 1 ;
  INPUT ---        1 1 ;
  INPUT ---        1 ;

  INPUT ---    group=6 S    rows=7 cols=7 Triang ;
  INPUT ---        2 2 2 2 2 2 2 ;
  INPUT ---        2 2 2 2 2 2 ;
  INPUT ---        2 2 2 2 2 ;
  INPUT ---        2 2 2 2 ;
  INPUT ---        2 2 2 ;
  INPUT ---        2 2 ;
  INPUT ---        2 ;

  INPUT ---    group=1 p    rows=6 cols=6 Triang ;
  INPUT ---        3 3 3 3 3 3 ;
  INPUT ---        3 3 3 3 3 ;
  INPUT ---        3 3 3 3 ;
  INPUT ---        3 3 3 ;
  INPUT ---        3 3 ;
  INPUT ---        3 ;

  INPUT ---    group=2 p    rows=6 cols=6 Triang ;
  INPUT ---        3 3 3 3 3 3 ;
  INPUT ---        3 3 3 3 3 ;
  INPUT ---        3 3 3 3 ;
  INPUT ---        3 3 3 ;
  INPUT ---        3 3 ;
  INPUT ---        3 ;

  INPUT ---    group=3 p    rows=6 cols=6 Triang ;
  INPUT ---        3 3 3 3 3 3 ;
  INPUT ---        3 3 3 3 3 ;
  INPUT ---        3 3 3 3 ;
  INPUT ---        3 3 3 ;
  INPUT ---        3 3 ;
  INPUT ---        3 ;

  INPUT ---    group=4 p    rows=6 cols=6 Triang ;
  INPUT ---        3 3 3 3 3 3 ;
  INPUT ---        3 3 3 3 3 ;
  INPUT ---        3 3 3 3 ;
  INPUT ---        3 3 3 ;
  INPUT ---        3 3 ;
  INPUT ---        3 ;

  Program  MARK  - Survival Rate Estimation with Capture-Recapture Data
   gfortran(Win64) Vers. 8.0 Jun 2014   31-Jan-2015 14:08:29    Page  004
 - - - - - - - - - - - - - - - - - - - - - - - - - - - - - - - - - - - - - -
 

  INPUT ---    group=5 p    rows=6 cols=6 Triang ;
  INPUT ---        3 3 3 3 3 3 ;
  INPUT ---        3 3 3 3 3 ;
  INPUT ---        3 3 3 3 ;
  INPUT ---        3 3 3 ;
  INPUT ---        3 3 ;
  INPUT ---        3 ;

  INPUT ---    group=6 p    rows=6 cols=6 Triang ;
  INPUT ---        3 3 3 3 3 3 ;
  INPUT ---        3 3 3 3 3 ;
  INPUT ---        3 3 3 3 ;
  INPUT ---        3 3 3 ;
  INPUT ---        3 3 ;
  INPUT ---        3 ;

  INPUT ---    group=1 r    rows=7 cols=7 Triang ;
  INPUT ---        4 4 4 4 4 4 4 ;
  INPUT ---        4 4 4 4 4 4 ;
  INPUT ---        4 4 4 4 4 ;
  INPUT ---        4 4 4 4 ;
  INPUT ---        4 4 4 ;
  INPUT ---        4 4 ;
  INPUT ---        4 ;

  INPUT ---    group=2 r    rows=7 cols=7 Triang ;
  INPUT ---        4 4 4 4 4 4 4 ;
  INPUT ---        4 4 4 4 4 4 ;
  INPUT ---        4 4 4 4 4 ;
  INPUT ---        4 4 4 4 ;
  INPUT ---        4 4 4 ;
  INPUT ---        4 4 ;
  INPUT ---        4 ;

  INPUT ---    group=3 r    rows=7 cols=7 Triang ;
  INPUT ---        4 4 4 4 4 4 4 ;
  INPUT ---        4 4 4 4 4 4 ;
  INPUT ---        4 4 4 4 4 ;
  INPUT ---        4 4 4 4 ;
  INPUT ---        4 4 4 ;
  INPUT ---        4 4 ;
  INPUT ---        4 ;

  INPUT ---    group=4 r    rows=7 cols=7 Triang ;
  INPUT ---        4 4 4 4 4 4 4 ;

  Program  MARK  - Survival Rate Estimation with Capture-Recapture Data
   gfortran(Win64) Vers. 8.0 Jun 2014   31-Jan-2015 14:08:29    Page  005
 - - - - - - - - - - - - - - - - - - - - - - - - - - - - - - - - - - - - - -
 
  INPUT ---        4 4 4 4 4 4 ;
  INPUT ---        4 4 4 4 4 ;
  INPUT ---        4 4 4 4 ;
  INPUT ---        4 4 4 ;
  INPUT ---        4 4 ;
  INPUT ---        4 ;

  INPUT ---    group=5 r    rows=7 cols=7 Triang ;
  INPUT ---        4 4 4 4 4 4 4 ;
  INPUT ---        4 4 4 4 4 4 ;
  INPUT ---        4 4 4 4 4 ;
  INPUT ---        4 4 4 4 ;
  INPUT ---        4 4 4 ;
  INPUT ---        4 4 ;
  INPUT ---        4 ;

  INPUT ---    group=6 r    rows=7 cols=7 Triang ;
  INPUT ---        4 4 4 4 4 4 4 ;
  INPUT ---        4 4 4 4 4 4 ;
  INPUT ---        4 4 4 4 4 ;
  INPUT ---        4 4 4 4 ;
  INPUT ---        4 4 4 ;
  INPUT ---        4 4 ;
  INPUT ---        4 ;

  INPUT ---    group=1 F    rows=6 cols=6 Triang ;
  INPUT ---        5 6 7 8 9 10 ;
  INPUT ---        5 6 7 8 9 ;
  INPUT ---        5 6 7 8 ;
  INPUT ---        5 6 7 ;
  INPUT ---        5 6 ;
  INPUT ---        5 ;

  INPUT ---    group=2 F    rows=6 cols=6 Triang ;
  INPUT ---        5 6 7 8 9 10 ;
  INPUT ---        5 6 7 8 9 ;
  INPUT ---        5 6 7 8 ;
  INPUT ---        5 6 7 ;
  INPUT ---        5 6 ;
  INPUT ---        5 ;

  INPUT ---    group=3 F    rows=6 cols=6 Triang ;
  INPUT ---        5 6 7 8 9 10 ;
  INPUT ---        5 6 7 8 9 ;
  INPUT ---        5 6 7 8 ;
  INPUT ---        5 6 7 ;

  Program  MARK  - Survival Rate Estimation with Capture-Recapture Data
   gfortran(Win64) Vers. 8.0 Jun 2014   31-Jan-2015 14:08:29    Page  006
 - - - - - - - - - - - - - - - - - - - - - - - - - - - - - - - - - - - - - -
 
  INPUT ---        5 6 ;
  INPUT ---        5 ;

  INPUT ---    group=4 F    rows=6 cols=6 Triang ;
  INPUT ---        5 6 7 8 9 10 ;
  INPUT ---        5 6 7 8 9 ;
  INPUT ---        5 6 7 8 ;
  INPUT ---        5 6 7 ;
  INPUT ---        5 6 ;
  INPUT ---        5 ;

  INPUT ---    group=5 F    rows=6 cols=6 Triang ;
  INPUT ---        5 6 7 8 9 10 ;
  INPUT ---        5 6 7 8 9 ;
  INPUT ---        5 6 7 8 ;
  INPUT ---        5 6 7 ;
  INPUT ---        5 6 ;
  INPUT ---        5 ;

  INPUT ---    group=6 F    rows=6 cols=6 Triang ;
  INPUT ---        5 6 7 8 9 10 ;
  INPUT ---        5 6 7 8 9 ;
  INPUT ---        5 6 7 8 ;
  INPUT ---        5 6 7 ;
  INPUT ---        5 6 ;
  INPUT ---        5 ;

  INPUT ---    design matrix constraints=10 covariates=10;
  INPUT ---        1 0 0 0 0 0 0 0 0 0;
  INPUT ---        1 1 0 0 0 0 0 0 0 0;
  INPUT ---        0 0 1 0 0 0 0 0 0 0;
  INPUT ---        0 0 0 1 0 0 0 0 0 0;
  INPUT ---        0 0 0 0 1 0 0 0 0 0;
  INPUT ---        0 0 0 0 1 1 0 0 0 0;
  INPUT ---        0 0 0 0 1 0 1 0 0 0;
  INPUT ---        0 0 0 0 1 0 0 1 0 0;
  INPUT ---        0 0 0 0 1 0 0 0 1 0;
  INPUT ---        0 0 0 0 1 0 0 0 0 1;

  INPUT ---    blabel(1)=S:(Intercept);

  INPUT ---    blabel(2)=S:sex5;

  INPUT ---    blabel(3)=p:(Intercept);

  INPUT ---    blabel(4)=r:(Intercept);

  Program  MARK  - Survival Rate Estimation with Capture-Recapture Data
   gfortran(Win64) Vers. 8.0 Jun 2014   31-Jan-2015 14:08:29    Page  007
 - - - - - - - - - - - - - - - - - - - - - - - - - - - - - - - - - - - - - -
 

  INPUT ---    blabel(5)=F:(Intercept);

  INPUT ---    blabel(6)=F:age1;

  INPUT ---    blabel(7)=F:age2;

  INPUT ---    blabel(8)=F:age3;

  INPUT ---    blabel(9)=F:age4;

  INPUT ---    blabel(10)=F:age5;

  INPUT ---    rlabel(1)=S g41 c2005 c1 a0 t2005;

  INPUT ---    rlabel(2)=S g51 c2005 c1 a0 t2005;

  INPUT ---    rlabel(3)=p g41 c2005 c1 a1 t2006;

  INPUT ---    rlabel(4)=r g41 c2005 c1 a0 t2005;

  INPUT ---    rlabel(5)=F g41 c2005 c1 a0 t2005;

  INPUT ---    rlabel(6)=F g41 c2005 c1 a1 t2006;

  INPUT ---    rlabel(7)=F g41 c2005 c1 a2 t2007;

  INPUT ---    rlabel(8)=F g41 c2005 c1 a3 t2008;

  INPUT ---    rlabel(9)=F g41 c2005 c1 a4 t2009;

  INPUT ---    rlabel(10)=F g41 c2005 c1 a5 t2010;

 Link Function Used is LOGIT        

 Variance Estimation Procedure Used is 2ndPart 

 M(t+1):



 -2logL(saturated) = 1739.8188     
 Effective Sample Size = 7075

 Number of function evaluations was 72 for 10 parameters.
 Time for numerical optimization was 1.05 seconds.

  Program  MARK  - Survival Rate Estimation with Capture-Recapture Data
   gfortran(Win64) Vers. 8.0 Jun 2014   31-Jan-2015 14:08:29    Page  008
 - - - - - - - - - - - - - - - - - - - - - - - - - - - - - - - - - - - - - -
 
 -2logL { S(~sex)p(~1)r(~1)F(~age) } = 2767.9322     
 Penalty { S(~sex)p(~1)r(~1)F(~age) } = -0.0000000    
 Gradient { S(~sex)p(~1)r(~1)F(~age) }:
  0.2143113E-03 0.1549579E-03 0.1958744E-03-0.1107890E-03  0.000000    
   0.000000      0.000000      0.000000      0.000000      0.000000    
 S Vector { S(~sex)p(~1)r(~1)F(~age) }:
   286.0830      38.87126      6.716572      4.494546     0.1297825E-04
  0.2496934E-05 0.5290193E-06 0.3393369E-06 0.2404184E-08 0.8443675E-09
 Time to compute number of parameters was 0.25 seconds.
   Threshold =  0.2200000E-06     Condition index =  0.2951477E-11     New Threshold =  0.2670124E-08
 New Guessimate of Estimated Parameters { S(~sex)p(~1)r(~1)F(~age) } = 6          
 Conditioned S Vector { S(~sex)p(~1)r(~1)F(~age) }:
   1.000000     0.1358741     0.2347770E-01 0.1571064E-01 0.4536533E-07
  0.8728006E-08 0.1849181E-08 0.1186148E-08 0.8403799E-11 0.2951477E-11
 Number of Estimated Parameters { S(~sex)p(~1)r(~1)F(~age) } = 4          
 DEVIANCE { S(~sex)p(~1)r(~1)F(~age) } = 1028.1134                     
 DEVIANCE Degrees of Freedom { S(~sex)p(~1)r(~1)F(~age) } = 11            
 c-hat { S(~sex)p(~1)r(~1)F(~age) } = 93.464857                     
 AIC { S(~sex)p(~1)r(~1)F(~age) } = 2775.9322                  
 AICc { S(~sex)p(~1)r(~1)F(~age) } = 2775.9378                    
 BIC { S(~sex)p(~1)r(~1)F(~age) } = 2803.3895                    
 Pearson Chisquare { S(~sex)p(~1)r(~1)F(~age) } = Not a Number               
 Possible Encounter Histories { S(~sex)p(~1)r(~1)F(~age) } = 896             
 Pearson Chisquare df { S(~sex)p(~1)r(~1)F(~age) } = 856        
 Pearson chat { S(~sex)p(~1)r(~1)F(~age) } = Not a Number               
 Sum(Observed/Expected) { S(~sex)p(~1)r(~1)F(~age) } = Not a Number               
 Fletcher chat { S(~sex)p(~1)r(~1)F(~age) } = Not a Number               


                 LOGIT Link Function Parameters of { S(~sex)p(~1)r(~1)F(~age) }
                                                              95% Confidence Interval
 Parameter                    Beta         Standard Error      Lower           Upper
 -------------------------  --------------  --------------  --------------  --------------
    1:S:(Intercept)         -2.6072319      0.3109505       -3.2166948      -1.9977690    
    2:S:sex5                -0.1738621      0.3891445       -0.9365854      0.5888612     
    3:p:(Intercept)         -3.4110933      0.3859612       -4.1675773      -2.6546093    
    4:r:(Intercept)         -3.1046247      0.0592379       -3.2207310      -2.9885183    
    5:F:(Intercept)         16.296539       1375.3475       -2679.3845      2711.9776     
    6:F:age1                4.6891361       633.98397       -1237.9195      1247.2977     
    7:F:age2                1.0258493       289.38099       -566.16090      568.21260     
    8:F:age3                4.6517773       1702.6843       -3332.6096      3341.9131     
    9:F:age4                25.394963       193.18788       -353.25329      404.04322     
   10:F:age5                25.745920       32.318260       -37.597871      89.089711     


                 Real Function Parameters of { S(~sex)p(~1)r(~1)F(~age) }
                                                               95% Confidence Interval
  Parameter                  Estimate       Standard Error      Lower           Upper
 --------------------------  --------------  --------------  --------------  --------------
     1:S g41 c2005 c1 a0 t2  0.0686744       0.0198878       0.0385423       0.1194374                           
     2:S g51 c2005 c1 a0 t2  0.0583544       0.0178781       0.0317132       0.1049503                           
     3:p g41 c2005 c1 a1 t2  0.0319506       0.0119377       0.0152535       0.0657055                           
     4:r g41 c2005 c1 a0 t2  0.0429169       0.0024332       0.0383930       0.0479473                           
     5:F g41 c2005 c1 a0 t2  0.9999999       0.1150576E-003  0.1178582E-296  1.0000000                           
     6:F g41 c2005 c1 a1 t2  1.0000000       0.1137279E-005  0.9999978       1.0000022                           
     7:F g41 c2005 c1 a2 t2  1.0000000       0.4326079E-004  0.3287611E-296  1.0000000                           
     8:F g41 c2005 c1 a3 t2  1.0000000       0.1777764E-005  0.9999965       1.0000035                           
     9:F g41 c2005 c1 a4 t2  1.0000000       0.0000000       1.0000000       1.0000000                           

  Program  MARK  - Survival Rate Estimation with Capture-Recapture Data
   gfortran(Win64) Vers. 8.0 Jun 2014   31-Jan-2015 14:08:29    Page  009
 - - - - - - - - - - - - - - - - - - - - - - - - - - - - - - - - - - - - - -
 
    10:F g41 c2005 c1 a5 t2  1.0000000       0.0000000       1.0000000       1.0000000                           

 Attempted ordering of parameters by estimatibility:
   4  1  3  2  7  6  5  8 10  9
 Beta number 9 is a singular value.

     CPU Time in seconds for last procedure was 1.31


  INPUT --- proc stop;

     CPU Time in minutes for this job was 0.02

     Time Start = 14:08:29.258   Time End = 14:08:29.556

     Wall Clock Time in minutes for this job was 0.00


          E X E C U T I O N   S U C C E S S F U L 
