
   Program  MARK  - Survival Rate Estimation with Capture-Recapture Data
   gfortran(Win64) Vers. 8.0 Jun 2014   21-Jan-2015 17:24:55    Page  001
 - - - - - - - - - - - - - - - - - - - - - - - - - - - - - - - - - - - - - -
 
   This version was compiled by GCC version 4.8.1 using the options 
   -m64 -mtune=generic -march=x86-64 -mthreads -O2 -fimplicit-none -fbounds-check -funroll-loops -ftree-vectorize -fopenmp.
   This problem will use 3 of 4 possible threads.


  INPUT --- proc title ;

     CPU Time in seconds for last procedure was 0.00


  INPUT --- proc chmatrix occasions= 7 groups= 2 etype= Live ICMeans 
  INPUT --- NoHist hist= 55 ;

  INPUT ---    time  interval 1 1 1 1 1 1 ;

  INPUT ---    glabel(1)=sexFemale;

  INPUT ---    glabel(2)=sexMale;

   * *  WARNING  * *   At least a pair of the encounter histories are duplicates. 

      Number of unique encounter histories read was 32.

      Number of individual covariates read was 0.
      Time interval lengths are all equal to 1.

      Data type number is 1
      Data type is Live Recaptures (CJS)                                                                               

     CPU Time in seconds for last procedure was 0.00

  Program  MARK  - Survival Rate Estimation with Capture-Recapture Data
   gfortran(Win64) Vers. 8.0 Jun 2014   21-Jan-2015 17:24:55    Page  002
 - - - - - - - - - - - - - - - - - - - - - - - - - - - - - - - - - - - - - -
 


  INPUT --- proc estimate link=Logit NOLOOP varest=2ndPart    ;


  INPUT --- model={ Phi(~sex)p(~time) };

  INPUT ---    group=1 Phi    rows=6 cols=6 Triang ;
  INPUT ---        1 1 1 1 1 1 ;
  INPUT ---        1 1 1 1 1 ;
  INPUT ---        1 1 1 1 ;
  INPUT ---        1 1 1 ;
  INPUT ---        1 1 ;
  INPUT ---        1 ;

  INPUT ---    group=2 Phi    rows=6 cols=6 Triang ;
  INPUT ---        2 2 2 2 2 2 ;
  INPUT ---        2 2 2 2 2 ;
  INPUT ---        2 2 2 2 ;
  INPUT ---        2 2 2 ;
  INPUT ---        2 2 ;
  INPUT ---        2 ;

  INPUT ---    group=1 p    rows=6 cols=6 Triang ;
  INPUT ---        3 4 5 6 7 8 ;
  INPUT ---        4 5 6 7 8 ;
  INPUT ---        5 6 7 8 ;
  INPUT ---        6 7 8 ;
  INPUT ---        7 8 ;
  INPUT ---        8 ;

  INPUT ---    group=2 p    rows=6 cols=6 Triang ;
  INPUT ---        3 4 5 6 7 8 ;
  INPUT ---        4 5 6 7 8 ;
  INPUT ---        5 6 7 8 ;
  INPUT ---        6 7 8 ;
  INPUT ---        7 8 ;
  INPUT ---        8 ;

  INPUT ---    design matrix constraints=8 covariates=8;
  INPUT ---        1 0 0 0 0 0 0 0;
  INPUT ---        1 1 0 0 0 0 0 0;
  INPUT ---        0 0 1 0 0 0 0 0;
  INPUT ---        0 0 1 1 0 0 0 0;
  INPUT ---        0 0 1 0 1 0 0 0;
  INPUT ---        0 0 1 0 0 1 0 0;

  Program  MARK  - Survival Rate Estimation with Capture-Recapture Data
   gfortran(Win64) Vers. 8.0 Jun 2014   21-Jan-2015 17:24:55    Page  003
 - - - - - - - - - - - - - - - - - - - - - - - - - - - - - - - - - - - - - -
 
  INPUT ---        0 0 1 0 0 0 1 0;
  INPUT ---        0 0 1 0 0 0 0 1;

  INPUT ---    blabel(1)=Phi:(Intercept);

  INPUT ---    blabel(2)=Phi:sexMale;

  INPUT ---    blabel(3)=p:(Intercept);

  INPUT ---    blabel(4)=p:time3;

  INPUT ---    blabel(5)=p:time4;

  INPUT ---    blabel(6)=p:time5;

  INPUT ---    blabel(7)=p:time6;

  INPUT ---    blabel(8)=p:time7;

  INPUT ---    rlabel(1)=Phi gFemale c1 c1 a0 t1;

  INPUT ---    rlabel(2)=Phi gMale c1 c1 a0 t1;

  INPUT ---    rlabel(3)=p gFemale c1 c1 a1 t2;

  INPUT ---    rlabel(4)=p gFemale c1 c1 a2 t3;

  INPUT ---    rlabel(5)=p gFemale c1 c1 a3 t4;

  INPUT ---    rlabel(6)=p gFemale c1 c1 a4 t5;

  INPUT ---    rlabel(7)=p gFemale c1 c1 a5 t6;

  INPUT ---    rlabel(8)=p gFemale c1 c1 a6 t7;

 Link Function Used is LOGIT        

 Variance Estimation Procedure Used is 2ndPart 
 -2logL(saturated) = 582.47711     
 Effective Sample Size = 426

 Number of function evaluations was 25 for 8 parameters.
 Time for numerical optimization was 0.02 seconds.

  Program  MARK  - Survival Rate Estimation with Capture-Recapture Data
   gfortran(Win64) Vers. 8.0 Jun 2014   21-Jan-2015 17:24:55    Page  004
 - - - - - - - - - - - - - - - - - - - - - - - - - - - - - - - - - - - - - -
 
 -2logL { Phi(~sex)p(~time) } = 664.30427     
 Penalty { Phi(~sex)p(~time) } = -0.0000000    
 Gradient { Phi(~sex)p(~time) }:
  0.9693396E-05-0.1051207E-04 0.4954280E-05  0.000000     0.6872275E-05
  0.5687956E-05-0.4608583E-05 0.3738975E-05
 S Vector { Phi(~sex)p(~time) }:
   137.2712      20.62516      11.01978      2.713866      2.103291    
   1.384209     0.3405115     0.9458445E-01
 Time to compute number of parameters was 0.03 seconds.
   Threshold =  0.1800000E-06     Condition index =  0.6890333E-03     New Threshold =  0.2675252    
 New Guessimate of Estimated Parameters { Phi(~sex)p(~time) } = 1          
 Conditioned S Vector { Phi(~sex)p(~time) }:
   1.000000     0.1502511     0.8027743E-01 0.1977010E-01 0.1532216E-01
  0.1008375E-01 0.2480574E-02 0.6890333E-03
 Number of Estimated Parameters { Phi(~sex)p(~time) } = 8          
 DEVIANCE { Phi(~sex)p(~time) } = 81.827159                     
 DEVIANCE Degrees of Freedom { Phi(~sex)p(~time) } = 33            
 c-hat { Phi(~sex)p(~time) } = 2.4796109                     
 AIC { Phi(~sex)p(~time) } = 680.30427                  
 AICc { Phi(~sex)p(~time) } = 680.64959                    
 BIC { Phi(~sex)p(~time) } = 712.73978                    
 Pearson Chisquare { Phi(~sex)p(~time) } = 223.80052                  
 Possible Encounter Histories { Phi(~sex)p(~time) } = 252             
 Pearson Chisquare df { Phi(~sex)p(~time) } = 232        
 Pearson chat { Phi(~sex)p(~time) } = 0.9646574                  
 Sum(Observed/Expected) { Phi(~sex)p(~time) } = 250.01857                  
 Fletcher chat { Phi(~sex)p(~time) } = 0.9723024                  


                    LOGIT Link Function Parameters of { Phi(~sex)p(~time) }
                                                              95% Confidence Interval
 Parameter                    Beta         Standard Error      Lower           Upper
 -------------------------  --------------  --------------  --------------  --------------
    1:Phi:(Intercept)       0.1728277       0.1471674       -0.1156204      0.4612759     
    2:Phi:sexMale           0.0814888       0.1942506       -0.2992424      0.4622200     
    3:p:(Intercept)         1.2947198       0.7436142       -0.1627640      2.7522036     
    4:p:time3               0.8051908       1.1642073       -1.4766556      3.0870371     
    5:p:time4               0.6542825       1.0019957       -1.3096291      2.6181941     
    6:p:time5               0.9987291       0.9453634       -0.8541831      2.8516413     
    7:p:time6               1.4668504       1.0303639       -0.5526629      3.4863637     
    8:p:time7               2.0405881       3.2085985       -4.2482650      8.3294413     


                    Real Function Parameters of { Phi(~sex)p(~time) }
                                                               95% Confidence Interval
  Parameter                  Estimate       Standard Error      Lower           Upper
 --------------------------  --------------  --------------  --------------  --------------
     1:Phi gFemale c1 c1 a0  0.5430997       0.0365185       0.4711270       0.6133168                           
     2:Phi gMale c1 c1 a0 t  0.5632387       0.0367877       0.4903043       0.6335370                           
     3:p gFemale c1 c1 a1 t  0.7849450       0.1255268       0.4593986       0.9400377                           
     4:p gFemale c1 c1 a2 t  0.8908945       0.0891878       0.5748095       0.9801270                           
     5:p gFemale c1 c1 a3 t  0.8753378       0.0737742       0.6511046       0.9635298                           
     6:p gFemale c1 c1 a4 t  0.9083330       0.0487304       0.7588447       0.9689478                           
     7:p gFemale c1 c1 a5 t  0.9405635       0.0399976       0.7956374       0.9846911                           
     8:p gFemale c1 c1 a6 t  0.9656204       0.1039848       0.0571087       0.9999232                           

     CPU Time in seconds for last procedure was 0.06

  Program  MARK  - Survival Rate Estimation with Capture-Recapture Data
   gfortran(Win64) Vers. 8.0 Jun 2014   21-Jan-2015 17:24:55    Page  005
 - - - - - - - - - - - - - - - - - - - - - - - - - - - - - - - - - - - - - -
 


  INPUT --- proc stop;

     CPU Time in minutes for this job was 0.00

     Time Start = 17:24:55.108   Time End = 17:24:55.150

     Wall Clock Time in minutes for this job was 0.00


          E X E C U T I O N   S U C C E S S F U L 
