
   Program  MARK  - Survival Rate Estimation with Capture-Recapture Data
   gfortran(Win64) Vers. 8.0 Jun 2014   31-Jan-2015 14:08:40    Page  001
 - - - - - - - - - - - - - - - - - - - - - - - - - - - - - - - - - - - - - -
 
   This version was compiled by GCC version 4.8.1 using the options 
   -m64 -mtune=generic -march=x86-64 -mthreads -O2 -fimplicit-none -fbounds-check -funroll-loops -ftree-vectorize -fopenmp.
   This problem will use 7 of 8 possible threads.


  INPUT --- proc title ;

     CPU Time in seconds for last procedure was 0.00


  INPUT --- proc chmatrix occasions= 7 groups= 6 etype= Both ICMeans 
  INPUT --- NoHist hist= 51 ;

  INPUT ---    time  interval 1 1 1 1 1 1 1 ;

  INPUT ---    glabel(1)=sex4.age1;

  INPUT ---    glabel(2)=sex5.age1;

  INPUT ---    glabel(3)=sex4.age2;

  INPUT ---    glabel(4)=sex5.age2;

  INPUT ---    glabel(5)=sex4.age4;

  INPUT ---    glabel(6)=sex5.age4;

   * *  WARNING  * *   At least a pair of the encounter histories are duplicates. 

      Number of unique encounter histories read was 17.

      Number of individual covariates read was 0.
      Time interval lengths are all equal to 1.

      Data type number is 3
      Data type is Joint Live and Dead Encounters (Burnham)                                                            

     CPU Time in seconds for last procedure was 0.00

  Program  MARK  - Survival Rate Estimation with Capture-Recapture Data
   gfortran(Win64) Vers. 8.0 Jun 2014   31-Jan-2015 14:08:40    Page  002
 - - - - - - - - - - - - - - - - - - - - - - - - - - - - - - - - - - - - - -
 


  INPUT --- proc estimate link=Logit NOLOOP varest=2ndPart    ;


  INPUT --- model={ S(~age + sex + time)p(~time)r(~1)F(~age) };

  INPUT ---    group=1 S    rows=7 cols=7 Triang ;
  INPUT ---        1 2 3 4 5 6 7 ;
  INPUT ---        8 9 10 11 12 13 ;
  INPUT ---        14 15 16 17 18 ;
  INPUT ---        19 20 21 22 ;
  INPUT ---        23 24 25 ;
  INPUT ---        26 27 ;
  INPUT ---        28 ;

  INPUT ---    group=2 S    rows=7 cols=7 Triang ;
  INPUT ---        29 30 31 32 33 34 35 ;
  INPUT ---        36 37 38 39 40 41 ;
  INPUT ---        42 43 44 45 46 ;
  INPUT ---        47 48 49 50 ;
  INPUT ---        51 52 53 ;
  INPUT ---        54 55 ;
  INPUT ---        56 ;

  INPUT ---    group=3 S    rows=7 cols=7 Triang ;
  INPUT ---        1 2 3 4 5 6 7 ;
  INPUT ---        8 9 10 11 12 13 ;
  INPUT ---        14 15 16 17 18 ;
  INPUT ---        19 20 21 22 ;
  INPUT ---        23 24 25 ;
  INPUT ---        26 27 ;
  INPUT ---        28 ;

  INPUT ---    group=4 S    rows=7 cols=7 Triang ;
  INPUT ---        29 30 31 32 33 34 35 ;
  INPUT ---        36 37 38 39 40 41 ;
  INPUT ---        42 43 44 45 46 ;
  INPUT ---        47 48 49 50 ;
  INPUT ---        51 52 53 ;
  INPUT ---        54 55 ;
  INPUT ---        56 ;

  INPUT ---    group=5 S    rows=7 cols=7 Triang ;
  INPUT ---        1 2 3 4 5 6 7 ;
  INPUT ---        8 9 10 11 12 13 ;

  Program  MARK  - Survival Rate Estimation with Capture-Recapture Data
   gfortran(Win64) Vers. 8.0 Jun 2014   31-Jan-2015 14:08:40    Page  003
 - - - - - - - - - - - - - - - - - - - - - - - - - - - - - - - - - - - - - -
 
  INPUT ---        14 15 16 17 18 ;
  INPUT ---        19 20 21 22 ;
  INPUT ---        23 24 25 ;
  INPUT ---        26 27 ;
  INPUT ---        28 ;

  INPUT ---    group=6 S    rows=7 cols=7 Triang ;
  INPUT ---        29 30 31 32 33 34 35 ;
  INPUT ---        36 37 38 39 40 41 ;
  INPUT ---        42 43 44 45 46 ;
  INPUT ---        47 48 49 50 ;
  INPUT ---        51 52 53 ;
  INPUT ---        54 55 ;
  INPUT ---        56 ;

  INPUT ---    group=1 p    rows=6 cols=6 Triang ;
  INPUT ---        57 58 59 60 61 62 ;
  INPUT ---        58 59 60 61 62 ;
  INPUT ---        59 60 61 62 ;
  INPUT ---        60 61 62 ;
  INPUT ---        61 62 ;
  INPUT ---        62 ;

  INPUT ---    group=2 p    rows=6 cols=6 Triang ;
  INPUT ---        57 58 59 60 61 62 ;
  INPUT ---        58 59 60 61 62 ;
  INPUT ---        59 60 61 62 ;
  INPUT ---        60 61 62 ;
  INPUT ---        61 62 ;
  INPUT ---        62 ;

  INPUT ---    group=3 p    rows=6 cols=6 Triang ;
  INPUT ---        57 58 59 60 61 62 ;
  INPUT ---        58 59 60 61 62 ;
  INPUT ---        59 60 61 62 ;
  INPUT ---        60 61 62 ;
  INPUT ---        61 62 ;
  INPUT ---        62 ;

  INPUT ---    group=4 p    rows=6 cols=6 Triang ;
  INPUT ---        57 58 59 60 61 62 ;
  INPUT ---        58 59 60 61 62 ;
  INPUT ---        59 60 61 62 ;
  INPUT ---        60 61 62 ;
  INPUT ---        61 62 ;
  INPUT ---        62 ;

  Program  MARK  - Survival Rate Estimation with Capture-Recapture Data
   gfortran(Win64) Vers. 8.0 Jun 2014   31-Jan-2015 14:08:40    Page  004
 - - - - - - - - - - - - - - - - - - - - - - - - - - - - - - - - - - - - - -
 

  INPUT ---    group=5 p    rows=6 cols=6 Triang ;
  INPUT ---        57 58 59 60 61 62 ;
  INPUT ---        58 59 60 61 62 ;
  INPUT ---        59 60 61 62 ;
  INPUT ---        60 61 62 ;
  INPUT ---        61 62 ;
  INPUT ---        62 ;

  INPUT ---    group=6 p    rows=6 cols=6 Triang ;
  INPUT ---        57 58 59 60 61 62 ;
  INPUT ---        58 59 60 61 62 ;
  INPUT ---        59 60 61 62 ;
  INPUT ---        60 61 62 ;
  INPUT ---        61 62 ;
  INPUT ---        62 ;

  INPUT ---    group=1 r    rows=7 cols=7 Triang ;
  INPUT ---        63 63 63 63 63 63 63 ;
  INPUT ---        63 63 63 63 63 63 ;
  INPUT ---        63 63 63 63 63 ;
  INPUT ---        63 63 63 63 ;
  INPUT ---        63 63 63 ;
  INPUT ---        63 63 ;
  INPUT ---        63 ;

  INPUT ---    group=2 r    rows=7 cols=7 Triang ;
  INPUT ---        63 63 63 63 63 63 63 ;
  INPUT ---        63 63 63 63 63 63 ;
  INPUT ---        63 63 63 63 63 ;
  INPUT ---        63 63 63 63 ;
  INPUT ---        63 63 63 ;
  INPUT ---        63 63 ;
  INPUT ---        63 ;

  INPUT ---    group=3 r    rows=7 cols=7 Triang ;
  INPUT ---        63 63 63 63 63 63 63 ;
  INPUT ---        63 63 63 63 63 63 ;
  INPUT ---        63 63 63 63 63 ;
  INPUT ---        63 63 63 63 ;
  INPUT ---        63 63 63 ;
  INPUT ---        63 63 ;
  INPUT ---        63 ;

  INPUT ---    group=4 r    rows=7 cols=7 Triang ;
  INPUT ---        63 63 63 63 63 63 63 ;

  Program  MARK  - Survival Rate Estimation with Capture-Recapture Data
   gfortran(Win64) Vers. 8.0 Jun 2014   31-Jan-2015 14:08:40    Page  005
 - - - - - - - - - - - - - - - - - - - - - - - - - - - - - - - - - - - - - -
 
  INPUT ---        63 63 63 63 63 63 ;
  INPUT ---        63 63 63 63 63 ;
  INPUT ---        63 63 63 63 ;
  INPUT ---        63 63 63 ;
  INPUT ---        63 63 ;
  INPUT ---        63 ;

  INPUT ---    group=5 r    rows=7 cols=7 Triang ;
  INPUT ---        63 63 63 63 63 63 63 ;
  INPUT ---        63 63 63 63 63 63 ;
  INPUT ---        63 63 63 63 63 ;
  INPUT ---        63 63 63 63 ;
  INPUT ---        63 63 63 ;
  INPUT ---        63 63 ;
  INPUT ---        63 ;

  INPUT ---    group=6 r    rows=7 cols=7 Triang ;
  INPUT ---        63 63 63 63 63 63 63 ;
  INPUT ---        63 63 63 63 63 63 ;
  INPUT ---        63 63 63 63 63 ;
  INPUT ---        63 63 63 63 ;
  INPUT ---        63 63 63 ;
  INPUT ---        63 63 ;
  INPUT ---        63 ;

  INPUT ---    group=1 F    rows=6 cols=6 Triang ;
  INPUT ---        64 65 66 67 68 69 ;
  INPUT ---        64 65 66 67 68 ;
  INPUT ---        64 65 66 67 ;
  INPUT ---        64 65 66 ;
  INPUT ---        64 65 ;
  INPUT ---        64 ;

  INPUT ---    group=2 F    rows=6 cols=6 Triang ;
  INPUT ---        64 65 66 67 68 69 ;
  INPUT ---        64 65 66 67 68 ;
  INPUT ---        64 65 66 67 ;
  INPUT ---        64 65 66 ;
  INPUT ---        64 65 ;
  INPUT ---        64 ;

  INPUT ---    group=3 F    rows=6 cols=6 Triang ;
  INPUT ---        64 65 66 67 68 69 ;
  INPUT ---        64 65 66 67 68 ;
  INPUT ---        64 65 66 67 ;
  INPUT ---        64 65 66 ;

  Program  MARK  - Survival Rate Estimation with Capture-Recapture Data
   gfortran(Win64) Vers. 8.0 Jun 2014   31-Jan-2015 14:08:40    Page  006
 - - - - - - - - - - - - - - - - - - - - - - - - - - - - - - - - - - - - - -
 
  INPUT ---        64 65 ;
  INPUT ---        64 ;

  INPUT ---    group=4 F    rows=6 cols=6 Triang ;
  INPUT ---        64 65 66 67 68 69 ;
  INPUT ---        64 65 66 67 68 ;
  INPUT ---        64 65 66 67 ;
  INPUT ---        64 65 66 ;
  INPUT ---        64 65 ;
  INPUT ---        64 ;

  INPUT ---    group=5 F    rows=6 cols=6 Triang ;
  INPUT ---        64 65 66 67 68 69 ;
  INPUT ---        64 65 66 67 68 ;
  INPUT ---        64 65 66 67 ;
  INPUT ---        64 65 66 ;
  INPUT ---        64 65 ;
  INPUT ---        64 ;

  INPUT ---    group=6 F    rows=6 cols=6 Triang ;
  INPUT ---        64 65 66 67 68 69 ;
  INPUT ---        64 65 66 67 68 ;
  INPUT ---        64 65 66 67 ;
  INPUT ---        64 65 66 ;
  INPUT ---        64 65 ;
  INPUT ---        64 ;

  INPUT ---    design matrix constraints=69 covariates=27;
  INPUT ---        1 0 0 0 0 0 0 0 0 0 0 0 0 0 0 0 0 0 0 0 0 0 0 0 0 0 0;
  INPUT ---        1 1 0 0 0 0 0 0 1 0 0 0 0 0 0 0 0 0 0 0 0 0 0 0 0 0 0;
  INPUT ---        1 0 1 0 0 0 0 0 0 1 0 0 0 0 0 0 0 0 0 0 0 0 0 0 0 0 0;
  INPUT ---        1 0 0 1 0 0 0 0 0 0 1 0 0 0 0 0 0 0 0 0 0 0 0 0 0 0 0;
  INPUT ---        1 0 0 0 1 0 0 0 0 0 0 1 0 0 0 0 0 0 0 0 0 0 0 0 0 0 0;
  INPUT ---        1 0 0 0 0 1 0 0 0 0 0 0 1 0 0 0 0 0 0 0 0 0 0 0 0 0 0;
  INPUT ---        1 0 0 0 0 0 1 0 0 0 0 0 0 1 0 0 0 0 0 0 0 0 0 0 0 0 0;
  INPUT ---        1 0 0 0 0 0 0 0 1 0 0 0 0 0 0 0 0 0 0 0 0 0 0 0 0 0 0;
  INPUT ---        1 1 0 0 0 0 0 0 0 1 0 0 0 0 0 0 0 0 0 0 0 0 0 0 0 0 0;
  INPUT ---        1 0 1 0 0 0 0 0 0 0 1 0 0 0 0 0 0 0 0 0 0 0 0 0 0 0 0;
  INPUT ---        1 0 0 1 0 0 0 0 0 0 0 1 0 0 0 0 0 0 0 0 0 0 0 0 0 0 0;
  INPUT ---        1 0 0 0 1 0 0 0 0 0 0 0 1 0 0 0 0 0 0 0 0 0 0 0 0 0 0;
  INPUT ---        1 0 0 0 0 1 0 0 0 0 0 0 0 1 0 0 0 0 0 0 0 0 0 0 0 0 0;
  INPUT ---        1 0 0 0 0 0 0 0 0 1 0 0 0 0 0 0 0 0 0 0 0 0 0 0 0 0 0;
  INPUT ---        1 1 0 0 0 0 0 0 0 0 1 0 0 0 0 0 0 0 0 0 0 0 0 0 0 0 0;
  INPUT ---        1 0 1 0 0 0 0 0 0 0 0 1 0 0 0 0 0 0 0 0 0 0 0 0 0 0 0;
  INPUT ---        1 0 0 1 0 0 0 0 0 0 0 0 1 0 0 0 0 0 0 0 0 0 0 0 0 0 0;
  INPUT ---        1 0 0 0 1 0 0 0 0 0 0 0 0 1 0 0 0 0 0 0 0 0 0 0 0 0 0;

  Program  MARK  - Survival Rate Estimation with Capture-Recapture Data
   gfortran(Win64) Vers. 8.0 Jun 2014   31-Jan-2015 14:08:40    Page  007
 - - - - - - - - - - - - - - - - - - - - - - - - - - - - - - - - - - - - - -
 
  INPUT ---        1 0 0 0 0 0 0 0 0 0 1 0 0 0 0 0 0 0 0 0 0 0 0 0 0 0 0;
  INPUT ---        1 1 0 0 0 0 0 0 0 0 0 1 0 0 0 0 0 0 0 0 0 0 0 0 0 0 0;
  INPUT ---        1 0 1 0 0 0 0 0 0 0 0 0 1 0 0 0 0 0 0 0 0 0 0 0 0 0 0;
  INPUT ---        1 0 0 1 0 0 0 0 0 0 0 0 0 1 0 0 0 0 0 0 0 0 0 0 0 0 0;
  INPUT ---        1 0 0 0 0 0 0 0 0 0 0 1 0 0 0 0 0 0 0 0 0 0 0 0 0 0 0;
  INPUT ---        1 1 0 0 0 0 0 0 0 0 0 0 1 0 0 0 0 0 0 0 0 0 0 0 0 0 0;
  INPUT ---        1 0 1 0 0 0 0 0 0 0 0 0 0 1 0 0 0 0 0 0 0 0 0 0 0 0 0;
  INPUT ---        1 0 0 0 0 0 0 0 0 0 0 0 1 0 0 0 0 0 0 0 0 0 0 0 0 0 0;
  INPUT ---        1 1 0 0 0 0 0 0 0 0 0 0 0 1 0 0 0 0 0 0 0 0 0 0 0 0 0;
  INPUT ---        1 0 0 0 0 0 0 0 0 0 0 0 0 1 0 0 0 0 0 0 0 0 0 0 0 0 0;
  INPUT ---        1 0 0 0 0 0 0 1 0 0 0 0 0 0 0 0 0 0 0 0 0 0 0 0 0 0 0;
  INPUT ---        1 1 0 0 0 0 0 1 1 0 0 0 0 0 0 0 0 0 0 0 0 0 0 0 0 0 0;
  INPUT ---        1 0 1 0 0 0 0 1 0 1 0 0 0 0 0 0 0 0 0 0 0 0 0 0 0 0 0;
  INPUT ---        1 0 0 1 0 0 0 1 0 0 1 0 0 0 0 0 0 0 0 0 0 0 0 0 0 0 0;
  INPUT ---        1 0 0 0 1 0 0 1 0 0 0 1 0 0 0 0 0 0 0 0 0 0 0 0 0 0 0;
  INPUT ---        1 0 0 0 0 1 0 1 0 0 0 0 1 0 0 0 0 0 0 0 0 0 0 0 0 0 0;
  INPUT ---        1 0 0 0 0 0 1 1 0 0 0 0 0 1 0 0 0 0 0 0 0 0 0 0 0 0 0;
  INPUT ---        1 0 0 0 0 0 0 1 1 0 0 0 0 0 0 0 0 0 0 0 0 0 0 0 0 0 0;
  INPUT ---        1 1 0 0 0 0 0 1 0 1 0 0 0 0 0 0 0 0 0 0 0 0 0 0 0 0 0;
  INPUT ---        1 0 1 0 0 0 0 1 0 0 1 0 0 0 0 0 0 0 0 0 0 0 0 0 0 0 0;
  INPUT ---        1 0 0 1 0 0 0 1 0 0 0 1 0 0 0 0 0 0 0 0 0 0 0 0 0 0 0;
  INPUT ---        1 0 0 0 1 0 0 1 0 0 0 0 1 0 0 0 0 0 0 0 0 0 0 0 0 0 0;
  INPUT ---        1 0 0 0 0 1 0 1 0 0 0 0 0 1 0 0 0 0 0 0 0 0 0 0 0 0 0;
  INPUT ---        1 0 0 0 0 0 0 1 0 1 0 0 0 0 0 0 0 0 0 0 0 0 0 0 0 0 0;
  INPUT ---        1 1 0 0 0 0 0 1 0 0 1 0 0 0 0 0 0 0 0 0 0 0 0 0 0 0 0;
  INPUT ---        1 0 1 0 0 0 0 1 0 0 0 1 0 0 0 0 0 0 0 0 0 0 0 0 0 0 0;
  INPUT ---        1 0 0 1 0 0 0 1 0 0 0 0 1 0 0 0 0 0 0 0 0 0 0 0 0 0 0;
  INPUT ---        1 0 0 0 1 0 0 1 0 0 0 0 0 1 0 0 0 0 0 0 0 0 0 0 0 0 0;
  INPUT ---        1 0 0 0 0 0 0 1 0 0 1 0 0 0 0 0 0 0 0 0 0 0 0 0 0 0 0;
  INPUT ---        1 1 0 0 0 0 0 1 0 0 0 1 0 0 0 0 0 0 0 0 0 0 0 0 0 0 0;
  INPUT ---        1 0 1 0 0 0 0 1 0 0 0 0 1 0 0 0 0 0 0 0 0 0 0 0 0 0 0;
  INPUT ---        1 0 0 1 0 0 0 1 0 0 0 0 0 1 0 0 0 0 0 0 0 0 0 0 0 0 0;
  INPUT ---        1 0 0 0 0 0 0 1 0 0 0 1 0 0 0 0 0 0 0 0 0 0 0 0 0 0 0;
  INPUT ---        1 1 0 0 0 0 0 1 0 0 0 0 1 0 0 0 0 0 0 0 0 0 0 0 0 0 0;
  INPUT ---        1 0 1 0 0 0 0 1 0 0 0 0 0 1 0 0 0 0 0 0 0 0 0 0 0 0 0;
  INPUT ---        1 0 0 0 0 0 0 1 0 0 0 0 1 0 0 0 0 0 0 0 0 0 0 0 0 0 0;
  INPUT ---        1 1 0 0 0 0 0 1 0 0 0 0 0 1 0 0 0 0 0 0 0 0 0 0 0 0 0;
  INPUT ---        1 0 0 0 0 0 0 1 0 0 0 0 0 1 0 0 0 0 0 0 0 0 0 0 0 0 0;
  INPUT ---        0 0 0 0 0 0 0 0 0 0 0 0 0 0 1 0 0 0 0 0 0 0 0 0 0 0 0;
  INPUT ---        0 0 0 0 0 0 0 0 0 0 0 0 0 0 1 1 0 0 0 0 0 0 0 0 0 0 0;
  INPUT ---        0 0 0 0 0 0 0 0 0 0 0 0 0 0 1 0 1 0 0 0 0 0 0 0 0 0 0;
  INPUT ---        0 0 0 0 0 0 0 0 0 0 0 0 0 0 1 0 0 1 0 0 0 0 0 0 0 0 0;
  INPUT ---        0 0 0 0 0 0 0 0 0 0 0 0 0 0 1 0 0 0 1 0 0 0 0 0 0 0 0;
  INPUT ---        0 0 0 0 0 0 0 0 0 0 0 0 0 0 1 0 0 0 0 1 0 0 0 0 0 0 0;
  INPUT ---        0 0 0 0 0 0 0 0 0 0 0 0 0 0 0 0 0 0 0 0 1 0 0 0 0 0 0;
  INPUT ---        0 0 0 0 0 0 0 0 0 0 0 0 0 0 0 0 0 0 0 0 0 1 0 0 0 0 0;

  Program  MARK  - Survival Rate Estimation with Capture-Recapture Data
   gfortran(Win64) Vers. 8.0 Jun 2014   31-Jan-2015 14:08:40    Page  008
 - - - - - - - - - - - - - - - - - - - - - - - - - - - - - - - - - - - - - -
 
  INPUT ---        0 0 0 0 0 0 0 0 0 0 0 0 0 0 0 0 0 0 0 0 0 1 1 0 0 0 0;
  INPUT ---        0 0 0 0 0 0 0 0 0 0 0 0 0 0 0 0 0 0 0 0 0 1 0 1 0 0 0;
  INPUT ---        0 0 0 0 0 0 0 0 0 0 0 0 0 0 0 0 0 0 0 0 0 1 0 0 1 0 0;
  INPUT ---        0 0 0 0 0 0 0 0 0 0 0 0 0 0 0 0 0 0 0 0 0 1 0 0 0 1 0;
  INPUT ---        0 0 0 0 0 0 0 0 0 0 0 0 0 0 0 0 0 0 0 0 0 1 0 0 0 0 1;

  INPUT ---    blabel(1)=S:(Intercept);

  INPUT ---    blabel(2)=S:age1;

  INPUT ---    blabel(3)=S:age2;

  INPUT ---    blabel(4)=S:age3;

  INPUT ---    blabel(5)=S:age4;

  INPUT ---    blabel(6)=S:age5;

  INPUT ---    blabel(7)=S:age6;

  INPUT ---    blabel(8)=S:sex5;

  INPUT ---    blabel(9)=S:time2006;

  INPUT ---    blabel(10)=S:time2007;

  INPUT ---    blabel(11)=S:time2008;

  INPUT ---    blabel(12)=S:time2009;

  INPUT ---    blabel(13)=S:time2010;

  INPUT ---    blabel(14)=S:time2011;

  INPUT ---    blabel(15)=p:(Intercept);

  INPUT ---    blabel(16)=p:time2007;

  INPUT ---    blabel(17)=p:time2008;

  INPUT ---    blabel(18)=p:time2009;

  INPUT ---    blabel(19)=p:time2010;

  INPUT ---    blabel(20)=p:time2011;


  Program  MARK  - Survival Rate Estimation with Capture-Recapture Data
   gfortran(Win64) Vers. 8.0 Jun 2014   31-Jan-2015 14:08:40    Page  009
 - - - - - - - - - - - - - - - - - - - - - - - - - - - - - - - - - - - - - -
 
  INPUT ---    blabel(21)=r:(Intercept);

  INPUT ---    blabel(22)=F:(Intercept);

  INPUT ---    blabel(23)=F:age1;

  INPUT ---    blabel(24)=F:age2;

  INPUT ---    blabel(25)=F:age3;

  INPUT ---    blabel(26)=F:age4;

  INPUT ---    blabel(27)=F:age5;

  INPUT ---    rlabel(1)=S g41 c2005 c1 a0 t2005;

  INPUT ---    rlabel(2)=S g41 c2005 c1 a1 t2006;

  INPUT ---    rlabel(3)=S g41 c2005 c1 a2 t2007;

  INPUT ---    rlabel(4)=S g41 c2005 c1 a3 t2008;

  INPUT ---    rlabel(5)=S g41 c2005 c1 a4 t2009;

  INPUT ---    rlabel(6)=S g41 c2005 c1 a5 t2010;

  INPUT ---    rlabel(7)=S g41 c2005 c1 a6 t2011;

  INPUT ---    rlabel(8)=S g41 c2006 c2 a0 t2006;

  INPUT ---    rlabel(9)=S g41 c2006 c2 a1 t2007;

  INPUT ---    rlabel(10)=S g41 c2006 c2 a2 t2008;

  INPUT ---    rlabel(11)=S g41 c2006 c2 a3 t2009;

  INPUT ---    rlabel(12)=S g41 c2006 c2 a4 t2010;

  INPUT ---    rlabel(13)=S g41 c2006 c2 a5 t2011;

  INPUT ---    rlabel(14)=S g41 c2007 c3 a0 t2007;

  INPUT ---    rlabel(15)=S g41 c2007 c3 a1 t2008;

  INPUT ---    rlabel(16)=S g41 c2007 c3 a2 t2009;


  Program  MARK  - Survival Rate Estimation with Capture-Recapture Data
   gfortran(Win64) Vers. 8.0 Jun 2014   31-Jan-2015 14:08:40    Page  010
 - - - - - - - - - - - - - - - - - - - - - - - - - - - - - - - - - - - - - -
 
  INPUT ---    rlabel(17)=S g41 c2007 c3 a3 t2010;

  INPUT ---    rlabel(18)=S g41 c2007 c3 a4 t2011;

  INPUT ---    rlabel(19)=S g41 c2008 c4 a0 t2008;

  INPUT ---    rlabel(20)=S g41 c2008 c4 a1 t2009;

  INPUT ---    rlabel(21)=S g41 c2008 c4 a2 t2010;

  INPUT ---    rlabel(22)=S g41 c2008 c4 a3 t2011;

  INPUT ---    rlabel(23)=S g41 c2009 c5 a0 t2009;

  INPUT ---    rlabel(24)=S g41 c2009 c5 a1 t2010;

  INPUT ---    rlabel(25)=S g41 c2009 c5 a2 t2011;

  INPUT ---    rlabel(26)=S g41 c2010 c6 a0 t2010;

  INPUT ---    rlabel(27)=S g41 c2010 c6 a1 t2011;

  INPUT ---    rlabel(28)=S g41 c2011 c7 a0 t2011;

  INPUT ---    rlabel(29)=S g51 c2005 c1 a0 t2005;

  INPUT ---    rlabel(30)=S g51 c2005 c1 a1 t2006;

  INPUT ---    rlabel(31)=S g51 c2005 c1 a2 t2007;

  INPUT ---    rlabel(32)=S g51 c2005 c1 a3 t2008;

  INPUT ---    rlabel(33)=S g51 c2005 c1 a4 t2009;

  INPUT ---    rlabel(34)=S g51 c2005 c1 a5 t2010;

  INPUT ---    rlabel(35)=S g51 c2005 c1 a6 t2011;

  INPUT ---    rlabel(36)=S g51 c2006 c2 a0 t2006;

  INPUT ---    rlabel(37)=S g51 c2006 c2 a1 t2007;

  INPUT ---    rlabel(38)=S g51 c2006 c2 a2 t2008;

  INPUT ---    rlabel(39)=S g51 c2006 c2 a3 t2009;


  Program  MARK  - Survival Rate Estimation with Capture-Recapture Data
   gfortran(Win64) Vers. 8.0 Jun 2014   31-Jan-2015 14:08:40    Page  011
 - - - - - - - - - - - - - - - - - - - - - - - - - - - - - - - - - - - - - -
 
  INPUT ---    rlabel(40)=S g51 c2006 c2 a4 t2010;

  INPUT ---    rlabel(41)=S g51 c2006 c2 a5 t2011;

  INPUT ---    rlabel(42)=S g51 c2007 c3 a0 t2007;

  INPUT ---    rlabel(43)=S g51 c2007 c3 a1 t2008;

  INPUT ---    rlabel(44)=S g51 c2007 c3 a2 t2009;

  INPUT ---    rlabel(45)=S g51 c2007 c3 a3 t2010;

  INPUT ---    rlabel(46)=S g51 c2007 c3 a4 t2011;

  INPUT ---    rlabel(47)=S g51 c2008 c4 a0 t2008;

  INPUT ---    rlabel(48)=S g51 c2008 c4 a1 t2009;

  INPUT ---    rlabel(49)=S g51 c2008 c4 a2 t2010;

  INPUT ---    rlabel(50)=S g51 c2008 c4 a3 t2011;

  INPUT ---    rlabel(51)=S g51 c2009 c5 a0 t2009;

  INPUT ---    rlabel(52)=S g51 c2009 c5 a1 t2010;

  INPUT ---    rlabel(53)=S g51 c2009 c5 a2 t2011;

  INPUT ---    rlabel(54)=S g51 c2010 c6 a0 t2010;

  INPUT ---    rlabel(55)=S g51 c2010 c6 a1 t2011;

  INPUT ---    rlabel(56)=S g51 c2011 c7 a0 t2011;

  INPUT ---    rlabel(57)=p g41 c2005 c1 a1 t2006;

  INPUT ---    rlabel(58)=p g41 c2005 c1 a2 t2007;

  INPUT ---    rlabel(59)=p g41 c2005 c1 a3 t2008;

  INPUT ---    rlabel(60)=p g41 c2005 c1 a4 t2009;

  INPUT ---    rlabel(61)=p g41 c2005 c1 a5 t2010;

  INPUT ---    rlabel(62)=p g41 c2005 c1 a6 t2011;


  Program  MARK  - Survival Rate Estimation with Capture-Recapture Data
   gfortran(Win64) Vers. 8.0 Jun 2014   31-Jan-2015 14:08:40    Page  012
 - - - - - - - - - - - - - - - - - - - - - - - - - - - - - - - - - - - - - -
 
  INPUT ---    rlabel(63)=r g41 c2005 c1 a0 t2005;

  INPUT ---    rlabel(64)=F g41 c2005 c1 a0 t2005;

  INPUT ---    rlabel(65)=F g41 c2005 c1 a1 t2006;

  INPUT ---    rlabel(66)=F g41 c2005 c1 a2 t2007;

  INPUT ---    rlabel(67)=F g41 c2005 c1 a3 t2008;

  INPUT ---    rlabel(68)=F g41 c2005 c1 a4 t2009;

  INPUT ---    rlabel(69)=F g41 c2005 c1 a5 t2010;

 Link Function Used is LOGIT        

 Variance Estimation Procedure Used is 2ndPart 

 M(t+1):



 -2logL(saturated) = 1739.8188     
 Effective Sample Size = 7075

 Number of function evaluations was 95 for 27 parameters.
 Time for numerical optimization was 3.53 seconds.
 -2logL { S(~age + sex + time)p(~time)r(~1)F(~age) } = 2571.4097     
 Penalty { S(~age + sex + time)p(~time)r(~1)F(~age) } = -0.0000000    
 Gradient { S(~age + sex + time)p(~time)r(~1)F(~age) }:
 -0.2695045E-03-0.2697496E-03  0.000000    -0.7290221E-05  0.000000    
  0.1437512E-04 0.3137802E-04 0.2585422E-05 0.8034067E-05 0.1450654E-05
  0.9062903E-05  0.000000      0.000000    -0.2853965E-03-0.8932226E-03
  0.3021051E-04-0.2877113E-03 0.4654830E-05-0.2123997E-03-0.4215016E-03
  0.5965118E-02-0.3176951E-03-0.1742738E-03 0.1683685E-05 0.1010493E-05
  0.1890938E-05  0.000000    
 S Vector { S(~age + sex + time)p(~time)r(~1)F(~age) }:
   284.2950      17.33992      4.441412      2.865613      2.405667    
   1.608587     0.7517491     0.1027654     0.3827299E-04 0.3629835E-04
  0.1491367E-04 0.8834229E-05 0.5429400E-05 0.5203326E-05 0.4304181E-05
  0.2862253E-05 0.1140949E-05 0.7192308E-06 0.1528827E-06 0.1278992E-06
  0.2724226E-07 0.2064736E-07 0.1065051E-07 0.7201343E-08 0.6254868E-08
  0.4725210E-08 0.3135822E-09
 Time to compute number of parameters was 1.00 seconds.
   Threshold =  0.5600000E-06     Condition index =  0.1103017E-11     New Threshold =  0.1629421E-08

  Program  MARK  - Survival Rate Estimation with Capture-Recapture Data
   gfortran(Win64) Vers. 8.0 Jun 2014   31-Jan-2015 14:08:41    Page  013
 - - - - - - - - - - - - - - - - - - - - - - - - - - - - - - - - - - - - - -
 
 New Guessimate of Estimated Parameters { S(~age + sex + time)p(~time)r(~1)F(~age) } = 18          
 Conditioned S Vector { S(~age + sex + time)p(~time)r(~1)F(~age) }:
   1.000000     0.6099270E-01 0.1562255E-01 0.1007972E-01 0.8461869E-02
  0.5658161E-02 0.2644258E-02 0.3614745E-03 0.1346242E-06 0.1276785E-06
  0.5245842E-07 0.3107417E-07 0.1909777E-07 0.1830256E-07 0.1513984E-07
  0.1006790E-07 0.4013257E-08 0.2529875E-08 0.5377607E-09 0.4498821E-09
  0.9582393E-10 0.7262656E-10 0.3746290E-10 0.2533053E-10 0.2200133E-10
  0.1662080E-10 0.1103017E-11
 Number of Estimated Parameters { S(~age + sex + time)p(~time)r(~1)F(~age) } = 8          
 DEVIANCE { S(~age + sex + time)p(~time)r(~1)F(~age) } = 831.59092                     
 DEVIANCE Degrees of Freedom { S(~age + sex + time)p(~time)r(~1)F(~age) } = 7            
 c-hat { S(~age + sex + time)p(~time)r(~1)F(~age) } = 118.79870                     
 AIC { S(~age + sex + time)p(~time)r(~1)F(~age) } = 2587.4097                  
 AICc { S(~age + sex + time)p(~time)r(~1)F(~age) } = 2587.4301                    
 BIC { S(~age + sex + time)p(~time)r(~1)F(~age) } = 2642.3243                    
 Pearson Chisquare { S(~age + sex + time)p(~time)r(~1)F(~age) } = Not a Number               
 Possible Encounter Histories { S(~age + sex + time)p(~time)r(~1)F(~age) } = 896             
 Pearson Chisquare df { S(~age + sex + time)p(~time)r(~1)F(~age) } = 852        
 Pearson chat { S(~age + sex + time)p(~time)r(~1)F(~age) } = Not a Number               
 Sum(Observed/Expected) { S(~age + sex + time)p(~time)r(~1)F(~age) } = Not a Number               
 Fletcher chat { S(~age + sex + time)p(~time)r(~1)F(~age) } = Not a Number               


         LOGIT Link Function Parameters of { S(~age + sex + time)p(~time)r(~1)F(~age) }
                                                              95% Confidence Interval
 Parameter                    Beta         Standard Error      Lower           Upper
 -------------------------  --------------  --------------  --------------  --------------
    1:S:(Intercept)         14.354850       0.0000000       14.354850       14.354850     
    2:S:age1                75.873080       0.0000000       75.873080       75.873080     
    3:S:age2                -7.7507118      2574.4397       -5053.6526      5038.1512     
    4:S:age3                48.902176       3983.0279       -7757.8326      7855.6370     
    5:S:age4                -0.4748285      438.25728       -859.45912      858.50946     
    6:S:age5                2.1634339       948.22900       -1856.3654      1860.6923     
    7:S:age6                -0.4492542      433.21067       -849.54218      848.64367     
    8:S:sex5                34.177803       3985.9572       -7778.2985      7846.6541     
    9:S:time2006            -61.262623      3995.7190       -7892.8721      7770.3468     
   10:S:time2007            30.347741       3493.3776       -6816.6724      6877.3679     
   11:S:time2008            -89.318217      0.0000000       -89.318217      -89.318217    
   12:S:time2009            23.010564       5624.0722       -11000.171      11046.192     
   13:S:time2010            5.0764619       1180.8818       -2309.4519      2319.6049     
   14:S:time2011            -87.114367      0.0000000       -87.114367      -87.114367    
   15:p:(Intercept)         -50.165418      0.0000000       -50.165418      -50.165418    
   16:p:time2007            44.157862       0.0000000       44.157862       44.157862     
   17:p:time2008            43.572025       0.0000000       43.572025       43.572025     
   18:p:time2009            8.7693657       2829.3954       -5536.8458      5554.3845     
   19:p:time2010            44.175069       0.0000000       44.175069       44.175069     
   20:p:time2011            44.096954       0.0000000       44.096954       44.096954     
   21:r:(Intercept)         -2.9641901      0.0594040       -3.0806219      -2.8477583    
   22:F:(Intercept)         5.1550016       114.95167       -220.15028      230.46029     
   23:F:age1                -5.0015834      114.96404       -230.33111      220.32794     
   24:F:age2                26.009058       2736.1105       -5336.7677      5388.7858     
   25:F:age3                44.002507       1935.3141       -3749.2132      3837.2182     
   26:F:age4                23.048770       6684.8237       -13079.206      13125.303     
   27:F:age5                40.466029       5610.9035       -10956.905      11037.837     


         Real Function Parameters of { S(~age + sex + time)p(~time)r(~1)F(~age) }
                                                               95% Confidence Interval
  Parameter                  Estimate       Standard Error      Lower           Upper
 --------------------------  --------------  --------------  --------------  --------------

  Program  MARK  - Survival Rate Estimation with Capture-Recapture Data
   gfortran(Win64) Vers. 8.0 Jun 2014   31-Jan-2015 14:08:41    Page  014
 - - - - - - - - - - - - - - - - - - - - - - - - - - - - - - - - - - - - - -
 
     1:S g41 c2005 c1 a0 t2  0.9999994       0.0000000       0.9999994       0.9999994                           
     2:S g41 c2005 c1 a1 t2  1.0000000       0.1054917E-008  1.0000000       1.0000000                           
     3:S g41 c2005 c1 a2 t2  1.0000000       0.0000000       1.0000000       1.0000000                           
     4:S g41 c2005 c1 a3 t2  0.4805832E-011  0.1915224E-007  -.3753358E-007  0.3754320E-007                      
     5:S g41 c2005 c1 a4 t2  1.0000000       0.0000000       1.0000000       1.0000000                           
     6:S g41 c2005 c1 a5 t2  1.0000000       0.6024102E-006  0.9999988       1.0000012                           
     7:S g41 c2005 c1 a6 t2  0.1606330E-031  0.4979042E-029  -.9742860E-029  0.9774987E-029                      
     8:S g41 c2006 c2 a0 t2  0.4248277E-020  0.1702781E-016  -.3337025E-016  0.3337875E-016                      
     9:S g41 c2006 c2 a1 t2  1.0000000       0.0000000       1.0000000       1.0000000                           
    10:S g41 c2006 c2 a2 t2  0.1196002E-035  0.3056795E-032  -.5990123E-032  0.5992515E-032                      
    11:S g41 c2006 c2 a3 t2  1.0000000       0.0000000       1.0000000       1.0000000                           
    12:S g41 c2006 c2 a4 t2  1.0000000       0.6915312E-005  0.9999864       1.0000135                           
    13:S g41 c2006 c2 a5 t2  0.2190337E-030  0.1939481E-027  -.3799192E-027  0.3803572E-027                      
    14:S g41 c2007 c3 a0 t2  1.0000000       0.0000000       1.0000000       1.0000000                           
    15:S g41 c2007 c3 a1 t2  0.7129414       0.8040883       0.0011225       0.9998179                           
    16:S g41 c2007 c3 a2 t2  1.0000000       0.7964941E-009  1.0000000       1.0000000                           
    17:S g41 c2007 c3 a3 t2  1.0000000       0.0000000       1.0000000       1.0000000                           
    18:S g41 c2007 c3 a4 t2  0.1565770E-031  0.5014241E-029  -.9812255E-029  0.9843571E-029                      
    19:S g41 c2008 c4 a0 t2  0.2778583E-032  0.0000000       0.2778583E-032  0.2778583E-032                      
    20:S g41 c2008 c4 a1 t2  1.0000000       0.0000000       1.0000000       1.0000000                           
    21:S g41 c2008 c4 a2 t2  0.9999915       0.0237196       0.1165958E-298  1.0000000                           
    22:S g41 c2008 c4 a3 t2  0.4354002E-010  0.1735157E-006  -.3400472E-006  0.3401343E-006                      
    23:S g41 c2009 c5 a0 t2  1.0000000       0.0000000       1.0000000       1.0000000                           
    24:S g41 c2009 c5 a1 t2  1.0000000       0.0000000       1.0000000       1.0000000                           
    25:S g41 c2009 c5 a2 t2  0.1083558E-034  0.2769403E-031  -.5426946E-031  0.5429113E-031                      
    26:S g41 c2010 c6 a0 t2  1.0000000       0.3994151E-005  0.9999922       1.0000078                           
    27:S g41 c2010 c6 a1 t2  0.9574488       0.0425716       0.7437361       0.9943004                           
    28:S g41 c2011 c7 a0 t2  0.2517349E-031  0.0000000       0.2517349E-031  0.2517349E-031                      
    29:S g51 c2005 c1 a0 t2  1.0000000       0.0000000       1.0000000       1.0000000                           
    30:S g51 c2005 c1 a1 t2  1.0000000       0.0000000       1.0000000       1.0000000                           
    31:S g51 c2005 c1 a2 t2  1.0000000       0.0000000       1.0000000       1.0000000                           
    32:S g51 c2005 c1 a3 t2  0.9997016       0.1499460       0.3302651E-300  1.0000000                           
    33:S g51 c2005 c1 a4 t2  1.0000000       0.0000000       1.0000000       1.0000000                           
    34:S g51 c2005 c1 a5 t2  1.0000000       0.0000000       1.0000000       1.0000000                           
    35:S g51 c2005 c1 a6 t2  0.1119609E-016  0.4504051E-013  -.8826821E-013  0.8829060E-013                      
    36:S g51 c2006 c2 a0 t2  0.2961031E-005  0.0014762       0.2919490E-309  1.0000000                           
    37:S g51 c2006 c2 a1 t2  1.0000000       0.0000000       1.0000000       1.0000000                           
    38:S g51 c2006 c2 a2 t2  0.8336109E-021  0.3925416E-017  -.7692982E-017  0.7694649E-017                      
    39:S g51 c2006 c2 a3 t2  1.0000000       0.0000000       1.0000000       1.0000000                           
    40:S g51 c2006 c2 a4 t2  1.0000000       0.0000000       1.0000000       1.0000000                           
    41:S g51 c2006 c2 a5 t2  0.1526660E-015  0.6224254E-012  -.1219801E-011  0.1220106E-011                      
    42:S g51 c2007 c3 a0 t2  1.0000000       0.0000000       1.0000000       1.0000000                           
    43:S g51 c2007 c3 a1 t2  1.0000000       0.2655187E-011  1.0000000       1.0000000                           
    44:S g51 c2007 c3 a2 t2  1.0000000       0.0000000       1.0000000       1.0000000                           
    45:S g51 c2007 c3 a3 t2  1.0000000       0.0000000       1.0000000       1.0000000                           
    46:S g51 c2007 c3 a4 t2  0.1091338E-016  0.4374665E-013  -.8573252E-013  0.8575435E-013                      

  Program  MARK  - Survival Rate Estimation with Capture-Recapture Data
   gfortran(Win64) Vers. 8.0 Jun 2014   31-Jan-2015 14:08:41    Page  015
 - - - - - - - - - - - - - - - - - - - - - - - - - - - - - - - - - - - - - -
 
    47:S g51 c2008 c4 a0 t2  0.1936666E-017  0.7714936E-014  -.1511934E-013  0.1512321E-013                      
    48:S g51 c2008 c4 a1 t2  1.0000000       0.0000000       1.0000000       1.0000000                           
    49:S g51 c2008 c4 a2 t2  1.0000000       0.0000000       1.0000000       1.0000000                           
    50:S g51 c2008 c4 a3 t2  0.9999670       0.0165553       0.2992146E-299  1.0000000                           
    51:S g51 c2009 c5 a0 t2  1.0000000       0.0000000       1.0000000       1.0000000                           
    52:S g51 c2009 c5 a1 t2  1.0000000       0.0000000       1.0000000       1.0000000                           
    53:S g51 c2009 c5 a2 t2  0.7552374E-020  0.3556355E-016  -.6969700E-016  0.6971211E-016                      
    54:S g51 c2010 c6 a0 t2  1.0000000       0.0000000       1.0000000       1.0000000                           
    55:S g51 c2010 c6 a1 t2  1.0000000       0.0000000       1.0000000       1.0000000                           
    56:S g51 c2011 c7 a0 t2  0.1754587E-016  0.6989587E-013  -.1369784E-012  0.1370134E-012                      
    57:p g41 c2005 c1 a1 t2  0.1634691E-021  0.0000000       0.1634691E-021  0.1634691E-021                      
    58:p g41 c2005 c1 a2 t2  0.0024541       0.0033452       0.1689344E-003  0.0345802                           
    59:p g41 c2005 c1 a3 t2  0.0013675       0.0013449       0.1986833E-003  0.0093481                           
    60:p g41 c2005 c1 a4 t2  0.1051775E-017  0.2974876E-014  -.5829704E-014  0.5831808E-014                      
    61:p g41 c2005 c1 a5 t2  0.0024965       0.0021714       0.4529314E-003  0.0136351                           
    62:p g41 c2005 c1 a6 t2  0.0023094       0.0019963       0.4234498E-003  0.0124898                           
    63:r g41 c2005 c1 a0 t2  0.0490701       0.0027719       0.0439137       0.0547973                           
    64:F g41 c2005 c1 a0 t2  0.9942626       0.6557357       0.2454410E-095  1.0000000                           
    65:F g41 c2005 c1 a1 t2  0.5382795       0.3527780       0.0673160       0.9495739                           
    66:F g41 c2005 c1 a2 t2  1.0000000       0.8018367E-010  1.0000000       1.0000000                           
    67:F g41 c2005 c1 a3 t2  1.0000000       0.0000000       1.0000000       1.0000000                           
    68:F g41 c2005 c1 a4 t2  1.0000000       0.3774889E-008  1.0000000       1.0000000                           
    69:F g41 c2005 c1 a5 t2  1.0000000       0.0000000       1.0000000       1.0000000                           

 Attempted ordering of parameters by estimatibility:
  21 15 20 19  2 16 22 14 17 23 11  8  7  5  1  4  6 13  3 18  9 26 12 25 10
  27 24
 Beta number 24 is a singular value.

     CPU Time in seconds for last procedure was 4.57

  Program  MARK  - Survival Rate Estimation with Capture-Recapture Data
   gfortran(Win64) Vers. 8.0 Jun 2014   31-Jan-2015 14:08:41    Page  016
 - - - - - - - - - - - - - - - - - - - - - - - - - - - - - - - - - - - - - -
 


  INPUT --- proc stop;

     CPU Time in minutes for this job was 0.08

     Time Start = 14:08:40.111   Time End = 14:08:41.162

     Wall Clock Time in minutes for this job was 0.02


          E X E C U T I O N   S U C C E S S F U L 
