
   Program  MARK  - Survival Rate Estimation with Capture-Recapture Data
   gfortran(Win64) Vers. 8.0 Jun 2014   25-Jan-2015 15:11:56    Page  001
 - - - - - - - - - - - - - - - - - - - - - - - - - - - - - - - - - - - - - -
 
   This version was compiled by GCC version 4.8.1 using the options 
   -m64 -mtune=generic -march=x86-64 -mthreads -O2 -fimplicit-none -fbounds-check -funroll-loops -ftree-vectorize -fopenmp.
   This problem will use 7 of 8 possible threads.


  INPUT --- proc title ;

     CPU Time in seconds for last procedure was 0.00


  INPUT --- proc chmatrix occasions= 7 groups= 6 etype= Both ICMeans 
  INPUT --- NoHist hist= 51 ;

  INPUT ---    time  interval 1 1 1 1 1 1 1 ;

  INPUT ---    glabel(1)=sex4.age1;

  INPUT ---    glabel(2)=sex5.age1;

  INPUT ---    glabel(3)=sex4.age2;

  INPUT ---    glabel(4)=sex5.age2;

  INPUT ---    glabel(5)=sex4.age4;

  INPUT ---    glabel(6)=sex5.age4;

   * *  WARNING  * *   At least a pair of the encounter histories are duplicates. 

      Number of unique encounter histories read was 17.

      Number of individual covariates read was 0.
      Time interval lengths are all equal to 1.

      Data type number is 3
      Data type is Joint Live and Dead Encounters (Burnham)                                                            

     CPU Time in seconds for last procedure was 0.02

  Program  MARK  - Survival Rate Estimation with Capture-Recapture Data
   gfortran(Win64) Vers. 8.0 Jun 2014   25-Jan-2015 15:11:56    Page  002
 - - - - - - - - - - - - - - - - - - - - - - - - - - - - - - - - - - - - - -
 


  INPUT --- proc estimate link=Logit NOLOOP varest=2ndPart    ;


  INPUT --- model={ S(~time)p(~age + sex)r(~age + sex)F(~1) };

  INPUT ---    group=1 S    rows=7 cols=7 Triang ;
  INPUT ---        1 2 3 4 5 6 7 ;
  INPUT ---        2 3 4 5 6 7 ;
  INPUT ---        3 4 5 6 7 ;
  INPUT ---        4 5 6 7 ;
  INPUT ---        5 6 7 ;
  INPUT ---        6 7 ;
  INPUT ---        7 ;

  INPUT ---    group=2 S    rows=7 cols=7 Triang ;
  INPUT ---        1 2 3 4 5 6 7 ;
  INPUT ---        2 3 4 5 6 7 ;
  INPUT ---        3 4 5 6 7 ;
  INPUT ---        4 5 6 7 ;
  INPUT ---        5 6 7 ;
  INPUT ---        6 7 ;
  INPUT ---        7 ;

  INPUT ---    group=3 S    rows=7 cols=7 Triang ;
  INPUT ---        1 2 3 4 5 6 7 ;
  INPUT ---        2 3 4 5 6 7 ;
  INPUT ---        3 4 5 6 7 ;
  INPUT ---        4 5 6 7 ;
  INPUT ---        5 6 7 ;
  INPUT ---        6 7 ;
  INPUT ---        7 ;

  INPUT ---    group=4 S    rows=7 cols=7 Triang ;
  INPUT ---        1 2 3 4 5 6 7 ;
  INPUT ---        2 3 4 5 6 7 ;
  INPUT ---        3 4 5 6 7 ;
  INPUT ---        4 5 6 7 ;
  INPUT ---        5 6 7 ;
  INPUT ---        6 7 ;
  INPUT ---        7 ;

  INPUT ---    group=5 S    rows=7 cols=7 Triang ;
  INPUT ---        1 2 3 4 5 6 7 ;
  INPUT ---        2 3 4 5 6 7 ;

  Program  MARK  - Survival Rate Estimation with Capture-Recapture Data
   gfortran(Win64) Vers. 8.0 Jun 2014   25-Jan-2015 15:11:56    Page  003
 - - - - - - - - - - - - - - - - - - - - - - - - - - - - - - - - - - - - - -
 
  INPUT ---        3 4 5 6 7 ;
  INPUT ---        4 5 6 7 ;
  INPUT ---        5 6 7 ;
  INPUT ---        6 7 ;
  INPUT ---        7 ;

  INPUT ---    group=6 S    rows=7 cols=7 Triang ;
  INPUT ---        1 2 3 4 5 6 7 ;
  INPUT ---        2 3 4 5 6 7 ;
  INPUT ---        3 4 5 6 7 ;
  INPUT ---        4 5 6 7 ;
  INPUT ---        5 6 7 ;
  INPUT ---        6 7 ;
  INPUT ---        7 ;

  INPUT ---    group=1 p    rows=6 cols=6 Triang ;
  INPUT ---        8 9 10 11 12 13 ;
  INPUT ---        8 9 10 11 12 ;
  INPUT ---        8 9 10 11 ;
  INPUT ---        8 9 10 ;
  INPUT ---        8 9 ;
  INPUT ---        8 ;

  INPUT ---    group=2 p    rows=6 cols=6 Triang ;
  INPUT ---        14 15 16 17 18 19 ;
  INPUT ---        14 15 16 17 18 ;
  INPUT ---        14 15 16 17 ;
  INPUT ---        14 15 16 ;
  INPUT ---        14 15 ;
  INPUT ---        14 ;

  INPUT ---    group=3 p    rows=6 cols=6 Triang ;
  INPUT ---        8 9 10 11 12 13 ;
  INPUT ---        8 9 10 11 12 ;
  INPUT ---        8 9 10 11 ;
  INPUT ---        8 9 10 ;
  INPUT ---        8 9 ;
  INPUT ---        8 ;

  INPUT ---    group=4 p    rows=6 cols=6 Triang ;
  INPUT ---        14 15 16 17 18 19 ;
  INPUT ---        14 15 16 17 18 ;
  INPUT ---        14 15 16 17 ;
  INPUT ---        14 15 16 ;
  INPUT ---        14 15 ;
  INPUT ---        14 ;

  Program  MARK  - Survival Rate Estimation with Capture-Recapture Data
   gfortran(Win64) Vers. 8.0 Jun 2014   25-Jan-2015 15:11:56    Page  004
 - - - - - - - - - - - - - - - - - - - - - - - - - - - - - - - - - - - - - -
 

  INPUT ---    group=5 p    rows=6 cols=6 Triang ;
  INPUT ---        8 9 10 11 12 13 ;
  INPUT ---        8 9 10 11 12 ;
  INPUT ---        8 9 10 11 ;
  INPUT ---        8 9 10 ;
  INPUT ---        8 9 ;
  INPUT ---        8 ;

  INPUT ---    group=6 p    rows=6 cols=6 Triang ;
  INPUT ---        14 15 16 17 18 19 ;
  INPUT ---        14 15 16 17 18 ;
  INPUT ---        14 15 16 17 ;
  INPUT ---        14 15 16 ;
  INPUT ---        14 15 ;
  INPUT ---        14 ;

  INPUT ---    group=1 r    rows=7 cols=7 Triang ;
  INPUT ---        20 21 22 23 24 25 26 ;
  INPUT ---        20 21 22 23 24 25 ;
  INPUT ---        20 21 22 23 24 ;
  INPUT ---        20 21 22 23 ;
  INPUT ---        20 21 22 ;
  INPUT ---        20 21 ;
  INPUT ---        20 ;

  INPUT ---    group=2 r    rows=7 cols=7 Triang ;
  INPUT ---        27 28 29 30 31 32 33 ;
  INPUT ---        27 28 29 30 31 32 ;
  INPUT ---        27 28 29 30 31 ;
  INPUT ---        27 28 29 30 ;
  INPUT ---        27 28 29 ;
  INPUT ---        27 28 ;
  INPUT ---        27 ;

  INPUT ---    group=3 r    rows=7 cols=7 Triang ;
  INPUT ---        20 21 22 23 24 25 26 ;
  INPUT ---        20 21 22 23 24 25 ;
  INPUT ---        20 21 22 23 24 ;
  INPUT ---        20 21 22 23 ;
  INPUT ---        20 21 22 ;
  INPUT ---        20 21 ;
  INPUT ---        20 ;

  INPUT ---    group=4 r    rows=7 cols=7 Triang ;
  INPUT ---        27 28 29 30 31 32 33 ;

  Program  MARK  - Survival Rate Estimation with Capture-Recapture Data
   gfortran(Win64) Vers. 8.0 Jun 2014   25-Jan-2015 15:11:56    Page  005
 - - - - - - - - - - - - - - - - - - - - - - - - - - - - - - - - - - - - - -
 
  INPUT ---        27 28 29 30 31 32 ;
  INPUT ---        27 28 29 30 31 ;
  INPUT ---        27 28 29 30 ;
  INPUT ---        27 28 29 ;
  INPUT ---        27 28 ;
  INPUT ---        27 ;

  INPUT ---    group=5 r    rows=7 cols=7 Triang ;
  INPUT ---        20 21 22 23 24 25 26 ;
  INPUT ---        20 21 22 23 24 25 ;
  INPUT ---        20 21 22 23 24 ;
  INPUT ---        20 21 22 23 ;
  INPUT ---        20 21 22 ;
  INPUT ---        20 21 ;
  INPUT ---        20 ;

  INPUT ---    group=6 r    rows=7 cols=7 Triang ;
  INPUT ---        27 28 29 30 31 32 33 ;
  INPUT ---        27 28 29 30 31 32 ;
  INPUT ---        27 28 29 30 31 ;
  INPUT ---        27 28 29 30 ;
  INPUT ---        27 28 29 ;
  INPUT ---        27 28 ;
  INPUT ---        27 ;

  INPUT ---    group=1 F    rows=6 cols=6 Triang ;
  INPUT ---        34 34 34 34 34 34 ;
  INPUT ---        34 34 34 34 34 ;
  INPUT ---        34 34 34 34 ;
  INPUT ---        34 34 34 ;
  INPUT ---        34 34 ;
  INPUT ---        34 ;

  INPUT ---    group=2 F    rows=6 cols=6 Triang ;
  INPUT ---        34 34 34 34 34 34 ;
  INPUT ---        34 34 34 34 34 ;
  INPUT ---        34 34 34 34 ;
  INPUT ---        34 34 34 ;
  INPUT ---        34 34 ;
  INPUT ---        34 ;

  INPUT ---    group=3 F    rows=6 cols=6 Triang ;
  INPUT ---        34 34 34 34 34 34 ;
  INPUT ---        34 34 34 34 34 ;
  INPUT ---        34 34 34 34 ;
  INPUT ---        34 34 34 ;

  Program  MARK  - Survival Rate Estimation with Capture-Recapture Data
   gfortran(Win64) Vers. 8.0 Jun 2014   25-Jan-2015 15:11:56    Page  006
 - - - - - - - - - - - - - - - - - - - - - - - - - - - - - - - - - - - - - -
 
  INPUT ---        34 34 ;
  INPUT ---        34 ;

  INPUT ---    group=4 F    rows=6 cols=6 Triang ;
  INPUT ---        34 34 34 34 34 34 ;
  INPUT ---        34 34 34 34 34 ;
  INPUT ---        34 34 34 34 ;
  INPUT ---        34 34 34 ;
  INPUT ---        34 34 ;
  INPUT ---        34 ;

  INPUT ---    group=5 F    rows=6 cols=6 Triang ;
  INPUT ---        34 34 34 34 34 34 ;
  INPUT ---        34 34 34 34 34 ;
  INPUT ---        34 34 34 34 ;
  INPUT ---        34 34 34 ;
  INPUT ---        34 34 ;
  INPUT ---        34 ;

  INPUT ---    group=6 F    rows=6 cols=6 Triang ;
  INPUT ---        34 34 34 34 34 34 ;
  INPUT ---        34 34 34 34 34 ;
  INPUT ---        34 34 34 34 ;
  INPUT ---        34 34 34 ;
  INPUT ---        34 34 ;
  INPUT ---        34 ;

  INPUT ---    design matrix constraints=34 covariates=23;
  INPUT ---        1 0 0 0 0 0 0 0 0 0 0 0 0 0 0 0 0 0 0 0 0 0 0;
  INPUT ---        1 1 0 0 0 0 0 0 0 0 0 0 0 0 0 0 0 0 0 0 0 0 0;
  INPUT ---        1 0 1 0 0 0 0 0 0 0 0 0 0 0 0 0 0 0 0 0 0 0 0;
  INPUT ---        1 0 0 1 0 0 0 0 0 0 0 0 0 0 0 0 0 0 0 0 0 0 0;
  INPUT ---        1 0 0 0 1 0 0 0 0 0 0 0 0 0 0 0 0 0 0 0 0 0 0;
  INPUT ---        1 0 0 0 0 1 0 0 0 0 0 0 0 0 0 0 0 0 0 0 0 0 0;
  INPUT ---        1 0 0 0 0 0 1 0 0 0 0 0 0 0 0 0 0 0 0 0 0 0 0;
  INPUT ---        0 0 0 0 0 0 0 1 0 0 0 0 0 0 0 0 0 0 0 0 0 0 0;
  INPUT ---        0 0 0 0 0 0 0 1 1 0 0 0 0 0 0 0 0 0 0 0 0 0 0;
  INPUT ---        0 0 0 0 0 0 0 1 0 1 0 0 0 0 0 0 0 0 0 0 0 0 0;
  INPUT ---        0 0 0 0 0 0 0 1 0 0 1 0 0 0 0 0 0 0 0 0 0 0 0;
  INPUT ---        0 0 0 0 0 0 0 1 0 0 0 1 0 0 0 0 0 0 0 0 0 0 0;
  INPUT ---        0 0 0 0 0 0 0 1 0 0 0 0 1 0 0 0 0 0 0 0 0 0 0;
  INPUT ---        0 0 0 0 0 0 0 1 0 0 0 0 0 1 0 0 0 0 0 0 0 0 0;
  INPUT ---        0 0 0 0 0 0 0 1 1 0 0 0 0 1 0 0 0 0 0 0 0 0 0;
  INPUT ---        0 0 0 0 0 0 0 1 0 1 0 0 0 1 0 0 0 0 0 0 0 0 0;
  INPUT ---        0 0 0 0 0 0 0 1 0 0 1 0 0 1 0 0 0 0 0 0 0 0 0;
  INPUT ---        0 0 0 0 0 0 0 1 0 0 0 1 0 1 0 0 0 0 0 0 0 0 0;

  Program  MARK  - Survival Rate Estimation with Capture-Recapture Data
   gfortran(Win64) Vers. 8.0 Jun 2014   25-Jan-2015 15:11:56    Page  007
 - - - - - - - - - - - - - - - - - - - - - - - - - - - - - - - - - - - - - -
 
  INPUT ---        0 0 0 0 0 0 0 1 0 0 0 0 1 1 0 0 0 0 0 0 0 0 0;
  INPUT ---        0 0 0 0 0 0 0 0 0 0 0 0 0 0 1 0 0 0 0 0 0 0 0;
  INPUT ---        0 0 0 0 0 0 0 0 0 0 0 0 0 0 1 1 0 0 0 0 0 0 0;
  INPUT ---        0 0 0 0 0 0 0 0 0 0 0 0 0 0 1 0 1 0 0 0 0 0 0;
  INPUT ---        0 0 0 0 0 0 0 0 0 0 0 0 0 0 1 0 0 1 0 0 0 0 0;
  INPUT ---        0 0 0 0 0 0 0 0 0 0 0 0 0 0 1 0 0 0 1 0 0 0 0;
  INPUT ---        0 0 0 0 0 0 0 0 0 0 0 0 0 0 1 0 0 0 0 1 0 0 0;
  INPUT ---        0 0 0 0 0 0 0 0 0 0 0 0 0 0 1 0 0 0 0 0 1 0 0;
  INPUT ---        0 0 0 0 0 0 0 0 0 0 0 0 0 0 1 0 0 0 0 0 0 1 0;
  INPUT ---        0 0 0 0 0 0 0 0 0 0 0 0 0 0 1 1 0 0 0 0 0 1 0;
  INPUT ---        0 0 0 0 0 0 0 0 0 0 0 0 0 0 1 0 1 0 0 0 0 1 0;
  INPUT ---        0 0 0 0 0 0 0 0 0 0 0 0 0 0 1 0 0 1 0 0 0 1 0;
  INPUT ---        0 0 0 0 0 0 0 0 0 0 0 0 0 0 1 0 0 0 1 0 0 1 0;
  INPUT ---        0 0 0 0 0 0 0 0 0 0 0 0 0 0 1 0 0 0 0 1 0 1 0;
  INPUT ---        0 0 0 0 0 0 0 0 0 0 0 0 0 0 1 0 0 0 0 0 1 1 0;
  INPUT ---        0 0 0 0 0 0 0 0 0 0 0 0 0 0 0 0 0 0 0 0 0 0 1;

  INPUT ---    blabel(1)=S:(Intercept);

  INPUT ---    blabel(2)=S:time2006;

  INPUT ---    blabel(3)=S:time2007;

  INPUT ---    blabel(4)=S:time2008;

  INPUT ---    blabel(5)=S:time2009;

  INPUT ---    blabel(6)=S:time2010;

  INPUT ---    blabel(7)=S:time2011;

  INPUT ---    blabel(8)=p:(Intercept);

  INPUT ---    blabel(9)=p:age2;

  INPUT ---    blabel(10)=p:age3;

  INPUT ---    blabel(11)=p:age4;

  INPUT ---    blabel(12)=p:age5;

  INPUT ---    blabel(13)=p:age6;

  INPUT ---    blabel(14)=p:sex5;

  INPUT ---    blabel(15)=r:(Intercept);

  Program  MARK  - Survival Rate Estimation with Capture-Recapture Data
   gfortran(Win64) Vers. 8.0 Jun 2014   25-Jan-2015 15:11:56    Page  008
 - - - - - - - - - - - - - - - - - - - - - - - - - - - - - - - - - - - - - -
 

  INPUT ---    blabel(16)=r:age1;

  INPUT ---    blabel(17)=r:age2;

  INPUT ---    blabel(18)=r:age3;

  INPUT ---    blabel(19)=r:age4;

  INPUT ---    blabel(20)=r:age5;

  INPUT ---    blabel(21)=r:age6;

  INPUT ---    blabel(22)=r:sex5;

  INPUT ---    blabel(23)=F:(Intercept);

  INPUT ---    rlabel(1)=S g41 c2005 c1 a0 t2005;

  INPUT ---    rlabel(2)=S g41 c2005 c1 a1 t2006;

  INPUT ---    rlabel(3)=S g41 c2005 c1 a2 t2007;

  INPUT ---    rlabel(4)=S g41 c2005 c1 a3 t2008;

  INPUT ---    rlabel(5)=S g41 c2005 c1 a4 t2009;

  INPUT ---    rlabel(6)=S g41 c2005 c1 a5 t2010;

  INPUT ---    rlabel(7)=S g41 c2005 c1 a6 t2011;

  INPUT ---    rlabel(8)=p g41 c2005 c1 a1 t2006;

  INPUT ---    rlabel(9)=p g41 c2005 c1 a2 t2007;

  INPUT ---    rlabel(10)=p g41 c2005 c1 a3 t2008;

  INPUT ---    rlabel(11)=p g41 c2005 c1 a4 t2009;

  INPUT ---    rlabel(12)=p g41 c2005 c1 a5 t2010;

  INPUT ---    rlabel(13)=p g41 c2005 c1 a6 t2011;

  INPUT ---    rlabel(14)=p g51 c2005 c1 a1 t2006;

  INPUT ---    rlabel(15)=p g51 c2005 c1 a2 t2007;

  Program  MARK  - Survival Rate Estimation with Capture-Recapture Data
   gfortran(Win64) Vers. 8.0 Jun 2014   25-Jan-2015 15:11:56    Page  009
 - - - - - - - - - - - - - - - - - - - - - - - - - - - - - - - - - - - - - -
 

  INPUT ---    rlabel(16)=p g51 c2005 c1 a3 t2008;

  INPUT ---    rlabel(17)=p g51 c2005 c1 a4 t2009;

  INPUT ---    rlabel(18)=p g51 c2005 c1 a5 t2010;

  INPUT ---    rlabel(19)=p g51 c2005 c1 a6 t2011;

  INPUT ---    rlabel(20)=r g41 c2005 c1 a0 t2005;

  INPUT ---    rlabel(21)=r g41 c2005 c1 a1 t2006;

  INPUT ---    rlabel(22)=r g41 c2005 c1 a2 t2007;

  INPUT ---    rlabel(23)=r g41 c2005 c1 a3 t2008;

  INPUT ---    rlabel(24)=r g41 c2005 c1 a4 t2009;

  INPUT ---    rlabel(25)=r g41 c2005 c1 a5 t2010;

  INPUT ---    rlabel(26)=r g41 c2005 c1 a6 t2011;

  INPUT ---    rlabel(27)=r g51 c2005 c1 a0 t2005;

  INPUT ---    rlabel(28)=r g51 c2005 c1 a1 t2006;

  INPUT ---    rlabel(29)=r g51 c2005 c1 a2 t2007;

  INPUT ---    rlabel(30)=r g51 c2005 c1 a3 t2008;

  INPUT ---    rlabel(31)=r g51 c2005 c1 a4 t2009;

  INPUT ---    rlabel(32)=r g51 c2005 c1 a5 t2010;

  INPUT ---    rlabel(33)=r g51 c2005 c1 a6 t2011;

  INPUT ---    rlabel(34)=F g41 c2005 c1 a0 t2005;

 Link Function Used is LOGIT        

 Variance Estimation Procedure Used is 2ndPart 

 M(t+1):




  Program  MARK  - Survival Rate Estimation with Capture-Recapture Data
   gfortran(Win64) Vers. 8.0 Jun 2014   25-Jan-2015 15:11:56    Page  010
 - - - - - - - - - - - - - - - - - - - - - - - - - - - - - - - - - - - - - -
 
 -2logL(saturated) = 1739.8188     
 Effective Sample Size = 7075

 Number of function evaluations was 123 for 23 parameters.
 Time for numerical optimization was 2.65 seconds.
 -2logL { S(~time)p(~age + sex)r(~age + sex)F(~1) } = 1781.6730     
 Penalty { S(~time)p(~age + sex)r(~age + sex)F(~1) } = -0.0000000    
 Gradient { S(~time)p(~age + sex)r(~age + sex)F(~1) }:
 -0.2630428E-05-0.2606784E-05-0.7514064E-06-0.3413014E-05-0.1654680E-05
   0.000000      0.000000    -0.4365816E-03 0.2263454E-03 0.1470989E-03
  0.1592941E-03  0.000000      0.000000    -0.8189938E-03-0.5051121E-02
 -0.6793825E-04 0.1071543E-05  0.000000      0.000000      0.000000    
   0.000000    -0.1794990E-02-0.9922585E-03
 S Vector { S(~time)p(~age + sex)r(~age + sex)F(~1) }:
   329.3108      46.68550      45.96738      6.271490      2.002546    
   1.660214      1.222980     0.9949497     0.5967199     0.1206238E-05
  0.3875806E-06 0.2057203E-06 0.1548591E-06 0.1157352E-06 0.7539179E-07
  0.2339554E-07 0.1157226E-07 0.1076838E-07 0.6952592E-08 0.2712677E-08
  0.1840091E-08 0.1344928E-08 0.5114382E-09
 Time to compute number of parameters was 0.66 seconds.
   Threshold =  0.4800000E-06     Condition index =  0.1553056E-11     New Threshold =  0.2452771E-08
 New Guessimate of Estimated Parameters { S(~time)p(~age + sex)r(~age + sex)F(~1) } = 10          
 Conditioned S Vector { S(~time)p(~age + sex)r(~age + sex)F(~1) }:
   1.000000     0.1417673     0.1395866     0.1904429E-01 0.6081021E-02
  0.5041482E-02 0.3713756E-02 0.3021310E-02 0.1812027E-02 0.3662918E-08
  0.1176945E-08 0.6246997E-09 0.4702522E-09 0.3514466E-09 0.2289381E-09
  0.7104397E-10 0.3514085E-10 0.3269975E-10 0.2111256E-10 0.8237437E-11
  0.5587704E-11 0.4084070E-11 0.1553056E-11
 Number of Estimated Parameters { S(~time)p(~age + sex)r(~age + sex)F(~1) } = 9          
 DEVIANCE { S(~time)p(~age + sex)r(~age + sex)F(~1) } = 41.854238                     
 DEVIANCE Degrees of Freedom { S(~time)p(~age + sex)r(~age + sex)F(~1) } = 6            
 c-hat { S(~time)p(~age + sex)r(~age + sex)F(~1) } = 6.9757063                     
 AIC { S(~time)p(~age + sex)r(~age + sex)F(~1) } = 1799.6730                  
 AICc { S(~time)p(~age + sex)r(~age + sex)F(~1) } = 1799.6985                    
 BIC { S(~time)p(~age + sex)r(~age + sex)F(~1) } = 1861.4519                    
 Pearson Chisquare { S(~time)p(~age + sex)r(~age + sex)F(~1) } = Not a Number               
 Possible Encounter Histories { S(~time)p(~age + sex)r(~age + sex)F(~1) } = 896             
 Pearson Chisquare df { S(~time)p(~age + sex)r(~age + sex)F(~1) } = 851        
 Pearson chat { S(~time)p(~age + sex)r(~age + sex)F(~1) } = Not a Number               
 Sum(Observed/Expected) { S(~time)p(~age + sex)r(~age + sex)F(~1) } = Not a Number               
 Fletcher chat { S(~time)p(~age + sex)r(~age + sex)F(~1) } = Not a Number               


         LOGIT Link Function Parameters of { S(~time)p(~age + sex)r(~age + sex)F(~1) }
                                                              95% Confidence Interval
 Parameter                    Beta         Standard Error      Lower           Upper
 -------------------------  --------------  --------------  --------------  --------------
    1:S:(Intercept)         52.596738       3665.2497       -7131.2928      7236.4863     
    2:S:time2006            -8.0085853      1628.5888       -3200.0427      3184.0255     
    3:S:time2007            -30.477133      4590.4244       -9027.7092      8966.7549     
    4:S:time2008            -33.270395      3781.0840       -7444.1952      7377.6545     
    5:S:time2009            13.127581       2532.4522       -4950.4788      4976.7339     
    6:S:time2010            -30.386038      4059.0764       -7986.1759      7925.4038     
    7:S:time2011            -106.17645      43.313585       -191.07108      -21.281824    
    8:p:(Intercept)         -5.3017051      0.4801746       -6.2428474      -4.3605628    
    9:p:age2                0.2049954       0.8355308       -1.4326450      1.8426359     
   10:p:age3                0.8544361       1.1363622       -1.3728339      3.0817060     
   11:p:age4                2.9962164       1.0120266       1.0126442       4.9797885     
   12:p:age5                -52.766313      2224.6341       -4413.0493      4307.5166     
   13:p:age6                105.52051       797.07329       -1456.7432      1667.7842     
   14:p:sex5                -1.0261964      0.6874406       -2.3735801      0.3211873     
   15:r:(Intercept)         -1.4802636      0.0923956       -1.6613590      -1.2991682    

  Program  MARK  - Survival Rate Estimation with Capture-Recapture Data
   gfortran(Win64) Vers. 8.0 Jun 2014   25-Jan-2015 15:11:57    Page  011
 - - - - - - - - - - - - - - - - - - - - - - - - - - - - - - - - - - - - - -
 
   16:r:age1                -5.3587993      1.0025249       -7.3237482      -3.3938504    
   17:r:age2                -21.007211      2218.2368       -4368.7514      4326.7370     
   18:r:age3                -129.72071      182.71624       -487.84454      228.40313     
   19:r:age4                -65.849045      229.30692       -515.29062      383.59253     
   20:r:age5                -52.943881      9622.8598       -18913.750      18807.862     
   21:r:age6                -37.221337      9006.4820       -17689.926      17615.484     
   22:r:sex5                -0.1147289      0.1275693       -0.3647647      0.1353069     
   23:F:(Intercept)         -0.6955867      0.2435180       -1.1728820      -0.2182914    


         Real Function Parameters of { S(~time)p(~age + sex)r(~age + sex)F(~1) }
                                                               95% Confidence Interval
  Parameter                  Estimate       Standard Error      Lower           Upper
 --------------------------  --------------  --------------  --------------  --------------
     1:S g41 c2005 c1 a0 t2  1.0000000       0.0000000       1.0000000       1.0000000                           
     2:S g41 c2005 c1 a1 t2  1.0000000       0.0000000       1.0000000       1.0000000                           
     3:S g41 c2005 c1 a2 t2  1.0000000       0.9819951E-006  0.9999981       1.0000019                           
     4:S g41 c2005 c1 a3 t2  1.0000000       0.5279984E-005  0.9999896       1.0000103                           
     5:S g41 c2005 c1 a4 t2  1.0000000       0.0000000       1.0000000       1.0000000                           
     6:S g41 c2005 c1 a5 t2  1.0000000       0.8704210E-006  0.9999983       1.0000017                           
     7:S g41 c2005 c1 a6 t2  0.5378065E-023  0.1983061E-019  -.3886263E-019  0.3887338E-019                      
     8:p g41 c2005 c1 a1 t2  0.0049584       0.0023691       0.0019405       0.0126102                           
     9:p g41 c2005 c1 a2 t2  0.0060797       0.0048687       0.0012593       0.0288180                           
    10:p g41 c2005 c1 a3 t2  0.0115750       0.0130362       0.0012535       0.0985023                           
    11:p g41 c2005 c1 a4 t2  0.0906694       0.0868879       0.0124805       0.4402982                           
    12:p g41 c2005 c1 a5 t2  0.6044773E-025  0.1344741E-021  -.2635088E-021  0.2636297E-021                      
    13:p g41 c2005 c1 a6 t2  1.0000000       0.0000000       1.0000000       1.0000000                           
    14:p g51 c2005 c1 a1 t2  0.0017826       0.0011819       0.4855496E-003  0.0065218                           
    15:p g51 c2005 c1 a2 t2  0.0021873       0.0020140       0.3590988E-003  0.0131999                           
    16:p g51 c2005 c1 a3 t2  0.0041791       0.0050783       0.3837345E-003  0.0438662                           
    17:p g51 c2005 c1 a4 t2  0.0345001       0.0371835       0.0039914       0.2416327                           
    18:p g51 c2005 c1 a5 t2  0.2166250E-025  0.4819114E-022  -.9443298E-022  0.9447630E-022                      
    19:p g51 c2005 c1 a6 t2  1.0000000       0.0000000       1.0000000       1.0000000                           
    20:r g41 c2005 c1 a0 t2  0.1853876       0.0139535       0.1595796       0.2143050                           
    21:r g41 c2005 c1 a1 t2  0.0010700       0.0010714       0.1501406E-003  0.0075822                           
    22:r g41 c2005 c1 a2 t2  0.1713223E-009  0.3800335E-006  -.7446943E-006  0.7450369E-006                      
    23:r g41 c2005 c1 a3 t2  0.1047474E-056  0.1913905E-054  -.3740778E-054  0.3761728E-054                      
    24:r g41 c2005 c1 a4 t2  0.5744510E-029  0.1317256E-026  -.2576077E-026  0.2587566E-026                      
    25:r g41 c2005 c1 a5 t2  0.2311503E-023  0.2224327E-019  -.4359449E-019  0.4359911E-019                      
    26:r g41 c2005 c1 a6 t2  0.1556354E-016  0.1401727E-012  -.2747230E-012  0.2747541E-012                      
    27:r g51 c2005 c1 a0 t2  0.1686826       0.0123609       0.1458208       0.1943134                           
    28:r g51 c2005 c1 a1 t2  0.9540959E-003  0.9556763E-003  0.1338157E-003  0.0067686                           
    29:r g51 c2005 c1 a2 t2  0.1527523E-009  0.3388408E-006  -.6639753E-006  0.6642808E-006                      
    30:r g51 c2005 c1 a3 t2  0.9339356E-057  0.1706452E-054  -.3335307E-054  0.3353986E-054                      
    31:r g51 c2005 c1 a4 t2  0.5121850E-029  0.1174476E-026  -.2296850E-026  0.2307094E-026                      
    32:r g51 c2005 c1 a5 t2  0.2060954E-023  0.1983227E-019  -.3886919E-019  0.3887331E-019                      

  Program  MARK  - Survival Rate Estimation with Capture-Recapture Data
   gfortran(Win64) Vers. 8.0 Jun 2014   25-Jan-2015 15:11:57    Page  012
 - - - - - - - - - - - - - - - - - - - - - - - - - - - - - - - - - - - - - -
 
    33:r g51 c2005 c1 a6 t2  0.1387657E-016  0.1249791E-012  -.2449452E-012  0.2449729E-012                      
    34:F g41 c2005 c1 a0 t2  0.3327914       0.0540711       0.2363344       0.4456428                           

 Attempted ordering of parameters by estimatibility:
  15 22 23  8 14  9 11 16 10  1  2 17  5  4  6  3 21 20 19  7 18 13 12
 Beta number 12 is a singular value.

     CPU Time in seconds for last procedure was 3.31


  INPUT --- proc stop;

     CPU Time in minutes for this job was 0.06

     Time Start = 15:11:56.594   Time End = 15:11:57.357

     Wall Clock Time in minutes for this job was 0.01


          E X E C U T I O N   S U C C E S S F U L 
