
   Program  MARK  - Survival Rate Estimation with Capture-Recapture Data
   gfortran(Win64) Vers. 8.0 Jun 2014   25-Jan-2015 15:11:10    Page  001
 - - - - - - - - - - - - - - - - - - - - - - - - - - - - - - - - - - - - - -
 
   This version was compiled by GCC version 4.8.1 using the options 
   -m64 -mtune=generic -march=x86-64 -mthreads -O2 -fimplicit-none -fbounds-check -funroll-loops -ftree-vectorize -fopenmp.
   This problem will use 7 of 8 possible threads.


  INPUT --- proc title ;

     CPU Time in seconds for last procedure was 0.00


  INPUT --- proc chmatrix occasions= 7 groups= 6 etype= Both ICMeans 
  INPUT --- NoHist hist= 51 ;

  INPUT ---    time  interval 1 1 1 1 1 1 1 ;

  INPUT ---    glabel(1)=sex4.age1;

  INPUT ---    glabel(2)=sex5.age1;

  INPUT ---    glabel(3)=sex4.age2;

  INPUT ---    glabel(4)=sex5.age2;

  INPUT ---    glabel(5)=sex4.age4;

  INPUT ---    glabel(6)=sex5.age4;

   * *  WARNING  * *   At least a pair of the encounter histories are duplicates. 

      Number of unique encounter histories read was 17.

      Number of individual covariates read was 0.
      Time interval lengths are all equal to 1.

      Data type number is 3
      Data type is Joint Live and Dead Encounters (Burnham)                                                            

     CPU Time in seconds for last procedure was 0.00

  Program  MARK  - Survival Rate Estimation with Capture-Recapture Data
   gfortran(Win64) Vers. 8.0 Jun 2014   25-Jan-2015 15:11:10    Page  002
 - - - - - - - - - - - - - - - - - - - - - - - - - - - - - - - - - - - - - -
 


  INPUT --- proc estimate link=Logit NOLOOP varest=2ndPart    ;


  INPUT --- model={ S(~time)p(~sex)r(~sex)F(~1) };

  INPUT ---    group=1 S    rows=7 cols=7 Triang ;
  INPUT ---        1 2 3 4 5 6 7 ;
  INPUT ---        2 3 4 5 6 7 ;
  INPUT ---        3 4 5 6 7 ;
  INPUT ---        4 5 6 7 ;
  INPUT ---        5 6 7 ;
  INPUT ---        6 7 ;
  INPUT ---        7 ;

  INPUT ---    group=2 S    rows=7 cols=7 Triang ;
  INPUT ---        1 2 3 4 5 6 7 ;
  INPUT ---        2 3 4 5 6 7 ;
  INPUT ---        3 4 5 6 7 ;
  INPUT ---        4 5 6 7 ;
  INPUT ---        5 6 7 ;
  INPUT ---        6 7 ;
  INPUT ---        7 ;

  INPUT ---    group=3 S    rows=7 cols=7 Triang ;
  INPUT ---        1 2 3 4 5 6 7 ;
  INPUT ---        2 3 4 5 6 7 ;
  INPUT ---        3 4 5 6 7 ;
  INPUT ---        4 5 6 7 ;
  INPUT ---        5 6 7 ;
  INPUT ---        6 7 ;
  INPUT ---        7 ;

  INPUT ---    group=4 S    rows=7 cols=7 Triang ;
  INPUT ---        1 2 3 4 5 6 7 ;
  INPUT ---        2 3 4 5 6 7 ;
  INPUT ---        3 4 5 6 7 ;
  INPUT ---        4 5 6 7 ;
  INPUT ---        5 6 7 ;
  INPUT ---        6 7 ;
  INPUT ---        7 ;

  INPUT ---    group=5 S    rows=7 cols=7 Triang ;
  INPUT ---        1 2 3 4 5 6 7 ;
  INPUT ---        2 3 4 5 6 7 ;

  Program  MARK  - Survival Rate Estimation with Capture-Recapture Data
   gfortran(Win64) Vers. 8.0 Jun 2014   25-Jan-2015 15:11:10    Page  003
 - - - - - - - - - - - - - - - - - - - - - - - - - - - - - - - - - - - - - -
 
  INPUT ---        3 4 5 6 7 ;
  INPUT ---        4 5 6 7 ;
  INPUT ---        5 6 7 ;
  INPUT ---        6 7 ;
  INPUT ---        7 ;

  INPUT ---    group=6 S    rows=7 cols=7 Triang ;
  INPUT ---        1 2 3 4 5 6 7 ;
  INPUT ---        2 3 4 5 6 7 ;
  INPUT ---        3 4 5 6 7 ;
  INPUT ---        4 5 6 7 ;
  INPUT ---        5 6 7 ;
  INPUT ---        6 7 ;
  INPUT ---        7 ;

  INPUT ---    group=1 p    rows=6 cols=6 Triang ;
  INPUT ---        8 8 8 8 8 8 ;
  INPUT ---        8 8 8 8 8 ;
  INPUT ---        8 8 8 8 ;
  INPUT ---        8 8 8 ;
  INPUT ---        8 8 ;
  INPUT ---        8 ;

  INPUT ---    group=2 p    rows=6 cols=6 Triang ;
  INPUT ---        9 9 9 9 9 9 ;
  INPUT ---        9 9 9 9 9 ;
  INPUT ---        9 9 9 9 ;
  INPUT ---        9 9 9 ;
  INPUT ---        9 9 ;
  INPUT ---        9 ;

  INPUT ---    group=3 p    rows=6 cols=6 Triang ;
  INPUT ---        8 8 8 8 8 8 ;
  INPUT ---        8 8 8 8 8 ;
  INPUT ---        8 8 8 8 ;
  INPUT ---        8 8 8 ;
  INPUT ---        8 8 ;
  INPUT ---        8 ;

  INPUT ---    group=4 p    rows=6 cols=6 Triang ;
  INPUT ---        9 9 9 9 9 9 ;
  INPUT ---        9 9 9 9 9 ;
  INPUT ---        9 9 9 9 ;
  INPUT ---        9 9 9 ;
  INPUT ---        9 9 ;
  INPUT ---        9 ;

  Program  MARK  - Survival Rate Estimation with Capture-Recapture Data
   gfortran(Win64) Vers. 8.0 Jun 2014   25-Jan-2015 15:11:10    Page  004
 - - - - - - - - - - - - - - - - - - - - - - - - - - - - - - - - - - - - - -
 

  INPUT ---    group=5 p    rows=6 cols=6 Triang ;
  INPUT ---        8 8 8 8 8 8 ;
  INPUT ---        8 8 8 8 8 ;
  INPUT ---        8 8 8 8 ;
  INPUT ---        8 8 8 ;
  INPUT ---        8 8 ;
  INPUT ---        8 ;

  INPUT ---    group=6 p    rows=6 cols=6 Triang ;
  INPUT ---        9 9 9 9 9 9 ;
  INPUT ---        9 9 9 9 9 ;
  INPUT ---        9 9 9 9 ;
  INPUT ---        9 9 9 ;
  INPUT ---        9 9 ;
  INPUT ---        9 ;

  INPUT ---    group=1 r    rows=7 cols=7 Triang ;
  INPUT ---        10 10 10 10 10 10 10 ;
  INPUT ---        10 10 10 10 10 10 ;
  INPUT ---        10 10 10 10 10 ;
  INPUT ---        10 10 10 10 ;
  INPUT ---        10 10 10 ;
  INPUT ---        10 10 ;
  INPUT ---        10 ;

  INPUT ---    group=2 r    rows=7 cols=7 Triang ;
  INPUT ---        11 11 11 11 11 11 11 ;
  INPUT ---        11 11 11 11 11 11 ;
  INPUT ---        11 11 11 11 11 ;
  INPUT ---        11 11 11 11 ;
  INPUT ---        11 11 11 ;
  INPUT ---        11 11 ;
  INPUT ---        11 ;

  INPUT ---    group=3 r    rows=7 cols=7 Triang ;
  INPUT ---        10 10 10 10 10 10 10 ;
  INPUT ---        10 10 10 10 10 10 ;
  INPUT ---        10 10 10 10 10 ;
  INPUT ---        10 10 10 10 ;
  INPUT ---        10 10 10 ;
  INPUT ---        10 10 ;
  INPUT ---        10 ;

  INPUT ---    group=4 r    rows=7 cols=7 Triang ;
  INPUT ---        11 11 11 11 11 11 11 ;

  Program  MARK  - Survival Rate Estimation with Capture-Recapture Data
   gfortran(Win64) Vers. 8.0 Jun 2014   25-Jan-2015 15:11:10    Page  005
 - - - - - - - - - - - - - - - - - - - - - - - - - - - - - - - - - - - - - -
 
  INPUT ---        11 11 11 11 11 11 ;
  INPUT ---        11 11 11 11 11 ;
  INPUT ---        11 11 11 11 ;
  INPUT ---        11 11 11 ;
  INPUT ---        11 11 ;
  INPUT ---        11 ;

  INPUT ---    group=5 r    rows=7 cols=7 Triang ;
  INPUT ---        10 10 10 10 10 10 10 ;
  INPUT ---        10 10 10 10 10 10 ;
  INPUT ---        10 10 10 10 10 ;
  INPUT ---        10 10 10 10 ;
  INPUT ---        10 10 10 ;
  INPUT ---        10 10 ;
  INPUT ---        10 ;

  INPUT ---    group=6 r    rows=7 cols=7 Triang ;
  INPUT ---        11 11 11 11 11 11 11 ;
  INPUT ---        11 11 11 11 11 11 ;
  INPUT ---        11 11 11 11 11 ;
  INPUT ---        11 11 11 11 ;
  INPUT ---        11 11 11 ;
  INPUT ---        11 11 ;
  INPUT ---        11 ;

  INPUT ---    group=1 F    rows=6 cols=6 Triang ;
  INPUT ---        12 12 12 12 12 12 ;
  INPUT ---        12 12 12 12 12 ;
  INPUT ---        12 12 12 12 ;
  INPUT ---        12 12 12 ;
  INPUT ---        12 12 ;
  INPUT ---        12 ;

  INPUT ---    group=2 F    rows=6 cols=6 Triang ;
  INPUT ---        12 12 12 12 12 12 ;
  INPUT ---        12 12 12 12 12 ;
  INPUT ---        12 12 12 12 ;
  INPUT ---        12 12 12 ;
  INPUT ---        12 12 ;
  INPUT ---        12 ;

  INPUT ---    group=3 F    rows=6 cols=6 Triang ;
  INPUT ---        12 12 12 12 12 12 ;
  INPUT ---        12 12 12 12 12 ;
  INPUT ---        12 12 12 12 ;
  INPUT ---        12 12 12 ;

  Program  MARK  - Survival Rate Estimation with Capture-Recapture Data
   gfortran(Win64) Vers. 8.0 Jun 2014   25-Jan-2015 15:11:10    Page  006
 - - - - - - - - - - - - - - - - - - - - - - - - - - - - - - - - - - - - - -
 
  INPUT ---        12 12 ;
  INPUT ---        12 ;

  INPUT ---    group=4 F    rows=6 cols=6 Triang ;
  INPUT ---        12 12 12 12 12 12 ;
  INPUT ---        12 12 12 12 12 ;
  INPUT ---        12 12 12 12 ;
  INPUT ---        12 12 12 ;
  INPUT ---        12 12 ;
  INPUT ---        12 ;

  INPUT ---    group=5 F    rows=6 cols=6 Triang ;
  INPUT ---        12 12 12 12 12 12 ;
  INPUT ---        12 12 12 12 12 ;
  INPUT ---        12 12 12 12 ;
  INPUT ---        12 12 12 ;
  INPUT ---        12 12 ;
  INPUT ---        12 ;

  INPUT ---    group=6 F    rows=6 cols=6 Triang ;
  INPUT ---        12 12 12 12 12 12 ;
  INPUT ---        12 12 12 12 12 ;
  INPUT ---        12 12 12 12 ;
  INPUT ---        12 12 12 ;
  INPUT ---        12 12 ;
  INPUT ---        12 ;

  INPUT ---    design matrix constraints=12 covariates=12;
  INPUT ---        1 0 0 0 0 0 0 0 0 0 0 0;
  INPUT ---        1 1 0 0 0 0 0 0 0 0 0 0;
  INPUT ---        1 0 1 0 0 0 0 0 0 0 0 0;
  INPUT ---        1 0 0 1 0 0 0 0 0 0 0 0;
  INPUT ---        1 0 0 0 1 0 0 0 0 0 0 0;
  INPUT ---        1 0 0 0 0 1 0 0 0 0 0 0;
  INPUT ---        1 0 0 0 0 0 1 0 0 0 0 0;
  INPUT ---        0 0 0 0 0 0 0 1 0 0 0 0;
  INPUT ---        0 0 0 0 0 0 0 1 1 0 0 0;
  INPUT ---        0 0 0 0 0 0 0 0 0 1 0 0;
  INPUT ---        0 0 0 0 0 0 0 0 0 1 1 0;
  INPUT ---        0 0 0 0 0 0 0 0 0 0 0 1;

  INPUT ---    blabel(1)=S:(Intercept);

  INPUT ---    blabel(2)=S:time2006;

  INPUT ---    blabel(3)=S:time2007;

  Program  MARK  - Survival Rate Estimation with Capture-Recapture Data
   gfortran(Win64) Vers. 8.0 Jun 2014   25-Jan-2015 15:11:10    Page  007
 - - - - - - - - - - - - - - - - - - - - - - - - - - - - - - - - - - - - - -
 

  INPUT ---    blabel(4)=S:time2008;

  INPUT ---    blabel(5)=S:time2009;

  INPUT ---    blabel(6)=S:time2010;

  INPUT ---    blabel(7)=S:time2011;

  INPUT ---    blabel(8)=p:(Intercept);

  INPUT ---    blabel(9)=p:sex5;

  INPUT ---    blabel(10)=r:(Intercept);

  INPUT ---    blabel(11)=r:sex5;

  INPUT ---    blabel(12)=F:(Intercept);

  INPUT ---    rlabel(1)=S g41 c2005 c1 a0 t2005;

  INPUT ---    rlabel(2)=S g41 c2005 c1 a1 t2006;

  INPUT ---    rlabel(3)=S g41 c2005 c1 a2 t2007;

  INPUT ---    rlabel(4)=S g41 c2005 c1 a3 t2008;

  INPUT ---    rlabel(5)=S g41 c2005 c1 a4 t2009;

  INPUT ---    rlabel(6)=S g41 c2005 c1 a5 t2010;

  INPUT ---    rlabel(7)=S g41 c2005 c1 a6 t2011;

  INPUT ---    rlabel(8)=p g41 c2005 c1 a1 t2006;

  INPUT ---    rlabel(9)=p g51 c2005 c1 a1 t2006;

  INPUT ---    rlabel(10)=r g41 c2005 c1 a0 t2005;

  INPUT ---    rlabel(11)=r g51 c2005 c1 a0 t2005;

  INPUT ---    rlabel(12)=F g41 c2005 c1 a0 t2005;

 Link Function Used is LOGIT        

 Variance Estimation Procedure Used is 2ndPart 

 M(t+1):

  Program  MARK  - Survival Rate Estimation with Capture-Recapture Data
   gfortran(Win64) Vers. 8.0 Jun 2014   25-Jan-2015 15:11:10    Page  008
 - - - - - - - - - - - - - - - - - - - - - - - - - - - - - - - - - - - - - -
 



 -2logL(saturated) = 1739.8188     
 Effective Sample Size = 7075

 Number of function evaluations was 59 for 12 parameters.
 Time for numerical optimization was 0.59 seconds.
 -2logL { S(~time)p(~sex)r(~sex)F(~1) } = 2667.9262     
 Penalty { S(~time)p(~sex)r(~sex)F(~1) } = -0.0000000    
 Gradient { S(~time)p(~sex)r(~sex)F(~1) }:
  0.3781754E-03-0.2927180E-04  0.000000     0.4062932E-03  0.000000    
   0.000000     0.3079789E-06 0.1826129E-03-0.5047575E-03 0.2387316E-01
  0.1514359E-01-0.9194453E-05
 S Vector { S(~time)p(~sex)r(~sex)F(~1) }:
   381.0002      53.73301      15.85743      2.894860      2.134107    
  0.7950511     0.9092555E-04 0.5103638E-05 0.2749622E-06 0.1687677E-06
  0.1517517E-06 0.1225714E-06
 Time to compute number of parameters was 0.17 seconds.
   Threshold =  0.2600000E-06     Condition index =  0.3217096E-09     New Threshold =  0.4245998E-06
 New Guessimate of Estimated Parameters { S(~time)p(~sex)r(~sex)F(~1) } = 6          
 Conditioned S Vector { S(~time)p(~sex)r(~sex)F(~1) }:
   1.000000     0.1410314     0.4162053E-01 0.7598055E-02 0.5601328E-02
  0.2086747E-02 0.2386496E-06 0.1339537E-07 0.7216852E-09 0.4429597E-09
  0.3982983E-09 0.3217096E-09
 Number of Estimated Parameters { S(~time)p(~sex)r(~sex)F(~1) } = 6          
 DEVIANCE { S(~time)p(~sex)r(~sex)F(~1) } = 928.10742                     
 DEVIANCE Degrees of Freedom { S(~time)p(~sex)r(~sex)F(~1) } = 9            
 c-hat { S(~time)p(~sex)r(~sex)F(~1) } = 103.12305                     
 AIC { S(~time)p(~sex)r(~sex)F(~1) } = 2679.9262                  
 AICc { S(~time)p(~sex)r(~sex)F(~1) } = 2679.9381                    
 BIC { S(~time)p(~sex)r(~sex)F(~1) } = 2721.1121                    
 Pearson Chisquare { S(~time)p(~sex)r(~sex)F(~1) } = Not a Number               
 Possible Encounter Histories { S(~time)p(~sex)r(~sex)F(~1) } = 896             
 Pearson Chisquare df { S(~time)p(~sex)r(~sex)F(~1) } = 854        
 Pearson chat { S(~time)p(~sex)r(~sex)F(~1) } = Not a Number               
 Sum(Observed/Expected) { S(~time)p(~sex)r(~sex)F(~1) } = Not a Number               
 Fletcher chat { S(~time)p(~sex)r(~sex)F(~1) } = Not a Number               


               LOGIT Link Function Parameters of { S(~time)p(~sex)r(~sex)F(~1) }
                                                              95% Confidence Interval
 Parameter                    Beta         Standard Error      Lower           Upper
 -------------------------  --------------  --------------  --------------  --------------
    1:S:(Intercept)         126.22211       60.583541       7.4783695       244.96586     
    2:S:time2006            -126.38977      60.591795       -245.14969      -7.6298548    
    3:S:time2007            -1.6478000      1938.5806       -3801.2659      3797.9703     
    4:S:time2008            -127.26708      60.586112       -246.01587      -8.5183016    
    5:S:time2009            -109.24956      2754.8271       -5508.7108      5290.2116     
    6:S:time2010            -2.5604074      2606.7414       -5111.7737      5106.6529     
    7:S:time2011            -146.65536      2483.5630       -5014.4389      4721.1282     
    8:p:(Intercept)         -6.2216558      0.4234687       -7.0516544      -5.3916572    
    9:p:sex5                -0.7117527      0.6131917       -1.9136085      0.4901032     
   10:r:(Intercept)         -3.1297093      0.0851347       -3.2965733      -2.9628453    
   11:r:sex5                0.0209874       0.1182681       -0.2108180      0.2527928     
   12:F:(Intercept)         13.837664       442.67362       -853.80265      881.47798     

  Program  MARK  - Survival Rate Estimation with Capture-Recapture Data
   gfortran(Win64) Vers. 8.0 Jun 2014   25-Jan-2015 15:11:10    Page  009
 - - - - - - - - - - - - - - - - - - - - - - - - - - - - - - - - - - - - - -
 


               Real Function Parameters of { S(~time)p(~sex)r(~sex)F(~1) }
                                                               95% Confidence Interval
  Parameter                  Estimate       Standard Error      Lower           Upper
 --------------------------  --------------  --------------  --------------  --------------
     1:S g41 c2005 c1 a0 t2  1.0000000       0.0000000       1.0000000       1.0000000                           
     2:S g41 c2005 c1 a1 t2  0.4581824       0.3052919       0.0705671       0.9040178                           
     3:S g41 c2005 c1 a2 t2  1.0000000       0.0000000       1.0000000       1.0000000                           
     4:S g41 c2005 c1 a3 t2  0.2601921       0.1734238       0.0567427       0.6727989                           
     5:S g41 c2005 c1 a4 t2  1.0000000       0.1171895E-003  0.2317114E-296  1.0000000                           
     6:S g41 c2005 c1 a5 t2  1.0000000       0.0000000       1.0000000       1.0000000                           
     7:S g41 c2005 c1 a6 t2  0.1336458E-008  0.3318217E-005  -.6502369E-005  0.6505042E-005                      
     8:p g41 c2005 c1 a1 t2  0.0019820       0.8376589E-003  0.8652259E-003  0.0045338                           
     9:p g51 c2005 c1 a1 t2  0.9737240E-003  0.5353784E-003  0.3313125E-003  0.0028582                           
    10:r g41 c2005 c1 a0 t2  0.0418983       0.0034175       0.0356889       0.0491329                           
    11:r g51 c2005 c1 a0 t2  0.0427489       0.0033594       0.0366280       0.0498397                           
    12:F g41 c2005 c1 a0 t2  0.9999990       0.4329740E-003  0.1008054E-297  1.0000000                           

 Attempted ordering of parameters by estimatibility:
  10 11  8  9  1  4  2 12  3  7  6  5
 Beta number 5 is a singular value.

     CPU Time in seconds for last procedure was 0.78

  Program  MARK  - Survival Rate Estimation with Capture-Recapture Data
   gfortran(Win64) Vers. 8.0 Jun 2014   25-Jan-2015 15:11:10    Page  010
 - - - - - - - - - - - - - - - - - - - - - - - - - - - - - - - - - - - - - -
 


  INPUT --- proc stop;

     CPU Time in minutes for this job was 0.01

     Time Start = 15:11:10.714   Time End = 15:11:10.931

     Wall Clock Time in minutes for this job was 0.00


          E X E C U T I O N   S U C C E S S F U L 
