
   Program  MARK  - Survival Rate Estimation with Capture-Recapture Data
   gfortran(Win64) Vers. 8.0 Jun 2014   21-Jan-2015 17:39:20    Page  001
 - - - - - - - - - - - - - - - - - - - - - - - - - - - - - - - - - - - - - -
 
   This version was compiled by GCC version 4.8.1 using the options 
   -m64 -mtune=generic -march=x86-64 -mthreads -O2 -fimplicit-none -fbounds-check -funroll-loops -ftree-vectorize -fopenmp.
   This problem will use 3 of 4 possible threads.


  INPUT --- proc title ;

     CPU Time in seconds for last procedure was 0.00


  INPUT --- proc chmatrix occasions= 7 groups= 16 etype= Live ICMeans 
  INPUT --- NoHist hist= 341 ;

  INPUT ---    time  interval 1 1 1 1 1 1 ;

  INPUT ---    glabel(1)=sexM.age1.region1;

  INPUT ---    glabel(2)=sexF.age2.region1;

  INPUT ---    glabel(3)=sexM.age2.region1;

  INPUT ---    glabel(4)=sexF.age3.region1;

  INPUT ---    glabel(5)=sexM.age1.region2;

  INPUT ---    glabel(6)=sexF.age2.region2;

  INPUT ---    glabel(7)=sexM.age2.region2;

  INPUT ---    glabel(8)=sexF.age3.region2;

  INPUT ---    glabel(9)=sexM.age1.region3;

  INPUT ---    glabel(10)=sexF.age2.region3;

  INPUT ---    glabel(11)=sexM.age2.region3;

  INPUT ---    glabel(12)=sexF.age3.region3;

  INPUT ---    glabel(13)=sexM.age1.region4;

  INPUT ---    glabel(14)=sexF.age2.region4;

  INPUT ---    glabel(15)=sexM.age2.region4;


  Program  MARK  - Survival Rate Estimation with Capture-Recapture Data
   gfortran(Win64) Vers. 8.0 Jun 2014   21-Jan-2015 17:39:20    Page  002
 - - - - - - - - - - - - - - - - - - - - - - - - - - - - - - - - - - - - - -
 
  INPUT ---    glabel(16)=sexF.age3.region4;

   * *  WARNING  * *   At least a pair of the encounter histories are duplicates. 

      Number of unique encounter histories read was 108.

      Number of individual covariates read was 0.
      Time interval lengths are all equal to 1.

      Data type number is 1
      Data type is Live Recaptures (CJS)                                                                               

     CPU Time in seconds for last procedure was 0.02


  INPUT --- proc estimate link=Logit NOLOOP varest=2ndPart    ;


  INPUT --- model={ Phi(~age)p(~time) };

  INPUT ---    group=1 Phi    rows=6 cols=6 Triang ;
  INPUT ---        1 2 3 4 5 6 ;
  INPUT ---        1 2 3 4 5 ;
  INPUT ---        1 2 3 4 ;
  INPUT ---        1 2 3 ;
  INPUT ---        1 2 ;
  INPUT ---        1 ;

  INPUT ---    group=2 Phi    rows=6 cols=6 Triang ;
  INPUT ---        2 3 4 5 6 7 ;
  INPUT ---        2 3 4 5 6 ;
  INPUT ---        2 3 4 5 ;
  INPUT ---        2 3 4 ;
  INPUT ---        2 3 ;
  INPUT ---        2 ;

  INPUT ---    group=3 Phi    rows=6 cols=6 Triang ;
  INPUT ---        2 3 4 5 6 7 ;
  INPUT ---        2 3 4 5 6 ;
  INPUT ---        2 3 4 5 ;
  INPUT ---        2 3 4 ;
  INPUT ---        2 3 ;
  INPUT ---        2 ;

  INPUT ---    group=4 Phi    rows=6 cols=6 Triang ;
  INPUT ---        3 4 5 6 7 8 ;
  INPUT ---        3 4 5 6 7 ;

  Program  MARK  - Survival Rate Estimation with Capture-Recapture Data
   gfortran(Win64) Vers. 8.0 Jun 2014   21-Jan-2015 17:39:20    Page  003
 - - - - - - - - - - - - - - - - - - - - - - - - - - - - - - - - - - - - - -
 
  INPUT ---        3 4 5 6 ;
  INPUT ---        3 4 5 ;
  INPUT ---        3 4 ;
  INPUT ---        3 ;

  INPUT ---    group=5 Phi    rows=6 cols=6 Triang ;
  INPUT ---        1 2 3 4 5 6 ;
  INPUT ---        1 2 3 4 5 ;
  INPUT ---        1 2 3 4 ;
  INPUT ---        1 2 3 ;
  INPUT ---        1 2 ;
  INPUT ---        1 ;

  INPUT ---    group=6 Phi    rows=6 cols=6 Triang ;
  INPUT ---        2 3 4 5 6 7 ;
  INPUT ---        2 3 4 5 6 ;
  INPUT ---        2 3 4 5 ;
  INPUT ---        2 3 4 ;
  INPUT ---        2 3 ;
  INPUT ---        2 ;

  INPUT ---    group=7 Phi    rows=6 cols=6 Triang ;
  INPUT ---        2 3 4 5 6 7 ;
  INPUT ---        2 3 4 5 6 ;
  INPUT ---        2 3 4 5 ;
  INPUT ---        2 3 4 ;
  INPUT ---        2 3 ;
  INPUT ---        2 ;

  INPUT ---    group=8 Phi    rows=6 cols=6 Triang ;
  INPUT ---        3 4 5 6 7 8 ;
  INPUT ---        3 4 5 6 7 ;
  INPUT ---        3 4 5 6 ;
  INPUT ---        3 4 5 ;
  INPUT ---        3 4 ;
  INPUT ---        3 ;

  INPUT ---    group=9 Phi    rows=6 cols=6 Triang ;
  INPUT ---        1 2 3 4 5 6 ;
  INPUT ---        1 2 3 4 5 ;
  INPUT ---        1 2 3 4 ;
  INPUT ---        1 2 3 ;
  INPUT ---        1 2 ;
  INPUT ---        1 ;

  INPUT ---    group=10 Phi    rows=6 cols=6 Triang ;

  Program  MARK  - Survival Rate Estimation with Capture-Recapture Data
   gfortran(Win64) Vers. 8.0 Jun 2014   21-Jan-2015 17:39:20    Page  004
 - - - - - - - - - - - - - - - - - - - - - - - - - - - - - - - - - - - - - -
 
  INPUT ---        2 3 4 5 6 7 ;
  INPUT ---        2 3 4 5 6 ;
  INPUT ---        2 3 4 5 ;
  INPUT ---        2 3 4 ;
  INPUT ---        2 3 ;
  INPUT ---        2 ;

  INPUT ---    group=11 Phi    rows=6 cols=6 Triang ;
  INPUT ---        2 3 4 5 6 7 ;
  INPUT ---        2 3 4 5 6 ;
  INPUT ---        2 3 4 5 ;
  INPUT ---        2 3 4 ;
  INPUT ---        2 3 ;
  INPUT ---        2 ;

  INPUT ---    group=12 Phi    rows=6 cols=6 Triang ;
  INPUT ---        3 4 5 6 7 8 ;
  INPUT ---        3 4 5 6 7 ;
  INPUT ---        3 4 5 6 ;
  INPUT ---        3 4 5 ;
  INPUT ---        3 4 ;
  INPUT ---        3 ;

  INPUT ---    group=13 Phi    rows=6 cols=6 Triang ;
  INPUT ---        1 2 3 4 5 6 ;
  INPUT ---        1 2 3 4 5 ;
  INPUT ---        1 2 3 4 ;
  INPUT ---        1 2 3 ;
  INPUT ---        1 2 ;
  INPUT ---        1 ;

  INPUT ---    group=14 Phi    rows=6 cols=6 Triang ;
  INPUT ---        2 3 4 5 6 7 ;
  INPUT ---        2 3 4 5 6 ;
  INPUT ---        2 3 4 5 ;
  INPUT ---        2 3 4 ;
  INPUT ---        2 3 ;
  INPUT ---        2 ;

  INPUT ---    group=15 Phi    rows=6 cols=6 Triang ;
  INPUT ---        2 3 4 5 6 7 ;
  INPUT ---        2 3 4 5 6 ;
  INPUT ---        2 3 4 5 ;
  INPUT ---        2 3 4 ;
  INPUT ---        2 3 ;
  INPUT ---        2 ;

  Program  MARK  - Survival Rate Estimation with Capture-Recapture Data
   gfortran(Win64) Vers. 8.0 Jun 2014   21-Jan-2015 17:39:20    Page  005
 - - - - - - - - - - - - - - - - - - - - - - - - - - - - - - - - - - - - - -
 

  INPUT ---    group=16 Phi    rows=6 cols=6 Triang ;
  INPUT ---        3 4 5 6 7 8 ;
  INPUT ---        3 4 5 6 7 ;
  INPUT ---        3 4 5 6 ;
  INPUT ---        3 4 5 ;
  INPUT ---        3 4 ;
  INPUT ---        3 ;

  INPUT ---    group=1 p    rows=6 cols=6 Triang ;
  INPUT ---        9 10 11 12 13 14 ;
  INPUT ---        10 11 12 13 14 ;
  INPUT ---        11 12 13 14 ;
  INPUT ---        12 13 14 ;
  INPUT ---        13 14 ;
  INPUT ---        14 ;

  INPUT ---    group=2 p    rows=6 cols=6 Triang ;
  INPUT ---        9 10 11 12 13 14 ;
  INPUT ---        10 11 12 13 14 ;
  INPUT ---        11 12 13 14 ;
  INPUT ---        12 13 14 ;
  INPUT ---        13 14 ;
  INPUT ---        14 ;

  INPUT ---    group=3 p    rows=6 cols=6 Triang ;
  INPUT ---        9 10 11 12 13 14 ;
  INPUT ---        10 11 12 13 14 ;
  INPUT ---        11 12 13 14 ;
  INPUT ---        12 13 14 ;
  INPUT ---        13 14 ;
  INPUT ---        14 ;

  INPUT ---    group=4 p    rows=6 cols=6 Triang ;
  INPUT ---        9 10 11 12 13 14 ;
  INPUT ---        10 11 12 13 14 ;
  INPUT ---        11 12 13 14 ;
  INPUT ---        12 13 14 ;
  INPUT ---        13 14 ;
  INPUT ---        14 ;

  INPUT ---    group=5 p    rows=6 cols=6 Triang ;
  INPUT ---        9 10 11 12 13 14 ;
  INPUT ---        10 11 12 13 14 ;
  INPUT ---        11 12 13 14 ;
  INPUT ---        12 13 14 ;

  Program  MARK  - Survival Rate Estimation with Capture-Recapture Data
   gfortran(Win64) Vers. 8.0 Jun 2014   21-Jan-2015 17:39:20    Page  006
 - - - - - - - - - - - - - - - - - - - - - - - - - - - - - - - - - - - - - -
 
  INPUT ---        13 14 ;
  INPUT ---        14 ;

  INPUT ---    group=6 p    rows=6 cols=6 Triang ;
  INPUT ---        9 10 11 12 13 14 ;
  INPUT ---        10 11 12 13 14 ;
  INPUT ---        11 12 13 14 ;
  INPUT ---        12 13 14 ;
  INPUT ---        13 14 ;
  INPUT ---        14 ;

  INPUT ---    group=7 p    rows=6 cols=6 Triang ;
  INPUT ---        9 10 11 12 13 14 ;
  INPUT ---        10 11 12 13 14 ;
  INPUT ---        11 12 13 14 ;
  INPUT ---        12 13 14 ;
  INPUT ---        13 14 ;
  INPUT ---        14 ;

  INPUT ---    group=8 p    rows=6 cols=6 Triang ;
  INPUT ---        9 10 11 12 13 14 ;
  INPUT ---        10 11 12 13 14 ;
  INPUT ---        11 12 13 14 ;
  INPUT ---        12 13 14 ;
  INPUT ---        13 14 ;
  INPUT ---        14 ;

  INPUT ---    group=9 p    rows=6 cols=6 Triang ;
  INPUT ---        9 10 11 12 13 14 ;
  INPUT ---        10 11 12 13 14 ;
  INPUT ---        11 12 13 14 ;
  INPUT ---        12 13 14 ;
  INPUT ---        13 14 ;
  INPUT ---        14 ;

  INPUT ---    group=10 p    rows=6 cols=6 Triang ;
  INPUT ---        9 10 11 12 13 14 ;
  INPUT ---        10 11 12 13 14 ;
  INPUT ---        11 12 13 14 ;
  INPUT ---        12 13 14 ;
  INPUT ---        13 14 ;
  INPUT ---        14 ;

  INPUT ---    group=11 p    rows=6 cols=6 Triang ;
  INPUT ---        9 10 11 12 13 14 ;
  INPUT ---        10 11 12 13 14 ;

  Program  MARK  - Survival Rate Estimation with Capture-Recapture Data
   gfortran(Win64) Vers. 8.0 Jun 2014   21-Jan-2015 17:39:20    Page  007
 - - - - - - - - - - - - - - - - - - - - - - - - - - - - - - - - - - - - - -
 
  INPUT ---        11 12 13 14 ;
  INPUT ---        12 13 14 ;
  INPUT ---        13 14 ;
  INPUT ---        14 ;

  INPUT ---    group=12 p    rows=6 cols=6 Triang ;
  INPUT ---        9 10 11 12 13 14 ;
  INPUT ---        10 11 12 13 14 ;
  INPUT ---        11 12 13 14 ;
  INPUT ---        12 13 14 ;
  INPUT ---        13 14 ;
  INPUT ---        14 ;

  INPUT ---    group=13 p    rows=6 cols=6 Triang ;
  INPUT ---        9 10 11 12 13 14 ;
  INPUT ---        10 11 12 13 14 ;
  INPUT ---        11 12 13 14 ;
  INPUT ---        12 13 14 ;
  INPUT ---        13 14 ;
  INPUT ---        14 ;

  INPUT ---    group=14 p    rows=6 cols=6 Triang ;
  INPUT ---        9 10 11 12 13 14 ;
  INPUT ---        10 11 12 13 14 ;
  INPUT ---        11 12 13 14 ;
  INPUT ---        12 13 14 ;
  INPUT ---        13 14 ;
  INPUT ---        14 ;

  INPUT ---    group=15 p    rows=6 cols=6 Triang ;
  INPUT ---        9 10 11 12 13 14 ;
  INPUT ---        10 11 12 13 14 ;
  INPUT ---        11 12 13 14 ;
  INPUT ---        12 13 14 ;
  INPUT ---        13 14 ;
  INPUT ---        14 ;

  INPUT ---    group=16 p    rows=6 cols=6 Triang ;
  INPUT ---        9 10 11 12 13 14 ;
  INPUT ---        10 11 12 13 14 ;
  INPUT ---        11 12 13 14 ;
  INPUT ---        12 13 14 ;
  INPUT ---        13 14 ;
  INPUT ---        14 ;

  INPUT ---    design matrix constraints=14 covariates=14;

  Program  MARK  - Survival Rate Estimation with Capture-Recapture Data
   gfortran(Win64) Vers. 8.0 Jun 2014   21-Jan-2015 17:39:20    Page  008
 - - - - - - - - - - - - - - - - - - - - - - - - - - - - - - - - - - - - - -
 
  INPUT ---        1 0 0 0 0 0 0 0 0 0 0 0 0 0;
  INPUT ---        1 1 0 0 0 0 0 0 0 0 0 0 0 0;
  INPUT ---        1 0 1 0 0 0 0 0 0 0 0 0 0 0;
  INPUT ---        1 0 0 1 0 0 0 0 0 0 0 0 0 0;
  INPUT ---        1 0 0 0 1 0 0 0 0 0 0 0 0 0;
  INPUT ---        1 0 0 0 0 1 0 0 0 0 0 0 0 0;
  INPUT ---        1 0 0 0 0 0 1 0 0 0 0 0 0 0;
  INPUT ---        1 0 0 0 0 0 0 1 0 0 0 0 0 0;
  INPUT ---        0 0 0 0 0 0 0 0 1 0 0 0 0 0;
  INPUT ---        0 0 0 0 0 0 0 0 1 1 0 0 0 0;
  INPUT ---        0 0 0 0 0 0 0 0 1 0 1 0 0 0;
  INPUT ---        0 0 0 0 0 0 0 0 1 0 0 1 0 0;
  INPUT ---        0 0 0 0 0 0 0 0 1 0 0 0 1 0;
  INPUT ---        0 0 0 0 0 0 0 0 1 0 0 0 0 1;

  INPUT ---    blabel(1)=Phi:(Intercept);

  INPUT ---    blabel(2)=Phi:age1;

  INPUT ---    blabel(3)=Phi:age2;

  INPUT ---    blabel(4)=Phi:age3;

  INPUT ---    blabel(5)=Phi:age4;

  INPUT ---    blabel(6)=Phi:age5;

  INPUT ---    blabel(7)=Phi:age6;

  INPUT ---    blabel(8)=Phi:age7;

  INPUT ---    blabel(9)=p:(Intercept);

  INPUT ---    blabel(10)=p:time3;

  INPUT ---    blabel(11)=p:time4;

  INPUT ---    blabel(12)=p:time5;

  INPUT ---    blabel(13)=p:time6;

  INPUT ---    blabel(14)=p:time7;

  INPUT ---    rlabel(1)=Phi gM11 c1 c1 a0 t1;

  INPUT ---    rlabel(2)=Phi gM11 c1 c1 a1 t2;

  Program  MARK  - Survival Rate Estimation with Capture-Recapture Data
   gfortran(Win64) Vers. 8.0 Jun 2014   21-Jan-2015 17:39:20    Page  009
 - - - - - - - - - - - - - - - - - - - - - - - - - - - - - - - - - - - - - -
 

  INPUT ---    rlabel(3)=Phi gM11 c1 c1 a2 t3;

  INPUT ---    rlabel(4)=Phi gM11 c1 c1 a3 t4;

  INPUT ---    rlabel(5)=Phi gM11 c1 c1 a4 t5;

  INPUT ---    rlabel(6)=Phi gM11 c1 c1 a5 t6;

  INPUT ---    rlabel(7)=Phi gF21 c1 c1 a6 t6;

  INPUT ---    rlabel(8)=Phi gF31 c1 c1 a7 t6;

  INPUT ---    rlabel(9)=p gM11 c1 c1 a1 t2;

  INPUT ---    rlabel(10)=p gM11 c1 c1 a2 t3;

  INPUT ---    rlabel(11)=p gM11 c1 c1 a3 t4;

  INPUT ---    rlabel(12)=p gM11 c1 c1 a4 t5;

  INPUT ---    rlabel(13)=p gM11 c1 c1 a5 t6;

  INPUT ---    rlabel(14)=p gM11 c1 c1 a6 t7;

 Link Function Used is LOGIT        

 Variance Estimation Procedure Used is 2ndPart 
 -2logL(saturated) = 18629.211     
 Effective Sample Size = 10204

 Number of function evaluations was 35 for 14 parameters.
 Time for numerical optimization was 0.08 seconds.
 -2logL { Phi(~age)p(~time) } = 19374.334     
 Penalty { Phi(~age)p(~time) } = -0.0000000    
 Gradient { Phi(~age)p(~time) }:
  0.3199391E-03 0.8655699E-03 0.2175434E-03-0.2530537E-03  0.000000    
  0.2463348E-03  0.000000      0.000000     0.6776078E-03 0.9444365E-04
  0.5519737E-03 0.5155010E-03-0.6995243E-03-0.2358473E-03
 S Vector { Phi(~age)p(~time) }:
   3083.488      1113.261      487.6294      321.4817      270.0448    
   210.8551      101.3562      66.15399      39.61578      25.96261    
   13.72909      4.988599     0.3758216E-04 0.3757241E-04
 Time to compute number of parameters was 0.09 seconds.
   Threshold =  0.3000000E-06     Condition index =  0.1218504E-07     New Threshold =  0.1405831E-03

  Program  MARK  - Survival Rate Estimation with Capture-Recapture Data
   gfortran(Win64) Vers. 8.0 Jun 2014   21-Jan-2015 17:39:20    Page  010
 - - - - - - - - - - - - - - - - - - - - - - - - - - - - - - - - - - - - - -
 
 New Guessimate of Estimated Parameters { Phi(~age)p(~time) } = 12          
 Conditioned S Vector { Phi(~age)p(~time) }:
   1.000000     0.3610394     0.1581421     0.1042591     0.8757770E-01
  0.6838202E-01 0.3287065E-01 0.2145427E-01 0.1284772E-01 0.8419884E-02
  0.4452454E-02 0.1617843E-02 0.1218820E-07 0.1218504E-07
 Number of Estimated Parameters { Phi(~age)p(~time) } = 12          
 DEVIANCE { Phi(~age)p(~time) } = 745.12249                     
 DEVIANCE Degrees of Freedom { Phi(~age)p(~time) } = 305            
 c-hat { Phi(~age)p(~time) } = 2.4430246                     
 AIC { Phi(~age)p(~time) } = 19398.334                  
 AICc { Phi(~age)p(~time) } = 19398.365                    
 BIC { Phi(~age)p(~time) } = 19485.100                    
 Pearson Chisquare { Phi(~age)p(~time) } = Not a Number               
 Possible Encounter Histories { Phi(~age)p(~time) } = 504             
 Pearson Chisquare df { Phi(~age)p(~time) } = 468        
 Pearson chat { Phi(~age)p(~time) } = Not a Number               
 Sum(Observed/Expected) { Phi(~age)p(~time) } = Not a Number               
 Fletcher chat { Phi(~age)p(~time) } = Not a Number               


                    LOGIT Link Function Parameters of { Phi(~age)p(~time) }
                                                              95% Confidence Interval
 Parameter                    Beta         Standard Error      Lower           Upper
 -------------------------  --------------  --------------  --------------  --------------
    1:Phi:(Intercept)       1.2741696       0.0862684       1.1050836       1.4432557     
    2:Phi:age1              -0.6811946      0.1162692       -0.9090822      -0.4533070    
    3:Phi:age2              -0.6723004      0.1018886       -0.8720020      -0.4725989    
    4:Phi:age3              -0.4376309      0.1204141       -0.6736425      -0.2016193    
    5:Phi:age4              0.1003943       0.1948054       -0.2814243      0.4822128     
    6:Phi:age5              0.4768430       0.4403567       -0.3862561      1.3399420     
    7:Phi:age6              -0.1000047      0.0000000       -0.1000047      -0.1000047    
    8:Phi:age7              -0.1001466      0.0000000       -0.1001466      -0.1001466    
    9:p:(Intercept)         -0.6106568      0.0901761       -0.7874019      -0.4339116    
   10:p:time3               2.8520101       0.1415964       2.5744811       3.1295390     
   11:p:time4               0.3181711       0.1105116       0.1015683       0.5347739     
   12:p:time5               1.8228685       0.1158602       1.5957825       2.0499545     
   13:p:time6               0.5601940       0.1072349       0.3500136       0.7703744     
   14:p:time7               2.0850289       0.1839694       1.7244489       2.4456090     


                    Real Function Parameters of { Phi(~age)p(~time) }
                                                               95% Confidence Interval
  Parameter                  Estimate       Standard Error      Lower           Upper
 --------------------------  --------------  --------------  --------------  --------------
     1:Phi gM11 c1 c1 a0 t1  0.7814557       0.0147332       0.7512114       0.8089583                           
     2:Phi gM11 c1 c1 a1 t2  0.6440475       0.0123002       0.6195911       0.6677746                           
     3:Phi gM11 c1 c1 a2 t3  0.6460838       0.0134963       0.6192068       0.6720685                           
     4:Phi gM11 c1 c1 a3 t4  0.6977357       0.0178134       0.6617248       0.7314688                           
     5:Phi gM11 c1 c1 a4 t5  0.7981165       0.0284185       0.7366971       0.8481618                           
     6:Phi gM11 c1 c1 a5 t6  0.8520805       0.0544559       0.7118089       0.9307224                           
     7:Phi gF21 c1 c1 a6 t6  0.7638970       0.0000000       0.7638970       0.7638970                           
     8:Phi gF31 c1 c1 a7 t6  0.7638714       0.0000000       0.7638714       0.7638714                           
     9:p gM11 c1 c1 a1 t2    0.3519094       0.0205664       0.3127268       0.3931927                           
    10:p gM11 c1 c1 a2 t3    0.9039021       0.0104815       0.8813049       0.9225751                           
    11:p gM11 c1 c1 a3 t4    0.4273955       0.0145684       0.3991130       0.4561606                           
    12:p gM11 c1 c1 a4 t5    0.7706901       0.0121730       0.7459650       0.7936743                           
    13:p gM11 c1 c1 a5 t6    0.4873870       0.0146775       0.4586926       0.5161648                           
    14:p gM11 c1 c1 a6 t7    0.8137210       0.0245829       0.7606965       0.8572020                           

 Attempted ordering of parameters by estimatibility:
   1  9  2 13 11  3 12  4 10 14  5  6  7  8
 Beta number 8 is a singular value.

     CPU Time in seconds for last procedure was 0.20

  Program  MARK  - Survival Rate Estimation with Capture-Recapture Data
   gfortran(Win64) Vers. 8.0 Jun 2014   21-Jan-2015 17:39:20    Page  011
 - - - - - - - - - - - - - - - - - - - - - - - - - - - - - - - - - - - - - -
 


  INPUT --- proc stop;

     CPU Time in minutes for this job was 0.00

     Time Start = 17:39:20.189   Time End = 17:39:20.345

     Wall Clock Time in minutes for this job was 0.00


          E X E C U T I O N   S U C C E S S F U L 
