
   Program  MARK  - Survival Rate Estimation with Capture-Recapture Data
   gfortran(Win64) Vers. 8.0 Jun 2014   31-Jan-2015 13:38:01    Page  001
 - - - - - - - - - - - - - - - - - - - - - - - - - - - - - - - - - - - - - -
 
   This version was compiled by GCC version 4.8.1 using the options 
   -m64 -mtune=generic -march=x86-64 -mthreads -O2 -fimplicit-none -fbounds-check -funroll-loops -ftree-vectorize -fopenmp.
   This problem will use 7 of 8 possible threads.


  INPUT --- proc title ;

     CPU Time in seconds for last procedure was 0.00


  INPUT --- proc chmatrix occasions= 7 groups= 6 etype= Both ICMeans 
  INPUT --- NoHist hist= 51 ;

  INPUT ---    time  interval 1 1 1 1 1 1 1 ;

  INPUT ---    glabel(1)=sex4.age1;

  INPUT ---    glabel(2)=sex5.age1;

  INPUT ---    glabel(3)=sex4.age2;

  INPUT ---    glabel(4)=sex5.age2;

  INPUT ---    glabel(5)=sex4.age4;

  INPUT ---    glabel(6)=sex5.age4;

   * *  WARNING  * *   At least a pair of the encounter histories are duplicates. 

      Number of unique encounter histories read was 17.

      Number of individual covariates read was 0.
      Time interval lengths are all equal to 1.

      Data type number is 3
      Data type is Joint Live and Dead Encounters (Burnham)                                                            

     CPU Time in seconds for last procedure was 0.00

  Program  MARK  - Survival Rate Estimation with Capture-Recapture Data
   gfortran(Win64) Vers. 8.0 Jun 2014   31-Jan-2015 13:38:01    Page  002
 - - - - - - - - - - - - - - - - - - - - - - - - - - - - - - - - - - - - - -
 


  INPUT --- proc estimate link=Logit NOLOOP varest=2ndPart    ;


  INPUT --- model={ S(~age + sex + time)p(~age + sex)r(~1)F(~age) };

  INPUT ---    group=1 S    rows=7 cols=7 Triang ;
  INPUT ---        1 2 3 4 5 6 7 ;
  INPUT ---        8 9 10 11 12 13 ;
  INPUT ---        14 15 16 17 18 ;
  INPUT ---        19 20 21 22 ;
  INPUT ---        23 24 25 ;
  INPUT ---        26 27 ;
  INPUT ---        28 ;

  INPUT ---    group=2 S    rows=7 cols=7 Triang ;
  INPUT ---        29 30 31 32 33 34 35 ;
  INPUT ---        36 37 38 39 40 41 ;
  INPUT ---        42 43 44 45 46 ;
  INPUT ---        47 48 49 50 ;
  INPUT ---        51 52 53 ;
  INPUT ---        54 55 ;
  INPUT ---        56 ;

  INPUT ---    group=3 S    rows=7 cols=7 Triang ;
  INPUT ---        1 2 3 4 5 6 7 ;
  INPUT ---        8 9 10 11 12 13 ;
  INPUT ---        14 15 16 17 18 ;
  INPUT ---        19 20 21 22 ;
  INPUT ---        23 24 25 ;
  INPUT ---        26 27 ;
  INPUT ---        28 ;

  INPUT ---    group=4 S    rows=7 cols=7 Triang ;
  INPUT ---        29 30 31 32 33 34 35 ;
  INPUT ---        36 37 38 39 40 41 ;
  INPUT ---        42 43 44 45 46 ;
  INPUT ---        47 48 49 50 ;
  INPUT ---        51 52 53 ;
  INPUT ---        54 55 ;
  INPUT ---        56 ;

  INPUT ---    group=5 S    rows=7 cols=7 Triang ;
  INPUT ---        1 2 3 4 5 6 7 ;
  INPUT ---        8 9 10 11 12 13 ;

  Program  MARK  - Survival Rate Estimation with Capture-Recapture Data
   gfortran(Win64) Vers. 8.0 Jun 2014   31-Jan-2015 13:38:01    Page  003
 - - - - - - - - - - - - - - - - - - - - - - - - - - - - - - - - - - - - - -
 
  INPUT ---        14 15 16 17 18 ;
  INPUT ---        19 20 21 22 ;
  INPUT ---        23 24 25 ;
  INPUT ---        26 27 ;
  INPUT ---        28 ;

  INPUT ---    group=6 S    rows=7 cols=7 Triang ;
  INPUT ---        29 30 31 32 33 34 35 ;
  INPUT ---        36 37 38 39 40 41 ;
  INPUT ---        42 43 44 45 46 ;
  INPUT ---        47 48 49 50 ;
  INPUT ---        51 52 53 ;
  INPUT ---        54 55 ;
  INPUT ---        56 ;

  INPUT ---    group=1 p    rows=6 cols=6 Triang ;
  INPUT ---        57 58 59 60 61 62 ;
  INPUT ---        57 58 59 60 61 ;
  INPUT ---        57 58 59 60 ;
  INPUT ---        57 58 59 ;
  INPUT ---        57 58 ;
  INPUT ---        57 ;

  INPUT ---    group=2 p    rows=6 cols=6 Triang ;
  INPUT ---        63 64 65 66 67 68 ;
  INPUT ---        63 64 65 66 67 ;
  INPUT ---        63 64 65 66 ;
  INPUT ---        63 64 65 ;
  INPUT ---        63 64 ;
  INPUT ---        63 ;

  INPUT ---    group=3 p    rows=6 cols=6 Triang ;
  INPUT ---        57 58 59 60 61 62 ;
  INPUT ---        57 58 59 60 61 ;
  INPUT ---        57 58 59 60 ;
  INPUT ---        57 58 59 ;
  INPUT ---        57 58 ;
  INPUT ---        57 ;

  INPUT ---    group=4 p    rows=6 cols=6 Triang ;
  INPUT ---        63 64 65 66 67 68 ;
  INPUT ---        63 64 65 66 67 ;
  INPUT ---        63 64 65 66 ;
  INPUT ---        63 64 65 ;
  INPUT ---        63 64 ;
  INPUT ---        63 ;

  Program  MARK  - Survival Rate Estimation with Capture-Recapture Data
   gfortran(Win64) Vers. 8.0 Jun 2014   31-Jan-2015 13:38:01    Page  004
 - - - - - - - - - - - - - - - - - - - - - - - - - - - - - - - - - - - - - -
 

  INPUT ---    group=5 p    rows=6 cols=6 Triang ;
  INPUT ---        57 58 59 60 61 62 ;
  INPUT ---        57 58 59 60 61 ;
  INPUT ---        57 58 59 60 ;
  INPUT ---        57 58 59 ;
  INPUT ---        57 58 ;
  INPUT ---        57 ;

  INPUT ---    group=6 p    rows=6 cols=6 Triang ;
  INPUT ---        63 64 65 66 67 68 ;
  INPUT ---        63 64 65 66 67 ;
  INPUT ---        63 64 65 66 ;
  INPUT ---        63 64 65 ;
  INPUT ---        63 64 ;
  INPUT ---        63 ;

  INPUT ---    group=1 r    rows=7 cols=7 Triang ;
  INPUT ---        69 69 69 69 69 69 69 ;
  INPUT ---        69 69 69 69 69 69 ;
  INPUT ---        69 69 69 69 69 ;
  INPUT ---        69 69 69 69 ;
  INPUT ---        69 69 69 ;
  INPUT ---        69 69 ;
  INPUT ---        69 ;

  INPUT ---    group=2 r    rows=7 cols=7 Triang ;
  INPUT ---        69 69 69 69 69 69 69 ;
  INPUT ---        69 69 69 69 69 69 ;
  INPUT ---        69 69 69 69 69 ;
  INPUT ---        69 69 69 69 ;
  INPUT ---        69 69 69 ;
  INPUT ---        69 69 ;
  INPUT ---        69 ;

  INPUT ---    group=3 r    rows=7 cols=7 Triang ;
  INPUT ---        69 69 69 69 69 69 69 ;
  INPUT ---        69 69 69 69 69 69 ;
  INPUT ---        69 69 69 69 69 ;
  INPUT ---        69 69 69 69 ;
  INPUT ---        69 69 69 ;
  INPUT ---        69 69 ;
  INPUT ---        69 ;

  INPUT ---    group=4 r    rows=7 cols=7 Triang ;
  INPUT ---        69 69 69 69 69 69 69 ;

  Program  MARK  - Survival Rate Estimation with Capture-Recapture Data
   gfortran(Win64) Vers. 8.0 Jun 2014   31-Jan-2015 13:38:01    Page  005
 - - - - - - - - - - - - - - - - - - - - - - - - - - - - - - - - - - - - - -
 
  INPUT ---        69 69 69 69 69 69 ;
  INPUT ---        69 69 69 69 69 ;
  INPUT ---        69 69 69 69 ;
  INPUT ---        69 69 69 ;
  INPUT ---        69 69 ;
  INPUT ---        69 ;

  INPUT ---    group=5 r    rows=7 cols=7 Triang ;
  INPUT ---        69 69 69 69 69 69 69 ;
  INPUT ---        69 69 69 69 69 69 ;
  INPUT ---        69 69 69 69 69 ;
  INPUT ---        69 69 69 69 ;
  INPUT ---        69 69 69 ;
  INPUT ---        69 69 ;
  INPUT ---        69 ;

  INPUT ---    group=6 r    rows=7 cols=7 Triang ;
  INPUT ---        69 69 69 69 69 69 69 ;
  INPUT ---        69 69 69 69 69 69 ;
  INPUT ---        69 69 69 69 69 ;
  INPUT ---        69 69 69 69 ;
  INPUT ---        69 69 69 ;
  INPUT ---        69 69 ;
  INPUT ---        69 ;

  INPUT ---    group=1 F    rows=6 cols=6 Triang ;
  INPUT ---        70 71 72 73 74 75 ;
  INPUT ---        70 71 72 73 74 ;
  INPUT ---        70 71 72 73 ;
  INPUT ---        70 71 72 ;
  INPUT ---        70 71 ;
  INPUT ---        70 ;

  INPUT ---    group=2 F    rows=6 cols=6 Triang ;
  INPUT ---        70 71 72 73 74 75 ;
  INPUT ---        70 71 72 73 74 ;
  INPUT ---        70 71 72 73 ;
  INPUT ---        70 71 72 ;
  INPUT ---        70 71 ;
  INPUT ---        70 ;

  INPUT ---    group=3 F    rows=6 cols=6 Triang ;
  INPUT ---        70 71 72 73 74 75 ;
  INPUT ---        70 71 72 73 74 ;
  INPUT ---        70 71 72 73 ;
  INPUT ---        70 71 72 ;

  Program  MARK  - Survival Rate Estimation with Capture-Recapture Data
   gfortran(Win64) Vers. 8.0 Jun 2014   31-Jan-2015 13:38:01    Page  006
 - - - - - - - - - - - - - - - - - - - - - - - - - - - - - - - - - - - - - -
 
  INPUT ---        70 71 ;
  INPUT ---        70 ;

  INPUT ---    group=4 F    rows=6 cols=6 Triang ;
  INPUT ---        70 71 72 73 74 75 ;
  INPUT ---        70 71 72 73 74 ;
  INPUT ---        70 71 72 73 ;
  INPUT ---        70 71 72 ;
  INPUT ---        70 71 ;
  INPUT ---        70 ;

  INPUT ---    group=5 F    rows=6 cols=6 Triang ;
  INPUT ---        70 71 72 73 74 75 ;
  INPUT ---        70 71 72 73 74 ;
  INPUT ---        70 71 72 73 ;
  INPUT ---        70 71 72 ;
  INPUT ---        70 71 ;
  INPUT ---        70 ;

  INPUT ---    group=6 F    rows=6 cols=6 Triang ;
  INPUT ---        70 71 72 73 74 75 ;
  INPUT ---        70 71 72 73 74 ;
  INPUT ---        70 71 72 73 ;
  INPUT ---        70 71 72 ;
  INPUT ---        70 71 ;
  INPUT ---        70 ;

  INPUT ---    design matrix constraints=75 covariates=28;
  INPUT ---        1 0 0 0 0 0 0 0 0 0 0 0 0 0 0 0 0 0 0 0 0 0 0 0 0 0 0 0;
  INPUT ---        1 1 0 0 0 0 0 0 1 0 0 0 0 0 0 0 0 0 0 0 0 0 0 0 0 0 0 0;
  INPUT ---        1 0 1 0 0 0 0 0 0 1 0 0 0 0 0 0 0 0 0 0 0 0 0 0 0 0 0 0;
  INPUT ---        1 0 0 1 0 0 0 0 0 0 1 0 0 0 0 0 0 0 0 0 0 0 0 0 0 0 0 0;
  INPUT ---        1 0 0 0 1 0 0 0 0 0 0 1 0 0 0 0 0 0 0 0 0 0 0 0 0 0 0 0;
  INPUT ---        1 0 0 0 0 1 0 0 0 0 0 0 1 0 0 0 0 0 0 0 0 0 0 0 0 0 0 0;
  INPUT ---        1 0 0 0 0 0 1 0 0 0 0 0 0 1 0 0 0 0 0 0 0 0 0 0 0 0 0 0;
  INPUT ---        1 0 0 0 0 0 0 0 1 0 0 0 0 0 0 0 0 0 0 0 0 0 0 0 0 0 0 0;
  INPUT ---        1 1 0 0 0 0 0 0 0 1 0 0 0 0 0 0 0 0 0 0 0 0 0 0 0 0 0 0;
  INPUT ---        1 0 1 0 0 0 0 0 0 0 1 0 0 0 0 0 0 0 0 0 0 0 0 0 0 0 0 0;
  INPUT ---        1 0 0 1 0 0 0 0 0 0 0 1 0 0 0 0 0 0 0 0 0 0 0 0 0 0 0 0;
  INPUT ---        1 0 0 0 1 0 0 0 0 0 0 0 1 0 0 0 0 0 0 0 0 0 0 0 0 0 0 0;
  INPUT ---        1 0 0 0 0 1 0 0 0 0 0 0 0 1 0 0 0 0 0 0 0 0 0 0 0 0 0 0;
  INPUT ---        1 0 0 0 0 0 0 0 0 1 0 0 0 0 0 0 0 0 0 0 0 0 0 0 0 0 0 0;
  INPUT ---        1 1 0 0 0 0 0 0 0 0 1 0 0 0 0 0 0 0 0 0 0 0 0 0 0 0 0 0;
  INPUT ---        1 0 1 0 0 0 0 0 0 0 0 1 0 0 0 0 0 0 0 0 0 0 0 0 0 0 0 0;
  INPUT ---        1 0 0 1 0 0 0 0 0 0 0 0 1 0 0 0 0 0 0 0 0 0 0 0 0 0 0 0;
  INPUT ---        1 0 0 0 1 0 0 0 0 0 0 0 0 1 0 0 0 0 0 0 0 0 0 0 0 0 0 0;

  Program  MARK  - Survival Rate Estimation with Capture-Recapture Data
   gfortran(Win64) Vers. 8.0 Jun 2014   31-Jan-2015 13:38:01    Page  007
 - - - - - - - - - - - - - - - - - - - - - - - - - - - - - - - - - - - - - -
 
  INPUT ---        1 0 0 0 0 0 0 0 0 0 1 0 0 0 0 0 0 0 0 0 0 0 0 0 0 0 0 0;
  INPUT ---        1 1 0 0 0 0 0 0 0 0 0 1 0 0 0 0 0 0 0 0 0 0 0 0 0 0 0 0;
  INPUT ---        1 0 1 0 0 0 0 0 0 0 0 0 1 0 0 0 0 0 0 0 0 0 0 0 0 0 0 0;
  INPUT ---        1 0 0 1 0 0 0 0 0 0 0 0 0 1 0 0 0 0 0 0 0 0 0 0 0 0 0 0;
  INPUT ---        1 0 0 0 0 0 0 0 0 0 0 1 0 0 0 0 0 0 0 0 0 0 0 0 0 0 0 0;
  INPUT ---        1 1 0 0 0 0 0 0 0 0 0 0 1 0 0 0 0 0 0 0 0 0 0 0 0 0 0 0;
  INPUT ---        1 0 1 0 0 0 0 0 0 0 0 0 0 1 0 0 0 0 0 0 0 0 0 0 0 0 0 0;
  INPUT ---        1 0 0 0 0 0 0 0 0 0 0 0 1 0 0 0 0 0 0 0 0 0 0 0 0 0 0 0;
  INPUT ---        1 1 0 0 0 0 0 0 0 0 0 0 0 1 0 0 0 0 0 0 0 0 0 0 0 0 0 0;
  INPUT ---        1 0 0 0 0 0 0 0 0 0 0 0 0 1 0 0 0 0 0 0 0 0 0 0 0 0 0 0;
  INPUT ---        1 0 0 0 0 0 0 1 0 0 0 0 0 0 0 0 0 0 0 0 0 0 0 0 0 0 0 0;
  INPUT ---        1 1 0 0 0 0 0 1 1 0 0 0 0 0 0 0 0 0 0 0 0 0 0 0 0 0 0 0;
  INPUT ---        1 0 1 0 0 0 0 1 0 1 0 0 0 0 0 0 0 0 0 0 0 0 0 0 0 0 0 0;
  INPUT ---        1 0 0 1 0 0 0 1 0 0 1 0 0 0 0 0 0 0 0 0 0 0 0 0 0 0 0 0;
  INPUT ---        1 0 0 0 1 0 0 1 0 0 0 1 0 0 0 0 0 0 0 0 0 0 0 0 0 0 0 0;
  INPUT ---        1 0 0 0 0 1 0 1 0 0 0 0 1 0 0 0 0 0 0 0 0 0 0 0 0 0 0 0;
  INPUT ---        1 0 0 0 0 0 1 1 0 0 0 0 0 1 0 0 0 0 0 0 0 0 0 0 0 0 0 0;
  INPUT ---        1 0 0 0 0 0 0 1 1 0 0 0 0 0 0 0 0 0 0 0 0 0 0 0 0 0 0 0;
  INPUT ---        1 1 0 0 0 0 0 1 0 1 0 0 0 0 0 0 0 0 0 0 0 0 0 0 0 0 0 0;
  INPUT ---        1 0 1 0 0 0 0 1 0 0 1 0 0 0 0 0 0 0 0 0 0 0 0 0 0 0 0 0;
  INPUT ---        1 0 0 1 0 0 0 1 0 0 0 1 0 0 0 0 0 0 0 0 0 0 0 0 0 0 0 0;
  INPUT ---        1 0 0 0 1 0 0 1 0 0 0 0 1 0 0 0 0 0 0 0 0 0 0 0 0 0 0 0;
  INPUT ---        1 0 0 0 0 1 0 1 0 0 0 0 0 1 0 0 0 0 0 0 0 0 0 0 0 0 0 0;
  INPUT ---        1 0 0 0 0 0 0 1 0 1 0 0 0 0 0 0 0 0 0 0 0 0 0 0 0 0 0 0;
  INPUT ---        1 1 0 0 0 0 0 1 0 0 1 0 0 0 0 0 0 0 0 0 0 0 0 0 0 0 0 0;
  INPUT ---        1 0 1 0 0 0 0 1 0 0 0 1 0 0 0 0 0 0 0 0 0 0 0 0 0 0 0 0;
  INPUT ---        1 0 0 1 0 0 0 1 0 0 0 0 1 0 0 0 0 0 0 0 0 0 0 0 0 0 0 0;
  INPUT ---        1 0 0 0 1 0 0 1 0 0 0 0 0 1 0 0 0 0 0 0 0 0 0 0 0 0 0 0;
  INPUT ---        1 0 0 0 0 0 0 1 0 0 1 0 0 0 0 0 0 0 0 0 0 0 0 0 0 0 0 0;
  INPUT ---        1 1 0 0 0 0 0 1 0 0 0 1 0 0 0 0 0 0 0 0 0 0 0 0 0 0 0 0;
  INPUT ---        1 0 1 0 0 0 0 1 0 0 0 0 1 0 0 0 0 0 0 0 0 0 0 0 0 0 0 0;
  INPUT ---        1 0 0 1 0 0 0 1 0 0 0 0 0 1 0 0 0 0 0 0 0 0 0 0 0 0 0 0;
  INPUT ---        1 0 0 0 0 0 0 1 0 0 0 1 0 0 0 0 0 0 0 0 0 0 0 0 0 0 0 0;
  INPUT ---        1 1 0 0 0 0 0 1 0 0 0 0 1 0 0 0 0 0 0 0 0 0 0 0 0 0 0 0;
  INPUT ---        1 0 1 0 0 0 0 1 0 0 0 0 0 1 0 0 0 0 0 0 0 0 0 0 0 0 0 0;
  INPUT ---        1 0 0 0 0 0 0 1 0 0 0 0 1 0 0 0 0 0 0 0 0 0 0 0 0 0 0 0;
  INPUT ---        1 1 0 0 0 0 0 1 0 0 0 0 0 1 0 0 0 0 0 0 0 0 0 0 0 0 0 0;
  INPUT ---        1 0 0 0 0 0 0 1 0 0 0 0 0 1 0 0 0 0 0 0 0 0 0 0 0 0 0 0;
  INPUT ---        0 0 0 0 0 0 0 0 0 0 0 0 0 0 1 0 0 0 0 0 0 0 0 0 0 0 0 0;
  INPUT ---        0 0 0 0 0 0 0 0 0 0 0 0 0 0 1 1 0 0 0 0 0 0 0 0 0 0 0 0;
  INPUT ---        0 0 0 0 0 0 0 0 0 0 0 0 0 0 1 0 1 0 0 0 0 0 0 0 0 0 0 0;
  INPUT ---        0 0 0 0 0 0 0 0 0 0 0 0 0 0 1 0 0 1 0 0 0 0 0 0 0 0 0 0;
  INPUT ---        0 0 0 0 0 0 0 0 0 0 0 0 0 0 1 0 0 0 1 0 0 0 0 0 0 0 0 0;
  INPUT ---        0 0 0 0 0 0 0 0 0 0 0 0 0 0 1 0 0 0 0 1 0 0 0 0 0 0 0 0;
  INPUT ---        0 0 0 0 0 0 0 0 0 0 0 0 0 0 1 0 0 0 0 0 1 0 0 0 0 0 0 0;
  INPUT ---        0 0 0 0 0 0 0 0 0 0 0 0 0 0 1 1 0 0 0 0 1 0 0 0 0 0 0 0;

  Program  MARK  - Survival Rate Estimation with Capture-Recapture Data
   gfortran(Win64) Vers. 8.0 Jun 2014   31-Jan-2015 13:38:01    Page  008
 - - - - - - - - - - - - - - - - - - - - - - - - - - - - - - - - - - - - - -
 
  INPUT ---        0 0 0 0 0 0 0 0 0 0 0 0 0 0 1 0 1 0 0 0 1 0 0 0 0 0 0 0;
  INPUT ---        0 0 0 0 0 0 0 0 0 0 0 0 0 0 1 0 0 1 0 0 1 0 0 0 0 0 0 0;
  INPUT ---        0 0 0 0 0 0 0 0 0 0 0 0 0 0 1 0 0 0 1 0 1 0 0 0 0 0 0 0;
  INPUT ---        0 0 0 0 0 0 0 0 0 0 0 0 0 0 1 0 0 0 0 1 1 0 0 0 0 0 0 0;
  INPUT ---        0 0 0 0 0 0 0 0 0 0 0 0 0 0 0 0 0 0 0 0 0 1 0 0 0 0 0 0;
  INPUT ---        0 0 0 0 0 0 0 0 0 0 0 0 0 0 0 0 0 0 0 0 0 0 1 0 0 0 0 0;
  INPUT ---        0 0 0 0 0 0 0 0 0 0 0 0 0 0 0 0 0 0 0 0 0 0 1 1 0 0 0 0;
  INPUT ---        0 0 0 0 0 0 0 0 0 0 0 0 0 0 0 0 0 0 0 0 0 0 1 0 1 0 0 0;
  INPUT ---        0 0 0 0 0 0 0 0 0 0 0 0 0 0 0 0 0 0 0 0 0 0 1 0 0 1 0 0;
  INPUT ---        0 0 0 0 0 0 0 0 0 0 0 0 0 0 0 0 0 0 0 0 0 0 1 0 0 0 1 0;
  INPUT ---        0 0 0 0 0 0 0 0 0 0 0 0 0 0 0 0 0 0 0 0 0 0 1 0 0 0 0 1;

  INPUT ---    blabel(1)=S:(Intercept);

  INPUT ---    blabel(2)=S:age1;

  INPUT ---    blabel(3)=S:age2;

  INPUT ---    blabel(4)=S:age3;

  INPUT ---    blabel(5)=S:age4;

  INPUT ---    blabel(6)=S:age5;

  INPUT ---    blabel(7)=S:age6;

  INPUT ---    blabel(8)=S:sex5;

  INPUT ---    blabel(9)=S:time2006;

  INPUT ---    blabel(10)=S:time2007;

  INPUT ---    blabel(11)=S:time2008;

  INPUT ---    blabel(12)=S:time2009;

  INPUT ---    blabel(13)=S:time2010;

  INPUT ---    blabel(14)=S:time2011;

  INPUT ---    blabel(15)=p:(Intercept);

  INPUT ---    blabel(16)=p:age2;

  INPUT ---    blabel(17)=p:age3;


  Program  MARK  - Survival Rate Estimation with Capture-Recapture Data
   gfortran(Win64) Vers. 8.0 Jun 2014   31-Jan-2015 13:38:01    Page  009
 - - - - - - - - - - - - - - - - - - - - - - - - - - - - - - - - - - - - - -
 
  INPUT ---    blabel(18)=p:age4;

  INPUT ---    blabel(19)=p:age5;

  INPUT ---    blabel(20)=p:age6;

  INPUT ---    blabel(21)=p:sex5;

  INPUT ---    blabel(22)=r:(Intercept);

  INPUT ---    blabel(23)=F:(Intercept);

  INPUT ---    blabel(24)=F:age1;

  INPUT ---    blabel(25)=F:age2;

  INPUT ---    blabel(26)=F:age3;

  INPUT ---    blabel(27)=F:age4;

  INPUT ---    blabel(28)=F:age5;

  INPUT ---    rlabel(1)=S g41 c2005 c1 a0 t2005;

  INPUT ---    rlabel(2)=S g41 c2005 c1 a1 t2006;

  INPUT ---    rlabel(3)=S g41 c2005 c1 a2 t2007;

  INPUT ---    rlabel(4)=S g41 c2005 c1 a3 t2008;

  INPUT ---    rlabel(5)=S g41 c2005 c1 a4 t2009;

  INPUT ---    rlabel(6)=S g41 c2005 c1 a5 t2010;

  INPUT ---    rlabel(7)=S g41 c2005 c1 a6 t2011;

  INPUT ---    rlabel(8)=S g41 c2006 c2 a0 t2006;

  INPUT ---    rlabel(9)=S g41 c2006 c2 a1 t2007;

  INPUT ---    rlabel(10)=S g41 c2006 c2 a2 t2008;

  INPUT ---    rlabel(11)=S g41 c2006 c2 a3 t2009;

  INPUT ---    rlabel(12)=S g41 c2006 c2 a4 t2010;


  Program  MARK  - Survival Rate Estimation with Capture-Recapture Data
   gfortran(Win64) Vers. 8.0 Jun 2014   31-Jan-2015 13:38:01    Page  010
 - - - - - - - - - - - - - - - - - - - - - - - - - - - - - - - - - - - - - -
 
  INPUT ---    rlabel(13)=S g41 c2006 c2 a5 t2011;

  INPUT ---    rlabel(14)=S g41 c2007 c3 a0 t2007;

  INPUT ---    rlabel(15)=S g41 c2007 c3 a1 t2008;

  INPUT ---    rlabel(16)=S g41 c2007 c3 a2 t2009;

  INPUT ---    rlabel(17)=S g41 c2007 c3 a3 t2010;

  INPUT ---    rlabel(18)=S g41 c2007 c3 a4 t2011;

  INPUT ---    rlabel(19)=S g41 c2008 c4 a0 t2008;

  INPUT ---    rlabel(20)=S g41 c2008 c4 a1 t2009;

  INPUT ---    rlabel(21)=S g41 c2008 c4 a2 t2010;

  INPUT ---    rlabel(22)=S g41 c2008 c4 a3 t2011;

  INPUT ---    rlabel(23)=S g41 c2009 c5 a0 t2009;

  INPUT ---    rlabel(24)=S g41 c2009 c5 a1 t2010;

  INPUT ---    rlabel(25)=S g41 c2009 c5 a2 t2011;

  INPUT ---    rlabel(26)=S g41 c2010 c6 a0 t2010;

  INPUT ---    rlabel(27)=S g41 c2010 c6 a1 t2011;

  INPUT ---    rlabel(28)=S g41 c2011 c7 a0 t2011;

  INPUT ---    rlabel(29)=S g51 c2005 c1 a0 t2005;

  INPUT ---    rlabel(30)=S g51 c2005 c1 a1 t2006;

  INPUT ---    rlabel(31)=S g51 c2005 c1 a2 t2007;

  INPUT ---    rlabel(32)=S g51 c2005 c1 a3 t2008;

  INPUT ---    rlabel(33)=S g51 c2005 c1 a4 t2009;

  INPUT ---    rlabel(34)=S g51 c2005 c1 a5 t2010;

  INPUT ---    rlabel(35)=S g51 c2005 c1 a6 t2011;


  Program  MARK  - Survival Rate Estimation with Capture-Recapture Data
   gfortran(Win64) Vers. 8.0 Jun 2014   31-Jan-2015 13:38:01    Page  011
 - - - - - - - - - - - - - - - - - - - - - - - - - - - - - - - - - - - - - -
 
  INPUT ---    rlabel(36)=S g51 c2006 c2 a0 t2006;

  INPUT ---    rlabel(37)=S g51 c2006 c2 a1 t2007;

  INPUT ---    rlabel(38)=S g51 c2006 c2 a2 t2008;

  INPUT ---    rlabel(39)=S g51 c2006 c2 a3 t2009;

  INPUT ---    rlabel(40)=S g51 c2006 c2 a4 t2010;

  INPUT ---    rlabel(41)=S g51 c2006 c2 a5 t2011;

  INPUT ---    rlabel(42)=S g51 c2007 c3 a0 t2007;

  INPUT ---    rlabel(43)=S g51 c2007 c3 a1 t2008;

  INPUT ---    rlabel(44)=S g51 c2007 c3 a2 t2009;

  INPUT ---    rlabel(45)=S g51 c2007 c3 a3 t2010;

  INPUT ---    rlabel(46)=S g51 c2007 c3 a4 t2011;

  INPUT ---    rlabel(47)=S g51 c2008 c4 a0 t2008;

  INPUT ---    rlabel(48)=S g51 c2008 c4 a1 t2009;

  INPUT ---    rlabel(49)=S g51 c2008 c4 a2 t2010;

  INPUT ---    rlabel(50)=S g51 c2008 c4 a3 t2011;

  INPUT ---    rlabel(51)=S g51 c2009 c5 a0 t2009;

  INPUT ---    rlabel(52)=S g51 c2009 c5 a1 t2010;

  INPUT ---    rlabel(53)=S g51 c2009 c5 a2 t2011;

  INPUT ---    rlabel(54)=S g51 c2010 c6 a0 t2010;

  INPUT ---    rlabel(55)=S g51 c2010 c6 a1 t2011;

  INPUT ---    rlabel(56)=S g51 c2011 c7 a0 t2011;

  INPUT ---    rlabel(57)=p g41 c2005 c1 a1 t2006;

  INPUT ---    rlabel(58)=p g41 c2005 c1 a2 t2007;


  Program  MARK  - Survival Rate Estimation with Capture-Recapture Data
   gfortran(Win64) Vers. 8.0 Jun 2014   31-Jan-2015 13:38:01    Page  012
 - - - - - - - - - - - - - - - - - - - - - - - - - - - - - - - - - - - - - -
 
  INPUT ---    rlabel(59)=p g41 c2005 c1 a3 t2008;

  INPUT ---    rlabel(60)=p g41 c2005 c1 a4 t2009;

  INPUT ---    rlabel(61)=p g41 c2005 c1 a5 t2010;

  INPUT ---    rlabel(62)=p g41 c2005 c1 a6 t2011;

  INPUT ---    rlabel(63)=p g51 c2005 c1 a1 t2006;

  INPUT ---    rlabel(64)=p g51 c2005 c1 a2 t2007;

  INPUT ---    rlabel(65)=p g51 c2005 c1 a3 t2008;

  INPUT ---    rlabel(66)=p g51 c2005 c1 a4 t2009;

  INPUT ---    rlabel(67)=p g51 c2005 c1 a5 t2010;

  INPUT ---    rlabel(68)=p g51 c2005 c1 a6 t2011;

  INPUT ---    rlabel(69)=r g41 c2005 c1 a0 t2005;

  INPUT ---    rlabel(70)=F g41 c2005 c1 a0 t2005;

  INPUT ---    rlabel(71)=F g41 c2005 c1 a1 t2006;

  INPUT ---    rlabel(72)=F g41 c2005 c1 a2 t2007;

  INPUT ---    rlabel(73)=F g41 c2005 c1 a3 t2008;

  INPUT ---    rlabel(74)=F g41 c2005 c1 a4 t2009;

  INPUT ---    rlabel(75)=F g41 c2005 c1 a5 t2010;

 Link Function Used is LOGIT        

 Variance Estimation Procedure Used is 2ndPart 

 M(t+1):



 -2logL(saturated) = 1739.8188     
 Effective Sample Size = 7075

 Number of function evaluations was 102 for 28 parameters.
 Time for numerical optimization was 3.00 seconds.

  Program  MARK  - Survival Rate Estimation with Capture-Recapture Data
   gfortran(Win64) Vers. 8.0 Jun 2014   31-Jan-2015 13:38:02    Page  013
 - - - - - - - - - - - - - - - - - - - - - - - - - - - - - - - - - - - - - -
 
 -2logL { S(~age + sex + time)p(~age + sex)r(~1)F(~age) } = 2567.9250     
 Penalty { S(~age + sex + time)p(~age + sex)r(~1)F(~age) } = -0.0000000    
 Gradient { S(~age + sex + time)p(~age + sex)r(~1)F(~age) }:
 -0.6278075E-03-0.3896235E-03-0.4077902E-05-0.2051565E-03-0.2883604E-04
   0.000000      0.000000    -0.4897285E-03-0.6863097E-04-0.2006749E-05
 -0.5923699E-03  0.000000      0.000000     0.6660084E-04-0.4658029E-03
  0.3816578E-04  0.000000    -0.3910061E-03-0.5081781E-05-0.1760813E-05
 -0.3735187E-03-0.5047413E-03-0.8051614E-03-0.3064598E-05-0.6810365E-05
 -0.4081939E-03-0.7226269E-05-0.5865247E-05
 S Vector { S(~age + sex + time)p(~age + sex)r(~1)F(~age) }:
   284.2918      16.38945      7.381013      2.357924      2.247554    
   1.558583      1.322967     0.7804068     0.3689077     0.8515908E-01
  0.4448980E-01 0.5304996E-03 0.1180036E-03 0.4094024E-04 0.1163697E-04
  0.8761399E-05 0.5462213E-05 0.3198995E-05 0.2076614E-05 0.1501621E-05
  0.1049516E-05 0.7272531E-06 0.2491048E-06 0.1945954E-06 0.8438196E-07
  0.2372550E-07 0.9530319E-08 0.6655366E-08
 Time to compute number of parameters was 1.14 seconds.
   Threshold =  0.5800000E-06     Condition index =  0.2341033E-10     New Threshold =  0.3521689E-07
 New Guessimate of Estimated Parameters { S(~age + sex + time)p(~age + sex)r(~1)F(~age) } = 15          
 Conditioned S Vector { S(~age + sex + time)p(~age + sex)r(~1)F(~age) }:
   1.000000     0.5765008E-01 0.2596280E-01 0.8294025E-02 0.7905800E-02
  0.5482335E-02 0.4653553E-02 0.2745091E-02 0.1297637E-02 0.2995481E-03
  0.1564934E-03 0.1866039E-05 0.4150792E-06 0.1440078E-06 0.4093318E-07
  0.3081833E-07 0.1921340E-07 0.1125250E-07 0.7304515E-08 0.5281969E-08
  0.3691684E-08 0.2558122E-08 0.8762293E-09 0.6844918E-09 0.2968146E-09
  0.8345473E-10 0.3352301E-10 0.2341033E-10
 Number of Estimated Parameters { S(~age + sex + time)p(~age + sex)r(~1)F(~age) } = 12          
 DEVIANCE { S(~age + sex + time)p(~age + sex)r(~1)F(~age) } = 828.10622                     
 DEVIANCE Degrees of Freedom { S(~age + sex + time)p(~age + sex)r(~1)F(~age) } = 3            
 c-hat { S(~age + sex + time)p(~age + sex)r(~1)F(~age) } = 276.03541                     
 AIC { S(~age + sex + time)p(~age + sex)r(~1)F(~age) } = 2591.9250                  
 AICc { S(~age + sex + time)p(~age + sex)r(~1)F(~age) } = 2591.9691                    
 BIC { S(~age + sex + time)p(~age + sex)r(~1)F(~age) } = 2674.2968                    
 Pearson Chisquare { S(~age + sex + time)p(~age + sex)r(~1)F(~age) } = Not a Number               
 Possible Encounter Histories { S(~age + sex + time)p(~age + sex)r(~1)F(~age) } = 896             
 Pearson Chisquare df { S(~age + sex + time)p(~age + sex)r(~1)F(~age) } = 848        
 Pearson chat { S(~age + sex + time)p(~age + sex)r(~1)F(~age) } = Not a Number               
 Sum(Observed/Expected) { S(~age + sex + time)p(~age + sex)r(~1)F(~age) } = Not a Number               
 Fletcher chat { S(~age + sex + time)p(~age + sex)r(~1)F(~age) } = Not a Number               


      LOGIT Link Function Parameters of { S(~age + sex + time)p(~age + sex)r(~1)F(~age) }
                                                              95% Confidence Interval
 Parameter                    Beta         Standard Error      Lower           Upper
 -------------------------  --------------  --------------  --------------  --------------
    1:S:(Intercept)         0.1589473       2.3443340       -4.4359474      4.7538420     
    2:S:age1                46.502825       0.0000000       46.502825       46.502825     
    3:S:age2                -10.151503      2207.9044       -4337.6443      4317.3413     
    4:S:age3                43.331746       0.0000000       43.331746       43.331746     
    5:S:age4                0.5770105       477.28935       -934.91013      936.06415     
    6:S:age5                1.8839008       782.01037       -1530.8565      1534.6243     
    7:S:age6                -0.3382875      403.27987       -790.76685      790.09028     
    8:S:sex5                1.8785682       1.5246001       -1.1096481      4.8667845     
    9:S:time2006            -36.768077      74.277081       -182.35116      108.81500     
   10:S:time2007            21.660893       2401.0095       -4684.3178      4727.6396     
   11:S:time2008            -51.278643      0.0000000       -51.278643      -51.278643    
   12:S:time2009            28.838096       718.38010       -1379.1869      1436.8631     
   13:S:time2010            29.046893       4114.6633       -8035.6934      8093.7872     
   14:S:time2011            -43.381691      0.0000000       -43.381691      -43.381691    
   15:p:(Intercept)         -5.8338597      0.4897331       -6.7937365      -4.8739829    
   16:p:age2                -0.1915054      0.8390392       -1.8360223      1.4530115     

  Program  MARK  - Survival Rate Estimation with Capture-Recapture Data
   gfortran(Win64) Vers. 8.0 Jun 2014   31-Jan-2015 13:38:02    Page  014
 - - - - - - - - - - - - - - - - - - - - - - - - - - - - - - - - - - - - - -
 
   17:p:age3                0.1805087       1.3273367       -2.4210712      2.7820886     
   18:p:age4                4.1172813       3.1595748       -2.0754855      10.310048     
   19:p:age5                -7.9485823      0.0000000       -7.9485823      -7.9485823    
   20:p:age6                24.825992       4887.2556       -9554.1952      9603.8472     
   21:p:sex5                -1.5566841      0.8303299       -3.1841308      0.0707626     
   22:r:(Intercept)         -2.9641856      0.0594034       -3.0806163      -2.8477550    
   23:F:(Intercept)         5.8904414       63.865556       -119.28605      131.06693     
   24:F:age1                13.838730       2596.1335       -5074.5830      5102.2605     
   25:F:age2                5.6772834       1059.8118       -2071.5539      2082.9084     
   26:F:age3                -0.1140473      84.520933       -165.77508      165.54699     
   27:F:age4                5.2929756       773.61006       -1510.9828      1521.5687     
   28:F:age5                6.7532514       1169.5301       -2285.5257      2299.0322     


      Real Function Parameters of { S(~age + sex + time)p(~age + sex)r(~1)F(~age) }
                                                               95% Confidence Interval
  Parameter                  Estimate       Standard Error      Lower           Upper
 --------------------------  --------------  --------------  --------------  --------------
     1:S g41 c2005 c1 a0 t2  0.5396534       0.5823973       0.0117052       0.9914551                           
     2:S g41 c2005 c1 a1 t2  0.9999495       0.0086396       0.4283544E-141  1.0000000                           
     3:S g41 c2005 c1 a2 t2  0.9999914       0.0069266       0.1151747E-298  1.0000000                           
     4:S g41 c2005 c1 a3 t2  0.4145306E-003  0.8159114E-003  0.8741900E-005  0.0192931                           
     5:S g41 c2005 c1 a4 t2  1.0000000       0.1282076E-009  1.0000000       1.0000000                           
     6:S g41 c2005 c1 a5 t2  1.0000000       0.1244962E-009  1.0000000       1.0000000                           
     7:S g41 c2005 c1 a6 t2  0.1206936E-018  0.4474002E-016  -.8756974E-016  0.8781113E-016                      
     8:S g41 c2006 c2 a0 t2  0.1261412E-015  0.9365490E-014  -.1823022E-013  0.1848250E-013                      
     9:S g41 c2006 c2 a1 t2  1.0000000       0.0000000       1.0000000       1.0000000                           
    10:S g41 c2006 c2 a2 t2  0.2456160E-026  0.5406296E-023  -.1059388E-022  0.1059880E-022                      
    11:S g41 c2006 c2 a3 t2  1.0000000       0.0000000       1.0000000       1.0000000                           
    12:S g41 c2006 c2 a4 t2  1.0000000       0.4858931E-009  1.0000000       1.0000000                           
    13:S g41 c2006 c2 a5 t2  0.1113701E-017  0.8549092E-015  -.1674508E-014  0.1676736E-014                      
    14:S g41 c2007 c3 a0 t2  1.0000000       0.8019630E-006  0.9999984       1.0000016                           
    15:S g41 c2007 c3 a1 t2  0.0097869       0.0275726       0.3741784E-004  0.7230386                           
    16:S g41 c2007 c3 a2 t2  1.0000000       0.1445936E-004  0.9999717       1.0000283                           
    17:S g41 c2007 c3 a3 t2  1.0000000       0.0000000       1.0000000       1.0000000                           
    18:S g41 c2007 c3 a4 t2  0.3014347E-018  0.1370153E-015  -.2682485E-015  0.2688513E-015                      
    19:S g41 c2008 c4 a0 t2  0.6295039E-022  0.0000000       0.6295039E-022  0.6295039E-022                      
    20:S g41 c2008 c4 a1 t2  1.0000000       0.0000000       1.0000000       1.0000000                           
    21:S g41 c2008 c4 a2 t2  1.0000000       0.2112875E-004  0.9999586       1.0000414                           
    22:S g41 c2008 c4 a3 t2  0.5272236       0.9458655       0.6560401E-003  0.9994724                           
    23:S g41 c2009 c5 a0 t2  1.0000000       0.1832833E-009  1.0000000       1.0000000                           
    24:S g41 c2009 c5 a1 t2  1.0000000       0.0000000       1.0000000       1.0000000                           
    25:S g41 c2009 c5 a2 t2  0.6604789E-023  0.1453790E-019  -.2848768E-019  0.2850089E-019                      
    26:S g41 c2010 c6 a0 t2  1.0000000       0.8515126E-009  1.0000000       1.0000000                           
    27:S g41 c2010 c6 a1 t2  0.9637391       0.0369971       0.7694209       0.9952983                           
    28:S g41 c2011 c7 a0 t2  0.1692781E-018  0.0000000       0.1692781E-018  0.1692781E-018                      

  Program  MARK  - Survival Rate Estimation with Capture-Recapture Data
   gfortran(Win64) Vers. 8.0 Jun 2014   31-Jan-2015 13:38:02    Page  015
 - - - - - - - - - - - - - - - - - - - - - - - - - - - - - - - - - - - - - -
 
    29:S g51 c2005 c1 a0 t2  0.8846800       0.3141277       0.0180321       0.9996881                           
    30:S g51 c2005 c1 a1 t2  0.9999923       0.0013204       0.2763856E-140  1.0000000                           
    31:S g51 c2005 c1 a2 t2  0.9999987       0.0010585       0.7537180E-298  1.0000000                           
    32:S g51 c2005 c1 a3 t2  0.0027065       0.0029688       0.3142140E-003  0.0228958                           
    33:S g51 c2005 c1 a4 t2  1.0000000       0.1967845E-010  1.0000000       1.0000000                           
    34:S g51 c2005 c1 a5 t2  1.0000000       0.1928815E-010  1.0000000       1.0000000                           
    35:S g51 c2005 c1 a6 t2  0.7898347E-018  0.2927857E-015  -.5730702E-015  0.5746498E-015                      
    36:S g51 c2006 c2 a0 t2  0.8254839E-015  0.6130257E-013  -.1193276E-012  0.1209785E-012                      
    37:S g51 c2006 c2 a1 t2  1.0000000       0.0000000       1.0000000       1.0000000                           
    38:S g51 c2006 c2 a2 t2  0.1607342E-025  0.3537954E-022  -.6932784E-022  0.6935998E-022                      
    39:S g51 c2006 c2 a3 t2  1.0000000       0.0000000       1.0000000       1.0000000                           
    40:S g51 c2006 c2 a4 t2  1.0000000       0.7418218E-010  1.0000000       1.0000000                           
    41:S g51 c2006 c2 a5 t2  0.7288201E-017  0.5594649E-014  -.1095822E-013  0.1097280E-013                      
    42:S g51 c2007 c3 a0 t2  1.0000000       0.1225467E-006  0.9999998       1.0000002                           
    43:S g51 c2007 c3 a1 t2  0.0607507       0.1871002       0.1046114E-003  0.9756019                           
    44:S g51 c2007 c3 a2 t2  1.0000000       0.2209520E-005  0.9999957       1.0000043                           
    45:S g51 c2007 c3 a3 t2  1.0000000       0.0000000       1.0000000       1.0000000                           
    46:S g51 c2007 c3 a4 t2  0.1972627E-017  0.8966477E-015  -.1755457E-014  0.1759402E-014                      
    47:S g51 c2008 c4 a0 t2  0.4119554E-021  0.0000000       0.4119554E-021  0.4119554E-021                      
    48:S g51 c2008 c4 a1 t2  1.0000000       0.0000000       1.0000000       1.0000000                           
    49:S g51 c2008 c4 a2 t2  1.0000000       0.3228659E-005  0.9999937       1.0000063                           
    50:S g51 c2008 c4 a3 t2  0.8794858       0.3467278       0.0118419       0.9997750                           
    51:S g51 c2009 c5 a0 t2  1.0000000       0.2807492E-010  1.0000000       1.0000000                           
    52:S g51 c2009 c5 a1 t2  1.0000000       0.0000000       1.0000000       1.0000000                           
    53:S g51 c2009 c5 a2 t2  0.4322259E-022  0.9513800E-019  -.1864273E-018  0.1865137E-018                      
    54:S g51 c2010 c6 a0 t2  1.0000000       0.1297369E-009  1.0000000       1.0000000                           
    55:S g51 c2010 c6 a1 t2  0.9942834       0.0094209       0.8710203       0.9997768                           
    56:S g51 c2011 c7 a0 t2  0.1107778E-017  0.0000000       0.1107778E-017  0.1107778E-017                      
    57:p g41 c2005 c1 a1 t2  0.0029182       0.0014250       0.0011195       0.0075849                           
    58:p g41 c2005 c1 a2 t2  0.0024108       0.0019584       0.4896404E-003  0.0117814                           
    59:p g41 c2005 c1 a3 t2  0.0034935       0.0047785       0.2378434E-003  0.0491237                           
    60:p g41 c2005 c1 a4 t2  0.1523124       0.4099836       0.3559664E-003  0.9890906                           
    61:p g41 c2005 c1 a5 t2  0.1033620E-005  0.0000000       0.1033620E-005  0.1033620E-005                      
    62:p g41 c2005 c1 a6 t2  1.0000000       0.2759859E-004  0.9999459       1.0000541                           
    63:p g51 c2005 c1 a1 t2  0.6166798E-003  0.4971703E-003  0.1269385E-003  0.0029902                           
    64:p g51 c2005 c1 a2 t2  0.5092566E-003  0.5124796E-003  0.7080862E-004  0.0036527                           
    65:p g51 c2005 c1 a3 t2  0.7385853E-003  0.0010627       0.4396183E-004  0.0122740                           
    66:p g51 c2005 c1 a4 t2  0.0364999       0.1114040       0.7619466E-004  0.9495793                           
    67:p g51 c2005 c1 a5 t2  0.2179225E-006  0.0000000       0.2179225E-006  0.2179225E-006                      
    68:p g51 c2005 c1 a6 t2  1.0000000       0.1309020E-003  0.3681132E-296  1.0000000                           
    69:r g41 c2005 c1 a0 t2  0.0490703       0.0027719       0.0439139       0.0547975                           
    70:F g41 c2005 c1 a0 t2  0.9972419       0.1756635       0.1565763E-051  1.0000000                           
    71:F g41 c2005 c1 a1 t2  1.0000000       0.7005428E-005  0.9999863       1.0000137                           
    72:F g41 c2005 c1 a2 t2  0.9999905       0.0100150       0.1041506E-298  1.0000000                           
    73:F g41 c2005 c1 a3 t2  0.9969097       0.2056129       0.4980748E-054  1.0000000                           
    74:F g41 c2005 c1 a4 t2  0.9999861       0.0107461       0.7091840E-299  1.0000000                           

  Program  MARK  - Survival Rate Estimation with Capture-Recapture Data
   gfortran(Win64) Vers. 8.0 Jun 2014   31-Jan-2015 13:38:02    Page  016
 - - - - - - - - - - - - - - - - - - - - - - - - - - - - - - - - - - - - - -
 
    75:F g41 c2005 c1 a5 t2  0.9999968       0.0037602       0.3054560E-298  1.0000000                           

 Attempted ordering of parameters by estimatibility:
  22 15  1 21 16  2 11 17  8 18 14 23 26  9  4  7  5  3 27  6 25 28 19 24 10
  20 13 12
 Beta number 12 is a singular value.

     CPU Time in seconds for last procedure was 4.18


  INPUT --- proc stop;

     CPU Time in minutes for this job was 0.07

     Time Start = 13:38:01.815   Time End = 13:38:02.699

     Wall Clock Time in minutes for this job was 0.01


          E X E C U T I O N   S U C C E S S F U L 
