
   Program  MARK  - Survival Rate Estimation with Capture-Recapture Data
   gfortran(Win64) Vers. 8.0 Jun 2014   21-Jan-2015 17:24:53    Page  001
 - - - - - - - - - - - - - - - - - - - - - - - - - - - - - - - - - - - - - -
 
   This version was compiled by GCC version 4.8.1 using the options 
   -m64 -mtune=generic -march=x86-64 -mthreads -O2 -fimplicit-none -fbounds-check -funroll-loops -ftree-vectorize -fopenmp.
   This problem will use 3 of 4 possible threads.


  INPUT --- proc title ;

     CPU Time in seconds for last procedure was 0.00


  INPUT --- proc chmatrix occasions= 7 groups= 2 etype= Live ICMeans 
  INPUT --- NoHist hist= 55 ;

  INPUT ---    time  interval 1 1 1 1 1 1 ;

  INPUT ---    glabel(1)=sexFemale;

  INPUT ---    glabel(2)=sexMale;

   * *  WARNING  * *   At least a pair of the encounter histories are duplicates. 

      Number of unique encounter histories read was 32.

      Number of individual covariates read was 0.
      Time interval lengths are all equal to 1.

      Data type number is 1
      Data type is Live Recaptures (CJS)                                                                               

     CPU Time in seconds for last procedure was 0.00

  Program  MARK  - Survival Rate Estimation with Capture-Recapture Data
   gfortran(Win64) Vers. 8.0 Jun 2014   21-Jan-2015 17:24:53    Page  002
 - - - - - - - - - - - - - - - - - - - - - - - - - - - - - - - - - - - - - -
 


  INPUT --- proc estimate link=Logit NOLOOP varest=2ndPart    ;


  INPUT --- model={ Phi(~sex)p(~1) };

  INPUT ---    group=1 Phi    rows=6 cols=6 Triang ;
  INPUT ---        1 1 1 1 1 1 ;
  INPUT ---        1 1 1 1 1 ;
  INPUT ---        1 1 1 1 ;
  INPUT ---        1 1 1 ;
  INPUT ---        1 1 ;
  INPUT ---        1 ;

  INPUT ---    group=2 Phi    rows=6 cols=6 Triang ;
  INPUT ---        2 2 2 2 2 2 ;
  INPUT ---        2 2 2 2 2 ;
  INPUT ---        2 2 2 2 ;
  INPUT ---        2 2 2 ;
  INPUT ---        2 2 ;
  INPUT ---        2 ;

  INPUT ---    group=1 p    rows=6 cols=6 Triang ;
  INPUT ---        3 3 3 3 3 3 ;
  INPUT ---        3 3 3 3 3 ;
  INPUT ---        3 3 3 3 ;
  INPUT ---        3 3 3 ;
  INPUT ---        3 3 ;
  INPUT ---        3 ;

  INPUT ---    group=2 p    rows=6 cols=6 Triang ;
  INPUT ---        3 3 3 3 3 3 ;
  INPUT ---        3 3 3 3 3 ;
  INPUT ---        3 3 3 3 ;
  INPUT ---        3 3 3 ;
  INPUT ---        3 3 ;
  INPUT ---        3 ;

  INPUT ---    design matrix constraints=3 covariates=3;
  INPUT ---        1 0 0;
  INPUT ---        1 1 0;
  INPUT ---        0 0 1;

  INPUT ---    blabel(1)=Phi:(Intercept);


  Program  MARK  - Survival Rate Estimation with Capture-Recapture Data
   gfortran(Win64) Vers. 8.0 Jun 2014   21-Jan-2015 17:24:53    Page  003
 - - - - - - - - - - - - - - - - - - - - - - - - - - - - - - - - - - - - - -
 
  INPUT ---    blabel(2)=Phi:sexMale;

  INPUT ---    blabel(3)=p:(Intercept);

  INPUT ---    rlabel(1)=Phi gFemale c1 c1 a0 t1;

  INPUT ---    rlabel(2)=Phi gMale c1 c1 a0 t1;

  INPUT ---    rlabel(3)=p gFemale c1 c1 a1 t2;

 Link Function Used is LOGIT        

 Variance Estimation Procedure Used is 2ndPart 
 -2logL(saturated) = 582.47711     
 Effective Sample Size = 426

 Number of function evaluations was 15 for 3 parameters.
 Time for numerical optimization was 0.01 seconds.
 -2logL { Phi(~sex)p(~1) } = 666.67620     
 Penalty { Phi(~sex)p(~1) } = -0.0000000    
 Gradient { Phi(~sex)p(~1) }:
  0.9445240E-05 0.1053353E-04 0.3522458E-05
 S Vector { Phi(~sex)p(~1) }:
   133.2571      19.99459      9.372902    
 Time to compute number of parameters was 0.01 seconds.
   Threshold =  0.8000000E-07     Condition index =  0.7033697E-01     New Threshold =   16.23434    
 New Guessimate of Estimated Parameters { Phi(~sex)p(~1) } = 1          
 Conditioned S Vector { Phi(~sex)p(~1) }:
   1.000000     0.1500452     0.7033697E-01
 Number of Estimated Parameters { Phi(~sex)p(~1) } = 3          
 DEVIANCE { Phi(~sex)p(~1) } = 84.199093                     
 DEVIANCE Degrees of Freedom { Phi(~sex)p(~1) } = 38            
 c-hat { Phi(~sex)p(~1) } = 2.2157656                     
 AIC { Phi(~sex)p(~1) } = 672.67620                  
 AICc { Phi(~sex)p(~1) } = 672.73308                    
 BIC { Phi(~sex)p(~1) } = 684.83952                    
 Pearson Chisquare { Phi(~sex)p(~1) } = 183.82016                  
 Possible Encounter Histories { Phi(~sex)p(~1) } = 252             
 Pearson Chisquare df { Phi(~sex)p(~1) } = 237        
 Pearson chat { Phi(~sex)p(~1) } = 0.7756125                  
 Sum(Observed/Expected) { Phi(~sex)p(~1) } = 207.41142                  
 Fletcher chat { Phi(~sex)p(~1) } = 0.9423509                  


                      LOGIT Link Function Parameters of { Phi(~sex)p(~1) }
                                                              95% Confidence Interval
 Parameter                    Beta         Standard Error      Lower           Upper
 -------------------------  --------------  --------------  --------------  --------------
    1:Phi:(Intercept)       0.2036416       0.1397214       -0.0702124      0.4774957     
    2:Phi:sexMale           0.0792854       0.1973410       -0.3075030      0.4660739     
    3:p:(Intercept)         2.2274859       0.3251812       1.5901308       2.8648410     


                      Real Function Parameters of { Phi(~sex)p(~1) }
                                                               95% Confidence Interval
  Parameter                  Estimate       Standard Error      Lower           Upper
 --------------------------  --------------  --------------  --------------  --------------
     1:Phi gFemale c1 c1 a0  0.5507352       0.0345707       0.4824541       0.6171563                           
     2:Phi gMale c1 c1 a0 t  0.5702637       0.0353294       0.5000911       0.6377218                           
     3:p gFemale c1 c1 a1 t  0.9026907       0.0285640       0.8306345       0.9460808                           

     CPU Time in seconds for last procedure was 0.02

  Program  MARK  - Survival Rate Estimation with Capture-Recapture Data
   gfortran(Win64) Vers. 8.0 Jun 2014   21-Jan-2015 17:24:53    Page  004
 - - - - - - - - - - - - - - - - - - - - - - - - - - - - - - - - - - - - - -
 


  INPUT --- proc stop;

     CPU Time in minutes for this job was 0.00

     Time Start = 17:24:53.841   Time End = 17:24:53.863

     Wall Clock Time in minutes for this job was 0.00


          E X E C U T I O N   S U C C E S S F U L 
