
   Program  MARK  - Survival Rate Estimation with Capture-Recapture Data
   gfortran(Win64) Vers. 8.0 Jun 2014   31-Jan-2015 13:37:31    Page  001
 - - - - - - - - - - - - - - - - - - - - - - - - - - - - - - - - - - - - - -
 
   This version was compiled by GCC version 4.8.1 using the options 
   -m64 -mtune=generic -march=x86-64 -mthreads -O2 -fimplicit-none -fbounds-check -funroll-loops -ftree-vectorize -fopenmp.
   This problem will use 7 of 8 possible threads.


  INPUT --- proc title ;

     CPU Time in seconds for last procedure was 0.00


  INPUT --- proc chmatrix occasions= 7 groups= 6 etype= Both ICMeans 
  INPUT --- NoHist hist= 51 ;

  INPUT ---    time  interval 1 1 1 1 1 1 1 ;

  INPUT ---    glabel(1)=sex4.age1;

  INPUT ---    glabel(2)=sex5.age1;

  INPUT ---    glabel(3)=sex4.age2;

  INPUT ---    glabel(4)=sex5.age2;

  INPUT ---    glabel(5)=sex4.age4;

  INPUT ---    glabel(6)=sex5.age4;

   * *  WARNING  * *   At least a pair of the encounter histories are duplicates. 

      Number of unique encounter histories read was 17.

      Number of individual covariates read was 0.
      Time interval lengths are all equal to 1.

      Data type number is 3
      Data type is Joint Live and Dead Encounters (Burnham)                                                            

     CPU Time in seconds for last procedure was 0.00

  Program  MARK  - Survival Rate Estimation with Capture-Recapture Data
   gfortran(Win64) Vers. 8.0 Jun 2014   31-Jan-2015 13:37:31    Page  002
 - - - - - - - - - - - - - - - - - - - - - - - - - - - - - - - - - - - - - -
 


  INPUT --- proc estimate link=Logit NOLOOP varest=2ndPart    ;


  INPUT --- model={ S(~1)p(~age)r(~1)F(~age) };

  INPUT ---    group=1 S    rows=7 cols=7 Triang ;
  INPUT ---        1 1 1 1 1 1 1 ;
  INPUT ---        1 1 1 1 1 1 ;
  INPUT ---        1 1 1 1 1 ;
  INPUT ---        1 1 1 1 ;
  INPUT ---        1 1 1 ;
  INPUT ---        1 1 ;
  INPUT ---        1 ;

  INPUT ---    group=2 S    rows=7 cols=7 Triang ;
  INPUT ---        1 1 1 1 1 1 1 ;
  INPUT ---        1 1 1 1 1 1 ;
  INPUT ---        1 1 1 1 1 ;
  INPUT ---        1 1 1 1 ;
  INPUT ---        1 1 1 ;
  INPUT ---        1 1 ;
  INPUT ---        1 ;

  INPUT ---    group=3 S    rows=7 cols=7 Triang ;
  INPUT ---        1 1 1 1 1 1 1 ;
  INPUT ---        1 1 1 1 1 1 ;
  INPUT ---        1 1 1 1 1 ;
  INPUT ---        1 1 1 1 ;
  INPUT ---        1 1 1 ;
  INPUT ---        1 1 ;
  INPUT ---        1 ;

  INPUT ---    group=4 S    rows=7 cols=7 Triang ;
  INPUT ---        1 1 1 1 1 1 1 ;
  INPUT ---        1 1 1 1 1 1 ;
  INPUT ---        1 1 1 1 1 ;
  INPUT ---        1 1 1 1 ;
  INPUT ---        1 1 1 ;
  INPUT ---        1 1 ;
  INPUT ---        1 ;

  INPUT ---    group=5 S    rows=7 cols=7 Triang ;
  INPUT ---        1 1 1 1 1 1 1 ;
  INPUT ---        1 1 1 1 1 1 ;

  Program  MARK  - Survival Rate Estimation with Capture-Recapture Data
   gfortran(Win64) Vers. 8.0 Jun 2014   31-Jan-2015 13:37:31    Page  003
 - - - - - - - - - - - - - - - - - - - - - - - - - - - - - - - - - - - - - -
 
  INPUT ---        1 1 1 1 1 ;
  INPUT ---        1 1 1 1 ;
  INPUT ---        1 1 1 ;
  INPUT ---        1 1 ;
  INPUT ---        1 ;

  INPUT ---    group=6 S    rows=7 cols=7 Triang ;
  INPUT ---        1 1 1 1 1 1 1 ;
  INPUT ---        1 1 1 1 1 1 ;
  INPUT ---        1 1 1 1 1 ;
  INPUT ---        1 1 1 1 ;
  INPUT ---        1 1 1 ;
  INPUT ---        1 1 ;
  INPUT ---        1 ;

  INPUT ---    group=1 p    rows=6 cols=6 Triang ;
  INPUT ---        2 3 4 5 6 7 ;
  INPUT ---        2 3 4 5 6 ;
  INPUT ---        2 3 4 5 ;
  INPUT ---        2 3 4 ;
  INPUT ---        2 3 ;
  INPUT ---        2 ;

  INPUT ---    group=2 p    rows=6 cols=6 Triang ;
  INPUT ---        2 3 4 5 6 7 ;
  INPUT ---        2 3 4 5 6 ;
  INPUT ---        2 3 4 5 ;
  INPUT ---        2 3 4 ;
  INPUT ---        2 3 ;
  INPUT ---        2 ;

  INPUT ---    group=3 p    rows=6 cols=6 Triang ;
  INPUT ---        2 3 4 5 6 7 ;
  INPUT ---        2 3 4 5 6 ;
  INPUT ---        2 3 4 5 ;
  INPUT ---        2 3 4 ;
  INPUT ---        2 3 ;
  INPUT ---        2 ;

  INPUT ---    group=4 p    rows=6 cols=6 Triang ;
  INPUT ---        2 3 4 5 6 7 ;
  INPUT ---        2 3 4 5 6 ;
  INPUT ---        2 3 4 5 ;
  INPUT ---        2 3 4 ;
  INPUT ---        2 3 ;
  INPUT ---        2 ;

  Program  MARK  - Survival Rate Estimation with Capture-Recapture Data
   gfortran(Win64) Vers. 8.0 Jun 2014   31-Jan-2015 13:37:31    Page  004
 - - - - - - - - - - - - - - - - - - - - - - - - - - - - - - - - - - - - - -
 

  INPUT ---    group=5 p    rows=6 cols=6 Triang ;
  INPUT ---        2 3 4 5 6 7 ;
  INPUT ---        2 3 4 5 6 ;
  INPUT ---        2 3 4 5 ;
  INPUT ---        2 3 4 ;
  INPUT ---        2 3 ;
  INPUT ---        2 ;

  INPUT ---    group=6 p    rows=6 cols=6 Triang ;
  INPUT ---        2 3 4 5 6 7 ;
  INPUT ---        2 3 4 5 6 ;
  INPUT ---        2 3 4 5 ;
  INPUT ---        2 3 4 ;
  INPUT ---        2 3 ;
  INPUT ---        2 ;

  INPUT ---    group=1 r    rows=7 cols=7 Triang ;
  INPUT ---        8 8 8 8 8 8 8 ;
  INPUT ---        8 8 8 8 8 8 ;
  INPUT ---        8 8 8 8 8 ;
  INPUT ---        8 8 8 8 ;
  INPUT ---        8 8 8 ;
  INPUT ---        8 8 ;
  INPUT ---        8 ;

  INPUT ---    group=2 r    rows=7 cols=7 Triang ;
  INPUT ---        8 8 8 8 8 8 8 ;
  INPUT ---        8 8 8 8 8 8 ;
  INPUT ---        8 8 8 8 8 ;
  INPUT ---        8 8 8 8 ;
  INPUT ---        8 8 8 ;
  INPUT ---        8 8 ;
  INPUT ---        8 ;

  INPUT ---    group=3 r    rows=7 cols=7 Triang ;
  INPUT ---        8 8 8 8 8 8 8 ;
  INPUT ---        8 8 8 8 8 8 ;
  INPUT ---        8 8 8 8 8 ;
  INPUT ---        8 8 8 8 ;
  INPUT ---        8 8 8 ;
  INPUT ---        8 8 ;
  INPUT ---        8 ;

  INPUT ---    group=4 r    rows=7 cols=7 Triang ;
  INPUT ---        8 8 8 8 8 8 8 ;

  Program  MARK  - Survival Rate Estimation with Capture-Recapture Data
   gfortran(Win64) Vers. 8.0 Jun 2014   31-Jan-2015 13:37:31    Page  005
 - - - - - - - - - - - - - - - - - - - - - - - - - - - - - - - - - - - - - -
 
  INPUT ---        8 8 8 8 8 8 ;
  INPUT ---        8 8 8 8 8 ;
  INPUT ---        8 8 8 8 ;
  INPUT ---        8 8 8 ;
  INPUT ---        8 8 ;
  INPUT ---        8 ;

  INPUT ---    group=5 r    rows=7 cols=7 Triang ;
  INPUT ---        8 8 8 8 8 8 8 ;
  INPUT ---        8 8 8 8 8 8 ;
  INPUT ---        8 8 8 8 8 ;
  INPUT ---        8 8 8 8 ;
  INPUT ---        8 8 8 ;
  INPUT ---        8 8 ;
  INPUT ---        8 ;

  INPUT ---    group=6 r    rows=7 cols=7 Triang ;
  INPUT ---        8 8 8 8 8 8 8 ;
  INPUT ---        8 8 8 8 8 8 ;
  INPUT ---        8 8 8 8 8 ;
  INPUT ---        8 8 8 8 ;
  INPUT ---        8 8 8 ;
  INPUT ---        8 8 ;
  INPUT ---        8 ;

  INPUT ---    group=1 F    rows=6 cols=6 Triang ;
  INPUT ---        9 10 11 12 13 14 ;
  INPUT ---        9 10 11 12 13 ;
  INPUT ---        9 10 11 12 ;
  INPUT ---        9 10 11 ;
  INPUT ---        9 10 ;
  INPUT ---        9 ;

  INPUT ---    group=2 F    rows=6 cols=6 Triang ;
  INPUT ---        9 10 11 12 13 14 ;
  INPUT ---        9 10 11 12 13 ;
  INPUT ---        9 10 11 12 ;
  INPUT ---        9 10 11 ;
  INPUT ---        9 10 ;
  INPUT ---        9 ;

  INPUT ---    group=3 F    rows=6 cols=6 Triang ;
  INPUT ---        9 10 11 12 13 14 ;
  INPUT ---        9 10 11 12 13 ;
  INPUT ---        9 10 11 12 ;
  INPUT ---        9 10 11 ;

  Program  MARK  - Survival Rate Estimation with Capture-Recapture Data
   gfortran(Win64) Vers. 8.0 Jun 2014   31-Jan-2015 13:37:31    Page  006
 - - - - - - - - - - - - - - - - - - - - - - - - - - - - - - - - - - - - - -
 
  INPUT ---        9 10 ;
  INPUT ---        9 ;

  INPUT ---    group=4 F    rows=6 cols=6 Triang ;
  INPUT ---        9 10 11 12 13 14 ;
  INPUT ---        9 10 11 12 13 ;
  INPUT ---        9 10 11 12 ;
  INPUT ---        9 10 11 ;
  INPUT ---        9 10 ;
  INPUT ---        9 ;

  INPUT ---    group=5 F    rows=6 cols=6 Triang ;
  INPUT ---        9 10 11 12 13 14 ;
  INPUT ---        9 10 11 12 13 ;
  INPUT ---        9 10 11 12 ;
  INPUT ---        9 10 11 ;
  INPUT ---        9 10 ;
  INPUT ---        9 ;

  INPUT ---    group=6 F    rows=6 cols=6 Triang ;
  INPUT ---        9 10 11 12 13 14 ;
  INPUT ---        9 10 11 12 13 ;
  INPUT ---        9 10 11 12 ;
  INPUT ---        9 10 11 ;
  INPUT ---        9 10 ;
  INPUT ---        9 ;

  INPUT ---    design matrix constraints=14 covariates=14;
  INPUT ---        1 0 0 0 0 0 0 0 0 0 0 0 0 0;
  INPUT ---        0 1 0 0 0 0 0 0 0 0 0 0 0 0;
  INPUT ---        0 1 1 0 0 0 0 0 0 0 0 0 0 0;
  INPUT ---        0 1 0 1 0 0 0 0 0 0 0 0 0 0;
  INPUT ---        0 1 0 0 1 0 0 0 0 0 0 0 0 0;
  INPUT ---        0 1 0 0 0 1 0 0 0 0 0 0 0 0;
  INPUT ---        0 1 0 0 0 0 1 0 0 0 0 0 0 0;
  INPUT ---        0 0 0 0 0 0 0 1 0 0 0 0 0 0;
  INPUT ---        0 0 0 0 0 0 0 0 1 0 0 0 0 0;
  INPUT ---        0 0 0 0 0 0 0 0 1 1 0 0 0 0;
  INPUT ---        0 0 0 0 0 0 0 0 1 0 1 0 0 0;
  INPUT ---        0 0 0 0 0 0 0 0 1 0 0 1 0 0;
  INPUT ---        0 0 0 0 0 0 0 0 1 0 0 0 1 0;
  INPUT ---        0 0 0 0 0 0 0 0 1 0 0 0 0 1;

  INPUT ---    blabel(1)=S:(Intercept);

  INPUT ---    blabel(2)=p:(Intercept);

  Program  MARK  - Survival Rate Estimation with Capture-Recapture Data
   gfortran(Win64) Vers. 8.0 Jun 2014   31-Jan-2015 13:37:31    Page  007
 - - - - - - - - - - - - - - - - - - - - - - - - - - - - - - - - - - - - - -
 

  INPUT ---    blabel(3)=p:age2;

  INPUT ---    blabel(4)=p:age3;

  INPUT ---    blabel(5)=p:age4;

  INPUT ---    blabel(6)=p:age5;

  INPUT ---    blabel(7)=p:age6;

  INPUT ---    blabel(8)=r:(Intercept);

  INPUT ---    blabel(9)=F:(Intercept);

  INPUT ---    blabel(10)=F:age1;

  INPUT ---    blabel(11)=F:age2;

  INPUT ---    blabel(12)=F:age3;

  INPUT ---    blabel(13)=F:age4;

  INPUT ---    blabel(14)=F:age5;

  INPUT ---    rlabel(1)=S g41 c2005 c1 a0 t2005;

  INPUT ---    rlabel(2)=p g41 c2005 c1 a1 t2006;

  INPUT ---    rlabel(3)=p g41 c2005 c1 a2 t2007;

  INPUT ---    rlabel(4)=p g41 c2005 c1 a3 t2008;

  INPUT ---    rlabel(5)=p g41 c2005 c1 a4 t2009;

  INPUT ---    rlabel(6)=p g41 c2005 c1 a5 t2010;

  INPUT ---    rlabel(7)=p g41 c2005 c1 a6 t2011;

  INPUT ---    rlabel(8)=r g41 c2005 c1 a0 t2005;

  INPUT ---    rlabel(9)=F g41 c2005 c1 a0 t2005;

  INPUT ---    rlabel(10)=F g41 c2005 c1 a1 t2006;

  INPUT ---    rlabel(11)=F g41 c2005 c1 a2 t2007;

  Program  MARK  - Survival Rate Estimation with Capture-Recapture Data
   gfortran(Win64) Vers. 8.0 Jun 2014   31-Jan-2015 13:37:31    Page  008
 - - - - - - - - - - - - - - - - - - - - - - - - - - - - - - - - - - - - - -
 

  INPUT ---    rlabel(12)=F g41 c2005 c1 a3 t2008;

  INPUT ---    rlabel(13)=F g41 c2005 c1 a4 t2009;

  INPUT ---    rlabel(14)=F g41 c2005 c1 a5 t2010;

 Link Function Used is LOGIT        

 Variance Estimation Procedure Used is 2ndPart 

 M(t+1):



 -2logL(saturated) = 1739.8188     
 Effective Sample Size = 7075

 Number of function evaluations was 62 for 14 parameters.
 Time for numerical optimization was 0.89 seconds.
 -2logL { S(~1)p(~age)r(~1)F(~age) } = 2744.3637     
 Penalty { S(~1)p(~age)r(~1)F(~age) } = -0.0000000    
 Gradient { S(~1)p(~age)r(~1)F(~age) }:
  0.5851066E-03 0.9720177E-04-0.2050638E-03-0.8418452E-04-0.1568955E-03
   0.000000      0.000000     0.2332077E-01-0.2582220E-04-0.6945439E-05
 -0.1934119E-04  0.000000      0.000000      0.000000    
 S Vector { S(~1)p(~age)r(~1)F(~age) }:
   286.0613      33.09963      5.898214      1.358606     0.7171738    
  0.5243940     0.1967362E-04 0.5717240E-05 0.3992741E-05 0.9800332E-06
  0.1476238E-06 0.4956921E-07 0.1289646E-07 0.1130164E-07
 Time to compute number of parameters was 0.39 seconds.
   Threshold =  0.3000000E-06     Condition index =  0.3950774E-10     New Threshold =  0.4228685E-07
 New Guessimate of Estimated Parameters { S(~1)p(~age)r(~1)F(~age) } = 7          
 Conditioned S Vector { S(~1)p(~age)r(~1)F(~age) }:
   1.000000     0.1157082     0.2061870E-01 0.4749354E-02 0.2507063E-02
  0.1833153E-02 0.6877416E-07 0.1998607E-07 0.1395764E-07 0.3425955E-08
  0.5160564E-09 0.1732818E-09 0.4508285E-10 0.3950774E-10
 Number of Estimated Parameters { S(~1)p(~age)r(~1)F(~age) } = 6          
 DEVIANCE { S(~1)p(~age)r(~1)F(~age) } = 1004.5450                     
 DEVIANCE Degrees of Freedom { S(~1)p(~age)r(~1)F(~age) } = 9            
 c-hat { S(~1)p(~age)r(~1)F(~age) } = 111.61611                     
 AIC { S(~1)p(~age)r(~1)F(~age) } = 2756.3637                  
 AICc { S(~1)p(~age)r(~1)F(~age) } = 2756.3756                    
 BIC { S(~1)p(~age)r(~1)F(~age) } = 2797.5496                    
 Pearson Chisquare { S(~1)p(~age)r(~1)F(~age) } = Not a Number               
 Possible Encounter Histories { S(~1)p(~age)r(~1)F(~age) } = 896             
 Pearson Chisquare df { S(~1)p(~age)r(~1)F(~age) } = 854        
 Pearson chat { S(~1)p(~age)r(~1)F(~age) } = Not a Number               
 Sum(Observed/Expected) { S(~1)p(~age)r(~1)F(~age) } = Not a Number               
 Fletcher chat { S(~1)p(~age)r(~1)F(~age) } = Not a Number               


                 LOGIT Link Function Parameters of { S(~1)p(~age)r(~1)F(~age) }
                                                              95% Confidence Interval
 Parameter                    Beta         Standard Error      Lower           Upper
 -------------------------  --------------  --------------  --------------  --------------
    1:S:(Intercept)         -2.5751178      0.2259579       -3.0179953      -2.1322403    
    2:p:(Intercept)         -4.1462018      0.4645030       -5.0566277      -3.2357760    
    3:p:age2                1.6609577       0.8789279       -0.0617410      3.3836564     
    4:p:age3                2.7812258       1.2213707       0.3873392       5.1751125     
    5:p:age4                4.7966871       1.3061524       2.2366284       7.3567457     
    6:p:age5                -24.304169      0.0000000       -24.304169      -24.304169    
    7:p:age6                28.524251       0.0000000       28.524251       28.524251     

  Program  MARK  - Survival Rate Estimation with Capture-Recapture Data
   gfortran(Win64) Vers. 8.0 Jun 2014   31-Jan-2015 13:37:31    Page  009
 - - - - - - - - - - - - - - - - - - - - - - - - - - - - - - - - - - - - - -
 
    8:r:(Intercept)         -3.1026875      0.0592426       -3.2188031      -2.9865720    
    9:F:(Intercept)         59.661599       5029.0532       -9797.2828      9916.6060     
   10:F:age1                -45.524751      5057.1658       -9957.5698      9866.5203     
   11:F:age2                -46.716167      5031.0122       -9907.5004      9814.0680     
   12:F:age3                -19.714230      2474.7555       -4870.2350      4830.8066     
   13:F:age4                0.9947400       386.00470       -755.57449      757.56397     
   14:F:age5                2.1632020       0.0000000       2.1632020       2.1632020     


                 Real Function Parameters of { S(~1)p(~age)r(~1)F(~age) }
                                                               95% Confidence Interval
  Parameter                  Estimate       Standard Error      Lower           Upper
 --------------------------  --------------  --------------  --------------  --------------
     1:S g41 c2005 c1 a0 t2  0.0707571       0.0148568       0.0466195       0.1060025                           
     2:p g41 c2005 c1 a1 t2  0.0155779       0.0071233       0.0063267       0.0378414                           
     3:p g41 c2005 c1 a2 t2  0.0768991       0.0601239       0.0155912       0.3046713                           
     4:p g41 c2005 c1 a3 t2  0.2034328       0.1877072       0.0256974       0.7120536                           
     5:p g41 c2005 c1 a4 t2  0.6571198       0.2758695       0.1481352       0.9547943                           
     6:p g41 c2005 c1 a5 t2  0.4407183E-012  0.0000000       0.4407183E-012  0.4407183E-012                      
     7:p g41 c2005 c1 a6 t2  1.0000000       0.0000000       1.0000000       1.0000000                           
     8:r g41 c2005 c1 a0 t2  0.0429965       0.0024377       0.0384642       0.0480362                           
     9:F g41 c2005 c1 a0 t2  1.0000000       0.0000000       1.0000000       1.0000000                           
    10:F g41 c2005 c1 a1 t2  0.9999993       0.4226740E-003  0.1359620E-297  1.0000000                           
    11:F g41 c2005 c1 a2 t2  0.9999976       0.8005776E-003  0.1388062E-279  1.0000000                           
    12:F g41 c2005 c1 a3 t2  1.0000000       0.0000000       1.0000000       1.0000000                           
    13:F g41 c2005 c1 a4 t2  1.0000000       0.0000000       1.0000000       1.0000000                           
    14:F g41 c2005 c1 a5 t2  1.0000000       0.0000000       1.0000000       1.0000000                           

 Attempted ordering of parameters by estimatibility:
   8  1  2  3  4  5  9 13 11 14 12  7 10  6
 Beta number 6 is a singular value.

     CPU Time in seconds for last procedure was 1.29

  Program  MARK  - Survival Rate Estimation with Capture-Recapture Data
   gfortran(Win64) Vers. 8.0 Jun 2014   31-Jan-2015 13:37:31    Page  010
 - - - - - - - - - - - - - - - - - - - - - - - - - - - - - - - - - - - - - -
 


  INPUT --- proc stop;

     CPU Time in minutes for this job was 0.02

     Time Start = 13:37:31.198   Time End = 13:37:31.513

     Wall Clock Time in minutes for this job was 0.01


          E X E C U T I O N   S U C C E S S F U L 
