
   Program  MARK  - Survival Rate Estimation with Capture-Recapture Data
   gfortran(Win64) Vers. 8.0 Jun 2014   25-Jan-2015 15:11:24    Page  001
 - - - - - - - - - - - - - - - - - - - - - - - - - - - - - - - - - - - - - -
 
   This version was compiled by GCC version 4.8.1 using the options 
   -m64 -mtune=generic -march=x86-64 -mthreads -O2 -fimplicit-none -fbounds-check -funroll-loops -ftree-vectorize -fopenmp.
   This problem will use 7 of 8 possible threads.


  INPUT --- proc title ;

     CPU Time in seconds for last procedure was 0.00


  INPUT --- proc chmatrix occasions= 7 groups= 6 etype= Both ICMeans 
  INPUT --- NoHist hist= 51 ;

  INPUT ---    time  interval 1 1 1 1 1 1 1 ;

  INPUT ---    glabel(1)=sex4.age1;

  INPUT ---    glabel(2)=sex5.age1;

  INPUT ---    glabel(3)=sex4.age2;

  INPUT ---    glabel(4)=sex5.age2;

  INPUT ---    glabel(5)=sex4.age4;

  INPUT ---    glabel(6)=sex5.age4;

   * *  WARNING  * *   At least a pair of the encounter histories are duplicates. 

      Number of unique encounter histories read was 17.

      Number of individual covariates read was 0.
      Time interval lengths are all equal to 1.

      Data type number is 3
      Data type is Joint Live and Dead Encounters (Burnham)                                                            

     CPU Time in seconds for last procedure was 0.00

  Program  MARK  - Survival Rate Estimation with Capture-Recapture Data
   gfortran(Win64) Vers. 8.0 Jun 2014   25-Jan-2015 15:11:24    Page  002
 - - - - - - - - - - - - - - - - - - - - - - - - - - - - - - - - - - - - - -
 


  INPUT --- proc estimate link=Logit NOLOOP varest=2ndPart    ;


  INPUT --- model={ S(~sex)p(~age)r(~age + sex)F(~1) };

  INPUT ---    group=1 S    rows=7 cols=7 Triang ;
  INPUT ---        1 1 1 1 1 1 1 ;
  INPUT ---        1 1 1 1 1 1 ;
  INPUT ---        1 1 1 1 1 ;
  INPUT ---        1 1 1 1 ;
  INPUT ---        1 1 1 ;
  INPUT ---        1 1 ;
  INPUT ---        1 ;

  INPUT ---    group=2 S    rows=7 cols=7 Triang ;
  INPUT ---        2 2 2 2 2 2 2 ;
  INPUT ---        2 2 2 2 2 2 ;
  INPUT ---        2 2 2 2 2 ;
  INPUT ---        2 2 2 2 ;
  INPUT ---        2 2 2 ;
  INPUT ---        2 2 ;
  INPUT ---        2 ;

  INPUT ---    group=3 S    rows=7 cols=7 Triang ;
  INPUT ---        1 1 1 1 1 1 1 ;
  INPUT ---        1 1 1 1 1 1 ;
  INPUT ---        1 1 1 1 1 ;
  INPUT ---        1 1 1 1 ;
  INPUT ---        1 1 1 ;
  INPUT ---        1 1 ;
  INPUT ---        1 ;

  INPUT ---    group=4 S    rows=7 cols=7 Triang ;
  INPUT ---        2 2 2 2 2 2 2 ;
  INPUT ---        2 2 2 2 2 2 ;
  INPUT ---        2 2 2 2 2 ;
  INPUT ---        2 2 2 2 ;
  INPUT ---        2 2 2 ;
  INPUT ---        2 2 ;
  INPUT ---        2 ;

  INPUT ---    group=5 S    rows=7 cols=7 Triang ;
  INPUT ---        1 1 1 1 1 1 1 ;
  INPUT ---        1 1 1 1 1 1 ;

  Program  MARK  - Survival Rate Estimation with Capture-Recapture Data
   gfortran(Win64) Vers. 8.0 Jun 2014   25-Jan-2015 15:11:24    Page  003
 - - - - - - - - - - - - - - - - - - - - - - - - - - - - - - - - - - - - - -
 
  INPUT ---        1 1 1 1 1 ;
  INPUT ---        1 1 1 1 ;
  INPUT ---        1 1 1 ;
  INPUT ---        1 1 ;
  INPUT ---        1 ;

  INPUT ---    group=6 S    rows=7 cols=7 Triang ;
  INPUT ---        2 2 2 2 2 2 2 ;
  INPUT ---        2 2 2 2 2 2 ;
  INPUT ---        2 2 2 2 2 ;
  INPUT ---        2 2 2 2 ;
  INPUT ---        2 2 2 ;
  INPUT ---        2 2 ;
  INPUT ---        2 ;

  INPUT ---    group=1 p    rows=6 cols=6 Triang ;
  INPUT ---        3 4 5 6 7 8 ;
  INPUT ---        3 4 5 6 7 ;
  INPUT ---        3 4 5 6 ;
  INPUT ---        3 4 5 ;
  INPUT ---        3 4 ;
  INPUT ---        3 ;

  INPUT ---    group=2 p    rows=6 cols=6 Triang ;
  INPUT ---        3 4 5 6 7 8 ;
  INPUT ---        3 4 5 6 7 ;
  INPUT ---        3 4 5 6 ;
  INPUT ---        3 4 5 ;
  INPUT ---        3 4 ;
  INPUT ---        3 ;

  INPUT ---    group=3 p    rows=6 cols=6 Triang ;
  INPUT ---        3 4 5 6 7 8 ;
  INPUT ---        3 4 5 6 7 ;
  INPUT ---        3 4 5 6 ;
  INPUT ---        3 4 5 ;
  INPUT ---        3 4 ;
  INPUT ---        3 ;

  INPUT ---    group=4 p    rows=6 cols=6 Triang ;
  INPUT ---        3 4 5 6 7 8 ;
  INPUT ---        3 4 5 6 7 ;
  INPUT ---        3 4 5 6 ;
  INPUT ---        3 4 5 ;
  INPUT ---        3 4 ;
  INPUT ---        3 ;

  Program  MARK  - Survival Rate Estimation with Capture-Recapture Data
   gfortran(Win64) Vers. 8.0 Jun 2014   25-Jan-2015 15:11:24    Page  004
 - - - - - - - - - - - - - - - - - - - - - - - - - - - - - - - - - - - - - -
 

  INPUT ---    group=5 p    rows=6 cols=6 Triang ;
  INPUT ---        3 4 5 6 7 8 ;
  INPUT ---        3 4 5 6 7 ;
  INPUT ---        3 4 5 6 ;
  INPUT ---        3 4 5 ;
  INPUT ---        3 4 ;
  INPUT ---        3 ;

  INPUT ---    group=6 p    rows=6 cols=6 Triang ;
  INPUT ---        3 4 5 6 7 8 ;
  INPUT ---        3 4 5 6 7 ;
  INPUT ---        3 4 5 6 ;
  INPUT ---        3 4 5 ;
  INPUT ---        3 4 ;
  INPUT ---        3 ;

  INPUT ---    group=1 r    rows=7 cols=7 Triang ;
  INPUT ---        9 10 11 12 13 14 15 ;
  INPUT ---        9 10 11 12 13 14 ;
  INPUT ---        9 10 11 12 13 ;
  INPUT ---        9 10 11 12 ;
  INPUT ---        9 10 11 ;
  INPUT ---        9 10 ;
  INPUT ---        9 ;

  INPUT ---    group=2 r    rows=7 cols=7 Triang ;
  INPUT ---        16 17 18 19 20 21 22 ;
  INPUT ---        16 17 18 19 20 21 ;
  INPUT ---        16 17 18 19 20 ;
  INPUT ---        16 17 18 19 ;
  INPUT ---        16 17 18 ;
  INPUT ---        16 17 ;
  INPUT ---        16 ;

  INPUT ---    group=3 r    rows=7 cols=7 Triang ;
  INPUT ---        9 10 11 12 13 14 15 ;
  INPUT ---        9 10 11 12 13 14 ;
  INPUT ---        9 10 11 12 13 ;
  INPUT ---        9 10 11 12 ;
  INPUT ---        9 10 11 ;
  INPUT ---        9 10 ;
  INPUT ---        9 ;

  INPUT ---    group=4 r    rows=7 cols=7 Triang ;
  INPUT ---        16 17 18 19 20 21 22 ;

  Program  MARK  - Survival Rate Estimation with Capture-Recapture Data
   gfortran(Win64) Vers. 8.0 Jun 2014   25-Jan-2015 15:11:24    Page  005
 - - - - - - - - - - - - - - - - - - - - - - - - - - - - - - - - - - - - - -
 
  INPUT ---        16 17 18 19 20 21 ;
  INPUT ---        16 17 18 19 20 ;
  INPUT ---        16 17 18 19 ;
  INPUT ---        16 17 18 ;
  INPUT ---        16 17 ;
  INPUT ---        16 ;

  INPUT ---    group=5 r    rows=7 cols=7 Triang ;
  INPUT ---        9 10 11 12 13 14 15 ;
  INPUT ---        9 10 11 12 13 14 ;
  INPUT ---        9 10 11 12 13 ;
  INPUT ---        9 10 11 12 ;
  INPUT ---        9 10 11 ;
  INPUT ---        9 10 ;
  INPUT ---        9 ;

  INPUT ---    group=6 r    rows=7 cols=7 Triang ;
  INPUT ---        16 17 18 19 20 21 22 ;
  INPUT ---        16 17 18 19 20 21 ;
  INPUT ---        16 17 18 19 20 ;
  INPUT ---        16 17 18 19 ;
  INPUT ---        16 17 18 ;
  INPUT ---        16 17 ;
  INPUT ---        16 ;

  INPUT ---    group=1 F    rows=6 cols=6 Triang ;
  INPUT ---        23 23 23 23 23 23 ;
  INPUT ---        23 23 23 23 23 ;
  INPUT ---        23 23 23 23 ;
  INPUT ---        23 23 23 ;
  INPUT ---        23 23 ;
  INPUT ---        23 ;

  INPUT ---    group=2 F    rows=6 cols=6 Triang ;
  INPUT ---        23 23 23 23 23 23 ;
  INPUT ---        23 23 23 23 23 ;
  INPUT ---        23 23 23 23 ;
  INPUT ---        23 23 23 ;
  INPUT ---        23 23 ;
  INPUT ---        23 ;

  INPUT ---    group=3 F    rows=6 cols=6 Triang ;
  INPUT ---        23 23 23 23 23 23 ;
  INPUT ---        23 23 23 23 23 ;
  INPUT ---        23 23 23 23 ;
  INPUT ---        23 23 23 ;

  Program  MARK  - Survival Rate Estimation with Capture-Recapture Data
   gfortran(Win64) Vers. 8.0 Jun 2014   25-Jan-2015 15:11:24    Page  006
 - - - - - - - - - - - - - - - - - - - - - - - - - - - - - - - - - - - - - -
 
  INPUT ---        23 23 ;
  INPUT ---        23 ;

  INPUT ---    group=4 F    rows=6 cols=6 Triang ;
  INPUT ---        23 23 23 23 23 23 ;
  INPUT ---        23 23 23 23 23 ;
  INPUT ---        23 23 23 23 ;
  INPUT ---        23 23 23 ;
  INPUT ---        23 23 ;
  INPUT ---        23 ;

  INPUT ---    group=5 F    rows=6 cols=6 Triang ;
  INPUT ---        23 23 23 23 23 23 ;
  INPUT ---        23 23 23 23 23 ;
  INPUT ---        23 23 23 23 ;
  INPUT ---        23 23 23 ;
  INPUT ---        23 23 ;
  INPUT ---        23 ;

  INPUT ---    group=6 F    rows=6 cols=6 Triang ;
  INPUT ---        23 23 23 23 23 23 ;
  INPUT ---        23 23 23 23 23 ;
  INPUT ---        23 23 23 23 ;
  INPUT ---        23 23 23 ;
  INPUT ---        23 23 ;
  INPUT ---        23 ;

  INPUT ---    design matrix constraints=23 covariates=17;
  INPUT ---        1 0 0 0 0 0 0 0 0 0 0 0 0 0 0 0 0;
  INPUT ---        1 1 0 0 0 0 0 0 0 0 0 0 0 0 0 0 0;
  INPUT ---        0 0 1 0 0 0 0 0 0 0 0 0 0 0 0 0 0;
  INPUT ---        0 0 1 1 0 0 0 0 0 0 0 0 0 0 0 0 0;
  INPUT ---        0 0 1 0 1 0 0 0 0 0 0 0 0 0 0 0 0;
  INPUT ---        0 0 1 0 0 1 0 0 0 0 0 0 0 0 0 0 0;
  INPUT ---        0 0 1 0 0 0 1 0 0 0 0 0 0 0 0 0 0;
  INPUT ---        0 0 1 0 0 0 0 1 0 0 0 0 0 0 0 0 0;
  INPUT ---        0 0 0 0 0 0 0 0 1 0 0 0 0 0 0 0 0;
  INPUT ---        0 0 0 0 0 0 0 0 1 1 0 0 0 0 0 0 0;
  INPUT ---        0 0 0 0 0 0 0 0 1 0 1 0 0 0 0 0 0;
  INPUT ---        0 0 0 0 0 0 0 0 1 0 0 1 0 0 0 0 0;
  INPUT ---        0 0 0 0 0 0 0 0 1 0 0 0 1 0 0 0 0;
  INPUT ---        0 0 0 0 0 0 0 0 1 0 0 0 0 1 0 0 0;
  INPUT ---        0 0 0 0 0 0 0 0 1 0 0 0 0 0 1 0 0;
  INPUT ---        0 0 0 0 0 0 0 0 1 0 0 0 0 0 0 1 0;
  INPUT ---        0 0 0 0 0 0 0 0 1 1 0 0 0 0 0 1 0;
  INPUT ---        0 0 0 0 0 0 0 0 1 0 1 0 0 0 0 1 0;

  Program  MARK  - Survival Rate Estimation with Capture-Recapture Data
   gfortran(Win64) Vers. 8.0 Jun 2014   25-Jan-2015 15:11:24    Page  007
 - - - - - - - - - - - - - - - - - - - - - - - - - - - - - - - - - - - - - -
 
  INPUT ---        0 0 0 0 0 0 0 0 1 0 0 1 0 0 0 1 0;
  INPUT ---        0 0 0 0 0 0 0 0 1 0 0 0 1 0 0 1 0;
  INPUT ---        0 0 0 0 0 0 0 0 1 0 0 0 0 1 0 1 0;
  INPUT ---        0 0 0 0 0 0 0 0 1 0 0 0 0 0 1 1 0;
  INPUT ---        0 0 0 0 0 0 0 0 0 0 0 0 0 0 0 0 1;

  INPUT ---    blabel(1)=S:(Intercept);

  INPUT ---    blabel(2)=S:sex5;

  INPUT ---    blabel(3)=p:(Intercept);

  INPUT ---    blabel(4)=p:age2;

  INPUT ---    blabel(5)=p:age3;

  INPUT ---    blabel(6)=p:age4;

  INPUT ---    blabel(7)=p:age5;

  INPUT ---    blabel(8)=p:age6;

  INPUT ---    blabel(9)=r:(Intercept);

  INPUT ---    blabel(10)=r:age1;

  INPUT ---    blabel(11)=r:age2;

  INPUT ---    blabel(12)=r:age3;

  INPUT ---    blabel(13)=r:age4;

  INPUT ---    blabel(14)=r:age5;

  INPUT ---    blabel(15)=r:age6;

  INPUT ---    blabel(16)=r:sex5;

  INPUT ---    blabel(17)=F:(Intercept);

  INPUT ---    rlabel(1)=S g41 c2005 c1 a0 t2005;

  INPUT ---    rlabel(2)=S g51 c2005 c1 a0 t2005;

  INPUT ---    rlabel(3)=p g41 c2005 c1 a1 t2006;


  Program  MARK  - Survival Rate Estimation with Capture-Recapture Data
   gfortran(Win64) Vers. 8.0 Jun 2014   25-Jan-2015 15:11:24    Page  008
 - - - - - - - - - - - - - - - - - - - - - - - - - - - - - - - - - - - - - -
 
  INPUT ---    rlabel(4)=p g41 c2005 c1 a2 t2007;

  INPUT ---    rlabel(5)=p g41 c2005 c1 a3 t2008;

  INPUT ---    rlabel(6)=p g41 c2005 c1 a4 t2009;

  INPUT ---    rlabel(7)=p g41 c2005 c1 a5 t2010;

  INPUT ---    rlabel(8)=p g41 c2005 c1 a6 t2011;

  INPUT ---    rlabel(9)=r g41 c2005 c1 a0 t2005;

  INPUT ---    rlabel(10)=r g41 c2005 c1 a1 t2006;

  INPUT ---    rlabel(11)=r g41 c2005 c1 a2 t2007;

  INPUT ---    rlabel(12)=r g41 c2005 c1 a3 t2008;

  INPUT ---    rlabel(13)=r g41 c2005 c1 a4 t2009;

  INPUT ---    rlabel(14)=r g41 c2005 c1 a5 t2010;

  INPUT ---    rlabel(15)=r g41 c2005 c1 a6 t2011;

  INPUT ---    rlabel(16)=r g51 c2005 c1 a0 t2005;

  INPUT ---    rlabel(17)=r g51 c2005 c1 a1 t2006;

  INPUT ---    rlabel(18)=r g51 c2005 c1 a2 t2007;

  INPUT ---    rlabel(19)=r g51 c2005 c1 a3 t2008;

  INPUT ---    rlabel(20)=r g51 c2005 c1 a4 t2009;

  INPUT ---    rlabel(21)=r g51 c2005 c1 a5 t2010;

  INPUT ---    rlabel(22)=r g51 c2005 c1 a6 t2011;

  INPUT ---    rlabel(23)=F g41 c2005 c1 a0 t2005;

 Link Function Used is LOGIT        

 Variance Estimation Procedure Used is 2ndPart 

 M(t+1):

  Program  MARK  - Survival Rate Estimation with Capture-Recapture Data
   gfortran(Win64) Vers. 8.0 Jun 2014   25-Jan-2015 15:11:24    Page  009
 - - - - - - - - - - - - - - - - - - - - - - - - - - - - - - - - - - - - - -
 



 -2logL(saturated) = 1739.8188     
 Effective Sample Size = 7075

 Number of function evaluations was 155 for 17 parameters.
 Time for numerical optimization was 2.84 seconds.
 -2logL { S(~sex)p(~age)r(~age + sex)F(~1) } = 2683.8487     
 Penalty { S(~sex)p(~age)r(~age + sex)F(~1) } = -0.0000000    
 Gradient { S(~sex)p(~age)r(~age + sex)F(~1) }:
  0.2726051E-04-0.4270934E-04 0.3376687E-04-0.3763287E-04  0.000000    
 -0.3438820E-04  0.000000    -0.6372690E-06-0.3690988E-04 0.8379227E-05
   0.000000      0.000000      0.000000     0.3415909E-05  0.000000    
   0.000000    -0.1286192E-05
 S Vector { S(~sex)p(~age)r(~age + sex)F(~1) }:
   414.7645      59.18995      50.91675      7.732098      5.486151    
   1.771035      1.257258     0.9731375     0.6083541     0.3368534E-05
  0.1834957E-05 0.1603966E-05 0.5720718E-07 0.2030226E-07 0.9158355E-08
  0.7596275E-08 0.1408135E-08
 Time to compute number of parameters was 0.47 seconds.
   Threshold =  0.3600000E-06     Condition index =  0.3395023E-11     New Threshold =  0.5805890E-08
 New Guessimate of Estimated Parameters { S(~sex)p(~age)r(~age + sex)F(~1) } = 10          
 Conditioned S Vector { S(~sex)p(~age)r(~age + sex)F(~1) }:
   1.000000     0.1427074     0.1227606     0.1864214E-01 0.1322715E-01
  0.4269978E-02 0.3031258E-02 0.2346241E-02 0.1466746E-02 0.8121559E-08
  0.4424094E-08 0.3867174E-08 0.1379269E-09 0.4894889E-10 0.2208085E-10
  0.1831467E-10 0.3395023E-11
 Number of Estimated Parameters { S(~sex)p(~age)r(~age + sex)F(~1) } = 9          
 DEVIANCE { S(~sex)p(~age)r(~age + sex)F(~1) } = 944.03000                     
 DEVIANCE Degrees of Freedom { S(~sex)p(~age)r(~age + sex)F(~1) } = 6            
 c-hat { S(~sex)p(~age)r(~age + sex)F(~1) } = 157.33833                     
 AIC { S(~sex)p(~age)r(~age + sex)F(~1) } = 2701.8487                  
 AICc { S(~sex)p(~age)r(~age + sex)F(~1) } = 2701.8742                    
 BIC { S(~sex)p(~age)r(~age + sex)F(~1) } = 2763.6277                    
 Pearson Chisquare { S(~sex)p(~age)r(~age + sex)F(~1) } = Not a Number               
 Possible Encounter Histories { S(~sex)p(~age)r(~age + sex)F(~1) } = 896             
 Pearson Chisquare df { S(~sex)p(~age)r(~age + sex)F(~1) } = 851        
 Pearson chat { S(~sex)p(~age)r(~age + sex)F(~1) } = Not a Number               
 Sum(Observed/Expected) { S(~sex)p(~age)r(~age + sex)F(~1) } = Not a Number               
 Fletcher chat { S(~sex)p(~age)r(~age + sex)F(~1) } = Not a Number               


             LOGIT Link Function Parameters of { S(~sex)p(~age)r(~age + sex)F(~1) }
                                                              95% Confidence Interval
 Parameter                    Beta         Standard Error      Lower           Upper
 -------------------------  --------------  --------------  --------------  --------------
    1:S:(Intercept)         -0.6681542      0.2770499       -1.2111720      -0.1251364    
    2:S:sex5                -0.0647493      0.3133162       -0.6788492      0.5493505     
    3:p:(Intercept)         -5.7336323      0.4391601       -6.5943861      -4.8728785    
    4:p:age2                0.2083781       0.8339616       -1.4261867      1.8429429     
    5:p:age3                0.8587559       1.1313795       -1.3587481      3.0762598     
    6:p:age4                2.9671806       0.9809191       1.0445792       4.8897819     
    7:p:age5                -8.9241582      545.49526       -1078.0949      1060.2466     
    8:p:age6                70.358772       719.02766       -1338.9355      1479.6530     
    9:r:(Intercept)         -2.6961437      0.1323868       -2.9556219      -2.4366656    
   10:r:age1                -4.4270797      1.0160826       -6.4186016      -2.4355578    
   11:r:age2                -26.929813      4116.4643       -8095.1999      8041.3403     
   12:r:age3                -58.961728      6677.8453       -13147.539      13029.615     
   13:r:age4                -33.109579      2100.2018       -4149.5051      4083.2860     
   14:r:age5                -12.312631      790.53426       -1561.7598      1537.1345     

  Program  MARK  - Survival Rate Estimation with Capture-Recapture Data
   gfortran(Win64) Vers. 8.0 Jun 2014   25-Jan-2015 15:11:25    Page  010
 - - - - - - - - - - - - - - - - - - - - - - - - - - - - - - - - - - - - - -
 
   15:r:age6                -10.537458      739.94519       -1460.8301      1439.7551     
   16:r:sex5                -0.0027094      0.1628367       -0.3218693      0.3164505     
   17:F:(Intercept)         34.356106       514.23348       -973.54153      1042.2537     


             Real Function Parameters of { S(~sex)p(~age)r(~age + sex)F(~1) }
                                                               95% Confidence Interval
  Parameter                  Estimate       Standard Error      Lower           Upper
 --------------------------  --------------  --------------  --------------  --------------
     1:S g41 c2005 c1 a0 t2  0.3389103       0.0620731       0.2294937       0.4687567                           
     2:S g51 c2005 c1 a0 t2  0.3245579       0.0640936       0.2131652       0.4601209                           
     3:p g41 c2005 c1 a1 t2  0.0032249       0.0014117       0.0013662       0.0075932                           
     4:p g41 c2005 c1 a2 t2  0.0039690       0.0030727       0.8678163E-003  0.0179536                           
     5:p g41 c2005 c1 a3 t2  0.0075782       0.0083680       0.8617413E-003  0.0633248                           
     6:p g41 c2005 c1 a4 t2  0.0591642       0.0549224       0.0090102       0.3031048                           
     7:p g41 c2005 c1 a5 t2  0.4307272E-006  0.2349595E-003  0.4246833E-310  1.0000000                           
     8:p g41 c2005 c1 a6 t2  1.0000000       0.0000000       1.0000000       1.0000000                           
     9:r g41 c2005 c1 a0 t2  0.0632013       0.0078382       0.0494715       0.0804192                           
    10:r g41 c2005 c1 a1 t2  0.8055146E-003  0.8108415E-003  0.1119019E-003  0.0057736                           
    11:r g41 c2005 c1 a2 t2  0.1360224E-012  0.5599313E-009  -.1097329E-008  0.1097601E-008                      
    12:r g41 c2005 c1 a3 t2  0.1668501E-026  0.1114199E-022  -.2183663E-022  0.2183997E-022                      
    13:r g41 c2005 c1 a4 t2  0.2816905E-015  0.5916069E-012  -.1159268E-011  0.1159831E-011                      
    14:r g41 c2005 c1 a5 t2  0.3032297E-006  0.2397134E-003  0.2989748E-310  1.0000000                           
    15:r g41 c2005 c1 a6 t2  0.1789448E-005  0.0013241       0.1764341E-309  1.0000000                           
    16:r g51 c2005 c1 a0 t2  0.0630411       0.0077414       0.0494661       0.0800277                           
    17:r g51 c2005 c1 a1 t2  0.8033368E-003  0.8083462E-003  0.1116823E-003  0.0057538                           
    18:r g51 c2005 c1 a2 t2  0.1356544E-012  0.5584163E-009  -.1094360E-008  0.1094632E-008                      
    19:r g51 c2005 c1 a3 t2  0.1663986E-026  0.1111184E-022  -.2177755E-022  0.2178088E-022                      
    20:r g51 c2005 c1 a4 t2  0.2809283E-015  0.5900061E-012  -.1156131E-011  0.1156693E-011                      
    21:r g51 c2005 c1 a5 t2  0.3024093E-006  0.2390648E-003  0.2981659E-310  1.0000000                           
    22:r g51 c2005 c1 a6 t2  0.1784606E-005  0.0013205       0.1759567E-309  1.0000000                           
    23:F g41 c2005 c1 a0 t2  1.0000000       0.5709138E-012  1.0000000       1.0000000                           

 Attempted ordering of parameters by estimatibility:
   9 16  1  2  3  4  6 10  5  7 15 14 11 12 13 17  8
 Beta number 8 is a singular value.

     CPU Time in seconds for last procedure was 3.32

  Program  MARK  - Survival Rate Estimation with Capture-Recapture Data
   gfortran(Win64) Vers. 8.0 Jun 2014   25-Jan-2015 15:11:25    Page  011
 - - - - - - - - - - - - - - - - - - - - - - - - - - - - - - - - - - - - - -
 


  INPUT --- proc stop;

     CPU Time in minutes for this job was 0.06

     Time Start = 15:11:24.334   Time End = 15:11:25.108

     Wall Clock Time in minutes for this job was 0.01


          E X E C U T I O N   S U C C E S S F U L 
