
   Program  MARK  - Survival Rate Estimation with Capture-Recapture Data
   gfortran(Win64) Vers. 8.0 Jun 2014   31-Jan-2015 14:08:54    Page  001
 - - - - - - - - - - - - - - - - - - - - - - - - - - - - - - - - - - - - - -
 
   This version was compiled by GCC version 4.8.1 using the options 
   -m64 -mtune=generic -march=x86-64 -mthreads -O2 -fimplicit-none -fbounds-check -funroll-loops -ftree-vectorize -fopenmp.
   This problem will use 7 of 8 possible threads.


  INPUT --- proc title ;

     CPU Time in seconds for last procedure was 0.00


  INPUT --- proc chmatrix occasions= 7 groups= 6 etype= Both ICMeans 
  INPUT --- NoHist hist= 51 ;

  INPUT ---    time  interval 1 1 1 1 1 1 1 ;

  INPUT ---    glabel(1)=sex4.age1;

  INPUT ---    glabel(2)=sex5.age1;

  INPUT ---    glabel(3)=sex4.age2;

  INPUT ---    glabel(4)=sex5.age2;

  INPUT ---    glabel(5)=sex4.age4;

  INPUT ---    glabel(6)=sex5.age4;

   * *  WARNING  * *   At least a pair of the encounter histories are duplicates. 

      Number of unique encounter histories read was 17.

      Number of individual covariates read was 0.
      Time interval lengths are all equal to 1.

      Data type number is 3
      Data type is Joint Live and Dead Encounters (Burnham)                                                            

     CPU Time in seconds for last procedure was 0.00

  Program  MARK  - Survival Rate Estimation with Capture-Recapture Data
   gfortran(Win64) Vers. 8.0 Jun 2014   31-Jan-2015 14:08:54    Page  002
 - - - - - - - - - - - - - - - - - - - - - - - - - - - - - - - - - - - - - -
 


  INPUT --- proc estimate link=Logit NOLOOP varest=2ndPart    ;


  INPUT --- model={ S(~sex)p(~time)r(~1)F(~1) };

  INPUT ---    group=1 S    rows=7 cols=7 Triang ;
  INPUT ---        1 1 1 1 1 1 1 ;
  INPUT ---        1 1 1 1 1 1 ;
  INPUT ---        1 1 1 1 1 ;
  INPUT ---        1 1 1 1 ;
  INPUT ---        1 1 1 ;
  INPUT ---        1 1 ;
  INPUT ---        1 ;

  INPUT ---    group=2 S    rows=7 cols=7 Triang ;
  INPUT ---        2 2 2 2 2 2 2 ;
  INPUT ---        2 2 2 2 2 2 ;
  INPUT ---        2 2 2 2 2 ;
  INPUT ---        2 2 2 2 ;
  INPUT ---        2 2 2 ;
  INPUT ---        2 2 ;
  INPUT ---        2 ;

  INPUT ---    group=3 S    rows=7 cols=7 Triang ;
  INPUT ---        1 1 1 1 1 1 1 ;
  INPUT ---        1 1 1 1 1 1 ;
  INPUT ---        1 1 1 1 1 ;
  INPUT ---        1 1 1 1 ;
  INPUT ---        1 1 1 ;
  INPUT ---        1 1 ;
  INPUT ---        1 ;

  INPUT ---    group=4 S    rows=7 cols=7 Triang ;
  INPUT ---        2 2 2 2 2 2 2 ;
  INPUT ---        2 2 2 2 2 2 ;
  INPUT ---        2 2 2 2 2 ;
  INPUT ---        2 2 2 2 ;
  INPUT ---        2 2 2 ;
  INPUT ---        2 2 ;
  INPUT ---        2 ;

  INPUT ---    group=5 S    rows=7 cols=7 Triang ;
  INPUT ---        1 1 1 1 1 1 1 ;
  INPUT ---        1 1 1 1 1 1 ;

  Program  MARK  - Survival Rate Estimation with Capture-Recapture Data
   gfortran(Win64) Vers. 8.0 Jun 2014   31-Jan-2015 14:08:54    Page  003
 - - - - - - - - - - - - - - - - - - - - - - - - - - - - - - - - - - - - - -
 
  INPUT ---        1 1 1 1 1 ;
  INPUT ---        1 1 1 1 ;
  INPUT ---        1 1 1 ;
  INPUT ---        1 1 ;
  INPUT ---        1 ;

  INPUT ---    group=6 S    rows=7 cols=7 Triang ;
  INPUT ---        2 2 2 2 2 2 2 ;
  INPUT ---        2 2 2 2 2 2 ;
  INPUT ---        2 2 2 2 2 ;
  INPUT ---        2 2 2 2 ;
  INPUT ---        2 2 2 ;
  INPUT ---        2 2 ;
  INPUT ---        2 ;

  INPUT ---    group=1 p    rows=6 cols=6 Triang ;
  INPUT ---        3 4 5 6 7 8 ;
  INPUT ---        4 5 6 7 8 ;
  INPUT ---        5 6 7 8 ;
  INPUT ---        6 7 8 ;
  INPUT ---        7 8 ;
  INPUT ---        8 ;

  INPUT ---    group=2 p    rows=6 cols=6 Triang ;
  INPUT ---        3 4 5 6 7 8 ;
  INPUT ---        4 5 6 7 8 ;
  INPUT ---        5 6 7 8 ;
  INPUT ---        6 7 8 ;
  INPUT ---        7 8 ;
  INPUT ---        8 ;

  INPUT ---    group=3 p    rows=6 cols=6 Triang ;
  INPUT ---        3 4 5 6 7 8 ;
  INPUT ---        4 5 6 7 8 ;
  INPUT ---        5 6 7 8 ;
  INPUT ---        6 7 8 ;
  INPUT ---        7 8 ;
  INPUT ---        8 ;

  INPUT ---    group=4 p    rows=6 cols=6 Triang ;
  INPUT ---        3 4 5 6 7 8 ;
  INPUT ---        4 5 6 7 8 ;
  INPUT ---        5 6 7 8 ;
  INPUT ---        6 7 8 ;
  INPUT ---        7 8 ;
  INPUT ---        8 ;

  Program  MARK  - Survival Rate Estimation with Capture-Recapture Data
   gfortran(Win64) Vers. 8.0 Jun 2014   31-Jan-2015 14:08:54    Page  004
 - - - - - - - - - - - - - - - - - - - - - - - - - - - - - - - - - - - - - -
 

  INPUT ---    group=5 p    rows=6 cols=6 Triang ;
  INPUT ---        3 4 5 6 7 8 ;
  INPUT ---        4 5 6 7 8 ;
  INPUT ---        5 6 7 8 ;
  INPUT ---        6 7 8 ;
  INPUT ---        7 8 ;
  INPUT ---        8 ;

  INPUT ---    group=6 p    rows=6 cols=6 Triang ;
  INPUT ---        3 4 5 6 7 8 ;
  INPUT ---        4 5 6 7 8 ;
  INPUT ---        5 6 7 8 ;
  INPUT ---        6 7 8 ;
  INPUT ---        7 8 ;
  INPUT ---        8 ;

  INPUT ---    group=1 r    rows=7 cols=7 Triang ;
  INPUT ---        9 9 9 9 9 9 9 ;
  INPUT ---        9 9 9 9 9 9 ;
  INPUT ---        9 9 9 9 9 ;
  INPUT ---        9 9 9 9 ;
  INPUT ---        9 9 9 ;
  INPUT ---        9 9 ;
  INPUT ---        9 ;

  INPUT ---    group=2 r    rows=7 cols=7 Triang ;
  INPUT ---        9 9 9 9 9 9 9 ;
  INPUT ---        9 9 9 9 9 9 ;
  INPUT ---        9 9 9 9 9 ;
  INPUT ---        9 9 9 9 ;
  INPUT ---        9 9 9 ;
  INPUT ---        9 9 ;
  INPUT ---        9 ;

  INPUT ---    group=3 r    rows=7 cols=7 Triang ;
  INPUT ---        9 9 9 9 9 9 9 ;
  INPUT ---        9 9 9 9 9 9 ;
  INPUT ---        9 9 9 9 9 ;
  INPUT ---        9 9 9 9 ;
  INPUT ---        9 9 9 ;
  INPUT ---        9 9 ;
  INPUT ---        9 ;

  INPUT ---    group=4 r    rows=7 cols=7 Triang ;
  INPUT ---        9 9 9 9 9 9 9 ;

  Program  MARK  - Survival Rate Estimation with Capture-Recapture Data
   gfortran(Win64) Vers. 8.0 Jun 2014   31-Jan-2015 14:08:54    Page  005
 - - - - - - - - - - - - - - - - - - - - - - - - - - - - - - - - - - - - - -
 
  INPUT ---        9 9 9 9 9 9 ;
  INPUT ---        9 9 9 9 9 ;
  INPUT ---        9 9 9 9 ;
  INPUT ---        9 9 9 ;
  INPUT ---        9 9 ;
  INPUT ---        9 ;

  INPUT ---    group=5 r    rows=7 cols=7 Triang ;
  INPUT ---        9 9 9 9 9 9 9 ;
  INPUT ---        9 9 9 9 9 9 ;
  INPUT ---        9 9 9 9 9 ;
  INPUT ---        9 9 9 9 ;
  INPUT ---        9 9 9 ;
  INPUT ---        9 9 ;
  INPUT ---        9 ;

  INPUT ---    group=6 r    rows=7 cols=7 Triang ;
  INPUT ---        9 9 9 9 9 9 9 ;
  INPUT ---        9 9 9 9 9 9 ;
  INPUT ---        9 9 9 9 9 ;
  INPUT ---        9 9 9 9 ;
  INPUT ---        9 9 9 ;
  INPUT ---        9 9 ;
  INPUT ---        9 ;

  INPUT ---    group=1 F    rows=6 cols=6 Triang ;
  INPUT ---        10 10 10 10 10 10 ;
  INPUT ---        10 10 10 10 10 ;
  INPUT ---        10 10 10 10 ;
  INPUT ---        10 10 10 ;
  INPUT ---        10 10 ;
  INPUT ---        10 ;

  INPUT ---    group=2 F    rows=6 cols=6 Triang ;
  INPUT ---        10 10 10 10 10 10 ;
  INPUT ---        10 10 10 10 10 ;
  INPUT ---        10 10 10 10 ;
  INPUT ---        10 10 10 ;
  INPUT ---        10 10 ;
  INPUT ---        10 ;

  INPUT ---    group=3 F    rows=6 cols=6 Triang ;
  INPUT ---        10 10 10 10 10 10 ;
  INPUT ---        10 10 10 10 10 ;
  INPUT ---        10 10 10 10 ;
  INPUT ---        10 10 10 ;

  Program  MARK  - Survival Rate Estimation with Capture-Recapture Data
   gfortran(Win64) Vers. 8.0 Jun 2014   31-Jan-2015 14:08:54    Page  006
 - - - - - - - - - - - - - - - - - - - - - - - - - - - - - - - - - - - - - -
 
  INPUT ---        10 10 ;
  INPUT ---        10 ;

  INPUT ---    group=4 F    rows=6 cols=6 Triang ;
  INPUT ---        10 10 10 10 10 10 ;
  INPUT ---        10 10 10 10 10 ;
  INPUT ---        10 10 10 10 ;
  INPUT ---        10 10 10 ;
  INPUT ---        10 10 ;
  INPUT ---        10 ;

  INPUT ---    group=5 F    rows=6 cols=6 Triang ;
  INPUT ---        10 10 10 10 10 10 ;
  INPUT ---        10 10 10 10 10 ;
  INPUT ---        10 10 10 10 ;
  INPUT ---        10 10 10 ;
  INPUT ---        10 10 ;
  INPUT ---        10 ;

  INPUT ---    group=6 F    rows=6 cols=6 Triang ;
  INPUT ---        10 10 10 10 10 10 ;
  INPUT ---        10 10 10 10 10 ;
  INPUT ---        10 10 10 10 ;
  INPUT ---        10 10 10 ;
  INPUT ---        10 10 ;
  INPUT ---        10 ;

  INPUT ---    design matrix constraints=10 covariates=10;
  INPUT ---        1 0 0 0 0 0 0 0 0 0;
  INPUT ---        1 1 0 0 0 0 0 0 0 0;
  INPUT ---        0 0 1 0 0 0 0 0 0 0;
  INPUT ---        0 0 1 1 0 0 0 0 0 0;
  INPUT ---        0 0 1 0 1 0 0 0 0 0;
  INPUT ---        0 0 1 0 0 1 0 0 0 0;
  INPUT ---        0 0 1 0 0 0 1 0 0 0;
  INPUT ---        0 0 1 0 0 0 0 1 0 0;
  INPUT ---        0 0 0 0 0 0 0 0 1 0;
  INPUT ---        0 0 0 0 0 0 0 0 0 1;

  INPUT ---    blabel(1)=S:(Intercept);

  INPUT ---    blabel(2)=S:sex5;

  INPUT ---    blabel(3)=p:(Intercept);

  INPUT ---    blabel(4)=p:time2007;

  Program  MARK  - Survival Rate Estimation with Capture-Recapture Data
   gfortran(Win64) Vers. 8.0 Jun 2014   31-Jan-2015 14:08:54    Page  007
 - - - - - - - - - - - - - - - - - - - - - - - - - - - - - - - - - - - - - -
 

  INPUT ---    blabel(5)=p:time2008;

  INPUT ---    blabel(6)=p:time2009;

  INPUT ---    blabel(7)=p:time2010;

  INPUT ---    blabel(8)=p:time2011;

  INPUT ---    blabel(9)=r:(Intercept);

  INPUT ---    blabel(10)=F:(Intercept);

  INPUT ---    rlabel(1)=S g41 c2005 c1 a0 t2005;

  INPUT ---    rlabel(2)=S g51 c2005 c1 a0 t2005;

  INPUT ---    rlabel(3)=p g41 c2005 c1 a1 t2006;

  INPUT ---    rlabel(4)=p g41 c2005 c1 a2 t2007;

  INPUT ---    rlabel(5)=p g41 c2005 c1 a3 t2008;

  INPUT ---    rlabel(6)=p g41 c2005 c1 a4 t2009;

  INPUT ---    rlabel(7)=p g41 c2005 c1 a5 t2010;

  INPUT ---    rlabel(8)=p g41 c2005 c1 a6 t2011;

  INPUT ---    rlabel(9)=r g41 c2005 c1 a0 t2005;

  INPUT ---    rlabel(10)=F g41 c2005 c1 a0 t2005;

 Link Function Used is LOGIT        

 Variance Estimation Procedure Used is 2ndPart 

 M(t+1):



 -2logL(saturated) = 1739.8188     
 Effective Sample Size = 7075

 Number of function evaluations was 41 for 10 parameters.
 Time for numerical optimization was 0.47 seconds.

  Program  MARK  - Survival Rate Estimation with Capture-Recapture Data
   gfortran(Win64) Vers. 8.0 Jun 2014   31-Jan-2015 14:08:54    Page  008
 - - - - - - - - - - - - - - - - - - - - - - - - - - - - - - - - - - - - - -
 
 -2logL { S(~sex)p(~time)r(~1)F(~1) } = 2793.5532     
 Penalty { S(~sex)p(~time)r(~1)F(~1) } = -0.0000000    
 Gradient { S(~sex)p(~time)r(~1)F(~1) }:
  0.1911702E-04-0.3813893E-04-0.6132798E-04-0.2748668E-05-0.3475164E-04
   0.000000    -0.2289166E-04  0.000000    -0.2321014E-03-0.1897555E-04
 S Vector { S(~sex)p(~time)r(~1)F(~1) }:
   286.2423      37.31678      6.522563      5.193720      2.052516    
   1.056069     0.9341867     0.5276080E-06 0.1179459E-06 0.8203267E-08
 Time to compute number of parameters was 0.17 seconds.
   Threshold =  0.2200000E-06     Condition index =  0.2865847E-10     New Threshold =  0.2594101E-07
 New Guessimate of Estimated Parameters { S(~sex)p(~time)r(~1)F(~1) } = 7          
 Conditioned S Vector { S(~sex)p(~time)r(~1)F(~1) }:
   1.000000     0.1303678     0.2278686E-01 0.1814449E-01 0.7170552E-02
  0.3689422E-02 0.3263622E-02 0.1843222E-08 0.4120492E-09 0.2865847E-10
 Number of Estimated Parameters { S(~sex)p(~time)r(~1)F(~1) } = 7          
 DEVIANCE { S(~sex)p(~time)r(~1)F(~1) } = 1053.7345                     
 DEVIANCE Degrees of Freedom { S(~sex)p(~time)r(~1)F(~1) } = 8            
 c-hat { S(~sex)p(~time)r(~1)F(~1) } = 131.71681                     
 AIC { S(~sex)p(~time)r(~1)F(~1) } = 2807.5532                  
 AICc { S(~sex)p(~time)r(~1)F(~1) } = 2807.5691                    
 BIC { S(~sex)p(~time)r(~1)F(~1) } = 2855.6035                    
 Pearson Chisquare { S(~sex)p(~time)r(~1)F(~1) } = Not a Number               
 Possible Encounter Histories { S(~sex)p(~time)r(~1)F(~1) } = 896             
 Pearson Chisquare df { S(~sex)p(~time)r(~1)F(~1) } = 853        
 Pearson chat { S(~sex)p(~time)r(~1)F(~1) } = Not a Number               
 Sum(Observed/Expected) { S(~sex)p(~time)r(~1)F(~1) } = Not a Number               
 Fletcher chat { S(~sex)p(~time)r(~1)F(~1) } = Not a Number               


                LOGIT Link Function Parameters of { S(~sex)p(~time)r(~1)F(~1) }
                                                              95% Confidence Interval
 Parameter                    Beta         Standard Error      Lower           Upper
 -------------------------  --------------  --------------  --------------  --------------
    1:S:(Intercept)         -3.7575120      0.3169874       -4.3788073      -3.1362167    
    2:S:sex5                -0.1923443      0.3801472       -0.9374329      0.5527442     
    3:p:(Intercept)         -18.279015      688.41519       -1367.5728      1331.0148     
    4:p:time2007            15.544284       688.41640       -1333.7519      1364.8404     
    5:p:time2008            16.011330       688.41565       -1333.2834      1365.3060     
    6:p:time2009            -4.7714955      2862.8433       -5615.9446      5606.4016     
    7:p:time2010            16.878680       688.41506       -1332.4149      1366.1722     
    8:p:time2011            42.513537       531.29538       -998.82544      1083.8525     
    9:r:(Intercept)         -3.1144486      0.0591185       -3.2303209      -2.9985763    
   10:F:(Intercept)         1.3964909       1.0199469       -0.6026051      3.3955869     


                Real Function Parameters of { S(~sex)p(~time)r(~1)F(~1) }
                                                               95% Confidence Interval
  Parameter                  Estimate       Standard Error      Lower           Upper
 --------------------------  --------------  --------------  --------------  --------------
     1:S g41 c2005 c1 a0 t2  0.0228093       0.0070654       0.0123850       0.0416378                           
     2:S g51 c2005 c1 a0 t2  0.0188936       0.0061536       0.0099468       0.0355986                           
     3:p g41 c2005 c1 a1 t2  0.1152191E-007  0.7931858E-005  0.1136023E-311  1.0000000                           
     4:p g41 c2005 c1 a2 t2  0.0609548       0.0616591       0.0077979       0.3490116                           
     5:p g41 c2005 c1 a3 t2  0.0938348       0.0677674       0.0212531       0.3305721                           
     6:p g41 c2005 c1 a4 t2  0.9756416E-010  0.2865303E-006  -.5615019E-006  0.5616970E-006                      
     7:p g41 c2005 c1 a5 t2  0.1977629       0.1001548       0.0667542       0.4593350                           
     8:p g41 c2005 c1 a6 t2  1.0000000       0.2581342E-007  0.9999999       1.0000001                           
     9:r g41 c2005 c1 a0 t2  0.0425152       0.0024066       0.0380405       0.0474902                           

  Program  MARK  - Survival Rate Estimation with Capture-Recapture Data
   gfortran(Win64) Vers. 8.0 Jun 2014   31-Jan-2015 14:08:54    Page  009
 - - - - - - - - - - - - - - - - - - - - - - - - - - - - - - - - - - - - - -
 
    10:F g41 c2005 c1 a0 t2  0.8016265       0.1621935       0.3537479       0.9675663                           

 Attempted ordering of parameters by estimatibility:
   9  1  2  3  7 10  5  4  6  8
 Beta number 8 is a singular value.

     CPU Time in seconds for last procedure was 0.66


  INPUT --- proc stop;

     CPU Time in minutes for this job was 0.01

     Time Start = 14:08:54.371   Time End = 14:08:54.543

     Wall Clock Time in minutes for this job was 0.00


          E X E C U T I O N   S U C C E S S F U L 
