
   Program  MARK  - Survival Rate Estimation with Capture-Recapture Data
   gfortran(Win64) Vers. 8.0 Jun 2014   21-Jan-2015 17:34:11    Page  001
 - - - - - - - - - - - - - - - - - - - - - - - - - - - - - - - - - - - - - -
 
   This version was compiled by GCC version 4.8.1 using the options 
   -m64 -mtune=generic -march=x86-64 -mthreads -O2 -fimplicit-none -fbounds-check -funroll-loops -ftree-vectorize -fopenmp.
   This problem will use 3 of 4 possible threads.


  INPUT --- proc title ;

     CPU Time in seconds for last procedure was 0.00


  INPUT --- proc chmatrix occasions= 7 groups= 2 etype= Live ICMeans 
  INPUT --- NoHist hist= 55 ;

  INPUT ---    time  interval 1 1 1 1 1 1 ;

  INPUT ---    glabel(1)=sexFemale;

  INPUT ---    glabel(2)=sexMale;

   * *  WARNING  * *   At least a pair of the encounter histories are duplicates. 

      Number of unique encounter histories read was 32.

      Number of individual covariates read was 0.
      Time interval lengths are all equal to 1.

      Data type number is 1
      Data type is Live Recaptures (CJS)                                                                               

     CPU Time in seconds for last procedure was 0.00

  Program  MARK  - Survival Rate Estimation with Capture-Recapture Data
   gfortran(Win64) Vers. 8.0 Jun 2014   21-Jan-2015 17:34:11    Page  002
 - - - - - - - - - - - - - - - - - - - - - - - - - - - - - - - - - - - - - -
 


  INPUT --- proc estimate link=Logit NOLOOP varest=2ndPart    ;


  INPUT --- model={ Phi(~time)p(~sex * time) };

  INPUT ---    fixed=1;
  INPUT ---        parm(18)=1 ;

  INPUT ---    group=1 Phi    rows=6 cols=6 Triang ;
  INPUT ---        1 2 3 4 5 18 ;
  INPUT ---        2 3 4 5 18 ;
  INPUT ---        3 4 5 18 ;
  INPUT ---        4 5 18 ;
  INPUT ---        5 18 ;
  INPUT ---        18 ;

  INPUT ---    group=2 Phi    rows=6 cols=6 Triang ;
  INPUT ---        1 2 3 4 5 18 ;
  INPUT ---        2 3 4 5 18 ;
  INPUT ---        3 4 5 18 ;
  INPUT ---        4 5 18 ;
  INPUT ---        5 18 ;
  INPUT ---        18 ;

  INPUT ---    group=1 p    rows=6 cols=6 Triang ;
  INPUT ---        6 7 8 9 10 11 ;
  INPUT ---        7 8 9 10 11 ;
  INPUT ---        8 9 10 11 ;
  INPUT ---        9 10 11 ;
  INPUT ---        10 11 ;
  INPUT ---        11 ;

  INPUT ---    group=2 p    rows=6 cols=6 Triang ;
  INPUT ---        12 13 14 15 16 17 ;
  INPUT ---        13 14 15 16 17 ;
  INPUT ---        14 15 16 17 ;
  INPUT ---        15 16 17 ;
  INPUT ---        16 17 ;
  INPUT ---        17 ;

  INPUT ---    design matrix constraints=18 covariates=17;
  INPUT ---        1 0 0 0 0 0 0 0 0 0 0 0 0 0 0 0 0;
  INPUT ---        1 1 0 0 0 0 0 0 0 0 0 0 0 0 0 0 0;
  INPUT ---        1 0 1 0 0 0 0 0 0 0 0 0 0 0 0 0 0;

  Program  MARK  - Survival Rate Estimation with Capture-Recapture Data
   gfortran(Win64) Vers. 8.0 Jun 2014   21-Jan-2015 17:34:11    Page  003
 - - - - - - - - - - - - - - - - - - - - - - - - - - - - - - - - - - - - - -
 
  INPUT ---        1 0 0 1 0 0 0 0 0 0 0 0 0 0 0 0 0;
  INPUT ---        1 0 0 0 1 0 0 0 0 0 0 0 0 0 0 0 0;
  INPUT ---        0 0 0 0 0 1 0 0 0 0 0 0 0 0 0 0 0;
  INPUT ---        0 0 0 0 0 1 0 1 0 0 0 0 0 0 0 0 0;
  INPUT ---        0 0 0 0 0 1 0 0 1 0 0 0 0 0 0 0 0;
  INPUT ---        0 0 0 0 0 1 0 0 0 1 0 0 0 0 0 0 0;
  INPUT ---        0 0 0 0 0 1 0 0 0 0 1 0 0 0 0 0 0;
  INPUT ---        0 0 0 0 0 1 0 0 0 0 0 1 0 0 0 0 0;
  INPUT ---        0 0 0 0 0 1 1 0 0 0 0 0 0 0 0 0 0;
  INPUT ---        0 0 0 0 0 1 1 1 0 0 0 0 1 0 0 0 0;
  INPUT ---        0 0 0 0 0 1 1 0 1 0 0 0 0 1 0 0 0;
  INPUT ---        0 0 0 0 0 1 1 0 0 1 0 0 0 0 1 0 0;
  INPUT ---        0 0 0 0 0 1 1 0 0 0 1 0 0 0 0 1 0;
  INPUT ---        0 0 0 0 0 1 1 0 0 0 0 1 0 0 0 0 1;
  INPUT ---        0 0 0 0 0 0 0 0 0 0 0 0 0 0 0 0 0;

  INPUT ---    blabel(1)=Phi:(Intercept);

  INPUT ---    blabel(2)=Phi:time2;

  INPUT ---    blabel(3)=Phi:time3;

  INPUT ---    blabel(4)=Phi:time4;

  INPUT ---    blabel(5)=Phi:time5;

  INPUT ---    blabel(6)=p:(Intercept);

  INPUT ---    blabel(7)=p:sexMale;

  INPUT ---    blabel(8)=p:time3;

  INPUT ---    blabel(9)=p:time4;

  INPUT ---    blabel(10)=p:time5;

  INPUT ---    blabel(11)=p:time6;

  INPUT ---    blabel(12)=p:time7;

  INPUT ---    blabel(13)=p:sexMale:time3;

  INPUT ---    blabel(14)=p:sexMale:time4;

  INPUT ---    blabel(15)=p:sexMale:time5;


  Program  MARK  - Survival Rate Estimation with Capture-Recapture Data
   gfortran(Win64) Vers. 8.0 Jun 2014   21-Jan-2015 17:34:11    Page  004
 - - - - - - - - - - - - - - - - - - - - - - - - - - - - - - - - - - - - - -
 
  INPUT ---    blabel(16)=p:sexMale:time6;

  INPUT ---    blabel(17)=p:sexMale:time7;

  INPUT ---    rlabel(1)=Phi gFemale c1 c1 a0 t1;

  INPUT ---    rlabel(2)=Phi gFemale c1 c1 a1 t2;

  INPUT ---    rlabel(3)=Phi gFemale c1 c1 a2 t3;

  INPUT ---    rlabel(4)=Phi gFemale c1 c1 a3 t4;

  INPUT ---    rlabel(5)=Phi gFemale c1 c1 a4 t5;

  INPUT ---    rlabel(6)=p gFemale c1 c1 a1 t2;

  INPUT ---    rlabel(7)=p gFemale c1 c1 a2 t3;

  INPUT ---    rlabel(8)=p gFemale c1 c1 a3 t4;

  INPUT ---    rlabel(9)=p gFemale c1 c1 a4 t5;

  INPUT ---    rlabel(10)=p gFemale c1 c1 a5 t6;

  INPUT ---    rlabel(11)=p gFemale c1 c1 a6 t7;

  INPUT ---    rlabel(12)=p gMale c1 c1 a1 t2;

  INPUT ---    rlabel(13)=p gMale c1 c1 a2 t3;

  INPUT ---    rlabel(14)=p gMale c1 c1 a3 t4;

  INPUT ---    rlabel(15)=p gMale c1 c1 a4 t5;

  INPUT ---    rlabel(16)=p gMale c1 c1 a5 t6;

  INPUT ---    rlabel(17)=p gMale c1 c1 a6 t7;

  INPUT ---    rlabel(18)=Phi gFemale c1 c1 a5 t6;

 Link Function Used is LOGIT        

 Variance Estimation Procedure Used is 2ndPart 
 -2logL(saturated) = 582.47711     
 Effective Sample Size = 426

 Number of function evaluations was 45 for 17 parameters.

  Program  MARK  - Survival Rate Estimation with Capture-Recapture Data
   gfortran(Win64) Vers. 8.0 Jun 2014   21-Jan-2015 17:34:11    Page  005
 - - - - - - - - - - - - - - - - - - - - - - - - - - - - - - - - - - - - - -
 
 Time for numerical optimization was 0.08 seconds.
 -2logL { Phi(~time)p(~sex * time) } = 654.53351     
 Penalty { Phi(~time)p(~sex * time) } = -0.0000000    
 Gradient { Phi(~time)p(~sex * time) }:
  0.1181664E-04 0.1556415E-04 0.5659619E-05  0.000000    -0.7455681E-05
 -0.6368840E-05-0.1030863E-04  0.000000    -0.4501295E-05-0.5186682E-05
  0.1183388E-04 0.1224166E-04  0.000000    -0.1108522E-04  0.000000    
  0.1938765E-04-0.8752835E-05
 S Vector { Phi(~time)p(~sex * time) }:
   98.60709      66.74673      19.54772      17.01338      15.43864    
   10.38880      7.504919      2.830771      2.439444      1.391999    
   1.009015     0.6647392     0.5057439     0.3793192     0.2207968    
  0.7318082E-01 0.1111664E-06
 Time to compute number of parameters was 0.09 seconds.
   Threshold =  0.3600000E-06     Condition index =  0.1127367E-08     New Threshold =  0.4583509E-06
 New Guessimate of Estimated Parameters { Phi(~time)p(~sex * time) } = 16          
 Conditioned S Vector { Phi(~time)p(~sex * time) }:
   1.000000     0.6768958     0.1982385     0.1725371     0.1565673    
  0.1053556     0.7610932E-01 0.2870758E-01 0.2473903E-01 0.1411662E-01
  0.1023268E-01 0.6741292E-02 0.5128880E-02 0.3846774E-02 0.2239157E-02
  0.7421456E-03 0.1127367E-08
 Number of Estimated Parameters { Phi(~time)p(~sex * time) } = 16          
 DEVIANCE { Phi(~time)p(~sex * time) } = 72.056401                     
 DEVIANCE Degrees of Freedom { Phi(~time)p(~sex * time) } = 25            
 c-hat { Phi(~time)p(~sex * time) } = 2.8822560                     
 AIC { Phi(~time)p(~sex * time) } = 686.53351                  
 AICc { Phi(~time)p(~sex * time) } = 687.86359                    
 BIC { Phi(~time)p(~sex * time) } = 751.40454                    
 Pearson Chisquare { Phi(~time)p(~sex * time) } = 178.07381                  
 Possible Encounter Histories { Phi(~time)p(~sex * time) } = 252             
 Pearson Chisquare df { Phi(~time)p(~sex * time) } = 224        
 Pearson chat { Phi(~time)p(~sex * time) } = 0.7949724                  
 Sum(Observed/Expected) { Phi(~time)p(~sex * time) } = 211.65675                  
 Fletcher chat { Phi(~time)p(~sex * time) } = 0.9464997                  


                 LOGIT Link Function Parameters of { Phi(~time)p(~sex * time) }
                                                              95% Confidence Interval
 Parameter                    Beta         Standard Error      Lower           Upper
 -------------------------  --------------  --------------  --------------  --------------
    1:Phi:(Intercept)       0.9241825       0.7592846       -0.5640155      2.4123804     
    2:Phi:time2             -1.1913215      0.8610638       -2.8790066      0.4963635     
    3:Phi:time3             -1.0087366      0.7955008       -2.5679181      0.5504450     
    4:Phi:time4             -0.4117156      0.8000848       -1.9798817      1.1564506     
    5:Phi:time5             -0.5248351      0.7941366       -2.0813429      1.0316726     
    6:p:(Intercept)         0.7850479       1.0156377       -1.2056019      2.7756978     
    7:p:sexMale             0.1028318       1.2979058       -2.4410636      2.6467272     
    8:p:time3               1.1235350       1.4319919       -1.6831692      3.9302392     
    9:p:time4               1.5256475       1.4402214       -1.2971866      4.3484816     
   10:p:time5               1.1918991       1.2498309       -1.2577695      3.6415677     
   11:p:time6               1.8820692       1.4321084       -0.9248633      4.6890017     
   12:p:time7               -0.8573758      1.0539981       -2.9232122      1.2084606     
   13:p:sexMale:time3       15.642528       2999.2535       -5862.8944      5894.1795     
   14:p:sexMale:time4       -0.0255710      1.9285652       -3.8055589      3.7544168     
   15:p:sexMale:time5       0.4680731       1.7838408       -3.0282550      3.9644013     
   16:p:sexMale:time6       -0.1727756      1.9173653       -3.9308117      3.5852604     
   17:p:sexMale:time7       0.2988574       1.3600055       -2.3667536      2.9644683     

  Program  MARK  - Survival Rate Estimation with Capture-Recapture Data
   gfortran(Win64) Vers. 8.0 Jun 2014   21-Jan-2015 17:34:11    Page  006
 - - - - - - - - - - - - - - - - - - - - - - - - - - - - - - - - - - - - - -
 


                 Real Function Parameters of { Phi(~time)p(~sex * time) }
                                                               95% Confidence Interval
  Parameter                  Estimate       Standard Error      Lower           Upper
 --------------------------  --------------  --------------  --------------  --------------
     1:Phi gFemale c1 c1 a0  0.7158935       0.1544309       0.3626189       0.9177665                           
     2:Phi gFemale c1 c1 a1  0.4336096       0.0679646       0.3079875       0.5683854                           
     3:Phi gFemale c1 c1 a2  0.4788741       0.0596495       0.3651588       0.5948216                           
     4:Phi gFemale c1 c1 a3  0.6253846       0.0590955       0.5045168       0.7324064                           
     5:Phi gFemale c1 c1 a4  0.5985308       0.0559115       0.4858266       0.7016994                           
     6:p gFemale c1 c1 a1 t  0.6867670       0.2184820       0.2304802       0.9413484                           
     7:p gFemale c1 c1 a2 t  0.8708599       0.1142937       0.4791814       0.9801692                           
     8:p gFemale c1 c1 a3 t  0.9097590       0.0838472       0.5766227       0.9867767                           
     9:p gFemale c1 c1 a4 t  0.8783553       0.0778289       0.6339634       0.9678491                           
    10:p gFemale c1 c1 a5 t  0.9350582       0.0613116       0.6655584       0.9904920                           
    11:p gFemale c1 c1 a6 t  0.4819259       0.0703510       0.3487357       0.6177350                           
    12:p gMale c1 c1 a1 t2   0.7084524       0.2105520       0.2478487       0.9471439                           
    13:p gMale c1 c1 a2 t3   1.0000000       0.6456592E-004  0.4580075E-296  1.0000000                           
    14:p gMale c1 c1 a3 t4   0.9159043       0.0789016       0.5939133       0.9878205                           
    15:p gMale c1 c1 a4 t5   0.9274291       0.0682110       0.6367879       0.9893791                           
    16:p gMale c1 c1 a5 t6   0.9306794       0.0655614       0.6468882       0.9899388                           
    17:p gMale c1 c1 a6 t7   0.5816040       0.0713809       0.4389118       0.7118328                           
    18:Phi gFemale c1 c1 a5  1.0000000       0.0000000       1.0000000       1.0000000       Fixed               

 Attempted ordering of parameters by estimatibility:
   1  6  5  3  4  7 12 10 11 17  9  2 15  8 16 14 13
 Beta number 13 is a singular value.

     CPU Time in seconds for last procedure was 0.17

  Program  MARK  - Survival Rate Estimation with Capture-Recapture Data
   gfortran(Win64) Vers. 8.0 Jun 2014   21-Jan-2015 17:34:11    Page  007
 - - - - - - - - - - - - - - - - - - - - - - - - - - - - - - - - - - - - - -
 


  INPUT --- proc stop;

     CPU Time in minutes for this job was 0.00

     Time Start = 17:34:11.571   Time End = 17:34:11.687

     Wall Clock Time in minutes for this job was 0.00


          E X E C U T I O N   S U C C E S S F U L 
