
   Program  MARK  - Survival Rate Estimation with Capture-Recapture Data
   gfortran(Win64) Vers. 8.0 Jun 2014   25-Jan-2015 15:11:15    Page  001
 - - - - - - - - - - - - - - - - - - - - - - - - - - - - - - - - - - - - - -
 
   This version was compiled by GCC version 4.8.1 using the options 
   -m64 -mtune=generic -march=x86-64 -mthreads -O2 -fimplicit-none -fbounds-check -funroll-loops -ftree-vectorize -fopenmp.
   This problem will use 7 of 8 possible threads.


  INPUT --- proc title ;

     CPU Time in seconds for last procedure was 0.00


  INPUT --- proc chmatrix occasions= 7 groups= 6 etype= Both ICMeans 
  INPUT --- NoHist hist= 51 ;

  INPUT ---    time  interval 1 1 1 1 1 1 1 ;

  INPUT ---    glabel(1)=sex4.age1;

  INPUT ---    glabel(2)=sex5.age1;

  INPUT ---    glabel(3)=sex4.age2;

  INPUT ---    glabel(4)=sex5.age2;

  INPUT ---    glabel(5)=sex4.age4;

  INPUT ---    glabel(6)=sex5.age4;

   * *  WARNING  * *   At least a pair of the encounter histories are duplicates. 

      Number of unique encounter histories read was 17.

      Number of individual covariates read was 0.
      Time interval lengths are all equal to 1.

      Data type number is 3
      Data type is Joint Live and Dead Encounters (Burnham)                                                            

     CPU Time in seconds for last procedure was 0.00

  Program  MARK  - Survival Rate Estimation with Capture-Recapture Data
   gfortran(Win64) Vers. 8.0 Jun 2014   25-Jan-2015 15:11:15    Page  002
 - - - - - - - - - - - - - - - - - - - - - - - - - - - - - - - - - - - - - -
 


  INPUT --- proc estimate link=Logit NOLOOP varest=2ndPart    ;


  INPUT --- model={ S(~age + sex)p(~age + sex)r(~sex)F(~1) };

  INPUT ---    group=1 S    rows=7 cols=7 Triang ;
  INPUT ---        1 2 3 4 5 6 7 ;
  INPUT ---        1 2 3 4 5 6 ;
  INPUT ---        1 2 3 4 5 ;
  INPUT ---        1 2 3 4 ;
  INPUT ---        1 2 3 ;
  INPUT ---        1 2 ;
  INPUT ---        1 ;

  INPUT ---    group=2 S    rows=7 cols=7 Triang ;
  INPUT ---        8 9 10 11 12 13 14 ;
  INPUT ---        8 9 10 11 12 13 ;
  INPUT ---        8 9 10 11 12 ;
  INPUT ---        8 9 10 11 ;
  INPUT ---        8 9 10 ;
  INPUT ---        8 9 ;
  INPUT ---        8 ;

  INPUT ---    group=3 S    rows=7 cols=7 Triang ;
  INPUT ---        1 2 3 4 5 6 7 ;
  INPUT ---        1 2 3 4 5 6 ;
  INPUT ---        1 2 3 4 5 ;
  INPUT ---        1 2 3 4 ;
  INPUT ---        1 2 3 ;
  INPUT ---        1 2 ;
  INPUT ---        1 ;

  INPUT ---    group=4 S    rows=7 cols=7 Triang ;
  INPUT ---        8 9 10 11 12 13 14 ;
  INPUT ---        8 9 10 11 12 13 ;
  INPUT ---        8 9 10 11 12 ;
  INPUT ---        8 9 10 11 ;
  INPUT ---        8 9 10 ;
  INPUT ---        8 9 ;
  INPUT ---        8 ;

  INPUT ---    group=5 S    rows=7 cols=7 Triang ;
  INPUT ---        1 2 3 4 5 6 7 ;
  INPUT ---        1 2 3 4 5 6 ;

  Program  MARK  - Survival Rate Estimation with Capture-Recapture Data
   gfortran(Win64) Vers. 8.0 Jun 2014   25-Jan-2015 15:11:15    Page  003
 - - - - - - - - - - - - - - - - - - - - - - - - - - - - - - - - - - - - - -
 
  INPUT ---        1 2 3 4 5 ;
  INPUT ---        1 2 3 4 ;
  INPUT ---        1 2 3 ;
  INPUT ---        1 2 ;
  INPUT ---        1 ;

  INPUT ---    group=6 S    rows=7 cols=7 Triang ;
  INPUT ---        8 9 10 11 12 13 14 ;
  INPUT ---        8 9 10 11 12 13 ;
  INPUT ---        8 9 10 11 12 ;
  INPUT ---        8 9 10 11 ;
  INPUT ---        8 9 10 ;
  INPUT ---        8 9 ;
  INPUT ---        8 ;

  INPUT ---    group=1 p    rows=6 cols=6 Triang ;
  INPUT ---        15 16 17 18 19 20 ;
  INPUT ---        15 16 17 18 19 ;
  INPUT ---        15 16 17 18 ;
  INPUT ---        15 16 17 ;
  INPUT ---        15 16 ;
  INPUT ---        15 ;

  INPUT ---    group=2 p    rows=6 cols=6 Triang ;
  INPUT ---        21 22 23 24 25 26 ;
  INPUT ---        21 22 23 24 25 ;
  INPUT ---        21 22 23 24 ;
  INPUT ---        21 22 23 ;
  INPUT ---        21 22 ;
  INPUT ---        21 ;

  INPUT ---    group=3 p    rows=6 cols=6 Triang ;
  INPUT ---        15 16 17 18 19 20 ;
  INPUT ---        15 16 17 18 19 ;
  INPUT ---        15 16 17 18 ;
  INPUT ---        15 16 17 ;
  INPUT ---        15 16 ;
  INPUT ---        15 ;

  INPUT ---    group=4 p    rows=6 cols=6 Triang ;
  INPUT ---        21 22 23 24 25 26 ;
  INPUT ---        21 22 23 24 25 ;
  INPUT ---        21 22 23 24 ;
  INPUT ---        21 22 23 ;
  INPUT ---        21 22 ;
  INPUT ---        21 ;

  Program  MARK  - Survival Rate Estimation with Capture-Recapture Data
   gfortran(Win64) Vers. 8.0 Jun 2014   25-Jan-2015 15:11:15    Page  004
 - - - - - - - - - - - - - - - - - - - - - - - - - - - - - - - - - - - - - -
 

  INPUT ---    group=5 p    rows=6 cols=6 Triang ;
  INPUT ---        15 16 17 18 19 20 ;
  INPUT ---        15 16 17 18 19 ;
  INPUT ---        15 16 17 18 ;
  INPUT ---        15 16 17 ;
  INPUT ---        15 16 ;
  INPUT ---        15 ;

  INPUT ---    group=6 p    rows=6 cols=6 Triang ;
  INPUT ---        21 22 23 24 25 26 ;
  INPUT ---        21 22 23 24 25 ;
  INPUT ---        21 22 23 24 ;
  INPUT ---        21 22 23 ;
  INPUT ---        21 22 ;
  INPUT ---        21 ;

  INPUT ---    group=1 r    rows=7 cols=7 Triang ;
  INPUT ---        27 27 27 27 27 27 27 ;
  INPUT ---        27 27 27 27 27 27 ;
  INPUT ---        27 27 27 27 27 ;
  INPUT ---        27 27 27 27 ;
  INPUT ---        27 27 27 ;
  INPUT ---        27 27 ;
  INPUT ---        27 ;

  INPUT ---    group=2 r    rows=7 cols=7 Triang ;
  INPUT ---        28 28 28 28 28 28 28 ;
  INPUT ---        28 28 28 28 28 28 ;
  INPUT ---        28 28 28 28 28 ;
  INPUT ---        28 28 28 28 ;
  INPUT ---        28 28 28 ;
  INPUT ---        28 28 ;
  INPUT ---        28 ;

  INPUT ---    group=3 r    rows=7 cols=7 Triang ;
  INPUT ---        27 27 27 27 27 27 27 ;
  INPUT ---        27 27 27 27 27 27 ;
  INPUT ---        27 27 27 27 27 ;
  INPUT ---        27 27 27 27 ;
  INPUT ---        27 27 27 ;
  INPUT ---        27 27 ;
  INPUT ---        27 ;

  INPUT ---    group=4 r    rows=7 cols=7 Triang ;
  INPUT ---        28 28 28 28 28 28 28 ;

  Program  MARK  - Survival Rate Estimation with Capture-Recapture Data
   gfortran(Win64) Vers. 8.0 Jun 2014   25-Jan-2015 15:11:15    Page  005
 - - - - - - - - - - - - - - - - - - - - - - - - - - - - - - - - - - - - - -
 
  INPUT ---        28 28 28 28 28 28 ;
  INPUT ---        28 28 28 28 28 ;
  INPUT ---        28 28 28 28 ;
  INPUT ---        28 28 28 ;
  INPUT ---        28 28 ;
  INPUT ---        28 ;

  INPUT ---    group=5 r    rows=7 cols=7 Triang ;
  INPUT ---        27 27 27 27 27 27 27 ;
  INPUT ---        27 27 27 27 27 27 ;
  INPUT ---        27 27 27 27 27 ;
  INPUT ---        27 27 27 27 ;
  INPUT ---        27 27 27 ;
  INPUT ---        27 27 ;
  INPUT ---        27 ;

  INPUT ---    group=6 r    rows=7 cols=7 Triang ;
  INPUT ---        28 28 28 28 28 28 28 ;
  INPUT ---        28 28 28 28 28 28 ;
  INPUT ---        28 28 28 28 28 ;
  INPUT ---        28 28 28 28 ;
  INPUT ---        28 28 28 ;
  INPUT ---        28 28 ;
  INPUT ---        28 ;

  INPUT ---    group=1 F    rows=6 cols=6 Triang ;
  INPUT ---        29 29 29 29 29 29 ;
  INPUT ---        29 29 29 29 29 ;
  INPUT ---        29 29 29 29 ;
  INPUT ---        29 29 29 ;
  INPUT ---        29 29 ;
  INPUT ---        29 ;

  INPUT ---    group=2 F    rows=6 cols=6 Triang ;
  INPUT ---        29 29 29 29 29 29 ;
  INPUT ---        29 29 29 29 29 ;
  INPUT ---        29 29 29 29 ;
  INPUT ---        29 29 29 ;
  INPUT ---        29 29 ;
  INPUT ---        29 ;

  INPUT ---    group=3 F    rows=6 cols=6 Triang ;
  INPUT ---        29 29 29 29 29 29 ;
  INPUT ---        29 29 29 29 29 ;
  INPUT ---        29 29 29 29 ;
  INPUT ---        29 29 29 ;

  Program  MARK  - Survival Rate Estimation with Capture-Recapture Data
   gfortran(Win64) Vers. 8.0 Jun 2014   25-Jan-2015 15:11:15    Page  006
 - - - - - - - - - - - - - - - - - - - - - - - - - - - - - - - - - - - - - -
 
  INPUT ---        29 29 ;
  INPUT ---        29 ;

  INPUT ---    group=4 F    rows=6 cols=6 Triang ;
  INPUT ---        29 29 29 29 29 29 ;
  INPUT ---        29 29 29 29 29 ;
  INPUT ---        29 29 29 29 ;
  INPUT ---        29 29 29 ;
  INPUT ---        29 29 ;
  INPUT ---        29 ;

  INPUT ---    group=5 F    rows=6 cols=6 Triang ;
  INPUT ---        29 29 29 29 29 29 ;
  INPUT ---        29 29 29 29 29 ;
  INPUT ---        29 29 29 29 ;
  INPUT ---        29 29 29 ;
  INPUT ---        29 29 ;
  INPUT ---        29 ;

  INPUT ---    group=6 F    rows=6 cols=6 Triang ;
  INPUT ---        29 29 29 29 29 29 ;
  INPUT ---        29 29 29 29 29 ;
  INPUT ---        29 29 29 29 ;
  INPUT ---        29 29 29 ;
  INPUT ---        29 29 ;
  INPUT ---        29 ;

  INPUT ---    design matrix constraints=29 covariates=18;
  INPUT ---        1 0 0 0 0 0 0 0 0 0 0 0 0 0 0 0 0 0;
  INPUT ---        1 1 0 0 0 0 0 0 0 0 0 0 0 0 0 0 0 0;
  INPUT ---        1 0 1 0 0 0 0 0 0 0 0 0 0 0 0 0 0 0;
  INPUT ---        1 0 0 1 0 0 0 0 0 0 0 0 0 0 0 0 0 0;
  INPUT ---        1 0 0 0 1 0 0 0 0 0 0 0 0 0 0 0 0 0;
  INPUT ---        1 0 0 0 0 1 0 0 0 0 0 0 0 0 0 0 0 0;
  INPUT ---        1 0 0 0 0 0 1 0 0 0 0 0 0 0 0 0 0 0;
  INPUT ---        1 0 0 0 0 0 0 1 0 0 0 0 0 0 0 0 0 0;
  INPUT ---        1 1 0 0 0 0 0 1 0 0 0 0 0 0 0 0 0 0;
  INPUT ---        1 0 1 0 0 0 0 1 0 0 0 0 0 0 0 0 0 0;
  INPUT ---        1 0 0 1 0 0 0 1 0 0 0 0 0 0 0 0 0 0;
  INPUT ---        1 0 0 0 1 0 0 1 0 0 0 0 0 0 0 0 0 0;
  INPUT ---        1 0 0 0 0 1 0 1 0 0 0 0 0 0 0 0 0 0;
  INPUT ---        1 0 0 0 0 0 1 1 0 0 0 0 0 0 0 0 0 0;
  INPUT ---        0 0 0 0 0 0 0 0 1 0 0 0 0 0 0 0 0 0;
  INPUT ---        0 0 0 0 0 0 0 0 1 1 0 0 0 0 0 0 0 0;
  INPUT ---        0 0 0 0 0 0 0 0 1 0 1 0 0 0 0 0 0 0;
  INPUT ---        0 0 0 0 0 0 0 0 1 0 0 1 0 0 0 0 0 0;

  Program  MARK  - Survival Rate Estimation with Capture-Recapture Data
   gfortran(Win64) Vers. 8.0 Jun 2014   25-Jan-2015 15:11:15    Page  007
 - - - - - - - - - - - - - - - - - - - - - - - - - - - - - - - - - - - - - -
 
  INPUT ---        0 0 0 0 0 0 0 0 1 0 0 0 1 0 0 0 0 0;
  INPUT ---        0 0 0 0 0 0 0 0 1 0 0 0 0 1 0 0 0 0;
  INPUT ---        0 0 0 0 0 0 0 0 1 0 0 0 0 0 1 0 0 0;
  INPUT ---        0 0 0 0 0 0 0 0 1 1 0 0 0 0 1 0 0 0;
  INPUT ---        0 0 0 0 0 0 0 0 1 0 1 0 0 0 1 0 0 0;
  INPUT ---        0 0 0 0 0 0 0 0 1 0 0 1 0 0 1 0 0 0;
  INPUT ---        0 0 0 0 0 0 0 0 1 0 0 0 1 0 1 0 0 0;
  INPUT ---        0 0 0 0 0 0 0 0 1 0 0 0 0 1 1 0 0 0;
  INPUT ---        0 0 0 0 0 0 0 0 0 0 0 0 0 0 0 1 0 0;
  INPUT ---        0 0 0 0 0 0 0 0 0 0 0 0 0 0 0 1 1 0;
  INPUT ---        0 0 0 0 0 0 0 0 0 0 0 0 0 0 0 0 0 1;

  INPUT ---    blabel(1)=S:(Intercept);

  INPUT ---    blabel(2)=S:age1;

  INPUT ---    blabel(3)=S:age2;

  INPUT ---    blabel(4)=S:age3;

  INPUT ---    blabel(5)=S:age4;

  INPUT ---    blabel(6)=S:age5;

  INPUT ---    blabel(7)=S:age6;

  INPUT ---    blabel(8)=S:sex5;

  INPUT ---    blabel(9)=p:(Intercept);

  INPUT ---    blabel(10)=p:age2;

  INPUT ---    blabel(11)=p:age3;

  INPUT ---    blabel(12)=p:age4;

  INPUT ---    blabel(13)=p:age5;

  INPUT ---    blabel(14)=p:age6;

  INPUT ---    blabel(15)=p:sex5;

  INPUT ---    blabel(16)=r:(Intercept);

  INPUT ---    blabel(17)=r:sex5;


  Program  MARK  - Survival Rate Estimation with Capture-Recapture Data
   gfortran(Win64) Vers. 8.0 Jun 2014   25-Jan-2015 15:11:15    Page  008
 - - - - - - - - - - - - - - - - - - - - - - - - - - - - - - - - - - - - - -
 
  INPUT ---    blabel(18)=F:(Intercept);

  INPUT ---    rlabel(1)=S g41 c2005 c1 a0 t2005;

  INPUT ---    rlabel(2)=S g41 c2005 c1 a1 t2006;

  INPUT ---    rlabel(3)=S g41 c2005 c1 a2 t2007;

  INPUT ---    rlabel(4)=S g41 c2005 c1 a3 t2008;

  INPUT ---    rlabel(5)=S g41 c2005 c1 a4 t2009;

  INPUT ---    rlabel(6)=S g41 c2005 c1 a5 t2010;

  INPUT ---    rlabel(7)=S g41 c2005 c1 a6 t2011;

  INPUT ---    rlabel(8)=S g51 c2005 c1 a0 t2005;

  INPUT ---    rlabel(9)=S g51 c2005 c1 a1 t2006;

  INPUT ---    rlabel(10)=S g51 c2005 c1 a2 t2007;

  INPUT ---    rlabel(11)=S g51 c2005 c1 a3 t2008;

  INPUT ---    rlabel(12)=S g51 c2005 c1 a4 t2009;

  INPUT ---    rlabel(13)=S g51 c2005 c1 a5 t2010;

  INPUT ---    rlabel(14)=S g51 c2005 c1 a6 t2011;

  INPUT ---    rlabel(15)=p g41 c2005 c1 a1 t2006;

  INPUT ---    rlabel(16)=p g41 c2005 c1 a2 t2007;

  INPUT ---    rlabel(17)=p g41 c2005 c1 a3 t2008;

  INPUT ---    rlabel(18)=p g41 c2005 c1 a4 t2009;

  INPUT ---    rlabel(19)=p g41 c2005 c1 a5 t2010;

  INPUT ---    rlabel(20)=p g41 c2005 c1 a6 t2011;

  INPUT ---    rlabel(21)=p g51 c2005 c1 a1 t2006;

  INPUT ---    rlabel(22)=p g51 c2005 c1 a2 t2007;


  Program  MARK  - Survival Rate Estimation with Capture-Recapture Data
   gfortran(Win64) Vers. 8.0 Jun 2014   25-Jan-2015 15:11:15    Page  009
 - - - - - - - - - - - - - - - - - - - - - - - - - - - - - - - - - - - - - -
 
  INPUT ---    rlabel(23)=p g51 c2005 c1 a3 t2008;

  INPUT ---    rlabel(24)=p g51 c2005 c1 a4 t2009;

  INPUT ---    rlabel(25)=p g51 c2005 c1 a5 t2010;

  INPUT ---    rlabel(26)=p g51 c2005 c1 a6 t2011;

  INPUT ---    rlabel(27)=r g41 c2005 c1 a0 t2005;

  INPUT ---    rlabel(28)=r g51 c2005 c1 a0 t2005;

  INPUT ---    rlabel(29)=F g41 c2005 c1 a0 t2005;

 Link Function Used is LOGIT        

 Variance Estimation Procedure Used is 2ndPart 

 M(t+1):



 -2logL(saturated) = 1739.8188     
 Effective Sample Size = 7075

 Number of function evaluations was 208 for 18 parameters.
 Time for numerical optimization was 3.85 seconds.
 -2logL { S(~age + sex)p(~age + sex)r(~sex)F(~1) } = 2684.5861     
 Penalty { S(~age + sex)p(~age + sex)r(~sex)F(~1) } = -0.0000000    
 Gradient { S(~age + sex)p(~age + sex)r(~sex)F(~1) }:
 -0.1657536E-04  0.000000     0.7414173E-06 0.1563298E-05 0.1336879E-04
  0.8302230E-06 0.1312505E-05 0.6268468E-04 0.1616902E-04 0.6424345E-04
  0.2503891E-04 0.1152746E-03 0.7481494E-06  0.000000      0.000000    
 -0.2205115E-04  0.000000     0.3238029E-05
 S Vector { S(~age + sex)p(~age + sex)r(~sex)F(~1) }:
   380.7484      53.70964      29.85850      5.342588      3.669552    
   1.765012      1.382697     0.9677324     0.5175982     0.3590528    
  0.2951396     0.2622372E-05 0.5399112E-07 0.1353816E-07 0.6380789E-08
  0.6342148E-08 0.3884396E-08 0.3825086E-08
 Time to compute number of parameters was 0.62 seconds.
   Threshold =  0.3800000E-06     Condition index =  0.1004623E-10     New Threshold =  0.1622847E-07
 New Guessimate of Estimated Parameters { S(~age + sex)p(~age + sex)r(~sex)F(~1) } = 11          
 Conditioned S Vector { S(~age + sex)p(~age + sex)r(~sex)F(~1) }:
   1.000000     0.1410633     0.7842054E-01 0.1403181E-01 0.9637733E-02
  0.4635637E-02 0.3631523E-02 0.2541658E-02 0.1359423E-02 0.9430184E-03
  0.7751564E-03 0.6887415E-08 0.1418026E-09 0.3555671E-10 0.1675854E-10
  0.1665706E-10 0.1020200E-10 0.1004623E-10
 Number of Estimated Parameters { S(~age + sex)p(~age + sex)r(~sex)F(~1) } = 11          
 DEVIANCE { S(~age + sex)p(~age + sex)r(~sex)F(~1) } = 944.76731                     
 DEVIANCE Degrees of Freedom { S(~age + sex)p(~age + sex)r(~sex)F(~1) } = 4            
 c-hat { S(~age + sex)p(~age + sex)r(~sex)F(~1) } = 236.19183                     
 AIC { S(~age + sex)p(~age + sex)r(~sex)F(~1) } = 2706.5861                  
 AICc { S(~age + sex)p(~age + sex)r(~sex)F(~1) } = 2706.6234                    
 BIC { S(~age + sex)p(~age + sex)r(~sex)F(~1) } = 2782.0936                    
 Pearson Chisquare { S(~age + sex)p(~age + sex)r(~sex)F(~1) } = Not a Number               
 Possible Encounter Histories { S(~age + sex)p(~age + sex)r(~sex)F(~1) } = 896             
 Pearson Chisquare df { S(~age + sex)p(~age + sex)r(~sex)F(~1) } = 849        
 Pearson chat { S(~age + sex)p(~age + sex)r(~sex)F(~1) } = Not a Number               
 Sum(Observed/Expected) { S(~age + sex)p(~age + sex)r(~sex)F(~1) } = Not a Number               
 Fletcher chat { S(~age + sex)p(~age + sex)r(~sex)F(~1) } = Not a Number               

  Program  MARK  - Survival Rate Estimation with Capture-Recapture Data
   gfortran(Win64) Vers. 8.0 Jun 2014   25-Jan-2015 15:11:16    Page  010
 - - - - - - - - - - - - - - - - - - - - - - - - - - - - - - - - - - - - - -
 


          LOGIT Link Function Parameters of { S(~age + sex)p(~age + sex)r(~sex)F(~1) }
                                                              95% Confidence Interval
 Parameter                    Beta         Standard Error      Lower           Upper
 -------------------------  --------------  --------------  --------------  --------------
    1:S:(Intercept)         -4.4870298      0.5860894       -5.6357650      -3.3382946    
    2:S:age1                4.8140236       1.3513050       2.1654657       7.4625816     
    3:S:age2                60.334869       0.0000000       60.334869       60.334869     
    4:S:age3                28.088970       4290.8599       -8381.9966      8438.1745     
    5:S:age4                2.4015608       1.6495461       -0.8315497      5.6346713     
    6:S:age5                53.774121       0.0000000       53.774121       53.774121     
    7:S:age6                33.647276       0.0000000       33.647276       33.647276     
    8:S:sex5                0.4509044       0.7148503       -0.9502022      1.8520110     
    9:p:(Intercept)         -1.8124604      0.8055148       -3.3912694      -0.2336514    
   10:p:age2                -0.4157004      1.0136755       -2.4025044      1.5711037     
   11:p:age3                -0.8161630      1.2349044       -3.2365757      1.6042497     
   12:p:age4                0.1834720       1.0390039       -1.8529756      2.2199197     
   13:p:age5                -59.782957      0.0000000       -59.782957      -59.782957    
   14:p:age6                69.334157       0.0000000       69.334157       69.334157     
   15:p:sex5                -1.6031498      1.1131994       -3.7850207      0.5787211     
   16:r:(Intercept)         -3.1244783      0.0852311       -3.2915313      -2.9574253    
   17:r:sex5                0.0257524       0.1185158       -0.2065386      0.2580434     
   18:F:(Intercept)         13.043956       617.88038       -1198.0016      1224.0895     


          Real Function Parameters of { S(~age + sex)p(~age + sex)r(~sex)F(~1) }
                                                               95% Confidence Interval
  Parameter                  Estimate       Standard Error      Lower           Upper
 --------------------------  --------------  --------------  --------------  --------------
     1:S g41 c2005 c1 a0 t2  0.0111288       0.0064499       0.0035553       0.0342806                           
     2:S g41 c2005 c1 a1 t2  0.5810278       0.3155629       0.0985230       0.9462281                           
     3:S g41 c2005 c1 a2 t2  1.0000000       0.0000000       1.0000000       1.0000000                           
     4:S g41 c2005 c1 a3 t2  1.0000000       0.2411861E-006  0.9999995       1.0000005                           
     5:S g41 c2005 c1 a4 t2  0.1105172       0.1493521       0.0062849       0.7093774                           
     6:S g41 c2005 c1 a5 t2  1.0000000       0.0000000       1.0000000       1.0000000                           
     7:S g41 c2005 c1 a6 t2  1.0000000       0.0000000       1.0000000       1.0000000                           
     8:S g51 c2005 c1 a0 t2  0.0173591       0.0112241       0.0048408       0.0602883                           
     9:S g51 c2005 c1 a1 t2  0.6852270       0.2948216       0.1299764       0.9694382                           
    10:S g51 c2005 c1 a2 t2  1.0000000       0.0000000       1.0000000       1.0000000                           
    11:S g51 c2005 c1 a3 t2  1.0000000       0.1536482E-006  0.9999997       1.0000003                           
    12:S g51 c2005 c1 a4 t2  0.1632060       0.1800909       0.0144977       0.7211221                           
    13:S g51 c2005 c1 a5 t2  1.0000000       0.0000000       1.0000000       1.0000000                           
    14:S g51 c2005 c1 a6 t2  1.0000000       0.0000000       1.0000000       1.0000000                           
    15:p g41 c2005 c1 a1 t2  0.1403410       0.0971817       0.0325694       0.4418514                           
    16:p g41 c2005 c1 a2 t2  0.0972500       0.1023195       0.0108521       0.5140369                           

  Program  MARK  - Survival Rate Estimation with Capture-Recapture Data
   gfortran(Win64) Vers. 8.0 Jun 2014   25-Jan-2015 15:11:16    Page  011
 - - - - - - - - - - - - - - - - - - - - - - - - - - - - - - - - - - - - - -
 
    17:p g41 c2005 c1 a3 t2  0.0673188       0.0859486       0.0049095       0.5135980                           
    18:p g41 c2005 c1 a4 t2  0.1639690       0.1652773       0.0181262       0.6757105                           
    19:p g41 c2005 c1 a5 t2  0.1776029E-026  0.0000000       0.1776029E-026  0.1776029E-026                      
    20:p g41 c2005 c1 a6 t2  1.0000000       0.0000000       1.0000000       1.0000000                           
    21:p g51 c2005 c1 a1 t2  0.0318112       0.0302892       0.0047580       0.1842121                           
    22:p g51 c2005 c1 a2 t2  0.0212211       0.0255537       0.0019409       0.1946656                           
    23:p g51 c2005 c1 a3 t2  0.0143186       0.0201671       0.8819958E-003  0.1929265                           
    24:p g51 c2005 c1 a4 t2  0.0379741       0.0459852       0.0033371       0.3175705                           
    25:p g51 c2005 c1 a5 t2  0.3574464E-027  0.0000000       0.3574464E-027  0.3574464E-027                      
    26:p g51 c2005 c1 a6 t2  1.0000000       0.0000000       1.0000000       1.0000000                           
    27:r g41 c2005 c1 a0 t2  0.0421088       0.0034379       0.0358629       0.0493867                           
    28:r g51 c2005 c1 a0 t2  0.0431598       0.0034040       0.0369592       0.0503464                           
    29:F g41 c2005 c1 a0 t2  0.9999978       0.0013365       0.4558069E-298  1.0000000                           

 Attempted ordering of parameters by estimatibility:
  16 17  1  8  9 10 12 11 15  2  5 18  4  7  6 13  3 14
 Beta number 14 is a singular value.

     CPU Time in seconds for last procedure was 4.49


  INPUT --- proc stop;

     CPU Time in minutes for this job was 0.07

     Time Start = 15:11:15.119   Time End = 15:11:16.108

     Wall Clock Time in minutes for this job was 0.02


          E X E C U T I O N   S U C C E S S F U L 
