
   Program  MARK  - Survival Rate Estimation with Capture-Recapture Data
   gfortran(Win64) Vers. 8.0 Jun 2014   31-Jan-2015 14:08:42    Page  001
 - - - - - - - - - - - - - - - - - - - - - - - - - - - - - - - - - - - - - -
 
   This version was compiled by GCC version 4.8.1 using the options 
   -m64 -mtune=generic -march=x86-64 -mthreads -O2 -fimplicit-none -fbounds-check -funroll-loops -ftree-vectorize -fopenmp.
   This problem will use 7 of 8 possible threads.


  INPUT --- proc title ;

     CPU Time in seconds for last procedure was 0.00


  INPUT --- proc chmatrix occasions= 7 groups= 6 etype= Both ICMeans 
  INPUT --- NoHist hist= 51 ;

  INPUT ---    time  interval 1 1 1 1 1 1 1 ;

  INPUT ---    glabel(1)=sex4.age1;

  INPUT ---    glabel(2)=sex5.age1;

  INPUT ---    glabel(3)=sex4.age2;

  INPUT ---    glabel(4)=sex5.age2;

  INPUT ---    glabel(5)=sex4.age4;

  INPUT ---    glabel(6)=sex5.age4;

   * *  WARNING  * *   At least a pair of the encounter histories are duplicates. 

      Number of unique encounter histories read was 17.

      Number of individual covariates read was 0.
      Time interval lengths are all equal to 1.

      Data type number is 3
      Data type is Joint Live and Dead Encounters (Burnham)                                                            

     CPU Time in seconds for last procedure was 0.00

  Program  MARK  - Survival Rate Estimation with Capture-Recapture Data
   gfortran(Win64) Vers. 8.0 Jun 2014   31-Jan-2015 14:08:42    Page  002
 - - - - - - - - - - - - - - - - - - - - - - - - - - - - - - - - - - - - - -
 


  INPUT --- proc estimate link=Logit NOLOOP varest=2ndPart    ;


  INPUT --- model={ S(~time)p(~time)r(~1)F(~age) };

  INPUT ---    group=1 S    rows=7 cols=7 Triang ;
  INPUT ---        1 2 3 4 5 6 7 ;
  INPUT ---        2 3 4 5 6 7 ;
  INPUT ---        3 4 5 6 7 ;
  INPUT ---        4 5 6 7 ;
  INPUT ---        5 6 7 ;
  INPUT ---        6 7 ;
  INPUT ---        7 ;

  INPUT ---    group=2 S    rows=7 cols=7 Triang ;
  INPUT ---        1 2 3 4 5 6 7 ;
  INPUT ---        2 3 4 5 6 7 ;
  INPUT ---        3 4 5 6 7 ;
  INPUT ---        4 5 6 7 ;
  INPUT ---        5 6 7 ;
  INPUT ---        6 7 ;
  INPUT ---        7 ;

  INPUT ---    group=3 S    rows=7 cols=7 Triang ;
  INPUT ---        1 2 3 4 5 6 7 ;
  INPUT ---        2 3 4 5 6 7 ;
  INPUT ---        3 4 5 6 7 ;
  INPUT ---        4 5 6 7 ;
  INPUT ---        5 6 7 ;
  INPUT ---        6 7 ;
  INPUT ---        7 ;

  INPUT ---    group=4 S    rows=7 cols=7 Triang ;
  INPUT ---        1 2 3 4 5 6 7 ;
  INPUT ---        2 3 4 5 6 7 ;
  INPUT ---        3 4 5 6 7 ;
  INPUT ---        4 5 6 7 ;
  INPUT ---        5 6 7 ;
  INPUT ---        6 7 ;
  INPUT ---        7 ;

  INPUT ---    group=5 S    rows=7 cols=7 Triang ;
  INPUT ---        1 2 3 4 5 6 7 ;
  INPUT ---        2 3 4 5 6 7 ;

  Program  MARK  - Survival Rate Estimation with Capture-Recapture Data
   gfortran(Win64) Vers. 8.0 Jun 2014   31-Jan-2015 14:08:42    Page  003
 - - - - - - - - - - - - - - - - - - - - - - - - - - - - - - - - - - - - - -
 
  INPUT ---        3 4 5 6 7 ;
  INPUT ---        4 5 6 7 ;
  INPUT ---        5 6 7 ;
  INPUT ---        6 7 ;
  INPUT ---        7 ;

  INPUT ---    group=6 S    rows=7 cols=7 Triang ;
  INPUT ---        1 2 3 4 5 6 7 ;
  INPUT ---        2 3 4 5 6 7 ;
  INPUT ---        3 4 5 6 7 ;
  INPUT ---        4 5 6 7 ;
  INPUT ---        5 6 7 ;
  INPUT ---        6 7 ;
  INPUT ---        7 ;

  INPUT ---    group=1 p    rows=6 cols=6 Triang ;
  INPUT ---        8 9 10 11 12 13 ;
  INPUT ---        9 10 11 12 13 ;
  INPUT ---        10 11 12 13 ;
  INPUT ---        11 12 13 ;
  INPUT ---        12 13 ;
  INPUT ---        13 ;

  INPUT ---    group=2 p    rows=6 cols=6 Triang ;
  INPUT ---        8 9 10 11 12 13 ;
  INPUT ---        9 10 11 12 13 ;
  INPUT ---        10 11 12 13 ;
  INPUT ---        11 12 13 ;
  INPUT ---        12 13 ;
  INPUT ---        13 ;

  INPUT ---    group=3 p    rows=6 cols=6 Triang ;
  INPUT ---        8 9 10 11 12 13 ;
  INPUT ---        9 10 11 12 13 ;
  INPUT ---        10 11 12 13 ;
  INPUT ---        11 12 13 ;
  INPUT ---        12 13 ;
  INPUT ---        13 ;

  INPUT ---    group=4 p    rows=6 cols=6 Triang ;
  INPUT ---        8 9 10 11 12 13 ;
  INPUT ---        9 10 11 12 13 ;
  INPUT ---        10 11 12 13 ;
  INPUT ---        11 12 13 ;
  INPUT ---        12 13 ;
  INPUT ---        13 ;

  Program  MARK  - Survival Rate Estimation with Capture-Recapture Data
   gfortran(Win64) Vers. 8.0 Jun 2014   31-Jan-2015 14:08:42    Page  004
 - - - - - - - - - - - - - - - - - - - - - - - - - - - - - - - - - - - - - -
 

  INPUT ---    group=5 p    rows=6 cols=6 Triang ;
  INPUT ---        8 9 10 11 12 13 ;
  INPUT ---        9 10 11 12 13 ;
  INPUT ---        10 11 12 13 ;
  INPUT ---        11 12 13 ;
  INPUT ---        12 13 ;
  INPUT ---        13 ;

  INPUT ---    group=6 p    rows=6 cols=6 Triang ;
  INPUT ---        8 9 10 11 12 13 ;
  INPUT ---        9 10 11 12 13 ;
  INPUT ---        10 11 12 13 ;
  INPUT ---        11 12 13 ;
  INPUT ---        12 13 ;
  INPUT ---        13 ;

  INPUT ---    group=1 r    rows=7 cols=7 Triang ;
  INPUT ---        14 14 14 14 14 14 14 ;
  INPUT ---        14 14 14 14 14 14 ;
  INPUT ---        14 14 14 14 14 ;
  INPUT ---        14 14 14 14 ;
  INPUT ---        14 14 14 ;
  INPUT ---        14 14 ;
  INPUT ---        14 ;

  INPUT ---    group=2 r    rows=7 cols=7 Triang ;
  INPUT ---        14 14 14 14 14 14 14 ;
  INPUT ---        14 14 14 14 14 14 ;
  INPUT ---        14 14 14 14 14 ;
  INPUT ---        14 14 14 14 ;
  INPUT ---        14 14 14 ;
  INPUT ---        14 14 ;
  INPUT ---        14 ;

  INPUT ---    group=3 r    rows=7 cols=7 Triang ;
  INPUT ---        14 14 14 14 14 14 14 ;
  INPUT ---        14 14 14 14 14 14 ;
  INPUT ---        14 14 14 14 14 ;
  INPUT ---        14 14 14 14 ;
  INPUT ---        14 14 14 ;
  INPUT ---        14 14 ;
  INPUT ---        14 ;

  INPUT ---    group=4 r    rows=7 cols=7 Triang ;
  INPUT ---        14 14 14 14 14 14 14 ;

  Program  MARK  - Survival Rate Estimation with Capture-Recapture Data
   gfortran(Win64) Vers. 8.0 Jun 2014   31-Jan-2015 14:08:42    Page  005
 - - - - - - - - - - - - - - - - - - - - - - - - - - - - - - - - - - - - - -
 
  INPUT ---        14 14 14 14 14 14 ;
  INPUT ---        14 14 14 14 14 ;
  INPUT ---        14 14 14 14 ;
  INPUT ---        14 14 14 ;
  INPUT ---        14 14 ;
  INPUT ---        14 ;

  INPUT ---    group=5 r    rows=7 cols=7 Triang ;
  INPUT ---        14 14 14 14 14 14 14 ;
  INPUT ---        14 14 14 14 14 14 ;
  INPUT ---        14 14 14 14 14 ;
  INPUT ---        14 14 14 14 ;
  INPUT ---        14 14 14 ;
  INPUT ---        14 14 ;
  INPUT ---        14 ;

  INPUT ---    group=6 r    rows=7 cols=7 Triang ;
  INPUT ---        14 14 14 14 14 14 14 ;
  INPUT ---        14 14 14 14 14 14 ;
  INPUT ---        14 14 14 14 14 ;
  INPUT ---        14 14 14 14 ;
  INPUT ---        14 14 14 ;
  INPUT ---        14 14 ;
  INPUT ---        14 ;

  INPUT ---    group=1 F    rows=6 cols=6 Triang ;
  INPUT ---        15 16 17 18 19 20 ;
  INPUT ---        15 16 17 18 19 ;
  INPUT ---        15 16 17 18 ;
  INPUT ---        15 16 17 ;
  INPUT ---        15 16 ;
  INPUT ---        15 ;

  INPUT ---    group=2 F    rows=6 cols=6 Triang ;
  INPUT ---        15 16 17 18 19 20 ;
  INPUT ---        15 16 17 18 19 ;
  INPUT ---        15 16 17 18 ;
  INPUT ---        15 16 17 ;
  INPUT ---        15 16 ;
  INPUT ---        15 ;

  INPUT ---    group=3 F    rows=6 cols=6 Triang ;
  INPUT ---        15 16 17 18 19 20 ;
  INPUT ---        15 16 17 18 19 ;
  INPUT ---        15 16 17 18 ;
  INPUT ---        15 16 17 ;

  Program  MARK  - Survival Rate Estimation with Capture-Recapture Data
   gfortran(Win64) Vers. 8.0 Jun 2014   31-Jan-2015 14:08:42    Page  006
 - - - - - - - - - - - - - - - - - - - - - - - - - - - - - - - - - - - - - -
 
  INPUT ---        15 16 ;
  INPUT ---        15 ;

  INPUT ---    group=4 F    rows=6 cols=6 Triang ;
  INPUT ---        15 16 17 18 19 20 ;
  INPUT ---        15 16 17 18 19 ;
  INPUT ---        15 16 17 18 ;
  INPUT ---        15 16 17 ;
  INPUT ---        15 16 ;
  INPUT ---        15 ;

  INPUT ---    group=5 F    rows=6 cols=6 Triang ;
  INPUT ---        15 16 17 18 19 20 ;
  INPUT ---        15 16 17 18 19 ;
  INPUT ---        15 16 17 18 ;
  INPUT ---        15 16 17 ;
  INPUT ---        15 16 ;
  INPUT ---        15 ;

  INPUT ---    group=6 F    rows=6 cols=6 Triang ;
  INPUT ---        15 16 17 18 19 20 ;
  INPUT ---        15 16 17 18 19 ;
  INPUT ---        15 16 17 18 ;
  INPUT ---        15 16 17 ;
  INPUT ---        15 16 ;
  INPUT ---        15 ;

  INPUT ---    design matrix constraints=20 covariates=20;
  INPUT ---        1 0 0 0 0 0 0 0 0 0 0 0 0 0 0 0 0 0 0 0;
  INPUT ---        1 1 0 0 0 0 0 0 0 0 0 0 0 0 0 0 0 0 0 0;
  INPUT ---        1 0 1 0 0 0 0 0 0 0 0 0 0 0 0 0 0 0 0 0;
  INPUT ---        1 0 0 1 0 0 0 0 0 0 0 0 0 0 0 0 0 0 0 0;
  INPUT ---        1 0 0 0 1 0 0 0 0 0 0 0 0 0 0 0 0 0 0 0;
  INPUT ---        1 0 0 0 0 1 0 0 0 0 0 0 0 0 0 0 0 0 0 0;
  INPUT ---        1 0 0 0 0 0 1 0 0 0 0 0 0 0 0 0 0 0 0 0;
  INPUT ---        0 0 0 0 0 0 0 1 0 0 0 0 0 0 0 0 0 0 0 0;
  INPUT ---        0 0 0 0 0 0 0 1 1 0 0 0 0 0 0 0 0 0 0 0;
  INPUT ---        0 0 0 0 0 0 0 1 0 1 0 0 0 0 0 0 0 0 0 0;
  INPUT ---        0 0 0 0 0 0 0 1 0 0 1 0 0 0 0 0 0 0 0 0;
  INPUT ---        0 0 0 0 0 0 0 1 0 0 0 1 0 0 0 0 0 0 0 0;
  INPUT ---        0 0 0 0 0 0 0 1 0 0 0 0 1 0 0 0 0 0 0 0;
  INPUT ---        0 0 0 0 0 0 0 0 0 0 0 0 0 1 0 0 0 0 0 0;
  INPUT ---        0 0 0 0 0 0 0 0 0 0 0 0 0 0 1 0 0 0 0 0;
  INPUT ---        0 0 0 0 0 0 0 0 0 0 0 0 0 0 1 1 0 0 0 0;
  INPUT ---        0 0 0 0 0 0 0 0 0 0 0 0 0 0 1 0 1 0 0 0;
  INPUT ---        0 0 0 0 0 0 0 0 0 0 0 0 0 0 1 0 0 1 0 0;

  Program  MARK  - Survival Rate Estimation with Capture-Recapture Data
   gfortran(Win64) Vers. 8.0 Jun 2014   31-Jan-2015 14:08:42    Page  007
 - - - - - - - - - - - - - - - - - - - - - - - - - - - - - - - - - - - - - -
 
  INPUT ---        0 0 0 0 0 0 0 0 0 0 0 0 0 0 1 0 0 0 1 0;
  INPUT ---        0 0 0 0 0 0 0 0 0 0 0 0 0 0 1 0 0 0 0 1;

  INPUT ---    blabel(1)=S:(Intercept);

  INPUT ---    blabel(2)=S:time2006;

  INPUT ---    blabel(3)=S:time2007;

  INPUT ---    blabel(4)=S:time2008;

  INPUT ---    blabel(5)=S:time2009;

  INPUT ---    blabel(6)=S:time2010;

  INPUT ---    blabel(7)=S:time2011;

  INPUT ---    blabel(8)=p:(Intercept);

  INPUT ---    blabel(9)=p:time2007;

  INPUT ---    blabel(10)=p:time2008;

  INPUT ---    blabel(11)=p:time2009;

  INPUT ---    blabel(12)=p:time2010;

  INPUT ---    blabel(13)=p:time2011;

  INPUT ---    blabel(14)=r:(Intercept);

  INPUT ---    blabel(15)=F:(Intercept);

  INPUT ---    blabel(16)=F:age1;

  INPUT ---    blabel(17)=F:age2;

  INPUT ---    blabel(18)=F:age3;

  INPUT ---    blabel(19)=F:age4;

  INPUT ---    blabel(20)=F:age5;

  INPUT ---    rlabel(1)=S g41 c2005 c1 a0 t2005;

  INPUT ---    rlabel(2)=S g41 c2005 c1 a1 t2006;

  Program  MARK  - Survival Rate Estimation with Capture-Recapture Data
   gfortran(Win64) Vers. 8.0 Jun 2014   31-Jan-2015 14:08:42    Page  008
 - - - - - - - - - - - - - - - - - - - - - - - - - - - - - - - - - - - - - -
 

  INPUT ---    rlabel(3)=S g41 c2005 c1 a2 t2007;

  INPUT ---    rlabel(4)=S g41 c2005 c1 a3 t2008;

  INPUT ---    rlabel(5)=S g41 c2005 c1 a4 t2009;

  INPUT ---    rlabel(6)=S g41 c2005 c1 a5 t2010;

  INPUT ---    rlabel(7)=S g41 c2005 c1 a6 t2011;

  INPUT ---    rlabel(8)=p g41 c2005 c1 a1 t2006;

  INPUT ---    rlabel(9)=p g41 c2005 c1 a2 t2007;

  INPUT ---    rlabel(10)=p g41 c2005 c1 a3 t2008;

  INPUT ---    rlabel(11)=p g41 c2005 c1 a4 t2009;

  INPUT ---    rlabel(12)=p g41 c2005 c1 a5 t2010;

  INPUT ---    rlabel(13)=p g41 c2005 c1 a6 t2011;

  INPUT ---    rlabel(14)=r g41 c2005 c1 a0 t2005;

  INPUT ---    rlabel(15)=F g41 c2005 c1 a0 t2005;

  INPUT ---    rlabel(16)=F g41 c2005 c1 a1 t2006;

  INPUT ---    rlabel(17)=F g41 c2005 c1 a2 t2007;

  INPUT ---    rlabel(18)=F g41 c2005 c1 a3 t2008;

  INPUT ---    rlabel(19)=F g41 c2005 c1 a4 t2009;

  INPUT ---    rlabel(20)=F g41 c2005 c1 a5 t2010;

 Link Function Used is LOGIT        

 Variance Estimation Procedure Used is 2ndPart 

 M(t+1):



 -2logL(saturated) = 1739.8188     
 Effective Sample Size = 7075

 Number of function evaluations was 81 for 20 parameters.

  Program  MARK  - Survival Rate Estimation with Capture-Recapture Data
   gfortran(Win64) Vers. 8.0 Jun 2014   31-Jan-2015 14:08:43    Page  009
 - - - - - - - - - - - - - - - - - - - - - - - - - - - - - - - - - - - - - -
 
 Time for numerical optimization was 1.68 seconds.
 -2logL { S(~time)p(~time)r(~1)F(~age) } = 2663.5427     
 Penalty { S(~time)p(~time)r(~1)F(~age) } = -0.0000000    
 Gradient { S(~time)p(~time)r(~1)F(~age) }:
 -0.4380548E-05-0.1111880E-05 0.1871135E-05-0.3203943E-05  0.000000    
   0.000000      0.000000    -0.1733184E-04  0.000000    -0.2411744E-05
   0.000000     0.1177108E-05-0.1302200E-04 0.5520217E-04-0.4740063E-05
   0.000000      0.000000      0.000000      0.000000      0.000000    
 S Vector { S(~time)p(~time)r(~1)F(~age) }:
   286.3424      17.69855      4.592036      2.812454      2.165551    
   1.248017     0.1549606     0.4831666E-01 0.2703678E-04 0.6310461E-05
  0.2388619E-05 0.4016068E-06 0.3914386E-06 0.1213368E-06 0.1983840E-07
  0.1859066E-07 0.8685975E-08 0.6401372E-08 0.4110194E-08 0.2083919E-08
 Time to compute number of parameters was 0.67 seconds.
   Threshold =  0.4200000E-06     Condition index =  0.7277716E-11     New Threshold =  0.9319567E-08
 New Guessimate of Estimated Parameters { S(~time)p(~time)r(~1)F(~age) } = 10          
 Conditioned S Vector { S(~time)p(~time)r(~1)F(~age) }:
   1.000000     0.6180904E-01 0.1603687E-01 0.9821996E-02 0.7562803E-02
  0.4358479E-02 0.5411725E-03 0.1687374E-03 0.9442117E-07 0.2203817E-07
  0.8341829E-08 0.1402540E-08 0.1367030E-08 0.4237471E-09 0.6928210E-10
  0.6492460E-10 0.3033423E-10 0.2235566E-10 0.1435412E-10 0.7277716E-11
 Number of Estimated Parameters { S(~time)p(~time)r(~1)F(~age) } = 8          
 DEVIANCE { S(~time)p(~time)r(~1)F(~age) } = 923.72398                     
 DEVIANCE Degrees of Freedom { S(~time)p(~time)r(~1)F(~age) } = 7            
 c-hat { S(~time)p(~time)r(~1)F(~age) } = 131.96057                     
 AIC { S(~time)p(~time)r(~1)F(~age) } = 2679.5427                  
 AICc { S(~time)p(~time)r(~1)F(~age) } = 2679.5631                    
 BIC { S(~time)p(~time)r(~1)F(~age) } = 2734.4573                    
 Pearson Chisquare { S(~time)p(~time)r(~1)F(~age) } = Not a Number               
 Possible Encounter Histories { S(~time)p(~time)r(~1)F(~age) } = 896             
 Pearson Chisquare df { S(~time)p(~time)r(~1)F(~age) } = 852        
 Pearson chat { S(~time)p(~time)r(~1)F(~age) } = Not a Number               
 Sum(Observed/Expected) { S(~time)p(~time)r(~1)F(~age) } = Not a Number               
 Fletcher chat { S(~time)p(~time)r(~1)F(~age) } = Not a Number               


               LOGIT Link Function Parameters of { S(~time)p(~time)r(~1)F(~age) }
                                                              95% Confidence Interval
 Parameter                    Beta         Standard Error      Lower           Upper
 -------------------------  --------------  --------------  --------------  --------------
    1:S:(Intercept)         40.524241       229.93344       -410.14531      491.19379     
    2:S:time2006            -39.898963      229.95224       -490.60536      410.80743     
    3:S:time2007            -23.303285      2868.7883       -5646.1284      5599.5218     
    4:S:time2008            -41.580096      229.93325       -492.24927      409.08908     
    5:S:time2009            -18.501999      1601.2548       -3156.9614      3119.9574     
    6:S:time2010            -3.8548142      1577.9916       -3096.7183      3089.0087     
    7:S:time2011            -67.622556      6797.7271       -13391.168      13255.923     
    8:p:(Intercept)         -43.604076      0.0000000       -43.604076      -43.604076    
    9:p:time2007            36.715722       0.0000000       36.715722       36.715722     
   10:p:time2008            36.711075       0.0000000       36.711075       36.711075     
   11:p:time2009            -46.696773      66.385975       -176.81329      83.419741     
   12:p:time2010            37.632581       0.0000000       37.632581       37.632581     
   13:p:time2011            37.413603       0.0000000       37.413603       37.413603     
   14:r:(Intercept)         -3.1189261      0.0590959       -3.2347540      -3.0030982    
   15:F:(Intercept)         8.5936993       463.50891       -899.88377      917.07117     
   16:F:age1                -6.6674691      463.54294       -915.21164      901.87670     
   17:F:age2                21.422014       7328.9913       -14343.401      14386.245     

  Program  MARK  - Survival Rate Estimation with Capture-Recapture Data
   gfortran(Win64) Vers. 8.0 Jun 2014   31-Jan-2015 14:08:43    Page  010
 - - - - - - - - - - - - - - - - - - - - - - - - - - - - - - - - - - - - - -
 
   18:F:age3                30.695604       1648.1677       -3199.7131      3261.1043     
   19:F:age4                66.139062       33.082451       1.2974576       130.98067     
   20:F:age5                35.810051       1242.3994       -2399.2929      2470.9130     


               Real Function Parameters of { S(~time)p(~time)r(~1)F(~age) }
                                                               95% Confidence Interval
  Parameter                  Estimate       Standard Error      Lower           Upper
 --------------------------  --------------  --------------  --------------  --------------
     1:S g41 c2005 c1 a0 t2  1.0000000       0.0000000       1.0000000       1.0000000                           
     2:S g41 c2005 c1 a1 t2  0.6514180       0.6359845       0.0076582       0.9977950                           
     3:S g41 c2005 c1 a2 t2  1.0000000       0.9543359E-004  0.2970496E-296  1.0000000                           
     4:S g41 c2005 c1 a3 t2  0.2581023       0.2411244       0.0286385       0.8041185                           
     5:S g41 c2005 c1 a4 t2  1.0000000       0.4408056E-006  0.9999991       1.0000009                           
     6:S g41 c2005 c1 a5 t2  1.0000000       0.3530520E-012  1.0000000       1.0000000                           
     7:S g41 c2005 c1 a6 t2  0.1703535E-011  0.1159115E-007  -.2271695E-007  0.2272036E-007                      
     8:p g41 c2005 c1 a1 t2  0.1156087E-018  0.0000000       0.1156087E-018  0.1156087E-018                      
     9:p g41 c2005 c1 a2 t2  0.0010186       0.0013836       0.7094291E-004  0.0144409                           
    10:p g41 c2005 c1 a3 t2  0.0010138       0.8677948E-003  0.1892277E-003  0.0054124                           
    11:p g41 c2005 c1 a4 t2  0.6065119E-039  0.0000000       0.6065119E-039  0.6065119E-039                      
    12:p g41 c2005 c1 a5 t2  0.0025439       0.0015067       0.7958339E-003  0.0081007                           
    13:p g41 c2005 c1 a6 t2  0.0020447       0.0011942       0.6502211E-003  0.0064104                           
    14:r g41 c2005 c1 a0 t2  0.0423333       0.0023958       0.0378786       0.0472861                           
    15:F g41 c2005 c1 a0 t2  0.9998148       0.0858422       0.5321804E-300  1.0000000                           
    16:F g41 c2005 c1 a1 t2  0.8728316       0.7027661       0.2799795E-004  0.9999994                           
    17:F g41 c2005 c1 a2 t2  1.0000000       0.6720129E-009  1.0000000       1.0000000                           
    18:F g41 c2005 c1 a3 t2  1.0000000       0.0000000       1.0000000       1.0000000                           
    19:F g41 c2005 c1 a4 t2  1.0000000       0.0000000       1.0000000       1.0000000                           
    20:F g41 c2005 c1 a5 t2  1.0000000       0.0000000       1.0000000       1.0000000                           

 Attempted ordering of parameters by estimatibility:
  14  8 13 12  1  9  4 15 10  2 16  6  5  3  7 17 18 20 11 19
 Beta number 19 is a singular value.

     CPU Time in seconds for last procedure was 2.36

  Program  MARK  - Survival Rate Estimation with Capture-Recapture Data
   gfortran(Win64) Vers. 8.0 Jun 2014   31-Jan-2015 14:08:43    Page  011
 - - - - - - - - - - - - - - - - - - - - - - - - - - - - - - - - - - - - - -
 


  INPUT --- proc stop;

     CPU Time in minutes for this job was 0.04

     Time Start = 14:08:42.901   Time End = 14:08:43.486

     Wall Clock Time in minutes for this job was 0.01


          E X E C U T I O N   S U C C E S S F U L 
