
   Program  MARK  - Survival Rate Estimation with Capture-Recapture Data
   gfortran(Win64) Vers. 8.0 Jun 2014   25-Jan-2015 15:11:09    Page  001
 - - - - - - - - - - - - - - - - - - - - - - - - - - - - - - - - - - - - - -
 
   This version was compiled by GCC version 4.8.1 using the options 
   -m64 -mtune=generic -march=x86-64 -mthreads -O2 -fimplicit-none -fbounds-check -funroll-loops -ftree-vectorize -fopenmp.
   This problem will use 7 of 8 possible threads.


  INPUT --- proc title ;

     CPU Time in seconds for last procedure was 0.00


  INPUT --- proc chmatrix occasions= 7 groups= 6 etype= Both ICMeans 
  INPUT --- NoHist hist= 51 ;

  INPUT ---    time  interval 1 1 1 1 1 1 1 ;

  INPUT ---    glabel(1)=sex4.age1;

  INPUT ---    glabel(2)=sex5.age1;

  INPUT ---    glabel(3)=sex4.age2;

  INPUT ---    glabel(4)=sex5.age2;

  INPUT ---    glabel(5)=sex4.age4;

  INPUT ---    glabel(6)=sex5.age4;

   * *  WARNING  * *   At least a pair of the encounter histories are duplicates. 

      Number of unique encounter histories read was 17.

      Number of individual covariates read was 0.
      Time interval lengths are all equal to 1.

      Data type number is 3
      Data type is Joint Live and Dead Encounters (Burnham)                                                            

     CPU Time in seconds for last procedure was 0.00

  Program  MARK  - Survival Rate Estimation with Capture-Recapture Data
   gfortran(Win64) Vers. 8.0 Jun 2014   25-Jan-2015 15:11:09    Page  002
 - - - - - - - - - - - - - - - - - - - - - - - - - - - - - - - - - - - - - -
 


  INPUT --- proc estimate link=Logit NOLOOP varest=2ndPart    ;


  INPUT --- model={ S(~sex + time)p(~sex)r(~sex)F(~1) };

  INPUT ---    group=1 S    rows=7 cols=7 Triang ;
  INPUT ---        1 2 3 4 5 6 7 ;
  INPUT ---        2 3 4 5 6 7 ;
  INPUT ---        3 4 5 6 7 ;
  INPUT ---        4 5 6 7 ;
  INPUT ---        5 6 7 ;
  INPUT ---        6 7 ;
  INPUT ---        7 ;

  INPUT ---    group=2 S    rows=7 cols=7 Triang ;
  INPUT ---        8 9 10 11 12 13 14 ;
  INPUT ---        9 10 11 12 13 14 ;
  INPUT ---        10 11 12 13 14 ;
  INPUT ---        11 12 13 14 ;
  INPUT ---        12 13 14 ;
  INPUT ---        13 14 ;
  INPUT ---        14 ;

  INPUT ---    group=3 S    rows=7 cols=7 Triang ;
  INPUT ---        1 2 3 4 5 6 7 ;
  INPUT ---        2 3 4 5 6 7 ;
  INPUT ---        3 4 5 6 7 ;
  INPUT ---        4 5 6 7 ;
  INPUT ---        5 6 7 ;
  INPUT ---        6 7 ;
  INPUT ---        7 ;

  INPUT ---    group=4 S    rows=7 cols=7 Triang ;
  INPUT ---        8 9 10 11 12 13 14 ;
  INPUT ---        9 10 11 12 13 14 ;
  INPUT ---        10 11 12 13 14 ;
  INPUT ---        11 12 13 14 ;
  INPUT ---        12 13 14 ;
  INPUT ---        13 14 ;
  INPUT ---        14 ;

  INPUT ---    group=5 S    rows=7 cols=7 Triang ;
  INPUT ---        1 2 3 4 5 6 7 ;
  INPUT ---        2 3 4 5 6 7 ;

  Program  MARK  - Survival Rate Estimation with Capture-Recapture Data
   gfortran(Win64) Vers. 8.0 Jun 2014   25-Jan-2015 15:11:09    Page  003
 - - - - - - - - - - - - - - - - - - - - - - - - - - - - - - - - - - - - - -
 
  INPUT ---        3 4 5 6 7 ;
  INPUT ---        4 5 6 7 ;
  INPUT ---        5 6 7 ;
  INPUT ---        6 7 ;
  INPUT ---        7 ;

  INPUT ---    group=6 S    rows=7 cols=7 Triang ;
  INPUT ---        8 9 10 11 12 13 14 ;
  INPUT ---        9 10 11 12 13 14 ;
  INPUT ---        10 11 12 13 14 ;
  INPUT ---        11 12 13 14 ;
  INPUT ---        12 13 14 ;
  INPUT ---        13 14 ;
  INPUT ---        14 ;

  INPUT ---    group=1 p    rows=6 cols=6 Triang ;
  INPUT ---        15 15 15 15 15 15 ;
  INPUT ---        15 15 15 15 15 ;
  INPUT ---        15 15 15 15 ;
  INPUT ---        15 15 15 ;
  INPUT ---        15 15 ;
  INPUT ---        15 ;

  INPUT ---    group=2 p    rows=6 cols=6 Triang ;
  INPUT ---        16 16 16 16 16 16 ;
  INPUT ---        16 16 16 16 16 ;
  INPUT ---        16 16 16 16 ;
  INPUT ---        16 16 16 ;
  INPUT ---        16 16 ;
  INPUT ---        16 ;

  INPUT ---    group=3 p    rows=6 cols=6 Triang ;
  INPUT ---        15 15 15 15 15 15 ;
  INPUT ---        15 15 15 15 15 ;
  INPUT ---        15 15 15 15 ;
  INPUT ---        15 15 15 ;
  INPUT ---        15 15 ;
  INPUT ---        15 ;

  INPUT ---    group=4 p    rows=6 cols=6 Triang ;
  INPUT ---        16 16 16 16 16 16 ;
  INPUT ---        16 16 16 16 16 ;
  INPUT ---        16 16 16 16 ;
  INPUT ---        16 16 16 ;
  INPUT ---        16 16 ;
  INPUT ---        16 ;

  Program  MARK  - Survival Rate Estimation with Capture-Recapture Data
   gfortran(Win64) Vers. 8.0 Jun 2014   25-Jan-2015 15:11:09    Page  004
 - - - - - - - - - - - - - - - - - - - - - - - - - - - - - - - - - - - - - -
 

  INPUT ---    group=5 p    rows=6 cols=6 Triang ;
  INPUT ---        15 15 15 15 15 15 ;
  INPUT ---        15 15 15 15 15 ;
  INPUT ---        15 15 15 15 ;
  INPUT ---        15 15 15 ;
  INPUT ---        15 15 ;
  INPUT ---        15 ;

  INPUT ---    group=6 p    rows=6 cols=6 Triang ;
  INPUT ---        16 16 16 16 16 16 ;
  INPUT ---        16 16 16 16 16 ;
  INPUT ---        16 16 16 16 ;
  INPUT ---        16 16 16 ;
  INPUT ---        16 16 ;
  INPUT ---        16 ;

  INPUT ---    group=1 r    rows=7 cols=7 Triang ;
  INPUT ---        17 17 17 17 17 17 17 ;
  INPUT ---        17 17 17 17 17 17 ;
  INPUT ---        17 17 17 17 17 ;
  INPUT ---        17 17 17 17 ;
  INPUT ---        17 17 17 ;
  INPUT ---        17 17 ;
  INPUT ---        17 ;

  INPUT ---    group=2 r    rows=7 cols=7 Triang ;
  INPUT ---        18 18 18 18 18 18 18 ;
  INPUT ---        18 18 18 18 18 18 ;
  INPUT ---        18 18 18 18 18 ;
  INPUT ---        18 18 18 18 ;
  INPUT ---        18 18 18 ;
  INPUT ---        18 18 ;
  INPUT ---        18 ;

  INPUT ---    group=3 r    rows=7 cols=7 Triang ;
  INPUT ---        17 17 17 17 17 17 17 ;
  INPUT ---        17 17 17 17 17 17 ;
  INPUT ---        17 17 17 17 17 ;
  INPUT ---        17 17 17 17 ;
  INPUT ---        17 17 17 ;
  INPUT ---        17 17 ;
  INPUT ---        17 ;

  INPUT ---    group=4 r    rows=7 cols=7 Triang ;
  INPUT ---        18 18 18 18 18 18 18 ;

  Program  MARK  - Survival Rate Estimation with Capture-Recapture Data
   gfortran(Win64) Vers. 8.0 Jun 2014   25-Jan-2015 15:11:09    Page  005
 - - - - - - - - - - - - - - - - - - - - - - - - - - - - - - - - - - - - - -
 
  INPUT ---        18 18 18 18 18 18 ;
  INPUT ---        18 18 18 18 18 ;
  INPUT ---        18 18 18 18 ;
  INPUT ---        18 18 18 ;
  INPUT ---        18 18 ;
  INPUT ---        18 ;

  INPUT ---    group=5 r    rows=7 cols=7 Triang ;
  INPUT ---        17 17 17 17 17 17 17 ;
  INPUT ---        17 17 17 17 17 17 ;
  INPUT ---        17 17 17 17 17 ;
  INPUT ---        17 17 17 17 ;
  INPUT ---        17 17 17 ;
  INPUT ---        17 17 ;
  INPUT ---        17 ;

  INPUT ---    group=6 r    rows=7 cols=7 Triang ;
  INPUT ---        18 18 18 18 18 18 18 ;
  INPUT ---        18 18 18 18 18 18 ;
  INPUT ---        18 18 18 18 18 ;
  INPUT ---        18 18 18 18 ;
  INPUT ---        18 18 18 ;
  INPUT ---        18 18 ;
  INPUT ---        18 ;

  INPUT ---    group=1 F    rows=6 cols=6 Triang ;
  INPUT ---        19 19 19 19 19 19 ;
  INPUT ---        19 19 19 19 19 ;
  INPUT ---        19 19 19 19 ;
  INPUT ---        19 19 19 ;
  INPUT ---        19 19 ;
  INPUT ---        19 ;

  INPUT ---    group=2 F    rows=6 cols=6 Triang ;
  INPUT ---        19 19 19 19 19 19 ;
  INPUT ---        19 19 19 19 19 ;
  INPUT ---        19 19 19 19 ;
  INPUT ---        19 19 19 ;
  INPUT ---        19 19 ;
  INPUT ---        19 ;

  INPUT ---    group=3 F    rows=6 cols=6 Triang ;
  INPUT ---        19 19 19 19 19 19 ;
  INPUT ---        19 19 19 19 19 ;
  INPUT ---        19 19 19 19 ;
  INPUT ---        19 19 19 ;

  Program  MARK  - Survival Rate Estimation with Capture-Recapture Data
   gfortran(Win64) Vers. 8.0 Jun 2014   25-Jan-2015 15:11:09    Page  006
 - - - - - - - - - - - - - - - - - - - - - - - - - - - - - - - - - - - - - -
 
  INPUT ---        19 19 ;
  INPUT ---        19 ;

  INPUT ---    group=4 F    rows=6 cols=6 Triang ;
  INPUT ---        19 19 19 19 19 19 ;
  INPUT ---        19 19 19 19 19 ;
  INPUT ---        19 19 19 19 ;
  INPUT ---        19 19 19 ;
  INPUT ---        19 19 ;
  INPUT ---        19 ;

  INPUT ---    group=5 F    rows=6 cols=6 Triang ;
  INPUT ---        19 19 19 19 19 19 ;
  INPUT ---        19 19 19 19 19 ;
  INPUT ---        19 19 19 19 ;
  INPUT ---        19 19 19 ;
  INPUT ---        19 19 ;
  INPUT ---        19 ;

  INPUT ---    group=6 F    rows=6 cols=6 Triang ;
  INPUT ---        19 19 19 19 19 19 ;
  INPUT ---        19 19 19 19 19 ;
  INPUT ---        19 19 19 19 ;
  INPUT ---        19 19 19 ;
  INPUT ---        19 19 ;
  INPUT ---        19 ;

  INPUT ---    design matrix constraints=19 covariates=13;
  INPUT ---        1 0 0 0 0 0 0 0 0 0 0 0 0;
  INPUT ---        1 0 1 0 0 0 0 0 0 0 0 0 0;
  INPUT ---        1 0 0 1 0 0 0 0 0 0 0 0 0;
  INPUT ---        1 0 0 0 1 0 0 0 0 0 0 0 0;
  INPUT ---        1 0 0 0 0 1 0 0 0 0 0 0 0;
  INPUT ---        1 0 0 0 0 0 1 0 0 0 0 0 0;
  INPUT ---        1 0 0 0 0 0 0 1 0 0 0 0 0;
  INPUT ---        1 1 0 0 0 0 0 0 0 0 0 0 0;
  INPUT ---        1 1 1 0 0 0 0 0 0 0 0 0 0;
  INPUT ---        1 1 0 1 0 0 0 0 0 0 0 0 0;
  INPUT ---        1 1 0 0 1 0 0 0 0 0 0 0 0;
  INPUT ---        1 1 0 0 0 1 0 0 0 0 0 0 0;
  INPUT ---        1 1 0 0 0 0 1 0 0 0 0 0 0;
  INPUT ---        1 1 0 0 0 0 0 1 0 0 0 0 0;
  INPUT ---        0 0 0 0 0 0 0 0 1 0 0 0 0;
  INPUT ---        0 0 0 0 0 0 0 0 1 1 0 0 0;
  INPUT ---        0 0 0 0 0 0 0 0 0 0 1 0 0;
  INPUT ---        0 0 0 0 0 0 0 0 0 0 1 1 0;

  Program  MARK  - Survival Rate Estimation with Capture-Recapture Data
   gfortran(Win64) Vers. 8.0 Jun 2014   25-Jan-2015 15:11:09    Page  007
 - - - - - - - - - - - - - - - - - - - - - - - - - - - - - - - - - - - - - -
 
  INPUT ---        0 0 0 0 0 0 0 0 0 0 0 0 1;

  INPUT ---    blabel(1)=S:(Intercept);

  INPUT ---    blabel(2)=S:sex5;

  INPUT ---    blabel(3)=S:time2006;

  INPUT ---    blabel(4)=S:time2007;

  INPUT ---    blabel(5)=S:time2008;

  INPUT ---    blabel(6)=S:time2009;

  INPUT ---    blabel(7)=S:time2010;

  INPUT ---    blabel(8)=S:time2011;

  INPUT ---    blabel(9)=p:(Intercept);

  INPUT ---    blabel(10)=p:sex5;

  INPUT ---    blabel(11)=r:(Intercept);

  INPUT ---    blabel(12)=r:sex5;

  INPUT ---    blabel(13)=F:(Intercept);

  INPUT ---    rlabel(1)=S g41 c2005 c1 a0 t2005;

  INPUT ---    rlabel(2)=S g41 c2005 c1 a1 t2006;

  INPUT ---    rlabel(3)=S g41 c2005 c1 a2 t2007;

  INPUT ---    rlabel(4)=S g41 c2005 c1 a3 t2008;

  INPUT ---    rlabel(5)=S g41 c2005 c1 a4 t2009;

  INPUT ---    rlabel(6)=S g41 c2005 c1 a5 t2010;

  INPUT ---    rlabel(7)=S g41 c2005 c1 a6 t2011;

  INPUT ---    rlabel(8)=S g51 c2005 c1 a0 t2005;

  INPUT ---    rlabel(9)=S g51 c2005 c1 a1 t2006;


  Program  MARK  - Survival Rate Estimation with Capture-Recapture Data
   gfortran(Win64) Vers. 8.0 Jun 2014   25-Jan-2015 15:11:09    Page  008
 - - - - - - - - - - - - - - - - - - - - - - - - - - - - - - - - - - - - - -
 
  INPUT ---    rlabel(10)=S g51 c2005 c1 a2 t2007;

  INPUT ---    rlabel(11)=S g51 c2005 c1 a3 t2008;

  INPUT ---    rlabel(12)=S g51 c2005 c1 a4 t2009;

  INPUT ---    rlabel(13)=S g51 c2005 c1 a5 t2010;

  INPUT ---    rlabel(14)=S g51 c2005 c1 a6 t2011;

  INPUT ---    rlabel(15)=p g41 c2005 c1 a1 t2006;

  INPUT ---    rlabel(16)=p g51 c2005 c1 a1 t2006;

  INPUT ---    rlabel(17)=r g41 c2005 c1 a0 t2005;

  INPUT ---    rlabel(18)=r g51 c2005 c1 a0 t2005;

  INPUT ---    rlabel(19)=F g41 c2005 c1 a0 t2005;

 Link Function Used is LOGIT        

 Variance Estimation Procedure Used is 2ndPart 

 M(t+1):



 -2logL(saturated) = 1739.8188     
 Effective Sample Size = 7075

 Number of function evaluations was 68 for 13 parameters.
 Time for numerical optimization was 0.59 seconds.
 -2logL { S(~sex + time)p(~sex)r(~sex)F(~1) } = 2666.4387     
 Penalty { S(~sex + time)p(~sex)r(~sex)F(~1) } = -0.0000000    
 Gradient { S(~sex + time)p(~sex)r(~sex)F(~1) }:
 -0.5549652E-04-0.2466764E-04-0.6756326E-04-0.7555051E-05 0.1788783E-04
   0.000000      0.000000      0.000000    -0.7081360E-04 0.3751049E-04
  0.1112164E-02 0.5344897E-03  0.000000    
 S Vector { S(~sex + time)p(~sex)r(~sex)F(~1) }:
   380.9848      53.73125      14.74056      2.649538      1.830690    
  0.5351224     0.7323763E-01 0.5890474E-05 0.1712269E-05 0.1206742E-06
  0.1107461E-07 0.1651035E-08 0.1410853E-08
 Time to compute number of parameters was 0.23 seconds.
   Threshold =  0.2800000E-06     Condition index =  0.3703173E-11     New Threshold =  0.5086902E-08
 New Guessimate of Estimated Parameters { S(~sex + time)p(~sex)r(~sex)F(~1) } = 8          
 Conditioned S Vector { S(~sex + time)p(~sex)r(~sex)F(~1) }:
   1.000000     0.1410325     0.3869068E-01 0.6954446E-02 0.4805153E-02
  0.1404577E-02 0.1922324E-03 0.1546118E-07 0.4494323E-08 0.3167429E-09
  0.2906839E-10 0.4333599E-11 0.3703173E-11
 Number of Estimated Parameters { S(~sex + time)p(~sex)r(~sex)F(~1) } = 7          
 DEVIANCE { S(~sex + time)p(~sex)r(~sex)F(~1) } = 926.61993                     
 DEVIANCE Degrees of Freedom { S(~sex + time)p(~sex)r(~sex)F(~1) } = 8            
 c-hat { S(~sex + time)p(~sex)r(~sex)F(~1) } = 115.82749                     
 AIC { S(~sex + time)p(~sex)r(~sex)F(~1) } = 2680.4387                  
 AICc { S(~sex + time)p(~sex)r(~sex)F(~1) } = 2680.4545                    
 BIC { S(~sex + time)p(~sex)r(~sex)F(~1) } = 2728.4889                    
 Pearson Chisquare { S(~sex + time)p(~sex)r(~sex)F(~1) } = Not a Number               
 Possible Encounter Histories { S(~sex + time)p(~sex)r(~sex)F(~1) } = 896             
 Pearson Chisquare df { S(~sex + time)p(~sex)r(~sex)F(~1) } = 853        
 Pearson chat { S(~sex + time)p(~sex)r(~sex)F(~1) } = Not a Number               
 Sum(Observed/Expected) { S(~sex + time)p(~sex)r(~sex)F(~1) } = Not a Number               
 Fletcher chat { S(~sex + time)p(~sex)r(~sex)F(~1) } = Not a Number               

  Program  MARK  - Survival Rate Estimation with Capture-Recapture Data
   gfortran(Win64) Vers. 8.0 Jun 2014   25-Jan-2015 15:11:10    Page  009
 - - - - - - - - - - - - - - - - - - - - - - - - - - - - - - - - - - - - - -
 


            LOGIT Link Function Parameters of { S(~sex + time)p(~sex)r(~sex)F(~1) }
                                                              95% Confidence Interval
 Parameter                    Beta         Standard Error      Lower           Upper
 -------------------------  --------------  --------------  --------------  --------------
    1:S:(Intercept)         57.997947       345.06021       -618.32007      734.31597     
    2:S:sex5                2.6869959       3.5643274       -4.2990859      9.6730778     
    3:S:time2006            -58.230068      345.05854       -734.54482      618.08468     
    4:S:time2007            -47.152933      629.87411       -1281.7062      1187.4003     
    5:S:time2008            -60.013180      345.06367       -736.33798      616.31162     
    6:S:time2009            -34.459286      9406.6328       -18471.460      18402.541     
    7:S:time2010            81.980680       0.3201930E-003  81.980053       81.981308     
    8:S:time2011            -96.665734      1258.3217       -2562.9764      2369.6449     
    9:p:(Intercept)         -6.0639265      0.4258999       -6.8986903      -5.2291627    
   10:p:sex5                -1.4246412      0.8810905       -3.1515786      0.3022962     
   11:r:(Intercept)         -3.1297389      0.0851358       -3.2966051      -2.9628727    
   12:r:sex5                0.0209679       0.1182701       -0.2108415      0.2527772     
   13:F:(Intercept)         24.094180       0.0000000       24.094180       24.094180     


            Real Function Parameters of { S(~sex + time)p(~sex)r(~sex)F(~1) }
                                                               95% Confidence Interval
  Parameter                  Estimate       Standard Error      Lower           Upper
 --------------------------  --------------  --------------  --------------  --------------
     1:S g41 c2005 c1 a0 t2  1.0000000       0.0000000       1.0000000       1.0000000                           
     2:S g41 c2005 c1 a1 t2  0.4422288       0.3851807       0.0358191       0.9441995                           
     3:S g41 c2005 c1 a2 t2  0.9999805       0.0102755       0.5055827E-299  1.0000000                           
     4:S g41 c2005 c1 a3 t2  0.1176128       0.1297417       0.0113677       0.6070866                           
     5:S g41 c2005 c1 a4 t2  1.0000000       0.5632596E-006  0.9999989       1.0000011                           
     6:S g41 c2005 c1 a5 t2  1.0000000       0.0000000       1.0000000       1.0000000                           
     7:S g41 c2005 c1 a6 t2  0.1609879E-016  0.2110745E-013  -.4135451E-013  0.4138671E-013                      
     8:S g51 c2005 c1 a0 t2  1.0000000       0.0000000       1.0000000       1.0000000                           
     9:S g51 c2005 c1 a1 t2  0.9209172       0.3066248       0.0030270       0.9999776                           
    10:S g51 c2005 c1 a2 t2  0.9999987       0.6996585E-003  0.7425740E-298  1.0000000                           
    11:S g51 c2005 c1 a3 t2  0.6618978       0.6993841       0.0042626       0.9988843                           
    12:S g51 c2005 c1 a4 t2  1.0000000       0.3834920E-007  0.9999999       1.0000001                           
    13:S g51 c2005 c1 a5 t2  1.0000000       0.0000000       1.0000000       1.0000000                           
    14:S g51 c2005 c1 a6 t2  0.2364508E-015  0.3100167E-012  -.6073963E-012  0.6078692E-012                      
    15:p g41 c2005 c1 a1 t2  0.0023199       0.9857355E-003  0.0010081       0.0053295                           
    16:p g51 c2005 c1 a1 t2  0.5591309E-003  0.4418855E-003  0.1187421E-003  0.0026285                           
    17:r g41 c2005 c1 a0 t2  0.0418971       0.0034175       0.0356878       0.0491316                           
    18:r g51 c2005 c1 a0 t2  0.0427469       0.0033593       0.0366262       0.0498376                           
    19:F g41 c2005 c1 a0 t2  1.0000000       0.0000000       1.0000000       1.0000000                           

 Attempted ordering of parameters by estimatibility:
  11 12  9 10  1  3  2  5  4 13  6  7  8
 Beta number 8 is a singular value.

     CPU Time in seconds for last procedure was 0.83

  Program  MARK  - Survival Rate Estimation with Capture-Recapture Data
   gfortran(Win64) Vers. 8.0 Jun 2014   25-Jan-2015 15:11:10    Page  010
 - - - - - - - - - - - - - - - - - - - - - - - - - - - - - - - - - - - - - -
 


  INPUT --- proc stop;

     CPU Time in minutes for this job was 0.01

     Time Start = 15:11:09.968   Time End = 15:11:10.214

     Wall Clock Time in minutes for this job was 0.00


          E X E C U T I O N   S U C C E S S F U L 
