
   Program  MARK  - Survival Rate Estimation with Capture-Recapture Data
   gfortran(Win64) Vers. 8.0 Jun 2014   25-Jan-2015 15:09:41    Page  001
 - - - - - - - - - - - - - - - - - - - - - - - - - - - - - - - - - - - - - -
 
   This version was compiled by GCC version 4.8.1 using the options 
   -m64 -mtune=generic -march=x86-64 -mthreads -O2 -fimplicit-none -fbounds-check -funroll-loops -ftree-vectorize -fopenmp.
   This problem will use 7 of 8 possible threads.


  INPUT --- proc title ;

     CPU Time in seconds for last procedure was 0.02


  INPUT --- proc chmatrix occasions= 7 groups= 6 etype= Both ICMeans 
  INPUT --- NoHist hist= 51 ;

  INPUT ---    time  interval 1 1 1 1 1 1 1 ;

  INPUT ---    glabel(1)=sex4.age1;

  INPUT ---    glabel(2)=sex5.age1;

  INPUT ---    glabel(3)=sex4.age2;

  INPUT ---    glabel(4)=sex5.age2;

  INPUT ---    glabel(5)=sex4.age4;

  INPUT ---    glabel(6)=sex5.age4;

   * *  WARNING  * *   At least a pair of the encounter histories are duplicates. 

      Number of unique encounter histories read was 17.

      Number of individual covariates read was 0.
      Time interval lengths are all equal to 1.

      Data type number is 3
      Data type is Joint Live and Dead Encounters (Burnham)                                                            

     CPU Time in seconds for last procedure was 0.00

  Program  MARK  - Survival Rate Estimation with Capture-Recapture Data
   gfortran(Win64) Vers. 8.0 Jun 2014   25-Jan-2015 15:09:41    Page  002
 - - - - - - - - - - - - - - - - - - - - - - - - - - - - - - - - - - - - - -
 


  INPUT --- proc estimate link=Logit NOLOOP varest=2ndPart    ;


  INPUT --- model={ S(~age + sex)p(~age)r(~age)F(~1) };

  INPUT ---    group=1 S    rows=7 cols=7 Triang ;
  INPUT ---        1 2 3 4 5 6 7 ;
  INPUT ---        1 2 3 4 5 6 ;
  INPUT ---        1 2 3 4 5 ;
  INPUT ---        1 2 3 4 ;
  INPUT ---        1 2 3 ;
  INPUT ---        1 2 ;
  INPUT ---        1 ;

  INPUT ---    group=2 S    rows=7 cols=7 Triang ;
  INPUT ---        8 9 10 11 12 13 14 ;
  INPUT ---        8 9 10 11 12 13 ;
  INPUT ---        8 9 10 11 12 ;
  INPUT ---        8 9 10 11 ;
  INPUT ---        8 9 10 ;
  INPUT ---        8 9 ;
  INPUT ---        8 ;

  INPUT ---    group=3 S    rows=7 cols=7 Triang ;
  INPUT ---        1 2 3 4 5 6 7 ;
  INPUT ---        1 2 3 4 5 6 ;
  INPUT ---        1 2 3 4 5 ;
  INPUT ---        1 2 3 4 ;
  INPUT ---        1 2 3 ;
  INPUT ---        1 2 ;
  INPUT ---        1 ;

  INPUT ---    group=4 S    rows=7 cols=7 Triang ;
  INPUT ---        8 9 10 11 12 13 14 ;
  INPUT ---        8 9 10 11 12 13 ;
  INPUT ---        8 9 10 11 12 ;
  INPUT ---        8 9 10 11 ;
  INPUT ---        8 9 10 ;
  INPUT ---        8 9 ;
  INPUT ---        8 ;

  INPUT ---    group=5 S    rows=7 cols=7 Triang ;
  INPUT ---        1 2 3 4 5 6 7 ;
  INPUT ---        1 2 3 4 5 6 ;

  Program  MARK  - Survival Rate Estimation with Capture-Recapture Data
   gfortran(Win64) Vers. 8.0 Jun 2014   25-Jan-2015 15:09:41    Page  003
 - - - - - - - - - - - - - - - - - - - - - - - - - - - - - - - - - - - - - -
 
  INPUT ---        1 2 3 4 5 ;
  INPUT ---        1 2 3 4 ;
  INPUT ---        1 2 3 ;
  INPUT ---        1 2 ;
  INPUT ---        1 ;

  INPUT ---    group=6 S    rows=7 cols=7 Triang ;
  INPUT ---        8 9 10 11 12 13 14 ;
  INPUT ---        8 9 10 11 12 13 ;
  INPUT ---        8 9 10 11 12 ;
  INPUT ---        8 9 10 11 ;
  INPUT ---        8 9 10 ;
  INPUT ---        8 9 ;
  INPUT ---        8 ;

  INPUT ---    group=1 p    rows=6 cols=6 Triang ;
  INPUT ---        15 16 17 18 19 20 ;
  INPUT ---        15 16 17 18 19 ;
  INPUT ---        15 16 17 18 ;
  INPUT ---        15 16 17 ;
  INPUT ---        15 16 ;
  INPUT ---        15 ;

  INPUT ---    group=2 p    rows=6 cols=6 Triang ;
  INPUT ---        15 16 17 18 19 20 ;
  INPUT ---        15 16 17 18 19 ;
  INPUT ---        15 16 17 18 ;
  INPUT ---        15 16 17 ;
  INPUT ---        15 16 ;
  INPUT ---        15 ;

  INPUT ---    group=3 p    rows=6 cols=6 Triang ;
  INPUT ---        15 16 17 18 19 20 ;
  INPUT ---        15 16 17 18 19 ;
  INPUT ---        15 16 17 18 ;
  INPUT ---        15 16 17 ;
  INPUT ---        15 16 ;
  INPUT ---        15 ;

  INPUT ---    group=4 p    rows=6 cols=6 Triang ;
  INPUT ---        15 16 17 18 19 20 ;
  INPUT ---        15 16 17 18 19 ;
  INPUT ---        15 16 17 18 ;
  INPUT ---        15 16 17 ;
  INPUT ---        15 16 ;
  INPUT ---        15 ;

  Program  MARK  - Survival Rate Estimation with Capture-Recapture Data
   gfortran(Win64) Vers. 8.0 Jun 2014   25-Jan-2015 15:09:41    Page  004
 - - - - - - - - - - - - - - - - - - - - - - - - - - - - - - - - - - - - - -
 

  INPUT ---    group=5 p    rows=6 cols=6 Triang ;
  INPUT ---        15 16 17 18 19 20 ;
  INPUT ---        15 16 17 18 19 ;
  INPUT ---        15 16 17 18 ;
  INPUT ---        15 16 17 ;
  INPUT ---        15 16 ;
  INPUT ---        15 ;

  INPUT ---    group=6 p    rows=6 cols=6 Triang ;
  INPUT ---        15 16 17 18 19 20 ;
  INPUT ---        15 16 17 18 19 ;
  INPUT ---        15 16 17 18 ;
  INPUT ---        15 16 17 ;
  INPUT ---        15 16 ;
  INPUT ---        15 ;

  INPUT ---    group=1 r    rows=7 cols=7 Triang ;
  INPUT ---        21 22 23 24 25 26 27 ;
  INPUT ---        21 22 23 24 25 26 ;
  INPUT ---        21 22 23 24 25 ;
  INPUT ---        21 22 23 24 ;
  INPUT ---        21 22 23 ;
  INPUT ---        21 22 ;
  INPUT ---        21 ;

  INPUT ---    group=2 r    rows=7 cols=7 Triang ;
  INPUT ---        21 22 23 24 25 26 27 ;
  INPUT ---        21 22 23 24 25 26 ;
  INPUT ---        21 22 23 24 25 ;
  INPUT ---        21 22 23 24 ;
  INPUT ---        21 22 23 ;
  INPUT ---        21 22 ;
  INPUT ---        21 ;

  INPUT ---    group=3 r    rows=7 cols=7 Triang ;
  INPUT ---        21 22 23 24 25 26 27 ;
  INPUT ---        21 22 23 24 25 26 ;
  INPUT ---        21 22 23 24 25 ;
  INPUT ---        21 22 23 24 ;
  INPUT ---        21 22 23 ;
  INPUT ---        21 22 ;
  INPUT ---        21 ;

  INPUT ---    group=4 r    rows=7 cols=7 Triang ;
  INPUT ---        21 22 23 24 25 26 27 ;

  Program  MARK  - Survival Rate Estimation with Capture-Recapture Data
   gfortran(Win64) Vers. 8.0 Jun 2014   25-Jan-2015 15:09:41    Page  005
 - - - - - - - - - - - - - - - - - - - - - - - - - - - - - - - - - - - - - -
 
  INPUT ---        21 22 23 24 25 26 ;
  INPUT ---        21 22 23 24 25 ;
  INPUT ---        21 22 23 24 ;
  INPUT ---        21 22 23 ;
  INPUT ---        21 22 ;
  INPUT ---        21 ;

  INPUT ---    group=5 r    rows=7 cols=7 Triang ;
  INPUT ---        21 22 23 24 25 26 27 ;
  INPUT ---        21 22 23 24 25 26 ;
  INPUT ---        21 22 23 24 25 ;
  INPUT ---        21 22 23 24 ;
  INPUT ---        21 22 23 ;
  INPUT ---        21 22 ;
  INPUT ---        21 ;

  INPUT ---    group=6 r    rows=7 cols=7 Triang ;
  INPUT ---        21 22 23 24 25 26 27 ;
  INPUT ---        21 22 23 24 25 26 ;
  INPUT ---        21 22 23 24 25 ;
  INPUT ---        21 22 23 24 ;
  INPUT ---        21 22 23 ;
  INPUT ---        21 22 ;
  INPUT ---        21 ;

  INPUT ---    group=1 F    rows=6 cols=6 Triang ;
  INPUT ---        28 28 28 28 28 28 ;
  INPUT ---        28 28 28 28 28 ;
  INPUT ---        28 28 28 28 ;
  INPUT ---        28 28 28 ;
  INPUT ---        28 28 ;
  INPUT ---        28 ;

  INPUT ---    group=2 F    rows=6 cols=6 Triang ;
  INPUT ---        28 28 28 28 28 28 ;
  INPUT ---        28 28 28 28 28 ;
  INPUT ---        28 28 28 28 ;
  INPUT ---        28 28 28 ;
  INPUT ---        28 28 ;
  INPUT ---        28 ;

  INPUT ---    group=3 F    rows=6 cols=6 Triang ;
  INPUT ---        28 28 28 28 28 28 ;
  INPUT ---        28 28 28 28 28 ;
  INPUT ---        28 28 28 28 ;
  INPUT ---        28 28 28 ;

  Program  MARK  - Survival Rate Estimation with Capture-Recapture Data
   gfortran(Win64) Vers. 8.0 Jun 2014   25-Jan-2015 15:09:41    Page  006
 - - - - - - - - - - - - - - - - - - - - - - - - - - - - - - - - - - - - - -
 
  INPUT ---        28 28 ;
  INPUT ---        28 ;

  INPUT ---    group=4 F    rows=6 cols=6 Triang ;
  INPUT ---        28 28 28 28 28 28 ;
  INPUT ---        28 28 28 28 28 ;
  INPUT ---        28 28 28 28 ;
  INPUT ---        28 28 28 ;
  INPUT ---        28 28 ;
  INPUT ---        28 ;

  INPUT ---    group=5 F    rows=6 cols=6 Triang ;
  INPUT ---        28 28 28 28 28 28 ;
  INPUT ---        28 28 28 28 28 ;
  INPUT ---        28 28 28 28 ;
  INPUT ---        28 28 28 ;
  INPUT ---        28 28 ;
  INPUT ---        28 ;

  INPUT ---    group=6 F    rows=6 cols=6 Triang ;
  INPUT ---        28 28 28 28 28 28 ;
  INPUT ---        28 28 28 28 28 ;
  INPUT ---        28 28 28 28 ;
  INPUT ---        28 28 28 ;
  INPUT ---        28 28 ;
  INPUT ---        28 ;

  INPUT ---    design matrix constraints=28 covariates=22;
  INPUT ---        1 0 0 0 0 0 0 0 0 0 0 0 0 0 0 0 0 0 0 0 0 0;
  INPUT ---        1 1 0 0 0 0 0 0 0 0 0 0 0 0 0 0 0 0 0 0 0 0;
  INPUT ---        1 0 1 0 0 0 0 0 0 0 0 0 0 0 0 0 0 0 0 0 0 0;
  INPUT ---        1 0 0 1 0 0 0 0 0 0 0 0 0 0 0 0 0 0 0 0 0 0;
  INPUT ---        1 0 0 0 1 0 0 0 0 0 0 0 0 0 0 0 0 0 0 0 0 0;
  INPUT ---        1 0 0 0 0 1 0 0 0 0 0 0 0 0 0 0 0 0 0 0 0 0;
  INPUT ---        1 0 0 0 0 0 1 0 0 0 0 0 0 0 0 0 0 0 0 0 0 0;
  INPUT ---        1 0 0 0 0 0 0 1 0 0 0 0 0 0 0 0 0 0 0 0 0 0;
  INPUT ---        1 1 0 0 0 0 0 1 0 0 0 0 0 0 0 0 0 0 0 0 0 0;
  INPUT ---        1 0 1 0 0 0 0 1 0 0 0 0 0 0 0 0 0 0 0 0 0 0;
  INPUT ---        1 0 0 1 0 0 0 1 0 0 0 0 0 0 0 0 0 0 0 0 0 0;
  INPUT ---        1 0 0 0 1 0 0 1 0 0 0 0 0 0 0 0 0 0 0 0 0 0;
  INPUT ---        1 0 0 0 0 1 0 1 0 0 0 0 0 0 0 0 0 0 0 0 0 0;
  INPUT ---        1 0 0 0 0 0 1 1 0 0 0 0 0 0 0 0 0 0 0 0 0 0;
  INPUT ---        0 0 0 0 0 0 0 0 1 0 0 0 0 0 0 0 0 0 0 0 0 0;
  INPUT ---        0 0 0 0 0 0 0 0 1 1 0 0 0 0 0 0 0 0 0 0 0 0;
  INPUT ---        0 0 0 0 0 0 0 0 1 0 1 0 0 0 0 0 0 0 0 0 0 0;
  INPUT ---        0 0 0 0 0 0 0 0 1 0 0 1 0 0 0 0 0 0 0 0 0 0;

  Program  MARK  - Survival Rate Estimation with Capture-Recapture Data
   gfortran(Win64) Vers. 8.0 Jun 2014   25-Jan-2015 15:09:41    Page  007
 - - - - - - - - - - - - - - - - - - - - - - - - - - - - - - - - - - - - - -
 
  INPUT ---        0 0 0 0 0 0 0 0 1 0 0 0 1 0 0 0 0 0 0 0 0 0;
  INPUT ---        0 0 0 0 0 0 0 0 1 0 0 0 0 1 0 0 0 0 0 0 0 0;
  INPUT ---        0 0 0 0 0 0 0 0 0 0 0 0 0 0 1 0 0 0 0 0 0 0;
  INPUT ---        0 0 0 0 0 0 0 0 0 0 0 0 0 0 1 1 0 0 0 0 0 0;
  INPUT ---        0 0 0 0 0 0 0 0 0 0 0 0 0 0 1 0 1 0 0 0 0 0;
  INPUT ---        0 0 0 0 0 0 0 0 0 0 0 0 0 0 1 0 0 1 0 0 0 0;
  INPUT ---        0 0 0 0 0 0 0 0 0 0 0 0 0 0 1 0 0 0 1 0 0 0;
  INPUT ---        0 0 0 0 0 0 0 0 0 0 0 0 0 0 1 0 0 0 0 1 0 0;
  INPUT ---        0 0 0 0 0 0 0 0 0 0 0 0 0 0 1 0 0 0 0 0 1 0;
  INPUT ---        0 0 0 0 0 0 0 0 0 0 0 0 0 0 0 0 0 0 0 0 0 1;

  INPUT ---    blabel(1)=S:(Intercept);

  INPUT ---    blabel(2)=S:age1;

  INPUT ---    blabel(3)=S:age2;

  INPUT ---    blabel(4)=S:age3;

  INPUT ---    blabel(5)=S:age4;

  INPUT ---    blabel(6)=S:age5;

  INPUT ---    blabel(7)=S:age6;

  INPUT ---    blabel(8)=S:sex5;

  INPUT ---    blabel(9)=p:(Intercept);

  INPUT ---    blabel(10)=p:age2;

  INPUT ---    blabel(11)=p:age3;

  INPUT ---    blabel(12)=p:age4;

  INPUT ---    blabel(13)=p:age5;

  INPUT ---    blabel(14)=p:age6;

  INPUT ---    blabel(15)=r:(Intercept);

  INPUT ---    blabel(16)=r:age1;

  INPUT ---    blabel(17)=r:age2;

  INPUT ---    blabel(18)=r:age3;

  Program  MARK  - Survival Rate Estimation with Capture-Recapture Data
   gfortran(Win64) Vers. 8.0 Jun 2014   25-Jan-2015 15:09:41    Page  008
 - - - - - - - - - - - - - - - - - - - - - - - - - - - - - - - - - - - - - -
 

  INPUT ---    blabel(19)=r:age4;

  INPUT ---    blabel(20)=r:age5;

  INPUT ---    blabel(21)=r:age6;

  INPUT ---    blabel(22)=F:(Intercept);

  INPUT ---    rlabel(1)=S g41 c2005 c1 a0 t2005;

  INPUT ---    rlabel(2)=S g41 c2005 c1 a1 t2006;

  INPUT ---    rlabel(3)=S g41 c2005 c1 a2 t2007;

  INPUT ---    rlabel(4)=S g41 c2005 c1 a3 t2008;

  INPUT ---    rlabel(5)=S g41 c2005 c1 a4 t2009;

  INPUT ---    rlabel(6)=S g41 c2005 c1 a5 t2010;

  INPUT ---    rlabel(7)=S g41 c2005 c1 a6 t2011;

  INPUT ---    rlabel(8)=S g51 c2005 c1 a0 t2005;

  INPUT ---    rlabel(9)=S g51 c2005 c1 a1 t2006;

  INPUT ---    rlabel(10)=S g51 c2005 c1 a2 t2007;

  INPUT ---    rlabel(11)=S g51 c2005 c1 a3 t2008;

  INPUT ---    rlabel(12)=S g51 c2005 c1 a4 t2009;

  INPUT ---    rlabel(13)=S g51 c2005 c1 a5 t2010;

  INPUT ---    rlabel(14)=S g51 c2005 c1 a6 t2011;

  INPUT ---    rlabel(15)=p g41 c2005 c1 a1 t2006;

  INPUT ---    rlabel(16)=p g41 c2005 c1 a2 t2007;

  INPUT ---    rlabel(17)=p g41 c2005 c1 a3 t2008;

  INPUT ---    rlabel(18)=p g41 c2005 c1 a4 t2009;

  INPUT ---    rlabel(19)=p g41 c2005 c1 a5 t2010;

  Program  MARK  - Survival Rate Estimation with Capture-Recapture Data
   gfortran(Win64) Vers. 8.0 Jun 2014   25-Jan-2015 15:09:41    Page  009
 - - - - - - - - - - - - - - - - - - - - - - - - - - - - - - - - - - - - - -
 

  INPUT ---    rlabel(20)=p g41 c2005 c1 a6 t2011;

  INPUT ---    rlabel(21)=r g41 c2005 c1 a0 t2005;

  INPUT ---    rlabel(22)=r g41 c2005 c1 a1 t2006;

  INPUT ---    rlabel(23)=r g41 c2005 c1 a2 t2007;

  INPUT ---    rlabel(24)=r g41 c2005 c1 a3 t2008;

  INPUT ---    rlabel(25)=r g41 c2005 c1 a4 t2009;

  INPUT ---    rlabel(26)=r g41 c2005 c1 a5 t2010;

  INPUT ---    rlabel(27)=r g41 c2005 c1 a6 t2011;

  INPUT ---    rlabel(28)=F g41 c2005 c1 a0 t2005;

 Link Function Used is LOGIT        

 Variance Estimation Procedure Used is 2ndPart 

 M(t+1):



 -2logL(saturated) = 1739.8188     
 Effective Sample Size = 7075

 Number of function evaluations was 137 for 22 parameters.
 Time for numerical optimization was 2.51 seconds.
 -2logL { S(~age + sex)p(~age)r(~age)F(~1) } = 2683.2031     
 Penalty { S(~age + sex)p(~age)r(~age)F(~1) } = -0.0000000    
 Gradient { S(~age + sex)p(~age)r(~age)F(~1) }:
  0.4676121E-04-0.4774441E-05  0.000000      0.000000      0.000000    
   0.000000      0.000000    -0.2767202E-04 0.9456812E-05-0.3802909E-04
   0.000000     0.1604618E-04  0.000000     0.2713826E-05-0.1133150E-03
   0.000000      0.000000      0.000000      0.000000      0.000000    
   0.000000     0.8897121E-04
 S Vector { S(~age + sex)p(~age)r(~age)F(~1) }:
   286.1910      37.70640      6.654021      2.553227      1.704036    
   1.271084      1.009929     0.8341048     0.2157643     0.1545745E-04
  0.1111204E-05 0.9850927E-06 0.9655303E-06 0.6947926E-06 0.5999379E-06
  0.4051062E-06 0.3523447E-06 0.1892137E-06 0.1165298E-06 0.8086318E-07
  0.5512103E-07 0.1372009E-07
 Time to compute number of parameters was 0.69 seconds.
   Threshold =  0.4600000E-06     Condition index =  0.4794033E-10     New Threshold =  0.6435292E-07

  Program  MARK  - Survival Rate Estimation with Capture-Recapture Data
   gfortran(Win64) Vers. 8.0 Jun 2014   25-Jan-2015 15:09:42    Page  010
 - - - - - - - - - - - - - - - - - - - - - - - - - - - - - - - - - - - - - -
 
 New Guessimate of Estimated Parameters { S(~age + sex)p(~age)r(~age)F(~1) } = 9          
 Conditioned S Vector { S(~age + sex)p(~age)r(~age)F(~1) }:
   1.000000     0.1317526     0.2325028E-01 0.8921412E-02 0.5954191E-02
  0.4441384E-02 0.3528865E-02 0.2914504E-02 0.7539174E-03 0.5401096E-07
  0.3882735E-08 0.3442082E-08 0.3373727E-08 0.2427724E-08 0.2096285E-08
  0.1415510E-08 0.1231153E-08 0.6611448E-09 0.4071751E-09 0.2825497E-09
  0.1926023E-09 0.4794033E-10
 Number of Estimated Parameters { S(~age + sex)p(~age)r(~age)F(~1) } = 9          
 DEVIANCE { S(~age + sex)p(~age)r(~age)F(~1) } = 943.38437                     
 DEVIANCE Degrees of Freedom { S(~age + sex)p(~age)r(~age)F(~1) } = 6            
 c-hat { S(~age + sex)p(~age)r(~age)F(~1) } = 157.23073                     
 AIC { S(~age + sex)p(~age)r(~age)F(~1) } = 2701.2031                  
 AICc { S(~age + sex)p(~age)r(~age)F(~1) } = 2701.2286                    
 BIC { S(~age + sex)p(~age)r(~age)F(~1) } = 2762.9820                    
 Pearson Chisquare { S(~age + sex)p(~age)r(~age)F(~1) } = Not a Number               
 Possible Encounter Histories { S(~age + sex)p(~age)r(~age)F(~1) } = 896             
 Pearson Chisquare df { S(~age + sex)p(~age)r(~age)F(~1) } = 851        
 Pearson chat { S(~age + sex)p(~age)r(~age)F(~1) } = Not a Number               
 Sum(Observed/Expected) { S(~age + sex)p(~age)r(~age)F(~1) } = Not a Number               
 Fletcher chat { S(~age + sex)p(~age)r(~age)F(~1) } = Not a Number               


             LOGIT Link Function Parameters of { S(~age + sex)p(~age)r(~age)F(~1) }
                                                              95% Confidence Interval
 Parameter                    Beta         Standard Error      Lower           Upper
 -------------------------  --------------  --------------  --------------  --------------
    1:S:(Intercept)         -1.9174654      1.3774207       -4.6172100      0.7822792     
    2:S:age1                8.5246191       1.0119782       6.5411417       10.508096     
    3:S:age2                17.357086       2540.6827       -4962.3811      4997.0953     
    4:S:age3                15.483120       955.74610       -1857.7793      1888.7455     
    5:S:age4                15.326529       1333.0424       -2597.4366      2628.0897     
    6:S:age5                16.270300       1291.8300       -2515.7165      2548.2571     
    7:S:age6                0.7163811       258.93426       -506.79477      508.22753     
    8:S:sex5                -0.6433472      0.6588265       -1.9346472      0.6479528     
    9:p:(Intercept)         -3.8086749      1.1888139       -6.1387502      -1.4785997    
   10:p:age2                -0.1957882      0.8733051       -1.9074662      1.5158898     
   11:p:age3                0.0752355       1.2228654       -2.3215807      2.4720517     
   12:p:age4                1.8339914       1.1928852       -0.5040636      4.1720463     
   13:p:age5                -16.475314      5140.9125       -10092.664      10059.713     
   14:p:age6                15.756689       0.0000000       15.756689       15.756689     
   15:r:(Intercept)         -3.0131258      0.1629418       -3.3324916      -2.6937599    
   16:r:age1                19.309282       3072.6578       -6003.1002      6041.7188     
   17:r:age2                -18.822743      4850.5488       -9525.8987      9488.2532     
   18:r:age3                -11.800670      1829.1976       -3597.0280      3573.4267     
   19:r:age4                -6.9799335      1618.1896       -3178.6316      3164.6717     
   20:r:age5                -2.7303206      418.36914       -822.73386      817.27322     
   21:r:age6                -17.699682      6807.0701       -13359.557      13324.158     
   22:F:(Intercept)         -0.0222348      0.5413227       -1.0832273      1.0387576     


             Real Function Parameters of { S(~age + sex)p(~age)r(~age)F(~1) }
                                                               95% Confidence Interval
  Parameter                  Estimate       Standard Error      Lower           Upper
 --------------------------  --------------  --------------  --------------  --------------
     1:S g41 c2005 c1 a0 t2  0.1281445       0.1538902       0.0097837       0.6861711                           
     2:S g41 c2005 c1 a1 t2  0.9986512       0.0021443       0.9703176       0.9999404                           
     3:S g41 c2005 c1 a2 t2  0.9999998       0.5007352E-003  0.5002703E-297  1.0000000                           
     4:S g41 c2005 c1 a3 t2  0.9999987       0.0012270       0.7679827E-298  1.0000000                           
     5:S g41 c2005 c1 a4 t2  0.9999985       0.0020015       0.6566670E-298  1.0000000                           
     6:S g41 c2005 c1 a5 t2  0.9999994       0.7548271E-003  0.1687406E-297  1.0000000                           

  Program  MARK  - Survival Rate Estimation with Capture-Recapture Data
   gfortran(Win64) Vers. 8.0 Jun 2014   25-Jan-2015 15:09:42    Page  011
 - - - - - - - - - - - - - - - - - - - - - - - - - - - - - - - - - - - - - -
 
     7:S g41 c2005 c1 a6 t2  0.2312824       46.036736       0.1164739E-220  1.0000000                           
     8:S g51 c2005 c1 a0 t2  0.0717034       0.1126445       0.0027932       0.6805152                           
     9:S g51 c2005 c1 a1 t2  0.9974365       0.0047264       0.9122005       0.9999314                           
    10:S g51 c2005 c1 a2 t2  0.9999996       0.9528183E-003  0.2629073E-297  1.0000000                           
    11:S g51 c2005 c1 a3 t2  0.9999976       0.0023348       0.4035983E-298  1.0000000                           
    12:S g51 c2005 c1 a4 t2  0.9999971       0.0038086       0.3450985E-298  1.0000000                           
    13:S g51 c2005 c1 a5 t2  0.9999989       0.0014363       0.8867831E-298  1.0000000                           
    14:S g51 c2005 c1 a6 t2  0.1365280       30.525880       0.6099738E-221  1.0000000                           
    15:p g41 c2005 c1 a1 t2  0.0216964       0.0252333       0.0021530       0.1856390                           
    16:p g41 c2005 c1 a2 t2  0.0179075       0.0204335       0.0018667       0.1509447                           
    17:p g41 c2005 c1 a3 t2  0.0233521       0.0294119       0.0019055       0.2304448                           
    18:p g41 c2005 c1 a4 t2  0.1218867       0.1177720       0.0158067       0.5453808                           
    19:p g41 c2005 c1 a5 t2  0.1551584E-008  0.7976557E-005  -.1563250E-004  0.1563560E-004                      
    20:p g41 c2005 c1 a6 t2  0.9999935       0.0000000       0.9999935       0.9999935                           
    21:r g41 c2005 c1 a0 t2  0.0468364       0.0072742       0.0344732       0.0633426                           
    22:r g41 c2005 c1 a1 t2  0.9999999       0.2571482E-003  0.1178130E-296  1.0000000                           
    23:r g41 c2005 c1 a2 t2  0.3287021E-009  0.1594386E-005  -.3124667E-005  0.3125325E-005                      
    24:r g41 c2005 c1 a3 t2  0.3685106E-006  0.6740784E-003  0.3633396E-310  1.0000000                           
    25:r g41 c2005 c1 a4 t2  0.4571404E-004  0.0739706       0.4507463E-308  1.0000000                           
    26:r g41 c2005 c1 a5 t2  0.0031935       1.3317849       0.3158753E-306  1.0000000                           
    27:r g41 c2005 c1 a6 t2  0.1010513E-008  0.6878634E-005  -.1348111E-004  0.1348313E-004                      
    28:F g41 c2005 c1 a0 t2  0.4944415       0.1353139       0.2528958       0.7386102                           

 Attempted ordering of parameters by estimatibility:
  15 22  9  8 10 12  2 11  1  7  4 14 19  6  5 20 18  3 16 13 17 21
 Beta number 21 is a singular value.

     CPU Time in seconds for last procedure was 3.20

  Program  MARK  - Survival Rate Estimation with Capture-Recapture Data
   gfortran(Win64) Vers. 8.0 Jun 2014   25-Jan-2015 15:09:42    Page  012
 - - - - - - - - - - - - - - - - - - - - - - - - - - - - - - - - - - - - - -
 


  INPUT --- proc stop;

     CPU Time in minutes for this job was 0.05

     Time Start = 15:09:41.333   Time End = 15:09:42.144

     Wall Clock Time in minutes for this job was 0.01


          E X E C U T I O N   S U C C E S S F U L 
