
   Program  MARK  - Survival Rate Estimation with Capture-Recapture Data
   gfortran(Win64) Vers. 8.0 Jun 2014   25-Jan-2015 15:10:12    Page  001
 - - - - - - - - - - - - - - - - - - - - - - - - - - - - - - - - - - - - - -
 
   This version was compiled by GCC version 4.8.1 using the options 
   -m64 -mtune=generic -march=x86-64 -mthreads -O2 -fimplicit-none -fbounds-check -funroll-loops -ftree-vectorize -fopenmp.
   This problem will use 7 of 8 possible threads.


  INPUT --- proc title ;

     CPU Time in seconds for last procedure was 0.00


  INPUT --- proc chmatrix occasions= 7 groups= 6 etype= Both ICMeans 
  INPUT --- NoHist hist= 51 ;

  INPUT ---    time  interval 1 1 1 1 1 1 1 ;

  INPUT ---    glabel(1)=sex4.age1;

  INPUT ---    glabel(2)=sex5.age1;

  INPUT ---    glabel(3)=sex4.age2;

  INPUT ---    glabel(4)=sex5.age2;

  INPUT ---    glabel(5)=sex4.age4;

  INPUT ---    glabel(6)=sex5.age4;

   * *  WARNING  * *   At least a pair of the encounter histories are duplicates. 

      Number of unique encounter histories read was 17.

      Number of individual covariates read was 0.
      Time interval lengths are all equal to 1.

      Data type number is 3
      Data type is Joint Live and Dead Encounters (Burnham)                                                            

     CPU Time in seconds for last procedure was 0.00

  Program  MARK  - Survival Rate Estimation with Capture-Recapture Data
   gfortran(Win64) Vers. 8.0 Jun 2014   25-Jan-2015 15:10:12    Page  002
 - - - - - - - - - - - - - - - - - - - - - - - - - - - - - - - - - - - - - -
 


  INPUT --- proc estimate link=Logit NOLOOP varest=2ndPart    ;


  INPUT --- model={ S(~time)p(~age + sex)r(~age)F(~1) };

  INPUT ---    group=1 S    rows=7 cols=7 Triang ;
  INPUT ---        1 2 3 4 5 6 7 ;
  INPUT ---        2 3 4 5 6 7 ;
  INPUT ---        3 4 5 6 7 ;
  INPUT ---        4 5 6 7 ;
  INPUT ---        5 6 7 ;
  INPUT ---        6 7 ;
  INPUT ---        7 ;

  INPUT ---    group=2 S    rows=7 cols=7 Triang ;
  INPUT ---        1 2 3 4 5 6 7 ;
  INPUT ---        2 3 4 5 6 7 ;
  INPUT ---        3 4 5 6 7 ;
  INPUT ---        4 5 6 7 ;
  INPUT ---        5 6 7 ;
  INPUT ---        6 7 ;
  INPUT ---        7 ;

  INPUT ---    group=3 S    rows=7 cols=7 Triang ;
  INPUT ---        1 2 3 4 5 6 7 ;
  INPUT ---        2 3 4 5 6 7 ;
  INPUT ---        3 4 5 6 7 ;
  INPUT ---        4 5 6 7 ;
  INPUT ---        5 6 7 ;
  INPUT ---        6 7 ;
  INPUT ---        7 ;

  INPUT ---    group=4 S    rows=7 cols=7 Triang ;
  INPUT ---        1 2 3 4 5 6 7 ;
  INPUT ---        2 3 4 5 6 7 ;
  INPUT ---        3 4 5 6 7 ;
  INPUT ---        4 5 6 7 ;
  INPUT ---        5 6 7 ;
  INPUT ---        6 7 ;
  INPUT ---        7 ;

  INPUT ---    group=5 S    rows=7 cols=7 Triang ;
  INPUT ---        1 2 3 4 5 6 7 ;
  INPUT ---        2 3 4 5 6 7 ;

  Program  MARK  - Survival Rate Estimation with Capture-Recapture Data
   gfortran(Win64) Vers. 8.0 Jun 2014   25-Jan-2015 15:10:12    Page  003
 - - - - - - - - - - - - - - - - - - - - - - - - - - - - - - - - - - - - - -
 
  INPUT ---        3 4 5 6 7 ;
  INPUT ---        4 5 6 7 ;
  INPUT ---        5 6 7 ;
  INPUT ---        6 7 ;
  INPUT ---        7 ;

  INPUT ---    group=6 S    rows=7 cols=7 Triang ;
  INPUT ---        1 2 3 4 5 6 7 ;
  INPUT ---        2 3 4 5 6 7 ;
  INPUT ---        3 4 5 6 7 ;
  INPUT ---        4 5 6 7 ;
  INPUT ---        5 6 7 ;
  INPUT ---        6 7 ;
  INPUT ---        7 ;

  INPUT ---    group=1 p    rows=6 cols=6 Triang ;
  INPUT ---        8 9 10 11 12 13 ;
  INPUT ---        8 9 10 11 12 ;
  INPUT ---        8 9 10 11 ;
  INPUT ---        8 9 10 ;
  INPUT ---        8 9 ;
  INPUT ---        8 ;

  INPUT ---    group=2 p    rows=6 cols=6 Triang ;
  INPUT ---        14 15 16 17 18 19 ;
  INPUT ---        14 15 16 17 18 ;
  INPUT ---        14 15 16 17 ;
  INPUT ---        14 15 16 ;
  INPUT ---        14 15 ;
  INPUT ---        14 ;

  INPUT ---    group=3 p    rows=6 cols=6 Triang ;
  INPUT ---        8 9 10 11 12 13 ;
  INPUT ---        8 9 10 11 12 ;
  INPUT ---        8 9 10 11 ;
  INPUT ---        8 9 10 ;
  INPUT ---        8 9 ;
  INPUT ---        8 ;

  INPUT ---    group=4 p    rows=6 cols=6 Triang ;
  INPUT ---        14 15 16 17 18 19 ;
  INPUT ---        14 15 16 17 18 ;
  INPUT ---        14 15 16 17 ;
  INPUT ---        14 15 16 ;
  INPUT ---        14 15 ;
  INPUT ---        14 ;

  Program  MARK  - Survival Rate Estimation with Capture-Recapture Data
   gfortran(Win64) Vers. 8.0 Jun 2014   25-Jan-2015 15:10:12    Page  004
 - - - - - - - - - - - - - - - - - - - - - - - - - - - - - - - - - - - - - -
 

  INPUT ---    group=5 p    rows=6 cols=6 Triang ;
  INPUT ---        8 9 10 11 12 13 ;
  INPUT ---        8 9 10 11 12 ;
  INPUT ---        8 9 10 11 ;
  INPUT ---        8 9 10 ;
  INPUT ---        8 9 ;
  INPUT ---        8 ;

  INPUT ---    group=6 p    rows=6 cols=6 Triang ;
  INPUT ---        14 15 16 17 18 19 ;
  INPUT ---        14 15 16 17 18 ;
  INPUT ---        14 15 16 17 ;
  INPUT ---        14 15 16 ;
  INPUT ---        14 15 ;
  INPUT ---        14 ;

  INPUT ---    group=1 r    rows=7 cols=7 Triang ;
  INPUT ---        20 21 22 23 24 25 26 ;
  INPUT ---        20 21 22 23 24 25 ;
  INPUT ---        20 21 22 23 24 ;
  INPUT ---        20 21 22 23 ;
  INPUT ---        20 21 22 ;
  INPUT ---        20 21 ;
  INPUT ---        20 ;

  INPUT ---    group=2 r    rows=7 cols=7 Triang ;
  INPUT ---        20 21 22 23 24 25 26 ;
  INPUT ---        20 21 22 23 24 25 ;
  INPUT ---        20 21 22 23 24 ;
  INPUT ---        20 21 22 23 ;
  INPUT ---        20 21 22 ;
  INPUT ---        20 21 ;
  INPUT ---        20 ;

  INPUT ---    group=3 r    rows=7 cols=7 Triang ;
  INPUT ---        20 21 22 23 24 25 26 ;
  INPUT ---        20 21 22 23 24 25 ;
  INPUT ---        20 21 22 23 24 ;
  INPUT ---        20 21 22 23 ;
  INPUT ---        20 21 22 ;
  INPUT ---        20 21 ;
  INPUT ---        20 ;

  INPUT ---    group=4 r    rows=7 cols=7 Triang ;
  INPUT ---        20 21 22 23 24 25 26 ;

  Program  MARK  - Survival Rate Estimation with Capture-Recapture Data
   gfortran(Win64) Vers. 8.0 Jun 2014   25-Jan-2015 15:10:12    Page  005
 - - - - - - - - - - - - - - - - - - - - - - - - - - - - - - - - - - - - - -
 
  INPUT ---        20 21 22 23 24 25 ;
  INPUT ---        20 21 22 23 24 ;
  INPUT ---        20 21 22 23 ;
  INPUT ---        20 21 22 ;
  INPUT ---        20 21 ;
  INPUT ---        20 ;

  INPUT ---    group=5 r    rows=7 cols=7 Triang ;
  INPUT ---        20 21 22 23 24 25 26 ;
  INPUT ---        20 21 22 23 24 25 ;
  INPUT ---        20 21 22 23 24 ;
  INPUT ---        20 21 22 23 ;
  INPUT ---        20 21 22 ;
  INPUT ---        20 21 ;
  INPUT ---        20 ;

  INPUT ---    group=6 r    rows=7 cols=7 Triang ;
  INPUT ---        20 21 22 23 24 25 26 ;
  INPUT ---        20 21 22 23 24 25 ;
  INPUT ---        20 21 22 23 24 ;
  INPUT ---        20 21 22 23 ;
  INPUT ---        20 21 22 ;
  INPUT ---        20 21 ;
  INPUT ---        20 ;

  INPUT ---    group=1 F    rows=6 cols=6 Triang ;
  INPUT ---        27 27 27 27 27 27 ;
  INPUT ---        27 27 27 27 27 ;
  INPUT ---        27 27 27 27 ;
  INPUT ---        27 27 27 ;
  INPUT ---        27 27 ;
  INPUT ---        27 ;

  INPUT ---    group=2 F    rows=6 cols=6 Triang ;
  INPUT ---        27 27 27 27 27 27 ;
  INPUT ---        27 27 27 27 27 ;
  INPUT ---        27 27 27 27 ;
  INPUT ---        27 27 27 ;
  INPUT ---        27 27 ;
  INPUT ---        27 ;

  INPUT ---    group=3 F    rows=6 cols=6 Triang ;
  INPUT ---        27 27 27 27 27 27 ;
  INPUT ---        27 27 27 27 27 ;
  INPUT ---        27 27 27 27 ;
  INPUT ---        27 27 27 ;

  Program  MARK  - Survival Rate Estimation with Capture-Recapture Data
   gfortran(Win64) Vers. 8.0 Jun 2014   25-Jan-2015 15:10:12    Page  006
 - - - - - - - - - - - - - - - - - - - - - - - - - - - - - - - - - - - - - -
 
  INPUT ---        27 27 ;
  INPUT ---        27 ;

  INPUT ---    group=4 F    rows=6 cols=6 Triang ;
  INPUT ---        27 27 27 27 27 27 ;
  INPUT ---        27 27 27 27 27 ;
  INPUT ---        27 27 27 27 ;
  INPUT ---        27 27 27 ;
  INPUT ---        27 27 ;
  INPUT ---        27 ;

  INPUT ---    group=5 F    rows=6 cols=6 Triang ;
  INPUT ---        27 27 27 27 27 27 ;
  INPUT ---        27 27 27 27 27 ;
  INPUT ---        27 27 27 27 ;
  INPUT ---        27 27 27 ;
  INPUT ---        27 27 ;
  INPUT ---        27 ;

  INPUT ---    group=6 F    rows=6 cols=6 Triang ;
  INPUT ---        27 27 27 27 27 27 ;
  INPUT ---        27 27 27 27 27 ;
  INPUT ---        27 27 27 27 ;
  INPUT ---        27 27 27 ;
  INPUT ---        27 27 ;
  INPUT ---        27 ;

  INPUT ---    design matrix constraints=27 covariates=22;
  INPUT ---        1 0 0 0 0 0 0 0 0 0 0 0 0 0 0 0 0 0 0 0 0 0;
  INPUT ---        1 1 0 0 0 0 0 0 0 0 0 0 0 0 0 0 0 0 0 0 0 0;
  INPUT ---        1 0 1 0 0 0 0 0 0 0 0 0 0 0 0 0 0 0 0 0 0 0;
  INPUT ---        1 0 0 1 0 0 0 0 0 0 0 0 0 0 0 0 0 0 0 0 0 0;
  INPUT ---        1 0 0 0 1 0 0 0 0 0 0 0 0 0 0 0 0 0 0 0 0 0;
  INPUT ---        1 0 0 0 0 1 0 0 0 0 0 0 0 0 0 0 0 0 0 0 0 0;
  INPUT ---        1 0 0 0 0 0 1 0 0 0 0 0 0 0 0 0 0 0 0 0 0 0;
  INPUT ---        0 0 0 0 0 0 0 1 0 0 0 0 0 0 0 0 0 0 0 0 0 0;
  INPUT ---        0 0 0 0 0 0 0 1 1 0 0 0 0 0 0 0 0 0 0 0 0 0;
  INPUT ---        0 0 0 0 0 0 0 1 0 1 0 0 0 0 0 0 0 0 0 0 0 0;
  INPUT ---        0 0 0 0 0 0 0 1 0 0 1 0 0 0 0 0 0 0 0 0 0 0;
  INPUT ---        0 0 0 0 0 0 0 1 0 0 0 1 0 0 0 0 0 0 0 0 0 0;
  INPUT ---        0 0 0 0 0 0 0 1 0 0 0 0 1 0 0 0 0 0 0 0 0 0;
  INPUT ---        0 0 0 0 0 0 0 1 0 0 0 0 0 1 0 0 0 0 0 0 0 0;
  INPUT ---        0 0 0 0 0 0 0 1 1 0 0 0 0 1 0 0 0 0 0 0 0 0;
  INPUT ---        0 0 0 0 0 0 0 1 0 1 0 0 0 1 0 0 0 0 0 0 0 0;
  INPUT ---        0 0 0 0 0 0 0 1 0 0 1 0 0 1 0 0 0 0 0 0 0 0;
  INPUT ---        0 0 0 0 0 0 0 1 0 0 0 1 0 1 0 0 0 0 0 0 0 0;

  Program  MARK  - Survival Rate Estimation with Capture-Recapture Data
   gfortran(Win64) Vers. 8.0 Jun 2014   25-Jan-2015 15:10:12    Page  007
 - - - - - - - - - - - - - - - - - - - - - - - - - - - - - - - - - - - - - -
 
  INPUT ---        0 0 0 0 0 0 0 1 0 0 0 0 1 1 0 0 0 0 0 0 0 0;
  INPUT ---        0 0 0 0 0 0 0 0 0 0 0 0 0 0 1 0 0 0 0 0 0 0;
  INPUT ---        0 0 0 0 0 0 0 0 0 0 0 0 0 0 1 1 0 0 0 0 0 0;
  INPUT ---        0 0 0 0 0 0 0 0 0 0 0 0 0 0 1 0 1 0 0 0 0 0;
  INPUT ---        0 0 0 0 0 0 0 0 0 0 0 0 0 0 1 0 0 1 0 0 0 0;
  INPUT ---        0 0 0 0 0 0 0 0 0 0 0 0 0 0 1 0 0 0 1 0 0 0;
  INPUT ---        0 0 0 0 0 0 0 0 0 0 0 0 0 0 1 0 0 0 0 1 0 0;
  INPUT ---        0 0 0 0 0 0 0 0 0 0 0 0 0 0 1 0 0 0 0 0 1 0;
  INPUT ---        0 0 0 0 0 0 0 0 0 0 0 0 0 0 0 0 0 0 0 0 0 1;

  INPUT ---    blabel(1)=S:(Intercept);

  INPUT ---    blabel(2)=S:time2006;

  INPUT ---    blabel(3)=S:time2007;

  INPUT ---    blabel(4)=S:time2008;

  INPUT ---    blabel(5)=S:time2009;

  INPUT ---    blabel(6)=S:time2010;

  INPUT ---    blabel(7)=S:time2011;

  INPUT ---    blabel(8)=p:(Intercept);

  INPUT ---    blabel(9)=p:age2;

  INPUT ---    blabel(10)=p:age3;

  INPUT ---    blabel(11)=p:age4;

  INPUT ---    blabel(12)=p:age5;

  INPUT ---    blabel(13)=p:age6;

  INPUT ---    blabel(14)=p:sex5;

  INPUT ---    blabel(15)=r:(Intercept);

  INPUT ---    blabel(16)=r:age1;

  INPUT ---    blabel(17)=r:age2;

  INPUT ---    blabel(18)=r:age3;


  Program  MARK  - Survival Rate Estimation with Capture-Recapture Data
   gfortran(Win64) Vers. 8.0 Jun 2014   25-Jan-2015 15:10:12    Page  008
 - - - - - - - - - - - - - - - - - - - - - - - - - - - - - - - - - - - - - -
 
  INPUT ---    blabel(19)=r:age4;

  INPUT ---    blabel(20)=r:age5;

  INPUT ---    blabel(21)=r:age6;

  INPUT ---    blabel(22)=F:(Intercept);

  INPUT ---    rlabel(1)=S g41 c2005 c1 a0 t2005;

  INPUT ---    rlabel(2)=S g41 c2005 c1 a1 t2006;

  INPUT ---    rlabel(3)=S g41 c2005 c1 a2 t2007;

  INPUT ---    rlabel(4)=S g41 c2005 c1 a3 t2008;

  INPUT ---    rlabel(5)=S g41 c2005 c1 a4 t2009;

  INPUT ---    rlabel(6)=S g41 c2005 c1 a5 t2010;

  INPUT ---    rlabel(7)=S g41 c2005 c1 a6 t2011;

  INPUT ---    rlabel(8)=p g41 c2005 c1 a1 t2006;

  INPUT ---    rlabel(9)=p g41 c2005 c1 a2 t2007;

  INPUT ---    rlabel(10)=p g41 c2005 c1 a3 t2008;

  INPUT ---    rlabel(11)=p g41 c2005 c1 a4 t2009;

  INPUT ---    rlabel(12)=p g41 c2005 c1 a5 t2010;

  INPUT ---    rlabel(13)=p g41 c2005 c1 a6 t2011;

  INPUT ---    rlabel(14)=p g51 c2005 c1 a1 t2006;

  INPUT ---    rlabel(15)=p g51 c2005 c1 a2 t2007;

  INPUT ---    rlabel(16)=p g51 c2005 c1 a3 t2008;

  INPUT ---    rlabel(17)=p g51 c2005 c1 a4 t2009;

  INPUT ---    rlabel(18)=p g51 c2005 c1 a5 t2010;

  INPUT ---    rlabel(19)=p g51 c2005 c1 a6 t2011;


  Program  MARK  - Survival Rate Estimation with Capture-Recapture Data
   gfortran(Win64) Vers. 8.0 Jun 2014   25-Jan-2015 15:10:12    Page  009
 - - - - - - - - - - - - - - - - - - - - - - - - - - - - - - - - - - - - - -
 
  INPUT ---    rlabel(20)=r g41 c2005 c1 a0 t2005;

  INPUT ---    rlabel(21)=r g41 c2005 c1 a1 t2006;

  INPUT ---    rlabel(22)=r g41 c2005 c1 a2 t2007;

  INPUT ---    rlabel(23)=r g41 c2005 c1 a3 t2008;

  INPUT ---    rlabel(24)=r g41 c2005 c1 a4 t2009;

  INPUT ---    rlabel(25)=r g41 c2005 c1 a5 t2010;

  INPUT ---    rlabel(26)=r g41 c2005 c1 a6 t2011;

  INPUT ---    rlabel(27)=F g41 c2005 c1 a0 t2005;

 Link Function Used is LOGIT        

 Variance Estimation Procedure Used is 2ndPart 

 M(t+1):



 -2logL(saturated) = 1739.8188     
 Effective Sample Size = 7075

 Number of function evaluations was 113 for 22 parameters.
 Time for numerical optimization was 1.95 seconds.
 -2logL { S(~time)p(~age + sex)r(~age)F(~1) } = 1783.4222     
 Penalty { S(~time)p(~age + sex)r(~age)F(~1) } = -0.0000000    
 Gradient { S(~time)p(~age + sex)r(~age)F(~1) }:
   0.000000      0.000000      0.000000      0.000000      0.000000    
   0.000000      0.000000    -0.8368199E-02-0.7909823E-03 0.3857791E-04
 -0.3778645E-02  0.000000    -0.1951447E-03-0.4122832E-02 0.1223931E-01
  0.3828248E-03  0.000000      0.000000      0.000000      0.000000    
   0.000000    -0.7112551E-05
 S Vector { S(~time)p(~age + sex)r(~age)F(~1) }:
   246.4603      14.50703      2.381405      1.997479      1.453497    
  0.9990563     0.9951154     0.6341350     0.4352501E-05 0.1884543E-07
  0.1884267E-07 0.5564376E-08 0.3675523E-08 0.1710526E-08 0.1710481E-08
  0.1209672E-08 0.3023760E-09 0.2987465E-09 0.2362956E-09 0.9220601E-10
  0.9217588E-10 0.6728296E-16
 Time to compute number of parameters was 0.73 seconds.
   Threshold =  0.4600000E-06     Condition index =  0.2729971E-18     New Threshold =  0.3155851E-15

  Program  MARK  - Survival Rate Estimation with Capture-Recapture Data
   gfortran(Win64) Vers. 8.0 Jun 2014   25-Jan-2015 15:10:13    Page  010
 - - - - - - - - - - - - - - - - - - - - - - - - - - - - - - - - - - - - - -
 
 New Guessimate of Estimated Parameters { S(~time)p(~age + sex)r(~age)F(~1) } = 21          
 Conditioned S Vector { S(~time)p(~age + sex)r(~age)F(~1) }:
   1.000000     0.5886152E-01 0.9662427E-02 0.8104665E-02 0.5897489E-02
  0.4053619E-02 0.4037629E-02 0.2572970E-02 0.1766005E-07 0.7646436E-10
  0.7645314E-10 0.2257717E-10 0.1491324E-10 0.6940369E-11 0.6940187E-11
  0.4908180E-11 0.1226875E-11 0.1212149E-11 0.9587570E-12 0.3741211E-12
  0.3739988E-12 0.2729971E-18
 Number of Estimated Parameters { S(~time)p(~age + sex)r(~age)F(~1) } = 8          
 DEVIANCE { S(~time)p(~age + sex)r(~age)F(~1) } = 43.603485                     
 DEVIANCE Degrees of Freedom { S(~time)p(~age + sex)r(~age)F(~1) } = 7            
 c-hat { S(~time)p(~age + sex)r(~age)F(~1) } = 6.2290693                     
 AIC { S(~time)p(~age + sex)r(~age)F(~1) } = 1799.4222                  
 AICc { S(~time)p(~age + sex)r(~age)F(~1) } = 1799.4426                    
 BIC { S(~time)p(~age + sex)r(~age)F(~1) } = 1854.3368                    
 Pearson Chisquare { S(~time)p(~age + sex)r(~age)F(~1) } = Not a Number               
 Possible Encounter Histories { S(~time)p(~age + sex)r(~age)F(~1) } = 896             
 Pearson Chisquare df { S(~time)p(~age + sex)r(~age)F(~1) } = 852        
 Pearson chat { S(~time)p(~age + sex)r(~age)F(~1) } = Not a Number               
 Sum(Observed/Expected) { S(~time)p(~age + sex)r(~age)F(~1) } = Not a Number               
 Fletcher chat { S(~time)p(~age + sex)r(~age)F(~1) } = Not a Number               


            LOGIT Link Function Parameters of { S(~time)p(~age + sex)r(~age)F(~1) }
                                                              95% Confidence Interval
 Parameter                    Beta         Standard Error      Lower           Upper
 -------------------------  --------------  --------------  --------------  --------------
    1:S:(Intercept)         39.154955       0.0000000       39.154955       39.154955     
    2:S:time2006            193.59257       0.0000000       193.59257       193.59257     
    3:S:time2007            49.536117       0.1207788E-003  49.535880       49.536354     
    4:S:time2008            0.2348295       0.0000000       0.2348295       0.2348295     
    5:S:time2009            10.274334       13.873200       -16.917137      37.465806     
    6:S:time2010            73.847351       0.4505978       72.964179       74.730523     
    7:S:time2011            -149.20739      0.0000000       -149.20739      -149.20739    
    8:p:(Intercept)         -6.5019577      0.4659097       -7.4151408      -5.5887746    
    9:p:age2                -0.8972184      0.8217032       -2.5077567      0.7133198     
   10:p:age3                -1.3575533      1.0949948       -3.5037431      0.7886365     
   11:p:age4                -0.4020389      0.8598658       -2.0873758      1.2832980     
   12:p:age5                -92.980138      0.3480325       -93.662281      -92.297994    
   13:p:age6                0.1651544       1.1693839       -2.1268381      2.4571469     
   14:p:sex5                -0.7041311      0.6127568       -1.9051345      0.4968723     
   15:r:(Intercept)         -1.5413792      0.0638281       -1.6664824      -1.4162760    
   16:r:age1                -5.3551219      1.0024430       -7.3199102      -3.3903336    
   17:r:age2                -131.31064      0.0000000       -131.31064      -131.31064    
   18:r:age3                -145.74556      1.5399407       -148.76384      -142.72727    
   19:r:age4                -135.05089      0.9379718E-004  -135.05108      -135.05071    
   20:r:age5                -119.27737      0.2701330       -119.80683      -118.74791    
   21:r:age6                -121.87954      88.231518       -294.81332      51.054233     
   22:F:(Intercept)         8.5903850       479.32482       -930.88629      948.06706     


            Real Function Parameters of { S(~time)p(~age + sex)r(~age)F(~1) }
                                                               95% Confidence Interval
  Parameter                  Estimate       Standard Error      Lower           Upper
 --------------------------  --------------  --------------  --------------  --------------
     1:S g41 c2005 c1 a0 t2  1.0000000       0.0000000       1.0000000       1.0000000                           
     2:S g41 c2005 c1 a1 t2  1.0000000       0.0000000       1.0000000       1.0000000                           
     3:S g41 c2005 c1 a2 t2  1.0000000       0.0000000       1.0000000       1.0000000                           
     4:S g41 c2005 c1 a3 t2  1.0000000       0.0000000       1.0000000       1.0000000                           
     5:S g41 c2005 c1 a4 t2  1.0000000       0.0000000       1.0000000       1.0000000                           
     6:S g41 c2005 c1 a5 t2  1.0000000       0.0000000       1.0000000       1.0000000                           

  Program  MARK  - Survival Rate Estimation with Capture-Recapture Data
   gfortran(Win64) Vers. 8.0 Jun 2014   25-Jan-2015 15:10:13    Page  011
 - - - - - - - - - - - - - - - - - - - - - - - - - - - - - - - - - - - - - -
 
     7:S g41 c2005 c1 a6 t2  0.1602634E-047  0.0000000       0.1602634E-047  0.1602634E-047                      
     8:p g41 c2005 c1 a1 t2  0.0014983       0.6970037E-003  0.6017053E-003  0.0037257                           
     9:p g41 c2005 c1 a2 t2  0.6113825E-003  0.4627857E-003  0.1386104E-003  0.0026923                           
    10:p g41 c2005 c1 a3 t2  0.3859136E-003  0.4069091E-003  0.4883855E-004  0.0030423                           
    11:p g41 c2005 c1 a4 t2  0.0010028       0.8193620E-003  0.2019810E-003  0.0049626                           
    12:p g41 c2005 c1 a5 t2  0.6244174E-043  0.3946075E-043  -.1490132E-043  0.1397848E-042                      
    13:p g41 c2005 c1 a6 t2  0.0017668       0.0020346       0.1844732E-003  0.0166954                           
    14:p g51 c2005 c1 a1 t2  0.7415036E-003  0.4325755E-003  0.2362569E-003  0.0023247                           
    15:p g51 c2005 c1 a2 t2  0.3024454E-003  0.2528427E-003  0.5873874E-004  0.0015557                           
    16:p g51 c2005 c1 a3 t2  0.1908862E-003  0.2125758E-003  0.2151442E-004  0.0016914                           
    17:p g51 c2005 c1 a4 t2  0.4961541E-003  0.4426460E-003  0.8629799E-004  0.0028470                           
    18:p g51 c2005 c1 a5 t2  0.3087982E-043  0.2233194E-043  -.1289079E-043  0.7465042E-043                      
    19:p g51 c2005 c1 a6 t2  0.8745428E-003  0.0010533       0.8241505E-004  0.0092100                           
    20:r g41 c2005 c1 a0 t2  0.1763349       0.0092705       0.1588937       0.1952460                           
    21:r g41 c2005 c1 a1 t2  0.0010103       0.0010097       0.1423182E-003  0.0071342                           
    22:r g41 c2005 c1 a2 t2  0.2009556E-057  0.1280941E-058  0.1758492E-057  0.2260620E-057                      
    23:r g41 c2005 c1 a3 t2  0.1081673E-063  0.1667136E-063  -.2185913E-063  0.4349259E-063                      
    24:r g41 c2005 c1 a4 t2  0.4772332E-059  0.3046094E-060  0.4175298E-059  0.5369367E-059                      
    25:r g41 c2005 c1 a5 t2  0.3381316E-052  0.9385577E-053  0.1541743E-052  0.5220889E-052                      
    26:r g41 c2005 c1 a6 t2  0.2505958E-053  0.2211045E-051  -.4308590E-051  0.4358709E-051                      
    27:F g41 c2005 c1 a0 t2  0.9998142       0.0890659       0.5304195E-300  1.0000000                           

 Attempted ordering of parameters by estimatibility:
  15  8 14  9 11 16 10 13 22 21  4  3  6  5 18  1 17  7 12 20  2 19
 Beta number 19 is a singular value.

     CPU Time in seconds for last procedure was 2.70

  Program  MARK  - Survival Rate Estimation with Capture-Recapture Data
   gfortran(Win64) Vers. 8.0 Jun 2014   25-Jan-2015 15:10:13    Page  012
 - - - - - - - - - - - - - - - - - - - - - - - - - - - - - - - - - - - - - -
 


  INPUT --- proc stop;

     CPU Time in minutes for this job was 0.04

     Time Start = 15:10:12.396   Time End = 15:10:13.082

     Wall Clock Time in minutes for this job was 0.01


          E X E C U T I O N   S U C C E S S F U L 
