
   Program  MARK  - Survival Rate Estimation with Capture-Recapture Data
   gfortran(Win64) Vers. 8.0 Jun 2014   31-Jan-2015 13:37:43    Page  001
 - - - - - - - - - - - - - - - - - - - - - - - - - - - - - - - - - - - - - -
 
   This version was compiled by GCC version 4.8.1 using the options 
   -m64 -mtune=generic -march=x86-64 -mthreads -O2 -fimplicit-none -fbounds-check -funroll-loops -ftree-vectorize -fopenmp.
   This problem will use 7 of 8 possible threads.


  INPUT --- proc title ;

     CPU Time in seconds for last procedure was 0.00


  INPUT --- proc chmatrix occasions= 7 groups= 6 etype= Both ICMeans 
  INPUT --- NoHist hist= 51 ;

  INPUT ---    time  interval 1 1 1 1 1 1 1 ;

  INPUT ---    glabel(1)=sex4.age1;

  INPUT ---    glabel(2)=sex5.age1;

  INPUT ---    glabel(3)=sex4.age2;

  INPUT ---    glabel(4)=sex5.age2;

  INPUT ---    glabel(5)=sex4.age4;

  INPUT ---    glabel(6)=sex5.age4;

   * *  WARNING  * *   At least a pair of the encounter histories are duplicates. 

      Number of unique encounter histories read was 17.

      Number of individual covariates read was 0.
      Time interval lengths are all equal to 1.

      Data type number is 3
      Data type is Joint Live and Dead Encounters (Burnham)                                                            

     CPU Time in seconds for last procedure was 0.00

  Program  MARK  - Survival Rate Estimation with Capture-Recapture Data
   gfortran(Win64) Vers. 8.0 Jun 2014   31-Jan-2015 13:37:43    Page  002
 - - - - - - - - - - - - - - - - - - - - - - - - - - - - - - - - - - - - - -
 


  INPUT --- proc estimate link=Logit NOLOOP varest=2ndPart    ;


  INPUT --- model={ S(~age + sex + time)p(~1)r(~1)F(~age) };

  INPUT ---    group=1 S    rows=7 cols=7 Triang ;
  INPUT ---        1 2 3 4 5 6 7 ;
  INPUT ---        8 9 10 11 12 13 ;
  INPUT ---        14 15 16 17 18 ;
  INPUT ---        19 20 21 22 ;
  INPUT ---        23 24 25 ;
  INPUT ---        26 27 ;
  INPUT ---        28 ;

  INPUT ---    group=2 S    rows=7 cols=7 Triang ;
  INPUT ---        29 30 31 32 33 34 35 ;
  INPUT ---        36 37 38 39 40 41 ;
  INPUT ---        42 43 44 45 46 ;
  INPUT ---        47 48 49 50 ;
  INPUT ---        51 52 53 ;
  INPUT ---        54 55 ;
  INPUT ---        56 ;

  INPUT ---    group=3 S    rows=7 cols=7 Triang ;
  INPUT ---        1 2 3 4 5 6 7 ;
  INPUT ---        8 9 10 11 12 13 ;
  INPUT ---        14 15 16 17 18 ;
  INPUT ---        19 20 21 22 ;
  INPUT ---        23 24 25 ;
  INPUT ---        26 27 ;
  INPUT ---        28 ;

  INPUT ---    group=4 S    rows=7 cols=7 Triang ;
  INPUT ---        29 30 31 32 33 34 35 ;
  INPUT ---        36 37 38 39 40 41 ;
  INPUT ---        42 43 44 45 46 ;
  INPUT ---        47 48 49 50 ;
  INPUT ---        51 52 53 ;
  INPUT ---        54 55 ;
  INPUT ---        56 ;

  INPUT ---    group=5 S    rows=7 cols=7 Triang ;
  INPUT ---        1 2 3 4 5 6 7 ;
  INPUT ---        8 9 10 11 12 13 ;

  Program  MARK  - Survival Rate Estimation with Capture-Recapture Data
   gfortran(Win64) Vers. 8.0 Jun 2014   31-Jan-2015 13:37:43    Page  003
 - - - - - - - - - - - - - - - - - - - - - - - - - - - - - - - - - - - - - -
 
  INPUT ---        14 15 16 17 18 ;
  INPUT ---        19 20 21 22 ;
  INPUT ---        23 24 25 ;
  INPUT ---        26 27 ;
  INPUT ---        28 ;

  INPUT ---    group=6 S    rows=7 cols=7 Triang ;
  INPUT ---        29 30 31 32 33 34 35 ;
  INPUT ---        36 37 38 39 40 41 ;
  INPUT ---        42 43 44 45 46 ;
  INPUT ---        47 48 49 50 ;
  INPUT ---        51 52 53 ;
  INPUT ---        54 55 ;
  INPUT ---        56 ;

  INPUT ---    group=1 p    rows=6 cols=6 Triang ;
  INPUT ---        57 57 57 57 57 57 ;
  INPUT ---        57 57 57 57 57 ;
  INPUT ---        57 57 57 57 ;
  INPUT ---        57 57 57 ;
  INPUT ---        57 57 ;
  INPUT ---        57 ;

  INPUT ---    group=2 p    rows=6 cols=6 Triang ;
  INPUT ---        57 57 57 57 57 57 ;
  INPUT ---        57 57 57 57 57 ;
  INPUT ---        57 57 57 57 ;
  INPUT ---        57 57 57 ;
  INPUT ---        57 57 ;
  INPUT ---        57 ;

  INPUT ---    group=3 p    rows=6 cols=6 Triang ;
  INPUT ---        57 57 57 57 57 57 ;
  INPUT ---        57 57 57 57 57 ;
  INPUT ---        57 57 57 57 ;
  INPUT ---        57 57 57 ;
  INPUT ---        57 57 ;
  INPUT ---        57 ;

  INPUT ---    group=4 p    rows=6 cols=6 Triang ;
  INPUT ---        57 57 57 57 57 57 ;
  INPUT ---        57 57 57 57 57 ;
  INPUT ---        57 57 57 57 ;
  INPUT ---        57 57 57 ;
  INPUT ---        57 57 ;
  INPUT ---        57 ;

  Program  MARK  - Survival Rate Estimation with Capture-Recapture Data
   gfortran(Win64) Vers. 8.0 Jun 2014   31-Jan-2015 13:37:43    Page  004
 - - - - - - - - - - - - - - - - - - - - - - - - - - - - - - - - - - - - - -
 

  INPUT ---    group=5 p    rows=6 cols=6 Triang ;
  INPUT ---        57 57 57 57 57 57 ;
  INPUT ---        57 57 57 57 57 ;
  INPUT ---        57 57 57 57 ;
  INPUT ---        57 57 57 ;
  INPUT ---        57 57 ;
  INPUT ---        57 ;

  INPUT ---    group=6 p    rows=6 cols=6 Triang ;
  INPUT ---        57 57 57 57 57 57 ;
  INPUT ---        57 57 57 57 57 ;
  INPUT ---        57 57 57 57 ;
  INPUT ---        57 57 57 ;
  INPUT ---        57 57 ;
  INPUT ---        57 ;

  INPUT ---    group=1 r    rows=7 cols=7 Triang ;
  INPUT ---        58 58 58 58 58 58 58 ;
  INPUT ---        58 58 58 58 58 58 ;
  INPUT ---        58 58 58 58 58 ;
  INPUT ---        58 58 58 58 ;
  INPUT ---        58 58 58 ;
  INPUT ---        58 58 ;
  INPUT ---        58 ;

  INPUT ---    group=2 r    rows=7 cols=7 Triang ;
  INPUT ---        58 58 58 58 58 58 58 ;
  INPUT ---        58 58 58 58 58 58 ;
  INPUT ---        58 58 58 58 58 ;
  INPUT ---        58 58 58 58 ;
  INPUT ---        58 58 58 ;
  INPUT ---        58 58 ;
  INPUT ---        58 ;

  INPUT ---    group=3 r    rows=7 cols=7 Triang ;
  INPUT ---        58 58 58 58 58 58 58 ;
  INPUT ---        58 58 58 58 58 58 ;
  INPUT ---        58 58 58 58 58 ;
  INPUT ---        58 58 58 58 ;
  INPUT ---        58 58 58 ;
  INPUT ---        58 58 ;
  INPUT ---        58 ;

  INPUT ---    group=4 r    rows=7 cols=7 Triang ;
  INPUT ---        58 58 58 58 58 58 58 ;

  Program  MARK  - Survival Rate Estimation with Capture-Recapture Data
   gfortran(Win64) Vers. 8.0 Jun 2014   31-Jan-2015 13:37:43    Page  005
 - - - - - - - - - - - - - - - - - - - - - - - - - - - - - - - - - - - - - -
 
  INPUT ---        58 58 58 58 58 58 ;
  INPUT ---        58 58 58 58 58 ;
  INPUT ---        58 58 58 58 ;
  INPUT ---        58 58 58 ;
  INPUT ---        58 58 ;
  INPUT ---        58 ;

  INPUT ---    group=5 r    rows=7 cols=7 Triang ;
  INPUT ---        58 58 58 58 58 58 58 ;
  INPUT ---        58 58 58 58 58 58 ;
  INPUT ---        58 58 58 58 58 ;
  INPUT ---        58 58 58 58 ;
  INPUT ---        58 58 58 ;
  INPUT ---        58 58 ;
  INPUT ---        58 ;

  INPUT ---    group=6 r    rows=7 cols=7 Triang ;
  INPUT ---        58 58 58 58 58 58 58 ;
  INPUT ---        58 58 58 58 58 58 ;
  INPUT ---        58 58 58 58 58 ;
  INPUT ---        58 58 58 58 ;
  INPUT ---        58 58 58 ;
  INPUT ---        58 58 ;
  INPUT ---        58 ;

  INPUT ---    group=1 F    rows=6 cols=6 Triang ;
  INPUT ---        59 60 61 62 63 64 ;
  INPUT ---        59 60 61 62 63 ;
  INPUT ---        59 60 61 62 ;
  INPUT ---        59 60 61 ;
  INPUT ---        59 60 ;
  INPUT ---        59 ;

  INPUT ---    group=2 F    rows=6 cols=6 Triang ;
  INPUT ---        59 60 61 62 63 64 ;
  INPUT ---        59 60 61 62 63 ;
  INPUT ---        59 60 61 62 ;
  INPUT ---        59 60 61 ;
  INPUT ---        59 60 ;
  INPUT ---        59 ;

  INPUT ---    group=3 F    rows=6 cols=6 Triang ;
  INPUT ---        59 60 61 62 63 64 ;
  INPUT ---        59 60 61 62 63 ;
  INPUT ---        59 60 61 62 ;
  INPUT ---        59 60 61 ;

  Program  MARK  - Survival Rate Estimation with Capture-Recapture Data
   gfortran(Win64) Vers. 8.0 Jun 2014   31-Jan-2015 13:37:43    Page  006
 - - - - - - - - - - - - - - - - - - - - - - - - - - - - - - - - - - - - - -
 
  INPUT ---        59 60 ;
  INPUT ---        59 ;

  INPUT ---    group=4 F    rows=6 cols=6 Triang ;
  INPUT ---        59 60 61 62 63 64 ;
  INPUT ---        59 60 61 62 63 ;
  INPUT ---        59 60 61 62 ;
  INPUT ---        59 60 61 ;
  INPUT ---        59 60 ;
  INPUT ---        59 ;

  INPUT ---    group=5 F    rows=6 cols=6 Triang ;
  INPUT ---        59 60 61 62 63 64 ;
  INPUT ---        59 60 61 62 63 ;
  INPUT ---        59 60 61 62 ;
  INPUT ---        59 60 61 ;
  INPUT ---        59 60 ;
  INPUT ---        59 ;

  INPUT ---    group=6 F    rows=6 cols=6 Triang ;
  INPUT ---        59 60 61 62 63 64 ;
  INPUT ---        59 60 61 62 63 ;
  INPUT ---        59 60 61 62 ;
  INPUT ---        59 60 61 ;
  INPUT ---        59 60 ;
  INPUT ---        59 ;

  INPUT ---    design matrix constraints=64 covariates=22;
  INPUT ---        1 0 0 0 0 0 0 0 0 0 0 0 0 0 0 0 0 0 0 0 0 0;
  INPUT ---        1 1 0 0 0 0 0 0 1 0 0 0 0 0 0 0 0 0 0 0 0 0;
  INPUT ---        1 0 1 0 0 0 0 0 0 1 0 0 0 0 0 0 0 0 0 0 0 0;
  INPUT ---        1 0 0 1 0 0 0 0 0 0 1 0 0 0 0 0 0 0 0 0 0 0;
  INPUT ---        1 0 0 0 1 0 0 0 0 0 0 1 0 0 0 0 0 0 0 0 0 0;
  INPUT ---        1 0 0 0 0 1 0 0 0 0 0 0 1 0 0 0 0 0 0 0 0 0;
  INPUT ---        1 0 0 0 0 0 1 0 0 0 0 0 0 1 0 0 0 0 0 0 0 0;
  INPUT ---        1 0 0 0 0 0 0 0 1 0 0 0 0 0 0 0 0 0 0 0 0 0;
  INPUT ---        1 1 0 0 0 0 0 0 0 1 0 0 0 0 0 0 0 0 0 0 0 0;
  INPUT ---        1 0 1 0 0 0 0 0 0 0 1 0 0 0 0 0 0 0 0 0 0 0;
  INPUT ---        1 0 0 1 0 0 0 0 0 0 0 1 0 0 0 0 0 0 0 0 0 0;
  INPUT ---        1 0 0 0 1 0 0 0 0 0 0 0 1 0 0 0 0 0 0 0 0 0;
  INPUT ---        1 0 0 0 0 1 0 0 0 0 0 0 0 1 0 0 0 0 0 0 0 0;
  INPUT ---        1 0 0 0 0 0 0 0 0 1 0 0 0 0 0 0 0 0 0 0 0 0;
  INPUT ---        1 1 0 0 0 0 0 0 0 0 1 0 0 0 0 0 0 0 0 0 0 0;
  INPUT ---        1 0 1 0 0 0 0 0 0 0 0 1 0 0 0 0 0 0 0 0 0 0;
  INPUT ---        1 0 0 1 0 0 0 0 0 0 0 0 1 0 0 0 0 0 0 0 0 0;
  INPUT ---        1 0 0 0 1 0 0 0 0 0 0 0 0 1 0 0 0 0 0 0 0 0;

  Program  MARK  - Survival Rate Estimation with Capture-Recapture Data
   gfortran(Win64) Vers. 8.0 Jun 2014   31-Jan-2015 13:37:43    Page  007
 - - - - - - - - - - - - - - - - - - - - - - - - - - - - - - - - - - - - - -
 
  INPUT ---        1 0 0 0 0 0 0 0 0 0 1 0 0 0 0 0 0 0 0 0 0 0;
  INPUT ---        1 1 0 0 0 0 0 0 0 0 0 1 0 0 0 0 0 0 0 0 0 0;
  INPUT ---        1 0 1 0 0 0 0 0 0 0 0 0 1 0 0 0 0 0 0 0 0 0;
  INPUT ---        1 0 0 1 0 0 0 0 0 0 0 0 0 1 0 0 0 0 0 0 0 0;
  INPUT ---        1 0 0 0 0 0 0 0 0 0 0 1 0 0 0 0 0 0 0 0 0 0;
  INPUT ---        1 1 0 0 0 0 0 0 0 0 0 0 1 0 0 0 0 0 0 0 0 0;
  INPUT ---        1 0 1 0 0 0 0 0 0 0 0 0 0 1 0 0 0 0 0 0 0 0;
  INPUT ---        1 0 0 0 0 0 0 0 0 0 0 0 1 0 0 0 0 0 0 0 0 0;
  INPUT ---        1 1 0 0 0 0 0 0 0 0 0 0 0 1 0 0 0 0 0 0 0 0;
  INPUT ---        1 0 0 0 0 0 0 0 0 0 0 0 0 1 0 0 0 0 0 0 0 0;
  INPUT ---        1 0 0 0 0 0 0 1 0 0 0 0 0 0 0 0 0 0 0 0 0 0;
  INPUT ---        1 1 0 0 0 0 0 1 1 0 0 0 0 0 0 0 0 0 0 0 0 0;
  INPUT ---        1 0 1 0 0 0 0 1 0 1 0 0 0 0 0 0 0 0 0 0 0 0;
  INPUT ---        1 0 0 1 0 0 0 1 0 0 1 0 0 0 0 0 0 0 0 0 0 0;
  INPUT ---        1 0 0 0 1 0 0 1 0 0 0 1 0 0 0 0 0 0 0 0 0 0;
  INPUT ---        1 0 0 0 0 1 0 1 0 0 0 0 1 0 0 0 0 0 0 0 0 0;
  INPUT ---        1 0 0 0 0 0 1 1 0 0 0 0 0 1 0 0 0 0 0 0 0 0;
  INPUT ---        1 0 0 0 0 0 0 1 1 0 0 0 0 0 0 0 0 0 0 0 0 0;
  INPUT ---        1 1 0 0 0 0 0 1 0 1 0 0 0 0 0 0 0 0 0 0 0 0;
  INPUT ---        1 0 1 0 0 0 0 1 0 0 1 0 0 0 0 0 0 0 0 0 0 0;
  INPUT ---        1 0 0 1 0 0 0 1 0 0 0 1 0 0 0 0 0 0 0 0 0 0;
  INPUT ---        1 0 0 0 1 0 0 1 0 0 0 0 1 0 0 0 0 0 0 0 0 0;
  INPUT ---        1 0 0 0 0 1 0 1 0 0 0 0 0 1 0 0 0 0 0 0 0 0;
  INPUT ---        1 0 0 0 0 0 0 1 0 1 0 0 0 0 0 0 0 0 0 0 0 0;
  INPUT ---        1 1 0 0 0 0 0 1 0 0 1 0 0 0 0 0 0 0 0 0 0 0;
  INPUT ---        1 0 1 0 0 0 0 1 0 0 0 1 0 0 0 0 0 0 0 0 0 0;
  INPUT ---        1 0 0 1 0 0 0 1 0 0 0 0 1 0 0 0 0 0 0 0 0 0;
  INPUT ---        1 0 0 0 1 0 0 1 0 0 0 0 0 1 0 0 0 0 0 0 0 0;
  INPUT ---        1 0 0 0 0 0 0 1 0 0 1 0 0 0 0 0 0 0 0 0 0 0;
  INPUT ---        1 1 0 0 0 0 0 1 0 0 0 1 0 0 0 0 0 0 0 0 0 0;
  INPUT ---        1 0 1 0 0 0 0 1 0 0 0 0 1 0 0 0 0 0 0 0 0 0;
  INPUT ---        1 0 0 1 0 0 0 1 0 0 0 0 0 1 0 0 0 0 0 0 0 0;
  INPUT ---        1 0 0 0 0 0 0 1 0 0 0 1 0 0 0 0 0 0 0 0 0 0;
  INPUT ---        1 1 0 0 0 0 0 1 0 0 0 0 1 0 0 0 0 0 0 0 0 0;
  INPUT ---        1 0 1 0 0 0 0 1 0 0 0 0 0 1 0 0 0 0 0 0 0 0;
  INPUT ---        1 0 0 0 0 0 0 1 0 0 0 0 1 0 0 0 0 0 0 0 0 0;
  INPUT ---        1 1 0 0 0 0 0 1 0 0 0 0 0 1 0 0 0 0 0 0 0 0;
  INPUT ---        1 0 0 0 0 0 0 1 0 0 0 0 0 1 0 0 0 0 0 0 0 0;
  INPUT ---        0 0 0 0 0 0 0 0 0 0 0 0 0 0 1 0 0 0 0 0 0 0;
  INPUT ---        0 0 0 0 0 0 0 0 0 0 0 0 0 0 0 1 0 0 0 0 0 0;
  INPUT ---        0 0 0 0 0 0 0 0 0 0 0 0 0 0 0 0 1 0 0 0 0 0;
  INPUT ---        0 0 0 0 0 0 0 0 0 0 0 0 0 0 0 0 1 1 0 0 0 0;
  INPUT ---        0 0 0 0 0 0 0 0 0 0 0 0 0 0 0 0 1 0 1 0 0 0;
  INPUT ---        0 0 0 0 0 0 0 0 0 0 0 0 0 0 0 0 1 0 0 1 0 0;
  INPUT ---        0 0 0 0 0 0 0 0 0 0 0 0 0 0 0 0 1 0 0 0 1 0;
  INPUT ---        0 0 0 0 0 0 0 0 0 0 0 0 0 0 0 0 1 0 0 0 0 1;

  Program  MARK  - Survival Rate Estimation with Capture-Recapture Data
   gfortran(Win64) Vers. 8.0 Jun 2014   31-Jan-2015 13:37:43    Page  008
 - - - - - - - - - - - - - - - - - - - - - - - - - - - - - - - - - - - - - -
 

  INPUT ---    blabel(1)=S:(Intercept);

  INPUT ---    blabel(2)=S:age1;

  INPUT ---    blabel(3)=S:age2;

  INPUT ---    blabel(4)=S:age3;

  INPUT ---    blabel(5)=S:age4;

  INPUT ---    blabel(6)=S:age5;

  INPUT ---    blabel(7)=S:age6;

  INPUT ---    blabel(8)=S:sex5;

  INPUT ---    blabel(9)=S:time2006;

  INPUT ---    blabel(10)=S:time2007;

  INPUT ---    blabel(11)=S:time2008;

  INPUT ---    blabel(12)=S:time2009;

  INPUT ---    blabel(13)=S:time2010;

  INPUT ---    blabel(14)=S:time2011;

  INPUT ---    blabel(15)=p:(Intercept);

  INPUT ---    blabel(16)=r:(Intercept);

  INPUT ---    blabel(17)=F:(Intercept);

  INPUT ---    blabel(18)=F:age1;

  INPUT ---    blabel(19)=F:age2;

  INPUT ---    blabel(20)=F:age3;

  INPUT ---    blabel(21)=F:age4;

  INPUT ---    blabel(22)=F:age5;

  INPUT ---    rlabel(1)=S g41 c2005 c1 a0 t2005;

  Program  MARK  - Survival Rate Estimation with Capture-Recapture Data
   gfortran(Win64) Vers. 8.0 Jun 2014   31-Jan-2015 13:37:43    Page  009
 - - - - - - - - - - - - - - - - - - - - - - - - - - - - - - - - - - - - - -
 

  INPUT ---    rlabel(2)=S g41 c2005 c1 a1 t2006;

  INPUT ---    rlabel(3)=S g41 c2005 c1 a2 t2007;

  INPUT ---    rlabel(4)=S g41 c2005 c1 a3 t2008;

  INPUT ---    rlabel(5)=S g41 c2005 c1 a4 t2009;

  INPUT ---    rlabel(6)=S g41 c2005 c1 a5 t2010;

  INPUT ---    rlabel(7)=S g41 c2005 c1 a6 t2011;

  INPUT ---    rlabel(8)=S g41 c2006 c2 a0 t2006;

  INPUT ---    rlabel(9)=S g41 c2006 c2 a1 t2007;

  INPUT ---    rlabel(10)=S g41 c2006 c2 a2 t2008;

  INPUT ---    rlabel(11)=S g41 c2006 c2 a3 t2009;

  INPUT ---    rlabel(12)=S g41 c2006 c2 a4 t2010;

  INPUT ---    rlabel(13)=S g41 c2006 c2 a5 t2011;

  INPUT ---    rlabel(14)=S g41 c2007 c3 a0 t2007;

  INPUT ---    rlabel(15)=S g41 c2007 c3 a1 t2008;

  INPUT ---    rlabel(16)=S g41 c2007 c3 a2 t2009;

  INPUT ---    rlabel(17)=S g41 c2007 c3 a3 t2010;

  INPUT ---    rlabel(18)=S g41 c2007 c3 a4 t2011;

  INPUT ---    rlabel(19)=S g41 c2008 c4 a0 t2008;

  INPUT ---    rlabel(20)=S g41 c2008 c4 a1 t2009;

  INPUT ---    rlabel(21)=S g41 c2008 c4 a2 t2010;

  INPUT ---    rlabel(22)=S g41 c2008 c4 a3 t2011;

  INPUT ---    rlabel(23)=S g41 c2009 c5 a0 t2009;

  INPUT ---    rlabel(24)=S g41 c2009 c5 a1 t2010;

  Program  MARK  - Survival Rate Estimation with Capture-Recapture Data
   gfortran(Win64) Vers. 8.0 Jun 2014   31-Jan-2015 13:37:43    Page  010
 - - - - - - - - - - - - - - - - - - - - - - - - - - - - - - - - - - - - - -
 

  INPUT ---    rlabel(25)=S g41 c2009 c5 a2 t2011;

  INPUT ---    rlabel(26)=S g41 c2010 c6 a0 t2010;

  INPUT ---    rlabel(27)=S g41 c2010 c6 a1 t2011;

  INPUT ---    rlabel(28)=S g41 c2011 c7 a0 t2011;

  INPUT ---    rlabel(29)=S g51 c2005 c1 a0 t2005;

  INPUT ---    rlabel(30)=S g51 c2005 c1 a1 t2006;

  INPUT ---    rlabel(31)=S g51 c2005 c1 a2 t2007;

  INPUT ---    rlabel(32)=S g51 c2005 c1 a3 t2008;

  INPUT ---    rlabel(33)=S g51 c2005 c1 a4 t2009;

  INPUT ---    rlabel(34)=S g51 c2005 c1 a5 t2010;

  INPUT ---    rlabel(35)=S g51 c2005 c1 a6 t2011;

  INPUT ---    rlabel(36)=S g51 c2006 c2 a0 t2006;

  INPUT ---    rlabel(37)=S g51 c2006 c2 a1 t2007;

  INPUT ---    rlabel(38)=S g51 c2006 c2 a2 t2008;

  INPUT ---    rlabel(39)=S g51 c2006 c2 a3 t2009;

  INPUT ---    rlabel(40)=S g51 c2006 c2 a4 t2010;

  INPUT ---    rlabel(41)=S g51 c2006 c2 a5 t2011;

  INPUT ---    rlabel(42)=S g51 c2007 c3 a0 t2007;

  INPUT ---    rlabel(43)=S g51 c2007 c3 a1 t2008;

  INPUT ---    rlabel(44)=S g51 c2007 c3 a2 t2009;

  INPUT ---    rlabel(45)=S g51 c2007 c3 a3 t2010;

  INPUT ---    rlabel(46)=S g51 c2007 c3 a4 t2011;

  INPUT ---    rlabel(47)=S g51 c2008 c4 a0 t2008;

  Program  MARK  - Survival Rate Estimation with Capture-Recapture Data
   gfortran(Win64) Vers. 8.0 Jun 2014   31-Jan-2015 13:37:43    Page  011
 - - - - - - - - - - - - - - - - - - - - - - - - - - - - - - - - - - - - - -
 

  INPUT ---    rlabel(48)=S g51 c2008 c4 a1 t2009;

  INPUT ---    rlabel(49)=S g51 c2008 c4 a2 t2010;

  INPUT ---    rlabel(50)=S g51 c2008 c4 a3 t2011;

  INPUT ---    rlabel(51)=S g51 c2009 c5 a0 t2009;

  INPUT ---    rlabel(52)=S g51 c2009 c5 a1 t2010;

  INPUT ---    rlabel(53)=S g51 c2009 c5 a2 t2011;

  INPUT ---    rlabel(54)=S g51 c2010 c6 a0 t2010;

  INPUT ---    rlabel(55)=S g51 c2010 c6 a1 t2011;

  INPUT ---    rlabel(56)=S g51 c2011 c7 a0 t2011;

  INPUT ---    rlabel(57)=p g41 c2005 c1 a1 t2006;

  INPUT ---    rlabel(58)=r g41 c2005 c1 a0 t2005;

  INPUT ---    rlabel(59)=F g41 c2005 c1 a0 t2005;

  INPUT ---    rlabel(60)=F g41 c2005 c1 a1 t2006;

  INPUT ---    rlabel(61)=F g41 c2005 c1 a2 t2007;

  INPUT ---    rlabel(62)=F g41 c2005 c1 a3 t2008;

  INPUT ---    rlabel(63)=F g41 c2005 c1 a4 t2009;

  INPUT ---    rlabel(64)=F g41 c2005 c1 a5 t2010;

 Link Function Used is LOGIT        

 Variance Estimation Procedure Used is 2ndPart 

 M(t+1):



 -2logL(saturated) = 1739.8188     
 Effective Sample Size = 7075

 Number of function evaluations was 103 for 22 parameters.
 Time for numerical optimization was 2.36 seconds.

  Program  MARK  - Survival Rate Estimation with Capture-Recapture Data
   gfortran(Win64) Vers. 8.0 Jun 2014   31-Jan-2015 13:37:43    Page  012
 - - - - - - - - - - - - - - - - - - - - - - - - - - - - - - - - - - - - - -
 
 -2logL { S(~age + sex + time)p(~1)r(~1)F(~age) } = 2578.9212     
 Penalty { S(~age + sex + time)p(~1)r(~1)F(~age) } = -0.0000000    
 Gradient { S(~age + sex + time)p(~1)r(~1)F(~age) }:
 -0.1054610E-03 0.2839558E-04 0.3133784E-05-0.7273386E-06-0.3728852E-04
 -0.9670067E-05-0.2806559E-04  0.000000    -0.1340765E-05 0.8254436E-04
   0.000000      0.000000      0.000000     0.2734163E-04-0.1272332E-03
 -0.1720700E-03-0.9693855E-04  0.000000      0.000000    -0.2672859E-05
   0.000000    -0.1874218E-05
 S Vector { S(~age + sex + time)p(~1)r(~1)F(~age) }:
   284.2927      14.55395      3.695523      1.207893     0.8021366    
  0.3950291     0.4845565E-04 0.1938507E-04 0.5836481E-05 0.2515303E-05
  0.1004190E-05 0.2723445E-06 0.1468161E-06 0.1147017E-06 0.9323658E-07
  0.5534495E-07 0.4823680E-07 0.4393071E-07 0.2990755E-07 0.1636051E-07
  0.1085034E-07 0.1860573E-08
 Time to compute number of parameters was 0.72 seconds.
   Threshold =  0.4600000E-06     Condition index =  0.6544568E-11     New Threshold =  0.8726859E-08
 New Guessimate of Estimated Parameters { S(~age + sex + time)p(~1)r(~1)F(~age) } = 10          
 Conditioned S Vector { S(~age + sex + time)p(~1)r(~1)F(~age) }:
   1.000000     0.5119355E-01 0.1299901E-01 0.4248764E-02 0.2821517E-02
  0.1389516E-02 0.1704428E-06 0.6818701E-07 0.2052983E-07 0.8847584E-08
  0.3532241E-08 0.9579721E-09 0.5164259E-09 0.4034634E-09 0.3279598E-09
  0.1946760E-09 0.1696730E-09 0.1545263E-09 0.1051999E-09 0.5754811E-10
  0.3816610E-10 0.6544568E-11
 Number of Estimated Parameters { S(~age + sex + time)p(~1)r(~1)F(~age) } = 6          
 DEVIANCE { S(~age + sex + time)p(~1)r(~1)F(~age) } = 839.10240                     
 DEVIANCE Degrees of Freedom { S(~age + sex + time)p(~1)r(~1)F(~age) } = 9            
 c-hat { S(~age + sex + time)p(~1)r(~1)F(~age) } = 93.233600                     
 AIC { S(~age + sex + time)p(~1)r(~1)F(~age) } = 2590.9212                  
 AICc { S(~age + sex + time)p(~1)r(~1)F(~age) } = 2590.9330                    
 BIC { S(~age + sex + time)p(~1)r(~1)F(~age) } = 2632.1071                    
 Pearson Chisquare { S(~age + sex + time)p(~1)r(~1)F(~age) } = Not a Number               
 Possible Encounter Histories { S(~age + sex + time)p(~1)r(~1)F(~age) } = 896             
 Pearson Chisquare df { S(~age + sex + time)p(~1)r(~1)F(~age) } = 854        
 Pearson chat { S(~age + sex + time)p(~1)r(~1)F(~age) } = Not a Number               
 Sum(Observed/Expected) { S(~age + sex + time)p(~1)r(~1)F(~age) } = Not a Number               
 Fletcher chat { S(~age + sex + time)p(~1)r(~1)F(~age) } = Not a Number               


          LOGIT Link Function Parameters of { S(~age + sex + time)p(~1)r(~1)F(~age) }
                                                              95% Confidence Interval
 Parameter                    Beta         Standard Error      Lower           Upper
 -------------------------  --------------  --------------  --------------  --------------
    1:S:(Intercept)         -0.7247975      1.0943281       -2.8696807      1.4200856     
    2:S:age1                50.247109       0.0000000       50.247109       50.247109     
    3:S:age2                13.511125       3091.7022       -6046.2254      6073.2476     
    4:S:age3                61.522100       991.39758       -1881.6172      2004.6614     
    5:S:age4                -0.2195371      295.41930       -579.24137      578.80230     
    6:S:age5                3.7026285       655.10852       -1280.3101      1287.7154     
    7:S:age6                -0.6203022      0.0000000       -0.6203022      -0.6203022    
    8:S:sex5                -0.1715770      1.0456697       -2.2210896      1.8779356     
    9:S:time2006            -32.917000      8696.4540       -17077.967      17012.133     
   10:S:time2007            0.1018253       1.1997497       -2.2496842      2.4533349     
   11:S:time2008            -31.581441      4339.4463       -8536.8964      8473.7335     
   12:S:time2009            33.958194       7305.1837       -14284.202      14352.118     
   13:S:time2010            23.491883       5092.2348       -9957.2884      10004.272     
   14:S:time2011            -45.569746      0.0000000       -45.569746      -45.569746    
   15:p:(Intercept)         -6.1482488      0.4598016       -7.0494599      -5.2470377    
   16:r:(Intercept)         -2.9642069      0.0594046       -3.0806400      -2.8477738    
   17:F:(Intercept)         6.5057419       143.67171       -275.09081      288.10230     
   18:F:age1                29.672947       5793.8715       -11326.315      11385.661     
   19:F:age2                15.409415       2596.1296       -5073.0047      5103.8236     

  Program  MARK  - Survival Rate Estimation with Capture-Recapture Data
   gfortran(Win64) Vers. 8.0 Jun 2014   31-Jan-2015 13:37:43    Page  013
 - - - - - - - - - - - - - - - - - - - - - - - - - - - - - - - - - - - - - -
 
   20:F:age3                16.013520       0.0000000       16.013520       16.013520     
   21:F:age4                19.317902       4327.7094       -8462.9927      8501.6285     
   22:F:age5                23.263312       5150.7855       -10072.277      10118.803     


          Real Function Parameters of { S(~age + sex + time)p(~1)r(~1)F(~age) }
                                                               95% Confidence Interval
  Parameter                  Estimate       Standard Error      Lower           Upper
 --------------------------  --------------  --------------  --------------  --------------
     1:S g41 c2005 c1 a0 t2  0.3263374       0.2405785       0.0536729       0.8053518                           
     2:S g41 c2005 c1 a1 t2  0.9999999       0.5350590E-003  0.1604937E-296  1.0000000                           
     3:S g41 c2005 c1 a2 t2  0.9999975       0.0078152       0.3900463E-298  1.0000000                           
     4:S g41 c2005 c1 a3 t2  1.0000000       0.9015483E-009  1.0000000       1.0000000                           
     5:S g41 c2005 c1 a4 t2  1.0000000       0.3417548E-010  1.0000000       1.0000000                           
     6:S g41 c2005 c1 a5 t2  1.0000000       0.1626073E-007  1.0000000       1.0000000                           
     7:S g41 c2005 c1 a6 t2  0.4218340E-020  0.0000000       0.4218340E-020  0.4218340E-020                      
     8:S g41 c2006 c2 a0 t2  0.2452184E-014  0.2132530E-010  -.4179513E-010  0.4180004E-010                      
     9:S g41 c2006 c2 a1 t2  1.0000000       0.0000000       1.0000000       1.0000000                           
    10:S g41 c2006 c2 a2 t2  0.6876792E-008  0.3733612E-004  -.7317191E-004  0.7318567E-004                      
    11:S g41 c2006 c2 a3 t2  1.0000000       0.0000000       1.0000000       1.0000000                           
    12:S g41 c2006 c2 a4 t2  1.0000000       0.8165847E-006  0.9999984       1.0000016                           
    13:S g41 c2006 c2 a5 t2  0.3181021E-018  0.1882415E-015  -.3686353E-015  0.3692715E-015                      
    14:S g41 c2007 c3 a0 t2  0.3491058       0.2548125       0.0562062       0.8284860                           
    15:S g41 c2007 c3 a1 t2  1.0000000       0.6997597E-004  0.6102166E-296  1.0000000                           
    16:S g41 c2007 c3 a2 t2  1.0000000       0.0000000       1.0000000       1.0000000                           
    17:S g41 c2007 c3 a3 t2  1.0000000       0.0000000       1.0000000       1.0000000                           
    18:S g41 c2007 c3 a4 t2  0.6297839E-020  0.5295473E-018  -.1031615E-017  0.1044211E-017                      
    19:S g41 c2008 c4 a0 t2  0.9323500E-014  0.4045883E-010  -.7928998E-010  0.7930863E-010                      
    20:S g41 c2008 c4 a1 t2  1.0000000       0.0000000       1.0000000       1.0000000                           
    21:S g41 c2008 c4 a2 t2  1.0000000       0.1364832E-011  1.0000000       1.0000000                           
    22:S g41 c2008 c4 a3 t2  0.9999998       0.2318707E-003  0.4046751E-297  1.0000000                           
    23:S g41 c2009 c5 a0 t2  1.0000000       0.2757530E-010  1.0000000       1.0000000                           
    24:S g41 c2009 c5 a1 t2  1.0000000       0.0000000       1.0000000       1.0000000                           
    25:S g41 c2009 c5 a2 t2  0.5785518E-014  0.1777922E-010  -.3484149E-010  0.3485307E-010                      
    26:S g41 c2010 c6 a0 t2  1.0000000       0.6596125E-006  0.9999987       1.0000013                           
    27:S g41 c2010 c6 a1 t2  0.9811565       0.0216408       0.8400196       0.9980670                           
    28:S g41 c2011 c7 a0 t2  0.7843960E-020  0.0000000       0.7843960E-020  0.7843960E-020                      
    29:S g51 c2005 c1 a0 t2  0.2897961       0.2462287       0.0376427       0.8097671                           
    30:S g51 c2005 c1 a1 t2  0.9999999       0.6352090E-003  0.1351896E-296  1.0000000                           
    31:S g51 c2005 c1 a2 t2  0.9999970       0.0092780       0.3285498E-298  1.0000000                           
    32:S g51 c2005 c1 a3 t2  1.0000000       0.1070527E-008  1.0000000       1.0000000                           
    33:S g51 c2005 c1 a4 t2  1.0000000       0.4068509E-010  1.0000000       1.0000000                           
    34:S g51 c2005 c1 a5 t2  1.0000000       0.1930376E-007  1.0000000       1.0000000                           
    35:S g51 c2005 c1 a6 t2  0.3553257E-020  0.0000000       0.3553257E-020  0.3553257E-020                      
    36:S g51 c2006 c2 a0 t2  0.2065561E-014  0.1796306E-010  -.3520552E-010  0.3520966E-010                      
    37:S g51 c2006 c2 a1 t2  1.0000000       0.0000000       1.0000000       1.0000000                           

  Program  MARK  - Survival Rate Estimation with Capture-Recapture Data
   gfortran(Win64) Vers. 8.0 Jun 2014   31-Jan-2015 13:37:43    Page  014
 - - - - - - - - - - - - - - - - - - - - - - - - - - - - - - - - - - - - - -
 
    38:S g51 c2006 c2 a2 t2  0.5792566E-008  0.3144953E-004  -.6163528E-004  0.6164687E-004                      
    39:S g51 c2006 c2 a3 t2  1.0000000       0.0000000       1.0000000       1.0000000                           
    40:S g51 c2006 c2 a4 t2  1.0000000       0.9694294E-006  0.9999981       1.0000019                           
    41:S g51 c2006 c2 a5 t2  0.2679486E-018  0.1585626E-015  -.3105147E-015  0.3110506E-015                      
    42:S g51 c2007 c3 a0 t2  0.3111927       0.2649664       0.0385176       0.8359315                           
    43:S g51 c2007 c3 a1 t2  1.0000000       0.8307375E-004  0.5140070E-296  1.0000000                           
    44:S g51 c2007 c3 a2 t2  1.0000000       0.0000000       1.0000000       1.0000000                           
    45:S g51 c2007 c3 a3 t2  1.0000000       0.0000000       1.0000000       1.0000000                           
    46:S g51 c2007 c3 a4 t2  0.5304893E-020  0.4460486E-018  -.8689505E-018  0.8795603E-018                      
    47:S g51 c2008 c4 a0 t2  0.7853514E-014  0.3407990E-010  -.6678875E-010  0.6680445E-010                      
    48:S g51 c2008 c4 a1 t2  1.0000000       0.0000000       1.0000000       1.0000000                           
    49:S g51 c2008 c4 a2 t2  1.0000000       0.1364832E-011  1.0000000       1.0000000                           
    50:S g51 c2008 c4 a3 t2  0.9999997       0.2752709E-003  0.3408722E-297  1.0000000                           
    51:S g51 c2009 c5 a0 t2  1.0000000       0.3244153E-010  1.0000000       1.0000000                           
    52:S g51 c2009 c5 a1 t2  1.0000000       0.0000000       1.0000000       1.0000000                           
    53:S g51 c2009 c5 a2 t2  0.4873347E-014  0.1497606E-010  -.2934821E-010  0.2935796E-010                      
    54:S g51 c2010 c6 a0 t2  1.0000000       0.7830753E-006  0.9999985       1.0000015                           
    55:S g51 c2010 c6 a1 t2  0.9777081       0.0245751       0.8279222       0.9975051                           
    56:S g51 c2011 c7 a0 t2  0.6607245E-020  0.0000000       0.6607245E-020  0.6607245E-020                      
    57:p g41 c2005 c1 a1 t2  0.0021327       0.9785106E-003  0.8671250E-003  0.0052355                           
    58:r g41 c2005 c1 a0 t2  0.0490693       0.0027719       0.0439129       0.0547965                           
    59:F g41 c2005 c1 a0 t2  0.9985074       0.2141243       0.3385154E-119  1.0000000                           
    60:F g41 c2005 c1 a1 t2  1.0000000       0.1287114E-011  1.0000000       1.0000000                           
    61:F g41 c2005 c1 a2 t2  1.0000000       0.7890777E-006  0.9999985       1.0000015                           
    62:F g41 c2005 c1 a3 t2  1.0000000       0.0000000       1.0000000       1.0000000                           
    63:F g41 c2005 c1 a4 t2  1.0000000       0.2638880E-007  0.9999999       1.0000001                           
    64:F g41 c2005 c1 a5 t2  1.0000000       0.6076144E-009  1.0000000       1.0000000                           

 Attempted ordering of parameters by estimatibility:
  16 15  1 10  8 14 17  5  2  6  7 19 20  3 21 11 22 13 18 12  9  4
 Beta number 4 is a singular value.

     CPU Time in seconds for last procedure was 3.10

  Program  MARK  - Survival Rate Estimation with Capture-Recapture Data
   gfortran(Win64) Vers. 8.0 Jun 2014   31-Jan-2015 13:37:43    Page  015
 - - - - - - - - - - - - - - - - - - - - - - - - - - - - - - - - - - - - - -
 


  INPUT --- proc stop;

     CPU Time in minutes for this job was 0.05

     Time Start = 13:37:43.297   Time End = 13:37:43.992

     Wall Clock Time in minutes for this job was 0.01


          E X E C U T I O N   S U C C E S S F U L 
