
   Program  MARK  - Survival Rate Estimation with Capture-Recapture Data
   gfortran(Win64) Vers. 8.0 Jun 2014   21-Jan-2015 17:31:36    Page  001
 - - - - - - - - - - - - - - - - - - - - - - - - - - - - - - - - - - - - - -
 
   This version was compiled by GCC version 4.8.1 using the options 
   -m64 -mtune=generic -march=x86-64 -mthreads -O2 -fimplicit-none -fbounds-check -funroll-loops -ftree-vectorize -fopenmp.
   This problem will use 3 of 4 possible threads.


  INPUT --- proc title ;

     CPU Time in seconds for last procedure was 0.00


  INPUT --- proc chmatrix occasions= 7 groups= 2 etype= Live ICMeans 
  INPUT --- NoHist hist= 55 ;

  INPUT ---    time  interval 1 1 1 1 1 1 ;

  INPUT ---    glabel(1)=sexFemale;

  INPUT ---    glabel(2)=sexMale;

   * *  WARNING  * *   At least a pair of the encounter histories are duplicates. 

      Number of unique encounter histories read was 32.

      Number of individual covariates read was 0.
      Time interval lengths are all equal to 1.

      Data type number is 1
      Data type is Live Recaptures (CJS)                                                                               

     CPU Time in seconds for last procedure was 0.02

  Program  MARK  - Survival Rate Estimation with Capture-Recapture Data
   gfortran(Win64) Vers. 8.0 Jun 2014   21-Jan-2015 17:31:36    Page  002
 - - - - - - - - - - - - - - - - - - - - - - - - - - - - - - - - - - - - - -
 


  INPUT --- proc estimate link=Logit NOLOOP varest=2ndPart    ;


  INPUT --- model={ Phi(~time)p(~1) };

  INPUT ---    group=1 Phi    rows=6 cols=6 Triang ;
  INPUT ---        1 2 3 4 5 6 ;
  INPUT ---        2 3 4 5 6 ;
  INPUT ---        3 4 5 6 ;
  INPUT ---        4 5 6 ;
  INPUT ---        5 6 ;
  INPUT ---        6 ;

  INPUT ---    group=2 Phi    rows=6 cols=6 Triang ;
  INPUT ---        1 2 3 4 5 6 ;
  INPUT ---        2 3 4 5 6 ;
  INPUT ---        3 4 5 6 ;
  INPUT ---        4 5 6 ;
  INPUT ---        5 6 ;
  INPUT ---        6 ;

  INPUT ---    group=1 p    rows=6 cols=6 Triang ;
  INPUT ---        7 7 7 7 7 7 ;
  INPUT ---        7 7 7 7 7 ;
  INPUT ---        7 7 7 7 ;
  INPUT ---        7 7 7 ;
  INPUT ---        7 7 ;
  INPUT ---        7 ;

  INPUT ---    group=2 p    rows=6 cols=6 Triang ;
  INPUT ---        7 7 7 7 7 7 ;
  INPUT ---        7 7 7 7 7 ;
  INPUT ---        7 7 7 7 ;
  INPUT ---        7 7 7 ;
  INPUT ---        7 7 ;
  INPUT ---        7 ;

  INPUT ---    design matrix constraints=7 covariates=7;
  INPUT ---        1 0 0 0 0 0 0;
  INPUT ---        1 1 0 0 0 0 0;
  INPUT ---        1 0 1 0 0 0 0;
  INPUT ---        1 0 0 1 0 0 0;
  INPUT ---        1 0 0 0 1 0 0;
  INPUT ---        1 0 0 0 0 1 0;

  Program  MARK  - Survival Rate Estimation with Capture-Recapture Data
   gfortran(Win64) Vers. 8.0 Jun 2014   21-Jan-2015 17:31:36    Page  003
 - - - - - - - - - - - - - - - - - - - - - - - - - - - - - - - - - - - - - -
 
  INPUT ---        0 0 0 0 0 0 1;

  INPUT ---    blabel(1)=Phi:(Intercept);

  INPUT ---    blabel(2)=Phi:time2;

  INPUT ---    blabel(3)=Phi:time3;

  INPUT ---    blabel(4)=Phi:time4;

  INPUT ---    blabel(5)=Phi:time5;

  INPUT ---    blabel(6)=Phi:time6;

  INPUT ---    blabel(7)=p:(Intercept);

  INPUT ---    rlabel(1)=Phi gFemale c1 c1 a0 t1;

  INPUT ---    rlabel(2)=Phi gFemale c1 c1 a1 t2;

  INPUT ---    rlabel(3)=Phi gFemale c1 c1 a2 t3;

  INPUT ---    rlabel(4)=Phi gFemale c1 c1 a3 t4;

  INPUT ---    rlabel(5)=Phi gFemale c1 c1 a4 t5;

  INPUT ---    rlabel(6)=Phi gFemale c1 c1 a5 t6;

  INPUT ---    rlabel(7)=p gFemale c1 c1 a1 t2;

 Link Function Used is LOGIT        

 Variance Estimation Procedure Used is 2ndPart 
 -2logL(saturated) = 582.47711     
 Effective Sample Size = 426

 Number of function evaluations was 20 for 7 parameters.
 Time for numerical optimization was 0.02 seconds.
 -2logL { Phi(~time)p(~1) } = 659.73009     
 Penalty { Phi(~time)p(~1) } = -0.0000000    
 Gradient { Phi(~time)p(~1) }:
   0.000000    -0.6694778E-05  0.000000    -0.2259934E-04-0.1056852E-04
 -0.9650308E-05-0.7060427E-05
 S Vector { Phi(~time)p(~1) }:
   119.8456      19.54813      18.41311      16.41919      14.55431    
   9.012494     0.7097221    
 Time to compute number of parameters was 0.01 seconds.
   Threshold =  0.1600000E-06     Condition index =  0.5921971E-02     New Threshold =   1.877748    

  Program  MARK  - Survival Rate Estimation with Capture-Recapture Data
   gfortran(Win64) Vers. 8.0 Jun 2014   21-Jan-2015 17:31:36    Page  004
 - - - - - - - - - - - - - - - - - - - - - - - - - - - - - - - - - - - - - -
 
 New Guessimate of Estimated Parameters { Phi(~time)p(~1) } = 1          
 Conditioned S Vector { Phi(~time)p(~1) }:
   1.000000     0.1631110     0.1536403     0.1370028     0.1214422    
  0.7520089E-01 0.5921971E-02
 Number of Estimated Parameters { Phi(~time)p(~1) } = 7          
 DEVIANCE { Phi(~time)p(~1) } = 77.252974                     
 DEVIANCE Degrees of Freedom { Phi(~time)p(~1) } = 34            
 c-hat { Phi(~time)p(~1) } = 2.2721463                     
 AIC { Phi(~time)p(~1) } = 673.73009                  
 AICc { Phi(~time)p(~1) } = 673.99803                    
 BIC { Phi(~time)p(~1) } = 702.11116                    
 Pearson Chisquare { Phi(~time)p(~1) } = 170.86696                  
 Possible Encounter Histories { Phi(~time)p(~1) } = 252             
 Pearson Chisquare df { Phi(~time)p(~1) } = 233        
 Pearson chat { Phi(~time)p(~1) } = 0.7333346                  
 Sum(Observed/Expected) { Phi(~time)p(~1) } = 201.50384                  
 Fletcher chat { Phi(~time)p(~1) } = 0.9171057                  


                     LOGIT Link Function Parameters of { Phi(~time)p(~1) }
                                                              95% Confidence Interval
 Parameter                    Beta         Standard Error      Lower           Upper
 -------------------------  --------------  --------------  --------------  --------------
    1:Phi:(Intercept)       0.5143920       0.4767833       -0.4201033      1.4488873     
    2:Phi:time2             -0.6981420      0.5537227       -1.7834384      0.3871545     
    3:Phi:time3             -0.6009371      0.5301024       -1.6399378      0.4380636     
    4:Phi:time4             -0.0061076      0.5334641       -1.0516973      1.0394821     
    5:Phi:time5             -0.0757125      0.5276533       -1.1099130      0.9584881     
    6:Phi:time6             -0.1780644      0.5265679       -1.2101375      0.8540087     
    7:p:(Intercept)         2.2203954       0.3288850       1.5757807       2.8650100     


                     Real Function Parameters of { Phi(~time)p(~1) }
                                                               95% Confidence Interval
  Parameter                  Estimate       Standard Error      Lower           Upper
 --------------------------  --------------  --------------  --------------  --------------
     1:Phi gFemale c1 c1 a0  0.6258355       0.1116462       0.3964920       0.8098271                           
     2:Phi gFemale c1 c1 a1  0.4541913       0.0666224       0.3294904       0.5849168                           
     3:Phi gFemale c1 c1 a2  0.4783772       0.0584507       0.3668726       0.5920791                           
     4:Phi gFemale c1 c1 a3  0.6244042       0.0570280       0.5079194       0.7280772                           
     5:Phi gFemale c1 c1 a4  0.6079443       0.0548240       0.4969617       0.7087895                           
     6:Phi gFemale c1 c1 a5  0.5832982       0.0572113       0.4687874       0.6894755                           
     7:p gFemale c1 c1 a1 t  0.9020661       0.0290546       0.8286061       0.9460894                           

     CPU Time in seconds for last procedure was 0.02

  Program  MARK  - Survival Rate Estimation with Capture-Recapture Data
   gfortran(Win64) Vers. 8.0 Jun 2014   21-Jan-2015 17:31:36    Page  005
 - - - - - - - - - - - - - - - - - - - - - - - - - - - - - - - - - - - - - -
 


  INPUT --- proc stop;

     CPU Time in minutes for this job was 0.00

     Time Start = 17:31:36.456   Time End = 17:31:36.488

     Wall Clock Time in minutes for this job was 0.00


          E X E C U T I O N   S U C C E S S F U L 
