
   Program  MARK  - Survival Rate Estimation with Capture-Recapture Data
   gfortran(Win64) Vers. 8.0 Jun 2014   25-Jan-2015 15:10:28    Page  001
 - - - - - - - - - - - - - - - - - - - - - - - - - - - - - - - - - - - - - -
 
   This version was compiled by GCC version 4.8.1 using the options 
   -m64 -mtune=generic -march=x86-64 -mthreads -O2 -fimplicit-none -fbounds-check -funroll-loops -ftree-vectorize -fopenmp.
   This problem will use 7 of 8 possible threads.


  INPUT --- proc title ;

     CPU Time in seconds for last procedure was 0.00


  INPUT --- proc chmatrix occasions= 7 groups= 6 etype= Both ICMeans 
  INPUT --- NoHist hist= 51 ;

  INPUT ---    time  interval 1 1 1 1 1 1 1 ;

  INPUT ---    glabel(1)=sex4.age1;

  INPUT ---    glabel(2)=sex5.age1;

  INPUT ---    glabel(3)=sex4.age2;

  INPUT ---    glabel(4)=sex5.age2;

  INPUT ---    glabel(5)=sex4.age4;

  INPUT ---    glabel(6)=sex5.age4;

   * *  WARNING  * *   At least a pair of the encounter histories are duplicates. 

      Number of unique encounter histories read was 17.

      Number of individual covariates read was 0.
      Time interval lengths are all equal to 1.

      Data type number is 3
      Data type is Joint Live and Dead Encounters (Burnham)                                                            

     CPU Time in seconds for last procedure was 0.00

  Program  MARK  - Survival Rate Estimation with Capture-Recapture Data
   gfortran(Win64) Vers. 8.0 Jun 2014   25-Jan-2015 15:10:28    Page  002
 - - - - - - - - - - - - - - - - - - - - - - - - - - - - - - - - - - - - - -
 


  INPUT --- proc estimate link=Logit NOLOOP varest=2ndPart    ;


  INPUT --- model={ S(~age + sex)p(~age)r(~1)F(~1) };

  INPUT ---    group=1 S    rows=7 cols=7 Triang ;
  INPUT ---        1 2 3 4 5 6 7 ;
  INPUT ---        1 2 3 4 5 6 ;
  INPUT ---        1 2 3 4 5 ;
  INPUT ---        1 2 3 4 ;
  INPUT ---        1 2 3 ;
  INPUT ---        1 2 ;
  INPUT ---        1 ;

  INPUT ---    group=2 S    rows=7 cols=7 Triang ;
  INPUT ---        8 9 10 11 12 13 14 ;
  INPUT ---        8 9 10 11 12 13 ;
  INPUT ---        8 9 10 11 12 ;
  INPUT ---        8 9 10 11 ;
  INPUT ---        8 9 10 ;
  INPUT ---        8 9 ;
  INPUT ---        8 ;

  INPUT ---    group=3 S    rows=7 cols=7 Triang ;
  INPUT ---        1 2 3 4 5 6 7 ;
  INPUT ---        1 2 3 4 5 6 ;
  INPUT ---        1 2 3 4 5 ;
  INPUT ---        1 2 3 4 ;
  INPUT ---        1 2 3 ;
  INPUT ---        1 2 ;
  INPUT ---        1 ;

  INPUT ---    group=4 S    rows=7 cols=7 Triang ;
  INPUT ---        8 9 10 11 12 13 14 ;
  INPUT ---        8 9 10 11 12 13 ;
  INPUT ---        8 9 10 11 12 ;
  INPUT ---        8 9 10 11 ;
  INPUT ---        8 9 10 ;
  INPUT ---        8 9 ;
  INPUT ---        8 ;

  INPUT ---    group=5 S    rows=7 cols=7 Triang ;
  INPUT ---        1 2 3 4 5 6 7 ;
  INPUT ---        1 2 3 4 5 6 ;

  Program  MARK  - Survival Rate Estimation with Capture-Recapture Data
   gfortran(Win64) Vers. 8.0 Jun 2014   25-Jan-2015 15:10:28    Page  003
 - - - - - - - - - - - - - - - - - - - - - - - - - - - - - - - - - - - - - -
 
  INPUT ---        1 2 3 4 5 ;
  INPUT ---        1 2 3 4 ;
  INPUT ---        1 2 3 ;
  INPUT ---        1 2 ;
  INPUT ---        1 ;

  INPUT ---    group=6 S    rows=7 cols=7 Triang ;
  INPUT ---        8 9 10 11 12 13 14 ;
  INPUT ---        8 9 10 11 12 13 ;
  INPUT ---        8 9 10 11 12 ;
  INPUT ---        8 9 10 11 ;
  INPUT ---        8 9 10 ;
  INPUT ---        8 9 ;
  INPUT ---        8 ;

  INPUT ---    group=1 p    rows=6 cols=6 Triang ;
  INPUT ---        15 16 17 18 19 20 ;
  INPUT ---        15 16 17 18 19 ;
  INPUT ---        15 16 17 18 ;
  INPUT ---        15 16 17 ;
  INPUT ---        15 16 ;
  INPUT ---        15 ;

  INPUT ---    group=2 p    rows=6 cols=6 Triang ;
  INPUT ---        15 16 17 18 19 20 ;
  INPUT ---        15 16 17 18 19 ;
  INPUT ---        15 16 17 18 ;
  INPUT ---        15 16 17 ;
  INPUT ---        15 16 ;
  INPUT ---        15 ;

  INPUT ---    group=3 p    rows=6 cols=6 Triang ;
  INPUT ---        15 16 17 18 19 20 ;
  INPUT ---        15 16 17 18 19 ;
  INPUT ---        15 16 17 18 ;
  INPUT ---        15 16 17 ;
  INPUT ---        15 16 ;
  INPUT ---        15 ;

  INPUT ---    group=4 p    rows=6 cols=6 Triang ;
  INPUT ---        15 16 17 18 19 20 ;
  INPUT ---        15 16 17 18 19 ;
  INPUT ---        15 16 17 18 ;
  INPUT ---        15 16 17 ;
  INPUT ---        15 16 ;
  INPUT ---        15 ;

  Program  MARK  - Survival Rate Estimation with Capture-Recapture Data
   gfortran(Win64) Vers. 8.0 Jun 2014   25-Jan-2015 15:10:28    Page  004
 - - - - - - - - - - - - - - - - - - - - - - - - - - - - - - - - - - - - - -
 

  INPUT ---    group=5 p    rows=6 cols=6 Triang ;
  INPUT ---        15 16 17 18 19 20 ;
  INPUT ---        15 16 17 18 19 ;
  INPUT ---        15 16 17 18 ;
  INPUT ---        15 16 17 ;
  INPUT ---        15 16 ;
  INPUT ---        15 ;

  INPUT ---    group=6 p    rows=6 cols=6 Triang ;
  INPUT ---        15 16 17 18 19 20 ;
  INPUT ---        15 16 17 18 19 ;
  INPUT ---        15 16 17 18 ;
  INPUT ---        15 16 17 ;
  INPUT ---        15 16 ;
  INPUT ---        15 ;

  INPUT ---    group=1 r    rows=7 cols=7 Triang ;
  INPUT ---        21 21 21 21 21 21 21 ;
  INPUT ---        21 21 21 21 21 21 ;
  INPUT ---        21 21 21 21 21 ;
  INPUT ---        21 21 21 21 ;
  INPUT ---        21 21 21 ;
  INPUT ---        21 21 ;
  INPUT ---        21 ;

  INPUT ---    group=2 r    rows=7 cols=7 Triang ;
  INPUT ---        21 21 21 21 21 21 21 ;
  INPUT ---        21 21 21 21 21 21 ;
  INPUT ---        21 21 21 21 21 ;
  INPUT ---        21 21 21 21 ;
  INPUT ---        21 21 21 ;
  INPUT ---        21 21 ;
  INPUT ---        21 ;

  INPUT ---    group=3 r    rows=7 cols=7 Triang ;
  INPUT ---        21 21 21 21 21 21 21 ;
  INPUT ---        21 21 21 21 21 21 ;
  INPUT ---        21 21 21 21 21 ;
  INPUT ---        21 21 21 21 ;
  INPUT ---        21 21 21 ;
  INPUT ---        21 21 ;
  INPUT ---        21 ;

  INPUT ---    group=4 r    rows=7 cols=7 Triang ;
  INPUT ---        21 21 21 21 21 21 21 ;

  Program  MARK  - Survival Rate Estimation with Capture-Recapture Data
   gfortran(Win64) Vers. 8.0 Jun 2014   25-Jan-2015 15:10:28    Page  005
 - - - - - - - - - - - - - - - - - - - - - - - - - - - - - - - - - - - - - -
 
  INPUT ---        21 21 21 21 21 21 ;
  INPUT ---        21 21 21 21 21 ;
  INPUT ---        21 21 21 21 ;
  INPUT ---        21 21 21 ;
  INPUT ---        21 21 ;
  INPUT ---        21 ;

  INPUT ---    group=5 r    rows=7 cols=7 Triang ;
  INPUT ---        21 21 21 21 21 21 21 ;
  INPUT ---        21 21 21 21 21 21 ;
  INPUT ---        21 21 21 21 21 ;
  INPUT ---        21 21 21 21 ;
  INPUT ---        21 21 21 ;
  INPUT ---        21 21 ;
  INPUT ---        21 ;

  INPUT ---    group=6 r    rows=7 cols=7 Triang ;
  INPUT ---        21 21 21 21 21 21 21 ;
  INPUT ---        21 21 21 21 21 21 ;
  INPUT ---        21 21 21 21 21 ;
  INPUT ---        21 21 21 21 ;
  INPUT ---        21 21 21 ;
  INPUT ---        21 21 ;
  INPUT ---        21 ;

  INPUT ---    group=1 F    rows=6 cols=6 Triang ;
  INPUT ---        22 22 22 22 22 22 ;
  INPUT ---        22 22 22 22 22 ;
  INPUT ---        22 22 22 22 ;
  INPUT ---        22 22 22 ;
  INPUT ---        22 22 ;
  INPUT ---        22 ;

  INPUT ---    group=2 F    rows=6 cols=6 Triang ;
  INPUT ---        22 22 22 22 22 22 ;
  INPUT ---        22 22 22 22 22 ;
  INPUT ---        22 22 22 22 ;
  INPUT ---        22 22 22 ;
  INPUT ---        22 22 ;
  INPUT ---        22 ;

  INPUT ---    group=3 F    rows=6 cols=6 Triang ;
  INPUT ---        22 22 22 22 22 22 ;
  INPUT ---        22 22 22 22 22 ;
  INPUT ---        22 22 22 22 ;
  INPUT ---        22 22 22 ;

  Program  MARK  - Survival Rate Estimation with Capture-Recapture Data
   gfortran(Win64) Vers. 8.0 Jun 2014   25-Jan-2015 15:10:28    Page  006
 - - - - - - - - - - - - - - - - - - - - - - - - - - - - - - - - - - - - - -
 
  INPUT ---        22 22 ;
  INPUT ---        22 ;

  INPUT ---    group=4 F    rows=6 cols=6 Triang ;
  INPUT ---        22 22 22 22 22 22 ;
  INPUT ---        22 22 22 22 22 ;
  INPUT ---        22 22 22 22 ;
  INPUT ---        22 22 22 ;
  INPUT ---        22 22 ;
  INPUT ---        22 ;

  INPUT ---    group=5 F    rows=6 cols=6 Triang ;
  INPUT ---        22 22 22 22 22 22 ;
  INPUT ---        22 22 22 22 22 ;
  INPUT ---        22 22 22 22 ;
  INPUT ---        22 22 22 ;
  INPUT ---        22 22 ;
  INPUT ---        22 ;

  INPUT ---    group=6 F    rows=6 cols=6 Triang ;
  INPUT ---        22 22 22 22 22 22 ;
  INPUT ---        22 22 22 22 22 ;
  INPUT ---        22 22 22 22 ;
  INPUT ---        22 22 22 ;
  INPUT ---        22 22 ;
  INPUT ---        22 ;

  INPUT ---    design matrix constraints=22 covariates=16;
  INPUT ---        1 0 0 0 0 0 0 0 0 0 0 0 0 0 0 0;
  INPUT ---        1 1 0 0 0 0 0 0 0 0 0 0 0 0 0 0;
  INPUT ---        1 0 1 0 0 0 0 0 0 0 0 0 0 0 0 0;
  INPUT ---        1 0 0 1 0 0 0 0 0 0 0 0 0 0 0 0;
  INPUT ---        1 0 0 0 1 0 0 0 0 0 0 0 0 0 0 0;
  INPUT ---        1 0 0 0 0 1 0 0 0 0 0 0 0 0 0 0;
  INPUT ---        1 0 0 0 0 0 1 0 0 0 0 0 0 0 0 0;
  INPUT ---        1 0 0 0 0 0 0 1 0 0 0 0 0 0 0 0;
  INPUT ---        1 1 0 0 0 0 0 1 0 0 0 0 0 0 0 0;
  INPUT ---        1 0 1 0 0 0 0 1 0 0 0 0 0 0 0 0;
  INPUT ---        1 0 0 1 0 0 0 1 0 0 0 0 0 0 0 0;
  INPUT ---        1 0 0 0 1 0 0 1 0 0 0 0 0 0 0 0;
  INPUT ---        1 0 0 0 0 1 0 1 0 0 0 0 0 0 0 0;
  INPUT ---        1 0 0 0 0 0 1 1 0 0 0 0 0 0 0 0;
  INPUT ---        0 0 0 0 0 0 0 0 1 0 0 0 0 0 0 0;
  INPUT ---        0 0 0 0 0 0 0 0 1 1 0 0 0 0 0 0;
  INPUT ---        0 0 0 0 0 0 0 0 1 0 1 0 0 0 0 0;
  INPUT ---        0 0 0 0 0 0 0 0 1 0 0 1 0 0 0 0;

  Program  MARK  - Survival Rate Estimation with Capture-Recapture Data
   gfortran(Win64) Vers. 8.0 Jun 2014   25-Jan-2015 15:10:28    Page  007
 - - - - - - - - - - - - - - - - - - - - - - - - - - - - - - - - - - - - - -
 
  INPUT ---        0 0 0 0 0 0 0 0 1 0 0 0 1 0 0 0;
  INPUT ---        0 0 0 0 0 0 0 0 1 0 0 0 0 1 0 0;
  INPUT ---        0 0 0 0 0 0 0 0 0 0 0 0 0 0 1 0;
  INPUT ---        0 0 0 0 0 0 0 0 0 0 0 0 0 0 0 1;

  INPUT ---    blabel(1)=S:(Intercept);

  INPUT ---    blabel(2)=S:age1;

  INPUT ---    blabel(3)=S:age2;

  INPUT ---    blabel(4)=S:age3;

  INPUT ---    blabel(5)=S:age4;

  INPUT ---    blabel(6)=S:age5;

  INPUT ---    blabel(7)=S:age6;

  INPUT ---    blabel(8)=S:sex5;

  INPUT ---    blabel(9)=p:(Intercept);

  INPUT ---    blabel(10)=p:age2;

  INPUT ---    blabel(11)=p:age3;

  INPUT ---    blabel(12)=p:age4;

  INPUT ---    blabel(13)=p:age5;

  INPUT ---    blabel(14)=p:age6;

  INPUT ---    blabel(15)=r:(Intercept);

  INPUT ---    blabel(16)=F:(Intercept);

  INPUT ---    rlabel(1)=S g41 c2005 c1 a0 t2005;

  INPUT ---    rlabel(2)=S g41 c2005 c1 a1 t2006;

  INPUT ---    rlabel(3)=S g41 c2005 c1 a2 t2007;

  INPUT ---    rlabel(4)=S g41 c2005 c1 a3 t2008;

  INPUT ---    rlabel(5)=S g41 c2005 c1 a4 t2009;

  Program  MARK  - Survival Rate Estimation with Capture-Recapture Data
   gfortran(Win64) Vers. 8.0 Jun 2014   25-Jan-2015 15:10:28    Page  008
 - - - - - - - - - - - - - - - - - - - - - - - - - - - - - - - - - - - - - -
 

  INPUT ---    rlabel(6)=S g41 c2005 c1 a5 t2010;

  INPUT ---    rlabel(7)=S g41 c2005 c1 a6 t2011;

  INPUT ---    rlabel(8)=S g51 c2005 c1 a0 t2005;

  INPUT ---    rlabel(9)=S g51 c2005 c1 a1 t2006;

  INPUT ---    rlabel(10)=S g51 c2005 c1 a2 t2007;

  INPUT ---    rlabel(11)=S g51 c2005 c1 a3 t2008;

  INPUT ---    rlabel(12)=S g51 c2005 c1 a4 t2009;

  INPUT ---    rlabel(13)=S g51 c2005 c1 a5 t2010;

  INPUT ---    rlabel(14)=S g51 c2005 c1 a6 t2011;

  INPUT ---    rlabel(15)=p g41 c2005 c1 a1 t2006;

  INPUT ---    rlabel(16)=p g41 c2005 c1 a2 t2007;

  INPUT ---    rlabel(17)=p g41 c2005 c1 a3 t2008;

  INPUT ---    rlabel(18)=p g41 c2005 c1 a4 t2009;

  INPUT ---    rlabel(19)=p g41 c2005 c1 a5 t2010;

  INPUT ---    rlabel(20)=p g41 c2005 c1 a6 t2011;

  INPUT ---    rlabel(21)=r g41 c2005 c1 a0 t2005;

  INPUT ---    rlabel(22)=F g41 c2005 c1 a0 t2005;

 Link Function Used is LOGIT        

 Variance Estimation Procedure Used is 2ndPart 

 M(t+1):



 -2logL(saturated) = 1739.8188     
 Effective Sample Size = 7075

 Number of function evaluations was 65 for 16 parameters.
 Time for numerical optimization was 0.90 seconds.

  Program  MARK  - Survival Rate Estimation with Capture-Recapture Data
   gfortran(Win64) Vers. 8.0 Jun 2014   25-Jan-2015 15:10:28    Page  009
 - - - - - - - - - - - - - - - - - - - - - - - - - - - - - - - - - - - - - -
 
 -2logL { S(~age + sex)p(~age)r(~1)F(~1) } = 2686.8419     
 Penalty { S(~age + sex)p(~age)r(~1)F(~1) } = -0.0000000    
 Gradient { S(~age + sex)p(~age)r(~1)F(~1) }:
  0.8800284E-05-0.1538055E-04  0.000000      0.000000      0.000000    
   0.000000      0.000000      0.000000      0.000000    -0.3044974E-04
 -0.2414092E-04  0.000000      0.000000      0.000000     0.3317643E-04
  0.2773868E-05
 S Vector { S(~age + sex)p(~age)r(~1)F(~1) }:
   286.2046      29.60608      4.350673      2.908341      1.829458    
   1.390165     0.9554366     0.3472839     0.3131537     0.8284980E-06
  0.3260235E-06 0.1074082E-07 0.7531570E-08 0.1561860E-08 0.7974696E-09
  0.3895268E-09
 Time to compute number of parameters was 0.45 seconds.
   Threshold =  0.3400000E-06     Condition index =  0.1361008E-11     New Threshold =  0.1558107E-08
 New Guessimate of Estimated Parameters { S(~age + sex)p(~age)r(~1)F(~1) } = 10          
 Conditioned S Vector { S(~age + sex)p(~age)r(~1)F(~1) }:
   1.000000     0.1034438     0.1520127E-01 0.1016176E-01 0.6392131E-02
  0.4857242E-02 0.3338299E-02 0.1213411E-02 0.1094160E-02 0.2894775E-08
  0.1139127E-08 0.3752846E-10 0.2631533E-10 0.5457145E-11 0.2786362E-11
  0.1361008E-11
 Number of Estimated Parameters { S(~age + sex)p(~age)r(~1)F(~1) } = 9          
 DEVIANCE { S(~age + sex)p(~age)r(~1)F(~1) } = 947.02310                     
 DEVIANCE Degrees of Freedom { S(~age + sex)p(~age)r(~1)F(~1) } = 6            
 c-hat { S(~age + sex)p(~age)r(~1)F(~1) } = 157.83718                     
 AIC { S(~age + sex)p(~age)r(~1)F(~1) } = 2704.8419                  
 AICc { S(~age + sex)p(~age)r(~1)F(~1) } = 2704.8673                    
 BIC { S(~age + sex)p(~age)r(~1)F(~1) } = 2766.6208                    
 Pearson Chisquare { S(~age + sex)p(~age)r(~1)F(~1) } = Not a Number               
 Possible Encounter Histories { S(~age + sex)p(~age)r(~1)F(~1) } = 896             
 Pearson Chisquare df { S(~age + sex)p(~age)r(~1)F(~1) } = 851        
 Pearson chat { S(~age + sex)p(~age)r(~1)F(~1) } = Not a Number               
 Sum(Observed/Expected) { S(~age + sex)p(~age)r(~1)F(~1) } = Not a Number               
 Fletcher chat { S(~age + sex)p(~age)r(~1)F(~1) } = Not a Number               


              LOGIT Link Function Parameters of { S(~age + sex)p(~age)r(~1)F(~1) }
                                                              95% Confidence Interval
 Parameter                    Beta         Standard Error      Lower           Upper
 -------------------------  --------------  --------------  --------------  --------------
    1:S:(Intercept)         -4.1674169      0.5818781       -5.3078981      -3.0269357    
    2:S:age1                4.9132789       1.3878800       2.1930339       7.6335238     
    3:S:age2                110.91376       0.0000000       110.91376       110.91376     
    4:S:age3                33.830339       0.0000000       33.830339       33.830339     
    5:S:age4                2.5676674       1.6172609       -0.6021640      5.7374988     
    6:S:age5                84.920137       0.0000000       84.920137       84.920137     
    7:S:age6                -7.6946605      0.0000000       -7.6946605      -7.6946605    
    8:S:sex5                -0.3451574      0.4708198       -1.2679642      0.5776494     
    9:p:(Intercept)         -2.4145930      0.7137467       -3.8135366      -1.0156495    
   10:p:age2                -0.4934357      0.9686687       -2.3920263      1.4051549     
   11:p:age3                -0.8837200      1.2056516       -3.2467971      1.4793571     
   12:p:age4                0.1048642       0.9947196       -1.8447862      2.0545146     
   13:p:age5                -19.206328      0.0000000       -19.206328      -19.206328    
   14:p:age6                31.629838       0.0000000       31.629838       31.629838     
   15:r:(Intercept)         -3.1120817      0.0592451       -3.2282020      -2.9959614    
   16:F:(Intercept)         15.393980       1740.1117       -3395.2249      3426.0129     


              Real Function Parameters of { S(~age + sex)p(~age)r(~1)F(~1) }
                                                               95% Confidence Interval
  Parameter                  Estimate       Standard Error      Lower           Upper
 --------------------------  --------------  --------------  --------------  --------------

  Program  MARK  - Survival Rate Estimation with Capture-Recapture Data
   gfortran(Win64) Vers. 8.0 Jun 2014   25-Jan-2015 15:10:28    Page  010
 - - - - - - - - - - - - - - - - - - - - - - - - - - - - - - - - - - - - - -
 
     1:S g41 c2005 c1 a0 t2  0.0152559       0.0087416       0.0049279       0.0462237                           
     2:S g41 c2005 c1 a1 t2  0.6782764       0.2936789       0.1310255       0.9671895                           
     3:S g41 c2005 c1 a2 t2  1.0000000       0.0000000       1.0000000       1.0000000                           
     4:S g41 c2005 c1 a3 t2  1.0000000       0.7620993E-013  1.0000000       1.0000000                           
     5:S g41 c2005 c1 a4 t2  0.1680166       0.1843226       0.0150058       0.7280395                           
     6:S g41 c2005 c1 a5 t2  1.0000000       0.0000000       1.0000000       1.0000000                           
     7:S g41 c2005 c1 a6 t2  0.7052810E-005  0.0000000       0.7052810E-005  0.7052810E-005                      
     8:S g51 c2005 c1 a0 t2  0.0108511       0.0065260       0.0033206       0.0348620                           
     9:S g51 c2005 c1 a1 t2  0.5988569       0.3135959       0.1035948       0.9507019                           
    10:S g51 c2005 c1 a2 t2  1.0000000       0.0000000       1.0000000       1.0000000                           
    11:S g51 c2005 c1 a3 t2  1.0000000       0.1125685E-012  1.0000000       1.0000000                           
    12:S g51 c2005 c1 a4 t2  0.1251098       0.1507007       0.0095329       0.6799667                           
    13:S g51 c2005 c1 a5 t2  1.0000000       0.0000000       1.0000000       1.0000000                           
    14:S g51 c2005 c1 a6 t2  0.4994168E-005  0.0000000       0.4994168E-005  0.4994168E-005                      
    15:p g41 c2005 c1 a1 t2  0.0820667       0.0537678       0.0215934       0.2658757                           
    16:p g41 c2005 c1 a2 t2  0.0517581       0.0512063       0.0070128       0.2966957                           
    17:p g41 c2005 c1 a3 t2  0.0356291       0.0440054       0.0029928       0.3125793                           
    18:p g41 c2005 c1 a4 t2  0.0903204       0.0895272       0.0115962       0.4565980                           
    19:p g41 c2005 c1 a5 t2  0.4075242E-009  0.0000000       0.4075242E-009  0.4075242E-009                      
    20:p g41 c2005 c1 a6 t2  1.0000000       0.0000000       1.0000000       1.0000000                           
    21:r g41 c2005 c1 a0 t2  0.0426116       0.0024170       0.0381181       0.0476087                           
    22:F g41 c2005 c1 a0 t2  0.9999998       0.3589686E-003  0.4779507E-297  1.0000000                           

 Attempted ordering of parameters by estimatibility:
  15  1  8  9 10 12 11  2  5  7 16 13 14  4  6  3
 Beta number 3 is a singular value.

     CPU Time in seconds for last procedure was 1.37

  Program  MARK  - Survival Rate Estimation with Capture-Recapture Data
   gfortran(Win64) Vers. 8.0 Jun 2014   25-Jan-2015 15:10:28    Page  011
 - - - - - - - - - - - - - - - - - - - - - - - - - - - - - - - - - - - - - -
 


  INPUT --- proc stop;

     CPU Time in minutes for this job was 0.02

     Time Start = 15:10:28.608   Time End = 15:10:28.964

     Wall Clock Time in minutes for this job was 0.01


          E X E C U T I O N   S U C C E S S F U L 
