
   Program  MARK  - Survival Rate Estimation with Capture-Recapture Data
   gfortran(Win64) Vers. 8.0 Jun 2014   31-Jan-2015 13:37:19    Page  001
 - - - - - - - - - - - - - - - - - - - - - - - - - - - - - - - - - - - - - -
 
   This version was compiled by GCC version 4.8.1 using the options 
   -m64 -mtune=generic -march=x86-64 -mthreads -O2 -fimplicit-none -fbounds-check -funroll-loops -ftree-vectorize -fopenmp.
   This problem will use 7 of 8 possible threads.


  INPUT --- proc title ;

     CPU Time in seconds for last procedure was 0.00


  INPUT --- proc chmatrix occasions= 7 groups= 6 etype= Both ICMeans 
  INPUT --- NoHist hist= 51 ;

  INPUT ---    time  interval 1 1 1 1 1 1 1 ;

  INPUT ---    glabel(1)=sex4.age1;

  INPUT ---    glabel(2)=sex5.age1;

  INPUT ---    glabel(3)=sex4.age2;

  INPUT ---    glabel(4)=sex5.age2;

  INPUT ---    glabel(5)=sex4.age4;

  INPUT ---    glabel(6)=sex5.age4;

   * *  WARNING  * *   At least a pair of the encounter histories are duplicates. 

      Number of unique encounter histories read was 17.

      Number of individual covariates read was 0.
      Time interval lengths are all equal to 1.

      Data type number is 3
      Data type is Joint Live and Dead Encounters (Burnham)                                                            

     CPU Time in seconds for last procedure was 0.00

  Program  MARK  - Survival Rate Estimation with Capture-Recapture Data
   gfortran(Win64) Vers. 8.0 Jun 2014   31-Jan-2015 13:37:19    Page  002
 - - - - - - - - - - - - - - - - - - - - - - - - - - - - - - - - - - - - - -
 


  INPUT --- proc estimate link=Logit NOLOOP varest=2ndPart    ;


  INPUT --- model={ S(~sex)p(~time)r(~1)F(~1) };

  INPUT ---    group=1 S    rows=7 cols=7 Triang ;
  INPUT ---        1 1 1 1 1 1 1 ;
  INPUT ---        1 1 1 1 1 1 ;
  INPUT ---        1 1 1 1 1 ;
  INPUT ---        1 1 1 1 ;
  INPUT ---        1 1 1 ;
  INPUT ---        1 1 ;
  INPUT ---        1 ;

  INPUT ---    group=2 S    rows=7 cols=7 Triang ;
  INPUT ---        2 2 2 2 2 2 2 ;
  INPUT ---        2 2 2 2 2 2 ;
  INPUT ---        2 2 2 2 2 ;
  INPUT ---        2 2 2 2 ;
  INPUT ---        2 2 2 ;
  INPUT ---        2 2 ;
  INPUT ---        2 ;

  INPUT ---    group=3 S    rows=7 cols=7 Triang ;
  INPUT ---        1 1 1 1 1 1 1 ;
  INPUT ---        1 1 1 1 1 1 ;
  INPUT ---        1 1 1 1 1 ;
  INPUT ---        1 1 1 1 ;
  INPUT ---        1 1 1 ;
  INPUT ---        1 1 ;
  INPUT ---        1 ;

  INPUT ---    group=4 S    rows=7 cols=7 Triang ;
  INPUT ---        2 2 2 2 2 2 2 ;
  INPUT ---        2 2 2 2 2 2 ;
  INPUT ---        2 2 2 2 2 ;
  INPUT ---        2 2 2 2 ;
  INPUT ---        2 2 2 ;
  INPUT ---        2 2 ;
  INPUT ---        2 ;

  INPUT ---    group=5 S    rows=7 cols=7 Triang ;
  INPUT ---        1 1 1 1 1 1 1 ;
  INPUT ---        1 1 1 1 1 1 ;

  Program  MARK  - Survival Rate Estimation with Capture-Recapture Data
   gfortran(Win64) Vers. 8.0 Jun 2014   31-Jan-2015 13:37:19    Page  003
 - - - - - - - - - - - - - - - - - - - - - - - - - - - - - - - - - - - - - -
 
  INPUT ---        1 1 1 1 1 ;
  INPUT ---        1 1 1 1 ;
  INPUT ---        1 1 1 ;
  INPUT ---        1 1 ;
  INPUT ---        1 ;

  INPUT ---    group=6 S    rows=7 cols=7 Triang ;
  INPUT ---        2 2 2 2 2 2 2 ;
  INPUT ---        2 2 2 2 2 2 ;
  INPUT ---        2 2 2 2 2 ;
  INPUT ---        2 2 2 2 ;
  INPUT ---        2 2 2 ;
  INPUT ---        2 2 ;
  INPUT ---        2 ;

  INPUT ---    group=1 p    rows=6 cols=6 Triang ;
  INPUT ---        3 4 5 6 7 8 ;
  INPUT ---        4 5 6 7 8 ;
  INPUT ---        5 6 7 8 ;
  INPUT ---        6 7 8 ;
  INPUT ---        7 8 ;
  INPUT ---        8 ;

  INPUT ---    group=2 p    rows=6 cols=6 Triang ;
  INPUT ---        3 4 5 6 7 8 ;
  INPUT ---        4 5 6 7 8 ;
  INPUT ---        5 6 7 8 ;
  INPUT ---        6 7 8 ;
  INPUT ---        7 8 ;
  INPUT ---        8 ;

  INPUT ---    group=3 p    rows=6 cols=6 Triang ;
  INPUT ---        3 4 5 6 7 8 ;
  INPUT ---        4 5 6 7 8 ;
  INPUT ---        5 6 7 8 ;
  INPUT ---        6 7 8 ;
  INPUT ---        7 8 ;
  INPUT ---        8 ;

  INPUT ---    group=4 p    rows=6 cols=6 Triang ;
  INPUT ---        3 4 5 6 7 8 ;
  INPUT ---        4 5 6 7 8 ;
  INPUT ---        5 6 7 8 ;
  INPUT ---        6 7 8 ;
  INPUT ---        7 8 ;
  INPUT ---        8 ;

  Program  MARK  - Survival Rate Estimation with Capture-Recapture Data
   gfortran(Win64) Vers. 8.0 Jun 2014   31-Jan-2015 13:37:19    Page  004
 - - - - - - - - - - - - - - - - - - - - - - - - - - - - - - - - - - - - - -
 

  INPUT ---    group=5 p    rows=6 cols=6 Triang ;
  INPUT ---        3 4 5 6 7 8 ;
  INPUT ---        4 5 6 7 8 ;
  INPUT ---        5 6 7 8 ;
  INPUT ---        6 7 8 ;
  INPUT ---        7 8 ;
  INPUT ---        8 ;

  INPUT ---    group=6 p    rows=6 cols=6 Triang ;
  INPUT ---        3 4 5 6 7 8 ;
  INPUT ---        4 5 6 7 8 ;
  INPUT ---        5 6 7 8 ;
  INPUT ---        6 7 8 ;
  INPUT ---        7 8 ;
  INPUT ---        8 ;

  INPUT ---    group=1 r    rows=7 cols=7 Triang ;
  INPUT ---        9 9 9 9 9 9 9 ;
  INPUT ---        9 9 9 9 9 9 ;
  INPUT ---        9 9 9 9 9 ;
  INPUT ---        9 9 9 9 ;
  INPUT ---        9 9 9 ;
  INPUT ---        9 9 ;
  INPUT ---        9 ;

  INPUT ---    group=2 r    rows=7 cols=7 Triang ;
  INPUT ---        9 9 9 9 9 9 9 ;
  INPUT ---        9 9 9 9 9 9 ;
  INPUT ---        9 9 9 9 9 ;
  INPUT ---        9 9 9 9 ;
  INPUT ---        9 9 9 ;
  INPUT ---        9 9 ;
  INPUT ---        9 ;

  INPUT ---    group=3 r    rows=7 cols=7 Triang ;
  INPUT ---        9 9 9 9 9 9 9 ;
  INPUT ---        9 9 9 9 9 9 ;
  INPUT ---        9 9 9 9 9 ;
  INPUT ---        9 9 9 9 ;
  INPUT ---        9 9 9 ;
  INPUT ---        9 9 ;
  INPUT ---        9 ;

  INPUT ---    group=4 r    rows=7 cols=7 Triang ;
  INPUT ---        9 9 9 9 9 9 9 ;

  Program  MARK  - Survival Rate Estimation with Capture-Recapture Data
   gfortran(Win64) Vers. 8.0 Jun 2014   31-Jan-2015 13:37:19    Page  005
 - - - - - - - - - - - - - - - - - - - - - - - - - - - - - - - - - - - - - -
 
  INPUT ---        9 9 9 9 9 9 ;
  INPUT ---        9 9 9 9 9 ;
  INPUT ---        9 9 9 9 ;
  INPUT ---        9 9 9 ;
  INPUT ---        9 9 ;
  INPUT ---        9 ;

  INPUT ---    group=5 r    rows=7 cols=7 Triang ;
  INPUT ---        9 9 9 9 9 9 9 ;
  INPUT ---        9 9 9 9 9 9 ;
  INPUT ---        9 9 9 9 9 ;
  INPUT ---        9 9 9 9 ;
  INPUT ---        9 9 9 ;
  INPUT ---        9 9 ;
  INPUT ---        9 ;

  INPUT ---    group=6 r    rows=7 cols=7 Triang ;
  INPUT ---        9 9 9 9 9 9 9 ;
  INPUT ---        9 9 9 9 9 9 ;
  INPUT ---        9 9 9 9 9 ;
  INPUT ---        9 9 9 9 ;
  INPUT ---        9 9 9 ;
  INPUT ---        9 9 ;
  INPUT ---        9 ;

  INPUT ---    group=1 F    rows=6 cols=6 Triang ;
  INPUT ---        10 10 10 10 10 10 ;
  INPUT ---        10 10 10 10 10 ;
  INPUT ---        10 10 10 10 ;
  INPUT ---        10 10 10 ;
  INPUT ---        10 10 ;
  INPUT ---        10 ;

  INPUT ---    group=2 F    rows=6 cols=6 Triang ;
  INPUT ---        10 10 10 10 10 10 ;
  INPUT ---        10 10 10 10 10 ;
  INPUT ---        10 10 10 10 ;
  INPUT ---        10 10 10 ;
  INPUT ---        10 10 ;
  INPUT ---        10 ;

  INPUT ---    group=3 F    rows=6 cols=6 Triang ;
  INPUT ---        10 10 10 10 10 10 ;
  INPUT ---        10 10 10 10 10 ;
  INPUT ---        10 10 10 10 ;
  INPUT ---        10 10 10 ;

  Program  MARK  - Survival Rate Estimation with Capture-Recapture Data
   gfortran(Win64) Vers. 8.0 Jun 2014   31-Jan-2015 13:37:19    Page  006
 - - - - - - - - - - - - - - - - - - - - - - - - - - - - - - - - - - - - - -
 
  INPUT ---        10 10 ;
  INPUT ---        10 ;

  INPUT ---    group=4 F    rows=6 cols=6 Triang ;
  INPUT ---        10 10 10 10 10 10 ;
  INPUT ---        10 10 10 10 10 ;
  INPUT ---        10 10 10 10 ;
  INPUT ---        10 10 10 ;
  INPUT ---        10 10 ;
  INPUT ---        10 ;

  INPUT ---    group=5 F    rows=6 cols=6 Triang ;
  INPUT ---        10 10 10 10 10 10 ;
  INPUT ---        10 10 10 10 10 ;
  INPUT ---        10 10 10 10 ;
  INPUT ---        10 10 10 ;
  INPUT ---        10 10 ;
  INPUT ---        10 ;

  INPUT ---    group=6 F    rows=6 cols=6 Triang ;
  INPUT ---        10 10 10 10 10 10 ;
  INPUT ---        10 10 10 10 10 ;
  INPUT ---        10 10 10 10 ;
  INPUT ---        10 10 10 ;
  INPUT ---        10 10 ;
  INPUT ---        10 ;

  INPUT ---    design matrix constraints=10 covariates=10;
  INPUT ---        1 0 0 0 0 0 0 0 0 0;
  INPUT ---        1 1 0 0 0 0 0 0 0 0;
  INPUT ---        0 0 1 0 0 0 0 0 0 0;
  INPUT ---        0 0 1 1 0 0 0 0 0 0;
  INPUT ---        0 0 1 0 1 0 0 0 0 0;
  INPUT ---        0 0 1 0 0 1 0 0 0 0;
  INPUT ---        0 0 1 0 0 0 1 0 0 0;
  INPUT ---        0 0 1 0 0 0 0 1 0 0;
  INPUT ---        0 0 0 0 0 0 0 0 1 0;
  INPUT ---        0 0 0 0 0 0 0 0 0 1;

  INPUT ---    blabel(1)=S:(Intercept);

  INPUT ---    blabel(2)=S:sex5;

  INPUT ---    blabel(3)=p:(Intercept);

  INPUT ---    blabel(4)=p:time2007;

  Program  MARK  - Survival Rate Estimation with Capture-Recapture Data
   gfortran(Win64) Vers. 8.0 Jun 2014   31-Jan-2015 13:37:19    Page  007
 - - - - - - - - - - - - - - - - - - - - - - - - - - - - - - - - - - - - - -
 

  INPUT ---    blabel(5)=p:time2008;

  INPUT ---    blabel(6)=p:time2009;

  INPUT ---    blabel(7)=p:time2010;

  INPUT ---    blabel(8)=p:time2011;

  INPUT ---    blabel(9)=r:(Intercept);

  INPUT ---    blabel(10)=F:(Intercept);

  INPUT ---    rlabel(1)=S g41 c2005 c1 a0 t2005;

  INPUT ---    rlabel(2)=S g51 c2005 c1 a0 t2005;

  INPUT ---    rlabel(3)=p g41 c2005 c1 a1 t2006;

  INPUT ---    rlabel(4)=p g41 c2005 c1 a2 t2007;

  INPUT ---    rlabel(5)=p g41 c2005 c1 a3 t2008;

  INPUT ---    rlabel(6)=p g41 c2005 c1 a4 t2009;

  INPUT ---    rlabel(7)=p g41 c2005 c1 a5 t2010;

  INPUT ---    rlabel(8)=p g41 c2005 c1 a6 t2011;

  INPUT ---    rlabel(9)=r g41 c2005 c1 a0 t2005;

  INPUT ---    rlabel(10)=F g41 c2005 c1 a0 t2005;

 Link Function Used is LOGIT        

 Variance Estimation Procedure Used is 2ndPart 

 M(t+1):



 -2logL(saturated) = 1739.8188     
 Effective Sample Size = 7075

 Number of function evaluations was 41 for 10 parameters.
 Time for numerical optimization was 0.95 seconds.

  Program  MARK  - Survival Rate Estimation with Capture-Recapture Data
   gfortran(Win64) Vers. 8.0 Jun 2014   31-Jan-2015 13:37:19    Page  008
 - - - - - - - - - - - - - - - - - - - - - - - - - - - - - - - - - - - - - -
 
 -2logL { S(~sex)p(~time)r(~1)F(~1) } = 2793.5532     
 Penalty { S(~sex)p(~time)r(~1)F(~1) } = -0.0000000    
 Gradient { S(~sex)p(~time)r(~1)F(~1) }:
  0.9558507E-05 0.3813895E-04 0.2249691E-04 0.6768942E-05 0.3270777E-05
  0.4929886E-05 0.9236145E-05 0.1150498E-05-0.5526225E-04 0.3795106E-04
 S Vector { S(~sex)p(~time)r(~1)F(~1) }:
   286.2424      37.31677      6.522550      5.193673      2.052525    
   1.056073     0.9341804     0.1256591E-05 0.3879494E-07 0.2061938E-07
 Time to compute number of parameters was 0.17 seconds.
   Threshold =  0.2200000E-06     Condition index =  0.7203469E-10     New Threshold =  0.6520421E-07
 New Guessimate of Estimated Parameters { S(~sex)p(~time)r(~1)F(~1) } = 7          
 Conditioned S Vector { S(~sex)p(~time)r(~1)F(~1) }:
   1.000000     0.1303677     0.2278680E-01 0.1814432E-01 0.7170584E-02
  0.3689435E-02 0.3263599E-02 0.4389955E-08 0.1355318E-09 0.7203469E-10
 Number of Estimated Parameters { S(~sex)p(~time)r(~1)F(~1) } = 7          
 DEVIANCE { S(~sex)p(~time)r(~1)F(~1) } = 1053.7345                     
 DEVIANCE Degrees of Freedom { S(~sex)p(~time)r(~1)F(~1) } = 8            
 c-hat { S(~sex)p(~time)r(~1)F(~1) } = 131.71681                     
 AIC { S(~sex)p(~time)r(~1)F(~1) } = 2807.5532                  
 AICc { S(~sex)p(~time)r(~1)F(~1) } = 2807.5691                    
 BIC { S(~sex)p(~time)r(~1)F(~1) } = 2855.6035                    
 Pearson Chisquare { S(~sex)p(~time)r(~1)F(~1) } = Not a Number               
 Possible Encounter Histories { S(~sex)p(~time)r(~1)F(~1) } = 896             
 Pearson Chisquare df { S(~sex)p(~time)r(~1)F(~1) } = 853        
 Pearson chat { S(~sex)p(~time)r(~1)F(~1) } = Not a Number               
 Sum(Observed/Expected) { S(~sex)p(~time)r(~1)F(~1) } = Not a Number               
 Fletcher chat { S(~sex)p(~time)r(~1)F(~1) } = Not a Number               


                LOGIT Link Function Parameters of { S(~sex)p(~time)r(~1)F(~1) }
                                                              95% Confidence Interval
 Parameter                    Beta         Standard Error      Lower           Upper
 -------------------------  --------------  --------------  --------------  --------------
    1:S:(Intercept)         -3.7575143      0.3169893       -4.3788134      -3.1362152    
    2:S:sex5                -0.1923437      0.3801501       -0.9374380      0.5527506     
    3:p:(Intercept)         -15.171016      463.61806       -923.86244      893.52040     
    4:p:time2007            12.436290       463.61957       -896.25809      921.13067     
    5:p:time2008            12.903343       463.61877       -895.78947      921.59616     
    6:p:time2009            -8.2242984      6959.3545       -13648.559      13632.111     
    7:p:time2010            13.770688       463.61831       -894.92122      922.46260     
    8:p:time2011            38.526129       5077.2077       -9912.8012      9989.8534     
    9:r:(Intercept)         -3.1144483      0.0591185       -3.2303206      -2.9985760    
   10:F:(Intercept)         1.3964938       1.0199547       -0.6026175      3.3956051     


                Real Function Parameters of { S(~sex)p(~time)r(~1)F(~1) }
                                                               95% Confidence Interval
  Parameter                  Estimate       Standard Error      Lower           Upper
 --------------------------  --------------  --------------  --------------  --------------
     1:S g41 c2005 c1 a0 t2  0.0228093       0.0070654       0.0123849       0.0416379                           
     2:S g51 c2005 c1 a0 t2  0.0188936       0.0061536       0.0099467       0.0355986                           
     3:p g41 c2005 c1 a1 t2  0.2578168E-006  0.1195285E-003  0.2541991E-310  1.0000000                           
     4:p g41 c2005 c1 a2 t2  0.0609551       0.0616593       0.0077979       0.3490122                           
     5:p g41 c2005 c1 a3 t2  0.0938358       0.0677678       0.0212534       0.3305737                           
     6:p g41 c2005 c1 a4 t2  0.6911049E-010  0.4905802E-006  -.9614681E-006  0.9616063E-006                      
     7:p g41 c2005 c1 a5 t2  0.1977640       0.1001552       0.0667547       0.4593365                           
     8:p g41 c2005 c1 a6 t2  1.0000000       0.3661066E-006  0.9999993       1.0000007                           
     9:r g41 c2005 c1 a0 t2  0.0425152       0.0024066       0.0380405       0.0474902                           

  Program  MARK  - Survival Rate Estimation with Capture-Recapture Data
   gfortran(Win64) Vers. 8.0 Jun 2014   31-Jan-2015 13:37:19    Page  009
 - - - - - - - - - - - - - - - - - - - - - - - - - - - - - - - - - - - - - -
 
    10:F g41 c2005 c1 a0 t2  0.8016269       0.1621944       0.3537451       0.9675669                           

 Attempted ordering of parameters by estimatibility:
   9  1  2  3  7 10  5  4  8  6
 Beta number 6 is a singular value.

     CPU Time in seconds for last procedure was 1.14


  INPUT --- proc stop;

     CPU Time in minutes for this job was 0.02

     Time Start = 13:37:19.276   Time End = 13:37:19.536

     Wall Clock Time in minutes for this job was 0.00


          E X E C U T I O N   S U C C E S S F U L 
