
   Program  MARK  - Survival Rate Estimation with Capture-Recapture Data
   gfortran(Win64) Vers. 8.0 Jun 2014   25-Jan-2015 15:08:01    Page  001
 - - - - - - - - - - - - - - - - - - - - - - - - - - - - - - - - - - - - - -
 
   This version was compiled by GCC version 4.8.1 using the options 
   -m64 -mtune=generic -march=x86-64 -mthreads -O2 -fimplicit-none -fbounds-check -funroll-loops -ftree-vectorize -fopenmp.
   This problem will use 7 of 8 possible threads.


  INPUT --- proc title ;

     CPU Time in seconds for last procedure was 0.00


  INPUT --- proc chmatrix occasions= 7 groups= 6 etype= Both ICMeans 
  INPUT --- NoHist hist= 51 ;

  INPUT ---    time  interval 1 1 1 1 1 1 1 ;

  INPUT ---    glabel(1)=sex4.age1;

  INPUT ---    glabel(2)=sex5.age1;

  INPUT ---    glabel(3)=sex4.age2;

  INPUT ---    glabel(4)=sex5.age2;

  INPUT ---    glabel(5)=sex4.age4;

  INPUT ---    glabel(6)=sex5.age4;

   * *  WARNING  * *   At least a pair of the encounter histories are duplicates. 

      Number of unique encounter histories read was 17.

      Number of individual covariates read was 0.
      Time interval lengths are all equal to 1.

      Data type number is 3
      Data type is Joint Live and Dead Encounters (Burnham)                                                            

     CPU Time in seconds for last procedure was 0.00

  Program  MARK  - Survival Rate Estimation with Capture-Recapture Data
   gfortran(Win64) Vers. 8.0 Jun 2014   25-Jan-2015 15:08:01    Page  002
 - - - - - - - - - - - - - - - - - - - - - - - - - - - - - - - - - - - - - -
 


  INPUT --- proc estimate link=Logit NOLOOP varest=2ndPart    ;


  INPUT --- model={ S(~age)p(~sex)r(~1)F(~1) };

  INPUT ---    group=1 S    rows=7 cols=7 Triang ;
  INPUT ---        1 2 3 4 5 6 7 ;
  INPUT ---        1 2 3 4 5 6 ;
  INPUT ---        1 2 3 4 5 ;
  INPUT ---        1 2 3 4 ;
  INPUT ---        1 2 3 ;
  INPUT ---        1 2 ;
  INPUT ---        1 ;

  INPUT ---    group=2 S    rows=7 cols=7 Triang ;
  INPUT ---        1 2 3 4 5 6 7 ;
  INPUT ---        1 2 3 4 5 6 ;
  INPUT ---        1 2 3 4 5 ;
  INPUT ---        1 2 3 4 ;
  INPUT ---        1 2 3 ;
  INPUT ---        1 2 ;
  INPUT ---        1 ;

  INPUT ---    group=3 S    rows=7 cols=7 Triang ;
  INPUT ---        1 2 3 4 5 6 7 ;
  INPUT ---        1 2 3 4 5 6 ;
  INPUT ---        1 2 3 4 5 ;
  INPUT ---        1 2 3 4 ;
  INPUT ---        1 2 3 ;
  INPUT ---        1 2 ;
  INPUT ---        1 ;

  INPUT ---    group=4 S    rows=7 cols=7 Triang ;
  INPUT ---        1 2 3 4 5 6 7 ;
  INPUT ---        1 2 3 4 5 6 ;
  INPUT ---        1 2 3 4 5 ;
  INPUT ---        1 2 3 4 ;
  INPUT ---        1 2 3 ;
  INPUT ---        1 2 ;
  INPUT ---        1 ;

  INPUT ---    group=5 S    rows=7 cols=7 Triang ;
  INPUT ---        1 2 3 4 5 6 7 ;
  INPUT ---        1 2 3 4 5 6 ;

  Program  MARK  - Survival Rate Estimation with Capture-Recapture Data
   gfortran(Win64) Vers. 8.0 Jun 2014   25-Jan-2015 15:08:01    Page  003
 - - - - - - - - - - - - - - - - - - - - - - - - - - - - - - - - - - - - - -
 
  INPUT ---        1 2 3 4 5 ;
  INPUT ---        1 2 3 4 ;
  INPUT ---        1 2 3 ;
  INPUT ---        1 2 ;
  INPUT ---        1 ;

  INPUT ---    group=6 S    rows=7 cols=7 Triang ;
  INPUT ---        1 2 3 4 5 6 7 ;
  INPUT ---        1 2 3 4 5 6 ;
  INPUT ---        1 2 3 4 5 ;
  INPUT ---        1 2 3 4 ;
  INPUT ---        1 2 3 ;
  INPUT ---        1 2 ;
  INPUT ---        1 ;

  INPUT ---    group=1 p    rows=6 cols=6 Triang ;
  INPUT ---        8 8 8 8 8 8 ;
  INPUT ---        8 8 8 8 8 ;
  INPUT ---        8 8 8 8 ;
  INPUT ---        8 8 8 ;
  INPUT ---        8 8 ;
  INPUT ---        8 ;

  INPUT ---    group=2 p    rows=6 cols=6 Triang ;
  INPUT ---        9 9 9 9 9 9 ;
  INPUT ---        9 9 9 9 9 ;
  INPUT ---        9 9 9 9 ;
  INPUT ---        9 9 9 ;
  INPUT ---        9 9 ;
  INPUT ---        9 ;

  INPUT ---    group=3 p    rows=6 cols=6 Triang ;
  INPUT ---        8 8 8 8 8 8 ;
  INPUT ---        8 8 8 8 8 ;
  INPUT ---        8 8 8 8 ;
  INPUT ---        8 8 8 ;
  INPUT ---        8 8 ;
  INPUT ---        8 ;

  INPUT ---    group=4 p    rows=6 cols=6 Triang ;
  INPUT ---        9 9 9 9 9 9 ;
  INPUT ---        9 9 9 9 9 ;
  INPUT ---        9 9 9 9 ;
  INPUT ---        9 9 9 ;
  INPUT ---        9 9 ;
  INPUT ---        9 ;

  Program  MARK  - Survival Rate Estimation with Capture-Recapture Data
   gfortran(Win64) Vers. 8.0 Jun 2014   25-Jan-2015 15:08:01    Page  004
 - - - - - - - - - - - - - - - - - - - - - - - - - - - - - - - - - - - - - -
 

  INPUT ---    group=5 p    rows=6 cols=6 Triang ;
  INPUT ---        8 8 8 8 8 8 ;
  INPUT ---        8 8 8 8 8 ;
  INPUT ---        8 8 8 8 ;
  INPUT ---        8 8 8 ;
  INPUT ---        8 8 ;
  INPUT ---        8 ;

  INPUT ---    group=6 p    rows=6 cols=6 Triang ;
  INPUT ---        9 9 9 9 9 9 ;
  INPUT ---        9 9 9 9 9 ;
  INPUT ---        9 9 9 9 ;
  INPUT ---        9 9 9 ;
  INPUT ---        9 9 ;
  INPUT ---        9 ;

  INPUT ---    group=1 r    rows=7 cols=7 Triang ;
  INPUT ---        10 10 10 10 10 10 10 ;
  INPUT ---        10 10 10 10 10 10 ;
  INPUT ---        10 10 10 10 10 ;
  INPUT ---        10 10 10 10 ;
  INPUT ---        10 10 10 ;
  INPUT ---        10 10 ;
  INPUT ---        10 ;

  INPUT ---    group=2 r    rows=7 cols=7 Triang ;
  INPUT ---        10 10 10 10 10 10 10 ;
  INPUT ---        10 10 10 10 10 10 ;
  INPUT ---        10 10 10 10 10 ;
  INPUT ---        10 10 10 10 ;
  INPUT ---        10 10 10 ;
  INPUT ---        10 10 ;
  INPUT ---        10 ;

  INPUT ---    group=3 r    rows=7 cols=7 Triang ;
  INPUT ---        10 10 10 10 10 10 10 ;
  INPUT ---        10 10 10 10 10 10 ;
  INPUT ---        10 10 10 10 10 ;
  INPUT ---        10 10 10 10 ;
  INPUT ---        10 10 10 ;
  INPUT ---        10 10 ;
  INPUT ---        10 ;

  INPUT ---    group=4 r    rows=7 cols=7 Triang ;
  INPUT ---        10 10 10 10 10 10 10 ;

  Program  MARK  - Survival Rate Estimation with Capture-Recapture Data
   gfortran(Win64) Vers. 8.0 Jun 2014   25-Jan-2015 15:08:01    Page  005
 - - - - - - - - - - - - - - - - - - - - - - - - - - - - - - - - - - - - - -
 
  INPUT ---        10 10 10 10 10 10 ;
  INPUT ---        10 10 10 10 10 ;
  INPUT ---        10 10 10 10 ;
  INPUT ---        10 10 10 ;
  INPUT ---        10 10 ;
  INPUT ---        10 ;

  INPUT ---    group=5 r    rows=7 cols=7 Triang ;
  INPUT ---        10 10 10 10 10 10 10 ;
  INPUT ---        10 10 10 10 10 10 ;
  INPUT ---        10 10 10 10 10 ;
  INPUT ---        10 10 10 10 ;
  INPUT ---        10 10 10 ;
  INPUT ---        10 10 ;
  INPUT ---        10 ;

  INPUT ---    group=6 r    rows=7 cols=7 Triang ;
  INPUT ---        10 10 10 10 10 10 10 ;
  INPUT ---        10 10 10 10 10 10 ;
  INPUT ---        10 10 10 10 10 ;
  INPUT ---        10 10 10 10 ;
  INPUT ---        10 10 10 ;
  INPUT ---        10 10 ;
  INPUT ---        10 ;

  INPUT ---    group=1 F    rows=6 cols=6 Triang ;
  INPUT ---        11 11 11 11 11 11 ;
  INPUT ---        11 11 11 11 11 ;
  INPUT ---        11 11 11 11 ;
  INPUT ---        11 11 11 ;
  INPUT ---        11 11 ;
  INPUT ---        11 ;

  INPUT ---    group=2 F    rows=6 cols=6 Triang ;
  INPUT ---        11 11 11 11 11 11 ;
  INPUT ---        11 11 11 11 11 ;
  INPUT ---        11 11 11 11 ;
  INPUT ---        11 11 11 ;
  INPUT ---        11 11 ;
  INPUT ---        11 ;

  INPUT ---    group=3 F    rows=6 cols=6 Triang ;
  INPUT ---        11 11 11 11 11 11 ;
  INPUT ---        11 11 11 11 11 ;
  INPUT ---        11 11 11 11 ;
  INPUT ---        11 11 11 ;

  Program  MARK  - Survival Rate Estimation with Capture-Recapture Data
   gfortran(Win64) Vers. 8.0 Jun 2014   25-Jan-2015 15:08:01    Page  006
 - - - - - - - - - - - - - - - - - - - - - - - - - - - - - - - - - - - - - -
 
  INPUT ---        11 11 ;
  INPUT ---        11 ;

  INPUT ---    group=4 F    rows=6 cols=6 Triang ;
  INPUT ---        11 11 11 11 11 11 ;
  INPUT ---        11 11 11 11 11 ;
  INPUT ---        11 11 11 11 ;
  INPUT ---        11 11 11 ;
  INPUT ---        11 11 ;
  INPUT ---        11 ;

  INPUT ---    group=5 F    rows=6 cols=6 Triang ;
  INPUT ---        11 11 11 11 11 11 ;
  INPUT ---        11 11 11 11 11 ;
  INPUT ---        11 11 11 11 ;
  INPUT ---        11 11 11 ;
  INPUT ---        11 11 ;
  INPUT ---        11 ;

  INPUT ---    group=6 F    rows=6 cols=6 Triang ;
  INPUT ---        11 11 11 11 11 11 ;
  INPUT ---        11 11 11 11 11 ;
  INPUT ---        11 11 11 11 ;
  INPUT ---        11 11 11 ;
  INPUT ---        11 11 ;
  INPUT ---        11 ;

  INPUT ---    design matrix constraints=11 covariates=11;
  INPUT ---        1 0 0 0 0 0 0 0 0 0 0;
  INPUT ---        1 1 0 0 0 0 0 0 0 0 0;
  INPUT ---        1 0 1 0 0 0 0 0 0 0 0;
  INPUT ---        1 0 0 1 0 0 0 0 0 0 0;
  INPUT ---        1 0 0 0 1 0 0 0 0 0 0;
  INPUT ---        1 0 0 0 0 1 0 0 0 0 0;
  INPUT ---        1 0 0 0 0 0 1 0 0 0 0;
  INPUT ---        0 0 0 0 0 0 0 1 0 0 0;
  INPUT ---        0 0 0 0 0 0 0 1 1 0 0;
  INPUT ---        0 0 0 0 0 0 0 0 0 1 0;
  INPUT ---        0 0 0 0 0 0 0 0 0 0 1;

  INPUT ---    blabel(1)=S:(Intercept);

  INPUT ---    blabel(2)=S:age1;

  INPUT ---    blabel(3)=S:age2;


  Program  MARK  - Survival Rate Estimation with Capture-Recapture Data
   gfortran(Win64) Vers. 8.0 Jun 2014   25-Jan-2015 15:08:01    Page  007
 - - - - - - - - - - - - - - - - - - - - - - - - - - - - - - - - - - - - - -
 
  INPUT ---    blabel(4)=S:age3;

  INPUT ---    blabel(5)=S:age4;

  INPUT ---    blabel(6)=S:age5;

  INPUT ---    blabel(7)=S:age6;

  INPUT ---    blabel(8)=p:(Intercept);

  INPUT ---    blabel(9)=p:sex5;

  INPUT ---    blabel(10)=r:(Intercept);

  INPUT ---    blabel(11)=F:(Intercept);

  INPUT ---    rlabel(1)=S g41 c2005 c1 a0 t2005;

  INPUT ---    rlabel(2)=S g41 c2005 c1 a1 t2006;

  INPUT ---    rlabel(3)=S g41 c2005 c1 a2 t2007;

  INPUT ---    rlabel(4)=S g41 c2005 c1 a3 t2008;

  INPUT ---    rlabel(5)=S g41 c2005 c1 a4 t2009;

  INPUT ---    rlabel(6)=S g41 c2005 c1 a5 t2010;

  INPUT ---    rlabel(7)=S g41 c2005 c1 a6 t2011;

  INPUT ---    rlabel(8)=p g41 c2005 c1 a1 t2006;

  INPUT ---    rlabel(9)=p g51 c2005 c1 a1 t2006;

  INPUT ---    rlabel(10)=r g41 c2005 c1 a0 t2005;

  INPUT ---    rlabel(11)=F g41 c2005 c1 a0 t2005;

 Link Function Used is LOGIT        

 Variance Estimation Procedure Used is 2ndPart 

 M(t+1):



 -2logL(saturated) = 1739.8188     

  Program  MARK  - Survival Rate Estimation with Capture-Recapture Data
   gfortran(Win64) Vers. 8.0 Jun 2014   25-Jan-2015 15:08:01    Page  008
 - - - - - - - - - - - - - - - - - - - - - - - - - - - - - - - - - - - - - -
 
 Effective Sample Size = 7075

 Number of function evaluations was 44 for 11 parameters.
 Time for numerical optimization was 0.50 seconds.
 -2logL { S(~age)p(~sex)r(~1)F(~1) } = 2688.1829     
 Penalty { S(~age)p(~sex)r(~1)F(~1) } = -0.0000000    
 Gradient { S(~age)p(~sex)r(~1)F(~1) }:
  0.7117784E-04  0.000000    -0.2195826E-04  0.000000      0.000000    
   0.000000    -0.1651820E-03 0.1678388E-03 0.2603332E-04-0.6973023E-03
 -0.3445467E-05
 S Vector { S(~age)p(~sex)r(~1)F(~1) }:
   286.1445      27.39176      2.223551     0.8975549     0.7574351    
  0.9078569E-04 0.1463505E-04 0.1884700E-05 0.4472970E-07 0.8414949E-08
  0.4305627E-08
 Time to compute number of parameters was 0.12 seconds.
   Threshold =  0.2400000E-06     Condition index =  0.1504703E-10     New Threshold =  0.1428015E-07
 New Guessimate of Estimated Parameters { S(~age)p(~sex)r(~1)F(~1) } = 7          
 Conditioned S Vector { S(~age)p(~sex)r(~1)F(~1) }:
   1.000000     0.9572702E-01 0.7770726E-02 0.3136719E-02 0.2647037E-02
  0.3172722E-06 0.5114567E-07 0.6586530E-08 0.1563186E-09 0.2940804E-10
  0.1504703E-10
 Number of Estimated Parameters { S(~age)p(~sex)r(~1)F(~1) } = 6          
 DEVIANCE { S(~age)p(~sex)r(~1)F(~1) } = 948.36416                     
 DEVIANCE Degrees of Freedom { S(~age)p(~sex)r(~1)F(~1) } = 9            
 c-hat { S(~age)p(~sex)r(~1)F(~1) } = 105.37380                     
 AIC { S(~age)p(~sex)r(~1)F(~1) } = 2700.1829                  
 AICc { S(~age)p(~sex)r(~1)F(~1) } = 2700.1948                    
 BIC { S(~age)p(~sex)r(~1)F(~1) } = 2741.3688                    
 Pearson Chisquare { S(~age)p(~sex)r(~1)F(~1) } = Not a Number               
 Possible Encounter Histories { S(~age)p(~sex)r(~1)F(~1) } = 896             
 Pearson Chisquare df { S(~age)p(~sex)r(~1)F(~1) } = 854        
 Pearson chat { S(~age)p(~sex)r(~1)F(~1) } = Not a Number               
 Sum(Observed/Expected) { S(~age)p(~sex)r(~1)F(~1) } = Not a Number               
 Fletcher chat { S(~age)p(~sex)r(~1)F(~1) } = Not a Number               


                 LOGIT Link Function Parameters of { S(~age)p(~sex)r(~1)F(~1) }
                                                              95% Confidence Interval
 Parameter                    Beta         Standard Error      Lower           Upper
 -------------------------  --------------  --------------  --------------  --------------
    1:S:(Intercept)         -4.1110779      0.6215347       -5.3292859      -2.8928698    
    2:S:age1                4.5328065       1.1344938       2.3091986       6.7564144     
    3:S:age2                15.429844       261.40192       -496.91793      527.77762     
    4:S:age3                111.96926       0.0000000       111.96926       111.96926     
    5:S:age4                34.045198       0.0000000       34.045198       34.045198     
    6:S:age5                53.089072       0.0000000       53.089072       53.089072     
    7:S:age6                -4.2052607      0.0000000       -4.2052607      -4.2052607    
    8:p:(Intercept)         -2.5223226      0.8839317       -4.2548288      -0.7898165    
    9:p:sex5                -0.7467877      0.6825810       -2.0846465      0.5910710     
   10:r:(Intercept)         -3.1085570      0.0596750       -3.2255201      -2.9915940    
   11:F:(Intercept)         12.025961       728.41376       -1415.6650      1439.7170     


                 Real Function Parameters of { S(~age)p(~sex)r(~1)F(~1) }
                                                               95% Confidence Interval
  Parameter                  Estimate       Standard Error      Lower           Upper
 --------------------------  --------------  --------------  --------------  --------------
     1:S g41 c2005 c1 a0 t2  0.0161258       0.0098611       0.0048241       0.0525072                           
     2:S g41 c2005 c1 a1 t2  0.6038968       0.2830608       0.1303789       0.9394071                           
     3:S g41 c2005 c1 a2 t2  0.9999879       0.0031741       0.2542212E-217  1.0000000                           
     4:S g41 c2005 c1 a3 t2  1.0000000       0.0000000       1.0000000       1.0000000                           
     5:S g41 c2005 c1 a4 t2  1.0000000       0.0000000       1.0000000       1.0000000                           

  Program  MARK  - Survival Rate Estimation with Capture-Recapture Data
   gfortran(Win64) Vers. 8.0 Jun 2014   25-Jan-2015 15:08:02    Page  009
 - - - - - - - - - - - - - - - - - - - - - - - - - - - - - - - - - - - - - -
 
     6:S g41 c2005 c1 a5 t2  1.0000000       0.0000000       1.0000000       1.0000000                           
     7:S g41 c2005 c1 a6 t2  0.2444297E-003  0.0000000       0.2444297E-003  0.2444297E-003                      
     8:p g41 c2005 c1 a1 t2  0.0743080       0.0608024       0.0139968       0.3122081                           
     9:p g51 c2005 c1 a1 t2  0.0366462       0.0332043       0.0059845       0.1937781                           
    10:r g41 c2005 c1 a0 t2  0.0427557       0.0024424       0.0382166       0.0478071                           
    11:F g41 c2005 c1 a0 t2  0.9999940       0.0043608       0.1646915E-298  1.0000000                           

 Attempted ordering of parameters by estimatibility:
  10  1  9  8  2  7  3 11  5  6  4
 Beta number 4 is a singular value.

     CPU Time in seconds for last procedure was 0.64


  INPUT --- proc stop;

     CPU Time in minutes for this job was 0.01

     Time Start = 15:08:01.820   Time End = 15:08:02.014

     Wall Clock Time in minutes for this job was 0.00


          E X E C U T I O N   S U C C E S S F U L 
