
   Program  MARK  - Survival Rate Estimation with Capture-Recapture Data
   gfortran(Win64) Vers. 8.0 Jun 2014   25-Jan-2015 15:08:00    Page  001
 - - - - - - - - - - - - - - - - - - - - - - - - - - - - - - - - - - - - - -
 
   This version was compiled by GCC version 4.8.1 using the options 
   -m64 -mtune=generic -march=x86-64 -mthreads -O2 -fimplicit-none -fbounds-check -funroll-loops -ftree-vectorize -fopenmp.
   This problem will use 7 of 8 possible threads.


  INPUT --- proc title ;

     CPU Time in seconds for last procedure was 0.00


  INPUT --- proc chmatrix occasions= 7 groups= 6 etype= Both ICMeans 
  INPUT --- NoHist hist= 51 ;

  INPUT ---    time  interval 1 1 1 1 1 1 1 ;

  INPUT ---    glabel(1)=sex4.age1;

  INPUT ---    glabel(2)=sex5.age1;

  INPUT ---    glabel(3)=sex4.age2;

  INPUT ---    glabel(4)=sex5.age2;

  INPUT ---    glabel(5)=sex4.age4;

  INPUT ---    glabel(6)=sex5.age4;

   * *  WARNING  * *   At least a pair of the encounter histories are duplicates. 

      Number of unique encounter histories read was 17.

      Number of individual covariates read was 0.
      Time interval lengths are all equal to 1.

      Data type number is 3
      Data type is Joint Live and Dead Encounters (Burnham)                                                            

     CPU Time in seconds for last procedure was 0.00

  Program  MARK  - Survival Rate Estimation with Capture-Recapture Data
   gfortran(Win64) Vers. 8.0 Jun 2014   25-Jan-2015 15:08:00    Page  002
 - - - - - - - - - - - - - - - - - - - - - - - - - - - - - - - - - - - - - -
 


  INPUT --- proc estimate link=Logit NOLOOP varest=2ndPart    ;


  INPUT --- model={ S(~sex + time)p(~1)r(~1)F(~1) };

  INPUT ---    group=1 S    rows=7 cols=7 Triang ;
  INPUT ---        1 2 3 4 5 6 7 ;
  INPUT ---        2 3 4 5 6 7 ;
  INPUT ---        3 4 5 6 7 ;
  INPUT ---        4 5 6 7 ;
  INPUT ---        5 6 7 ;
  INPUT ---        6 7 ;
  INPUT ---        7 ;

  INPUT ---    group=2 S    rows=7 cols=7 Triang ;
  INPUT ---        8 9 10 11 12 13 14 ;
  INPUT ---        9 10 11 12 13 14 ;
  INPUT ---        10 11 12 13 14 ;
  INPUT ---        11 12 13 14 ;
  INPUT ---        12 13 14 ;
  INPUT ---        13 14 ;
  INPUT ---        14 ;

  INPUT ---    group=3 S    rows=7 cols=7 Triang ;
  INPUT ---        1 2 3 4 5 6 7 ;
  INPUT ---        2 3 4 5 6 7 ;
  INPUT ---        3 4 5 6 7 ;
  INPUT ---        4 5 6 7 ;
  INPUT ---        5 6 7 ;
  INPUT ---        6 7 ;
  INPUT ---        7 ;

  INPUT ---    group=4 S    rows=7 cols=7 Triang ;
  INPUT ---        8 9 10 11 12 13 14 ;
  INPUT ---        9 10 11 12 13 14 ;
  INPUT ---        10 11 12 13 14 ;
  INPUT ---        11 12 13 14 ;
  INPUT ---        12 13 14 ;
  INPUT ---        13 14 ;
  INPUT ---        14 ;

  INPUT ---    group=5 S    rows=7 cols=7 Triang ;
  INPUT ---        1 2 3 4 5 6 7 ;
  INPUT ---        2 3 4 5 6 7 ;

  Program  MARK  - Survival Rate Estimation with Capture-Recapture Data
   gfortran(Win64) Vers. 8.0 Jun 2014   25-Jan-2015 15:08:00    Page  003
 - - - - - - - - - - - - - - - - - - - - - - - - - - - - - - - - - - - - - -
 
  INPUT ---        3 4 5 6 7 ;
  INPUT ---        4 5 6 7 ;
  INPUT ---        5 6 7 ;
  INPUT ---        6 7 ;
  INPUT ---        7 ;

  INPUT ---    group=6 S    rows=7 cols=7 Triang ;
  INPUT ---        8 9 10 11 12 13 14 ;
  INPUT ---        9 10 11 12 13 14 ;
  INPUT ---        10 11 12 13 14 ;
  INPUT ---        11 12 13 14 ;
  INPUT ---        12 13 14 ;
  INPUT ---        13 14 ;
  INPUT ---        14 ;

  INPUT ---    group=1 p    rows=6 cols=6 Triang ;
  INPUT ---        15 15 15 15 15 15 ;
  INPUT ---        15 15 15 15 15 ;
  INPUT ---        15 15 15 15 ;
  INPUT ---        15 15 15 ;
  INPUT ---        15 15 ;
  INPUT ---        15 ;

  INPUT ---    group=2 p    rows=6 cols=6 Triang ;
  INPUT ---        15 15 15 15 15 15 ;
  INPUT ---        15 15 15 15 15 ;
  INPUT ---        15 15 15 15 ;
  INPUT ---        15 15 15 ;
  INPUT ---        15 15 ;
  INPUT ---        15 ;

  INPUT ---    group=3 p    rows=6 cols=6 Triang ;
  INPUT ---        15 15 15 15 15 15 ;
  INPUT ---        15 15 15 15 15 ;
  INPUT ---        15 15 15 15 ;
  INPUT ---        15 15 15 ;
  INPUT ---        15 15 ;
  INPUT ---        15 ;

  INPUT ---    group=4 p    rows=6 cols=6 Triang ;
  INPUT ---        15 15 15 15 15 15 ;
  INPUT ---        15 15 15 15 15 ;
  INPUT ---        15 15 15 15 ;
  INPUT ---        15 15 15 ;
  INPUT ---        15 15 ;
  INPUT ---        15 ;

  Program  MARK  - Survival Rate Estimation with Capture-Recapture Data
   gfortran(Win64) Vers. 8.0 Jun 2014   25-Jan-2015 15:08:00    Page  004
 - - - - - - - - - - - - - - - - - - - - - - - - - - - - - - - - - - - - - -
 

  INPUT ---    group=5 p    rows=6 cols=6 Triang ;
  INPUT ---        15 15 15 15 15 15 ;
  INPUT ---        15 15 15 15 15 ;
  INPUT ---        15 15 15 15 ;
  INPUT ---        15 15 15 ;
  INPUT ---        15 15 ;
  INPUT ---        15 ;

  INPUT ---    group=6 p    rows=6 cols=6 Triang ;
  INPUT ---        15 15 15 15 15 15 ;
  INPUT ---        15 15 15 15 15 ;
  INPUT ---        15 15 15 15 ;
  INPUT ---        15 15 15 ;
  INPUT ---        15 15 ;
  INPUT ---        15 ;

  INPUT ---    group=1 r    rows=7 cols=7 Triang ;
  INPUT ---        16 16 16 16 16 16 16 ;
  INPUT ---        16 16 16 16 16 16 ;
  INPUT ---        16 16 16 16 16 ;
  INPUT ---        16 16 16 16 ;
  INPUT ---        16 16 16 ;
  INPUT ---        16 16 ;
  INPUT ---        16 ;

  INPUT ---    group=2 r    rows=7 cols=7 Triang ;
  INPUT ---        16 16 16 16 16 16 16 ;
  INPUT ---        16 16 16 16 16 16 ;
  INPUT ---        16 16 16 16 16 ;
  INPUT ---        16 16 16 16 ;
  INPUT ---        16 16 16 ;
  INPUT ---        16 16 ;
  INPUT ---        16 ;

  INPUT ---    group=3 r    rows=7 cols=7 Triang ;
  INPUT ---        16 16 16 16 16 16 16 ;
  INPUT ---        16 16 16 16 16 16 ;
  INPUT ---        16 16 16 16 16 ;
  INPUT ---        16 16 16 16 ;
  INPUT ---        16 16 16 ;
  INPUT ---        16 16 ;
  INPUT ---        16 ;

  INPUT ---    group=4 r    rows=7 cols=7 Triang ;
  INPUT ---        16 16 16 16 16 16 16 ;

  Program  MARK  - Survival Rate Estimation with Capture-Recapture Data
   gfortran(Win64) Vers. 8.0 Jun 2014   25-Jan-2015 15:08:00    Page  005
 - - - - - - - - - - - - - - - - - - - - - - - - - - - - - - - - - - - - - -
 
  INPUT ---        16 16 16 16 16 16 ;
  INPUT ---        16 16 16 16 16 ;
  INPUT ---        16 16 16 16 ;
  INPUT ---        16 16 16 ;
  INPUT ---        16 16 ;
  INPUT ---        16 ;

  INPUT ---    group=5 r    rows=7 cols=7 Triang ;
  INPUT ---        16 16 16 16 16 16 16 ;
  INPUT ---        16 16 16 16 16 16 ;
  INPUT ---        16 16 16 16 16 ;
  INPUT ---        16 16 16 16 ;
  INPUT ---        16 16 16 ;
  INPUT ---        16 16 ;
  INPUT ---        16 ;

  INPUT ---    group=6 r    rows=7 cols=7 Triang ;
  INPUT ---        16 16 16 16 16 16 16 ;
  INPUT ---        16 16 16 16 16 16 ;
  INPUT ---        16 16 16 16 16 ;
  INPUT ---        16 16 16 16 ;
  INPUT ---        16 16 16 ;
  INPUT ---        16 16 ;
  INPUT ---        16 ;

  INPUT ---    group=1 F    rows=6 cols=6 Triang ;
  INPUT ---        17 17 17 17 17 17 ;
  INPUT ---        17 17 17 17 17 ;
  INPUT ---        17 17 17 17 ;
  INPUT ---        17 17 17 ;
  INPUT ---        17 17 ;
  INPUT ---        17 ;

  INPUT ---    group=2 F    rows=6 cols=6 Triang ;
  INPUT ---        17 17 17 17 17 17 ;
  INPUT ---        17 17 17 17 17 ;
  INPUT ---        17 17 17 17 ;
  INPUT ---        17 17 17 ;
  INPUT ---        17 17 ;
  INPUT ---        17 ;

  INPUT ---    group=3 F    rows=6 cols=6 Triang ;
  INPUT ---        17 17 17 17 17 17 ;
  INPUT ---        17 17 17 17 17 ;
  INPUT ---        17 17 17 17 ;
  INPUT ---        17 17 17 ;

  Program  MARK  - Survival Rate Estimation with Capture-Recapture Data
   gfortran(Win64) Vers. 8.0 Jun 2014   25-Jan-2015 15:08:00    Page  006
 - - - - - - - - - - - - - - - - - - - - - - - - - - - - - - - - - - - - - -
 
  INPUT ---        17 17 ;
  INPUT ---        17 ;

  INPUT ---    group=4 F    rows=6 cols=6 Triang ;
  INPUT ---        17 17 17 17 17 17 ;
  INPUT ---        17 17 17 17 17 ;
  INPUT ---        17 17 17 17 ;
  INPUT ---        17 17 17 ;
  INPUT ---        17 17 ;
  INPUT ---        17 ;

  INPUT ---    group=5 F    rows=6 cols=6 Triang ;
  INPUT ---        17 17 17 17 17 17 ;
  INPUT ---        17 17 17 17 17 ;
  INPUT ---        17 17 17 17 ;
  INPUT ---        17 17 17 ;
  INPUT ---        17 17 ;
  INPUT ---        17 ;

  INPUT ---    group=6 F    rows=6 cols=6 Triang ;
  INPUT ---        17 17 17 17 17 17 ;
  INPUT ---        17 17 17 17 17 ;
  INPUT ---        17 17 17 17 ;
  INPUT ---        17 17 17 ;
  INPUT ---        17 17 ;
  INPUT ---        17 ;

  INPUT ---    design matrix constraints=17 covariates=11;
  INPUT ---        1 0 0 0 0 0 0 0 0 0 0;
  INPUT ---        1 0 1 0 0 0 0 0 0 0 0;
  INPUT ---        1 0 0 1 0 0 0 0 0 0 0;
  INPUT ---        1 0 0 0 1 0 0 0 0 0 0;
  INPUT ---        1 0 0 0 0 1 0 0 0 0 0;
  INPUT ---        1 0 0 0 0 0 1 0 0 0 0;
  INPUT ---        1 0 0 0 0 0 0 1 0 0 0;
  INPUT ---        1 1 0 0 0 0 0 0 0 0 0;
  INPUT ---        1 1 1 0 0 0 0 0 0 0 0;
  INPUT ---        1 1 0 1 0 0 0 0 0 0 0;
  INPUT ---        1 1 0 0 1 0 0 0 0 0 0;
  INPUT ---        1 1 0 0 0 1 0 0 0 0 0;
  INPUT ---        1 1 0 0 0 0 1 0 0 0 0;
  INPUT ---        1 1 0 0 0 0 0 1 0 0 0;
  INPUT ---        0 0 0 0 0 0 0 0 1 0 0;
  INPUT ---        0 0 0 0 0 0 0 0 0 1 0;
  INPUT ---        0 0 0 0 0 0 0 0 0 0 1;


  Program  MARK  - Survival Rate Estimation with Capture-Recapture Data
   gfortran(Win64) Vers. 8.0 Jun 2014   25-Jan-2015 15:08:00    Page  007
 - - - - - - - - - - - - - - - - - - - - - - - - - - - - - - - - - - - - - -
 
  INPUT ---    blabel(1)=S:(Intercept);

  INPUT ---    blabel(2)=S:sex5;

  INPUT ---    blabel(3)=S:time2006;

  INPUT ---    blabel(4)=S:time2007;

  INPUT ---    blabel(5)=S:time2008;

  INPUT ---    blabel(6)=S:time2009;

  INPUT ---    blabel(7)=S:time2010;

  INPUT ---    blabel(8)=S:time2011;

  INPUT ---    blabel(9)=p:(Intercept);

  INPUT ---    blabel(10)=r:(Intercept);

  INPUT ---    blabel(11)=F:(Intercept);

  INPUT ---    rlabel(1)=S g41 c2005 c1 a0 t2005;

  INPUT ---    rlabel(2)=S g41 c2005 c1 a1 t2006;

  INPUT ---    rlabel(3)=S g41 c2005 c1 a2 t2007;

  INPUT ---    rlabel(4)=S g41 c2005 c1 a3 t2008;

  INPUT ---    rlabel(5)=S g41 c2005 c1 a4 t2009;

  INPUT ---    rlabel(6)=S g41 c2005 c1 a5 t2010;

  INPUT ---    rlabel(7)=S g41 c2005 c1 a6 t2011;

  INPUT ---    rlabel(8)=S g51 c2005 c1 a0 t2005;

  INPUT ---    rlabel(9)=S g51 c2005 c1 a1 t2006;

  INPUT ---    rlabel(10)=S g51 c2005 c1 a2 t2007;

  INPUT ---    rlabel(11)=S g51 c2005 c1 a3 t2008;

  INPUT ---    rlabel(12)=S g51 c2005 c1 a4 t2009;


  Program  MARK  - Survival Rate Estimation with Capture-Recapture Data
   gfortran(Win64) Vers. 8.0 Jun 2014   25-Jan-2015 15:08:00    Page  008
 - - - - - - - - - - - - - - - - - - - - - - - - - - - - - - - - - - - - - -
 
  INPUT ---    rlabel(13)=S g51 c2005 c1 a5 t2010;

  INPUT ---    rlabel(14)=S g51 c2005 c1 a6 t2011;

  INPUT ---    rlabel(15)=p g41 c2005 c1 a1 t2006;

  INPUT ---    rlabel(16)=r g41 c2005 c1 a0 t2005;

  INPUT ---    rlabel(17)=F g41 c2005 c1 a0 t2005;

 Link Function Used is LOGIT        

 Variance Estimation Procedure Used is 2ndPart 

 M(t+1):



 -2logL(saturated) = 1739.8188     
 Effective Sample Size = 7075

 Number of function evaluations was 56 for 11 parameters.
 Time for numerical optimization was 0.47 seconds.
 -2logL { S(~sex + time)p(~1)r(~1)F(~1) } = 2669.3754     
 Penalty { S(~sex + time)p(~1)r(~1)F(~1) } = -0.0000000    
 Gradient { S(~sex + time)p(~1)r(~1)F(~1) }:
  0.3338730E-04 0.8068962E-04 0.1642286E-04 0.8352901E-06 0.1580726E-04
   0.000000      0.000000     0.3858816E-06 0.1269557E-03 0.5961836E-03
   0.000000    
 S Vector { S(~sex + time)p(~1)r(~1)F(~1) }:
   286.3426      14.82921      2.953191     0.8216114     0.5948905    
  0.5184411E-04 0.4169995E-06 0.2810755E-06 0.8398093E-07 0.1926479E-07
  0.8433127E-08
 Time to compute number of parameters was 0.14 seconds.
   Threshold =  0.2400000E-06     Condition index =  0.2945118E-10     New Threshold =  0.2796952E-07
 New Guessimate of Estimated Parameters { S(~sex + time)p(~1)r(~1)F(~1) } = 6          
 Conditioned S Vector { S(~sex + time)p(~1)r(~1)F(~1) }:
   1.000000     0.5178834E-01 0.1031349E-01 0.2869330E-02 0.2077548E-02
  0.1810562E-06 0.1456296E-08 0.9816056E-09 0.2932883E-09 0.6727880E-10
  0.2945118E-10
 Number of Estimated Parameters { S(~sex + time)p(~1)r(~1)F(~1) } = 5          
 DEVIANCE { S(~sex + time)p(~1)r(~1)F(~1) } = 929.55664                     
 DEVIANCE Degrees of Freedom { S(~sex + time)p(~1)r(~1)F(~1) } = 10            
 c-hat { S(~sex + time)p(~1)r(~1)F(~1) } = 92.955664                     
 AIC { S(~sex + time)p(~1)r(~1)F(~1) } = 2679.3754                  
 AICc { S(~sex + time)p(~1)r(~1)F(~1) } = 2679.3839                    
 BIC { S(~sex + time)p(~1)r(~1)F(~1) } = 2713.6970                    
 Pearson Chisquare { S(~sex + time)p(~1)r(~1)F(~1) } = Not a Number               
 Possible Encounter Histories { S(~sex + time)p(~1)r(~1)F(~1) } = 896             
 Pearson Chisquare df { S(~sex + time)p(~1)r(~1)F(~1) } = 855        
 Pearson chat { S(~sex + time)p(~1)r(~1)F(~1) } = Not a Number               
 Sum(Observed/Expected) { S(~sex + time)p(~1)r(~1)F(~1) } = Not a Number               
 Fletcher chat { S(~sex + time)p(~1)r(~1)F(~1) } = Not a Number               


              LOGIT Link Function Parameters of { S(~sex + time)p(~1)r(~1)F(~1) }
                                                              95% Confidence Interval
 Parameter                    Beta         Standard Error      Lower           Upper
 -------------------------  --------------  --------------  --------------  --------------
    1:S:(Intercept)         95.704613       80.207868       -61.502811      252.91204     
    2:S:sex5                0.1271520       1.1525864       -2.1319174      2.3862215     
    3:S:time2006            -95.914657      80.214149       -253.13439      61.305078     
    4:S:time2007            -53.441849      0.0000000       -53.441849      -53.441849    

  Program  MARK  - Survival Rate Estimation with Capture-Recapture Data
   gfortran(Win64) Vers. 8.0 Jun 2014   25-Jan-2015 15:08:00    Page  009
 - - - - - - - - - - - - - - - - - - - - - - - - - - - - - - - - - - - - - -
 
    5:S:time2008            -96.812097      80.210724       -254.02512      60.400926     
    6:S:time2009            -56.803468      0.0000000       -56.803468      -56.803468    
    7:S:time2010            13.245022       0.0000000       13.245022       13.245022     
    8:S:time2011            -116.84635      3450.4628       -6879.7536      6646.0609     
    9:p:(Intercept)         -6.5220670      0.3713006       -7.2498162      -5.7943177    
   10:r:(Intercept)         -3.1189252      0.0590959       -3.2347530      -3.0030973    
   11:F:(Intercept)         16.073038       1542.9846       -3008.1769      3040.3230     


              Real Function Parameters of { S(~sex + time)p(~1)r(~1)F(~1) }
                                                               95% Confidence Interval
  Parameter                  Estimate       Standard Error      Lower           Upper
 --------------------------  --------------  --------------  --------------  --------------
     1:S g41 c2005 c1 a0 t2  1.0000000       0.0000000       1.0000000       1.0000000                           
     2:S g41 c2005 c1 a1 t2  0.4476812       0.3180548       0.0611573       0.9097930                           
     3:S g41 c2005 c1 a2 t2  1.0000000       0.0000000       1.0000000       1.0000000                           
     4:S g41 c2005 c1 a3 t2  0.2483403       0.2095505       0.0353061       0.7489064                           
     5:S g41 c2005 c1 a4 t2  1.0000000       0.0000000       1.0000000       1.0000000                           
     6:S g41 c2005 c1 a5 t2  1.0000000       0.0000000       1.0000000       1.0000000                           
     7:S g41 c2005 c1 a6 t2  0.6580510E-009  0.2269936E-005  -.4448417E-005  0.4449733E-005                      
     8:S g51 c2005 c1 a0 t2  1.0000000       0.0000000       1.0000000       1.0000000                           
     9:S g51 c2005 c1 a1 t2  0.4792889       0.3760851       0.0458054       0.9463780                           
    10:S g51 c2005 c1 a2 t2  1.0000000       0.0000000       1.0000000       1.0000000                           
    11:S g51 c2005 c1 a3 t2  0.2728260       0.2027224       0.0481946       0.7354497                           
    12:S g51 c2005 c1 a4 t2  1.0000000       0.0000000       1.0000000       1.0000000                           
    13:S g51 c2005 c1 a5 t2  1.0000000       0.0000000       1.0000000       1.0000000                           
    14:S g51 c2005 c1 a6 t2  0.7472758E-009  0.2577716E-005  -.5051576E-005  0.5053071E-005                      
    15:p g41 c2005 c1 a1 t2  0.0014685       0.5444419E-003  0.7098007E-003  0.0030356                           
    16:r g41 c2005 c1 a0 t2  0.0423333       0.0023958       0.0378786       0.0472861                           
    17:F g41 c2005 c1 a0 t2  0.9999999       0.1614098E-003  0.9425283E-297  1.0000000                           

 Attempted ordering of parameters by estimatibility:
  10  9  1  2  5  3 11  7  8  4  6
 Beta number 6 is a singular value.

     CPU Time in seconds for last procedure was 0.61

  Program  MARK  - Survival Rate Estimation with Capture-Recapture Data
   gfortran(Win64) Vers. 8.0 Jun 2014   25-Jan-2015 15:08:00    Page  010
 - - - - - - - - - - - - - - - - - - - - - - - - - - - - - - - - - - - - - -
 


  INPUT --- proc stop;

     CPU Time in minutes for this job was 0.01

     Time Start = 15:08:00.444   Time End = 15:08:00.628

     Wall Clock Time in minutes for this job was 0.00


          E X E C U T I O N   S U C C E S S F U L 
