
   Program  MARK  - Survival Rate Estimation with Capture-Recapture Data
   gfortran(Win64) Vers. 8.0 Jun 2014   31-Jan-2015 14:07:44    Page  001
 - - - - - - - - - - - - - - - - - - - - - - - - - - - - - - - - - - - - - -
 
   This version was compiled by GCC version 4.8.1 using the options 
   -m64 -mtune=generic -march=x86-64 -mthreads -O2 -fimplicit-none -fbounds-check -funroll-loops -ftree-vectorize -fopenmp.
   This problem will use 7 of 8 possible threads.


  INPUT --- proc title ;

     CPU Time in seconds for last procedure was 0.00


  INPUT --- proc chmatrix occasions= 7 groups= 6 etype= Both ICMeans 
  INPUT --- NoHist hist= 51 ;

  INPUT ---    time  interval 1 1 1 1 1 1 1 ;

  INPUT ---    glabel(1)=sex4.age1;

  INPUT ---    glabel(2)=sex5.age1;

  INPUT ---    glabel(3)=sex4.age2;

  INPUT ---    glabel(4)=sex5.age2;

  INPUT ---    glabel(5)=sex4.age4;

  INPUT ---    glabel(6)=sex5.age4;

   * *  WARNING  * *   At least a pair of the encounter histories are duplicates. 

      Number of unique encounter histories read was 17.

      Number of individual covariates read was 0.
      Time interval lengths are all equal to 1.

      Data type number is 3
      Data type is Joint Live and Dead Encounters (Burnham)                                                            

     CPU Time in seconds for last procedure was 0.00

  Program  MARK  - Survival Rate Estimation with Capture-Recapture Data
   gfortran(Win64) Vers. 8.0 Jun 2014   31-Jan-2015 14:07:44    Page  002
 - - - - - - - - - - - - - - - - - - - - - - - - - - - - - - - - - - - - - -
 


  INPUT --- proc estimate link=Logit NOLOOP varest=2ndPart    ;


  INPUT --- model={ S(~age + sex + time)p(~time)r(~1)F(~age) };

  INPUT ---    group=1 S    rows=7 cols=7 Triang ;
  INPUT ---        1 2 3 4 5 6 7 ;
  INPUT ---        8 9 10 11 12 13 ;
  INPUT ---        14 15 16 17 18 ;
  INPUT ---        19 20 21 22 ;
  INPUT ---        23 24 25 ;
  INPUT ---        26 27 ;
  INPUT ---        28 ;

  INPUT ---    group=2 S    rows=7 cols=7 Triang ;
  INPUT ---        29 30 31 32 33 34 35 ;
  INPUT ---        36 37 38 39 40 41 ;
  INPUT ---        42 43 44 45 46 ;
  INPUT ---        47 48 49 50 ;
  INPUT ---        51 52 53 ;
  INPUT ---        54 55 ;
  INPUT ---        56 ;

  INPUT ---    group=3 S    rows=7 cols=7 Triang ;
  INPUT ---        1 2 3 4 5 6 7 ;
  INPUT ---        8 9 10 11 12 13 ;
  INPUT ---        14 15 16 17 18 ;
  INPUT ---        19 20 21 22 ;
  INPUT ---        23 24 25 ;
  INPUT ---        26 27 ;
  INPUT ---        28 ;

  INPUT ---    group=4 S    rows=7 cols=7 Triang ;
  INPUT ---        29 30 31 32 33 34 35 ;
  INPUT ---        36 37 38 39 40 41 ;
  INPUT ---        42 43 44 45 46 ;
  INPUT ---        47 48 49 50 ;
  INPUT ---        51 52 53 ;
  INPUT ---        54 55 ;
  INPUT ---        56 ;

  INPUT ---    group=5 S    rows=7 cols=7 Triang ;
  INPUT ---        1 2 3 4 5 6 7 ;
  INPUT ---        8 9 10 11 12 13 ;

  Program  MARK  - Survival Rate Estimation with Capture-Recapture Data
   gfortran(Win64) Vers. 8.0 Jun 2014   31-Jan-2015 14:07:44    Page  003
 - - - - - - - - - - - - - - - - - - - - - - - - - - - - - - - - - - - - - -
 
  INPUT ---        14 15 16 17 18 ;
  INPUT ---        19 20 21 22 ;
  INPUT ---        23 24 25 ;
  INPUT ---        26 27 ;
  INPUT ---        28 ;

  INPUT ---    group=6 S    rows=7 cols=7 Triang ;
  INPUT ---        29 30 31 32 33 34 35 ;
  INPUT ---        36 37 38 39 40 41 ;
  INPUT ---        42 43 44 45 46 ;
  INPUT ---        47 48 49 50 ;
  INPUT ---        51 52 53 ;
  INPUT ---        54 55 ;
  INPUT ---        56 ;

  INPUT ---    group=1 p    rows=6 cols=6 Triang ;
  INPUT ---        57 58 59 60 61 62 ;
  INPUT ---        58 59 60 61 62 ;
  INPUT ---        59 60 61 62 ;
  INPUT ---        60 61 62 ;
  INPUT ---        61 62 ;
  INPUT ---        62 ;

  INPUT ---    group=2 p    rows=6 cols=6 Triang ;
  INPUT ---        57 58 59 60 61 62 ;
  INPUT ---        58 59 60 61 62 ;
  INPUT ---        59 60 61 62 ;
  INPUT ---        60 61 62 ;
  INPUT ---        61 62 ;
  INPUT ---        62 ;

  INPUT ---    group=3 p    rows=6 cols=6 Triang ;
  INPUT ---        57 58 59 60 61 62 ;
  INPUT ---        58 59 60 61 62 ;
  INPUT ---        59 60 61 62 ;
  INPUT ---        60 61 62 ;
  INPUT ---        61 62 ;
  INPUT ---        62 ;

  INPUT ---    group=4 p    rows=6 cols=6 Triang ;
  INPUT ---        57 58 59 60 61 62 ;
  INPUT ---        58 59 60 61 62 ;
  INPUT ---        59 60 61 62 ;
  INPUT ---        60 61 62 ;
  INPUT ---        61 62 ;
  INPUT ---        62 ;

  Program  MARK  - Survival Rate Estimation with Capture-Recapture Data
   gfortran(Win64) Vers. 8.0 Jun 2014   31-Jan-2015 14:07:44    Page  004
 - - - - - - - - - - - - - - - - - - - - - - - - - - - - - - - - - - - - - -
 

  INPUT ---    group=5 p    rows=6 cols=6 Triang ;
  INPUT ---        57 58 59 60 61 62 ;
  INPUT ---        58 59 60 61 62 ;
  INPUT ---        59 60 61 62 ;
  INPUT ---        60 61 62 ;
  INPUT ---        61 62 ;
  INPUT ---        62 ;

  INPUT ---    group=6 p    rows=6 cols=6 Triang ;
  INPUT ---        57 58 59 60 61 62 ;
  INPUT ---        58 59 60 61 62 ;
  INPUT ---        59 60 61 62 ;
  INPUT ---        60 61 62 ;
  INPUT ---        61 62 ;
  INPUT ---        62 ;

  INPUT ---    group=1 r    rows=7 cols=7 Triang ;
  INPUT ---        63 63 63 63 63 63 63 ;
  INPUT ---        63 63 63 63 63 63 ;
  INPUT ---        63 63 63 63 63 ;
  INPUT ---        63 63 63 63 ;
  INPUT ---        63 63 63 ;
  INPUT ---        63 63 ;
  INPUT ---        63 ;

  INPUT ---    group=2 r    rows=7 cols=7 Triang ;
  INPUT ---        63 63 63 63 63 63 63 ;
  INPUT ---        63 63 63 63 63 63 ;
  INPUT ---        63 63 63 63 63 ;
  INPUT ---        63 63 63 63 ;
  INPUT ---        63 63 63 ;
  INPUT ---        63 63 ;
  INPUT ---        63 ;

  INPUT ---    group=3 r    rows=7 cols=7 Triang ;
  INPUT ---        63 63 63 63 63 63 63 ;
  INPUT ---        63 63 63 63 63 63 ;
  INPUT ---        63 63 63 63 63 ;
  INPUT ---        63 63 63 63 ;
  INPUT ---        63 63 63 ;
  INPUT ---        63 63 ;
  INPUT ---        63 ;

  INPUT ---    group=4 r    rows=7 cols=7 Triang ;
  INPUT ---        63 63 63 63 63 63 63 ;

  Program  MARK  - Survival Rate Estimation with Capture-Recapture Data
   gfortran(Win64) Vers. 8.0 Jun 2014   31-Jan-2015 14:07:44    Page  005
 - - - - - - - - - - - - - - - - - - - - - - - - - - - - - - - - - - - - - -
 
  INPUT ---        63 63 63 63 63 63 ;
  INPUT ---        63 63 63 63 63 ;
  INPUT ---        63 63 63 63 ;
  INPUT ---        63 63 63 ;
  INPUT ---        63 63 ;
  INPUT ---        63 ;

  INPUT ---    group=5 r    rows=7 cols=7 Triang ;
  INPUT ---        63 63 63 63 63 63 63 ;
  INPUT ---        63 63 63 63 63 63 ;
  INPUT ---        63 63 63 63 63 ;
  INPUT ---        63 63 63 63 ;
  INPUT ---        63 63 63 ;
  INPUT ---        63 63 ;
  INPUT ---        63 ;

  INPUT ---    group=6 r    rows=7 cols=7 Triang ;
  INPUT ---        63 63 63 63 63 63 63 ;
  INPUT ---        63 63 63 63 63 63 ;
  INPUT ---        63 63 63 63 63 ;
  INPUT ---        63 63 63 63 ;
  INPUT ---        63 63 63 ;
  INPUT ---        63 63 ;
  INPUT ---        63 ;

  INPUT ---    group=1 F    rows=6 cols=6 Triang ;
  INPUT ---        64 65 66 67 68 69 ;
  INPUT ---        64 65 66 67 68 ;
  INPUT ---        64 65 66 67 ;
  INPUT ---        64 65 66 ;
  INPUT ---        64 65 ;
  INPUT ---        64 ;

  INPUT ---    group=2 F    rows=6 cols=6 Triang ;
  INPUT ---        64 65 66 67 68 69 ;
  INPUT ---        64 65 66 67 68 ;
  INPUT ---        64 65 66 67 ;
  INPUT ---        64 65 66 ;
  INPUT ---        64 65 ;
  INPUT ---        64 ;

  INPUT ---    group=3 F    rows=6 cols=6 Triang ;
  INPUT ---        64 65 66 67 68 69 ;
  INPUT ---        64 65 66 67 68 ;
  INPUT ---        64 65 66 67 ;
  INPUT ---        64 65 66 ;

  Program  MARK  - Survival Rate Estimation with Capture-Recapture Data
   gfortran(Win64) Vers. 8.0 Jun 2014   31-Jan-2015 14:07:44    Page  006
 - - - - - - - - - - - - - - - - - - - - - - - - - - - - - - - - - - - - - -
 
  INPUT ---        64 65 ;
  INPUT ---        64 ;

  INPUT ---    group=4 F    rows=6 cols=6 Triang ;
  INPUT ---        64 65 66 67 68 69 ;
  INPUT ---        64 65 66 67 68 ;
  INPUT ---        64 65 66 67 ;
  INPUT ---        64 65 66 ;
  INPUT ---        64 65 ;
  INPUT ---        64 ;

  INPUT ---    group=5 F    rows=6 cols=6 Triang ;
  INPUT ---        64 65 66 67 68 69 ;
  INPUT ---        64 65 66 67 68 ;
  INPUT ---        64 65 66 67 ;
  INPUT ---        64 65 66 ;
  INPUT ---        64 65 ;
  INPUT ---        64 ;

  INPUT ---    group=6 F    rows=6 cols=6 Triang ;
  INPUT ---        64 65 66 67 68 69 ;
  INPUT ---        64 65 66 67 68 ;
  INPUT ---        64 65 66 67 ;
  INPUT ---        64 65 66 ;
  INPUT ---        64 65 ;
  INPUT ---        64 ;

  INPUT ---    design matrix constraints=69 covariates=27;
  INPUT ---        1 0 0 0 0 0 0 0 0 0 0 0 0 0 0 0 0 0 0 0 0 0 0 0 0 0 0;
  INPUT ---        1 1 0 0 0 0 0 0 1 0 0 0 0 0 0 0 0 0 0 0 0 0 0 0 0 0 0;
  INPUT ---        1 0 1 0 0 0 0 0 0 1 0 0 0 0 0 0 0 0 0 0 0 0 0 0 0 0 0;
  INPUT ---        1 0 0 1 0 0 0 0 0 0 1 0 0 0 0 0 0 0 0 0 0 0 0 0 0 0 0;
  INPUT ---        1 0 0 0 1 0 0 0 0 0 0 1 0 0 0 0 0 0 0 0 0 0 0 0 0 0 0;
  INPUT ---        1 0 0 0 0 1 0 0 0 0 0 0 1 0 0 0 0 0 0 0 0 0 0 0 0 0 0;
  INPUT ---        1 0 0 0 0 0 1 0 0 0 0 0 0 1 0 0 0 0 0 0 0 0 0 0 0 0 0;
  INPUT ---        1 0 0 0 0 0 0 0 1 0 0 0 0 0 0 0 0 0 0 0 0 0 0 0 0 0 0;
  INPUT ---        1 1 0 0 0 0 0 0 0 1 0 0 0 0 0 0 0 0 0 0 0 0 0 0 0 0 0;
  INPUT ---        1 0 1 0 0 0 0 0 0 0 1 0 0 0 0 0 0 0 0 0 0 0 0 0 0 0 0;
  INPUT ---        1 0 0 1 0 0 0 0 0 0 0 1 0 0 0 0 0 0 0 0 0 0 0 0 0 0 0;
  INPUT ---        1 0 0 0 1 0 0 0 0 0 0 0 1 0 0 0 0 0 0 0 0 0 0 0 0 0 0;
  INPUT ---        1 0 0 0 0 1 0 0 0 0 0 0 0 1 0 0 0 0 0 0 0 0 0 0 0 0 0;
  INPUT ---        1 0 0 0 0 0 0 0 0 1 0 0 0 0 0 0 0 0 0 0 0 0 0 0 0 0 0;
  INPUT ---        1 1 0 0 0 0 0 0 0 0 1 0 0 0 0 0 0 0 0 0 0 0 0 0 0 0 0;
  INPUT ---        1 0 1 0 0 0 0 0 0 0 0 1 0 0 0 0 0 0 0 0 0 0 0 0 0 0 0;
  INPUT ---        1 0 0 1 0 0 0 0 0 0 0 0 1 0 0 0 0 0 0 0 0 0 0 0 0 0 0;
  INPUT ---        1 0 0 0 1 0 0 0 0 0 0 0 0 1 0 0 0 0 0 0 0 0 0 0 0 0 0;

  Program  MARK  - Survival Rate Estimation with Capture-Recapture Data
   gfortran(Win64) Vers. 8.0 Jun 2014   31-Jan-2015 14:07:44    Page  007
 - - - - - - - - - - - - - - - - - - - - - - - - - - - - - - - - - - - - - -
 
  INPUT ---        1 0 0 0 0 0 0 0 0 0 1 0 0 0 0 0 0 0 0 0 0 0 0 0 0 0 0;
  INPUT ---        1 1 0 0 0 0 0 0 0 0 0 1 0 0 0 0 0 0 0 0 0 0 0 0 0 0 0;
  INPUT ---        1 0 1 0 0 0 0 0 0 0 0 0 1 0 0 0 0 0 0 0 0 0 0 0 0 0 0;
  INPUT ---        1 0 0 1 0 0 0 0 0 0 0 0 0 1 0 0 0 0 0 0 0 0 0 0 0 0 0;
  INPUT ---        1 0 0 0 0 0 0 0 0 0 0 1 0 0 0 0 0 0 0 0 0 0 0 0 0 0 0;
  INPUT ---        1 1 0 0 0 0 0 0 0 0 0 0 1 0 0 0 0 0 0 0 0 0 0 0 0 0 0;
  INPUT ---        1 0 1 0 0 0 0 0 0 0 0 0 0 1 0 0 0 0 0 0 0 0 0 0 0 0 0;
  INPUT ---        1 0 0 0 0 0 0 0 0 0 0 0 1 0 0 0 0 0 0 0 0 0 0 0 0 0 0;
  INPUT ---        1 1 0 0 0 0 0 0 0 0 0 0 0 1 0 0 0 0 0 0 0 0 0 0 0 0 0;
  INPUT ---        1 0 0 0 0 0 0 0 0 0 0 0 0 1 0 0 0 0 0 0 0 0 0 0 0 0 0;
  INPUT ---        1 0 0 0 0 0 0 1 0 0 0 0 0 0 0 0 0 0 0 0 0 0 0 0 0 0 0;
  INPUT ---        1 1 0 0 0 0 0 1 1 0 0 0 0 0 0 0 0 0 0 0 0 0 0 0 0 0 0;
  INPUT ---        1 0 1 0 0 0 0 1 0 1 0 0 0 0 0 0 0 0 0 0 0 0 0 0 0 0 0;
  INPUT ---        1 0 0 1 0 0 0 1 0 0 1 0 0 0 0 0 0 0 0 0 0 0 0 0 0 0 0;
  INPUT ---        1 0 0 0 1 0 0 1 0 0 0 1 0 0 0 0 0 0 0 0 0 0 0 0 0 0 0;
  INPUT ---        1 0 0 0 0 1 0 1 0 0 0 0 1 0 0 0 0 0 0 0 0 0 0 0 0 0 0;
  INPUT ---        1 0 0 0 0 0 1 1 0 0 0 0 0 1 0 0 0 0 0 0 0 0 0 0 0 0 0;
  INPUT ---        1 0 0 0 0 0 0 1 1 0 0 0 0 0 0 0 0 0 0 0 0 0 0 0 0 0 0;
  INPUT ---        1 1 0 0 0 0 0 1 0 1 0 0 0 0 0 0 0 0 0 0 0 0 0 0 0 0 0;
  INPUT ---        1 0 1 0 0 0 0 1 0 0 1 0 0 0 0 0 0 0 0 0 0 0 0 0 0 0 0;
  INPUT ---        1 0 0 1 0 0 0 1 0 0 0 1 0 0 0 0 0 0 0 0 0 0 0 0 0 0 0;
  INPUT ---        1 0 0 0 1 0 0 1 0 0 0 0 1 0 0 0 0 0 0 0 0 0 0 0 0 0 0;
  INPUT ---        1 0 0 0 0 1 0 1 0 0 0 0 0 1 0 0 0 0 0 0 0 0 0 0 0 0 0;
  INPUT ---        1 0 0 0 0 0 0 1 0 1 0 0 0 0 0 0 0 0 0 0 0 0 0 0 0 0 0;
  INPUT ---        1 1 0 0 0 0 0 1 0 0 1 0 0 0 0 0 0 0 0 0 0 0 0 0 0 0 0;
  INPUT ---        1 0 1 0 0 0 0 1 0 0 0 1 0 0 0 0 0 0 0 0 0 0 0 0 0 0 0;
  INPUT ---        1 0 0 1 0 0 0 1 0 0 0 0 1 0 0 0 0 0 0 0 0 0 0 0 0 0 0;
  INPUT ---        1 0 0 0 1 0 0 1 0 0 0 0 0 1 0 0 0 0 0 0 0 0 0 0 0 0 0;
  INPUT ---        1 0 0 0 0 0 0 1 0 0 1 0 0 0 0 0 0 0 0 0 0 0 0 0 0 0 0;
  INPUT ---        1 1 0 0 0 0 0 1 0 0 0 1 0 0 0 0 0 0 0 0 0 0 0 0 0 0 0;
  INPUT ---        1 0 1 0 0 0 0 1 0 0 0 0 1 0 0 0 0 0 0 0 0 0 0 0 0 0 0;
  INPUT ---        1 0 0 1 0 0 0 1 0 0 0 0 0 1 0 0 0 0 0 0 0 0 0 0 0 0 0;
  INPUT ---        1 0 0 0 0 0 0 1 0 0 0 1 0 0 0 0 0 0 0 0 0 0 0 0 0 0 0;
  INPUT ---        1 1 0 0 0 0 0 1 0 0 0 0 1 0 0 0 0 0 0 0 0 0 0 0 0 0 0;
  INPUT ---        1 0 1 0 0 0 0 1 0 0 0 0 0 1 0 0 0 0 0 0 0 0 0 0 0 0 0;
  INPUT ---        1 0 0 0 0 0 0 1 0 0 0 0 1 0 0 0 0 0 0 0 0 0 0 0 0 0 0;
  INPUT ---        1 1 0 0 0 0 0 1 0 0 0 0 0 1 0 0 0 0 0 0 0 0 0 0 0 0 0;
  INPUT ---        1 0 0 0 0 0 0 1 0 0 0 0 0 1 0 0 0 0 0 0 0 0 0 0 0 0 0;
  INPUT ---        0 0 0 0 0 0 0 0 0 0 0 0 0 0 1 0 0 0 0 0 0 0 0 0 0 0 0;
  INPUT ---        0 0 0 0 0 0 0 0 0 0 0 0 0 0 1 1 0 0 0 0 0 0 0 0 0 0 0;
  INPUT ---        0 0 0 0 0 0 0 0 0 0 0 0 0 0 1 0 1 0 0 0 0 0 0 0 0 0 0;
  INPUT ---        0 0 0 0 0 0 0 0 0 0 0 0 0 0 1 0 0 1 0 0 0 0 0 0 0 0 0;
  INPUT ---        0 0 0 0 0 0 0 0 0 0 0 0 0 0 1 0 0 0 1 0 0 0 0 0 0 0 0;
  INPUT ---        0 0 0 0 0 0 0 0 0 0 0 0 0 0 1 0 0 0 0 1 0 0 0 0 0 0 0;
  INPUT ---        0 0 0 0 0 0 0 0 0 0 0 0 0 0 0 0 0 0 0 0 1 0 0 0 0 0 0;
  INPUT ---        0 0 0 0 0 0 0 0 0 0 0 0 0 0 0 0 0 0 0 0 0 1 0 0 0 0 0;

  Program  MARK  - Survival Rate Estimation with Capture-Recapture Data
   gfortran(Win64) Vers. 8.0 Jun 2014   31-Jan-2015 14:07:44    Page  008
 - - - - - - - - - - - - - - - - - - - - - - - - - - - - - - - - - - - - - -
 
  INPUT ---        0 0 0 0 0 0 0 0 0 0 0 0 0 0 0 0 0 0 0 0 0 1 1 0 0 0 0;
  INPUT ---        0 0 0 0 0 0 0 0 0 0 0 0 0 0 0 0 0 0 0 0 0 1 0 1 0 0 0;
  INPUT ---        0 0 0 0 0 0 0 0 0 0 0 0 0 0 0 0 0 0 0 0 0 1 0 0 1 0 0;
  INPUT ---        0 0 0 0 0 0 0 0 0 0 0 0 0 0 0 0 0 0 0 0 0 1 0 0 0 1 0;
  INPUT ---        0 0 0 0 0 0 0 0 0 0 0 0 0 0 0 0 0 0 0 0 0 1 0 0 0 0 1;

  INPUT ---    blabel(1)=S:(Intercept);

  INPUT ---    blabel(2)=S:age1;

  INPUT ---    blabel(3)=S:age2;

  INPUT ---    blabel(4)=S:age3;

  INPUT ---    blabel(5)=S:age4;

  INPUT ---    blabel(6)=S:age5;

  INPUT ---    blabel(7)=S:age6;

  INPUT ---    blabel(8)=S:sex5;

  INPUT ---    blabel(9)=S:time2006;

  INPUT ---    blabel(10)=S:time2007;

  INPUT ---    blabel(11)=S:time2008;

  INPUT ---    blabel(12)=S:time2009;

  INPUT ---    blabel(13)=S:time2010;

  INPUT ---    blabel(14)=S:time2011;

  INPUT ---    blabel(15)=p:(Intercept);

  INPUT ---    blabel(16)=p:time2007;

  INPUT ---    blabel(17)=p:time2008;

  INPUT ---    blabel(18)=p:time2009;

  INPUT ---    blabel(19)=p:time2010;

  INPUT ---    blabel(20)=p:time2011;


  Program  MARK  - Survival Rate Estimation with Capture-Recapture Data
   gfortran(Win64) Vers. 8.0 Jun 2014   31-Jan-2015 14:07:44    Page  009
 - - - - - - - - - - - - - - - - - - - - - - - - - - - - - - - - - - - - - -
 
  INPUT ---    blabel(21)=r:(Intercept);

  INPUT ---    blabel(22)=F:(Intercept);

  INPUT ---    blabel(23)=F:age1;

  INPUT ---    blabel(24)=F:age2;

  INPUT ---    blabel(25)=F:age3;

  INPUT ---    blabel(26)=F:age4;

  INPUT ---    blabel(27)=F:age5;

  INPUT ---    rlabel(1)=S g41 c2005 c1 a0 t2005;

  INPUT ---    rlabel(2)=S g41 c2005 c1 a1 t2006;

  INPUT ---    rlabel(3)=S g41 c2005 c1 a2 t2007;

  INPUT ---    rlabel(4)=S g41 c2005 c1 a3 t2008;

  INPUT ---    rlabel(5)=S g41 c2005 c1 a4 t2009;

  INPUT ---    rlabel(6)=S g41 c2005 c1 a5 t2010;

  INPUT ---    rlabel(7)=S g41 c2005 c1 a6 t2011;

  INPUT ---    rlabel(8)=S g41 c2006 c2 a0 t2006;

  INPUT ---    rlabel(9)=S g41 c2006 c2 a1 t2007;

  INPUT ---    rlabel(10)=S g41 c2006 c2 a2 t2008;

  INPUT ---    rlabel(11)=S g41 c2006 c2 a3 t2009;

  INPUT ---    rlabel(12)=S g41 c2006 c2 a4 t2010;

  INPUT ---    rlabel(13)=S g41 c2006 c2 a5 t2011;

  INPUT ---    rlabel(14)=S g41 c2007 c3 a0 t2007;

  INPUT ---    rlabel(15)=S g41 c2007 c3 a1 t2008;

  INPUT ---    rlabel(16)=S g41 c2007 c3 a2 t2009;


  Program  MARK  - Survival Rate Estimation with Capture-Recapture Data
   gfortran(Win64) Vers. 8.0 Jun 2014   31-Jan-2015 14:07:44    Page  010
 - - - - - - - - - - - - - - - - - - - - - - - - - - - - - - - - - - - - - -
 
  INPUT ---    rlabel(17)=S g41 c2007 c3 a3 t2010;

  INPUT ---    rlabel(18)=S g41 c2007 c3 a4 t2011;

  INPUT ---    rlabel(19)=S g41 c2008 c4 a0 t2008;

  INPUT ---    rlabel(20)=S g41 c2008 c4 a1 t2009;

  INPUT ---    rlabel(21)=S g41 c2008 c4 a2 t2010;

  INPUT ---    rlabel(22)=S g41 c2008 c4 a3 t2011;

  INPUT ---    rlabel(23)=S g41 c2009 c5 a0 t2009;

  INPUT ---    rlabel(24)=S g41 c2009 c5 a1 t2010;

  INPUT ---    rlabel(25)=S g41 c2009 c5 a2 t2011;

  INPUT ---    rlabel(26)=S g41 c2010 c6 a0 t2010;

  INPUT ---    rlabel(27)=S g41 c2010 c6 a1 t2011;

  INPUT ---    rlabel(28)=S g41 c2011 c7 a0 t2011;

  INPUT ---    rlabel(29)=S g51 c2005 c1 a0 t2005;

  INPUT ---    rlabel(30)=S g51 c2005 c1 a1 t2006;

  INPUT ---    rlabel(31)=S g51 c2005 c1 a2 t2007;

  INPUT ---    rlabel(32)=S g51 c2005 c1 a3 t2008;

  INPUT ---    rlabel(33)=S g51 c2005 c1 a4 t2009;

  INPUT ---    rlabel(34)=S g51 c2005 c1 a5 t2010;

  INPUT ---    rlabel(35)=S g51 c2005 c1 a6 t2011;

  INPUT ---    rlabel(36)=S g51 c2006 c2 a0 t2006;

  INPUT ---    rlabel(37)=S g51 c2006 c2 a1 t2007;

  INPUT ---    rlabel(38)=S g51 c2006 c2 a2 t2008;

  INPUT ---    rlabel(39)=S g51 c2006 c2 a3 t2009;


  Program  MARK  - Survival Rate Estimation with Capture-Recapture Data
   gfortran(Win64) Vers. 8.0 Jun 2014   31-Jan-2015 14:07:44    Page  011
 - - - - - - - - - - - - - - - - - - - - - - - - - - - - - - - - - - - - - -
 
  INPUT ---    rlabel(40)=S g51 c2006 c2 a4 t2010;

  INPUT ---    rlabel(41)=S g51 c2006 c2 a5 t2011;

  INPUT ---    rlabel(42)=S g51 c2007 c3 a0 t2007;

  INPUT ---    rlabel(43)=S g51 c2007 c3 a1 t2008;

  INPUT ---    rlabel(44)=S g51 c2007 c3 a2 t2009;

  INPUT ---    rlabel(45)=S g51 c2007 c3 a3 t2010;

  INPUT ---    rlabel(46)=S g51 c2007 c3 a4 t2011;

  INPUT ---    rlabel(47)=S g51 c2008 c4 a0 t2008;

  INPUT ---    rlabel(48)=S g51 c2008 c4 a1 t2009;

  INPUT ---    rlabel(49)=S g51 c2008 c4 a2 t2010;

  INPUT ---    rlabel(50)=S g51 c2008 c4 a3 t2011;

  INPUT ---    rlabel(51)=S g51 c2009 c5 a0 t2009;

  INPUT ---    rlabel(52)=S g51 c2009 c5 a1 t2010;

  INPUT ---    rlabel(53)=S g51 c2009 c5 a2 t2011;

  INPUT ---    rlabel(54)=S g51 c2010 c6 a0 t2010;

  INPUT ---    rlabel(55)=S g51 c2010 c6 a1 t2011;

  INPUT ---    rlabel(56)=S g51 c2011 c7 a0 t2011;

  INPUT ---    rlabel(57)=p g41 c2005 c1 a1 t2006;

  INPUT ---    rlabel(58)=p g41 c2005 c1 a2 t2007;

  INPUT ---    rlabel(59)=p g41 c2005 c1 a3 t2008;

  INPUT ---    rlabel(60)=p g41 c2005 c1 a4 t2009;

  INPUT ---    rlabel(61)=p g41 c2005 c1 a5 t2010;

  INPUT ---    rlabel(62)=p g41 c2005 c1 a6 t2011;


  Program  MARK  - Survival Rate Estimation with Capture-Recapture Data
   gfortran(Win64) Vers. 8.0 Jun 2014   31-Jan-2015 14:07:44    Page  012
 - - - - - - - - - - - - - - - - - - - - - - - - - - - - - - - - - - - - - -
 
  INPUT ---    rlabel(63)=r g41 c2005 c1 a0 t2005;

  INPUT ---    rlabel(64)=F g41 c2005 c1 a0 t2005;

  INPUT ---    rlabel(65)=F g41 c2005 c1 a1 t2006;

  INPUT ---    rlabel(66)=F g41 c2005 c1 a2 t2007;

  INPUT ---    rlabel(67)=F g41 c2005 c1 a3 t2008;

  INPUT ---    rlabel(68)=F g41 c2005 c1 a4 t2009;

  INPUT ---    rlabel(69)=F g41 c2005 c1 a5 t2010;

 Link Function Used is LOGIT        

 Variance Estimation Procedure Used is 2ndPart 

 M(t+1):



 -2logL(saturated) = 1739.8188     
 Effective Sample Size = 7075

 Number of function evaluations was 75 for 27 parameters.
 Time for numerical optimization was 2.51 seconds.
 -2logL { S(~age + sex + time)p(~time)r(~1)F(~age) } = 2571.4096     
 Penalty { S(~age + sex + time)p(~time)r(~1)F(~age) } = -0.0000000    
 Gradient { S(~age + sex + time)p(~time)r(~1)F(~age) }:
  0.5723868E-03 0.5914724E-03  0.000000    -0.1941679E-04  0.000000    
   0.000000      0.000000    -0.2993336E-04-0.9112382E-05  0.000000    
  0.1125069E-02  0.000000      0.000000    -0.5419951E-03 0.1013702E-01
  0.1042058E-02 0.6038855E-03  0.000000     0.4684185E-02 0.3808138E-02
  0.3452881E-02 0.3813884E-02 0.3818913E-02  0.000000      0.000000    
   0.000000      0.000000    
 S Vector { S(~age + sex + time)p(~time)r(~1)F(~age) }:
   284.2944      17.31502      4.443722      2.864997      2.406372    
   1.608128     0.7518542     0.1014525     0.4836047E-04 0.4178748E-04
  0.2932030E-04 0.8944224E-05 0.8490349E-05 0.8387429E-05 0.5328855E-05
  0.4608552E-05 0.2478755E-05 0.2443105E-05 0.2407769E-06 0.2302625E-06
  0.7726002E-07 0.6194791E-07 0.4459514E-07 0.2546587E-07 0.1863105E-07
  0.1528913E-07 0.3203045E-08
 Time to compute number of parameters was 1.06 seconds.
   Threshold =  0.5600000E-06     Condition index =  0.1126665E-10     New Threshold =  0.1664351E-07

  Program  MARK  - Survival Rate Estimation with Capture-Recapture Data
   gfortran(Win64) Vers. 8.0 Jun 2014   31-Jan-2015 14:07:44    Page  013
 - - - - - - - - - - - - - - - - - - - - - - - - - - - - - - - - - - - - - -
 
 New Guessimate of Estimated Parameters { S(~age + sex + time)p(~time)r(~1)F(~age) } = 15          
 Conditioned S Vector { S(~age + sex + time)p(~time)r(~1)F(~age) }:
   1.000000     0.6090524E-01 0.1563071E-01 0.1007757E-01 0.8464367E-02
  0.5656561E-02 0.2644633E-02 0.3568573E-03 0.1701070E-06 0.1469866E-06
  0.1031336E-06 0.3146114E-07 0.2986464E-07 0.2950262E-07 0.1874414E-07
  0.1621049E-07 0.8718973E-08 0.8593574E-08 0.8469280E-09 0.8099438E-09
  0.2717606E-09 0.2179006E-09 0.1568625E-09 0.8957570E-10 0.6553436E-10
  0.5377923E-10 0.1126665E-10
 Number of Estimated Parameters { S(~age + sex + time)p(~time)r(~1)F(~age) } = 8          
 DEVIANCE { S(~age + sex + time)p(~time)r(~1)F(~age) } = 831.59083                     
 DEVIANCE Degrees of Freedom { S(~age + sex + time)p(~time)r(~1)F(~age) } = 7            
 c-hat { S(~age + sex + time)p(~time)r(~1)F(~age) } = 118.79869                     
 AIC { S(~age + sex + time)p(~time)r(~1)F(~age) } = 2587.4096                  
 AICc { S(~age + sex + time)p(~time)r(~1)F(~age) } = 2587.4300                    
 BIC { S(~age + sex + time)p(~time)r(~1)F(~age) } = 2642.3242                    
 Pearson Chisquare { S(~age + sex + time)p(~time)r(~1)F(~age) } = Not a Number               
 Possible Encounter Histories { S(~age + sex + time)p(~time)r(~1)F(~age) } = 896             
 Pearson Chisquare df { S(~age + sex + time)p(~time)r(~1)F(~age) } = 852        
 Pearson chat { S(~age + sex + time)p(~time)r(~1)F(~age) } = Not a Number               
 Sum(Observed/Expected) { S(~age + sex + time)p(~time)r(~1)F(~age) } = Not a Number               
 Fletcher chat { S(~age + sex + time)p(~time)r(~1)F(~age) } = Not a Number               


         LOGIT Link Function Parameters of { S(~age + sex + time)p(~time)r(~1)F(~age) }
                                                              95% Confidence Interval
 Parameter                    Beta         Standard Error      Lower           Upper
 -------------------------  --------------  --------------  --------------  --------------
    1:S:(Intercept)         24.114241       0.0000000       24.114241       24.114241     
    2:S:age1                78.285555       0.0000000       78.285555       78.285555     
    3:S:age2                -11.155176      2135.9533       -4197.6238      4175.3134     
    4:S:age3                65.208240       354.38866       -629.39354      759.81002     
    5:S:age4                -1.0732954      378.59080       -743.11128      740.96469     
    6:S:age5                2.1990845       427.43587       -835.57524      839.97341     
    7:S:age6                -0.5413929      200.28979       -393.10939      392.02660     
    8:S:sex5                19.007783       513.06079       -986.59139      1024.6070     
    9:S:time2006            -90.329352      310.48304       -698.87613      518.21742     
   10:S:time2007            40.424177       3053.4350       -5944.3085      6025.1568     
   11:S:time2008            -101.48510      0.0000000       -101.48510      -101.48510    
   12:S:time2009            29.136587       4935.2937       -9644.0392      9702.3124     
   13:S:time2010            28.795404       3945.8223       -7705.0164      7762.6072     
   14:S:time2011            -99.286453      0.0000000       -99.286453      -99.286453    
   15:p:(Intercept)         -57.578044      0.0000000       -57.578044      -57.578044    
   16:p:time2007            51.565211       0.0000000       51.565211       51.565211     
   17:p:time2008            50.979361       0.0000000       50.979361       50.979361     
   18:p:time2009            15.578794       6188.9208       -12114.706      12145.864     
   19:p:time2010            51.582618       0.0000000       51.582618       51.582618     
   20:p:time2011            51.504267       0.0000000       51.504267       51.504267     
   21:r:(Intercept)         -2.9641931      0.0594041       -3.0806251      -2.8477611    
   22:F:(Intercept)         7.8376529       452.60134       -879.26100      894.93630     
   23:F:age1                -7.6832635      452.60315       -894.78546      879.41893     
   24:F:age2                30.486985       3993.1894       -7796.1645      7857.1384     
   25:F:age3                54.601397       7198.7464       -14054.942      14164.145     
   26:F:age4                11.853354       2220.1745       -4339.6888      4363.3955     
   27:F:age5                55.566494       7314.6806       -14281.208      14392.341     


         Real Function Parameters of { S(~age + sex + time)p(~time)r(~1)F(~age) }
                                                               95% Confidence Interval
  Parameter                  Estimate       Standard Error      Lower           Upper
 --------------------------  --------------  --------------  --------------  --------------

  Program  MARK  - Survival Rate Estimation with Capture-Recapture Data
   gfortran(Win64) Vers. 8.0 Jun 2014   31-Jan-2015 14:07:44    Page  014
 - - - - - - - - - - - - - - - - - - - - - - - - - - - - - - - - - - - - - -
 
     1:S g41 c2005 c1 a0 t2  1.0000000       0.0000000       1.0000000       1.0000000                           
     2:S g41 c2005 c1 a1 t2  0.9999943       0.0021541       0.1721827E-298  1.0000000                           
     3:S g41 c2005 c1 a2 t2  1.0000000       0.0000000       1.0000000       1.0000000                           
     4:S g41 c2005 c1 a3 t2  0.5222050E-005  0.0023144       0.5148799E-309  1.0000000                           
     5:S g41 c2005 c1 a4 t2  1.0000000       0.0000000       1.0000000       1.0000000                           
     6:S g41 c2005 c1 a5 t2  1.0000000       0.0000000       1.0000000       1.0000000                           
     7:S g41 c2005 c1 a6 t2  0.1312196E-032  0.0000000       0.1312196E-032  0.1312196E-032                      
     8:S g41 c2006 c2 a0 t2  0.1750420E-028  0.4658670E-026  -.9113488E-026  0.9148497E-026                      
     9:S g41 c2006 c2 a1 t2  1.0000000       0.0000000       1.0000000       1.0000000                           
    10:S g41 c2006 c2 a2 t2  0.3577941E-038  0.7584284E-035  -.1486162E-034  0.1486877E-034                      
    11:S g41 c2006 c2 a3 t2  1.0000000       0.0000000       1.0000000       1.0000000                           
    12:S g41 c2006 c2 a4 t2  1.0000000       0.0000000       1.0000000       1.0000000                           
    13:S g41 c2006 c2 a5 t2  0.2033167E-031  0.6831615E-029  -.1336963E-028  0.1341030E-028                      
    14:S g41 c2007 c3 a0 t2  1.0000000       0.0000000       1.0000000       1.0000000                           
    15:S g41 c2007 c3 a1 t2  0.7139609       0.8085617       0.0010632       0.9998292                           
    16:S g41 c2007 c3 a2 t2  1.0000000       0.0000000       1.0000000       1.0000000                           
    17:S g41 c2007 c3 a3 t2  1.0000000       0.0000000       1.0000000       1.0000000                           
    18:S g41 c2007 c3 a4 t2  0.7708972E-033  0.2081421E-030  -.4071875E-030  0.4087293E-030                      
    19:S g41 c2008 c4 a0 t2  0.2501869E-033  0.0000000       0.2501869E-033  0.2501869E-033                      
    20:S g41 c2008 c4 a1 t2  1.0000000       0.0000000       1.0000000       1.0000000                           
    21:S g41 c2008 c4 a2 t2  1.0000000       0.0000000       1.0000000       1.0000000                           
    22:S g41 c2008 c4 a3 t2  0.4706316E-004  0.0208585       0.4640494E-308  1.0000000                           
    23:S g41 c2009 c5 a0 t2  1.0000000       0.0000000       1.0000000       1.0000000                           
    24:S g41 c2009 c5 a1 t2  1.0000000       0.0000000       1.0000000       1.0000000                           
    25:S g41 c2009 c5 a2 t2  0.3224716E-037  0.6835534E-034  -.1339442E-033  0.1340087E-033                      
    26:S g41 c2010 c6 a0 t2  1.0000000       0.0000000       1.0000000       1.0000000                           
    27:S g41 c2010 c6 a1 t2  0.9574398       0.0425763       0.7437294       0.9942981                           
    28:S g41 c2011 c7 a0 t2  0.2254876E-032  0.0000000       0.2254876E-032  0.2254876E-032                      
    29:S g51 c2005 c1 a0 t2  1.0000000       0.0000000       1.0000000       1.0000000                           
    30:S g51 c2005 c1 a1 t2  1.0000000       0.2020896E-010  1.0000000       1.0000000                           
    31:S g51 c2005 c1 a2 t2  1.0000000       0.0000000       1.0000000       1.0000000                           
    32:S g51 c2005 c1 a3 t2  0.9989365       0.2761790       0.4749089E-218  1.0000000                           
    33:S g51 c2005 c1 a4 t2  1.0000000       0.0000000       1.0000000       1.0000000                           
    34:S g51 c2005 c1 a5 t2  1.0000000       0.0000000       1.0000000       1.0000000                           
    35:S g51 c2005 c1 a6 t2  0.2360338E-024  0.1149994E-021  -.2251629E-021  0.2256349E-021                      
    36:S g51 c2006 c2 a0 t2  0.3148602E-020  0.1819392E-017  -.3562860E-017  0.3569158E-017                      
    37:S g51 c2006 c2 a1 t2  1.0000000       0.0000000       1.0000000       1.0000000                           
    38:S g51 c2006 c2 a2 t2  0.6435889E-030  0.1401007E-026  -.2745329E-026  0.2746616E-026                      
    39:S g51 c2006 c2 a3 t2  1.0000000       0.0000000       1.0000000       1.0000000                           
    40:S g51 c2006 c2 a4 t2  1.0000000       0.0000000       1.0000000       1.0000000                           
    41:S g51 c2006 c2 a5 t2  0.3657197E-023  0.2236558E-020  -.4379996E-020  0.4387310E-020                      
    42:S g51 c2007 c3 a0 t2  1.0000000       0.0000000       1.0000000       1.0000000                           
    43:S g51 c2007 c3 a1 t2  1.0000000       0.1143057E-005  0.9999978       1.0000022                           
    44:S g51 c2007 c3 a2 t2  1.0000000       0.0000000       1.0000000       1.0000000                           
    45:S g51 c2007 c3 a3 t2  1.0000000       0.0000000       1.0000000       1.0000000                           
    46:S g51 c2007 c3 a4 t2  0.1386666E-024  0.7997572E-022  -.1566137E-021  0.1568911E-021                      

  Program  MARK  - Survival Rate Estimation with Capture-Recapture Data
   gfortran(Win64) Vers. 8.0 Jun 2014   31-Jan-2015 14:07:44    Page  015
 - - - - - - - - - - - - - - - - - - - - - - - - - - - - - - - - - - - - - -
 
    47:S g51 c2008 c4 a0 t2  0.4500283E-025  0.1973685E-022  -.3863922E-022  0.3872923E-022                      
    48:S g51 c2008 c4 a1 t2  1.0000000       0.0000000       1.0000000       1.0000000                           
    49:S g51 c2008 c4 a2 t2  1.0000000       0.0000000       1.0000000       1.0000000                           
    50:S g51 c2008 c4 a3 t2  0.9998819       0.0306738       0.6729902E-217  1.0000000                           
    51:S g51 c2009 c5 a0 t2  1.0000000       0.0000000       1.0000000       1.0000000                           
    52:S g51 c2009 c5 a1 t2  1.0000000       0.0000000       1.0000000       1.0000000                           
    53:S g51 c2009 c5 a2 t2  0.5800518E-029  0.1262676E-025  -.2474265E-025  0.2475425E-025                      
    54:S g51 c2010 c6 a0 t2  1.0000000       0.0000000       1.0000000       1.0000000                           
    55:S g51 c2010 c6 a1 t2  1.0000000       0.1267906E-006  0.9999998       1.0000002                           
    56:S g51 c2011 c7 a0 t2  0.4056001E-024  0.1778161E-021  -.3481139E-021  0.3489251E-021                      
    57:p g41 c2005 c1 a1 t2  0.9866731E-025  0.0000000       0.9866731E-025  0.9866731E-025                      
    58:p g41 c2005 c1 a2 t2  0.0024412       0.0029518       0.2273944E-003  0.0256540                           
    59:p g41 c2005 c1 a3 t2  0.0013603       0.0010223       0.3115273E-003  0.0059190                           
    60:p g41 c2005 c1 a4 t2  0.5753835E-018  0.3560732E-014  -.6978460E-014  0.6979611E-014                      
    61:p g41 c2005 c1 a5 t2  0.0024839       0.0014790       0.7722877E-003  0.0079589                           
    62:p g41 c2005 c1 a6 t2  0.0022972       0.0013488       0.7259654E-003  0.0072443                           
    63:r g41 c2005 c1 a0 t2  0.0490700       0.0027719       0.0439136       0.0547972                           
    64:F g41 c2005 c1 a0 t2  0.9996056       0.1784530       0.2498688E-300  1.0000000                           
    65:F g41 c2005 c1 a1 t2  0.5385209       0.3547542       0.0663914       0.9503706                           
    66:F g41 c2005 c1 a2 t2  1.0000000       0.0000000       1.0000000       1.0000000                           
    67:F g41 c2005 c1 a3 t2  1.0000000       0.0000000       1.0000000       1.0000000                           
    68:F g41 c2005 c1 a4 t2  1.0000000       0.6242489E-005  0.9999878       1.0000122                           
    69:F g41 c2005 c1 a5 t2  1.0000000       0.0000000       1.0000000       1.0000000                           

 Attempted ordering of parameters by estimatibility:
  21 15 20 19  2 16 22 14 17  4  7 11  9  5  1  6 23  8  3 26 13 24 12 18 25
  27 10
 Beta number 10 is a singular value.

     CPU Time in seconds for last procedure was 3.59

  Program  MARK  - Survival Rate Estimation with Capture-Recapture Data
   gfortran(Win64) Vers. 8.0 Jun 2014   31-Jan-2015 14:07:44    Page  016
 - - - - - - - - - - - - - - - - - - - - - - - - - - - - - - - - - - - - - -
 


  INPUT --- proc stop;

     CPU Time in minutes for this job was 0.06

     Time Start = 14:07:44.135   Time End = 14:07:44.895

     Wall Clock Time in minutes for this job was 0.01


          E X E C U T I O N   S U C C E S S F U L 
