
   Program  MARK  - Survival Rate Estimation with Capture-Recapture Data
   gfortran(Win64) Vers. 8.0 Jun 2014   31-Jan-2015 13:37:49    Page  001
 - - - - - - - - - - - - - - - - - - - - - - - - - - - - - - - - - - - - - -
 
   This version was compiled by GCC version 4.8.1 using the options 
   -m64 -mtune=generic -march=x86-64 -mthreads -O2 -fimplicit-none -fbounds-check -funroll-loops -ftree-vectorize -fopenmp.
   This problem will use 7 of 8 possible threads.


  INPUT --- proc title ;

     CPU Time in seconds for last procedure was 0.00


  INPUT --- proc chmatrix occasions= 7 groups= 6 etype= Both ICMeans 
  INPUT --- NoHist hist= 51 ;

  INPUT ---    time  interval 1 1 1 1 1 1 1 ;

  INPUT ---    glabel(1)=sex4.age1;

  INPUT ---    glabel(2)=sex5.age1;

  INPUT ---    glabel(3)=sex4.age2;

  INPUT ---    glabel(4)=sex5.age2;

  INPUT ---    glabel(5)=sex4.age4;

  INPUT ---    glabel(6)=sex5.age4;

   * *  WARNING  * *   At least a pair of the encounter histories are duplicates. 

      Number of unique encounter histories read was 17.

      Number of individual covariates read was 0.
      Time interval lengths are all equal to 1.

      Data type number is 3
      Data type is Joint Live and Dead Encounters (Burnham)                                                            

     CPU Time in seconds for last procedure was 0.00

  Program  MARK  - Survival Rate Estimation with Capture-Recapture Data
   gfortran(Win64) Vers. 8.0 Jun 2014   31-Jan-2015 13:37:49    Page  002
 - - - - - - - - - - - - - - - - - - - - - - - - - - - - - - - - - - - - - -
 


  INPUT --- proc estimate link=Logit NOLOOP varest=2ndPart    ;


  INPUT --- model={ S(~sex)p(~sex)r(~1)F(~age) };

  INPUT ---    group=1 S    rows=7 cols=7 Triang ;
  INPUT ---        1 1 1 1 1 1 1 ;
  INPUT ---        1 1 1 1 1 1 ;
  INPUT ---        1 1 1 1 1 ;
  INPUT ---        1 1 1 1 ;
  INPUT ---        1 1 1 ;
  INPUT ---        1 1 ;
  INPUT ---        1 ;

  INPUT ---    group=2 S    rows=7 cols=7 Triang ;
  INPUT ---        2 2 2 2 2 2 2 ;
  INPUT ---        2 2 2 2 2 2 ;
  INPUT ---        2 2 2 2 2 ;
  INPUT ---        2 2 2 2 ;
  INPUT ---        2 2 2 ;
  INPUT ---        2 2 ;
  INPUT ---        2 ;

  INPUT ---    group=3 S    rows=7 cols=7 Triang ;
  INPUT ---        1 1 1 1 1 1 1 ;
  INPUT ---        1 1 1 1 1 1 ;
  INPUT ---        1 1 1 1 1 ;
  INPUT ---        1 1 1 1 ;
  INPUT ---        1 1 1 ;
  INPUT ---        1 1 ;
  INPUT ---        1 ;

  INPUT ---    group=4 S    rows=7 cols=7 Triang ;
  INPUT ---        2 2 2 2 2 2 2 ;
  INPUT ---        2 2 2 2 2 2 ;
  INPUT ---        2 2 2 2 2 ;
  INPUT ---        2 2 2 2 ;
  INPUT ---        2 2 2 ;
  INPUT ---        2 2 ;
  INPUT ---        2 ;

  INPUT ---    group=5 S    rows=7 cols=7 Triang ;
  INPUT ---        1 1 1 1 1 1 1 ;
  INPUT ---        1 1 1 1 1 1 ;

  Program  MARK  - Survival Rate Estimation with Capture-Recapture Data
   gfortran(Win64) Vers. 8.0 Jun 2014   31-Jan-2015 13:37:49    Page  003
 - - - - - - - - - - - - - - - - - - - - - - - - - - - - - - - - - - - - - -
 
  INPUT ---        1 1 1 1 1 ;
  INPUT ---        1 1 1 1 ;
  INPUT ---        1 1 1 ;
  INPUT ---        1 1 ;
  INPUT ---        1 ;

  INPUT ---    group=6 S    rows=7 cols=7 Triang ;
  INPUT ---        2 2 2 2 2 2 2 ;
  INPUT ---        2 2 2 2 2 2 ;
  INPUT ---        2 2 2 2 2 ;
  INPUT ---        2 2 2 2 ;
  INPUT ---        2 2 2 ;
  INPUT ---        2 2 ;
  INPUT ---        2 ;

  INPUT ---    group=1 p    rows=6 cols=6 Triang ;
  INPUT ---        3 3 3 3 3 3 ;
  INPUT ---        3 3 3 3 3 ;
  INPUT ---        3 3 3 3 ;
  INPUT ---        3 3 3 ;
  INPUT ---        3 3 ;
  INPUT ---        3 ;

  INPUT ---    group=2 p    rows=6 cols=6 Triang ;
  INPUT ---        4 4 4 4 4 4 ;
  INPUT ---        4 4 4 4 4 ;
  INPUT ---        4 4 4 4 ;
  INPUT ---        4 4 4 ;
  INPUT ---        4 4 ;
  INPUT ---        4 ;

  INPUT ---    group=3 p    rows=6 cols=6 Triang ;
  INPUT ---        3 3 3 3 3 3 ;
  INPUT ---        3 3 3 3 3 ;
  INPUT ---        3 3 3 3 ;
  INPUT ---        3 3 3 ;
  INPUT ---        3 3 ;
  INPUT ---        3 ;

  INPUT ---    group=4 p    rows=6 cols=6 Triang ;
  INPUT ---        4 4 4 4 4 4 ;
  INPUT ---        4 4 4 4 4 ;
  INPUT ---        4 4 4 4 ;
  INPUT ---        4 4 4 ;
  INPUT ---        4 4 ;
  INPUT ---        4 ;

  Program  MARK  - Survival Rate Estimation with Capture-Recapture Data
   gfortran(Win64) Vers. 8.0 Jun 2014   31-Jan-2015 13:37:49    Page  004
 - - - - - - - - - - - - - - - - - - - - - - - - - - - - - - - - - - - - - -
 

  INPUT ---    group=5 p    rows=6 cols=6 Triang ;
  INPUT ---        3 3 3 3 3 3 ;
  INPUT ---        3 3 3 3 3 ;
  INPUT ---        3 3 3 3 ;
  INPUT ---        3 3 3 ;
  INPUT ---        3 3 ;
  INPUT ---        3 ;

  INPUT ---    group=6 p    rows=6 cols=6 Triang ;
  INPUT ---        4 4 4 4 4 4 ;
  INPUT ---        4 4 4 4 4 ;
  INPUT ---        4 4 4 4 ;
  INPUT ---        4 4 4 ;
  INPUT ---        4 4 ;
  INPUT ---        4 ;

  INPUT ---    group=1 r    rows=7 cols=7 Triang ;
  INPUT ---        5 5 5 5 5 5 5 ;
  INPUT ---        5 5 5 5 5 5 ;
  INPUT ---        5 5 5 5 5 ;
  INPUT ---        5 5 5 5 ;
  INPUT ---        5 5 5 ;
  INPUT ---        5 5 ;
  INPUT ---        5 ;

  INPUT ---    group=2 r    rows=7 cols=7 Triang ;
  INPUT ---        5 5 5 5 5 5 5 ;
  INPUT ---        5 5 5 5 5 5 ;
  INPUT ---        5 5 5 5 5 ;
  INPUT ---        5 5 5 5 ;
  INPUT ---        5 5 5 ;
  INPUT ---        5 5 ;
  INPUT ---        5 ;

  INPUT ---    group=3 r    rows=7 cols=7 Triang ;
  INPUT ---        5 5 5 5 5 5 5 ;
  INPUT ---        5 5 5 5 5 5 ;
  INPUT ---        5 5 5 5 5 ;
  INPUT ---        5 5 5 5 ;
  INPUT ---        5 5 5 ;
  INPUT ---        5 5 ;
  INPUT ---        5 ;

  INPUT ---    group=4 r    rows=7 cols=7 Triang ;
  INPUT ---        5 5 5 5 5 5 5 ;

  Program  MARK  - Survival Rate Estimation with Capture-Recapture Data
   gfortran(Win64) Vers. 8.0 Jun 2014   31-Jan-2015 13:37:49    Page  005
 - - - - - - - - - - - - - - - - - - - - - - - - - - - - - - - - - - - - - -
 
  INPUT ---        5 5 5 5 5 5 ;
  INPUT ---        5 5 5 5 5 ;
  INPUT ---        5 5 5 5 ;
  INPUT ---        5 5 5 ;
  INPUT ---        5 5 ;
  INPUT ---        5 ;

  INPUT ---    group=5 r    rows=7 cols=7 Triang ;
  INPUT ---        5 5 5 5 5 5 5 ;
  INPUT ---        5 5 5 5 5 5 ;
  INPUT ---        5 5 5 5 5 ;
  INPUT ---        5 5 5 5 ;
  INPUT ---        5 5 5 ;
  INPUT ---        5 5 ;
  INPUT ---        5 ;

  INPUT ---    group=6 r    rows=7 cols=7 Triang ;
  INPUT ---        5 5 5 5 5 5 5 ;
  INPUT ---        5 5 5 5 5 5 ;
  INPUT ---        5 5 5 5 5 ;
  INPUT ---        5 5 5 5 ;
  INPUT ---        5 5 5 ;
  INPUT ---        5 5 ;
  INPUT ---        5 ;

  INPUT ---    group=1 F    rows=6 cols=6 Triang ;
  INPUT ---        6 7 8 9 10 11 ;
  INPUT ---        6 7 8 9 10 ;
  INPUT ---        6 7 8 9 ;
  INPUT ---        6 7 8 ;
  INPUT ---        6 7 ;
  INPUT ---        6 ;

  INPUT ---    group=2 F    rows=6 cols=6 Triang ;
  INPUT ---        6 7 8 9 10 11 ;
  INPUT ---        6 7 8 9 10 ;
  INPUT ---        6 7 8 9 ;
  INPUT ---        6 7 8 ;
  INPUT ---        6 7 ;
  INPUT ---        6 ;

  INPUT ---    group=3 F    rows=6 cols=6 Triang ;
  INPUT ---        6 7 8 9 10 11 ;
  INPUT ---        6 7 8 9 10 ;
  INPUT ---        6 7 8 9 ;
  INPUT ---        6 7 8 ;

  Program  MARK  - Survival Rate Estimation with Capture-Recapture Data
   gfortran(Win64) Vers. 8.0 Jun 2014   31-Jan-2015 13:37:49    Page  006
 - - - - - - - - - - - - - - - - - - - - - - - - - - - - - - - - - - - - - -
 
  INPUT ---        6 7 ;
  INPUT ---        6 ;

  INPUT ---    group=4 F    rows=6 cols=6 Triang ;
  INPUT ---        6 7 8 9 10 11 ;
  INPUT ---        6 7 8 9 10 ;
  INPUT ---        6 7 8 9 ;
  INPUT ---        6 7 8 ;
  INPUT ---        6 7 ;
  INPUT ---        6 ;

  INPUT ---    group=5 F    rows=6 cols=6 Triang ;
  INPUT ---        6 7 8 9 10 11 ;
  INPUT ---        6 7 8 9 10 ;
  INPUT ---        6 7 8 9 ;
  INPUT ---        6 7 8 ;
  INPUT ---        6 7 ;
  INPUT ---        6 ;

  INPUT ---    group=6 F    rows=6 cols=6 Triang ;
  INPUT ---        6 7 8 9 10 11 ;
  INPUT ---        6 7 8 9 10 ;
  INPUT ---        6 7 8 9 ;
  INPUT ---        6 7 8 ;
  INPUT ---        6 7 ;
  INPUT ---        6 ;

  INPUT ---    design matrix constraints=11 covariates=11;
  INPUT ---        1 0 0 0 0 0 0 0 0 0 0;
  INPUT ---        1 1 0 0 0 0 0 0 0 0 0;
  INPUT ---        0 0 1 0 0 0 0 0 0 0 0;
  INPUT ---        0 0 1 1 0 0 0 0 0 0 0;
  INPUT ---        0 0 0 0 1 0 0 0 0 0 0;
  INPUT ---        0 0 0 0 0 1 0 0 0 0 0;
  INPUT ---        0 0 0 0 0 1 1 0 0 0 0;
  INPUT ---        0 0 0 0 0 1 0 1 0 0 0;
  INPUT ---        0 0 0 0 0 1 0 0 1 0 0;
  INPUT ---        0 0 0 0 0 1 0 0 0 1 0;
  INPUT ---        0 0 0 0 0 1 0 0 0 0 1;

  INPUT ---    blabel(1)=S:(Intercept);

  INPUT ---    blabel(2)=S:sex5;

  INPUT ---    blabel(3)=p:(Intercept);


  Program  MARK  - Survival Rate Estimation with Capture-Recapture Data
   gfortran(Win64) Vers. 8.0 Jun 2014   31-Jan-2015 13:37:49    Page  007
 - - - - - - - - - - - - - - - - - - - - - - - - - - - - - - - - - - - - - -
 
  INPUT ---    blabel(4)=p:sex5;

  INPUT ---    blabel(5)=r:(Intercept);

  INPUT ---    blabel(6)=F:(Intercept);

  INPUT ---    blabel(7)=F:age1;

  INPUT ---    blabel(8)=F:age2;

  INPUT ---    blabel(9)=F:age3;

  INPUT ---    blabel(10)=F:age4;

  INPUT ---    blabel(11)=F:age5;

  INPUT ---    rlabel(1)=S g41 c2005 c1 a0 t2005;

  INPUT ---    rlabel(2)=S g51 c2005 c1 a0 t2005;

  INPUT ---    rlabel(3)=p g41 c2005 c1 a1 t2006;

  INPUT ---    rlabel(4)=p g51 c2005 c1 a1 t2006;

  INPUT ---    rlabel(5)=r g41 c2005 c1 a0 t2005;

  INPUT ---    rlabel(6)=F g41 c2005 c1 a0 t2005;

  INPUT ---    rlabel(7)=F g41 c2005 c1 a1 t2006;

  INPUT ---    rlabel(8)=F g41 c2005 c1 a2 t2007;

  INPUT ---    rlabel(9)=F g41 c2005 c1 a3 t2008;

  INPUT ---    rlabel(10)=F g41 c2005 c1 a4 t2009;

  INPUT ---    rlabel(11)=F g41 c2005 c1 a5 t2010;

 Link Function Used is LOGIT        

 Variance Estimation Procedure Used is 2ndPart 

 M(t+1):



 -2logL(saturated) = 1739.8188     

  Program  MARK  - Survival Rate Estimation with Capture-Recapture Data
   gfortran(Win64) Vers. 8.0 Jun 2014   31-Jan-2015 13:37:49    Page  008
 - - - - - - - - - - - - - - - - - - - - - - - - - - - - - - - - - - - - - -
 
 Effective Sample Size = 7075

 Number of function evaluations was 55 for 11 parameters.
 Time for numerical optimization was 0.92 seconds.
 -2logL { S(~sex)p(~sex)r(~1)F(~age) } = 2766.4957     
 Penalty { S(~sex)p(~sex)r(~1)F(~age) } = -0.0000000    
 Gradient { S(~sex)p(~sex)r(~1)F(~age) }:
  0.3349913E-03 0.1509151E-03 0.2279855E-03 0.9358714E-04 0.1407090E-02
  0.2981771E-05  0.000000      0.000000      0.000000      0.000000    
   0.000000    
 S Vector { S(~sex)p(~sex)r(~1)F(~age) }:
   286.0877      39.21943      7.939462      5.415189      1.029703    
  0.1319445E-06 0.7962694E-07 0.5910733E-07 0.1819144E-07 0.7901371E-08
  0.9706675E-09
 Time to compute number of parameters was 0.08 seconds.
   Threshold =  0.2400000E-06     Condition index =  0.3392903E-11     New Threshold =  0.3219340E-08
 New Guessimate of Estimated Parameters { S(~sex)p(~sex)r(~1)F(~age) } = 5          
 Conditioned S Vector { S(~sex)p(~sex)r(~1)F(~age) }:
   1.000000     0.1370889     0.2775185E-01 0.1892843E-01 0.3599256E-02
  0.4612032E-09 0.2783306E-09 0.2066057E-09 0.6358695E-10 0.2761871E-10
  0.3392903E-11
 Number of Estimated Parameters { S(~sex)p(~sex)r(~1)F(~age) } = 5          
 DEVIANCE { S(~sex)p(~sex)r(~1)F(~age) } = 1026.6770                     
 DEVIANCE Degrees of Freedom { S(~sex)p(~sex)r(~1)F(~age) } = 10            
 c-hat { S(~sex)p(~sex)r(~1)F(~age) } = 102.66770                     
 AIC { S(~sex)p(~sex)r(~1)F(~age) } = 2776.4957                  
 AICc { S(~sex)p(~sex)r(~1)F(~age) } = 2776.5042                    
 BIC { S(~sex)p(~sex)r(~1)F(~age) } = 2810.8173                    
 Pearson Chisquare { S(~sex)p(~sex)r(~1)F(~age) } = Not a Number               
 Possible Encounter Histories { S(~sex)p(~sex)r(~1)F(~age) } = 896             
 Pearson Chisquare df { S(~sex)p(~sex)r(~1)F(~age) } = 855        
 Pearson chat { S(~sex)p(~sex)r(~1)F(~age) } = Not a Number               
 Sum(Observed/Expected) { S(~sex)p(~sex)r(~1)F(~age) } = Not a Number               
 Fletcher chat { S(~sex)p(~sex)r(~1)F(~age) } = Not a Number               


                LOGIT Link Function Parameters of { S(~sex)p(~sex)r(~1)F(~age) }
                                                              95% Confidence Interval
 Parameter                    Beta         Standard Error      Lower           Upper
 -------------------------  --------------  --------------  --------------  --------------
    1:S:(Intercept)         -2.8009717      0.3723221       -3.5307231      -2.0712204    
    2:S:sex5                0.2053065       0.5041095       -0.7827482      1.1933612     
    3:p:(Intercept)         -2.9892664      0.5234850       -4.0152971      -1.9632357    
    4:p:sex5                -0.9436319      0.8002943       -2.5122086      0.6249449     
    5:r:(Intercept)         -3.1044227      0.0592418       -3.2205366      -2.9883089    
    6:F:(Intercept)         14.250913       2134.2192       -4168.8188      4197.3206     
    7:F:age1                38.463625       0.0000000       38.463625       38.463625     
    8:F:age2                109.50165       0.0000000       109.50165       109.50165     
    9:F:age3                32.148750       0.0000000       32.148750       32.148750     
   10:F:age4                24.330512       0.0000000       24.330512       24.330512     
   11:F:age5                24.608874       0.0000000       24.608874       24.608874     


                Real Function Parameters of { S(~sex)p(~sex)r(~1)F(~age) }
                                                               95% Confidence Interval
  Parameter                  Estimate       Standard Error      Lower           Upper
 --------------------------  --------------  --------------  --------------  --------------
     1:S g41 c2005 c1 a0 t2  0.0572717       0.0201023       0.0284506       0.1119257                           
     2:S g51 c2005 c1 a0 t2  0.0694179       0.0219975       0.0368593       0.1269457                           
     3:p g41 c2005 c1 a1 t2  0.0479131       0.0238801       0.0177180       0.1231173                           
     4:p g51 c2005 c1 a1 t2  0.0192105       0.0114123       0.0059401       0.0603285                           
     5:r g41 c2005 c1 a0 t2  0.0429252       0.0024338       0.0384002       0.0479568                           

  Program  MARK  - Survival Rate Estimation with Capture-Recapture Data
   gfortran(Win64) Vers. 8.0 Jun 2014   31-Jan-2015 13:37:49    Page  009
 - - - - - - - - - - - - - - - - - - - - - - - - - - - - - - - - - - - - - -
 
     6:F g41 c2005 c1 a0 t2  0.9999994       0.0013808       0.1523897E-297  1.0000000                           
     7:F g41 c2005 c1 a1 t2  1.0000000       0.0000000       1.0000000       1.0000000                           
     8:F g41 c2005 c1 a2 t2  1.0000000       0.0000000       1.0000000       1.0000000                           
     9:F g41 c2005 c1 a3 t2  1.0000000       0.0000000       1.0000000       1.0000000                           
    10:F g41 c2005 c1 a4 t2  1.0000000       0.0000000       1.0000000       1.0000000                           
    11:F g41 c2005 c1 a5 t2  1.0000000       0.0000000       1.0000000       1.0000000                           

 Attempted ordering of parameters by estimatibility:
   5  1  3  2  4  6 10 11  9  7  8
 Beta number 8 is a singular value.

     CPU Time in seconds for last procedure was 1.03


  INPUT --- proc stop;

     CPU Time in minutes for this job was 0.02

     Time Start = 13:37:49.425   Time End = 13:37:49.710

     Wall Clock Time in minutes for this job was 0.00


          E X E C U T I O N   S U C C E S S F U L 
