
   Program  MARK  - Survival Rate Estimation with Capture-Recapture Data
   gfortran(Win64) Vers. 8.0 Jun 2014   25-Jan-2015 15:02:14    Page  001
 - - - - - - - - - - - - - - - - - - - - - - - - - - - - - - - - - - - - - -
 
   This version was compiled by GCC version 4.8.1 using the options 
   -m64 -mtune=generic -march=x86-64 -mthreads -O2 -fimplicit-none -fbounds-check -funroll-loops -ftree-vectorize -fopenmp.
   This problem will use 7 of 8 possible threads.


  INPUT --- proc title ;

     CPU Time in seconds for last procedure was 0.02


  INPUT --- proc chmatrix occasions= 7 groups= 6 etype= Both ICMeans 
  INPUT --- NoHist hist= 51 ;

  INPUT ---    time  interval 1 1 1 1 1 1 1 ;

  INPUT ---    glabel(1)=sex4.age1;

  INPUT ---    glabel(2)=sex5.age1;

  INPUT ---    glabel(3)=sex4.age2;

  INPUT ---    glabel(4)=sex5.age2;

  INPUT ---    glabel(5)=sex4.age4;

  INPUT ---    glabel(6)=sex5.age4;

   * *  WARNING  * *   At least a pair of the encounter histories are duplicates. 

      Number of unique encounter histories read was 17.

      Number of individual covariates read was 0.
      Time interval lengths are all equal to 1.

      Data type number is 3
      Data type is Joint Live and Dead Encounters (Burnham)                                                            

     CPU Time in seconds for last procedure was 0.00

  Program  MARK  - Survival Rate Estimation with Capture-Recapture Data
   gfortran(Win64) Vers. 8.0 Jun 2014   25-Jan-2015 15:02:14    Page  002
 - - - - - - - - - - - - - - - - - - - - - - - - - - - - - - - - - - - - - -
 


  INPUT --- proc estimate link=Logit NOLOOP varest=2ndPart    ;


  INPUT --- model={ S(~time)p(~1)r(~1)F(~1) };

  INPUT ---    group=1 S    rows=7 cols=7 Triang ;
  INPUT ---        1 2 3 4 5 6 7 ;
  INPUT ---        2 3 4 5 6 7 ;
  INPUT ---        3 4 5 6 7 ;
  INPUT ---        4 5 6 7 ;
  INPUT ---        5 6 7 ;
  INPUT ---        6 7 ;
  INPUT ---        7 ;

  INPUT ---    group=2 S    rows=7 cols=7 Triang ;
  INPUT ---        1 2 3 4 5 6 7 ;
  INPUT ---        2 3 4 5 6 7 ;
  INPUT ---        3 4 5 6 7 ;
  INPUT ---        4 5 6 7 ;
  INPUT ---        5 6 7 ;
  INPUT ---        6 7 ;
  INPUT ---        7 ;

  INPUT ---    group=3 S    rows=7 cols=7 Triang ;
  INPUT ---        1 2 3 4 5 6 7 ;
  INPUT ---        2 3 4 5 6 7 ;
  INPUT ---        3 4 5 6 7 ;
  INPUT ---        4 5 6 7 ;
  INPUT ---        5 6 7 ;
  INPUT ---        6 7 ;
  INPUT ---        7 ;

  INPUT ---    group=4 S    rows=7 cols=7 Triang ;
  INPUT ---        1 2 3 4 5 6 7 ;
  INPUT ---        2 3 4 5 6 7 ;
  INPUT ---        3 4 5 6 7 ;
  INPUT ---        4 5 6 7 ;
  INPUT ---        5 6 7 ;
  INPUT ---        6 7 ;
  INPUT ---        7 ;

  INPUT ---    group=5 S    rows=7 cols=7 Triang ;
  INPUT ---        1 2 3 4 5 6 7 ;
  INPUT ---        2 3 4 5 6 7 ;

  Program  MARK  - Survival Rate Estimation with Capture-Recapture Data
   gfortran(Win64) Vers. 8.0 Jun 2014   25-Jan-2015 15:02:14    Page  003
 - - - - - - - - - - - - - - - - - - - - - - - - - - - - - - - - - - - - - -
 
  INPUT ---        3 4 5 6 7 ;
  INPUT ---        4 5 6 7 ;
  INPUT ---        5 6 7 ;
  INPUT ---        6 7 ;
  INPUT ---        7 ;

  INPUT ---    group=6 S    rows=7 cols=7 Triang ;
  INPUT ---        1 2 3 4 5 6 7 ;
  INPUT ---        2 3 4 5 6 7 ;
  INPUT ---        3 4 5 6 7 ;
  INPUT ---        4 5 6 7 ;
  INPUT ---        5 6 7 ;
  INPUT ---        6 7 ;
  INPUT ---        7 ;

  INPUT ---    group=1 p    rows=6 cols=6 Triang ;
  INPUT ---        8 8 8 8 8 8 ;
  INPUT ---        8 8 8 8 8 ;
  INPUT ---        8 8 8 8 ;
  INPUT ---        8 8 8 ;
  INPUT ---        8 8 ;
  INPUT ---        8 ;

  INPUT ---    group=2 p    rows=6 cols=6 Triang ;
  INPUT ---        8 8 8 8 8 8 ;
  INPUT ---        8 8 8 8 8 ;
  INPUT ---        8 8 8 8 ;
  INPUT ---        8 8 8 ;
  INPUT ---        8 8 ;
  INPUT ---        8 ;

  INPUT ---    group=3 p    rows=6 cols=6 Triang ;
  INPUT ---        8 8 8 8 8 8 ;
  INPUT ---        8 8 8 8 8 ;
  INPUT ---        8 8 8 8 ;
  INPUT ---        8 8 8 ;
  INPUT ---        8 8 ;
  INPUT ---        8 ;

  INPUT ---    group=4 p    rows=6 cols=6 Triang ;
  INPUT ---        8 8 8 8 8 8 ;
  INPUT ---        8 8 8 8 8 ;
  INPUT ---        8 8 8 8 ;
  INPUT ---        8 8 8 ;
  INPUT ---        8 8 ;
  INPUT ---        8 ;

  Program  MARK  - Survival Rate Estimation with Capture-Recapture Data
   gfortran(Win64) Vers. 8.0 Jun 2014   25-Jan-2015 15:02:14    Page  004
 - - - - - - - - - - - - - - - - - - - - - - - - - - - - - - - - - - - - - -
 

  INPUT ---    group=5 p    rows=6 cols=6 Triang ;
  INPUT ---        8 8 8 8 8 8 ;
  INPUT ---        8 8 8 8 8 ;
  INPUT ---        8 8 8 8 ;
  INPUT ---        8 8 8 ;
  INPUT ---        8 8 ;
  INPUT ---        8 ;

  INPUT ---    group=6 p    rows=6 cols=6 Triang ;
  INPUT ---        8 8 8 8 8 8 ;
  INPUT ---        8 8 8 8 8 ;
  INPUT ---        8 8 8 8 ;
  INPUT ---        8 8 8 ;
  INPUT ---        8 8 ;
  INPUT ---        8 ;

  INPUT ---    group=1 r    rows=7 cols=7 Triang ;
  INPUT ---        9 9 9 9 9 9 9 ;
  INPUT ---        9 9 9 9 9 9 ;
  INPUT ---        9 9 9 9 9 ;
  INPUT ---        9 9 9 9 ;
  INPUT ---        9 9 9 ;
  INPUT ---        9 9 ;
  INPUT ---        9 ;

  INPUT ---    group=2 r    rows=7 cols=7 Triang ;
  INPUT ---        9 9 9 9 9 9 9 ;
  INPUT ---        9 9 9 9 9 9 ;
  INPUT ---        9 9 9 9 9 ;
  INPUT ---        9 9 9 9 ;
  INPUT ---        9 9 9 ;
  INPUT ---        9 9 ;
  INPUT ---        9 ;

  INPUT ---    group=3 r    rows=7 cols=7 Triang ;
  INPUT ---        9 9 9 9 9 9 9 ;
  INPUT ---        9 9 9 9 9 9 ;
  INPUT ---        9 9 9 9 9 ;
  INPUT ---        9 9 9 9 ;
  INPUT ---        9 9 9 ;
  INPUT ---        9 9 ;
  INPUT ---        9 ;

  INPUT ---    group=4 r    rows=7 cols=7 Triang ;
  INPUT ---        9 9 9 9 9 9 9 ;

  Program  MARK  - Survival Rate Estimation with Capture-Recapture Data
   gfortran(Win64) Vers. 8.0 Jun 2014   25-Jan-2015 15:02:14    Page  005
 - - - - - - - - - - - - - - - - - - - - - - - - - - - - - - - - - - - - - -
 
  INPUT ---        9 9 9 9 9 9 ;
  INPUT ---        9 9 9 9 9 ;
  INPUT ---        9 9 9 9 ;
  INPUT ---        9 9 9 ;
  INPUT ---        9 9 ;
  INPUT ---        9 ;

  INPUT ---    group=5 r    rows=7 cols=7 Triang ;
  INPUT ---        9 9 9 9 9 9 9 ;
  INPUT ---        9 9 9 9 9 9 ;
  INPUT ---        9 9 9 9 9 ;
  INPUT ---        9 9 9 9 ;
  INPUT ---        9 9 9 ;
  INPUT ---        9 9 ;
  INPUT ---        9 ;

  INPUT ---    group=6 r    rows=7 cols=7 Triang ;
  INPUT ---        9 9 9 9 9 9 9 ;
  INPUT ---        9 9 9 9 9 9 ;
  INPUT ---        9 9 9 9 9 ;
  INPUT ---        9 9 9 9 ;
  INPUT ---        9 9 9 ;
  INPUT ---        9 9 ;
  INPUT ---        9 ;

  INPUT ---    group=1 F    rows=6 cols=6 Triang ;
  INPUT ---        10 10 10 10 10 10 ;
  INPUT ---        10 10 10 10 10 ;
  INPUT ---        10 10 10 10 ;
  INPUT ---        10 10 10 ;
  INPUT ---        10 10 ;
  INPUT ---        10 ;

  INPUT ---    group=2 F    rows=6 cols=6 Triang ;
  INPUT ---        10 10 10 10 10 10 ;
  INPUT ---        10 10 10 10 10 ;
  INPUT ---        10 10 10 10 ;
  INPUT ---        10 10 10 ;
  INPUT ---        10 10 ;
  INPUT ---        10 ;

  INPUT ---    group=3 F    rows=6 cols=6 Triang ;
  INPUT ---        10 10 10 10 10 10 ;
  INPUT ---        10 10 10 10 10 ;
  INPUT ---        10 10 10 10 ;
  INPUT ---        10 10 10 ;

  Program  MARK  - Survival Rate Estimation with Capture-Recapture Data
   gfortran(Win64) Vers. 8.0 Jun 2014   25-Jan-2015 15:02:14    Page  006
 - - - - - - - - - - - - - - - - - - - - - - - - - - - - - - - - - - - - - -
 
  INPUT ---        10 10 ;
  INPUT ---        10 ;

  INPUT ---    group=4 F    rows=6 cols=6 Triang ;
  INPUT ---        10 10 10 10 10 10 ;
  INPUT ---        10 10 10 10 10 ;
  INPUT ---        10 10 10 10 ;
  INPUT ---        10 10 10 ;
  INPUT ---        10 10 ;
  INPUT ---        10 ;

  INPUT ---    group=5 F    rows=6 cols=6 Triang ;
  INPUT ---        10 10 10 10 10 10 ;
  INPUT ---        10 10 10 10 10 ;
  INPUT ---        10 10 10 10 ;
  INPUT ---        10 10 10 ;
  INPUT ---        10 10 ;
  INPUT ---        10 ;

  INPUT ---    group=6 F    rows=6 cols=6 Triang ;
  INPUT ---        10 10 10 10 10 10 ;
  INPUT ---        10 10 10 10 10 ;
  INPUT ---        10 10 10 10 ;
  INPUT ---        10 10 10 ;
  INPUT ---        10 10 ;
  INPUT ---        10 ;

  INPUT ---    design matrix constraints=10 covariates=10;
  INPUT ---        1 0 0 0 0 0 0 0 0 0;
  INPUT ---        1 1 0 0 0 0 0 0 0 0;
  INPUT ---        1 0 1 0 0 0 0 0 0 0;
  INPUT ---        1 0 0 1 0 0 0 0 0 0;
  INPUT ---        1 0 0 0 1 0 0 0 0 0;
  INPUT ---        1 0 0 0 0 1 0 0 0 0;
  INPUT ---        1 0 0 0 0 0 1 0 0 0;
  INPUT ---        0 0 0 0 0 0 0 1 0 0;
  INPUT ---        0 0 0 0 0 0 0 0 1 0;
  INPUT ---        0 0 0 0 0 0 0 0 0 1;

  INPUT ---    blabel(1)=S:(Intercept);

  INPUT ---    blabel(2)=S:time2006;

  INPUT ---    blabel(3)=S:time2007;

  INPUT ---    blabel(4)=S:time2008;

  Program  MARK  - Survival Rate Estimation with Capture-Recapture Data
   gfortran(Win64) Vers. 8.0 Jun 2014   25-Jan-2015 15:02:14    Page  007
 - - - - - - - - - - - - - - - - - - - - - - - - - - - - - - - - - - - - - -
 

  INPUT ---    blabel(5)=S:time2009;

  INPUT ---    blabel(6)=S:time2010;

  INPUT ---    blabel(7)=S:time2011;

  INPUT ---    blabel(8)=p:(Intercept);

  INPUT ---    blabel(9)=r:(Intercept);

  INPUT ---    blabel(10)=F:(Intercept);

  INPUT ---    rlabel(1)=S g41 c2005 c1 a0 t2005;

  INPUT ---    rlabel(2)=S g41 c2005 c1 a1 t2006;

  INPUT ---    rlabel(3)=S g41 c2005 c1 a2 t2007;

  INPUT ---    rlabel(4)=S g41 c2005 c1 a3 t2008;

  INPUT ---    rlabel(5)=S g41 c2005 c1 a4 t2009;

  INPUT ---    rlabel(6)=S g41 c2005 c1 a5 t2010;

  INPUT ---    rlabel(7)=S g41 c2005 c1 a6 t2011;

  INPUT ---    rlabel(8)=p g41 c2005 c1 a1 t2006;

  INPUT ---    rlabel(9)=r g41 c2005 c1 a0 t2005;

  INPUT ---    rlabel(10)=F g41 c2005 c1 a0 t2005;

 Link Function Used is LOGIT        

 Variance Estimation Procedure Used is 2ndPart 

 M(t+1):



 -2logL(saturated) = 1739.8188     
 Effective Sample Size = 7075

 Number of function evaluations was 53 for 10 parameters.
 Time for numerical optimization was 0.48 seconds.

  Program  MARK  - Survival Rate Estimation with Capture-Recapture Data
   gfortran(Win64) Vers. 8.0 Jun 2014   25-Jan-2015 15:02:14    Page  008
 - - - - - - - - - - - - - - - - - - - - - - - - - - - - - - - - - - - - - -
 
 -2logL { S(~time)p(~1)r(~1)F(~1) } = 2669.3877     
 Penalty { S(~time)p(~1)r(~1)F(~1) } = -0.0000000    
 Gradient { S(~time)p(~1)r(~1)F(~1) }:
 -0.1613096E-03-0.5514501E-04  0.000000    -0.1087143E-03  0.000000    
   0.000000     0.1171721E-05-0.2600259E-03-0.1656065E-03-0.6043959E-05
 S Vector { S(~time)p(~1)r(~1)F(~1) }:
   286.3423      14.32155      2.568392     0.7949745     0.2031844E-04
  0.3706864E-05 0.1205676E-05 0.5857791E-07 0.2410832E-07 0.1571852E-07
 Time to compute number of parameters was 0.11 seconds.
   Threshold =  0.2200000E-06     Condition index =  0.5489418E-10     New Threshold =  0.4970634E-07
 New Guessimate of Estimated Parameters { S(~time)p(~1)r(~1)F(~1) } = 5          
 Conditioned S Vector { S(~time)p(~1)r(~1)F(~1) }:
   1.000000     0.5001551E-01 0.8969658E-02 0.2776309E-02 0.7095856E-07
  0.1294557E-07 0.4210612E-08 0.2045731E-09 0.8419407E-10 0.5489418E-10
 Number of Estimated Parameters { S(~time)p(~1)r(~1)F(~1) } = 4          
 DEVIANCE { S(~time)p(~1)r(~1)F(~1) } = 929.56892                     
 DEVIANCE Degrees of Freedom { S(~time)p(~1)r(~1)F(~1) } = 11            
 c-hat { S(~time)p(~1)r(~1)F(~1) } = 84.506265                     
 AIC { S(~time)p(~1)r(~1)F(~1) } = 2677.3877                  
 AICc { S(~time)p(~1)r(~1)F(~1) } = 2677.3933                    
 BIC { S(~time)p(~1)r(~1)F(~1) } = 2704.8450                    
 Pearson Chisquare { S(~time)p(~1)r(~1)F(~1) } = Not a Number               
 Possible Encounter Histories { S(~time)p(~1)r(~1)F(~1) } = 896             
 Pearson Chisquare df { S(~time)p(~1)r(~1)F(~1) } = 856        
 Pearson chat { S(~time)p(~1)r(~1)F(~1) } = Not a Number               
 Sum(Observed/Expected) { S(~time)p(~1)r(~1)F(~1) } = Not a Number               
 Fletcher chat { S(~time)p(~1)r(~1)F(~1) } = Not a Number               


                 LOGIT Link Function Parameters of { S(~time)p(~1)r(~1)F(~1) }
                                                              95% Confidence Interval
 Parameter                    Beta         Standard Error      Lower           Upper
 -------------------------  --------------  --------------  --------------  --------------
    1:S:(Intercept)         58.201034       129.48273       -195.58512      311.98718     
    2:S:time2006            -58.374022      129.48658       -312.16772      195.41968     
    3:S:time2007            -24.078609      0.0000000       -24.078609      -24.078609    
    4:S:time2008            -59.234568      129.48394       -313.02310      194.55396     
    5:S:time2009            -31.979129      0.0000000       -31.979129      -31.979129    
    6:S:time2010            15.086350       0.0000000       15.086350       15.086350     
    7:S:time2011            -76.620414      909.89031       -1860.0055      1706.7646     
    8:p:(Intercept)         -6.5200717      0.3698782       -7.2450329      -5.7951104    
    9:r:(Intercept)         -3.1189264      0.0590959       -3.2347544      -3.0030985    
   10:F:(Intercept)         14.047997       518.81387       -1002.8272      1030.9232     


                 Real Function Parameters of { S(~time)p(~1)r(~1)F(~1) }
                                                               95% Confidence Interval
  Parameter                  Estimate       Standard Error      Lower           Upper
 --------------------------  --------------  --------------  --------------  --------------
     1:S g41 c2005 c1 a0 t2  1.0000000       0.0000000       1.0000000       1.0000000                           
     2:S g41 c2005 c1 a1 t2  0.4568606       0.3044821       0.0705658       0.9030914                           
     3:S g41 c2005 c1 a2 t2  1.0000000       0.0000000       1.0000000       1.0000000                           
     4:S g41 c2005 c1 a3 t2  0.2623995       0.1749252       0.0570564       0.6765358                           
     5:S g41 c2005 c1 a4 t2  1.0000000       0.0000000       1.0000000       1.0000000                           
     6:S g41 c2005 c1 a5 t2  1.0000000       0.0000000       1.0000000       1.0000000                           
     7:S g41 c2005 c1 a6 t2  0.1001302E-007  0.9018066E-005  0.9872509E-312  1.0000000                           
     8:p g41 c2005 c1 a1 t2  0.0014714       0.5434362E-003  0.7132016E-003  0.0030332                           
     9:r g41 c2005 c1 a0 t2  0.0423333       0.0023958       0.0378786       0.0472861                           

  Program  MARK  - Survival Rate Estimation with Capture-Recapture Data
   gfortran(Win64) Vers. 8.0 Jun 2014   25-Jan-2015 15:02:14    Page  009
 - - - - - - - - - - - - - - - - - - - - - - - - - - - - - - - - - - - - - -
 
    10:F g41 c2005 c1 a0 t2  0.9999992       0.4111908E-003  0.1244028E-297  1.0000000                           

 Attempted ordering of parameters by estimatibility:
   9  8  1  4  2 10  7  6  3  5
 Beta number 5 is a singular value.

     CPU Time in seconds for last procedure was 0.59


  INPUT --- proc stop;

     CPU Time in minutes for this job was 0.01

     Time Start = 15:02:14.727   Time End = 15:02:14.876

     Wall Clock Time in minutes for this job was 0.00


          E X E C U T I O N   S U C C E S S F U L 
