
   Program  MARK  - Survival Rate Estimation with Capture-Recapture Data
   gfortran(Win64) Vers. 8.0 Jun 2014   25-Jan-2015 15:11:06    Page  001
 - - - - - - - - - - - - - - - - - - - - - - - - - - - - - - - - - - - - - -
 
   This version was compiled by GCC version 4.8.1 using the options 
   -m64 -mtune=generic -march=x86-64 -mthreads -O2 -fimplicit-none -fbounds-check -funroll-loops -ftree-vectorize -fopenmp.
   This problem will use 7 of 8 possible threads.


  INPUT --- proc title ;

     CPU Time in seconds for last procedure was 0.00


  INPUT --- proc chmatrix occasions= 7 groups= 6 etype= Both ICMeans 
  INPUT --- NoHist hist= 51 ;

  INPUT ---    time  interval 1 1 1 1 1 1 1 ;

  INPUT ---    glabel(1)=sex4.age1;

  INPUT ---    glabel(2)=sex5.age1;

  INPUT ---    glabel(3)=sex4.age2;

  INPUT ---    glabel(4)=sex5.age2;

  INPUT ---    glabel(5)=sex4.age4;

  INPUT ---    glabel(6)=sex5.age4;

   * *  WARNING  * *   At least a pair of the encounter histories are duplicates. 

      Number of unique encounter histories read was 17.

      Number of individual covariates read was 0.
      Time interval lengths are all equal to 1.

      Data type number is 3
      Data type is Joint Live and Dead Encounters (Burnham)                                                            

     CPU Time in seconds for last procedure was 0.02

  Program  MARK  - Survival Rate Estimation with Capture-Recapture Data
   gfortran(Win64) Vers. 8.0 Jun 2014   25-Jan-2015 15:11:06    Page  002
 - - - - - - - - - - - - - - - - - - - - - - - - - - - - - - - - - - - - - -
 


  INPUT --- proc estimate link=Logit NOLOOP varest=2ndPart    ;


  INPUT --- model={ S(~age + time)p(~sex)r(~sex)F(~1) };

  INPUT ---    group=1 S    rows=7 cols=7 Triang ;
  INPUT ---        1 2 3 4 5 6 7 ;
  INPUT ---        8 9 10 11 12 13 ;
  INPUT ---        14 15 16 17 18 ;
  INPUT ---        19 20 21 22 ;
  INPUT ---        23 24 25 ;
  INPUT ---        26 27 ;
  INPUT ---        28 ;

  INPUT ---    group=2 S    rows=7 cols=7 Triang ;
  INPUT ---        1 2 3 4 5 6 7 ;
  INPUT ---        8 9 10 11 12 13 ;
  INPUT ---        14 15 16 17 18 ;
  INPUT ---        19 20 21 22 ;
  INPUT ---        23 24 25 ;
  INPUT ---        26 27 ;
  INPUT ---        28 ;

  INPUT ---    group=3 S    rows=7 cols=7 Triang ;
  INPUT ---        1 2 3 4 5 6 7 ;
  INPUT ---        8 9 10 11 12 13 ;
  INPUT ---        14 15 16 17 18 ;
  INPUT ---        19 20 21 22 ;
  INPUT ---        23 24 25 ;
  INPUT ---        26 27 ;
  INPUT ---        28 ;

  INPUT ---    group=4 S    rows=7 cols=7 Triang ;
  INPUT ---        1 2 3 4 5 6 7 ;
  INPUT ---        8 9 10 11 12 13 ;
  INPUT ---        14 15 16 17 18 ;
  INPUT ---        19 20 21 22 ;
  INPUT ---        23 24 25 ;
  INPUT ---        26 27 ;
  INPUT ---        28 ;

  INPUT ---    group=5 S    rows=7 cols=7 Triang ;
  INPUT ---        1 2 3 4 5 6 7 ;
  INPUT ---        8 9 10 11 12 13 ;

  Program  MARK  - Survival Rate Estimation with Capture-Recapture Data
   gfortran(Win64) Vers. 8.0 Jun 2014   25-Jan-2015 15:11:06    Page  003
 - - - - - - - - - - - - - - - - - - - - - - - - - - - - - - - - - - - - - -
 
  INPUT ---        14 15 16 17 18 ;
  INPUT ---        19 20 21 22 ;
  INPUT ---        23 24 25 ;
  INPUT ---        26 27 ;
  INPUT ---        28 ;

  INPUT ---    group=6 S    rows=7 cols=7 Triang ;
  INPUT ---        1 2 3 4 5 6 7 ;
  INPUT ---        8 9 10 11 12 13 ;
  INPUT ---        14 15 16 17 18 ;
  INPUT ---        19 20 21 22 ;
  INPUT ---        23 24 25 ;
  INPUT ---        26 27 ;
  INPUT ---        28 ;

  INPUT ---    group=1 p    rows=6 cols=6 Triang ;
  INPUT ---        29 29 29 29 29 29 ;
  INPUT ---        29 29 29 29 29 ;
  INPUT ---        29 29 29 29 ;
  INPUT ---        29 29 29 ;
  INPUT ---        29 29 ;
  INPUT ---        29 ;

  INPUT ---    group=2 p    rows=6 cols=6 Triang ;
  INPUT ---        30 30 30 30 30 30 ;
  INPUT ---        30 30 30 30 30 ;
  INPUT ---        30 30 30 30 ;
  INPUT ---        30 30 30 ;
  INPUT ---        30 30 ;
  INPUT ---        30 ;

  INPUT ---    group=3 p    rows=6 cols=6 Triang ;
  INPUT ---        29 29 29 29 29 29 ;
  INPUT ---        29 29 29 29 29 ;
  INPUT ---        29 29 29 29 ;
  INPUT ---        29 29 29 ;
  INPUT ---        29 29 ;
  INPUT ---        29 ;

  INPUT ---    group=4 p    rows=6 cols=6 Triang ;
  INPUT ---        30 30 30 30 30 30 ;
  INPUT ---        30 30 30 30 30 ;
  INPUT ---        30 30 30 30 ;
  INPUT ---        30 30 30 ;
  INPUT ---        30 30 ;
  INPUT ---        30 ;

  Program  MARK  - Survival Rate Estimation with Capture-Recapture Data
   gfortran(Win64) Vers. 8.0 Jun 2014   25-Jan-2015 15:11:06    Page  004
 - - - - - - - - - - - - - - - - - - - - - - - - - - - - - - - - - - - - - -
 

  INPUT ---    group=5 p    rows=6 cols=6 Triang ;
  INPUT ---        29 29 29 29 29 29 ;
  INPUT ---        29 29 29 29 29 ;
  INPUT ---        29 29 29 29 ;
  INPUT ---        29 29 29 ;
  INPUT ---        29 29 ;
  INPUT ---        29 ;

  INPUT ---    group=6 p    rows=6 cols=6 Triang ;
  INPUT ---        30 30 30 30 30 30 ;
  INPUT ---        30 30 30 30 30 ;
  INPUT ---        30 30 30 30 ;
  INPUT ---        30 30 30 ;
  INPUT ---        30 30 ;
  INPUT ---        30 ;

  INPUT ---    group=1 r    rows=7 cols=7 Triang ;
  INPUT ---        31 31 31 31 31 31 31 ;
  INPUT ---        31 31 31 31 31 31 ;
  INPUT ---        31 31 31 31 31 ;
  INPUT ---        31 31 31 31 ;
  INPUT ---        31 31 31 ;
  INPUT ---        31 31 ;
  INPUT ---        31 ;

  INPUT ---    group=2 r    rows=7 cols=7 Triang ;
  INPUT ---        32 32 32 32 32 32 32 ;
  INPUT ---        32 32 32 32 32 32 ;
  INPUT ---        32 32 32 32 32 ;
  INPUT ---        32 32 32 32 ;
  INPUT ---        32 32 32 ;
  INPUT ---        32 32 ;
  INPUT ---        32 ;

  INPUT ---    group=3 r    rows=7 cols=7 Triang ;
  INPUT ---        31 31 31 31 31 31 31 ;
  INPUT ---        31 31 31 31 31 31 ;
  INPUT ---        31 31 31 31 31 ;
  INPUT ---        31 31 31 31 ;
  INPUT ---        31 31 31 ;
  INPUT ---        31 31 ;
  INPUT ---        31 ;

  INPUT ---    group=4 r    rows=7 cols=7 Triang ;
  INPUT ---        32 32 32 32 32 32 32 ;

  Program  MARK  - Survival Rate Estimation with Capture-Recapture Data
   gfortran(Win64) Vers. 8.0 Jun 2014   25-Jan-2015 15:11:06    Page  005
 - - - - - - - - - - - - - - - - - - - - - - - - - - - - - - - - - - - - - -
 
  INPUT ---        32 32 32 32 32 32 ;
  INPUT ---        32 32 32 32 32 ;
  INPUT ---        32 32 32 32 ;
  INPUT ---        32 32 32 ;
  INPUT ---        32 32 ;
  INPUT ---        32 ;

  INPUT ---    group=5 r    rows=7 cols=7 Triang ;
  INPUT ---        31 31 31 31 31 31 31 ;
  INPUT ---        31 31 31 31 31 31 ;
  INPUT ---        31 31 31 31 31 ;
  INPUT ---        31 31 31 31 ;
  INPUT ---        31 31 31 ;
  INPUT ---        31 31 ;
  INPUT ---        31 ;

  INPUT ---    group=6 r    rows=7 cols=7 Triang ;
  INPUT ---        32 32 32 32 32 32 32 ;
  INPUT ---        32 32 32 32 32 32 ;
  INPUT ---        32 32 32 32 32 ;
  INPUT ---        32 32 32 32 ;
  INPUT ---        32 32 32 ;
  INPUT ---        32 32 ;
  INPUT ---        32 ;

  INPUT ---    group=1 F    rows=6 cols=6 Triang ;
  INPUT ---        33 33 33 33 33 33 ;
  INPUT ---        33 33 33 33 33 ;
  INPUT ---        33 33 33 33 ;
  INPUT ---        33 33 33 ;
  INPUT ---        33 33 ;
  INPUT ---        33 ;

  INPUT ---    group=2 F    rows=6 cols=6 Triang ;
  INPUT ---        33 33 33 33 33 33 ;
  INPUT ---        33 33 33 33 33 ;
  INPUT ---        33 33 33 33 ;
  INPUT ---        33 33 33 ;
  INPUT ---        33 33 ;
  INPUT ---        33 ;

  INPUT ---    group=3 F    rows=6 cols=6 Triang ;
  INPUT ---        33 33 33 33 33 33 ;
  INPUT ---        33 33 33 33 33 ;
  INPUT ---        33 33 33 33 ;
  INPUT ---        33 33 33 ;

  Program  MARK  - Survival Rate Estimation with Capture-Recapture Data
   gfortran(Win64) Vers. 8.0 Jun 2014   25-Jan-2015 15:11:06    Page  006
 - - - - - - - - - - - - - - - - - - - - - - - - - - - - - - - - - - - - - -
 
  INPUT ---        33 33 ;
  INPUT ---        33 ;

  INPUT ---    group=4 F    rows=6 cols=6 Triang ;
  INPUT ---        33 33 33 33 33 33 ;
  INPUT ---        33 33 33 33 33 ;
  INPUT ---        33 33 33 33 ;
  INPUT ---        33 33 33 ;
  INPUT ---        33 33 ;
  INPUT ---        33 ;

  INPUT ---    group=5 F    rows=6 cols=6 Triang ;
  INPUT ---        33 33 33 33 33 33 ;
  INPUT ---        33 33 33 33 33 ;
  INPUT ---        33 33 33 33 ;
  INPUT ---        33 33 33 ;
  INPUT ---        33 33 ;
  INPUT ---        33 ;

  INPUT ---    group=6 F    rows=6 cols=6 Triang ;
  INPUT ---        33 33 33 33 33 33 ;
  INPUT ---        33 33 33 33 33 ;
  INPUT ---        33 33 33 33 ;
  INPUT ---        33 33 33 ;
  INPUT ---        33 33 ;
  INPUT ---        33 ;

  INPUT ---    design matrix constraints=33 covariates=18;
  INPUT ---        1 0 0 0 0 0 0 0 0 0 0 0 0 0 0 0 0 0;
  INPUT ---        1 1 0 0 0 0 0 1 0 0 0 0 0 0 0 0 0 0;
  INPUT ---        1 0 1 0 0 0 0 0 1 0 0 0 0 0 0 0 0 0;
  INPUT ---        1 0 0 1 0 0 0 0 0 1 0 0 0 0 0 0 0 0;
  INPUT ---        1 0 0 0 1 0 0 0 0 0 1 0 0 0 0 0 0 0;
  INPUT ---        1 0 0 0 0 1 0 0 0 0 0 1 0 0 0 0 0 0;
  INPUT ---        1 0 0 0 0 0 1 0 0 0 0 0 1 0 0 0 0 0;
  INPUT ---        1 0 0 0 0 0 0 1 0 0 0 0 0 0 0 0 0 0;
  INPUT ---        1 1 0 0 0 0 0 0 1 0 0 0 0 0 0 0 0 0;
  INPUT ---        1 0 1 0 0 0 0 0 0 1 0 0 0 0 0 0 0 0;
  INPUT ---        1 0 0 1 0 0 0 0 0 0 1 0 0 0 0 0 0 0;
  INPUT ---        1 0 0 0 1 0 0 0 0 0 0 1 0 0 0 0 0 0;
  INPUT ---        1 0 0 0 0 1 0 0 0 0 0 0 1 0 0 0 0 0;
  INPUT ---        1 0 0 0 0 0 0 0 1 0 0 0 0 0 0 0 0 0;
  INPUT ---        1 1 0 0 0 0 0 0 0 1 0 0 0 0 0 0 0 0;
  INPUT ---        1 0 1 0 0 0 0 0 0 0 1 0 0 0 0 0 0 0;
  INPUT ---        1 0 0 1 0 0 0 0 0 0 0 1 0 0 0 0 0 0;
  INPUT ---        1 0 0 0 1 0 0 0 0 0 0 0 1 0 0 0 0 0;

  Program  MARK  - Survival Rate Estimation with Capture-Recapture Data
   gfortran(Win64) Vers. 8.0 Jun 2014   25-Jan-2015 15:11:06    Page  007
 - - - - - - - - - - - - - - - - - - - - - - - - - - - - - - - - - - - - - -
 
  INPUT ---        1 0 0 0 0 0 0 0 0 1 0 0 0 0 0 0 0 0;
  INPUT ---        1 1 0 0 0 0 0 0 0 0 1 0 0 0 0 0 0 0;
  INPUT ---        1 0 1 0 0 0 0 0 0 0 0 1 0 0 0 0 0 0;
  INPUT ---        1 0 0 1 0 0 0 0 0 0 0 0 1 0 0 0 0 0;
  INPUT ---        1 0 0 0 0 0 0 0 0 0 1 0 0 0 0 0 0 0;
  INPUT ---        1 1 0 0 0 0 0 0 0 0 0 1 0 0 0 0 0 0;
  INPUT ---        1 0 1 0 0 0 0 0 0 0 0 0 1 0 0 0 0 0;
  INPUT ---        1 0 0 0 0 0 0 0 0 0 0 1 0 0 0 0 0 0;
  INPUT ---        1 1 0 0 0 0 0 0 0 0 0 0 1 0 0 0 0 0;
  INPUT ---        1 0 0 0 0 0 0 0 0 0 0 0 1 0 0 0 0 0;
  INPUT ---        0 0 0 0 0 0 0 0 0 0 0 0 0 1 0 0 0 0;
  INPUT ---        0 0 0 0 0 0 0 0 0 0 0 0 0 1 1 0 0 0;
  INPUT ---        0 0 0 0 0 0 0 0 0 0 0 0 0 0 0 1 0 0;
  INPUT ---        0 0 0 0 0 0 0 0 0 0 0 0 0 0 0 1 1 0;
  INPUT ---        0 0 0 0 0 0 0 0 0 0 0 0 0 0 0 0 0 1;

  INPUT ---    blabel(1)=S:(Intercept);

  INPUT ---    blabel(2)=S:age1;

  INPUT ---    blabel(3)=S:age2;

  INPUT ---    blabel(4)=S:age3;

  INPUT ---    blabel(5)=S:age4;

  INPUT ---    blabel(6)=S:age5;

  INPUT ---    blabel(7)=S:age6;

  INPUT ---    blabel(8)=S:time2006;

  INPUT ---    blabel(9)=S:time2007;

  INPUT ---    blabel(10)=S:time2008;

  INPUT ---    blabel(11)=S:time2009;

  INPUT ---    blabel(12)=S:time2010;

  INPUT ---    blabel(13)=S:time2011;

  INPUT ---    blabel(14)=p:(Intercept);

  INPUT ---    blabel(15)=p:sex5;


  Program  MARK  - Survival Rate Estimation with Capture-Recapture Data
   gfortran(Win64) Vers. 8.0 Jun 2014   25-Jan-2015 15:11:06    Page  008
 - - - - - - - - - - - - - - - - - - - - - - - - - - - - - - - - - - - - - -
 
  INPUT ---    blabel(16)=r:(Intercept);

  INPUT ---    blabel(17)=r:sex5;

  INPUT ---    blabel(18)=F:(Intercept);

  INPUT ---    rlabel(1)=S g41 c2005 c1 a0 t2005;

  INPUT ---    rlabel(2)=S g41 c2005 c1 a1 t2006;

  INPUT ---    rlabel(3)=S g41 c2005 c1 a2 t2007;

  INPUT ---    rlabel(4)=S g41 c2005 c1 a3 t2008;

  INPUT ---    rlabel(5)=S g41 c2005 c1 a4 t2009;

  INPUT ---    rlabel(6)=S g41 c2005 c1 a5 t2010;

  INPUT ---    rlabel(7)=S g41 c2005 c1 a6 t2011;

  INPUT ---    rlabel(8)=S g41 c2006 c2 a0 t2006;

  INPUT ---    rlabel(9)=S g41 c2006 c2 a1 t2007;

  INPUT ---    rlabel(10)=S g41 c2006 c2 a2 t2008;

  INPUT ---    rlabel(11)=S g41 c2006 c2 a3 t2009;

  INPUT ---    rlabel(12)=S g41 c2006 c2 a4 t2010;

  INPUT ---    rlabel(13)=S g41 c2006 c2 a5 t2011;

  INPUT ---    rlabel(14)=S g41 c2007 c3 a0 t2007;

  INPUT ---    rlabel(15)=S g41 c2007 c3 a1 t2008;

  INPUT ---    rlabel(16)=S g41 c2007 c3 a2 t2009;

  INPUT ---    rlabel(17)=S g41 c2007 c3 a3 t2010;

  INPUT ---    rlabel(18)=S g41 c2007 c3 a4 t2011;

  INPUT ---    rlabel(19)=S g41 c2008 c4 a0 t2008;

  INPUT ---    rlabel(20)=S g41 c2008 c4 a1 t2009;


  Program  MARK  - Survival Rate Estimation with Capture-Recapture Data
   gfortran(Win64) Vers. 8.0 Jun 2014   25-Jan-2015 15:11:06    Page  009
 - - - - - - - - - - - - - - - - - - - - - - - - - - - - - - - - - - - - - -
 
  INPUT ---    rlabel(21)=S g41 c2008 c4 a2 t2010;

  INPUT ---    rlabel(22)=S g41 c2008 c4 a3 t2011;

  INPUT ---    rlabel(23)=S g41 c2009 c5 a0 t2009;

  INPUT ---    rlabel(24)=S g41 c2009 c5 a1 t2010;

  INPUT ---    rlabel(25)=S g41 c2009 c5 a2 t2011;

  INPUT ---    rlabel(26)=S g41 c2010 c6 a0 t2010;

  INPUT ---    rlabel(27)=S g41 c2010 c6 a1 t2011;

  INPUT ---    rlabel(28)=S g41 c2011 c7 a0 t2011;

  INPUT ---    rlabel(29)=p g41 c2005 c1 a1 t2006;

  INPUT ---    rlabel(30)=p g51 c2005 c1 a1 t2006;

  INPUT ---    rlabel(31)=r g41 c2005 c1 a0 t2005;

  INPUT ---    rlabel(32)=r g51 c2005 c1 a0 t2005;

  INPUT ---    rlabel(33)=F g41 c2005 c1 a0 t2005;

 Link Function Used is LOGIT        

 Variance Estimation Procedure Used is 2ndPart 

 M(t+1):



 -2logL(saturated) = 1739.8188     
 Effective Sample Size = 7075

 Number of function evaluations was 77 for 18 parameters.
 Time for numerical optimization was 1.78 seconds.
 -2logL { S(~age + time)p(~sex)r(~sex)F(~1) } = 2577.3525     
 Penalty { S(~age + time)p(~sex)r(~sex)F(~1) } = -0.0000000    
 Gradient { S(~age + time)p(~sex)r(~sex)F(~1) }:
 -0.5087833E-04 0.3653315E-05  0.000000      0.000000      0.000000    
   0.000000      0.000000      0.000000    -0.2946496E-04  0.000000    
 -0.2604926E-05  0.000000     0.4029659E-05-0.1327654E-04-0.2647488E-04
 -0.4574661E-04-0.4443785E-04-0.2660899E-05

  Program  MARK  - Survival Rate Estimation with Capture-Recapture Data
   gfortran(Win64) Vers. 8.0 Jun 2014   25-Jan-2015 15:11:07    Page  010
 - - - - - - - - - - - - - - - - - - - - - - - - - - - - - - - - - - - - - -
 
 S Vector { S(~age + time)p(~sex)r(~sex)F(~1) }:
   378.2291      53.34875      16.00111      3.810019      2.297170    
  0.9735353     0.3874525     0.8845935E-01 0.7001356E-04 0.4850322E-05
  0.2714999E-05 0.4343792E-06 0.2253986E-06 0.2846145E-07 0.2132033E-07
  0.1983044E-07 0.2906678E-08 0.7029193E-09
 Time to compute number of parameters was 0.44 seconds.
   Threshold =  0.3800000E-06     Condition index =  0.1858448E-11     New Threshold =  0.2982234E-08
 New Guessimate of Estimated Parameters { S(~age + time)p(~sex)r(~sex)F(~1) } = 11          
 Conditioned S Vector { S(~age + time)p(~sex)r(~sex)F(~1) }:
   1.000000     0.1410488     0.4230534E-01 0.1007331E-01 0.6073486E-02
  0.2573930E-02 0.1024386E-02 0.2338777E-03 0.1851089E-06 0.1282377E-07
  0.7178186E-08 0.1148455E-08 0.5959312E-09 0.7524924E-10 0.5636883E-10
  0.5242970E-10 0.7684967E-11 0.1858448E-11
 Number of Estimated Parameters { S(~age + time)p(~sex)r(~sex)F(~1) } = 8          
 DEVIANCE { S(~age + time)p(~sex)r(~sex)F(~1) } = 837.53376                     
 DEVIANCE Degrees of Freedom { S(~age + time)p(~sex)r(~sex)F(~1) } = 7            
 c-hat { S(~age + time)p(~sex)r(~sex)F(~1) } = 119.64768                     
 AIC { S(~age + time)p(~sex)r(~sex)F(~1) } = 2593.3525                  
 AICc { S(~age + time)p(~sex)r(~sex)F(~1) } = 2593.3729                    
 BIC { S(~age + time)p(~sex)r(~sex)F(~1) } = 2648.2671                    
 Pearson Chisquare { S(~age + time)p(~sex)r(~sex)F(~1) } = Not a Number               
 Possible Encounter Histories { S(~age + time)p(~sex)r(~sex)F(~1) } = 896             
 Pearson Chisquare df { S(~age + time)p(~sex)r(~sex)F(~1) } = 852        
 Pearson chat { S(~age + time)p(~sex)r(~sex)F(~1) } = Not a Number               
 Sum(Observed/Expected) { S(~age + time)p(~sex)r(~sex)F(~1) } = Not a Number               
 Fletcher chat { S(~age + time)p(~sex)r(~sex)F(~1) } = Not a Number               


            LOGIT Link Function Parameters of { S(~age + time)p(~sex)r(~sex)F(~1) }
                                                              95% Confidence Interval
 Parameter                    Beta         Standard Error      Lower           Upper
 -------------------------  --------------  --------------  --------------  --------------
    1:S:(Intercept)         -0.7875885      1.5322237       -3.7907469      2.2155699     
    2:S:age1                48.790265       0.0000000       48.790265       48.790265     
    3:S:age2                4.8447673       118.97337       -228.34303      238.03257     
    4:S:age3                95.307200       333.48274       -558.31899      748.93339     
    5:S:age4                12.530330       0.0000000       12.530330       12.530330     
    6:S:age5                14.675209       0.0000000       14.675209       14.675209     
    7:S:age6                0.2049496       0.0000000       0.2049496       0.2049496     
    8:S:time2006            -28.632123      6101.6192       -11987.806      11930.542     
    9:S:time2007            0.5433488       2.2729627       -3.9116581      4.9983557     
   10:S:time2008            -47.320800      0.0000000       -47.320800      -47.320800    
   11:S:time2009            16.457198       1504.7793       -2932.9103      2965.8247     
   12:S:time2010            29.970177       0.0000000       29.970177       29.970177     
   13:S:time2011            -44.140198      0.0000000       -44.140198      -44.140198    
   14:p:(Intercept)         -5.8503878      0.4597697       -6.7515363      -4.9492392    
   15:p:sex5                -0.7176567      0.6140538       -1.9212022      0.4858887     
   16:r:(Intercept)         -2.9762276      0.0855027       -3.1438129      -2.8086423    
   17:r:sex5                0.0233333       0.1186974       -0.2093136      0.2559801     
   18:F:(Intercept)         16.090030       2312.6389       -4516.6823      4548.8623     


            Real Function Parameters of { S(~age + time)p(~sex)r(~sex)F(~1) }
                                                               95% Confidence Interval
  Parameter                  Estimate       Standard Error      Lower           Upper
 --------------------------  --------------  --------------  --------------  --------------
     1:S g41 c2005 c1 a0 t2  0.3126867       0.3292959       0.0220802       0.9016390                           
     2:S g41 c2005 c1 a1 t2  1.0000000       0.2355254E-004  0.9999538       1.0000462                           
     3:S g41 c2005 c1 a2 t2  0.9900534       1.1714930       0.5444532E-099  1.0000000                           
     4:S g41 c2005 c1 a3 t2  1.0000000       0.0000000       1.0000000       1.0000000                           
     5:S g41 c2005 c1 a4 t2  1.0000000       0.0000000       1.0000000       1.0000000                           
     6:S g41 c2005 c1 a5 t2  1.0000000       0.0000000       1.0000000       1.0000000                           

  Program  MARK  - Survival Rate Estimation with Capture-Recapture Data
   gfortran(Win64) Vers. 8.0 Jun 2014   25-Jan-2015 15:11:07    Page  011
 - - - - - - - - - - - - - - - - - - - - - - - - - - - - - - - - - - - - - -
 
     7:S g41 c2005 c1 a6 t2  0.3776756E-019  0.0000000       0.3776756E-019  0.3776756E-019                      
     8:S g41 c2006 c2 a0 t2  0.1671790E-012  0.1020065E-008  -.1999160E-008  0.1999494E-008                      
     9:S g41 c2006 c2 a1 t2  1.0000000       0.0000000       1.0000000       1.0000000                           
    10:S g41 c2006 c2 a2 t2  0.1624980E-018  0.0000000       0.1624980E-018  0.1624980E-018                      
    11:S g41 c2006 c2 a3 t2  1.0000000       0.0000000       1.0000000       1.0000000                           
    12:S g41 c2006 c2 a4 t2  1.0000000       0.0000000       1.0000000       1.0000000                           
    13:S g41 c2006 c2 a5 t2  0.7268966E-013  0.0000000       0.7268966E-013  0.7268966E-013                      
    14:S g41 c2007 c3 a0 t2  0.4392418       0.4714719       0.0180574       0.9709004                           
    15:S g41 c2007 c3 a1 t2  0.6641573       0.8087655       0.0016181       0.9995858                           
    16:S g41 c2007 c3 a2 t2  1.0000000       0.1864024E-005  0.9999963       1.0000037                           
    17:S g41 c2007 c3 a3 t2  1.0000000       0.0000000       1.0000000       1.0000000                           
    18:S g41 c2007 c3 a4 t2  0.8510667E-014  0.0000000       0.8510667E-014  0.8510667E-014                      
    19:S g41 c2008 c4 a0 t2  0.1278770E-020  0.0000000       0.1278770E-020  0.1278770E-020                      
    20:S g41 c2008 c4 a1 t2  1.0000000       0.0000000       1.0000000       1.0000000                           
    21:S g41 c2008 c4 a2 t2  1.0000000       0.0000000       1.0000000       1.0000000                           
    22:S g41 c2008 c4 a3 t2  1.0000000       0.0000000       1.0000000       1.0000000                           
    23:S g41 c2009 c5 a0 t2  0.9999998       0.2356344E-003  0.6296334E-297  1.0000000                           
    24:S g41 c2009 c5 a1 t2  1.0000000       0.0000000       1.0000000       1.0000000                           
    25:S g41 c2009 c5 a2 t2  0.3909904E-017  0.0000000       0.3909904E-017  0.3909904E-017                      
    26:S g41 c2010 c6 a0 t2  1.0000000       0.0000000       1.0000000       1.0000000                           
    27:S g41 c2010 c6 a1 t2  0.9794167       0.0206057       0.8651929       0.9971734                           
    28:S g41 c2011 c7 a0 t2  0.3076879E-019  0.0000000       0.3076879E-019  0.3076879E-019                      
    29:p g41 c2005 c1 a1 t2  0.0028705       0.0013160       0.0011677       0.0070389                           
    30:p g51 c2005 c1 a1 t2  0.0014026       0.8044483E-003  0.4554421E-003  0.0043108                           
    31:r g41 c2005 c1 a0 t2  0.0485115       0.0039466       0.0413358       0.0568589                           
    32:r g51 c2005 c1 a0 t2  0.0495999       0.0038875       0.0425119       0.0577984                           
    33:F g41 c2005 c1 a0 t2  0.9999999       0.2378463E-003  0.9586807E-297  1.0000000                           

 Attempted ordering of parameters by estimatibility:
  16 17 14  1 15 13  9 10  3  2  7 11 18  5  8  6 12  4
 Beta number 4 is a singular value.

     CPU Time in seconds for last procedure was 2.23

  Program  MARK  - Survival Rate Estimation with Capture-Recapture Data
   gfortran(Win64) Vers. 8.0 Jun 2014   25-Jan-2015 15:11:07    Page  012
 - - - - - - - - - - - - - - - - - - - - - - - - - - - - - - - - - - - - - -
 


  INPUT --- proc stop;

     CPU Time in minutes for this job was 0.04

     Time Start = 15:11:06.682   Time End = 15:11:07.208

     Wall Clock Time in minutes for this job was 0.01


          E X E C U T I O N   S U C C E S S F U L 
