
   Program  MARK  - Survival Rate Estimation with Capture-Recapture Data
   gfortran(Win64) Vers. 8.0 Jun 2014   25-Jan-2015 15:11:46    Page  001
 - - - - - - - - - - - - - - - - - - - - - - - - - - - - - - - - - - - - - -
 
   This version was compiled by GCC version 4.8.1 using the options 
   -m64 -mtune=generic -march=x86-64 -mthreads -O2 -fimplicit-none -fbounds-check -funroll-loops -ftree-vectorize -fopenmp.
   This problem will use 7 of 8 possible threads.


  INPUT --- proc title ;

     CPU Time in seconds for last procedure was 0.00


  INPUT --- proc chmatrix occasions= 7 groups= 6 etype= Both ICMeans 
  INPUT --- NoHist hist= 51 ;

  INPUT ---    time  interval 1 1 1 1 1 1 1 ;

  INPUT ---    glabel(1)=sex4.age1;

  INPUT ---    glabel(2)=sex5.age1;

  INPUT ---    glabel(3)=sex4.age2;

  INPUT ---    glabel(4)=sex5.age2;

  INPUT ---    glabel(5)=sex4.age4;

  INPUT ---    glabel(6)=sex5.age4;

   * *  WARNING  * *   At least a pair of the encounter histories are duplicates. 

      Number of unique encounter histories read was 17.

      Number of individual covariates read was 0.
      Time interval lengths are all equal to 1.

      Data type number is 3
      Data type is Joint Live and Dead Encounters (Burnham)                                                            

     CPU Time in seconds for last procedure was 0.00

  Program  MARK  - Survival Rate Estimation with Capture-Recapture Data
   gfortran(Win64) Vers. 8.0 Jun 2014   25-Jan-2015 15:11:46    Page  002
 - - - - - - - - - - - - - - - - - - - - - - - - - - - - - - - - - - - - - -
 


  INPUT --- proc estimate link=Logit NOLOOP varest=2ndPart    ;


  INPUT --- model={ S(~age)p(~age + sex)r(~age + sex)F(~1) };

  INPUT ---    group=1 S    rows=7 cols=7 Triang ;
  INPUT ---        1 2 3 4 5 6 7 ;
  INPUT ---        1 2 3 4 5 6 ;
  INPUT ---        1 2 3 4 5 ;
  INPUT ---        1 2 3 4 ;
  INPUT ---        1 2 3 ;
  INPUT ---        1 2 ;
  INPUT ---        1 ;

  INPUT ---    group=2 S    rows=7 cols=7 Triang ;
  INPUT ---        1 2 3 4 5 6 7 ;
  INPUT ---        1 2 3 4 5 6 ;
  INPUT ---        1 2 3 4 5 ;
  INPUT ---        1 2 3 4 ;
  INPUT ---        1 2 3 ;
  INPUT ---        1 2 ;
  INPUT ---        1 ;

  INPUT ---    group=3 S    rows=7 cols=7 Triang ;
  INPUT ---        1 2 3 4 5 6 7 ;
  INPUT ---        1 2 3 4 5 6 ;
  INPUT ---        1 2 3 4 5 ;
  INPUT ---        1 2 3 4 ;
  INPUT ---        1 2 3 ;
  INPUT ---        1 2 ;
  INPUT ---        1 ;

  INPUT ---    group=4 S    rows=7 cols=7 Triang ;
  INPUT ---        1 2 3 4 5 6 7 ;
  INPUT ---        1 2 3 4 5 6 ;
  INPUT ---        1 2 3 4 5 ;
  INPUT ---        1 2 3 4 ;
  INPUT ---        1 2 3 ;
  INPUT ---        1 2 ;
  INPUT ---        1 ;

  INPUT ---    group=5 S    rows=7 cols=7 Triang ;
  INPUT ---        1 2 3 4 5 6 7 ;
  INPUT ---        1 2 3 4 5 6 ;

  Program  MARK  - Survival Rate Estimation with Capture-Recapture Data
   gfortran(Win64) Vers. 8.0 Jun 2014   25-Jan-2015 15:11:46    Page  003
 - - - - - - - - - - - - - - - - - - - - - - - - - - - - - - - - - - - - - -
 
  INPUT ---        1 2 3 4 5 ;
  INPUT ---        1 2 3 4 ;
  INPUT ---        1 2 3 ;
  INPUT ---        1 2 ;
  INPUT ---        1 ;

  INPUT ---    group=6 S    rows=7 cols=7 Triang ;
  INPUT ---        1 2 3 4 5 6 7 ;
  INPUT ---        1 2 3 4 5 6 ;
  INPUT ---        1 2 3 4 5 ;
  INPUT ---        1 2 3 4 ;
  INPUT ---        1 2 3 ;
  INPUT ---        1 2 ;
  INPUT ---        1 ;

  INPUT ---    group=1 p    rows=6 cols=6 Triang ;
  INPUT ---        8 9 10 11 12 13 ;
  INPUT ---        8 9 10 11 12 ;
  INPUT ---        8 9 10 11 ;
  INPUT ---        8 9 10 ;
  INPUT ---        8 9 ;
  INPUT ---        8 ;

  INPUT ---    group=2 p    rows=6 cols=6 Triang ;
  INPUT ---        14 15 16 17 18 19 ;
  INPUT ---        14 15 16 17 18 ;
  INPUT ---        14 15 16 17 ;
  INPUT ---        14 15 16 ;
  INPUT ---        14 15 ;
  INPUT ---        14 ;

  INPUT ---    group=3 p    rows=6 cols=6 Triang ;
  INPUT ---        8 9 10 11 12 13 ;
  INPUT ---        8 9 10 11 12 ;
  INPUT ---        8 9 10 11 ;
  INPUT ---        8 9 10 ;
  INPUT ---        8 9 ;
  INPUT ---        8 ;

  INPUT ---    group=4 p    rows=6 cols=6 Triang ;
  INPUT ---        14 15 16 17 18 19 ;
  INPUT ---        14 15 16 17 18 ;
  INPUT ---        14 15 16 17 ;
  INPUT ---        14 15 16 ;
  INPUT ---        14 15 ;
  INPUT ---        14 ;

  Program  MARK  - Survival Rate Estimation with Capture-Recapture Data
   gfortran(Win64) Vers. 8.0 Jun 2014   25-Jan-2015 15:11:46    Page  004
 - - - - - - - - - - - - - - - - - - - - - - - - - - - - - - - - - - - - - -
 

  INPUT ---    group=5 p    rows=6 cols=6 Triang ;
  INPUT ---        8 9 10 11 12 13 ;
  INPUT ---        8 9 10 11 12 ;
  INPUT ---        8 9 10 11 ;
  INPUT ---        8 9 10 ;
  INPUT ---        8 9 ;
  INPUT ---        8 ;

  INPUT ---    group=6 p    rows=6 cols=6 Triang ;
  INPUT ---        14 15 16 17 18 19 ;
  INPUT ---        14 15 16 17 18 ;
  INPUT ---        14 15 16 17 ;
  INPUT ---        14 15 16 ;
  INPUT ---        14 15 ;
  INPUT ---        14 ;

  INPUT ---    group=1 r    rows=7 cols=7 Triang ;
  INPUT ---        20 21 22 23 24 25 26 ;
  INPUT ---        20 21 22 23 24 25 ;
  INPUT ---        20 21 22 23 24 ;
  INPUT ---        20 21 22 23 ;
  INPUT ---        20 21 22 ;
  INPUT ---        20 21 ;
  INPUT ---        20 ;

  INPUT ---    group=2 r    rows=7 cols=7 Triang ;
  INPUT ---        27 28 29 30 31 32 33 ;
  INPUT ---        27 28 29 30 31 32 ;
  INPUT ---        27 28 29 30 31 ;
  INPUT ---        27 28 29 30 ;
  INPUT ---        27 28 29 ;
  INPUT ---        27 28 ;
  INPUT ---        27 ;

  INPUT ---    group=3 r    rows=7 cols=7 Triang ;
  INPUT ---        20 21 22 23 24 25 26 ;
  INPUT ---        20 21 22 23 24 25 ;
  INPUT ---        20 21 22 23 24 ;
  INPUT ---        20 21 22 23 ;
  INPUT ---        20 21 22 ;
  INPUT ---        20 21 ;
  INPUT ---        20 ;

  INPUT ---    group=4 r    rows=7 cols=7 Triang ;
  INPUT ---        27 28 29 30 31 32 33 ;

  Program  MARK  - Survival Rate Estimation with Capture-Recapture Data
   gfortran(Win64) Vers. 8.0 Jun 2014   25-Jan-2015 15:11:46    Page  005
 - - - - - - - - - - - - - - - - - - - - - - - - - - - - - - - - - - - - - -
 
  INPUT ---        27 28 29 30 31 32 ;
  INPUT ---        27 28 29 30 31 ;
  INPUT ---        27 28 29 30 ;
  INPUT ---        27 28 29 ;
  INPUT ---        27 28 ;
  INPUT ---        27 ;

  INPUT ---    group=5 r    rows=7 cols=7 Triang ;
  INPUT ---        20 21 22 23 24 25 26 ;
  INPUT ---        20 21 22 23 24 25 ;
  INPUT ---        20 21 22 23 24 ;
  INPUT ---        20 21 22 23 ;
  INPUT ---        20 21 22 ;
  INPUT ---        20 21 ;
  INPUT ---        20 ;

  INPUT ---    group=6 r    rows=7 cols=7 Triang ;
  INPUT ---        27 28 29 30 31 32 33 ;
  INPUT ---        27 28 29 30 31 32 ;
  INPUT ---        27 28 29 30 31 ;
  INPUT ---        27 28 29 30 ;
  INPUT ---        27 28 29 ;
  INPUT ---        27 28 ;
  INPUT ---        27 ;

  INPUT ---    group=1 F    rows=6 cols=6 Triang ;
  INPUT ---        34 34 34 34 34 34 ;
  INPUT ---        34 34 34 34 34 ;
  INPUT ---        34 34 34 34 ;
  INPUT ---        34 34 34 ;
  INPUT ---        34 34 ;
  INPUT ---        34 ;

  INPUT ---    group=2 F    rows=6 cols=6 Triang ;
  INPUT ---        34 34 34 34 34 34 ;
  INPUT ---        34 34 34 34 34 ;
  INPUT ---        34 34 34 34 ;
  INPUT ---        34 34 34 ;
  INPUT ---        34 34 ;
  INPUT ---        34 ;

  INPUT ---    group=3 F    rows=6 cols=6 Triang ;
  INPUT ---        34 34 34 34 34 34 ;
  INPUT ---        34 34 34 34 34 ;
  INPUT ---        34 34 34 34 ;
  INPUT ---        34 34 34 ;

  Program  MARK  - Survival Rate Estimation with Capture-Recapture Data
   gfortran(Win64) Vers. 8.0 Jun 2014   25-Jan-2015 15:11:46    Page  006
 - - - - - - - - - - - - - - - - - - - - - - - - - - - - - - - - - - - - - -
 
  INPUT ---        34 34 ;
  INPUT ---        34 ;

  INPUT ---    group=4 F    rows=6 cols=6 Triang ;
  INPUT ---        34 34 34 34 34 34 ;
  INPUT ---        34 34 34 34 34 ;
  INPUT ---        34 34 34 34 ;
  INPUT ---        34 34 34 ;
  INPUT ---        34 34 ;
  INPUT ---        34 ;

  INPUT ---    group=5 F    rows=6 cols=6 Triang ;
  INPUT ---        34 34 34 34 34 34 ;
  INPUT ---        34 34 34 34 34 ;
  INPUT ---        34 34 34 34 ;
  INPUT ---        34 34 34 ;
  INPUT ---        34 34 ;
  INPUT ---        34 ;

  INPUT ---    group=6 F    rows=6 cols=6 Triang ;
  INPUT ---        34 34 34 34 34 34 ;
  INPUT ---        34 34 34 34 34 ;
  INPUT ---        34 34 34 34 ;
  INPUT ---        34 34 34 ;
  INPUT ---        34 34 ;
  INPUT ---        34 ;

  INPUT ---    design matrix constraints=34 covariates=23;
  INPUT ---        1 0 0 0 0 0 0 0 0 0 0 0 0 0 0 0 0 0 0 0 0 0 0;
  INPUT ---        1 1 0 0 0 0 0 0 0 0 0 0 0 0 0 0 0 0 0 0 0 0 0;
  INPUT ---        1 0 1 0 0 0 0 0 0 0 0 0 0 0 0 0 0 0 0 0 0 0 0;
  INPUT ---        1 0 0 1 0 0 0 0 0 0 0 0 0 0 0 0 0 0 0 0 0 0 0;
  INPUT ---        1 0 0 0 1 0 0 0 0 0 0 0 0 0 0 0 0 0 0 0 0 0 0;
  INPUT ---        1 0 0 0 0 1 0 0 0 0 0 0 0 0 0 0 0 0 0 0 0 0 0;
  INPUT ---        1 0 0 0 0 0 1 0 0 0 0 0 0 0 0 0 0 0 0 0 0 0 0;
  INPUT ---        0 0 0 0 0 0 0 1 0 0 0 0 0 0 0 0 0 0 0 0 0 0 0;
  INPUT ---        0 0 0 0 0 0 0 1 1 0 0 0 0 0 0 0 0 0 0 0 0 0 0;
  INPUT ---        0 0 0 0 0 0 0 1 0 1 0 0 0 0 0 0 0 0 0 0 0 0 0;
  INPUT ---        0 0 0 0 0 0 0 1 0 0 1 0 0 0 0 0 0 0 0 0 0 0 0;
  INPUT ---        0 0 0 0 0 0 0 1 0 0 0 1 0 0 0 0 0 0 0 0 0 0 0;
  INPUT ---        0 0 0 0 0 0 0 1 0 0 0 0 1 0 0 0 0 0 0 0 0 0 0;
  INPUT ---        0 0 0 0 0 0 0 1 0 0 0 0 0 1 0 0 0 0 0 0 0 0 0;
  INPUT ---        0 0 0 0 0 0 0 1 1 0 0 0 0 1 0 0 0 0 0 0 0 0 0;
  INPUT ---        0 0 0 0 0 0 0 1 0 1 0 0 0 1 0 0 0 0 0 0 0 0 0;
  INPUT ---        0 0 0 0 0 0 0 1 0 0 1 0 0 1 0 0 0 0 0 0 0 0 0;
  INPUT ---        0 0 0 0 0 0 0 1 0 0 0 1 0 1 0 0 0 0 0 0 0 0 0;

  Program  MARK  - Survival Rate Estimation with Capture-Recapture Data
   gfortran(Win64) Vers. 8.0 Jun 2014   25-Jan-2015 15:11:46    Page  007
 - - - - - - - - - - - - - - - - - - - - - - - - - - - - - - - - - - - - - -
 
  INPUT ---        0 0 0 0 0 0 0 1 0 0 0 0 1 1 0 0 0 0 0 0 0 0 0;
  INPUT ---        0 0 0 0 0 0 0 0 0 0 0 0 0 0 1 0 0 0 0 0 0 0 0;
  INPUT ---        0 0 0 0 0 0 0 0 0 0 0 0 0 0 1 1 0 0 0 0 0 0 0;
  INPUT ---        0 0 0 0 0 0 0 0 0 0 0 0 0 0 1 0 1 0 0 0 0 0 0;
  INPUT ---        0 0 0 0 0 0 0 0 0 0 0 0 0 0 1 0 0 1 0 0 0 0 0;
  INPUT ---        0 0 0 0 0 0 0 0 0 0 0 0 0 0 1 0 0 0 1 0 0 0 0;
  INPUT ---        0 0 0 0 0 0 0 0 0 0 0 0 0 0 1 0 0 0 0 1 0 0 0;
  INPUT ---        0 0 0 0 0 0 0 0 0 0 0 0 0 0 1 0 0 0 0 0 1 0 0;
  INPUT ---        0 0 0 0 0 0 0 0 0 0 0 0 0 0 1 0 0 0 0 0 0 1 0;
  INPUT ---        0 0 0 0 0 0 0 0 0 0 0 0 0 0 1 1 0 0 0 0 0 1 0;
  INPUT ---        0 0 0 0 0 0 0 0 0 0 0 0 0 0 1 0 1 0 0 0 0 1 0;
  INPUT ---        0 0 0 0 0 0 0 0 0 0 0 0 0 0 1 0 0 1 0 0 0 1 0;
  INPUT ---        0 0 0 0 0 0 0 0 0 0 0 0 0 0 1 0 0 0 1 0 0 1 0;
  INPUT ---        0 0 0 0 0 0 0 0 0 0 0 0 0 0 1 0 0 0 0 1 0 1 0;
  INPUT ---        0 0 0 0 0 0 0 0 0 0 0 0 0 0 1 0 0 0 0 0 1 1 0;
  INPUT ---        0 0 0 0 0 0 0 0 0 0 0 0 0 0 0 0 0 0 0 0 0 0 1;

  INPUT ---    blabel(1)=S:(Intercept);

  INPUT ---    blabel(2)=S:age1;

  INPUT ---    blabel(3)=S:age2;

  INPUT ---    blabel(4)=S:age3;

  INPUT ---    blabel(5)=S:age4;

  INPUT ---    blabel(6)=S:age5;

  INPUT ---    blabel(7)=S:age6;

  INPUT ---    blabel(8)=p:(Intercept);

  INPUT ---    blabel(9)=p:age2;

  INPUT ---    blabel(10)=p:age3;

  INPUT ---    blabel(11)=p:age4;

  INPUT ---    blabel(12)=p:age5;

  INPUT ---    blabel(13)=p:age6;

  INPUT ---    blabel(14)=p:sex5;

  INPUT ---    blabel(15)=r:(Intercept);

  Program  MARK  - Survival Rate Estimation with Capture-Recapture Data
   gfortran(Win64) Vers. 8.0 Jun 2014   25-Jan-2015 15:11:46    Page  008
 - - - - - - - - - - - - - - - - - - - - - - - - - - - - - - - - - - - - - -
 

  INPUT ---    blabel(16)=r:age1;

  INPUT ---    blabel(17)=r:age2;

  INPUT ---    blabel(18)=r:age3;

  INPUT ---    blabel(19)=r:age4;

  INPUT ---    blabel(20)=r:age5;

  INPUT ---    blabel(21)=r:age6;

  INPUT ---    blabel(22)=r:sex5;

  INPUT ---    blabel(23)=F:(Intercept);

  INPUT ---    rlabel(1)=S g41 c2005 c1 a0 t2005;

  INPUT ---    rlabel(2)=S g41 c2005 c1 a1 t2006;

  INPUT ---    rlabel(3)=S g41 c2005 c1 a2 t2007;

  INPUT ---    rlabel(4)=S g41 c2005 c1 a3 t2008;

  INPUT ---    rlabel(5)=S g41 c2005 c1 a4 t2009;

  INPUT ---    rlabel(6)=S g41 c2005 c1 a5 t2010;

  INPUT ---    rlabel(7)=S g41 c2005 c1 a6 t2011;

  INPUT ---    rlabel(8)=p g41 c2005 c1 a1 t2006;

  INPUT ---    rlabel(9)=p g41 c2005 c1 a2 t2007;

  INPUT ---    rlabel(10)=p g41 c2005 c1 a3 t2008;

  INPUT ---    rlabel(11)=p g41 c2005 c1 a4 t2009;

  INPUT ---    rlabel(12)=p g41 c2005 c1 a5 t2010;

  INPUT ---    rlabel(13)=p g41 c2005 c1 a6 t2011;

  INPUT ---    rlabel(14)=p g51 c2005 c1 a1 t2006;

  INPUT ---    rlabel(15)=p g51 c2005 c1 a2 t2007;

  Program  MARK  - Survival Rate Estimation with Capture-Recapture Data
   gfortran(Win64) Vers. 8.0 Jun 2014   25-Jan-2015 15:11:46    Page  009
 - - - - - - - - - - - - - - - - - - - - - - - - - - - - - - - - - - - - - -
 

  INPUT ---    rlabel(16)=p g51 c2005 c1 a3 t2008;

  INPUT ---    rlabel(17)=p g51 c2005 c1 a4 t2009;

  INPUT ---    rlabel(18)=p g51 c2005 c1 a5 t2010;

  INPUT ---    rlabel(19)=p g51 c2005 c1 a6 t2011;

  INPUT ---    rlabel(20)=r g41 c2005 c1 a0 t2005;

  INPUT ---    rlabel(21)=r g41 c2005 c1 a1 t2006;

  INPUT ---    rlabel(22)=r g41 c2005 c1 a2 t2007;

  INPUT ---    rlabel(23)=r g41 c2005 c1 a3 t2008;

  INPUT ---    rlabel(24)=r g41 c2005 c1 a4 t2009;

  INPUT ---    rlabel(25)=r g41 c2005 c1 a5 t2010;

  INPUT ---    rlabel(26)=r g41 c2005 c1 a6 t2011;

  INPUT ---    rlabel(27)=r g51 c2005 c1 a0 t2005;

  INPUT ---    rlabel(28)=r g51 c2005 c1 a1 t2006;

  INPUT ---    rlabel(29)=r g51 c2005 c1 a2 t2007;

  INPUT ---    rlabel(30)=r g51 c2005 c1 a3 t2008;

  INPUT ---    rlabel(31)=r g51 c2005 c1 a4 t2009;

  INPUT ---    rlabel(32)=r g51 c2005 c1 a5 t2010;

  INPUT ---    rlabel(33)=r g51 c2005 c1 a6 t2011;

  INPUT ---    rlabel(34)=F g41 c2005 c1 a0 t2005;

 Link Function Used is LOGIT        

 Variance Estimation Procedure Used is 2ndPart 

 M(t+1):




  Program  MARK  - Survival Rate Estimation with Capture-Recapture Data
   gfortran(Win64) Vers. 8.0 Jun 2014   25-Jan-2015 15:11:46    Page  010
 - - - - - - - - - - - - - - - - - - - - - - - - - - - - - - - - - - - - - -
 
 -2logL(saturated) = 1739.8188     
 Effective Sample Size = 7075

 Number of function evaluations was 401 for 23 parameters.
 Time for numerical optimization was 8.22 seconds.
 -2logL { S(~age)p(~age + sex)r(~age + sex)F(~1) } = 2680.5397     
 Penalty { S(~age)p(~age + sex)r(~age + sex)F(~1) } = -0.0000000    
 Gradient { S(~age)p(~age + sex)r(~age + sex)F(~1) }:
  0.3492789E-02-0.7652631E-04  0.000000     0.3958494E-04-0.7580048E-06
   0.000000      0.000000     0.5571148E-04-0.2394934E-04 0.1348229E-03
  0.5858407E-04  0.000000      0.000000     0.1818989E-03-0.4637268E-03
 -0.1495525E-05  0.000000      0.000000    -0.4425494E-04-0.3245347E-04
 -0.5200803E-06 0.2914381E-03-0.5204203E-06
 S Vector { S(~age)p(~age + sex)r(~age + sex)F(~1) }:
   289.3040      11.27468      3.162318      1.862460      1.520359    
   1.001726     0.8051467     0.3719538     0.2881612     0.7465661E-04
  0.3474253E-04 0.8860492E-05 0.8737422E-06 0.1337929E-06 0.8755898E-07
  0.3875089E-07 0.1947081E-07 0.9000411E-08 0.5824236E-08 0.2409926E-08
  0.1768701E-08 0.1022033E-08 0.2319632E-09
 Time to compute number of parameters was 0.83 seconds.
   Threshold =  0.4800000E-06     Condition index =  0.8017972E-12     New Threshold =  0.1112456E-08
 New Guessimate of Estimated Parameters { S(~age)p(~age + sex)r(~age + sex)F(~1) } = 13          
 Conditioned S Vector { S(~age)p(~age + sex)r(~age + sex)F(~1) }:
   1.000000     0.3897173E-01 0.1093078E-01 0.6437725E-02 0.5255231E-02
  0.3462538E-02 0.2783047E-02 0.1285685E-02 0.9960499E-03 0.2580559E-06
  0.1200900E-06 0.3062692E-07 0.3020152E-08 0.4624647E-09 0.3026539E-09
  0.1339452E-09 0.6730224E-10 0.3111056E-10 0.2013189E-10 0.8330083E-11
  0.6113642E-11 0.3532729E-11 0.8017972E-12
 Number of Estimated Parameters { S(~age)p(~age + sex)r(~age + sex)F(~1) } = 9          
 DEVIANCE { S(~age)p(~age + sex)r(~age + sex)F(~1) } = 940.72095                     
 DEVIANCE Degrees of Freedom { S(~age)p(~age + sex)r(~age + sex)F(~1) } = 6            
 c-hat { S(~age)p(~age + sex)r(~age + sex)F(~1) } = 156.78683                     
 AIC { S(~age)p(~age + sex)r(~age + sex)F(~1) } = 2698.5397                  
 AICc { S(~age)p(~age + sex)r(~age + sex)F(~1) } = 2698.5652                    
 BIC { S(~age)p(~age + sex)r(~age + sex)F(~1) } = 2760.3186                    
 Pearson Chisquare { S(~age)p(~age + sex)r(~age + sex)F(~1) } = Not a Number               
 Possible Encounter Histories { S(~age)p(~age + sex)r(~age + sex)F(~1) } = 896             
 Pearson Chisquare df { S(~age)p(~age + sex)r(~age + sex)F(~1) } = 851        
 Pearson chat { S(~age)p(~age + sex)r(~age + sex)F(~1) } = Not a Number               
 Sum(Observed/Expected) { S(~age)p(~age + sex)r(~age + sex)F(~1) } = Not a Number               
 Fletcher chat { S(~age)p(~age + sex)r(~age + sex)F(~1) } = Not a Number               


          LOGIT Link Function Parameters of { S(~age)p(~age + sex)r(~age + sex)F(~1) }
                                                              95% Confidence Interval
 Parameter                    Beta         Standard Error      Lower           Upper
 -------------------------  --------------  --------------  --------------  --------------
    1:S:(Intercept)         3.0490968       8.8195654       -14.237252      20.335445     
    2:S:age1                5.5366028       8.4795252       -11.083267      22.156473     
    3:S:age2                29.985868       0.0000000       29.985868       29.985868     
    4:S:age3                -9.3390997      9.2453963       -27.460077      8.7818774     
    5:S:age4                58.992673       0.0000000       58.992673       58.992673     
    6:S:age5                74.585545       0.0000000       74.585545       74.585545     
    7:S:age6                -2.0185809      784.86531       -1540.3546      1536.3175     
    8:p:(Intercept)         -6.3462889      0.5980602       -7.5184869      -5.1740909    
    9:p:age2                -0.8987885      0.8168362       -2.4997874      0.7022104     
   10:p:age3                -1.3610457      1.0803886       -3.4786074      0.7565160     
   11:p:age4                6.7623033       1.6043998       3.6176797       9.9069269     
   12:p:age5                -22.284711      0.0000000       -22.284711      -22.284711    
   13:p:age6                117.15712       0.0000000       117.15712       117.15712     
   14:p:sex5                -1.2500002      0.7764452       -2.7718329      0.2718324     
   15:r:(Intercept)         2.4322272       104.25054       -201.89884      206.76329     

  Program  MARK  - Survival Rate Estimation with Capture-Recapture Data
   gfortran(Win64) Vers. 8.0 Jun 2014   25-Jan-2015 15:11:49    Page  011
 - - - - - - - - - - - - - - - - - - - - - - - - - - - - - - - - - - - - - -
 
   16:r:age1                29.407209       0.0000000       29.407209       29.407209     
   17:r:age2                -181.94485      0.0000000       -181.94485      -181.94485    
   18:r:age3                -214.25844      0.0000000       -214.25844      -214.25844    
   19:r:age4                -0.0275630      264.67919       -518.79878      518.74366     
   20:r:age5                0.4012288       0.0000000       0.4012288       0.4012288     
   21:r:age6                -86.437915      0.0000000       -86.437915      -86.437915    
   22:r:sex5                0.4043211       47.865801       -93.412650      94.221292     
   23:F:(Intercept)         86.380783       0.0000000       86.380783       86.380783     


          Real Function Parameters of { S(~age)p(~age + sex)r(~age + sex)F(~1) }
                                                               95% Confidence Interval
  Parameter                  Estimate       Standard Error      Lower           Upper
 --------------------------  --------------  --------------  --------------  --------------
     1:S g41 c2005 c1 a0 t2  0.9547435       0.3810787       0.6559033E-006  1.0000000                           
     2:S g41 c2005 c1 a1 t2  0.9998133       0.2010282E-003  0.9984611       0.9999774                           
     3:S g41 c2005 c1 a2 t2  1.0000000       0.0000000       1.0000000       1.0000000                           
     4:S g41 c2005 c1 a3 t2  0.0018513       0.0014778       0.3867015E-003  0.0088142                           
     5:S g41 c2005 c1 a4 t2  1.0000000       0.0000000       1.0000000       1.0000000                           
     6:S g41 c2005 c1 a5 t2  1.0000000       0.0000000       1.0000000       1.0000000                           
     7:S g41 c2005 c1 a6 t2  0.7370159       152.13942       0.2763185E-303  1.0000000                           
     8:p g41 c2005 c1 a1 t2  0.0017502       0.0010449       0.5426589E-003  0.0056295                           
     9:p g41 c2005 c1 a2 t2  0.7131700E-003  0.5921166E-003  0.1400251E-003  0.0036238                           
    10:p g41 c2005 c1 a3 t2  0.4493161E-003  0.4898939E-003  0.5299270E-004  0.0037984                           
    11:p g41 c2005 c1 a4 t2  0.6025291       0.3762866       0.0651578       0.9705622                           
    12:p g41 c2005 c1 a5 t2  0.3678871E-012  0.0000000       0.3678871E-012  0.3678871E-012                      
    13:p g41 c2005 c1 a6 t2  1.0000000       0.0000000       1.0000000       1.0000000                           
    14:p g51 c2005 c1 a1 t2  0.5020598E-003  0.4159517E-003  0.9893525E-004  0.0025436                           
    15:p g51 c2005 c1 a2 t2  0.2044306E-003  0.2066532E-003  0.2818218E-004  0.0014813                           
    16:p g51 c2005 c1 a3 t2  0.1287725E-003  0.1589959E-003  0.1144820E-004  0.0014467                           
    17:p g51 c2005 c1 a4 t2  0.3028030       0.2956711       0.0271453       0.8711380                           
    18:p g51 c2005 c1 a5 t2  0.1054014E-012  0.0000000       0.1054014E-012  0.1054014E-012                      
    19:p g51 c2005 c1 a6 t2  1.0000000       0.0000000       1.0000000       1.0000000                           
    20:r g41 c2005 c1 a0 t2  0.9192520       7.7382832       0.2072285E-087  1.0000000                           
    21:r g41 c2005 c1 a1 t2  1.0000000       0.0000000       1.0000000       1.0000000                           
    22:r g41 c2005 c1 a2 t2  0.1093094E-077  0.4455246E-076  -.8622972E-076  0.8841591E-076                      
    23:r g41 c2005 c1 a3 t2  0.1011682E-091  0.0000000       0.1011682E-091  0.1011682E-091                      
    24:r g41 c2005 c1 a4 t2  0.9171823       21.607820       0.7962195E-241  1.0000000                           
    25:r g41 c2005 c1 a5 t2  0.9444572       0.0000000       0.9444572       0.9444572                           
    26:r g41 c2005 c1 a6 t2  0.3286953E-036  0.0000000       0.3286953E-036  0.3286953E-036                      
    27:r g51 c2005 c1 a0 t2  0.9446192       7.9562086       0.5935577E-128  1.0000000                           
    28:r g51 c2005 c1 a1 t2  1.0000000       0.0000000       1.0000000       1.0000000                           
    29:r g51 c2005 c1 a2 t2  0.1637767E-077  0.1934942E-075  -.3776109E-075  0.3808865E-075                      
    30:r g51 c2005 c1 a3 t2  0.1515789E-091  0.8416130E-090  -.1634404E-089  0.1664719E-089                      
    31:r g51 c2005 c1 a4 t2  0.9431595       16.364819       0.2391146E-258  1.0000000                           
    32:r g51 c2005 c1 a5 t2  0.9622314       0.0000000       0.9622314       0.9622314                           

  Program  MARK  - Survival Rate Estimation with Capture-Recapture Data
   gfortran(Win64) Vers. 8.0 Jun 2014   25-Jan-2015 15:11:49    Page  012
 - - - - - - - - - - - - - - - - - - - - - - - - - - - - - - - - - - - - - -
 
    33:r g51 c2005 c1 a6 t2  0.4924793E-036  0.5139702E-034  -.1002457E-033  0.1012306E-033                      
    34:F g41 c2005 c1 a0 t2  1.0000000       0.0000000       1.0000000       1.0000000                           

 Attempted ordering of parameters by estimatibility:
   1  8  4 14  9  2 10 11 22 15 20 19  7 12 16  3  5 21 23 13  6 18 17
 Beta number 17 is a singular value.

     CPU Time in seconds for last procedure was 9.06


  INPUT --- proc stop;

     CPU Time in minutes for this job was 0.15

     Time Start = 15:11:46.914   Time End = 15:11:49.031

     Wall Clock Time in minutes for this job was 0.04


          E X E C U T I O N   S U C C E S S F U L 
