
   Program  MARK  - Survival Rate Estimation with Capture-Recapture Data
   gfortran(Win64) Vers. 8.0 Jun 2014   31-Jan-2015 13:37:48    Page  001
 - - - - - - - - - - - - - - - - - - - - - - - - - - - - - - - - - - - - - -
 
   This version was compiled by GCC version 4.8.1 using the options 
   -m64 -mtune=generic -march=x86-64 -mthreads -O2 -fimplicit-none -fbounds-check -funroll-loops -ftree-vectorize -fopenmp.
   This problem will use 7 of 8 possible threads.


  INPUT --- proc title ;

     CPU Time in seconds for last procedure was 0.00


  INPUT --- proc chmatrix occasions= 7 groups= 6 etype= Both ICMeans 
  INPUT --- NoHist hist= 51 ;

  INPUT ---    time  interval 1 1 1 1 1 1 1 ;

  INPUT ---    glabel(1)=sex4.age1;

  INPUT ---    glabel(2)=sex5.age1;

  INPUT ---    glabel(3)=sex4.age2;

  INPUT ---    glabel(4)=sex5.age2;

  INPUT ---    glabel(5)=sex4.age4;

  INPUT ---    glabel(6)=sex5.age4;

   * *  WARNING  * *   At least a pair of the encounter histories are duplicates. 

      Number of unique encounter histories read was 17.

      Number of individual covariates read was 0.
      Time interval lengths are all equal to 1.

      Data type number is 3
      Data type is Joint Live and Dead Encounters (Burnham)                                                            

     CPU Time in seconds for last procedure was 0.00

  Program  MARK  - Survival Rate Estimation with Capture-Recapture Data
   gfortran(Win64) Vers. 8.0 Jun 2014   31-Jan-2015 13:37:48    Page  002
 - - - - - - - - - - - - - - - - - - - - - - - - - - - - - - - - - - - - - -
 


  INPUT --- proc estimate link=Logit NOLOOP varest=2ndPart    ;


  INPUT --- model={ S(~1)p(~sex)r(~1)F(~age) };

  INPUT ---    group=1 S    rows=7 cols=7 Triang ;
  INPUT ---        1 1 1 1 1 1 1 ;
  INPUT ---        1 1 1 1 1 1 ;
  INPUT ---        1 1 1 1 1 ;
  INPUT ---        1 1 1 1 ;
  INPUT ---        1 1 1 ;
  INPUT ---        1 1 ;
  INPUT ---        1 ;

  INPUT ---    group=2 S    rows=7 cols=7 Triang ;
  INPUT ---        1 1 1 1 1 1 1 ;
  INPUT ---        1 1 1 1 1 1 ;
  INPUT ---        1 1 1 1 1 ;
  INPUT ---        1 1 1 1 ;
  INPUT ---        1 1 1 ;
  INPUT ---        1 1 ;
  INPUT ---        1 ;

  INPUT ---    group=3 S    rows=7 cols=7 Triang ;
  INPUT ---        1 1 1 1 1 1 1 ;
  INPUT ---        1 1 1 1 1 1 ;
  INPUT ---        1 1 1 1 1 ;
  INPUT ---        1 1 1 1 ;
  INPUT ---        1 1 1 ;
  INPUT ---        1 1 ;
  INPUT ---        1 ;

  INPUT ---    group=4 S    rows=7 cols=7 Triang ;
  INPUT ---        1 1 1 1 1 1 1 ;
  INPUT ---        1 1 1 1 1 1 ;
  INPUT ---        1 1 1 1 1 ;
  INPUT ---        1 1 1 1 ;
  INPUT ---        1 1 1 ;
  INPUT ---        1 1 ;
  INPUT ---        1 ;

  INPUT ---    group=5 S    rows=7 cols=7 Triang ;
  INPUT ---        1 1 1 1 1 1 1 ;
  INPUT ---        1 1 1 1 1 1 ;

  Program  MARK  - Survival Rate Estimation with Capture-Recapture Data
   gfortran(Win64) Vers. 8.0 Jun 2014   31-Jan-2015 13:37:48    Page  003
 - - - - - - - - - - - - - - - - - - - - - - - - - - - - - - - - - - - - - -
 
  INPUT ---        1 1 1 1 1 ;
  INPUT ---        1 1 1 1 ;
  INPUT ---        1 1 1 ;
  INPUT ---        1 1 ;
  INPUT ---        1 ;

  INPUT ---    group=6 S    rows=7 cols=7 Triang ;
  INPUT ---        1 1 1 1 1 1 1 ;
  INPUT ---        1 1 1 1 1 1 ;
  INPUT ---        1 1 1 1 1 ;
  INPUT ---        1 1 1 1 ;
  INPUT ---        1 1 1 ;
  INPUT ---        1 1 ;
  INPUT ---        1 ;

  INPUT ---    group=1 p    rows=6 cols=6 Triang ;
  INPUT ---        2 2 2 2 2 2 ;
  INPUT ---        2 2 2 2 2 ;
  INPUT ---        2 2 2 2 ;
  INPUT ---        2 2 2 ;
  INPUT ---        2 2 ;
  INPUT ---        2 ;

  INPUT ---    group=2 p    rows=6 cols=6 Triang ;
  INPUT ---        3 3 3 3 3 3 ;
  INPUT ---        3 3 3 3 3 ;
  INPUT ---        3 3 3 3 ;
  INPUT ---        3 3 3 ;
  INPUT ---        3 3 ;
  INPUT ---        3 ;

  INPUT ---    group=3 p    rows=6 cols=6 Triang ;
  INPUT ---        2 2 2 2 2 2 ;
  INPUT ---        2 2 2 2 2 ;
  INPUT ---        2 2 2 2 ;
  INPUT ---        2 2 2 ;
  INPUT ---        2 2 ;
  INPUT ---        2 ;

  INPUT ---    group=4 p    rows=6 cols=6 Triang ;
  INPUT ---        3 3 3 3 3 3 ;
  INPUT ---        3 3 3 3 3 ;
  INPUT ---        3 3 3 3 ;
  INPUT ---        3 3 3 ;
  INPUT ---        3 3 ;
  INPUT ---        3 ;

  Program  MARK  - Survival Rate Estimation with Capture-Recapture Data
   gfortran(Win64) Vers. 8.0 Jun 2014   31-Jan-2015 13:37:48    Page  004
 - - - - - - - - - - - - - - - - - - - - - - - - - - - - - - - - - - - - - -
 

  INPUT ---    group=5 p    rows=6 cols=6 Triang ;
  INPUT ---        2 2 2 2 2 2 ;
  INPUT ---        2 2 2 2 2 ;
  INPUT ---        2 2 2 2 ;
  INPUT ---        2 2 2 ;
  INPUT ---        2 2 ;
  INPUT ---        2 ;

  INPUT ---    group=6 p    rows=6 cols=6 Triang ;
  INPUT ---        3 3 3 3 3 3 ;
  INPUT ---        3 3 3 3 3 ;
  INPUT ---        3 3 3 3 ;
  INPUT ---        3 3 3 ;
  INPUT ---        3 3 ;
  INPUT ---        3 ;

  INPUT ---    group=1 r    rows=7 cols=7 Triang ;
  INPUT ---        4 4 4 4 4 4 4 ;
  INPUT ---        4 4 4 4 4 4 ;
  INPUT ---        4 4 4 4 4 ;
  INPUT ---        4 4 4 4 ;
  INPUT ---        4 4 4 ;
  INPUT ---        4 4 ;
  INPUT ---        4 ;

  INPUT ---    group=2 r    rows=7 cols=7 Triang ;
  INPUT ---        4 4 4 4 4 4 4 ;
  INPUT ---        4 4 4 4 4 4 ;
  INPUT ---        4 4 4 4 4 ;
  INPUT ---        4 4 4 4 ;
  INPUT ---        4 4 4 ;
  INPUT ---        4 4 ;
  INPUT ---        4 ;

  INPUT ---    group=3 r    rows=7 cols=7 Triang ;
  INPUT ---        4 4 4 4 4 4 4 ;
  INPUT ---        4 4 4 4 4 4 ;
  INPUT ---        4 4 4 4 4 ;
  INPUT ---        4 4 4 4 ;
  INPUT ---        4 4 4 ;
  INPUT ---        4 4 ;
  INPUT ---        4 ;

  INPUT ---    group=4 r    rows=7 cols=7 Triang ;
  INPUT ---        4 4 4 4 4 4 4 ;

  Program  MARK  - Survival Rate Estimation with Capture-Recapture Data
   gfortran(Win64) Vers. 8.0 Jun 2014   31-Jan-2015 13:37:48    Page  005
 - - - - - - - - - - - - - - - - - - - - - - - - - - - - - - - - - - - - - -
 
  INPUT ---        4 4 4 4 4 4 ;
  INPUT ---        4 4 4 4 4 ;
  INPUT ---        4 4 4 4 ;
  INPUT ---        4 4 4 ;
  INPUT ---        4 4 ;
  INPUT ---        4 ;

  INPUT ---    group=5 r    rows=7 cols=7 Triang ;
  INPUT ---        4 4 4 4 4 4 4 ;
  INPUT ---        4 4 4 4 4 4 ;
  INPUT ---        4 4 4 4 4 ;
  INPUT ---        4 4 4 4 ;
  INPUT ---        4 4 4 ;
  INPUT ---        4 4 ;
  INPUT ---        4 ;

  INPUT ---    group=6 r    rows=7 cols=7 Triang ;
  INPUT ---        4 4 4 4 4 4 4 ;
  INPUT ---        4 4 4 4 4 4 ;
  INPUT ---        4 4 4 4 4 ;
  INPUT ---        4 4 4 4 ;
  INPUT ---        4 4 4 ;
  INPUT ---        4 4 ;
  INPUT ---        4 ;

  INPUT ---    group=1 F    rows=6 cols=6 Triang ;
  INPUT ---        5 6 7 8 9 10 ;
  INPUT ---        5 6 7 8 9 ;
  INPUT ---        5 6 7 8 ;
  INPUT ---        5 6 7 ;
  INPUT ---        5 6 ;
  INPUT ---        5 ;

  INPUT ---    group=2 F    rows=6 cols=6 Triang ;
  INPUT ---        5 6 7 8 9 10 ;
  INPUT ---        5 6 7 8 9 ;
  INPUT ---        5 6 7 8 ;
  INPUT ---        5 6 7 ;
  INPUT ---        5 6 ;
  INPUT ---        5 ;

  INPUT ---    group=3 F    rows=6 cols=6 Triang ;
  INPUT ---        5 6 7 8 9 10 ;
  INPUT ---        5 6 7 8 9 ;
  INPUT ---        5 6 7 8 ;
  INPUT ---        5 6 7 ;

  Program  MARK  - Survival Rate Estimation with Capture-Recapture Data
   gfortran(Win64) Vers. 8.0 Jun 2014   31-Jan-2015 13:37:48    Page  006
 - - - - - - - - - - - - - - - - - - - - - - - - - - - - - - - - - - - - - -
 
  INPUT ---        5 6 ;
  INPUT ---        5 ;

  INPUT ---    group=4 F    rows=6 cols=6 Triang ;
  INPUT ---        5 6 7 8 9 10 ;
  INPUT ---        5 6 7 8 9 ;
  INPUT ---        5 6 7 8 ;
  INPUT ---        5 6 7 ;
  INPUT ---        5 6 ;
  INPUT ---        5 ;

  INPUT ---    group=5 F    rows=6 cols=6 Triang ;
  INPUT ---        5 6 7 8 9 10 ;
  INPUT ---        5 6 7 8 9 ;
  INPUT ---        5 6 7 8 ;
  INPUT ---        5 6 7 ;
  INPUT ---        5 6 ;
  INPUT ---        5 ;

  INPUT ---    group=6 F    rows=6 cols=6 Triang ;
  INPUT ---        5 6 7 8 9 10 ;
  INPUT ---        5 6 7 8 9 ;
  INPUT ---        5 6 7 8 ;
  INPUT ---        5 6 7 ;
  INPUT ---        5 6 ;
  INPUT ---        5 ;

  INPUT ---    design matrix constraints=10 covariates=10;
  INPUT ---        1 0 0 0 0 0 0 0 0 0;
  INPUT ---        0 1 0 0 0 0 0 0 0 0;
  INPUT ---        0 1 1 0 0 0 0 0 0 0;
  INPUT ---        0 0 0 1 0 0 0 0 0 0;
  INPUT ---        0 0 0 0 1 0 0 0 0 0;
  INPUT ---        0 0 0 0 1 1 0 0 0 0;
  INPUT ---        0 0 0 0 1 0 1 0 0 0;
  INPUT ---        0 0 0 0 1 0 0 1 0 0;
  INPUT ---        0 0 0 0 1 0 0 0 1 0;
  INPUT ---        0 0 0 0 1 0 0 0 0 1;

  INPUT ---    blabel(1)=S:(Intercept);

  INPUT ---    blabel(2)=p:(Intercept);

  INPUT ---    blabel(3)=p:sex5;

  INPUT ---    blabel(4)=r:(Intercept);

  Program  MARK  - Survival Rate Estimation with Capture-Recapture Data
   gfortran(Win64) Vers. 8.0 Jun 2014   31-Jan-2015 13:37:48    Page  007
 - - - - - - - - - - - - - - - - - - - - - - - - - - - - - - - - - - - - - -
 

  INPUT ---    blabel(5)=F:(Intercept);

  INPUT ---    blabel(6)=F:age1;

  INPUT ---    blabel(7)=F:age2;

  INPUT ---    blabel(8)=F:age3;

  INPUT ---    blabel(9)=F:age4;

  INPUT ---    blabel(10)=F:age5;

  INPUT ---    rlabel(1)=S g41 c2005 c1 a0 t2005;

  INPUT ---    rlabel(2)=p g41 c2005 c1 a1 t2006;

  INPUT ---    rlabel(3)=p g51 c2005 c1 a1 t2006;

  INPUT ---    rlabel(4)=r g41 c2005 c1 a0 t2005;

  INPUT ---    rlabel(5)=F g41 c2005 c1 a0 t2005;

  INPUT ---    rlabel(6)=F g41 c2005 c1 a1 t2006;

  INPUT ---    rlabel(7)=F g41 c2005 c1 a2 t2007;

  INPUT ---    rlabel(8)=F g41 c2005 c1 a3 t2008;

  INPUT ---    rlabel(9)=F g41 c2005 c1 a4 t2009;

  INPUT ---    rlabel(10)=F g41 c2005 c1 a5 t2010;

 Link Function Used is LOGIT        

 Variance Estimation Procedure Used is 2ndPart 

 M(t+1):



 -2logL(saturated) = 1739.8188     
 Effective Sample Size = 7075

 Number of function evaluations was 49 for 10 parameters.
 Time for numerical optimization was 0.67 seconds.

  Program  MARK  - Survival Rate Estimation with Capture-Recapture Data
   gfortran(Win64) Vers. 8.0 Jun 2014   31-Jan-2015 13:37:48    Page  008
 - - - - - - - - - - - - - - - - - - - - - - - - - - - - - - - - - - - - - -
 
 -2logL { S(~1)p(~sex)r(~1)F(~age) } = 2766.6621     
 Penalty { S(~1)p(~sex)r(~1)F(~age) } = -0.0000000    
 Gradient { S(~1)p(~sex)r(~1)F(~age) }:
 -0.3324388E-03 0.5107196E-03 0.2086894E-03 0.1828051E-02 0.5532156E-05
  0.5368296E-06  0.000000      0.000000      0.000000     0.6227178E-06
 S Vector { S(~1)p(~sex)r(~1)F(~age) }:
   286.0647      33.03803      6.314177      2.123834     0.1823730E-06
  0.1279098E-07 0.1261622E-07 0.9338579E-08 0.8595846E-08 0.1437064E-08
 Time to compute number of parameters was 0.16 seconds.
   Threshold =  0.2200000E-06     Condition index =  0.5023563E-11     New Threshold =  0.4544395E-08
 New Guessimate of Estimated Parameters { S(~1)p(~sex)r(~1)F(~age) } = 4          
 Conditioned S Vector { S(~1)p(~sex)r(~1)F(~age) }:
   1.000000     0.1154915     0.2207255E-01 0.7424314E-02 0.6375238E-09
  0.4471358E-10 0.4410268E-10 0.3264500E-10 0.3004861E-10 0.5023563E-11
 Number of Estimated Parameters { S(~1)p(~sex)r(~1)F(~age) } = 4          
 DEVIANCE { S(~1)p(~sex)r(~1)F(~age) } = 1026.8434                     
 DEVIANCE Degrees of Freedom { S(~1)p(~sex)r(~1)F(~age) } = 11            
 c-hat { S(~1)p(~sex)r(~1)F(~age) } = 93.349397                     
 AIC { S(~1)p(~sex)r(~1)F(~age) } = 2774.6621                  
 AICc { S(~1)p(~sex)r(~1)F(~age) } = 2774.6678                    
 BIC { S(~1)p(~sex)r(~1)F(~age) } = 2802.1194                    
 Pearson Chisquare { S(~1)p(~sex)r(~1)F(~age) } = Not a Number               
 Possible Encounter Histories { S(~1)p(~sex)r(~1)F(~age) } = 896             
 Pearson Chisquare df { S(~1)p(~sex)r(~1)F(~age) } = 856        
 Pearson chat { S(~1)p(~sex)r(~1)F(~age) } = Not a Number               
 Sum(Observed/Expected) { S(~1)p(~sex)r(~1)F(~age) } = Not a Number               
 Fletcher chat { S(~1)p(~sex)r(~1)F(~age) } = Not a Number               


                 LOGIT Link Function Parameters of { S(~1)p(~sex)r(~1)F(~age) }
                                                              95% Confidence Interval
 Parameter                    Beta         Standard Error      Lower           Upper
 -------------------------  --------------  --------------  --------------  --------------
    1:S:(Intercept)         -2.6933652      0.2517146       -3.1867259      -2.2000046    
    2:p:(Intercept)         -3.0958635      0.4457450       -3.9695238      -2.2222033    
    3:p:sex5                -0.7432507      0.6304176       -1.9788692      0.4923679     
    4:r:(Intercept)         -3.1045523      0.0592388       -3.2206604      -2.9884442    
    5:F:(Intercept)         15.440150       2341.0157       -4572.9508      4603.8311     
    6:F:age1                83.709815       49.900781       -14.095718      181.51535     
    7:F:age2                214.14980       20.552837       173.86624       254.43336     
    8:F:age3                86.835322       0.2328516E-004  86.835276       86.835368     
    9:F:age4                71.501821       0.0000000       71.501821       71.501821     
   10:F:age5                72.026231       0.0000000       72.026231       72.026231     


                 Real Function Parameters of { S(~1)p(~sex)r(~1)F(~age) }
                                                               95% Confidence Interval
  Parameter                  Estimate       Standard Error      Lower           Upper
 --------------------------  --------------  --------------  --------------  --------------
     1:S g41 c2005 c1 a0 t2  0.0633660       0.0149394       0.0396683       0.0997501                           
     2:p g41 c2005 c1 a1 t2  0.0432782       0.0184562       0.0185325       0.0977743                           
     3:p g51 c2005 c1 a1 t2  0.0210596       0.0116456       0.0070596       0.0611143                           
     4:r g41 c2005 c1 a0 t2  0.0429199       0.0024334       0.0383956       0.0479507                           
     5:F g41 c2005 c1 a0 t2  0.9999998       0.4611393E-003  0.5005353E-297  1.0000000                           
     6:F g41 c2005 c1 a1 t2  1.0000000       0.0000000       1.0000000       1.0000000                           
     7:F g41 c2005 c1 a2 t2  1.0000000       0.0000000       1.0000000       1.0000000                           
     8:F g41 c2005 c1 a3 t2  1.0000000       0.0000000       1.0000000       1.0000000                           
     9:F g41 c2005 c1 a4 t2  1.0000000       0.0000000       1.0000000       1.0000000                           

  Program  MARK  - Survival Rate Estimation with Capture-Recapture Data
   gfortran(Win64) Vers. 8.0 Jun 2014   31-Jan-2015 13:37:48    Page  009
 - - - - - - - - - - - - - - - - - - - - - - - - - - - - - - - - - - - - - -
 
    10:F g41 c2005 c1 a5 t2  1.0000000       0.0000000       1.0000000       1.0000000                           

 Attempted ordering of parameters by estimatibility:
   4  1  2  3  5 10  9  6  8  7
 Beta number 7 is a singular value.

     CPU Time in seconds for last procedure was 0.84


  INPUT --- proc stop;

     CPU Time in minutes for this job was 0.01

     Time Start = 13:37:48.686   Time End = 13:37:48.937

     Wall Clock Time in minutes for this job was 0.00


          E X E C U T I O N   S U C C E S S F U L 
