
   Program  MARK  - Survival Rate Estimation with Capture-Recapture Data
   gfortran(Win64) Vers. 8.0 Jun 2014   21-Jan-2015 17:24:56    Page  001
 - - - - - - - - - - - - - - - - - - - - - - - - - - - - - - - - - - - - - -
 
   This version was compiled by GCC version 4.8.1 using the options 
   -m64 -mtune=generic -march=x86-64 -mthreads -O2 -fimplicit-none -fbounds-check -funroll-loops -ftree-vectorize -fopenmp.
   This problem will use 3 of 4 possible threads.


  INPUT --- proc title ;

     CPU Time in seconds for last procedure was 0.02


  INPUT --- proc chmatrix occasions= 7 groups= 2 etype= Live ICMeans 
  INPUT --- NoHist hist= 55 ;

  INPUT ---    time  interval 1 1 1 1 1 1 ;

  INPUT ---    glabel(1)=sexFemale;

  INPUT ---    glabel(2)=sexMale;

   * *  WARNING  * *   At least a pair of the encounter histories are duplicates. 

      Number of unique encounter histories read was 32.

      Number of individual covariates read was 0.
      Time interval lengths are all equal to 1.

      Data type number is 1
      Data type is Live Recaptures (CJS)                                                                               

     CPU Time in seconds for last procedure was 0.00

  Program  MARK  - Survival Rate Estimation with Capture-Recapture Data
   gfortran(Win64) Vers. 8.0 Jun 2014   21-Jan-2015 17:24:56    Page  002
 - - - - - - - - - - - - - - - - - - - - - - - - - - - - - - - - - - - - - -
 


  INPUT --- proc estimate link=Logit NOLOOP varest=2ndPart    ;


  INPUT --- model={ Phi(~sex * time)p(~1) };

  INPUT ---    group=1 Phi    rows=6 cols=6 Triang ;
  INPUT ---        1 2 3 4 5 6 ;
  INPUT ---        2 3 4 5 6 ;
  INPUT ---        3 4 5 6 ;
  INPUT ---        4 5 6 ;
  INPUT ---        5 6 ;
  INPUT ---        6 ;

  INPUT ---    group=2 Phi    rows=6 cols=6 Triang ;
  INPUT ---        7 8 9 10 11 12 ;
  INPUT ---        8 9 10 11 12 ;
  INPUT ---        9 10 11 12 ;
  INPUT ---        10 11 12 ;
  INPUT ---        11 12 ;
  INPUT ---        12 ;

  INPUT ---    group=1 p    rows=6 cols=6 Triang ;
  INPUT ---        13 13 13 13 13 13 ;
  INPUT ---        13 13 13 13 13 ;
  INPUT ---        13 13 13 13 ;
  INPUT ---        13 13 13 ;
  INPUT ---        13 13 ;
  INPUT ---        13 ;

  INPUT ---    group=2 p    rows=6 cols=6 Triang ;
  INPUT ---        13 13 13 13 13 13 ;
  INPUT ---        13 13 13 13 13 ;
  INPUT ---        13 13 13 13 ;
  INPUT ---        13 13 13 ;
  INPUT ---        13 13 ;
  INPUT ---        13 ;

  INPUT ---    design matrix constraints=13 covariates=13;
  INPUT ---        1 0 0 0 0 0 0 0 0 0 0 0 0;
  INPUT ---        1 0 1 0 0 0 0 0 0 0 0 0 0;
  INPUT ---        1 0 0 1 0 0 0 0 0 0 0 0 0;
  INPUT ---        1 0 0 0 1 0 0 0 0 0 0 0 0;
  INPUT ---        1 0 0 0 0 1 0 0 0 0 0 0 0;
  INPUT ---        1 0 0 0 0 0 1 0 0 0 0 0 0;

  Program  MARK  - Survival Rate Estimation with Capture-Recapture Data
   gfortran(Win64) Vers. 8.0 Jun 2014   21-Jan-2015 17:24:56    Page  003
 - - - - - - - - - - - - - - - - - - - - - - - - - - - - - - - - - - - - - -
 
  INPUT ---        1 1 0 0 0 0 0 0 0 0 0 0 0;
  INPUT ---        1 1 1 0 0 0 0 1 0 0 0 0 0;
  INPUT ---        1 1 0 1 0 0 0 0 1 0 0 0 0;
  INPUT ---        1 1 0 0 1 0 0 0 0 1 0 0 0;
  INPUT ---        1 1 0 0 0 1 0 0 0 0 1 0 0;
  INPUT ---        1 1 0 0 0 0 1 0 0 0 0 1 0;
  INPUT ---        0 0 0 0 0 0 0 0 0 0 0 0 1;

  INPUT ---    blabel(1)=Phi:(Intercept);

  INPUT ---    blabel(2)=Phi:sexMale;

  INPUT ---    blabel(3)=Phi:time2;

  INPUT ---    blabel(4)=Phi:time3;

  INPUT ---    blabel(5)=Phi:time4;

  INPUT ---    blabel(6)=Phi:time5;

  INPUT ---    blabel(7)=Phi:time6;

  INPUT ---    blabel(8)=Phi:sexMale:time2;

  INPUT ---    blabel(9)=Phi:sexMale:time3;

  INPUT ---    blabel(10)=Phi:sexMale:time4;

  INPUT ---    blabel(11)=Phi:sexMale:time5;

  INPUT ---    blabel(12)=Phi:sexMale:time6;

  INPUT ---    blabel(13)=p:(Intercept);

  INPUT ---    rlabel(1)=Phi gFemale c1 c1 a0 t1;

  INPUT ---    rlabel(2)=Phi gFemale c1 c1 a1 t2;

  INPUT ---    rlabel(3)=Phi gFemale c1 c1 a2 t3;

  INPUT ---    rlabel(4)=Phi gFemale c1 c1 a3 t4;

  INPUT ---    rlabel(5)=Phi gFemale c1 c1 a4 t5;

  INPUT ---    rlabel(6)=Phi gFemale c1 c1 a5 t6;


  Program  MARK  - Survival Rate Estimation with Capture-Recapture Data
   gfortran(Win64) Vers. 8.0 Jun 2014   21-Jan-2015 17:24:56    Page  004
 - - - - - - - - - - - - - - - - - - - - - - - - - - - - - - - - - - - - - -
 
  INPUT ---    rlabel(7)=Phi gMale c1 c1 a0 t1;

  INPUT ---    rlabel(8)=Phi gMale c1 c1 a1 t2;

  INPUT ---    rlabel(9)=Phi gMale c1 c1 a2 t3;

  INPUT ---    rlabel(10)=Phi gMale c1 c1 a3 t4;

  INPUT ---    rlabel(11)=Phi gMale c1 c1 a4 t5;

  INPUT ---    rlabel(12)=Phi gMale c1 c1 a5 t6;

  INPUT ---    rlabel(13)=p gFemale c1 c1 a1 t2;

 Link Function Used is LOGIT        

 Variance Estimation Procedure Used is 2ndPart 
 -2logL(saturated) = 582.47711     
 Effective Sample Size = 426

 Number of function evaluations was 27 for 13 parameters.
 Time for numerical optimization was 0.06 seconds.
 -2logL { Phi(~sex * time)p(~1) } = 658.24092     
 Penalty { Phi(~sex * time)p(~1) } = -0.0000000    
 Gradient { Phi(~sex * time)p(~1) }:
  0.7299785E-05 0.1053409E-04  0.000000      0.000000     0.1119870E-04
   0.000000     0.7860370E-05  0.000000      0.000000      0.000000    
   0.000000     0.1467162E-04  0.000000    
 S Vector { Phi(~sex * time)p(~1) }:
   153.3618      25.08989      24.35581      22.09127      21.30016    
   18.07193      9.076798      3.737927      3.460431      3.132305    
   2.877505     0.9701140     0.1285359    
 Time to compute number of parameters was 0.06 seconds.
   Threshold =  0.2800000E-06     Condition index =  0.8381217E-03     New Threshold =  0.4634427    
 New Guessimate of Estimated Parameters { Phi(~sex * time)p(~1) } = 1          
 Conditioned S Vector { Phi(~sex * time)p(~1) }:
   1.000000     0.1635993     0.1588127     0.1440467     0.1388883    
  0.1178385     0.5918550E-01 0.2437325E-01 0.2256384E-01 0.2042428E-01
  0.1876285E-01 0.6325654E-02 0.8381217E-03
 Number of Estimated Parameters { Phi(~sex * time)p(~1) } = 13          
 DEVIANCE { Phi(~sex * time)p(~1) } = 75.763806                     
 DEVIANCE Degrees of Freedom { Phi(~sex * time)p(~1) } = 28            
 c-hat { Phi(~sex * time)p(~1) } = 2.7058502                     
 AIC { Phi(~sex * time)p(~1) } = 684.24092                  
 AICc { Phi(~sex * time)p(~1) } = 685.12441                    
 BIC { Phi(~sex * time)p(~1) } = 736.94863                    
 Pearson Chisquare { Phi(~sex * time)p(~1) } = 162.18196                  
 Possible Encounter Histories { Phi(~sex * time)p(~1) } = 252             
 Pearson Chisquare df { Phi(~sex * time)p(~1) } = 227        
 Pearson chat { Phi(~sex * time)p(~1) } = 0.7144580                  
 Sum(Observed/Expected) { Phi(~sex * time)p(~1) } = 194.79042                  
 Fletcher chat { Phi(~sex * time)p(~1) } = 0.9242929                  


                  LOGIT Link Function Parameters of { Phi(~sex * time)p(~1) }
                                                              95% Confidence Interval
 Parameter                    Beta         Standard Error      Lower           Upper
 -------------------------  --------------  --------------  --------------  --------------
    1:Phi:(Intercept)       0.5573999       0.7111357       -0.8364261      1.9512258     
    2:Phi:sexMale           -0.0792280      0.9541603       -1.9493823      1.7909263     
    3:Phi:time2             -0.7633733      0.8051844       -2.3415346      0.8147881     
    4:Phi:time3             -0.7139450      0.7794676       -2.2417015      0.8138114     

  Program  MARK  - Survival Rate Estimation with Capture-Recapture Data
   gfortran(Win64) Vers. 8.0 Jun 2014   21-Jan-2015 17:24:57    Page  005
 - - - - - - - - - - - - - - - - - - - - - - - - - - - - - - - - - - - - - -
 
    5:Phi:time4             -0.0151787      0.7870641       -1.5578243      1.5274669     
    6:Phi:time5             0.0227157       0.7854790       -1.5168231      1.5622545     
    7:Phi:time6             -0.4463294      0.7745600       -1.9644671      1.0718083     
    8:Phi:sexMale:time2     0.1305372       1.1133337       -2.0515969      2.3126713     
    9:Phi:sexMale:time3     0.2285381       1.0632890       -1.8555083      2.3125845     
   10:Phi:sexMale:time4     0.0092035       1.0702560       -2.0884983      2.1069052     
   11:Phi:sexMale:time5     -0.1954936      1.0595415       -2.2721949      1.8812077     
   12:Phi:sexMale:time6     0.5497520       1.0603805       -1.5285940      2.6280979     
   13:p:(Intercept)         2.2205168       0.3289082       1.5758566       2.8651769     


                  Real Function Parameters of { Phi(~sex * time)p(~1) }
                                                               95% Confidence Interval
  Parameter                  Estimate       Standard Error      Lower           Upper
 --------------------------  --------------  --------------  --------------  --------------
     1:Phi gFemale c1 c1 a0  0.6358507       0.1646596       0.3022880       0.8755802                           
     2:Phi gFemale c1 c1 a1  0.4486879       0.0885581       0.2874792       0.6214511                           
     3:Phi gFemale c1 c1 a2  0.4609434       0.0797066       0.3131828       0.6159022                           
     4:Phi gFemale c1 c1 a3  0.6323290       0.0790239       0.4690421       0.7700215                           
     5:Phi gFemale c1 c1 a4  0.6410940       0.0776207       0.4797407       0.7757925                           
     6:Phi gFemale c1 c1 a5  0.5277391       0.0784163       0.3762229       0.6743118                           
     7:Phi gMale c1 c1 a0 t  0.6173161       0.1511190       0.3152635       0.8496641                           
     8:Phi gMale c1 c1 a1 t  0.4614109       0.1007033       0.2791044       0.6546586                           
     9:Phi gMale c1 c1 a2 t  0.4981912       0.0857101       0.3364374       0.6603246                           
    10:Phi gMale c1 c1 a3 t  0.6159035       0.0820333       0.4483189       0.7598503                           
    11:Phi gMale c1 c1 a4 t  0.5757606       0.0769259       0.4226567       0.7155847                           
    12:Phi gMale c1 c1 a5 t  0.6414342       0.0802145       0.4745261       0.7799153                           
    13:p gFemale c1 c1 a1 t  0.9020769       0.0290538       0.8286169       0.9460979                           

     CPU Time in seconds for last procedure was 0.12

  Program  MARK  - Survival Rate Estimation with Capture-Recapture Data
   gfortran(Win64) Vers. 8.0 Jun 2014   21-Jan-2015 17:24:57    Page  006
 - - - - - - - - - - - - - - - - - - - - - - - - - - - - - - - - - - - - - -
 


  INPUT --- proc stop;

     CPU Time in minutes for this job was 0.00

     Time Start = 17:24:56.988   Time End = 17:24:57.057

     Wall Clock Time in minutes for this job was 0.00


          E X E C U T I O N   S U C C E S S F U L 
