
   Program  MARK  - Survival Rate Estimation with Capture-Recapture Data
   gfortran(Win64) Vers. 8.0 Jun 2014   31-Jan-2015 13:38:00    Page  001
 - - - - - - - - - - - - - - - - - - - - - - - - - - - - - - - - - - - - - -
 
   This version was compiled by GCC version 4.8.1 using the options 
   -m64 -mtune=generic -march=x86-64 -mthreads -O2 -fimplicit-none -fbounds-check -funroll-loops -ftree-vectorize -fopenmp.
   This problem will use 7 of 8 possible threads.


  INPUT --- proc title ;

     CPU Time in seconds for last procedure was 0.00


  INPUT --- proc chmatrix occasions= 7 groups= 6 etype= Both ICMeans 
  INPUT --- NoHist hist= 51 ;

  INPUT ---    time  interval 1 1 1 1 1 1 1 ;

  INPUT ---    glabel(1)=sex4.age1;

  INPUT ---    glabel(2)=sex5.age1;

  INPUT ---    glabel(3)=sex4.age2;

  INPUT ---    glabel(4)=sex5.age2;

  INPUT ---    glabel(5)=sex4.age4;

  INPUT ---    glabel(6)=sex5.age4;

   * *  WARNING  * *   At least a pair of the encounter histories are duplicates. 

      Number of unique encounter histories read was 17.

      Number of individual covariates read was 0.
      Time interval lengths are all equal to 1.

      Data type number is 3
      Data type is Joint Live and Dead Encounters (Burnham)                                                            

     CPU Time in seconds for last procedure was 0.00

  Program  MARK  - Survival Rate Estimation with Capture-Recapture Data
   gfortran(Win64) Vers. 8.0 Jun 2014   31-Jan-2015 13:38:00    Page  002
 - - - - - - - - - - - - - - - - - - - - - - - - - - - - - - - - - - - - - -
 


  INPUT --- proc estimate link=Logit NOLOOP varest=2ndPart    ;


  INPUT --- model={ S(~age + sex)p(~age + sex)r(~1)F(~age) };

  INPUT ---    group=1 S    rows=7 cols=7 Triang ;
  INPUT ---        1 2 3 4 5 6 7 ;
  INPUT ---        1 2 3 4 5 6 ;
  INPUT ---        1 2 3 4 5 ;
  INPUT ---        1 2 3 4 ;
  INPUT ---        1 2 3 ;
  INPUT ---        1 2 ;
  INPUT ---        1 ;

  INPUT ---    group=2 S    rows=7 cols=7 Triang ;
  INPUT ---        8 9 10 11 12 13 14 ;
  INPUT ---        8 9 10 11 12 13 ;
  INPUT ---        8 9 10 11 12 ;
  INPUT ---        8 9 10 11 ;
  INPUT ---        8 9 10 ;
  INPUT ---        8 9 ;
  INPUT ---        8 ;

  INPUT ---    group=3 S    rows=7 cols=7 Triang ;
  INPUT ---        1 2 3 4 5 6 7 ;
  INPUT ---        1 2 3 4 5 6 ;
  INPUT ---        1 2 3 4 5 ;
  INPUT ---        1 2 3 4 ;
  INPUT ---        1 2 3 ;
  INPUT ---        1 2 ;
  INPUT ---        1 ;

  INPUT ---    group=4 S    rows=7 cols=7 Triang ;
  INPUT ---        8 9 10 11 12 13 14 ;
  INPUT ---        8 9 10 11 12 13 ;
  INPUT ---        8 9 10 11 12 ;
  INPUT ---        8 9 10 11 ;
  INPUT ---        8 9 10 ;
  INPUT ---        8 9 ;
  INPUT ---        8 ;

  INPUT ---    group=5 S    rows=7 cols=7 Triang ;
  INPUT ---        1 2 3 4 5 6 7 ;
  INPUT ---        1 2 3 4 5 6 ;

  Program  MARK  - Survival Rate Estimation with Capture-Recapture Data
   gfortran(Win64) Vers. 8.0 Jun 2014   31-Jan-2015 13:38:00    Page  003
 - - - - - - - - - - - - - - - - - - - - - - - - - - - - - - - - - - - - - -
 
  INPUT ---        1 2 3 4 5 ;
  INPUT ---        1 2 3 4 ;
  INPUT ---        1 2 3 ;
  INPUT ---        1 2 ;
  INPUT ---        1 ;

  INPUT ---    group=6 S    rows=7 cols=7 Triang ;
  INPUT ---        8 9 10 11 12 13 14 ;
  INPUT ---        8 9 10 11 12 13 ;
  INPUT ---        8 9 10 11 12 ;
  INPUT ---        8 9 10 11 ;
  INPUT ---        8 9 10 ;
  INPUT ---        8 9 ;
  INPUT ---        8 ;

  INPUT ---    group=1 p    rows=6 cols=6 Triang ;
  INPUT ---        15 16 17 18 19 20 ;
  INPUT ---        15 16 17 18 19 ;
  INPUT ---        15 16 17 18 ;
  INPUT ---        15 16 17 ;
  INPUT ---        15 16 ;
  INPUT ---        15 ;

  INPUT ---    group=2 p    rows=6 cols=6 Triang ;
  INPUT ---        21 22 23 24 25 26 ;
  INPUT ---        21 22 23 24 25 ;
  INPUT ---        21 22 23 24 ;
  INPUT ---        21 22 23 ;
  INPUT ---        21 22 ;
  INPUT ---        21 ;

  INPUT ---    group=3 p    rows=6 cols=6 Triang ;
  INPUT ---        15 16 17 18 19 20 ;
  INPUT ---        15 16 17 18 19 ;
  INPUT ---        15 16 17 18 ;
  INPUT ---        15 16 17 ;
  INPUT ---        15 16 ;
  INPUT ---        15 ;

  INPUT ---    group=4 p    rows=6 cols=6 Triang ;
  INPUT ---        21 22 23 24 25 26 ;
  INPUT ---        21 22 23 24 25 ;
  INPUT ---        21 22 23 24 ;
  INPUT ---        21 22 23 ;
  INPUT ---        21 22 ;
  INPUT ---        21 ;

  Program  MARK  - Survival Rate Estimation with Capture-Recapture Data
   gfortran(Win64) Vers. 8.0 Jun 2014   31-Jan-2015 13:38:00    Page  004
 - - - - - - - - - - - - - - - - - - - - - - - - - - - - - - - - - - - - - -
 

  INPUT ---    group=5 p    rows=6 cols=6 Triang ;
  INPUT ---        15 16 17 18 19 20 ;
  INPUT ---        15 16 17 18 19 ;
  INPUT ---        15 16 17 18 ;
  INPUT ---        15 16 17 ;
  INPUT ---        15 16 ;
  INPUT ---        15 ;

  INPUT ---    group=6 p    rows=6 cols=6 Triang ;
  INPUT ---        21 22 23 24 25 26 ;
  INPUT ---        21 22 23 24 25 ;
  INPUT ---        21 22 23 24 ;
  INPUT ---        21 22 23 ;
  INPUT ---        21 22 ;
  INPUT ---        21 ;

  INPUT ---    group=1 r    rows=7 cols=7 Triang ;
  INPUT ---        27 27 27 27 27 27 27 ;
  INPUT ---        27 27 27 27 27 27 ;
  INPUT ---        27 27 27 27 27 ;
  INPUT ---        27 27 27 27 ;
  INPUT ---        27 27 27 ;
  INPUT ---        27 27 ;
  INPUT ---        27 ;

  INPUT ---    group=2 r    rows=7 cols=7 Triang ;
  INPUT ---        27 27 27 27 27 27 27 ;
  INPUT ---        27 27 27 27 27 27 ;
  INPUT ---        27 27 27 27 27 ;
  INPUT ---        27 27 27 27 ;
  INPUT ---        27 27 27 ;
  INPUT ---        27 27 ;
  INPUT ---        27 ;

  INPUT ---    group=3 r    rows=7 cols=7 Triang ;
  INPUT ---        27 27 27 27 27 27 27 ;
  INPUT ---        27 27 27 27 27 27 ;
  INPUT ---        27 27 27 27 27 ;
  INPUT ---        27 27 27 27 ;
  INPUT ---        27 27 27 ;
  INPUT ---        27 27 ;
  INPUT ---        27 ;

  INPUT ---    group=4 r    rows=7 cols=7 Triang ;
  INPUT ---        27 27 27 27 27 27 27 ;

  Program  MARK  - Survival Rate Estimation with Capture-Recapture Data
   gfortran(Win64) Vers. 8.0 Jun 2014   31-Jan-2015 13:38:00    Page  005
 - - - - - - - - - - - - - - - - - - - - - - - - - - - - - - - - - - - - - -
 
  INPUT ---        27 27 27 27 27 27 ;
  INPUT ---        27 27 27 27 27 ;
  INPUT ---        27 27 27 27 ;
  INPUT ---        27 27 27 ;
  INPUT ---        27 27 ;
  INPUT ---        27 ;

  INPUT ---    group=5 r    rows=7 cols=7 Triang ;
  INPUT ---        27 27 27 27 27 27 27 ;
  INPUT ---        27 27 27 27 27 27 ;
  INPUT ---        27 27 27 27 27 ;
  INPUT ---        27 27 27 27 ;
  INPUT ---        27 27 27 ;
  INPUT ---        27 27 ;
  INPUT ---        27 ;

  INPUT ---    group=6 r    rows=7 cols=7 Triang ;
  INPUT ---        27 27 27 27 27 27 27 ;
  INPUT ---        27 27 27 27 27 27 ;
  INPUT ---        27 27 27 27 27 ;
  INPUT ---        27 27 27 27 ;
  INPUT ---        27 27 27 ;
  INPUT ---        27 27 ;
  INPUT ---        27 ;

  INPUT ---    group=1 F    rows=6 cols=6 Triang ;
  INPUT ---        28 29 30 31 32 33 ;
  INPUT ---        28 29 30 31 32 ;
  INPUT ---        28 29 30 31 ;
  INPUT ---        28 29 30 ;
  INPUT ---        28 29 ;
  INPUT ---        28 ;

  INPUT ---    group=2 F    rows=6 cols=6 Triang ;
  INPUT ---        28 29 30 31 32 33 ;
  INPUT ---        28 29 30 31 32 ;
  INPUT ---        28 29 30 31 ;
  INPUT ---        28 29 30 ;
  INPUT ---        28 29 ;
  INPUT ---        28 ;

  INPUT ---    group=3 F    rows=6 cols=6 Triang ;
  INPUT ---        28 29 30 31 32 33 ;
  INPUT ---        28 29 30 31 32 ;
  INPUT ---        28 29 30 31 ;
  INPUT ---        28 29 30 ;

  Program  MARK  - Survival Rate Estimation with Capture-Recapture Data
   gfortran(Win64) Vers. 8.0 Jun 2014   31-Jan-2015 13:38:00    Page  006
 - - - - - - - - - - - - - - - - - - - - - - - - - - - - - - - - - - - - - -
 
  INPUT ---        28 29 ;
  INPUT ---        28 ;

  INPUT ---    group=4 F    rows=6 cols=6 Triang ;
  INPUT ---        28 29 30 31 32 33 ;
  INPUT ---        28 29 30 31 32 ;
  INPUT ---        28 29 30 31 ;
  INPUT ---        28 29 30 ;
  INPUT ---        28 29 ;
  INPUT ---        28 ;

  INPUT ---    group=5 F    rows=6 cols=6 Triang ;
  INPUT ---        28 29 30 31 32 33 ;
  INPUT ---        28 29 30 31 32 ;
  INPUT ---        28 29 30 31 ;
  INPUT ---        28 29 30 ;
  INPUT ---        28 29 ;
  INPUT ---        28 ;

  INPUT ---    group=6 F    rows=6 cols=6 Triang ;
  INPUT ---        28 29 30 31 32 33 ;
  INPUT ---        28 29 30 31 32 ;
  INPUT ---        28 29 30 31 ;
  INPUT ---        28 29 30 ;
  INPUT ---        28 29 ;
  INPUT ---        28 ;

  INPUT ---    design matrix constraints=33 covariates=22;
  INPUT ---        1 0 0 0 0 0 0 0 0 0 0 0 0 0 0 0 0 0 0 0 0 0;
  INPUT ---        1 1 0 0 0 0 0 0 0 0 0 0 0 0 0 0 0 0 0 0 0 0;
  INPUT ---        1 0 1 0 0 0 0 0 0 0 0 0 0 0 0 0 0 0 0 0 0 0;
  INPUT ---        1 0 0 1 0 0 0 0 0 0 0 0 0 0 0 0 0 0 0 0 0 0;
  INPUT ---        1 0 0 0 1 0 0 0 0 0 0 0 0 0 0 0 0 0 0 0 0 0;
  INPUT ---        1 0 0 0 0 1 0 0 0 0 0 0 0 0 0 0 0 0 0 0 0 0;
  INPUT ---        1 0 0 0 0 0 1 0 0 0 0 0 0 0 0 0 0 0 0 0 0 0;
  INPUT ---        1 0 0 0 0 0 0 1 0 0 0 0 0 0 0 0 0 0 0 0 0 0;
  INPUT ---        1 1 0 0 0 0 0 1 0 0 0 0 0 0 0 0 0 0 0 0 0 0;
  INPUT ---        1 0 1 0 0 0 0 1 0 0 0 0 0 0 0 0 0 0 0 0 0 0;
  INPUT ---        1 0 0 1 0 0 0 1 0 0 0 0 0 0 0 0 0 0 0 0 0 0;
  INPUT ---        1 0 0 0 1 0 0 1 0 0 0 0 0 0 0 0 0 0 0 0 0 0;
  INPUT ---        1 0 0 0 0 1 0 1 0 0 0 0 0 0 0 0 0 0 0 0 0 0;
  INPUT ---        1 0 0 0 0 0 1 1 0 0 0 0 0 0 0 0 0 0 0 0 0 0;
  INPUT ---        0 0 0 0 0 0 0 0 1 0 0 0 0 0 0 0 0 0 0 0 0 0;
  INPUT ---        0 0 0 0 0 0 0 0 1 1 0 0 0 0 0 0 0 0 0 0 0 0;
  INPUT ---        0 0 0 0 0 0 0 0 1 0 1 0 0 0 0 0 0 0 0 0 0 0;
  INPUT ---        0 0 0 0 0 0 0 0 1 0 0 1 0 0 0 0 0 0 0 0 0 0;

  Program  MARK  - Survival Rate Estimation with Capture-Recapture Data
   gfortran(Win64) Vers. 8.0 Jun 2014   31-Jan-2015 13:38:00    Page  007
 - - - - - - - - - - - - - - - - - - - - - - - - - - - - - - - - - - - - - -
 
  INPUT ---        0 0 0 0 0 0 0 0 1 0 0 0 1 0 0 0 0 0 0 0 0 0;
  INPUT ---        0 0 0 0 0 0 0 0 1 0 0 0 0 1 0 0 0 0 0 0 0 0;
  INPUT ---        0 0 0 0 0 0 0 0 1 0 0 0 0 0 1 0 0 0 0 0 0 0;
  INPUT ---        0 0 0 0 0 0 0 0 1 1 0 0 0 0 1 0 0 0 0 0 0 0;
  INPUT ---        0 0 0 0 0 0 0 0 1 0 1 0 0 0 1 0 0 0 0 0 0 0;
  INPUT ---        0 0 0 0 0 0 0 0 1 0 0 1 0 0 1 0 0 0 0 0 0 0;
  INPUT ---        0 0 0 0 0 0 0 0 1 0 0 0 1 0 1 0 0 0 0 0 0 0;
  INPUT ---        0 0 0 0 0 0 0 0 1 0 0 0 0 1 1 0 0 0 0 0 0 0;
  INPUT ---        0 0 0 0 0 0 0 0 0 0 0 0 0 0 0 1 0 0 0 0 0 0;
  INPUT ---        0 0 0 0 0 0 0 0 0 0 0 0 0 0 0 0 1 0 0 0 0 0;
  INPUT ---        0 0 0 0 0 0 0 0 0 0 0 0 0 0 0 0 1 1 0 0 0 0;
  INPUT ---        0 0 0 0 0 0 0 0 0 0 0 0 0 0 0 0 1 0 1 0 0 0;
  INPUT ---        0 0 0 0 0 0 0 0 0 0 0 0 0 0 0 0 1 0 0 1 0 0;
  INPUT ---        0 0 0 0 0 0 0 0 0 0 0 0 0 0 0 0 1 0 0 0 1 0;
  INPUT ---        0 0 0 0 0 0 0 0 0 0 0 0 0 0 0 0 1 0 0 0 0 1;

  INPUT ---    blabel(1)=S:(Intercept);

  INPUT ---    blabel(2)=S:age1;

  INPUT ---    blabel(3)=S:age2;

  INPUT ---    blabel(4)=S:age3;

  INPUT ---    blabel(5)=S:age4;

  INPUT ---    blabel(6)=S:age5;

  INPUT ---    blabel(7)=S:age6;

  INPUT ---    blabel(8)=S:sex5;

  INPUT ---    blabel(9)=p:(Intercept);

  INPUT ---    blabel(10)=p:age2;

  INPUT ---    blabel(11)=p:age3;

  INPUT ---    blabel(12)=p:age4;

  INPUT ---    blabel(13)=p:age5;

  INPUT ---    blabel(14)=p:age6;

  INPUT ---    blabel(15)=p:sex5;


  Program  MARK  - Survival Rate Estimation with Capture-Recapture Data
   gfortran(Win64) Vers. 8.0 Jun 2014   31-Jan-2015 13:38:00    Page  008
 - - - - - - - - - - - - - - - - - - - - - - - - - - - - - - - - - - - - - -
 
  INPUT ---    blabel(16)=r:(Intercept);

  INPUT ---    blabel(17)=F:(Intercept);

  INPUT ---    blabel(18)=F:age1;

  INPUT ---    blabel(19)=F:age2;

  INPUT ---    blabel(20)=F:age3;

  INPUT ---    blabel(21)=F:age4;

  INPUT ---    blabel(22)=F:age5;

  INPUT ---    rlabel(1)=S g41 c2005 c1 a0 t2005;

  INPUT ---    rlabel(2)=S g41 c2005 c1 a1 t2006;

  INPUT ---    rlabel(3)=S g41 c2005 c1 a2 t2007;

  INPUT ---    rlabel(4)=S g41 c2005 c1 a3 t2008;

  INPUT ---    rlabel(5)=S g41 c2005 c1 a4 t2009;

  INPUT ---    rlabel(6)=S g41 c2005 c1 a5 t2010;

  INPUT ---    rlabel(7)=S g41 c2005 c1 a6 t2011;

  INPUT ---    rlabel(8)=S g51 c2005 c1 a0 t2005;

  INPUT ---    rlabel(9)=S g51 c2005 c1 a1 t2006;

  INPUT ---    rlabel(10)=S g51 c2005 c1 a2 t2007;

  INPUT ---    rlabel(11)=S g51 c2005 c1 a3 t2008;

  INPUT ---    rlabel(12)=S g51 c2005 c1 a4 t2009;

  INPUT ---    rlabel(13)=S g51 c2005 c1 a5 t2010;

  INPUT ---    rlabel(14)=S g51 c2005 c1 a6 t2011;

  INPUT ---    rlabel(15)=p g41 c2005 c1 a1 t2006;

  INPUT ---    rlabel(16)=p g41 c2005 c1 a2 t2007;


  Program  MARK  - Survival Rate Estimation with Capture-Recapture Data
   gfortran(Win64) Vers. 8.0 Jun 2014   31-Jan-2015 13:38:00    Page  009
 - - - - - - - - - - - - - - - - - - - - - - - - - - - - - - - - - - - - - -
 
  INPUT ---    rlabel(17)=p g41 c2005 c1 a3 t2008;

  INPUT ---    rlabel(18)=p g41 c2005 c1 a4 t2009;

  INPUT ---    rlabel(19)=p g41 c2005 c1 a5 t2010;

  INPUT ---    rlabel(20)=p g41 c2005 c1 a6 t2011;

  INPUT ---    rlabel(21)=p g51 c2005 c1 a1 t2006;

  INPUT ---    rlabel(22)=p g51 c2005 c1 a2 t2007;

  INPUT ---    rlabel(23)=p g51 c2005 c1 a3 t2008;

  INPUT ---    rlabel(24)=p g51 c2005 c1 a4 t2009;

  INPUT ---    rlabel(25)=p g51 c2005 c1 a5 t2010;

  INPUT ---    rlabel(26)=p g51 c2005 c1 a6 t2011;

  INPUT ---    rlabel(27)=r g41 c2005 c1 a0 t2005;

  INPUT ---    rlabel(28)=F g41 c2005 c1 a0 t2005;

  INPUT ---    rlabel(29)=F g41 c2005 c1 a1 t2006;

  INPUT ---    rlabel(30)=F g41 c2005 c1 a2 t2007;

  INPUT ---    rlabel(31)=F g41 c2005 c1 a3 t2008;

  INPUT ---    rlabel(32)=F g41 c2005 c1 a4 t2009;

  INPUT ---    rlabel(33)=F g41 c2005 c1 a5 t2010;

 Link Function Used is LOGIT        

 Variance Estimation Procedure Used is 2ndPart 

 M(t+1):



 -2logL(saturated) = 1739.8188     
 Effective Sample Size = 7075

 Number of function evaluations was 47 for 22 parameters.
 Time for numerical optimization was 1.03 seconds.

  Program  MARK  - Survival Rate Estimation with Capture-Recapture Data
   gfortran(Win64) Vers. 8.0 Jun 2014   31-Jan-2015 13:38:01    Page  010
 - - - - - - - - - - - - - - - - - - - - - - - - - - - - - - - - - - - - - -
 
 -2logL { S(~age + sex)p(~age + sex)r(~1)F(~age) } = 2683.9173     
 Penalty { S(~age + sex)p(~age + sex)r(~1)F(~age) } = -0.0000000    
 Gradient { S(~age + sex)p(~age + sex)r(~1)F(~age) }:
  0.1139164E-02 0.7165895E-04  0.000000    -0.1078419E-04  0.000000    
   0.000000    -0.7790919E-05 0.1194076E-02 0.4959302E-03 0.3417868E-04
  0.1047638E-03 0.1252779E-04 0.8190502E-05  0.000000     0.4949199E-03
 -0.5827035E-02  0.000000     0.8431154E-05  0.000000     0.1110514E-04
   0.000000     0.1014421E-04
 S Vector { S(~age + sex)p(~age + sex)r(~1)F(~age) }:
   286.2199      35.17302      6.316050      4.621920      1.609990    
   1.080755     0.9583258     0.5588387     0.3468036     0.2786721    
  0.3974171E-05 0.3179230E-05 0.2557866E-05 0.2321784E-05 0.1962953E-05
  0.1332320E-05 0.9945610E-06 0.1922185E-06 0.1310742E-07 0.2468069E-08
  0.1291987E-08 0.2703160E-09
 Time to compute number of parameters was 0.50 seconds.
   Threshold =  0.4600000E-06     Condition index =  0.9444345E-12     New Threshold =  0.1267894E-08
 New Guessimate of Estimated Parameters { S(~age + sex)p(~age + sex)r(~1)F(~age) } = 17          
 Conditioned S Vector { S(~age + sex)p(~age + sex)r(~1)F(~age) }:
   1.000000     0.1228881     0.2206712E-01 0.1614814E-01 0.5625011E-02
  0.3775960E-02 0.3348215E-02 0.1952480E-02 0.1211668E-02 0.9736293E-03
  0.1388503E-07 0.1110765E-07 0.8936716E-08 0.8111888E-08 0.6858200E-08
  0.4654883E-08 0.3474814E-08 0.6715764E-09 0.4579493E-10 0.8622981E-11
  0.4513967E-11 0.9444345E-12
 Number of Estimated Parameters { S(~age + sex)p(~age + sex)r(~1)F(~age) } = 10          
 DEVIANCE { S(~age + sex)p(~age + sex)r(~1)F(~age) } = 944.09859                     
 DEVIANCE Degrees of Freedom { S(~age + sex)p(~age + sex)r(~1)F(~age) } = 5            
 c-hat { S(~age + sex)p(~age + sex)r(~1)F(~age) } = 188.81972                     
 AIC { S(~age + sex)p(~age + sex)r(~1)F(~age) } = 2703.9173                  
 AICc { S(~age + sex)p(~age + sex)r(~1)F(~age) } = 2703.9485                    
 BIC { S(~age + sex)p(~age + sex)r(~1)F(~age) } = 2772.5606                    
 Pearson Chisquare { S(~age + sex)p(~age + sex)r(~1)F(~age) } = Not a Number               
 Possible Encounter Histories { S(~age + sex)p(~age + sex)r(~1)F(~age) } = 896             
 Pearson Chisquare df { S(~age + sex)p(~age + sex)r(~1)F(~age) } = 850        
 Pearson chat { S(~age + sex)p(~age + sex)r(~1)F(~age) } = Not a Number               
 Sum(Observed/Expected) { S(~age + sex)p(~age + sex)r(~1)F(~age) } = Not a Number               
 Fletcher chat { S(~age + sex)p(~age + sex)r(~1)F(~age) } = Not a Number               


          LOGIT Link Function Parameters of { S(~age + sex)p(~age + sex)r(~1)F(~age) }
                                                              95% Confidence Interval
 Parameter                    Beta         Standard Error      Lower           Upper
 -------------------------  --------------  --------------  --------------  --------------
    1:S:(Intercept)         -4.5487970      0.5445328       -5.6160814      -3.4815126    
    2:S:age1                4.7113959       1.3979701       1.9713744       7.4514174     
    3:S:age2                82.723552       0.0000000       82.723552       82.723552     
    4:S:age3                3.2167948       1.3930306       0.4864548       5.9471348     
    5:S:age4                42.388347       0.0000000       42.388347       42.388347     
    6:S:age5                54.202547       0.0000000       54.202547       54.202547     
    7:S:age6                -4.8368898      0.0000000       -4.8368898      -4.8368898    
    8:S:sex5                0.3710106       0.5243243       -0.6566651      1.3986863     
    9:p:(Intercept)         -1.6591794      0.7753005       -3.1787684      -0.1395904    
   10:p:age2                -0.3305000      1.0674845       -2.4227698      1.7617697     
   11:p:age3                -0.7362769      1.2721144       -3.2296211      1.7570673     
   12:p:age4                2.6299098       1.5205536       -0.3503754      5.6101950     
   13:p:age5                -10.104261      567.42171       -1122.2508      1102.0423     
   14:p:age6                37.579794       0.0000000       37.579794       37.579794     
   15:p:sex5                -1.8483733      1.0569382       -3.9199723      0.2232256     
   16:r:(Intercept)         -3.1127580      0.0591851       -3.2287609      -2.9967551    
   17:F:(Intercept)         13.859250       863.62872       -1678.8531      1706.5716     
   18:F:age1                4.3936546       668.67080       -1306.2011      1314.9885     
   19:F:age2                5.6749226       625.63907       -1220.5777      1231.9275     

  Program  MARK  - Survival Rate Estimation with Capture-Recapture Data
   gfortran(Win64) Vers. 8.0 Jun 2014   31-Jan-2015 13:38:01    Page  011
 - - - - - - - - - - - - - - - - - - - - - - - - - - - - - - - - - - - - - -
 
   20:F:age3                3.0949278       0.0000000       3.0949278       3.0949278     
   21:F:age4                3.4671337       784.05079       -1533.2725      1540.2067     
   22:F:age5                3.4828257       758.65020       -1483.4716      1490.4373     


          Real Function Parameters of { S(~age + sex)p(~age + sex)r(~1)F(~age) }
                                                               95% Confidence Interval
  Parameter                  Estimate       Standard Error      Lower           Upper
 --------------------------  --------------  --------------  --------------  --------------
     1:S g41 c2005 c1 a0 t2  0.0104692       0.0056411       0.0036257       0.0298429                           
     2:S g41 c2005 c1 a1 t2  0.5405604       0.3179252       0.0873487       0.9353325                           
     3:S g41 c2005 c1 a2 t2  1.0000000       0.0000000       1.0000000       1.0000000                           
     4:S g41 c2005 c1 a3 t2  0.2088284       0.1905803       0.0267824       0.7168437                           
     5:S g41 c2005 c1 a4 t2  1.0000000       0.0000000       1.0000000       1.0000000                           
     6:S g41 c2005 c1 a5 t2  1.0000000       0.0000000       1.0000000       1.0000000                           
     7:S g41 c2005 c1 a6 t2  0.8390959E-004  0.0000000       0.8390959E-004  0.8390959E-004                      
     8:S g51 c2005 c1 a0 t2  0.0151009       0.0084756       0.0049929       0.0447515                           
     9:S g51 c2005 c1 a1 t2  0.6303246       0.3103768       0.1113414       0.9586848                           
    10:S g51 c2005 c1 a2 t2  1.0000000       0.0000000       1.0000000       1.0000000                           
    11:S g51 c2005 c1 a3 t2  0.2766797       0.2234775       0.0411043       0.7734135                           
    12:S g51 c2005 c1 a4 t2  1.0000000       0.0000000       1.0000000       1.0000000                           
    13:S g51 c2005 c1 a5 t2  1.0000000       0.0000000       1.0000000       1.0000000                           
    14:S g51 c2005 c1 a6 t2  0.1215971E-003  0.0000000       0.1215971E-003  0.1215971E-003                      
    15:p g41 c2005 c1 a1 t2  0.1598722       0.1041330       0.0399726       0.4651589                           
    16:p g41 c2005 c1 a2 t2  0.1202908       0.1214709       0.0142093       0.5646825                           
    17:p g41 c2005 c1 a3 t2  0.0835198       0.1028783       0.0064978       0.5594314                           
    18:p g41 c2005 c1 a4 t2  0.7252650       0.3054754       0.1156677       0.9815772                           
    19:p g41 c2005 c1 a5 t2  0.7783938E-005  0.0044167       0.7674771E-309  1.0000000                           
    20:p g41 c2005 c1 a6 t2  1.0000000       0.0000000       1.0000000       1.0000000                           
    21:p g51 c2005 c1 a1 t2  0.0290981       0.0280089       0.0042748       0.1730196                           
    22:p g51 c2005 c1 a2 t2  0.0210815       0.0258380       0.0018476       0.2003522                           
    23:p g51 c2005 c1 a3 t2  0.0141494       0.0201654       0.8433705E-003  0.1961711                           
    24:p g51 c2005 c1 a4 t2  0.2936664       0.2814526       0.0282742       0.8559239                           
    25:p g51 c2005 c1 a5 t2  0.1225925E-005  0.6956149E-003  0.1208724E-309  1.0000000                           
    26:p g51 c2005 c1 a6 t2  1.0000000       0.0000000       1.0000000       1.0000000                           
    27:r g41 c2005 c1 a0 t2  0.0425841       0.0024130       0.0380976       0.0475727                           
    28:F g41 c2005 c1 a0 t2  0.9999990       0.8266668E-003  0.1030050E-297  1.0000000                           
    29:F g41 c2005 c1 a1 t2  1.0000000       0.1316544E-004  0.8336781E-296  1.0000000                           
    30:F g41 c2005 c1 a2 t2  1.0000000       0.3447909E-005  0.9999932       1.0000068                           
    31:F g41 c2005 c1 a3 t2  1.0000000       0.0000000       1.0000000       1.0000000                           
    32:F g41 c2005 c1 a4 t2  1.0000000       0.3478719E-004  0.3300772E-296  1.0000000                           
    33:F g41 c2005 c1 a5 t2  1.0000000       0.3472845E-004  0.3352976E-296  1.0000000                           

 Attempted ordering of parameters by estimatibility:
  16  1  8  9 10 15 11  4  2 12  7 13 19 18 22 17 20 21  5 14  6  3
 Beta number 3 is a singular value.

     CPU Time in seconds for last procedure was 1.54

  Program  MARK  - Survival Rate Estimation with Capture-Recapture Data
   gfortran(Win64) Vers. 8.0 Jun 2014   31-Jan-2015 13:38:01    Page  012
 - - - - - - - - - - - - - - - - - - - - - - - - - - - - - - - - - - - - - -
 


  INPUT --- proc stop;

     CPU Time in minutes for this job was 0.03

     Time Start = 13:38:00.825   Time End = 13:38:01.239

     Wall Clock Time in minutes for this job was 0.01


          E X E C U T I O N   S U C C E S S F U L 
