
   Program  MARK  - Survival Rate Estimation with Capture-Recapture Data
   gfortran(Win64) Vers. 8.0 Jun 2014   25-Jan-2015 15:10:42    Page  001
 - - - - - - - - - - - - - - - - - - - - - - - - - - - - - - - - - - - - - -
 
   This version was compiled by GCC version 4.8.1 using the options 
   -m64 -mtune=generic -march=x86-64 -mthreads -O2 -fimplicit-none -fbounds-check -funroll-loops -ftree-vectorize -fopenmp.
   This problem will use 7 of 8 possible threads.


  INPUT --- proc title ;

     CPU Time in seconds for last procedure was 0.00


  INPUT --- proc chmatrix occasions= 7 groups= 6 etype= Both ICMeans 
  INPUT --- NoHist hist= 51 ;

  INPUT ---    time  interval 1 1 1 1 1 1 1 ;

  INPUT ---    glabel(1)=sex4.age1;

  INPUT ---    glabel(2)=sex5.age1;

  INPUT ---    glabel(3)=sex4.age2;

  INPUT ---    glabel(4)=sex5.age2;

  INPUT ---    glabel(5)=sex4.age4;

  INPUT ---    glabel(6)=sex5.age4;

   * *  WARNING  * *   At least a pair of the encounter histories are duplicates. 

      Number of unique encounter histories read was 17.

      Number of individual covariates read was 0.
      Time interval lengths are all equal to 1.

      Data type number is 3
      Data type is Joint Live and Dead Encounters (Burnham)                                                            

     CPU Time in seconds for last procedure was 0.02

  Program  MARK  - Survival Rate Estimation with Capture-Recapture Data
   gfortran(Win64) Vers. 8.0 Jun 2014   25-Jan-2015 15:10:42    Page  002
 - - - - - - - - - - - - - - - - - - - - - - - - - - - - - - - - - - - - - -
 


  INPUT --- proc estimate link=Logit NOLOOP varest=2ndPart    ;


  INPUT --- model={ S(~sex + time)p(~sex)r(~1)F(~1) };

  INPUT ---    group=1 S    rows=7 cols=7 Triang ;
  INPUT ---        1 2 3 4 5 6 7 ;
  INPUT ---        2 3 4 5 6 7 ;
  INPUT ---        3 4 5 6 7 ;
  INPUT ---        4 5 6 7 ;
  INPUT ---        5 6 7 ;
  INPUT ---        6 7 ;
  INPUT ---        7 ;

  INPUT ---    group=2 S    rows=7 cols=7 Triang ;
  INPUT ---        8 9 10 11 12 13 14 ;
  INPUT ---        9 10 11 12 13 14 ;
  INPUT ---        10 11 12 13 14 ;
  INPUT ---        11 12 13 14 ;
  INPUT ---        12 13 14 ;
  INPUT ---        13 14 ;
  INPUT ---        14 ;

  INPUT ---    group=3 S    rows=7 cols=7 Triang ;
  INPUT ---        1 2 3 4 5 6 7 ;
  INPUT ---        2 3 4 5 6 7 ;
  INPUT ---        3 4 5 6 7 ;
  INPUT ---        4 5 6 7 ;
  INPUT ---        5 6 7 ;
  INPUT ---        6 7 ;
  INPUT ---        7 ;

  INPUT ---    group=4 S    rows=7 cols=7 Triang ;
  INPUT ---        8 9 10 11 12 13 14 ;
  INPUT ---        9 10 11 12 13 14 ;
  INPUT ---        10 11 12 13 14 ;
  INPUT ---        11 12 13 14 ;
  INPUT ---        12 13 14 ;
  INPUT ---        13 14 ;
  INPUT ---        14 ;

  INPUT ---    group=5 S    rows=7 cols=7 Triang ;
  INPUT ---        1 2 3 4 5 6 7 ;
  INPUT ---        2 3 4 5 6 7 ;

  Program  MARK  - Survival Rate Estimation with Capture-Recapture Data
   gfortran(Win64) Vers. 8.0 Jun 2014   25-Jan-2015 15:10:42    Page  003
 - - - - - - - - - - - - - - - - - - - - - - - - - - - - - - - - - - - - - -
 
  INPUT ---        3 4 5 6 7 ;
  INPUT ---        4 5 6 7 ;
  INPUT ---        5 6 7 ;
  INPUT ---        6 7 ;
  INPUT ---        7 ;

  INPUT ---    group=6 S    rows=7 cols=7 Triang ;
  INPUT ---        8 9 10 11 12 13 14 ;
  INPUT ---        9 10 11 12 13 14 ;
  INPUT ---        10 11 12 13 14 ;
  INPUT ---        11 12 13 14 ;
  INPUT ---        12 13 14 ;
  INPUT ---        13 14 ;
  INPUT ---        14 ;

  INPUT ---    group=1 p    rows=6 cols=6 Triang ;
  INPUT ---        15 15 15 15 15 15 ;
  INPUT ---        15 15 15 15 15 ;
  INPUT ---        15 15 15 15 ;
  INPUT ---        15 15 15 ;
  INPUT ---        15 15 ;
  INPUT ---        15 ;

  INPUT ---    group=2 p    rows=6 cols=6 Triang ;
  INPUT ---        16 16 16 16 16 16 ;
  INPUT ---        16 16 16 16 16 ;
  INPUT ---        16 16 16 16 ;
  INPUT ---        16 16 16 ;
  INPUT ---        16 16 ;
  INPUT ---        16 ;

  INPUT ---    group=3 p    rows=6 cols=6 Triang ;
  INPUT ---        15 15 15 15 15 15 ;
  INPUT ---        15 15 15 15 15 ;
  INPUT ---        15 15 15 15 ;
  INPUT ---        15 15 15 ;
  INPUT ---        15 15 ;
  INPUT ---        15 ;

  INPUT ---    group=4 p    rows=6 cols=6 Triang ;
  INPUT ---        16 16 16 16 16 16 ;
  INPUT ---        16 16 16 16 16 ;
  INPUT ---        16 16 16 16 ;
  INPUT ---        16 16 16 ;
  INPUT ---        16 16 ;
  INPUT ---        16 ;

  Program  MARK  - Survival Rate Estimation with Capture-Recapture Data
   gfortran(Win64) Vers. 8.0 Jun 2014   25-Jan-2015 15:10:42    Page  004
 - - - - - - - - - - - - - - - - - - - - - - - - - - - - - - - - - - - - - -
 

  INPUT ---    group=5 p    rows=6 cols=6 Triang ;
  INPUT ---        15 15 15 15 15 15 ;
  INPUT ---        15 15 15 15 15 ;
  INPUT ---        15 15 15 15 ;
  INPUT ---        15 15 15 ;
  INPUT ---        15 15 ;
  INPUT ---        15 ;

  INPUT ---    group=6 p    rows=6 cols=6 Triang ;
  INPUT ---        16 16 16 16 16 16 ;
  INPUT ---        16 16 16 16 16 ;
  INPUT ---        16 16 16 16 ;
  INPUT ---        16 16 16 ;
  INPUT ---        16 16 ;
  INPUT ---        16 ;

  INPUT ---    group=1 r    rows=7 cols=7 Triang ;
  INPUT ---        17 17 17 17 17 17 17 ;
  INPUT ---        17 17 17 17 17 17 ;
  INPUT ---        17 17 17 17 17 ;
  INPUT ---        17 17 17 17 ;
  INPUT ---        17 17 17 ;
  INPUT ---        17 17 ;
  INPUT ---        17 ;

  INPUT ---    group=2 r    rows=7 cols=7 Triang ;
  INPUT ---        17 17 17 17 17 17 17 ;
  INPUT ---        17 17 17 17 17 17 ;
  INPUT ---        17 17 17 17 17 ;
  INPUT ---        17 17 17 17 ;
  INPUT ---        17 17 17 ;
  INPUT ---        17 17 ;
  INPUT ---        17 ;

  INPUT ---    group=3 r    rows=7 cols=7 Triang ;
  INPUT ---        17 17 17 17 17 17 17 ;
  INPUT ---        17 17 17 17 17 17 ;
  INPUT ---        17 17 17 17 17 ;
  INPUT ---        17 17 17 17 ;
  INPUT ---        17 17 17 ;
  INPUT ---        17 17 ;
  INPUT ---        17 ;

  INPUT ---    group=4 r    rows=7 cols=7 Triang ;
  INPUT ---        17 17 17 17 17 17 17 ;

  Program  MARK  - Survival Rate Estimation with Capture-Recapture Data
   gfortran(Win64) Vers. 8.0 Jun 2014   25-Jan-2015 15:10:42    Page  005
 - - - - - - - - - - - - - - - - - - - - - - - - - - - - - - - - - - - - - -
 
  INPUT ---        17 17 17 17 17 17 ;
  INPUT ---        17 17 17 17 17 ;
  INPUT ---        17 17 17 17 ;
  INPUT ---        17 17 17 ;
  INPUT ---        17 17 ;
  INPUT ---        17 ;

  INPUT ---    group=5 r    rows=7 cols=7 Triang ;
  INPUT ---        17 17 17 17 17 17 17 ;
  INPUT ---        17 17 17 17 17 17 ;
  INPUT ---        17 17 17 17 17 ;
  INPUT ---        17 17 17 17 ;
  INPUT ---        17 17 17 ;
  INPUT ---        17 17 ;
  INPUT ---        17 ;

  INPUT ---    group=6 r    rows=7 cols=7 Triang ;
  INPUT ---        17 17 17 17 17 17 17 ;
  INPUT ---        17 17 17 17 17 17 ;
  INPUT ---        17 17 17 17 17 ;
  INPUT ---        17 17 17 17 ;
  INPUT ---        17 17 17 ;
  INPUT ---        17 17 ;
  INPUT ---        17 ;

  INPUT ---    group=1 F    rows=6 cols=6 Triang ;
  INPUT ---        18 18 18 18 18 18 ;
  INPUT ---        18 18 18 18 18 ;
  INPUT ---        18 18 18 18 ;
  INPUT ---        18 18 18 ;
  INPUT ---        18 18 ;
  INPUT ---        18 ;

  INPUT ---    group=2 F    rows=6 cols=6 Triang ;
  INPUT ---        18 18 18 18 18 18 ;
  INPUT ---        18 18 18 18 18 ;
  INPUT ---        18 18 18 18 ;
  INPUT ---        18 18 18 ;
  INPUT ---        18 18 ;
  INPUT ---        18 ;

  INPUT ---    group=3 F    rows=6 cols=6 Triang ;
  INPUT ---        18 18 18 18 18 18 ;
  INPUT ---        18 18 18 18 18 ;
  INPUT ---        18 18 18 18 ;
  INPUT ---        18 18 18 ;

  Program  MARK  - Survival Rate Estimation with Capture-Recapture Data
   gfortran(Win64) Vers. 8.0 Jun 2014   25-Jan-2015 15:10:42    Page  006
 - - - - - - - - - - - - - - - - - - - - - - - - - - - - - - - - - - - - - -
 
  INPUT ---        18 18 ;
  INPUT ---        18 ;

  INPUT ---    group=4 F    rows=6 cols=6 Triang ;
  INPUT ---        18 18 18 18 18 18 ;
  INPUT ---        18 18 18 18 18 ;
  INPUT ---        18 18 18 18 ;
  INPUT ---        18 18 18 ;
  INPUT ---        18 18 ;
  INPUT ---        18 ;

  INPUT ---    group=5 F    rows=6 cols=6 Triang ;
  INPUT ---        18 18 18 18 18 18 ;
  INPUT ---        18 18 18 18 18 ;
  INPUT ---        18 18 18 18 ;
  INPUT ---        18 18 18 ;
  INPUT ---        18 18 ;
  INPUT ---        18 ;

  INPUT ---    group=6 F    rows=6 cols=6 Triang ;
  INPUT ---        18 18 18 18 18 18 ;
  INPUT ---        18 18 18 18 18 ;
  INPUT ---        18 18 18 18 ;
  INPUT ---        18 18 18 ;
  INPUT ---        18 18 ;
  INPUT ---        18 ;

  INPUT ---    design matrix constraints=18 covariates=12;
  INPUT ---        1 0 0 0 0 0 0 0 0 0 0 0;
  INPUT ---        1 0 1 0 0 0 0 0 0 0 0 0;
  INPUT ---        1 0 0 1 0 0 0 0 0 0 0 0;
  INPUT ---        1 0 0 0 1 0 0 0 0 0 0 0;
  INPUT ---        1 0 0 0 0 1 0 0 0 0 0 0;
  INPUT ---        1 0 0 0 0 0 1 0 0 0 0 0;
  INPUT ---        1 0 0 0 0 0 0 1 0 0 0 0;
  INPUT ---        1 1 0 0 0 0 0 0 0 0 0 0;
  INPUT ---        1 1 1 0 0 0 0 0 0 0 0 0;
  INPUT ---        1 1 0 1 0 0 0 0 0 0 0 0;
  INPUT ---        1 1 0 0 1 0 0 0 0 0 0 0;
  INPUT ---        1 1 0 0 0 1 0 0 0 0 0 0;
  INPUT ---        1 1 0 0 0 0 1 0 0 0 0 0;
  INPUT ---        1 1 0 0 0 0 0 1 0 0 0 0;
  INPUT ---        0 0 0 0 0 0 0 0 1 0 0 0;
  INPUT ---        0 0 0 0 0 0 0 0 1 1 0 0;
  INPUT ---        0 0 0 0 0 0 0 0 0 0 1 0;
  INPUT ---        0 0 0 0 0 0 0 0 0 0 0 1;

  Program  MARK  - Survival Rate Estimation with Capture-Recapture Data
   gfortran(Win64) Vers. 8.0 Jun 2014   25-Jan-2015 15:10:42    Page  007
 - - - - - - - - - - - - - - - - - - - - - - - - - - - - - - - - - - - - - -
 

  INPUT ---    blabel(1)=S:(Intercept);

  INPUT ---    blabel(2)=S:sex5;

  INPUT ---    blabel(3)=S:time2006;

  INPUT ---    blabel(4)=S:time2007;

  INPUT ---    blabel(5)=S:time2008;

  INPUT ---    blabel(6)=S:time2009;

  INPUT ---    blabel(7)=S:time2010;

  INPUT ---    blabel(8)=S:time2011;

  INPUT ---    blabel(9)=p:(Intercept);

  INPUT ---    blabel(10)=p:sex5;

  INPUT ---    blabel(11)=r:(Intercept);

  INPUT ---    blabel(12)=F:(Intercept);

  INPUT ---    rlabel(1)=S g41 c2005 c1 a0 t2005;

  INPUT ---    rlabel(2)=S g41 c2005 c1 a1 t2006;

  INPUT ---    rlabel(3)=S g41 c2005 c1 a2 t2007;

  INPUT ---    rlabel(4)=S g41 c2005 c1 a3 t2008;

  INPUT ---    rlabel(5)=S g41 c2005 c1 a4 t2009;

  INPUT ---    rlabel(6)=S g41 c2005 c1 a5 t2010;

  INPUT ---    rlabel(7)=S g41 c2005 c1 a6 t2011;

  INPUT ---    rlabel(8)=S g51 c2005 c1 a0 t2005;

  INPUT ---    rlabel(9)=S g51 c2005 c1 a1 t2006;

  INPUT ---    rlabel(10)=S g51 c2005 c1 a2 t2007;

  INPUT ---    rlabel(11)=S g51 c2005 c1 a3 t2008;

  Program  MARK  - Survival Rate Estimation with Capture-Recapture Data
   gfortran(Win64) Vers. 8.0 Jun 2014   25-Jan-2015 15:10:42    Page  008
 - - - - - - - - - - - - - - - - - - - - - - - - - - - - - - - - - - - - - -
 

  INPUT ---    rlabel(12)=S g51 c2005 c1 a4 t2009;

  INPUT ---    rlabel(13)=S g51 c2005 c1 a5 t2010;

  INPUT ---    rlabel(14)=S g51 c2005 c1 a6 t2011;

  INPUT ---    rlabel(15)=p g41 c2005 c1 a1 t2006;

  INPUT ---    rlabel(16)=p g51 c2005 c1 a1 t2006;

  INPUT ---    rlabel(17)=r g41 c2005 c1 a0 t2005;

  INPUT ---    rlabel(18)=F g41 c2005 c1 a0 t2005;

 Link Function Used is LOGIT        

 Variance Estimation Procedure Used is 2ndPart 

 M(t+1):



 -2logL(saturated) = 1739.8188     
 Effective Sample Size = 7075

 Number of function evaluations was 60 for 12 parameters.
 Time for numerical optimization was 0.45 seconds.
 -2logL { S(~sex + time)p(~sex)r(~1)F(~1) } = 2666.4701     
 Penalty { S(~sex + time)p(~sex)r(~1)F(~1) } = -0.0000000    
 Gradient { S(~sex + time)p(~sex)r(~1)F(~1) }:
  0.8122653E-04-0.1110114E-03 0.1024158E-03  0.000000    -0.2616098E-04
   0.000000      0.000000     0.4839684E-05 0.7725113E-04-0.7502192E-04
  0.2392486E-01 0.2334916E-05
 S Vector { S(~sex + time)p(~sex)r(~1)F(~1) }:
   286.3495      14.74048      2.649514      1.830627     0.5350601    
  0.7323978E-01 0.1665732E-04 0.2240736E-05 0.9258449E-07 0.6691291E-07
  0.8622299E-08 0.2109362E-09
 Time to compute number of parameters was 0.22 seconds.
   Threshold =  0.2600000E-06     Condition index =  0.7366389E-12     New Threshold =  0.7307045E-09
 New Guessimate of Estimated Parameters { S(~sex + time)p(~sex)r(~1)F(~1) } = 8          
 Conditioned S Vector { S(~sex + time)p(~sex)r(~1)F(~1) }:
   1.000000     0.5147723E-01 0.9252729E-02 0.6392980E-02 0.1868556E-02
  0.2557706E-03 0.5817128E-07 0.7825178E-08 0.3233269E-09 0.2336756E-09
  0.3011110E-10 0.7366389E-12
 Number of Estimated Parameters { S(~sex + time)p(~sex)r(~1)F(~1) } = 6          
 DEVIANCE { S(~sex + time)p(~sex)r(~1)F(~1) } = 926.65136                     
 DEVIANCE Degrees of Freedom { S(~sex + time)p(~sex)r(~1)F(~1) } = 9            
 c-hat { S(~sex + time)p(~sex)r(~1)F(~1) } = 102.96126                     
 AIC { S(~sex + time)p(~sex)r(~1)F(~1) } = 2678.4701                  
 AICc { S(~sex + time)p(~sex)r(~1)F(~1) } = 2678.4820                    
 BIC { S(~sex + time)p(~sex)r(~1)F(~1) } = 2719.6561                    
 Pearson Chisquare { S(~sex + time)p(~sex)r(~1)F(~1) } = Not a Number               
 Possible Encounter Histories { S(~sex + time)p(~sex)r(~1)F(~1) } = 896             
 Pearson Chisquare df { S(~sex + time)p(~sex)r(~1)F(~1) } = 854        
 Pearson chat { S(~sex + time)p(~sex)r(~1)F(~1) } = Not a Number               
 Sum(Observed/Expected) { S(~sex + time)p(~sex)r(~1)F(~1) } = Not a Number               
 Fletcher chat { S(~sex + time)p(~sex)r(~1)F(~1) } = Not a Number               

  Program  MARK  - Survival Rate Estimation with Capture-Recapture Data
   gfortran(Win64) Vers. 8.0 Jun 2014   25-Jan-2015 15:10:42    Page  009
 - - - - - - - - - - - - - - - - - - - - - - - - - - - - - - - - - - - - - -
 


             LOGIT Link Function Parameters of { S(~sex + time)p(~sex)r(~1)F(~1) }
                                                              95% Confidence Interval
 Parameter                    Beta         Standard Error      Lower           Upper
 -------------------------  --------------  --------------  --------------  --------------
    1:S:(Intercept)         138.70343       145.54431       -146.56344      423.97029     
    2:S:sex5                2.6871213       3.5643136       -4.2989334      9.6731761     
    3:S:time2006            -138.93542      145.54043       -424.19468      146.32383     
    4:S:time2007            -4.2546709      2644.4491       -5187.3749      5178.8656     
    5:S:time2008            -140.71871      145.55244       -426.00150      144.56408     
    6:S:time2009            -93.760690      0.1045761       -93.965659      -93.555721    
    7:S:time2010            16.842180       0.0000000       16.842180       16.842180     
    8:S:time2011            -157.86668      665.40614       -1462.0627      1146.3294     
    9:p:(Intercept)         -6.0639301      0.4258972       -6.8986886      -5.2291716    
   10:p:sex5                -1.4246693      0.8810610       -3.1515490      0.3022104     
   11:r:(Intercept)         -3.1188987      0.0590951       -3.2347252      -3.0030722    
   12:F:(Intercept)         18.400864       0.0000000       18.400864       18.400864     


             Real Function Parameters of { S(~sex + time)p(~sex)r(~1)F(~1) }
                                                               95% Confidence Interval
  Parameter                  Estimate       Standard Error      Lower           Upper
 --------------------------  --------------  --------------  --------------  --------------
     1:S g41 c2005 c1 a0 t2  1.0000000       0.0000000       1.0000000       1.0000000                           
     2:S g41 c2005 c1 a1 t2  0.4422592       0.3852122       0.0358162       0.9442169                           
     3:S g41 c2005 c1 a2 t2  1.0000000       0.0000000       1.0000000       1.0000000                           
     4:S g41 c2005 c1 a3 t2  0.1176077       0.1297351       0.0113675       0.6070671                           
     5:S g41 c2005 c1 a4 t2  1.0000000       0.0000000       1.0000000       1.0000000                           
     6:S g41 c2005 c1 a5 t2  1.0000000       0.0000000       1.0000000       1.0000000                           
     7:S g41 c2005 c1 a6 t2  0.4758898E-008  0.3089987E-005  -.6051615E-005  0.6061133E-005                      
     8:S g51 c2005 c1 a0 t2  1.0000000       0.0000000       1.0000000       1.0000000                           
     9:S g51 c2005 c1 a1 t2  0.9209353       0.3065623       0.0030276       0.9999776                           
    10:S g51 c2005 c1 a2 t2  1.0000000       0.0000000       1.0000000       1.0000000                           
    11:S g51 c2005 c1 a3 t2  0.6619149       0.6993720       0.0042627       0.9988844                           
    12:S g51 c2005 c1 a4 t2  1.0000000       0.0000000       1.0000000       1.0000000                           
    13:S g51 c2005 c1 a5 t2  1.0000000       0.0000000       1.0000000       1.0000000                           
    14:S g51 c2005 c1 a6 t2  0.6990501E-007  0.4538994E-004  0.6892408E-311  1.0000000                           
    15:p g41 c2005 c1 a1 t2  0.0023199       0.9857256E-003  0.0010081       0.0053294                           
    16:p g51 c2005 c1 a1 t2  0.5591132E-003  0.4418539E-003  0.1187457E-003  0.0026283                           
    17:r g41 c2005 c1 a0 t2  0.0423344       0.0023958       0.0378797       0.0472873                           
    18:F g41 c2005 c1 a0 t2  1.0000000       0.0000000       1.0000000       1.0000000                           

 Attempted ordering of parameters by estimatibility:
  11  9 10  1  3  2  5  8  4 12  7  6
 Beta number 6 is a singular value.

     CPU Time in seconds for last procedure was 0.69

  Program  MARK  - Survival Rate Estimation with Capture-Recapture Data
   gfortran(Win64) Vers. 8.0 Jun 2014   25-Jan-2015 15:10:42    Page  010
 - - - - - - - - - - - - - - - - - - - - - - - - - - - - - - - - - - - - - -
 


  INPUT --- proc stop;

     CPU Time in minutes for this job was 0.01

     Time Start = 15:10:42.618   Time End = 15:10:42.858

     Wall Clock Time in minutes for this job was 0.00


          E X E C U T I O N   S U C C E S S F U L 
