
   Program  MARK  - Survival Rate Estimation with Capture-Recapture Data
   gfortran(Win64) Vers. 8.0 Jun 2014   25-Jan-2015 15:09:54    Page  001
 - - - - - - - - - - - - - - - - - - - - - - - - - - - - - - - - - - - - - -
 
   This version was compiled by GCC version 4.8.1 using the options 
   -m64 -mtune=generic -march=x86-64 -mthreads -O2 -fimplicit-none -fbounds-check -funroll-loops -ftree-vectorize -fopenmp.
   This problem will use 7 of 8 possible threads.


  INPUT --- proc title ;

     CPU Time in seconds for last procedure was 0.00


  INPUT --- proc chmatrix occasions= 7 groups= 6 etype= Both ICMeans 
  INPUT --- NoHist hist= 51 ;

  INPUT ---    time  interval 1 1 1 1 1 1 1 ;

  INPUT ---    glabel(1)=sex4.age1;

  INPUT ---    glabel(2)=sex5.age1;

  INPUT ---    glabel(3)=sex4.age2;

  INPUT ---    glabel(4)=sex5.age2;

  INPUT ---    glabel(5)=sex4.age4;

  INPUT ---    glabel(6)=sex5.age4;

   * *  WARNING  * *   At least a pair of the encounter histories are duplicates. 

      Number of unique encounter histories read was 17.

      Number of individual covariates read was 0.
      Time interval lengths are all equal to 1.

      Data type number is 3
      Data type is Joint Live and Dead Encounters (Burnham)                                                            

     CPU Time in seconds for last procedure was 0.00

  Program  MARK  - Survival Rate Estimation with Capture-Recapture Data
   gfortran(Win64) Vers. 8.0 Jun 2014   25-Jan-2015 15:09:54    Page  002
 - - - - - - - - - - - - - - - - - - - - - - - - - - - - - - - - - - - - - -
 


  INPUT --- proc estimate link=Logit NOLOOP varest=2ndPart    ;


  INPUT --- model={ S(~age)p(~sex)r(~age)F(~1) };

  INPUT ---    group=1 S    rows=7 cols=7 Triang ;
  INPUT ---        1 2 3 4 5 6 7 ;
  INPUT ---        1 2 3 4 5 6 ;
  INPUT ---        1 2 3 4 5 ;
  INPUT ---        1 2 3 4 ;
  INPUT ---        1 2 3 ;
  INPUT ---        1 2 ;
  INPUT ---        1 ;

  INPUT ---    group=2 S    rows=7 cols=7 Triang ;
  INPUT ---        1 2 3 4 5 6 7 ;
  INPUT ---        1 2 3 4 5 6 ;
  INPUT ---        1 2 3 4 5 ;
  INPUT ---        1 2 3 4 ;
  INPUT ---        1 2 3 ;
  INPUT ---        1 2 ;
  INPUT ---        1 ;

  INPUT ---    group=3 S    rows=7 cols=7 Triang ;
  INPUT ---        1 2 3 4 5 6 7 ;
  INPUT ---        1 2 3 4 5 6 ;
  INPUT ---        1 2 3 4 5 ;
  INPUT ---        1 2 3 4 ;
  INPUT ---        1 2 3 ;
  INPUT ---        1 2 ;
  INPUT ---        1 ;

  INPUT ---    group=4 S    rows=7 cols=7 Triang ;
  INPUT ---        1 2 3 4 5 6 7 ;
  INPUT ---        1 2 3 4 5 6 ;
  INPUT ---        1 2 3 4 5 ;
  INPUT ---        1 2 3 4 ;
  INPUT ---        1 2 3 ;
  INPUT ---        1 2 ;
  INPUT ---        1 ;

  INPUT ---    group=5 S    rows=7 cols=7 Triang ;
  INPUT ---        1 2 3 4 5 6 7 ;
  INPUT ---        1 2 3 4 5 6 ;

  Program  MARK  - Survival Rate Estimation with Capture-Recapture Data
   gfortran(Win64) Vers. 8.0 Jun 2014   25-Jan-2015 15:09:54    Page  003
 - - - - - - - - - - - - - - - - - - - - - - - - - - - - - - - - - - - - - -
 
  INPUT ---        1 2 3 4 5 ;
  INPUT ---        1 2 3 4 ;
  INPUT ---        1 2 3 ;
  INPUT ---        1 2 ;
  INPUT ---        1 ;

  INPUT ---    group=6 S    rows=7 cols=7 Triang ;
  INPUT ---        1 2 3 4 5 6 7 ;
  INPUT ---        1 2 3 4 5 6 ;
  INPUT ---        1 2 3 4 5 ;
  INPUT ---        1 2 3 4 ;
  INPUT ---        1 2 3 ;
  INPUT ---        1 2 ;
  INPUT ---        1 ;

  INPUT ---    group=1 p    rows=6 cols=6 Triang ;
  INPUT ---        8 8 8 8 8 8 ;
  INPUT ---        8 8 8 8 8 ;
  INPUT ---        8 8 8 8 ;
  INPUT ---        8 8 8 ;
  INPUT ---        8 8 ;
  INPUT ---        8 ;

  INPUT ---    group=2 p    rows=6 cols=6 Triang ;
  INPUT ---        9 9 9 9 9 9 ;
  INPUT ---        9 9 9 9 9 ;
  INPUT ---        9 9 9 9 ;
  INPUT ---        9 9 9 ;
  INPUT ---        9 9 ;
  INPUT ---        9 ;

  INPUT ---    group=3 p    rows=6 cols=6 Triang ;
  INPUT ---        8 8 8 8 8 8 ;
  INPUT ---        8 8 8 8 8 ;
  INPUT ---        8 8 8 8 ;
  INPUT ---        8 8 8 ;
  INPUT ---        8 8 ;
  INPUT ---        8 ;

  INPUT ---    group=4 p    rows=6 cols=6 Triang ;
  INPUT ---        9 9 9 9 9 9 ;
  INPUT ---        9 9 9 9 9 ;
  INPUT ---        9 9 9 9 ;
  INPUT ---        9 9 9 ;
  INPUT ---        9 9 ;
  INPUT ---        9 ;

  Program  MARK  - Survival Rate Estimation with Capture-Recapture Data
   gfortran(Win64) Vers. 8.0 Jun 2014   25-Jan-2015 15:09:54    Page  004
 - - - - - - - - - - - - - - - - - - - - - - - - - - - - - - - - - - - - - -
 

  INPUT ---    group=5 p    rows=6 cols=6 Triang ;
  INPUT ---        8 8 8 8 8 8 ;
  INPUT ---        8 8 8 8 8 ;
  INPUT ---        8 8 8 8 ;
  INPUT ---        8 8 8 ;
  INPUT ---        8 8 ;
  INPUT ---        8 ;

  INPUT ---    group=6 p    rows=6 cols=6 Triang ;
  INPUT ---        9 9 9 9 9 9 ;
  INPUT ---        9 9 9 9 9 ;
  INPUT ---        9 9 9 9 ;
  INPUT ---        9 9 9 ;
  INPUT ---        9 9 ;
  INPUT ---        9 ;

  INPUT ---    group=1 r    rows=7 cols=7 Triang ;
  INPUT ---        10 11 12 13 14 15 16 ;
  INPUT ---        10 11 12 13 14 15 ;
  INPUT ---        10 11 12 13 14 ;
  INPUT ---        10 11 12 13 ;
  INPUT ---        10 11 12 ;
  INPUT ---        10 11 ;
  INPUT ---        10 ;

  INPUT ---    group=2 r    rows=7 cols=7 Triang ;
  INPUT ---        10 11 12 13 14 15 16 ;
  INPUT ---        10 11 12 13 14 15 ;
  INPUT ---        10 11 12 13 14 ;
  INPUT ---        10 11 12 13 ;
  INPUT ---        10 11 12 ;
  INPUT ---        10 11 ;
  INPUT ---        10 ;

  INPUT ---    group=3 r    rows=7 cols=7 Triang ;
  INPUT ---        10 11 12 13 14 15 16 ;
  INPUT ---        10 11 12 13 14 15 ;
  INPUT ---        10 11 12 13 14 ;
  INPUT ---        10 11 12 13 ;
  INPUT ---        10 11 12 ;
  INPUT ---        10 11 ;
  INPUT ---        10 ;

  INPUT ---    group=4 r    rows=7 cols=7 Triang ;
  INPUT ---        10 11 12 13 14 15 16 ;

  Program  MARK  - Survival Rate Estimation with Capture-Recapture Data
   gfortran(Win64) Vers. 8.0 Jun 2014   25-Jan-2015 15:09:54    Page  005
 - - - - - - - - - - - - - - - - - - - - - - - - - - - - - - - - - - - - - -
 
  INPUT ---        10 11 12 13 14 15 ;
  INPUT ---        10 11 12 13 14 ;
  INPUT ---        10 11 12 13 ;
  INPUT ---        10 11 12 ;
  INPUT ---        10 11 ;
  INPUT ---        10 ;

  INPUT ---    group=5 r    rows=7 cols=7 Triang ;
  INPUT ---        10 11 12 13 14 15 16 ;
  INPUT ---        10 11 12 13 14 15 ;
  INPUT ---        10 11 12 13 14 ;
  INPUT ---        10 11 12 13 ;
  INPUT ---        10 11 12 ;
  INPUT ---        10 11 ;
  INPUT ---        10 ;

  INPUT ---    group=6 r    rows=7 cols=7 Triang ;
  INPUT ---        10 11 12 13 14 15 16 ;
  INPUT ---        10 11 12 13 14 15 ;
  INPUT ---        10 11 12 13 14 ;
  INPUT ---        10 11 12 13 ;
  INPUT ---        10 11 12 ;
  INPUT ---        10 11 ;
  INPUT ---        10 ;

  INPUT ---    group=1 F    rows=6 cols=6 Triang ;
  INPUT ---        17 17 17 17 17 17 ;
  INPUT ---        17 17 17 17 17 ;
  INPUT ---        17 17 17 17 ;
  INPUT ---        17 17 17 ;
  INPUT ---        17 17 ;
  INPUT ---        17 ;

  INPUT ---    group=2 F    rows=6 cols=6 Triang ;
  INPUT ---        17 17 17 17 17 17 ;
  INPUT ---        17 17 17 17 17 ;
  INPUT ---        17 17 17 17 ;
  INPUT ---        17 17 17 ;
  INPUT ---        17 17 ;
  INPUT ---        17 ;

  INPUT ---    group=3 F    rows=6 cols=6 Triang ;
  INPUT ---        17 17 17 17 17 17 ;
  INPUT ---        17 17 17 17 17 ;
  INPUT ---        17 17 17 17 ;
  INPUT ---        17 17 17 ;

  Program  MARK  - Survival Rate Estimation with Capture-Recapture Data
   gfortran(Win64) Vers. 8.0 Jun 2014   25-Jan-2015 15:09:54    Page  006
 - - - - - - - - - - - - - - - - - - - - - - - - - - - - - - - - - - - - - -
 
  INPUT ---        17 17 ;
  INPUT ---        17 ;

  INPUT ---    group=4 F    rows=6 cols=6 Triang ;
  INPUT ---        17 17 17 17 17 17 ;
  INPUT ---        17 17 17 17 17 ;
  INPUT ---        17 17 17 17 ;
  INPUT ---        17 17 17 ;
  INPUT ---        17 17 ;
  INPUT ---        17 ;

  INPUT ---    group=5 F    rows=6 cols=6 Triang ;
  INPUT ---        17 17 17 17 17 17 ;
  INPUT ---        17 17 17 17 17 ;
  INPUT ---        17 17 17 17 ;
  INPUT ---        17 17 17 ;
  INPUT ---        17 17 ;
  INPUT ---        17 ;

  INPUT ---    group=6 F    rows=6 cols=6 Triang ;
  INPUT ---        17 17 17 17 17 17 ;
  INPUT ---        17 17 17 17 17 ;
  INPUT ---        17 17 17 17 ;
  INPUT ---        17 17 17 ;
  INPUT ---        17 17 ;
  INPUT ---        17 ;

  INPUT ---    design matrix constraints=17 covariates=17;
  INPUT ---        1 0 0 0 0 0 0 0 0 0 0 0 0 0 0 0 0;
  INPUT ---        1 1 0 0 0 0 0 0 0 0 0 0 0 0 0 0 0;
  INPUT ---        1 0 1 0 0 0 0 0 0 0 0 0 0 0 0 0 0;
  INPUT ---        1 0 0 1 0 0 0 0 0 0 0 0 0 0 0 0 0;
  INPUT ---        1 0 0 0 1 0 0 0 0 0 0 0 0 0 0 0 0;
  INPUT ---        1 0 0 0 0 1 0 0 0 0 0 0 0 0 0 0 0;
  INPUT ---        1 0 0 0 0 0 1 0 0 0 0 0 0 0 0 0 0;
  INPUT ---        0 0 0 0 0 0 0 1 0 0 0 0 0 0 0 0 0;
  INPUT ---        0 0 0 0 0 0 0 1 1 0 0 0 0 0 0 0 0;
  INPUT ---        0 0 0 0 0 0 0 0 0 1 0 0 0 0 0 0 0;
  INPUT ---        0 0 0 0 0 0 0 0 0 1 1 0 0 0 0 0 0;
  INPUT ---        0 0 0 0 0 0 0 0 0 1 0 1 0 0 0 0 0;
  INPUT ---        0 0 0 0 0 0 0 0 0 1 0 0 1 0 0 0 0;
  INPUT ---        0 0 0 0 0 0 0 0 0 1 0 0 0 1 0 0 0;
  INPUT ---        0 0 0 0 0 0 0 0 0 1 0 0 0 0 1 0 0;
  INPUT ---        0 0 0 0 0 0 0 0 0 1 0 0 0 0 0 1 0;
  INPUT ---        0 0 0 0 0 0 0 0 0 0 0 0 0 0 0 0 1;


  Program  MARK  - Survival Rate Estimation with Capture-Recapture Data
   gfortran(Win64) Vers. 8.0 Jun 2014   25-Jan-2015 15:09:54    Page  007
 - - - - - - - - - - - - - - - - - - - - - - - - - - - - - - - - - - - - - -
 
  INPUT ---    blabel(1)=S:(Intercept);

  INPUT ---    blabel(2)=S:age1;

  INPUT ---    blabel(3)=S:age2;

  INPUT ---    blabel(4)=S:age3;

  INPUT ---    blabel(5)=S:age4;

  INPUT ---    blabel(6)=S:age5;

  INPUT ---    blabel(7)=S:age6;

  INPUT ---    blabel(8)=p:(Intercept);

  INPUT ---    blabel(9)=p:sex5;

  INPUT ---    blabel(10)=r:(Intercept);

  INPUT ---    blabel(11)=r:age1;

  INPUT ---    blabel(12)=r:age2;

  INPUT ---    blabel(13)=r:age3;

  INPUT ---    blabel(14)=r:age4;

  INPUT ---    blabel(15)=r:age5;

  INPUT ---    blabel(16)=r:age6;

  INPUT ---    blabel(17)=F:(Intercept);

  INPUT ---    rlabel(1)=S g41 c2005 c1 a0 t2005;

  INPUT ---    rlabel(2)=S g41 c2005 c1 a1 t2006;

  INPUT ---    rlabel(3)=S g41 c2005 c1 a2 t2007;

  INPUT ---    rlabel(4)=S g41 c2005 c1 a3 t2008;

  INPUT ---    rlabel(5)=S g41 c2005 c1 a4 t2009;

  INPUT ---    rlabel(6)=S g41 c2005 c1 a5 t2010;


  Program  MARK  - Survival Rate Estimation with Capture-Recapture Data
   gfortran(Win64) Vers. 8.0 Jun 2014   25-Jan-2015 15:09:54    Page  008
 - - - - - - - - - - - - - - - - - - - - - - - - - - - - - - - - - - - - - -
 
  INPUT ---    rlabel(7)=S g41 c2005 c1 a6 t2011;

  INPUT ---    rlabel(8)=p g41 c2005 c1 a1 t2006;

  INPUT ---    rlabel(9)=p g51 c2005 c1 a1 t2006;

  INPUT ---    rlabel(10)=r g41 c2005 c1 a0 t2005;

  INPUT ---    rlabel(11)=r g41 c2005 c1 a1 t2006;

  INPUT ---    rlabel(12)=r g41 c2005 c1 a2 t2007;

  INPUT ---    rlabel(13)=r g41 c2005 c1 a3 t2008;

  INPUT ---    rlabel(14)=r g41 c2005 c1 a4 t2009;

  INPUT ---    rlabel(15)=r g41 c2005 c1 a5 t2010;

  INPUT ---    rlabel(16)=r g41 c2005 c1 a6 t2011;

  INPUT ---    rlabel(17)=F g41 c2005 c1 a0 t2005;

 Link Function Used is LOGIT        

 Variance Estimation Procedure Used is 2ndPart 

 M(t+1):



 -2logL(saturated) = 1739.8188     
 Effective Sample Size = 7075

 Number of function evaluations was 249 for 17 parameters.
 Time for numerical optimization was 3.63 seconds.
 -2logL { S(~age)p(~sex)r(~age)F(~1) } = 2685.3062     
 Penalty { S(~age)p(~sex)r(~age)F(~1) } = -0.0000000    
 Gradient { S(~age)p(~sex)r(~age)F(~1) }:
  0.5738203E-02-0.4496018E-03-0.1904525E-04  0.000000      0.000000    
   0.000000      0.000000    -0.7585782E-03-0.2400615E-03-0.1497953E-02
 -0.4306935E-04  0.000000    -0.1459549E-05  0.000000    -0.3650131E-04
   0.000000    -0.3287791E-05
 S Vector { S(~age)p(~sex)r(~age)F(~1) }:
   292.4144      14.68394      2.396133      2.038574     0.9077749    
  0.3033286E-03 0.3176994E-04 0.4740986E-05 0.3705204E-05 0.1555074E-05
  0.4734815E-06 0.2240572E-06 0.5421182E-07 0.4349507E-07 0.2533478E-07
  0.1198062E-07 0.3089858E-08
 Time to compute number of parameters was 0.30 seconds.
   Threshold =  0.3600000E-06     Condition index =  0.1056671E-10     New Threshold =  0.1273981E-07

  Program  MARK  - Survival Rate Estimation with Capture-Recapture Data
   gfortran(Win64) Vers. 8.0 Jun 2014   25-Jan-2015 15:09:55    Page  009
 - - - - - - - - - - - - - - - - - - - - - - - - - - - - - - - - - - - - - -
 
 New Guessimate of Estimated Parameters { S(~age)p(~sex)r(~age)F(~1) } = 8          
 Conditioned S Vector { S(~age)p(~sex)r(~age)F(~1) }:
   1.000000     0.5021622E-01 0.8194307E-02 0.6971525E-02 0.3104413E-02
  0.1037325E-05 0.1086470E-06 0.1621324E-07 0.1267107E-07 0.5318048E-08
  0.1619214E-08 0.7662317E-09 0.1853938E-09 0.1487446E-09 0.8663998E-10
  0.4097138E-10 0.1056671E-10
 Number of Estimated Parameters { S(~age)p(~sex)r(~age)F(~1) } = 6          
 DEVIANCE { S(~age)p(~sex)r(~age)F(~1) } = 945.48747                     
 DEVIANCE Degrees of Freedom { S(~age)p(~sex)r(~age)F(~1) } = 9            
 c-hat { S(~age)p(~sex)r(~age)F(~1) } = 105.05416                     
 AIC { S(~age)p(~sex)r(~age)F(~1) } = 2697.3062                  
 AICc { S(~age)p(~sex)r(~age)F(~1) } = 2697.3181                    
 BIC { S(~age)p(~sex)r(~age)F(~1) } = 2738.4922                    
 Pearson Chisquare { S(~age)p(~sex)r(~age)F(~1) } = Not a Number               
 Possible Encounter Histories { S(~age)p(~sex)r(~age)F(~1) } = 896             
 Pearson Chisquare df { S(~age)p(~sex)r(~age)F(~1) } = 854        
 Pearson chat { S(~age)p(~sex)r(~age)F(~1) } = Not a Number               
 Sum(Observed/Expected) { S(~age)p(~sex)r(~age)F(~1) } = Not a Number               
 Fletcher chat { S(~age)p(~sex)r(~age)F(~1) } = Not a Number               


                LOGIT Link Function Parameters of { S(~age)p(~sex)r(~age)F(~1) }
                                                              95% Confidence Interval
 Parameter                    Beta         Standard Error      Lower           Upper
 -------------------------  --------------  --------------  --------------  --------------
    1:S:(Intercept)         2.9149048       7.5168888       -11.818197      17.648007     
    2:S:age1                -3.2480675      7.5846653       -18.114012      11.617877     
    3:S:age2                6.1631600       493.98783       -962.05300      974.37932     
    4:S:age3                38.738069       8825.0737       -17258.407      17335.883     
    5:S:age4                43.916601       6228.7793       -12164.491      12252.324     
    6:S:age5                32.192497       4904.5376       -9580.7014      9645.0864     
    7:S:age6                6.2162702       0.0000000       6.2162702       6.2162702     
    8:p:(Intercept)         -6.4934154      0.5987916       -7.6670471      -5.3197838    
    9:p:sex5                -0.7048654      0.6130190       -1.9063826      0.4966519     
   10:r:(Intercept)         1.5197075       39.721303       -76.334048      79.373463     
   11:r:age1                -9.5584901      40.123690       -88.200924      69.083944     
   12:r:age2                -14.347740      1453.1651       -2862.5513      2833.8559     
   13:r:age3                30.156714       4460.5514       -8712.5242      8772.8376     
   14:r:age4                -4.5077749      801.60808       -1575.6597      1566.6441     
   15:r:age5                -0.2458383      183.60143       -360.10465      359.61298     
   16:r:age6                -74.570611      1684.6874       -3376.5581      3227.4168     
   17:F:(Intercept)         12.831393       519.01293       -1004.4340      1030.0968     


                Real Function Parameters of { S(~age)p(~sex)r(~age)F(~1) }
                                                               95% Confidence Interval
  Parameter                  Estimate       Standard Error      Lower           Upper
 --------------------------  --------------  --------------  --------------  --------------
     1:S g41 c2005 c1 a0 t2  0.9485783       0.3666549       0.7369175E-005  1.0000000                           
     2:S g41 c2005 c1 a1 t2  0.4174713       0.2411397       0.0930756       0.8334560                           
     3:S g41 c2005 c1 a2 t2  0.9998859       0.0563677       0.8638058E-300  1.0000000                           
     4:S g41 c2005 c1 a3 t2  1.0000000       0.0000000       1.0000000       1.0000000                           
     5:S g41 c2005 c1 a4 t2  1.0000000       0.0000000       1.0000000       1.0000000                           
     6:S g41 c2005 c1 a5 t2  1.0000000       0.3267035E-011  1.0000000       1.0000000                           
     7:S g41 c2005 c1 a6 t2  0.9998918       0.0000000       0.9998918       0.9998918                           
     8:p g41 c2005 c1 a1 t2  0.0015111       0.9034575E-003  0.4677788E-003  0.0048700                           
     9:p g51 c2005 c1 a1 t2  0.7473115E-003  0.5184000E-003  0.1917889E-003  0.0029072                           
    10:r g41 c2005 c1 a0 t2  0.8204954       5.8502605       0.7055763E-033  1.0000000                           
    11:r g41 c2005 c1 a1 t2  0.3225975E-003  0.3708058E-003  0.3388826E-004  0.0030634                           
    12:r g41 c2005 c1 a2 t2  0.2684450E-005  0.0039000       0.2646788E-309  1.0000000                           

  Program  MARK  - Survival Rate Estimation with Capture-Recapture Data
   gfortran(Win64) Vers. 8.0 Jun 2014   25-Jan-2015 15:09:55    Page  010
 - - - - - - - - - - - - - - - - - - - - - - - - - - - - - - - - - - - - - -
 
    13:r g41 c2005 c1 a3 t2  1.0000000       0.7825074E-010  1.0000000       1.0000000                           
    14:r g41 c2005 c1 a4 t2  0.0479679       36.630052       0.4967770E-305  1.0000000                           
    15:r g41 c2005 c1 a5 t2  0.7814044       32.129170       0.2765090E-159  1.0000000                           
    16:r g41 c2005 c1 a6 t2  0.1881029E-031  0.3168558E-028  -.6208494E-028  0.6212256E-028                      
    17:F g41 c2005 c1 a0 t2  0.9999973       0.0013886       0.3685239E-298  1.0000000                           

 Attempted ordering of parameters by estimatibility:
   1  8  9 11  2 10 15  3 17 14 12  7 13  6  5  4 16
 Beta number 16 is a singular value.

     CPU Time in seconds for last procedure was 3.93


  INPUT --- proc stop;

     CPU Time in minutes for this job was 0.07

     Time Start = 15:09:54.275   Time End = 15:09:55.178

     Wall Clock Time in minutes for this job was 0.02


          E X E C U T I O N   S U C C E S S F U L 
